#
# A fatal error has been detected by the Java Runtime Environment:
#
#  SIGSEGV (0xb) at pc=0x00007fe3aeb0b71e, pid=19902, tid=19922
#
# JRE version: Java(TM) SE Runtime Environment (12.0.1+12) (build 12.0.1+12)
# Java VM: Java HotSpot(TM) 64-Bit Server VM (12.0.1+12, mixed mode, sharing, tiered, compressed oops, g1 gc, linux-amd64)
# Problematic frame:
# V  [libjvm.so+0xb7a71e]  Method::checked_resolve_jmethod_id(_jmethodID*)+0xe
#
# Core dump will be written. Default location: Core dumps may be processed with "/usr/share/apport/apport %p %s %c %d %P" (or dumping to /home/rflachlan/NetBeansProjects/ChaffinchABC/core.19902)
#
# If you would like to submit a bug report, please visit:
#   http://bugreport.java.com/bugreport/crash.jsp
#

---------------  S U M M A R Y ------------

Command Line: -Dfile.encoding=UTF-8 -agentpath:/home/rflachlan/netbeans/profiler/lib/deployed/jdk16/linux-amd64/libprofilerinterface.so=/home/rflachlan/netbeans/profiler/lib,5140,10 -XX:+HeapDumpOnOutOfMemoryError -XX:HeapDumpPath=/home/rflachlan/NetBeansProjects/ChaffinchABC/nbproject/private/profiler org.ABCRunner.ABCRunner

Host: AMD Ryzen Threadripper 2990WX 32-Core Processor, 64 cores, 62G, Ubuntu 18.04.2 LTS
Time: Tue Jul  2 13:26:34 2019 BST elapsed time: 12 seconds (0d 0h 0m 12s)

---------------  T H R E A D  ---------------

Current thread (0x00007fe3a85aa000):  JavaThread "*** Profiler Agent Communication Thread" daemon [_thread_in_vm, id=19922, stack(0x00007fe3559f9000,0x00007fe355afa000)]

Stack: [0x00007fe3559f9000,0x00007fe355afa000],  sp=0x00007fe355af8630,  free space=1021k
Native frames: (J=compiled Java code, A=aot compiled Java code, j=interpreted, Vv=VM code, C=native code)
V  [libjvm.so+0xb7a71e]  Method::checked_resolve_jmethod_id(_jmethodID*)+0xe
V  [libjvm.so+0x999ae0]  jvmti_GetMethodDeclaringClass+0x190

Java frames: (J=compiled Java code, j=interpreted, Vv=VM code)
j  org.netbeans.lib.profiler.server.system.Stacks.getMethodNamesForJMethodIds(I[I[I)[B+0
j  org.netbeans.lib.profiler.server.ProfilerInterface.getMethodNamesForJMethodIds([I)Lorg/netbeans/lib/profiler/wireprotocol/MethodNamesResponse;+20
j  org.netbeans.lib.profiler.server.ProfilerServer.handleClientCommand(Lorg/netbeans/lib/profiler/wireprotocol/Command;)V+691
j  org.netbeans.lib.profiler.server.ProfilerServer.listenToClient()V+48
j  org.netbeans.lib.profiler.server.ProfilerServer.run()V+22
v  ~StubRoutines::call_stub

siginfo: si_signo: 11 (SIGSEGV), si_code: 2 (SEGV_ACCERR), si_addr: 0x00007fe380000000

Register to memory mapping:

RAX=0x0000000000000074 is an unknown value
RBX=0x00007fe3a85aa000 is a thread
RCX=0x00007fe3ad5b14c0: <offset 0x00000000001094c0> in /home/rflachlan/netbeans/profiler/lib/deployed/jdk16/linux-amd64/libprofilerinterface.so at 0x00007fe3ad4a8000
RDX=0x0000000000000001 is an unknown value
RSP=0x00007fe355af8630 is pointing into the stack for thread: 0x00007fe3a85aa000
RBP=0x00007fe355af8640 is pointing into the stack for thread: 0x00007fe3a85aa000
RSI=0x00007fe3a85aa000 is a thread
RDI=0x00007fe380000000 is an unknown value
R8 =0x0000000000000001 is an unknown value
R9 =0x0000000000000039 is an unknown value
R10=0x00007fe3a8861340 points into unknown readable memory: 70 61 74 69 61 6c 41 72
R11=0x00007fe324211d00 points into unknown readable memory: 00 00 00 00 1b 00 00 00
R12=0x00007fe3a800b550 points into unknown readable memory: 20 b8 3c af e3 7f 00 00
R13=0x00007fe355af8710 is pointing into the stack for thread: 0x00007fe3a85aa000
R14=0x00007fe380000000 is an unknown value
R15=0x00007fe355af8660 is pointing into the stack for thread: 0x00007fe3a85aa000


Registers:
RAX=0x0000000000000074, RBX=0x00007fe3a85aa000, RCX=0x00007fe3ad5b14c0, RDX=0x0000000000000001
RSP=0x00007fe355af8630, RBP=0x00007fe355af8640, RSI=0x00007fe3a85aa000, RDI=0x00007fe380000000
R8 =0x0000000000000001, R9 =0x0000000000000039, R10=0x00007fe3a8861340, R11=0x00007fe324211d00
R12=0x00007fe3a800b550, R13=0x00007fe355af8710, R14=0x00007fe380000000, R15=0x00007fe355af8660
RIP=0x00007fe3aeb0b71e, EFLAGS=0x0000000000010206, CSGSFS=0x002b000000000033, ERR=0x0000000000000004
  TRAPNO=0x000000000000000e

Top of Stack: (sp=0x00007fe355af8630)
0x00007fe355af8630:   00007fe355af86f0 00007fe3a85aa000
0x00007fe355af8640:   00007fe355af86b0 00007fe3ae92aae0
0x00007fe355af8650:   00007fe355af8680 00007fe3a85aa000
0x00007fe355af8660:   00007fe3a85aa000 0000000000000000 

Instructions: (pc=0x00007fe3aeb0b71e)
0x00007fe3aeb0b6fe:   00 00 31 c0 5d c3 0f 1f 40 00 b8 01 00 00 00 5d
0x00007fe3aeb0b70e:   c3 90 55 48 89 e5 53 48 83 ec 08 48 85 ff 74 3b
0x00007fe3aeb0b71e:   48 8b 1f 48 85 db 74 33 48 83 fb 37 74 2d 48 8b
0x00007fe3aeb0b72e:   03 48 8d 15 8a 2c ad ff 48 8b 40 10 48 39 d0 75 

Stack slot to memory mapping:
stack at sp + 0 slots: 0x00007fe355af86f0 is pointing into the stack for thread: 0x00007fe3a85aa000
stack at sp + 1 slots: 0x00007fe3a85aa000 is a thread
stack at sp + 2 slots: 0x00007fe355af86b0 is pointing into the stack for thread: 0x00007fe3a85aa000
stack at sp + 3 slots: 0x00007fe3ae92aae0: <offset 0x0000000000999ae0> in /usr/lib/jvm/java-12-oracle/lib/server/libjvm.so at 0x00007fe3adf91000
stack at sp + 4 slots: 0x00007fe355af8680 is pointing into the stack for thread: 0x00007fe3a85aa000
stack at sp + 5 slots: 0x00007fe3a85aa000 is a thread
stack at sp + 6 slots: 0x00007fe3a85aa000 is a thread
stack at sp + 7 slots: 0x0 is NULL


---------------  P R O C E S S  ---------------

Threads class SMR info:
_java_thread_list=0x00007fe3300fac30, length=15, elements={
0x00007fe3a8014800, 0x00007fe3a82ef800, 0x00007fe3a82f1800, 0x00007fe3a82f7000,
0x00007fe3a82f9000, 0x00007fe3a8303000, 0x00007fe3a8305000, 0x00007fe3a8435000,
0x00007fe3a85aa000, 0x00007fe3a85c9800, 0x00007fe3a85cc000, 0x00007fe3241fc800,
0x00007fe31404b000, 0x00007fe3a883a800, 0x00007fe3300fd000
}

Java Threads: ( => current thread )
  0x00007fe3a8014800 JavaThread "main" [_thread_blocked, id=19906, stack(0x00007fe3b01c0000,0x00007fe3b02c1000)]
  0x00007fe3a82ef800 JavaThread "Reference Handler" daemon [_thread_blocked, id=19913, stack(0x00007fe3570fb000,0x00007fe3571fc000)]
  0x00007fe3a82f1800 JavaThread "Finalizer" daemon [_thread_blocked, id=19914, stack(0x00007fe356ffa000,0x00007fe3570fb000)]
  0x00007fe3a82f7000 JavaThread "Signal Dispatcher" daemon [_thread_blocked, id=19915, stack(0x00007fe35652a000,0x00007fe35662b000)]
  0x00007fe3a82f9000 JavaThread "C2 CompilerThread0" daemon [_thread_blocked, id=19916, stack(0x00007fe356429000,0x00007fe35652a000)]
  0x00007fe3a8303000 JavaThread "C1 CompilerThread0" daemon [_thread_blocked, id=19917, stack(0x00007fe356328000,0x00007fe356429000)]
  0x00007fe3a8305000 JavaThread "Sweeper thread" daemon [_thread_blocked, id=19918, stack(0x00007fe356227000,0x00007fe356328000)]
  0x00007fe3a8435000 JavaThread "Common-Cleaner" daemon [_thread_blocked, id=19921, stack(0x00007fe355f24000,0x00007fe356025000)]
=>0x00007fe3a85aa000 JavaThread "*** Profiler Agent Communication Thread" daemon [_thread_in_vm, id=19922, stack(0x00007fe3559f9000,0x00007fe355afa000)]
  0x00007fe3a85c9800 JavaThread "*** JFluid Monitor thread ***" daemon [_thread_blocked, id=19924, stack(0x00007fe3556f5000,0x00007fe3557f6000)]
  0x00007fe3a85cc000 JavaThread "*** Profiler Agent Special Execution Thread 6" daemon [_thread_blocked, id=19925, stack(0x00007fe3555f4000,0x00007fe3556f5000)]
  0x00007fe3241fc800 JavaThread "process reaper" daemon [_thread_blocked, id=19930, stack(0x00007fe3ac008000,0x00007fe3ac02a000)]
  0x00007fe31404b000 JavaThread "*** Profiler Agent Special Execution Thread 10" daemon [_thread_blocked, id=19932, stack(0x00007fe354fe7000,0x00007fe3550e8000)]
  0x00007fe3a883a800 JavaThread "Service Thread" daemon [_thread_blocked, id=19933, stack(0x00007fe3550e8000,0x00007fe3551e9000)]
  0x00007fe3300fd000 JavaThread "C1 CompilerThread1" daemon [_thread_blocked, id=19967, stack(0x00007fe354cbf000,0x00007fe354dc0000)]

Other Threads:
  0x00007fe3a82ea000 VMThread "VM Thread" [stack: 0x00007fe3571fe000,0x00007fe3572fe000] [id=19912]
  0x00007fe3a883d000 WatcherThread [stack: 0x00007fe354dc2000,0x00007fe354ec2000] [id=19934]
  0x00007fe3a8071800 GCTaskThread "GC Thread#0" [stack: 0x00007fe368b5e000,0x00007fe368c5e000] [id=19907]
  0x00007fe34c6fa000 GCTaskThread "GC Thread#1" [stack: 0x00007fe354abe000,0x00007fe354bbe000] [id=19937]
  0x00007fe34c6fb000 GCTaskThread "GC Thread#2" [stack: 0x00007fe3549bc000,0x00007fe354abc000] [id=19938]
  0x00007fe34c6fc000 GCTaskThread "GC Thread#3" [stack: 0x00007fe3548ba000,0x00007fe3549ba000] [id=19939]
  0x00007fe34c6fd800 GCTaskThread "GC Thread#4" [stack: 0x00007fe3547b8000,0x00007fe3548b8000] [id=19940]
  0x00007fe34c6ff000 GCTaskThread "GC Thread#5" [stack: 0x00007fe3546b6000,0x00007fe3547b6000] [id=19941]
  0x00007fe34c700800 GCTaskThread "GC Thread#6" [stack: 0x00007fe3545b4000,0x00007fe3546b4000] [id=19942]
  0x00007fe34c702000 GCTaskThread "GC Thread#7" [stack: 0x00007fe3544b2000,0x00007fe3545b2000] [id=19943]
  0x00007fe34c703800 GCTaskThread "GC Thread#8" [stack: 0x00007fe3543b0000,0x00007fe3544b0000] [id=19944]
  0x00007fe34c705000 GCTaskThread "GC Thread#9" [stack: 0x00007fe3542ae000,0x00007fe3543ae000] [id=19945]
  0x00007fe34c706800 GCTaskThread "GC Thread#10" [stack: 0x00007fe3541ac000,0x00007fe3542ac000] [id=19946]
  0x00007fe34c708000 GCTaskThread "GC Thread#11" [stack: 0x00007fe3540aa000,0x00007fe3541aa000] [id=19947]
  0x00007fe34c709800 GCTaskThread "GC Thread#12" [stack: 0x00007fe2dff00000,0x00007fe2e0000000] [id=19948]
  0x00007fe34c70b000 GCTaskThread "GC Thread#13" [stack: 0x00007fe2dfdfe000,0x00007fe2dfefe000] [id=19949]
  0x00007fe34c70c800 GCTaskThread "GC Thread#14" [stack: 0x00007fe2dfcfc000,0x00007fe2dfdfc000] [id=19950]
  0x00007fe34c70e800 GCTaskThread "GC Thread#15" [stack: 0x00007fe2dfbfa000,0x00007fe2dfcfa000] [id=19951]
  0x00007fe34c710000 GCTaskThread "GC Thread#16" [stack: 0x00007fe2dfaf8000,0x00007fe2dfbf8000] [id=19952]
  0x00007fe34c711800 GCTaskThread "GC Thread#17" [stack: 0x00007fe2df9f6000,0x00007fe2dfaf6000] [id=19953]
  0x00007fe34c713000 GCTaskThread "GC Thread#18" [stack: 0x00007fe2df8f4000,0x00007fe2df9f4000] [id=19954]
  0x00007fe34c714800 GCTaskThread "GC Thread#19" [stack: 0x00007fe2df7f2000,0x00007fe2df8f2000] [id=19955]
  0x00007fe34c716000 GCTaskThread "GC Thread#20" [stack: 0x00007fe2df6f0000,0x00007fe2df7f0000] [id=19956]
  0x00007fe34c718000 GCTaskThread "GC Thread#21" [stack: 0x00007fe2df5ee000,0x00007fe2df6ee000] [id=19957]
  0x00007fe34c719800 GCTaskThread "GC Thread#22" [stack: 0x00007fe2df4ec000,0x00007fe2df5ec000] [id=19958]
  0x00007fe34c71b800 GCTaskThread "GC Thread#23" [stack: 0x00007fe2df3ea000,0x00007fe2df4ea000] [id=19959]
  0x00007fe3a808b800 ConcurrentGCThread "G1 Main Marker" [stack: 0x00007fe368a5c000,0x00007fe368b5c000] [id=19908]
  0x00007fe3a808d800 ConcurrentGCThread "G1 Conc#0" [stack: 0x00007fe36895a000,0x00007fe368a5a000] [id=19909]
  0x00007fe3a82a8800 ConcurrentGCThread "G1 Refine#0" [stack: 0x00007fe357cde000,0x00007fe357dde000] [id=19910]
  0x00007fe3a82aa800 ConcurrentGCThread "G1 Young RemSet Sampling" [stack: 0x00007fe357bdc000,0x00007fe357cdc000] [id=19911]

Threads with active compile tasks:

VM state:synchronizing (normal execution)

VM Mutex/Monitor currently owned by a thread:  ([mutex/lock_event])
[0x00007fe3a8010530] Threads_lock - owner thread: 0x00007fe3a82ea000

Heap address: 0x0000000412800000, size: 16088 MB, Compressed Oops mode: Zero based, Oop shift amount: 3
Narrow klass base: 0x0000000800000000, Narrow klass shift: 3
Compressed class space size: 1073741824 Address: 0x0000000801129000

Heap:
 garbage-first heap   total 1040384K, used 258575K [0x0000000412800000, 0x0000000800000000)
  region size 4096K, 52 young (212992K), 1 survivors (4096K)
 Metaspace       used 5705K, capacity 5945K, committed 6144K, reserved 1056768K
  class space    used 575K, capacity 662K, committed 768K, reserved 1048576K
Heap Regions: E=young(eden), S=young(survivor), O=old, HS=humongous(starts), HC=humongous(continues), CS=collection set, F=free, A=archive, TAMS=top-at-mark-start (previous, next)
|   0|0x0000000412800000, 0x0000000412c00000, 0x0000000412c00000|100%| O|  |TAMS 0x0000000412800000, 0x0000000412800000| Untracked 
|   1|0x0000000412c00000, 0x0000000413000000, 0x0000000413000000|100%| O|  |TAMS 0x0000000412c00000, 0x0000000412c00000| Untracked 
|   2|0x0000000413000000, 0x0000000413400000, 0x0000000413400000|100%| O|  |TAMS 0x0000000413000000, 0x0000000413000000| Untracked 
|   3|0x0000000413400000, 0x0000000413800000, 0x0000000413800000|100%| O|  |TAMS 0x0000000413400000, 0x0000000413400000| Untracked 
|   4|0x0000000413800000, 0x0000000413c00000, 0x0000000413c00000|100%| O|  |TAMS 0x0000000413800000, 0x0000000413800000| Untracked 
|   5|0x0000000413c00000, 0x0000000414000000, 0x0000000414000000|100%| O|  |TAMS 0x0000000413c00000, 0x0000000413c00000| Untracked 
|   6|0x0000000414000000, 0x0000000414400000, 0x0000000414400000|100%| O|  |TAMS 0x0000000414000000, 0x0000000414000000| Untracked 
|   7|0x0000000414400000, 0x0000000414800000, 0x0000000414800000|100%| O|  |TAMS 0x0000000414400000, 0x0000000414400000| Untracked 
|   8|0x0000000414800000, 0x0000000414c00000, 0x0000000414c00000|100%| O|  |TAMS 0x0000000414800000, 0x0000000414800000| Untracked 
|   9|0x0000000414c00000, 0x0000000415000000, 0x0000000415000000|100%| O|  |TAMS 0x0000000414c00000, 0x0000000414c00000| Untracked 
|  10|0x0000000415000000, 0x0000000415400000, 0x0000000415400000|100%| O|  |TAMS 0x0000000415000000, 0x0000000415000000| Untracked 
|  11|0x0000000415400000, 0x0000000415800000, 0x0000000415800000|100%| O|  |TAMS 0x0000000415400000, 0x0000000415400000| Untracked 
|  12|0x0000000415800000, 0x00000004158c5600, 0x0000000415c00000| 19%| O|  |TAMS 0x0000000415800000, 0x0000000415800000| Untracked 
|  13|0x0000000415c00000, 0x0000000415c00000, 0x0000000416000000|  0%| F|  |TAMS 0x0000000415c00000, 0x0000000415c00000| Untracked 
|  14|0x0000000416000000, 0x0000000416000000, 0x0000000416400000|  0%| F|  |TAMS 0x0000000416000000, 0x0000000416000000| Untracked 
|  15|0x0000000416400000, 0x0000000416400000, 0x0000000416800000|  0%| F|  |TAMS 0x0000000416400000, 0x0000000416400000| Untracked 
|  16|0x0000000416800000, 0x0000000416800000, 0x0000000416c00000|  0%| F|  |TAMS 0x0000000416800000, 0x0000000416800000| Untracked 
|  17|0x0000000416c00000, 0x0000000416c00000, 0x0000000417000000|  0%| F|  |TAMS 0x0000000416c00000, 0x0000000416c00000| Untracked 
|  18|0x0000000417000000, 0x0000000417000000, 0x0000000417400000|  0%| F|  |TAMS 0x0000000417000000, 0x0000000417000000| Untracked 
|  19|0x0000000417400000, 0x0000000417400000, 0x0000000417800000|  0%| F|  |TAMS 0x0000000417400000, 0x0000000417400000| Untracked 
|  20|0x0000000417800000, 0x0000000417800000, 0x0000000417c00000|  0%| F|  |TAMS 0x0000000417800000, 0x0000000417800000| Untracked 
|  21|0x0000000417c00000, 0x0000000417c00000, 0x0000000418000000|  0%| F|  |TAMS 0x0000000417c00000, 0x0000000417c00000| Untracked 
|  22|0x0000000418000000, 0x0000000418000000, 0x0000000418400000|  0%| F|  |TAMS 0x0000000418000000, 0x0000000418000000| Untracked 
|  23|0x0000000418400000, 0x0000000418400000, 0x0000000418800000|  0%| F|  |TAMS 0x0000000418400000, 0x0000000418400000| Untracked 
|  24|0x0000000418800000, 0x0000000418800000, 0x0000000418c00000|  0%| F|  |TAMS 0x0000000418800000, 0x0000000418800000| Untracked 
|  25|0x0000000418c00000, 0x0000000418c00000, 0x0000000419000000|  0%| F|  |TAMS 0x0000000418c00000, 0x0000000418c00000| Untracked 
|  26|0x0000000419000000, 0x0000000419000000, 0x0000000419400000|  0%| F|  |TAMS 0x0000000419000000, 0x0000000419000000| Untracked 
|  27|0x0000000419400000, 0x0000000419400000, 0x0000000419800000|  0%| F|  |TAMS 0x0000000419400000, 0x0000000419400000| Untracked 
|  28|0x0000000419800000, 0x0000000419800000, 0x0000000419c00000|  0%| F|  |TAMS 0x0000000419800000, 0x0000000419800000| Untracked 
|  29|0x0000000419c00000, 0x0000000419c00000, 0x000000041a000000|  0%| F|  |TAMS 0x0000000419c00000, 0x0000000419c00000| Untracked 
|  30|0x000000041a000000, 0x000000041a000000, 0x000000041a400000|  0%| F|  |TAMS 0x000000041a000000, 0x000000041a000000| Untracked 
|  31|0x000000041a400000, 0x000000041a400000, 0x000000041a800000|  0%| F|  |TAMS 0x000000041a400000, 0x000000041a400000| Untracked 
|  32|0x000000041a800000, 0x000000041a800000, 0x000000041ac00000|  0%| F|  |TAMS 0x000000041a800000, 0x000000041a800000| Untracked 
|  33|0x000000041ac00000, 0x000000041ac00000, 0x000000041b000000|  0%| F|  |TAMS 0x000000041ac00000, 0x000000041ac00000| Untracked 
|  34|0x000000041b000000, 0x000000041b000000, 0x000000041b400000|  0%| F|  |TAMS 0x000000041b000000, 0x000000041b000000| Untracked 
|  35|0x000000041b400000, 0x000000041b400000, 0x000000041b800000|  0%| F|  |TAMS 0x000000041b400000, 0x000000041b400000| Untracked 
|  36|0x000000041b800000, 0x000000041b800000, 0x000000041bc00000|  0%| F|  |TAMS 0x000000041b800000, 0x000000041b800000| Untracked 
|  37|0x000000041bc00000, 0x000000041bc00000, 0x000000041c000000|  0%| F|  |TAMS 0x000000041bc00000, 0x000000041bc00000| Untracked 
|  38|0x000000041c000000, 0x000000041c000000, 0x000000041c400000|  0%| F|  |TAMS 0x000000041c000000, 0x000000041c000000| Untracked 
|  39|0x000000041c400000, 0x000000041c400000, 0x000000041c800000|  0%| F|  |TAMS 0x000000041c400000, 0x000000041c400000| Untracked 
|  40|0x000000041c800000, 0x000000041c800000, 0x000000041cc00000|  0%| F|  |TAMS 0x000000041c800000, 0x000000041c800000| Untracked 
|  41|0x000000041cc00000, 0x000000041cc00000, 0x000000041d000000|  0%| F|  |TAMS 0x000000041cc00000, 0x000000041cc00000| Untracked 
|  42|0x000000041d000000, 0x000000041d000000, 0x000000041d400000|  0%| F|  |TAMS 0x000000041d000000, 0x000000041d000000| Untracked 
|  43|0x000000041d400000, 0x000000041d400000, 0x000000041d800000|  0%| F|  |TAMS 0x000000041d400000, 0x000000041d400000| Untracked 
|  44|0x000000041d800000, 0x000000041d800000, 0x000000041dc00000|  0%| F|  |TAMS 0x000000041d800000, 0x000000041d800000| Untracked 
|  45|0x000000041dc00000, 0x000000041dc00000, 0x000000041e000000|  0%| F|  |TAMS 0x000000041dc00000, 0x000000041dc00000| Untracked 
|  46|0x000000041e000000, 0x000000041e000000, 0x000000041e400000|  0%| F|  |TAMS 0x000000041e000000, 0x000000041e000000| Untracked 
|  47|0x000000041e400000, 0x000000041e400000, 0x000000041e800000|  0%| F|  |TAMS 0x000000041e400000, 0x000000041e400000| Untracked 
|  48|0x000000041e800000, 0x000000041e800000, 0x000000041ec00000|  0%| F|  |TAMS 0x000000041e800000, 0x000000041e800000| Untracked 
|  49|0x000000041ec00000, 0x000000041ec00000, 0x000000041f000000|  0%| F|  |TAMS 0x000000041ec00000, 0x000000041ec00000| Untracked 
|  50|0x000000041f000000, 0x000000041f000000, 0x000000041f400000|  0%| F|  |TAMS 0x000000041f000000, 0x000000041f000000| Untracked 
|  51|0x000000041f400000, 0x000000041f400000, 0x000000041f800000|  0%| F|  |TAMS 0x000000041f400000, 0x000000041f400000| Untracked 
|  52|0x000000041f800000, 0x000000041f800000, 0x000000041fc00000|  0%| F|  |TAMS 0x000000041f800000, 0x000000041f800000| Untracked 
|  53|0x000000041fc00000, 0x000000041fc00000, 0x0000000420000000|  0%| F|  |TAMS 0x000000041fc00000, 0x000000041fc00000| Untracked 
|  54|0x0000000420000000, 0x0000000420000000, 0x0000000420400000|  0%| F|  |TAMS 0x0000000420000000, 0x0000000420000000| Untracked 
|  55|0x0000000420400000, 0x0000000420400000, 0x0000000420800000|  0%| F|  |TAMS 0x0000000420400000, 0x0000000420400000| Untracked 
|  56|0x0000000420800000, 0x0000000420800000, 0x0000000420c00000|  0%| F|  |TAMS 0x0000000420800000, 0x0000000420800000| Untracked 
|  57|0x0000000420c00000, 0x0000000420c00000, 0x0000000421000000|  0%| F|  |TAMS 0x0000000420c00000, 0x0000000420c00000| Untracked 
|  58|0x0000000421000000, 0x0000000421000000, 0x0000000421400000|  0%| F|  |TAMS 0x0000000421000000, 0x0000000421000000| Untracked 
|  59|0x0000000421400000, 0x0000000421400000, 0x0000000421800000|  0%| F|  |TAMS 0x0000000421400000, 0x0000000421400000| Untracked 
|  60|0x0000000421800000, 0x0000000421800000, 0x0000000421c00000|  0%| F|  |TAMS 0x0000000421800000, 0x0000000421800000| Untracked 
|  61|0x0000000421c00000, 0x0000000421c00000, 0x0000000422000000|  0%| F|  |TAMS 0x0000000421c00000, 0x0000000421c00000| Untracked 
|  62|0x0000000422000000, 0x0000000422000000, 0x0000000422400000|  0%| F|  |TAMS 0x0000000422000000, 0x0000000422000000| Untracked 
|  63|0x0000000422400000, 0x0000000422400000, 0x0000000422800000|  0%| F|  |TAMS 0x0000000422400000, 0x0000000422400000| Untracked 
|  64|0x0000000422800000, 0x0000000422800000, 0x0000000422c00000|  0%| F|  |TAMS 0x0000000422800000, 0x0000000422800000| Untracked 
|  65|0x0000000422c00000, 0x0000000422c00000, 0x0000000423000000|  0%| F|  |TAMS 0x0000000422c00000, 0x0000000422c00000| Untracked 
|  66|0x0000000423000000, 0x0000000423000000, 0x0000000423400000|  0%| F|  |TAMS 0x0000000423000000, 0x0000000423000000| Untracked 
|  67|0x0000000423400000, 0x0000000423400000, 0x0000000423800000|  0%| F|  |TAMS 0x0000000423400000, 0x0000000423400000| Untracked 
|  68|0x0000000423800000, 0x0000000423800000, 0x0000000423c00000|  0%| F|  |TAMS 0x0000000423800000, 0x0000000423800000| Untracked 
|  69|0x0000000423c00000, 0x0000000423c00000, 0x0000000424000000|  0%| F|  |TAMS 0x0000000423c00000, 0x0000000423c00000| Untracked 
|  70|0x0000000424000000, 0x0000000424000000, 0x0000000424400000|  0%| F|  |TAMS 0x0000000424000000, 0x0000000424000000| Untracked 
|  71|0x0000000424400000, 0x0000000424400000, 0x0000000424800000|  0%| F|  |TAMS 0x0000000424400000, 0x0000000424400000| Untracked 
|  72|0x0000000424800000, 0x0000000424800000, 0x0000000424c00000|  0%| F|  |TAMS 0x0000000424800000, 0x0000000424800000| Untracked 
|  73|0x0000000424c00000, 0x0000000424c00000, 0x0000000425000000|  0%| F|  |TAMS 0x0000000424c00000, 0x0000000424c00000| Untracked 
|  74|0x0000000425000000, 0x0000000425000000, 0x0000000425400000|  0%| F|  |TAMS 0x0000000425000000, 0x0000000425000000| Untracked 
|  75|0x0000000425400000, 0x0000000425400000, 0x0000000425800000|  0%| F|  |TAMS 0x0000000425400000, 0x0000000425400000| Untracked 
|  76|0x0000000425800000, 0x0000000425800000, 0x0000000425c00000|  0%| F|  |TAMS 0x0000000425800000, 0x0000000425800000| Untracked 
|  77|0x0000000425c00000, 0x0000000425c00000, 0x0000000426000000|  0%| F|  |TAMS 0x0000000425c00000, 0x0000000425c00000| Untracked 
|  78|0x0000000426000000, 0x0000000426000000, 0x0000000426400000|  0%| F|  |TAMS 0x0000000426000000, 0x0000000426000000| Untracked 
|  79|0x0000000426400000, 0x0000000426400000, 0x0000000426800000|  0%| F|  |TAMS 0x0000000426400000, 0x0000000426400000| Untracked 
|  80|0x0000000426800000, 0x0000000426800000, 0x0000000426c00000|  0%| F|  |TAMS 0x0000000426800000, 0x0000000426800000| Untracked 
|  81|0x0000000426c00000, 0x0000000426c00000, 0x0000000427000000|  0%| F|  |TAMS 0x0000000426c00000, 0x0000000426c00000| Untracked 
|  82|0x0000000427000000, 0x0000000427000000, 0x0000000427400000|  0%| F|  |TAMS 0x0000000427000000, 0x0000000427000000| Untracked 
|  83|0x0000000427400000, 0x0000000427400000, 0x0000000427800000|  0%| F|  |TAMS 0x0000000427400000, 0x0000000427400000| Untracked 
|  84|0x0000000427800000, 0x0000000427800000, 0x0000000427c00000|  0%| F|  |TAMS 0x0000000427800000, 0x0000000427800000| Untracked 
|  85|0x0000000427c00000, 0x0000000427c00000, 0x0000000428000000|  0%| F|  |TAMS 0x0000000427c00000, 0x0000000427c00000| Untracked 
|  86|0x0000000428000000, 0x0000000428000000, 0x0000000428400000|  0%| F|  |TAMS 0x0000000428000000, 0x0000000428000000| Untracked 
|  87|0x0000000428400000, 0x0000000428400000, 0x0000000428800000|  0%| F|  |TAMS 0x0000000428400000, 0x0000000428400000| Untracked 
|  88|0x0000000428800000, 0x0000000428800000, 0x0000000428c00000|  0%| F|  |TAMS 0x0000000428800000, 0x0000000428800000| Untracked 
|  89|0x0000000428c00000, 0x0000000428c00000, 0x0000000429000000|  0%| F|  |TAMS 0x0000000428c00000, 0x0000000428c00000| Untracked 
|  90|0x0000000429000000, 0x0000000429000000, 0x0000000429400000|  0%| F|  |TAMS 0x0000000429000000, 0x0000000429000000| Untracked 
|  91|0x0000000429400000, 0x0000000429400000, 0x0000000429800000|  0%| F|  |TAMS 0x0000000429400000, 0x0000000429400000| Untracked 
|  92|0x0000000429800000, 0x0000000429800000, 0x0000000429c00000|  0%| F|  |TAMS 0x0000000429800000, 0x0000000429800000| Untracked 
|  93|0x0000000429c00000, 0x0000000429c00000, 0x000000042a000000|  0%| F|  |TAMS 0x0000000429c00000, 0x0000000429c00000| Untracked 
|  94|0x000000042a000000, 0x000000042a000000, 0x000000042a400000|  0%| F|  |TAMS 0x000000042a000000, 0x000000042a000000| Untracked 
|  95|0x000000042a400000, 0x000000042a400000, 0x000000042a800000|  0%| F|  |TAMS 0x000000042a400000, 0x000000042a400000| Untracked 
|  96|0x000000042a800000, 0x000000042a800000, 0x000000042ac00000|  0%| F|  |TAMS 0x000000042a800000, 0x000000042a800000| Untracked 
|  97|0x000000042ac00000, 0x000000042ac00000, 0x000000042b000000|  0%| F|  |TAMS 0x000000042ac00000, 0x000000042ac00000| Untracked 
|  98|0x000000042b000000, 0x000000042b000000, 0x000000042b400000|  0%| F|  |TAMS 0x000000042b000000, 0x000000042b000000| Untracked 
|  99|0x000000042b400000, 0x000000042b400000, 0x000000042b800000|  0%| F|  |TAMS 0x000000042b400000, 0x000000042b400000| Untracked 
| 100|0x000000042b800000, 0x000000042b800000, 0x000000042bc00000|  0%| F|  |TAMS 0x000000042b800000, 0x000000042b800000| Untracked 
| 101|0x000000042bc00000, 0x000000042bc058b0, 0x000000042c000000|  0%| S|CS|TAMS 0x000000042bc00000, 0x000000042bc00000| Complete 
| 102|0x000000042c000000, 0x000000042c000000, 0x000000042c400000|  0%| F|  |TAMS 0x000000042c000000, 0x000000042c000000| Untracked 
| 103|0x000000042c400000, 0x000000042c400000, 0x000000042c800000|  0%| F|  |TAMS 0x000000042c400000, 0x000000042c400000| Untracked 
| 104|0x000000042c800000, 0x000000042c800000, 0x000000042cc00000|  0%| F|  |TAMS 0x000000042c800000, 0x000000042c800000| Untracked 
| 105|0x000000042cc00000, 0x000000042cc00000, 0x000000042d000000|  0%| F|  |TAMS 0x000000042cc00000, 0x000000042cc00000| Untracked 
| 106|0x000000042d000000, 0x000000042d000000, 0x000000042d400000|  0%| F|  |TAMS 0x000000042d000000, 0x000000042d000000| Untracked 
| 107|0x000000042d400000, 0x000000042d400000, 0x000000042d800000|  0%| F|  |TAMS 0x000000042d400000, 0x000000042d400000| Untracked 
| 108|0x000000042d800000, 0x000000042d800000, 0x000000042dc00000|  0%| F|  |TAMS 0x000000042d800000, 0x000000042d800000| Untracked 
| 109|0x000000042dc00000, 0x000000042dc00000, 0x000000042e000000|  0%| F|  |TAMS 0x000000042dc00000, 0x000000042dc00000| Untracked 
| 110|0x000000042e000000, 0x000000042e000000, 0x000000042e400000|  0%| F|  |TAMS 0x000000042e000000, 0x000000042e000000| Untracked 
| 111|0x000000042e400000, 0x000000042e400000, 0x000000042e800000|  0%| F|  |TAMS 0x000000042e400000, 0x000000042e400000| Untracked 
| 112|0x000000042e800000, 0x000000042e800000, 0x000000042ec00000|  0%| F|  |TAMS 0x000000042e800000, 0x000000042e800000| Untracked 
| 113|0x000000042ec00000, 0x000000042ec00000, 0x000000042f000000|  0%| F|  |TAMS 0x000000042ec00000, 0x000000042ec00000| Untracked 
| 114|0x000000042f000000, 0x000000042f000000, 0x000000042f400000|  0%| F|  |TAMS 0x000000042f000000, 0x000000042f000000| Untracked 
| 115|0x000000042f400000, 0x000000042f400000, 0x000000042f800000|  0%| F|  |TAMS 0x000000042f400000, 0x000000042f400000| Untracked 
| 116|0x000000042f800000, 0x000000042f800000, 0x000000042fc00000|  0%| F|  |TAMS 0x000000042f800000, 0x000000042f800000| Untracked 
| 117|0x000000042fc00000, 0x000000042fc00000, 0x0000000430000000|  0%| F|  |TAMS 0x000000042fc00000, 0x000000042fc00000| Untracked 
| 118|0x0000000430000000, 0x0000000430000000, 0x0000000430400000|  0%| F|  |TAMS 0x0000000430000000, 0x0000000430000000| Untracked 
| 119|0x0000000430400000, 0x0000000430400000, 0x0000000430800000|  0%| F|  |TAMS 0x0000000430400000, 0x0000000430400000| Untracked 
| 120|0x0000000430800000, 0x0000000430800000, 0x0000000430c00000|  0%| F|  |TAMS 0x0000000430800000, 0x0000000430800000| Untracked 
| 121|0x0000000430c00000, 0x0000000430c00000, 0x0000000431000000|  0%| F|  |TAMS 0x0000000430c00000, 0x0000000430c00000| Untracked 
| 122|0x0000000431000000, 0x0000000431000000, 0x0000000431400000|  0%| F|  |TAMS 0x0000000431000000, 0x0000000431000000| Untracked 
| 123|0x0000000431400000, 0x0000000431400000, 0x0000000431800000|  0%| F|  |TAMS 0x0000000431400000, 0x0000000431400000| Untracked 
| 124|0x0000000431800000, 0x0000000431800000, 0x0000000431c00000|  0%| F|  |TAMS 0x0000000431800000, 0x0000000431800000| Untracked 
| 125|0x0000000431c00000, 0x0000000431c00000, 0x0000000432000000|  0%| F|  |TAMS 0x0000000431c00000, 0x0000000431c00000| Untracked 
| 126|0x0000000432000000, 0x0000000432000000, 0x0000000432400000|  0%| F|  |TAMS 0x0000000432000000, 0x0000000432000000| Untracked 
| 127|0x0000000432400000, 0x0000000432400000, 0x0000000432800000|  0%| F|  |TAMS 0x0000000432400000, 0x0000000432400000| Untracked 
| 128|0x0000000432800000, 0x0000000432800000, 0x0000000432c00000|  0%| F|  |TAMS 0x0000000432800000, 0x0000000432800000| Untracked 
| 129|0x0000000432c00000, 0x0000000432c00000, 0x0000000433000000|  0%| F|  |TAMS 0x0000000432c00000, 0x0000000432c00000| Untracked 
| 130|0x0000000433000000, 0x0000000433000000, 0x0000000433400000|  0%| F|  |TAMS 0x0000000433000000, 0x0000000433000000| Untracked 
| 131|0x0000000433400000, 0x0000000433400000, 0x0000000433800000|  0%| F|  |TAMS 0x0000000433400000, 0x0000000433400000| Untracked 
| 132|0x0000000433800000, 0x0000000433800000, 0x0000000433c00000|  0%| F|  |TAMS 0x0000000433800000, 0x0000000433800000| Untracked 
| 133|0x0000000433c00000, 0x0000000433c00000, 0x0000000434000000|  0%| F|  |TAMS 0x0000000433c00000, 0x0000000433c00000| Untracked 
| 134|0x0000000434000000, 0x0000000434000000, 0x0000000434400000|  0%| F|  |TAMS 0x0000000434000000, 0x0000000434000000| Untracked 
| 135|0x0000000434400000, 0x0000000434400000, 0x0000000434800000|  0%| F|  |TAMS 0x0000000434400000, 0x0000000434400000| Untracked 
| 136|0x0000000434800000, 0x0000000434800000, 0x0000000434c00000|  0%| F|  |TAMS 0x0000000434800000, 0x0000000434800000| Untracked 
| 137|0x0000000434c00000, 0x0000000434c00000, 0x0000000435000000|  0%| F|  |TAMS 0x0000000434c00000, 0x0000000434c00000| Untracked 
| 138|0x0000000435000000, 0x0000000435000000, 0x0000000435400000|  0%| F|  |TAMS 0x0000000435000000, 0x0000000435000000| Untracked 
| 139|0x0000000435400000, 0x0000000435400000, 0x0000000435800000|  0%| F|  |TAMS 0x0000000435400000, 0x0000000435400000| Untracked 
| 140|0x0000000435800000, 0x0000000435800000, 0x0000000435c00000|  0%| F|  |TAMS 0x0000000435800000, 0x0000000435800000| Untracked 
| 141|0x0000000435c00000, 0x0000000435c00000, 0x0000000436000000|  0%| F|  |TAMS 0x0000000435c00000, 0x0000000435c00000| Untracked 
| 142|0x0000000436000000, 0x0000000436000000, 0x0000000436400000|  0%| F|  |TAMS 0x0000000436000000, 0x0000000436000000| Untracked 
| 143|0x0000000436400000, 0x0000000436400000, 0x0000000436800000|  0%| F|  |TAMS 0x0000000436400000, 0x0000000436400000| Untracked 
| 144|0x0000000436800000, 0x0000000436800000, 0x0000000436c00000|  0%| F|  |TAMS 0x0000000436800000, 0x0000000436800000| Untracked 
| 145|0x0000000436c00000, 0x0000000436c00000, 0x0000000437000000|  0%| F|  |TAMS 0x0000000436c00000, 0x0000000436c00000| Untracked 
| 146|0x0000000437000000, 0x0000000437000000, 0x0000000437400000|  0%| F|  |TAMS 0x0000000437000000, 0x0000000437000000| Untracked 
| 147|0x0000000437400000, 0x0000000437400000, 0x0000000437800000|  0%| F|  |TAMS 0x0000000437400000, 0x0000000437400000| Untracked 
| 148|0x0000000437800000, 0x0000000437800000, 0x0000000437c00000|  0%| F|  |TAMS 0x0000000437800000, 0x0000000437800000| Untracked 
| 149|0x0000000437c00000, 0x0000000437c00000, 0x0000000438000000|  0%| F|  |TAMS 0x0000000437c00000, 0x0000000437c00000| Untracked 
| 150|0x0000000438000000, 0x0000000438000000, 0x0000000438400000|  0%| F|  |TAMS 0x0000000438000000, 0x0000000438000000| Untracked 
| 151|0x0000000438400000, 0x0000000438400000, 0x0000000438800000|  0%| F|  |TAMS 0x0000000438400000, 0x0000000438400000| Untracked 
| 152|0x0000000438800000, 0x0000000438800000, 0x0000000438c00000|  0%| F|  |TAMS 0x0000000438800000, 0x0000000438800000| Untracked 
| 153|0x0000000438c00000, 0x0000000438c00000, 0x0000000439000000|  0%| F|  |TAMS 0x0000000438c00000, 0x0000000438c00000| Untracked 
| 154|0x0000000439000000, 0x0000000439000000, 0x0000000439400000|  0%| F|  |TAMS 0x0000000439000000, 0x0000000439000000| Untracked 
| 155|0x0000000439400000, 0x0000000439400000, 0x0000000439800000|  0%| F|  |TAMS 0x0000000439400000, 0x0000000439400000| Untracked 
| 156|0x0000000439800000, 0x0000000439800000, 0x0000000439c00000|  0%| F|  |TAMS 0x0000000439800000, 0x0000000439800000| Untracked 
| 157|0x0000000439c00000, 0x0000000439c00000, 0x000000043a000000|  0%| F|  |TAMS 0x0000000439c00000, 0x0000000439c00000| Untracked 
| 158|0x000000043a000000, 0x000000043a000000, 0x000000043a400000|  0%| F|  |TAMS 0x000000043a000000, 0x000000043a000000| Untracked 
| 159|0x000000043a400000, 0x000000043a400000, 0x000000043a800000|  0%| F|  |TAMS 0x000000043a400000, 0x000000043a400000| Untracked 
| 160|0x000000043a800000, 0x000000043a800000, 0x000000043ac00000|  0%| F|  |TAMS 0x000000043a800000, 0x000000043a800000| Untracked 
| 161|0x000000043ac00000, 0x000000043ac00000, 0x000000043b000000|  0%| F|  |TAMS 0x000000043ac00000, 0x000000043ac00000| Untracked 
| 162|0x000000043b000000, 0x000000043b000000, 0x000000043b400000|  0%| F|  |TAMS 0x000000043b000000, 0x000000043b000000| Untracked 
| 163|0x000000043b400000, 0x000000043b400000, 0x000000043b800000|  0%| F|  |TAMS 0x000000043b400000, 0x000000043b400000| Untracked 
| 164|0x000000043b800000, 0x000000043b800000, 0x000000043bc00000|  0%| F|  |TAMS 0x000000043b800000, 0x000000043b800000| Untracked 
| 165|0x000000043bc00000, 0x000000043bc00000, 0x000000043c000000|  0%| F|  |TAMS 0x000000043bc00000, 0x000000043bc00000| Untracked 
| 166|0x000000043c000000, 0x000000043c000000, 0x000000043c400000|  0%| F|  |TAMS 0x000000043c000000, 0x000000043c000000| Untracked 
| 167|0x000000043c400000, 0x000000043c400000, 0x000000043c800000|  0%| F|  |TAMS 0x000000043c400000, 0x000000043c400000| Untracked 
| 168|0x000000043c800000, 0x000000043c800000, 0x000000043cc00000|  0%| F|  |TAMS 0x000000043c800000, 0x000000043c800000| Untracked 
| 169|0x000000043cc00000, 0x000000043cc00000, 0x000000043d000000|  0%| F|  |TAMS 0x000000043cc00000, 0x000000043cc00000| Untracked 
| 170|0x000000043d000000, 0x000000043d000000, 0x000000043d400000|  0%| F|  |TAMS 0x000000043d000000, 0x000000043d000000| Untracked 
| 171|0x000000043d400000, 0x000000043d400000, 0x000000043d800000|  0%| F|  |TAMS 0x000000043d400000, 0x000000043d400000| Untracked 
| 172|0x000000043d800000, 0x000000043d800000, 0x000000043dc00000|  0%| F|  |TAMS 0x000000043d800000, 0x000000043d800000| Untracked 
| 173|0x000000043dc00000, 0x000000043dc00000, 0x000000043e000000|  0%| F|  |TAMS 0x000000043dc00000, 0x000000043dc00000| Untracked 
| 174|0x000000043e000000, 0x000000043e000000, 0x000000043e400000|  0%| F|  |TAMS 0x000000043e000000, 0x000000043e000000| Untracked 
| 175|0x000000043e400000, 0x000000043e400000, 0x000000043e800000|  0%| F|  |TAMS 0x000000043e400000, 0x000000043e400000| Untracked 
| 176|0x000000043e800000, 0x000000043e800000, 0x000000043ec00000|  0%| F|  |TAMS 0x000000043e800000, 0x000000043e800000| Untracked 
| 177|0x000000043ec00000, 0x000000043ec00000, 0x000000043f000000|  0%| F|  |TAMS 0x000000043ec00000, 0x000000043ec00000| Untracked 
| 178|0x000000043f000000, 0x000000043f000000, 0x000000043f400000|  0%| F|  |TAMS 0x000000043f000000, 0x000000043f000000| Untracked 
| 179|0x000000043f400000, 0x000000043f400000, 0x000000043f800000|  0%| F|  |TAMS 0x000000043f400000, 0x000000043f400000| Untracked 
| 180|0x000000043f800000, 0x000000043f800000, 0x000000043fc00000|  0%| F|  |TAMS 0x000000043f800000, 0x000000043f800000| Untracked 
| 181|0x000000043fc00000, 0x000000043fc00000, 0x0000000440000000|  0%| F|  |TAMS 0x000000043fc00000, 0x000000043fc00000| Untracked 
| 182|0x0000000440000000, 0x0000000440000000, 0x0000000440400000|  0%| F|  |TAMS 0x0000000440000000, 0x0000000440000000| Untracked 
| 183|0x0000000440400000, 0x0000000440400000, 0x0000000440800000|  0%| F|  |TAMS 0x0000000440400000, 0x0000000440400000| Untracked 
| 184|0x0000000440800000, 0x0000000440800000, 0x0000000440c00000|  0%| F|  |TAMS 0x0000000440800000, 0x0000000440800000| Untracked 
| 185|0x0000000440c00000, 0x0000000440c00000, 0x0000000441000000|  0%| F|  |TAMS 0x0000000440c00000, 0x0000000440c00000| Untracked 
| 186|0x0000000441000000, 0x0000000441000000, 0x0000000441400000|  0%| F|  |TAMS 0x0000000441000000, 0x0000000441000000| Untracked 
| 187|0x0000000441400000, 0x0000000441400000, 0x0000000441800000|  0%| F|  |TAMS 0x0000000441400000, 0x0000000441400000| Untracked 
| 188|0x0000000441800000, 0x0000000441800000, 0x0000000441c00000|  0%| F|  |TAMS 0x0000000441800000, 0x0000000441800000| Untracked 
| 189|0x0000000441c00000, 0x0000000441c00000, 0x0000000442000000|  0%| F|  |TAMS 0x0000000441c00000, 0x0000000441c00000| Untracked 
| 190|0x0000000442000000, 0x0000000442000000, 0x0000000442400000|  0%| F|  |TAMS 0x0000000442000000, 0x0000000442000000| Untracked 
| 191|0x0000000442400000, 0x0000000442400000, 0x0000000442800000|  0%| F|  |TAMS 0x0000000442400000, 0x0000000442400000| Untracked 
| 192|0x0000000442800000, 0x0000000442800000, 0x0000000442c00000|  0%| F|  |TAMS 0x0000000442800000, 0x0000000442800000| Untracked 
| 193|0x0000000442c00000, 0x0000000442c00000, 0x0000000443000000|  0%| F|  |TAMS 0x0000000442c00000, 0x0000000442c00000| Untracked 
| 194|0x0000000443000000, 0x0000000443000000, 0x0000000443400000|  0%| F|  |TAMS 0x0000000443000000, 0x0000000443000000| Untracked 
| 195|0x0000000443400000, 0x0000000443400000, 0x0000000443800000|  0%| F|  |TAMS 0x0000000443400000, 0x0000000443400000| Untracked 
| 196|0x0000000443800000, 0x0000000443800000, 0x0000000443c00000|  0%| F|  |TAMS 0x0000000443800000, 0x0000000443800000| Untracked 
| 197|0x0000000443c00000, 0x0000000443c00000, 0x0000000444000000|  0%| F|  |TAMS 0x0000000443c00000, 0x0000000443c00000| Untracked 
| 198|0x0000000444000000, 0x0000000444000000, 0x0000000444400000|  0%| F|  |TAMS 0x0000000444000000, 0x0000000444000000| Untracked 
| 199|0x0000000444400000, 0x0000000444400000, 0x0000000444800000|  0%| F|  |TAMS 0x0000000444400000, 0x0000000444400000| Untracked 
| 200|0x0000000444800000, 0x0000000444800000, 0x0000000444c00000|  0%| F|  |TAMS 0x0000000444800000, 0x0000000444800000| Untracked 
| 201|0x0000000444c00000, 0x0000000444cbad30, 0x0000000445000000| 18%| E|  |TAMS 0x0000000444c00000, 0x0000000444c00000| Complete 
| 202|0x0000000445000000, 0x0000000445400000, 0x0000000445400000|100%| E|CS|TAMS 0x0000000445000000, 0x0000000445000000| Complete 
| 203|0x0000000445400000, 0x0000000445800000, 0x0000000445800000|100%| E|CS|TAMS 0x0000000445400000, 0x0000000445400000| Complete 
| 204|0x0000000445800000, 0x0000000445c00000, 0x0000000445c00000|100%| E|CS|TAMS 0x0000000445800000, 0x0000000445800000| Complete 
| 205|0x0000000445c00000, 0x0000000446000000, 0x0000000446000000|100%| E|CS|TAMS 0x0000000445c00000, 0x0000000445c00000| Complete 
| 206|0x0000000446000000, 0x0000000446400000, 0x0000000446400000|100%| E|CS|TAMS 0x0000000446000000, 0x0000000446000000| Complete 
| 207|0x0000000446400000, 0x0000000446800000, 0x0000000446800000|100%| E|CS|TAMS 0x0000000446400000, 0x0000000446400000| Complete 
| 208|0x0000000446800000, 0x0000000446c00000, 0x0000000446c00000|100%| E|CS|TAMS 0x0000000446800000, 0x0000000446800000| Complete 
| 209|0x0000000446c00000, 0x0000000447000000, 0x0000000447000000|100%| E|CS|TAMS 0x0000000446c00000, 0x0000000446c00000| Complete 
| 210|0x0000000447000000, 0x0000000447400000, 0x0000000447400000|100%| E|CS|TAMS 0x0000000447000000, 0x0000000447000000| Complete 
| 211|0x0000000447400000, 0x0000000447800000, 0x0000000447800000|100%| E|CS|TAMS 0x0000000447400000, 0x0000000447400000| Complete 
| 212|0x0000000447800000, 0x0000000447c00000, 0x0000000447c00000|100%| E|CS|TAMS 0x0000000447800000, 0x0000000447800000| Complete 
| 213|0x0000000447c00000, 0x0000000448000000, 0x0000000448000000|100%| E|CS|TAMS 0x0000000447c00000, 0x0000000447c00000| Complete 
| 214|0x0000000448000000, 0x0000000448400000, 0x0000000448400000|100%| E|CS|TAMS 0x0000000448000000, 0x0000000448000000| Complete 
| 215|0x0000000448400000, 0x0000000448800000, 0x0000000448800000|100%| E|CS|TAMS 0x0000000448400000, 0x0000000448400000| Complete 
| 216|0x0000000448800000, 0x0000000448c00000, 0x0000000448c00000|100%| E|CS|TAMS 0x0000000448800000, 0x0000000448800000| Complete 
| 217|0x0000000448c00000, 0x0000000449000000, 0x0000000449000000|100%| E|CS|TAMS 0x0000000448c00000, 0x0000000448c00000| Complete 
| 218|0x0000000449000000, 0x0000000449400000, 0x0000000449400000|100%| E|CS|TAMS 0x0000000449000000, 0x0000000449000000| Complete 
| 219|0x0000000449400000, 0x0000000449800000, 0x0000000449800000|100%| E|CS|TAMS 0x0000000449400000, 0x0000000449400000| Complete 
| 220|0x0000000449800000, 0x0000000449c00000, 0x0000000449c00000|100%| E|CS|TAMS 0x0000000449800000, 0x0000000449800000| Complete 
| 221|0x0000000449c00000, 0x000000044a000000, 0x000000044a000000|100%| E|CS|TAMS 0x0000000449c00000, 0x0000000449c00000| Complete 
| 222|0x000000044a000000, 0x000000044a400000, 0x000000044a400000|100%| E|CS|TAMS 0x000000044a000000, 0x000000044a000000| Complete 
| 223|0x000000044a400000, 0x000000044a800000, 0x000000044a800000|100%| E|CS|TAMS 0x000000044a400000, 0x000000044a400000| Complete 
| 224|0x000000044a800000, 0x000000044ac00000, 0x000000044ac00000|100%| E|CS|TAMS 0x000000044a800000, 0x000000044a800000| Complete 
| 225|0x000000044ac00000, 0x000000044b000000, 0x000000044b000000|100%| E|CS|TAMS 0x000000044ac00000, 0x000000044ac00000| Complete 
| 226|0x000000044b000000, 0x000000044b400000, 0x000000044b400000|100%| E|CS|TAMS 0x000000044b000000, 0x000000044b000000| Complete 
| 227|0x000000044b400000, 0x000000044b800000, 0x000000044b800000|100%| E|CS|TAMS 0x000000044b400000, 0x000000044b400000| Complete 
| 228|0x000000044b800000, 0x000000044bc00000, 0x000000044bc00000|100%| E|CS|TAMS 0x000000044b800000, 0x000000044b800000| Complete 
| 229|0x000000044bc00000, 0x000000044c000000, 0x000000044c000000|100%| E|CS|TAMS 0x000000044bc00000, 0x000000044bc00000| Complete 
| 230|0x000000044c000000, 0x000000044c400000, 0x000000044c400000|100%| E|CS|TAMS 0x000000044c000000, 0x000000044c000000| Complete 
| 231|0x000000044c400000, 0x000000044c800000, 0x000000044c800000|100%| E|CS|TAMS 0x000000044c400000, 0x000000044c400000| Complete 
| 232|0x000000044c800000, 0x000000044cc00000, 0x000000044cc00000|100%| E|CS|TAMS 0x000000044c800000, 0x000000044c800000| Complete 
| 233|0x000000044cc00000, 0x000000044d000000, 0x000000044d000000|100%| E|CS|TAMS 0x000000044cc00000, 0x000000044cc00000| Complete 
| 234|0x000000044d000000, 0x000000044d400000, 0x000000044d400000|100%| E|CS|TAMS 0x000000044d000000, 0x000000044d000000| Complete 
| 235|0x000000044d400000, 0x000000044d800000, 0x000000044d800000|100%| E|CS|TAMS 0x000000044d400000, 0x000000044d400000| Complete 
| 236|0x000000044d800000, 0x000000044dc00000, 0x000000044dc00000|100%| E|CS|TAMS 0x000000044d800000, 0x000000044d800000| Complete 
| 237|0x000000044dc00000, 0x000000044e000000, 0x000000044e000000|100%| E|CS|TAMS 0x000000044dc00000, 0x000000044dc00000| Complete 
| 238|0x000000044e000000, 0x000000044e400000, 0x000000044e400000|100%| E|CS|TAMS 0x000000044e000000, 0x000000044e000000| Complete 
| 239|0x000000044e400000, 0x000000044e800000, 0x000000044e800000|100%| E|CS|TAMS 0x000000044e400000, 0x000000044e400000| Complete 
| 240|0x000000044e800000, 0x000000044ec00000, 0x000000044ec00000|100%| E|CS|TAMS 0x000000044e800000, 0x000000044e800000| Complete 
| 241|0x000000044ec00000, 0x000000044f000000, 0x000000044f000000|100%| E|CS|TAMS 0x000000044ec00000, 0x000000044ec00000| Complete 
| 242|0x000000044f000000, 0x000000044f400000, 0x000000044f400000|100%| E|CS|TAMS 0x000000044f000000, 0x000000044f000000| Complete 
| 243|0x000000044f400000, 0x000000044f800000, 0x000000044f800000|100%| E|CS|TAMS 0x000000044f400000, 0x000000044f400000| Complete 
| 244|0x000000044f800000, 0x000000044fc00000, 0x000000044fc00000|100%| E|CS|TAMS 0x000000044f800000, 0x000000044f800000| Complete 
| 245|0x000000044fc00000, 0x0000000450000000, 0x0000000450000000|100%| E|CS|TAMS 0x000000044fc00000, 0x000000044fc00000| Complete 
| 246|0x0000000450000000, 0x0000000450400000, 0x0000000450400000|100%| E|CS|TAMS 0x0000000450000000, 0x0000000450000000| Complete 
| 247|0x0000000450400000, 0x0000000450800000, 0x0000000450800000|100%| E|CS|TAMS 0x0000000450400000, 0x0000000450400000| Complete 
| 248|0x0000000450800000, 0x0000000450c00000, 0x0000000450c00000|100%| E|CS|TAMS 0x0000000450800000, 0x0000000450800000| Complete 
| 249|0x0000000450c00000, 0x0000000451000000, 0x0000000451000000|100%| E|CS|TAMS 0x0000000450c00000, 0x0000000450c00000| Complete 
| 250|0x0000000451000000, 0x0000000451400000, 0x0000000451400000|100%| E|CS|TAMS 0x0000000451000000, 0x0000000451000000| Complete 
| 251|0x0000000451400000, 0x0000000451800000, 0x0000000451800000|100%| E|CS|TAMS 0x0000000451400000, 0x0000000451400000| Complete 
|4020|0x00000007ff800000, 0x00000007ffb47000, 0x00000007ffc00000| 81%|OA|  |TAMS 0x00000007ff800000, 0x00000007ff800000| Untracked 
|4021|0x00000007ffc00000, 0x00000007ffc72000, 0x0000000800000000| 11%|CA|  |TAMS 0x00000007ffc00000, 0x00000007ffc00000| Untracked 

Card table byte_map: [0x00007fe38a77b000,0x00007fe38c6e7000] _byte_map_base: 0x00007fe3886e7000

Marking Bits (Prev, Next): (CMBitMap*) 0x00007fe3a8072ee8, (CMBitMap*) 0x00007fe3a8072f28
 Prev Bits: [0x00007fe378caf000, 0x00007fe38880f000)
 Next Bits: [0x00007fe36914f000, 0x00007fe378caf000)

Polling page: 0x00007fe3b02d8000

Metaspace:

Usage:
  Non-class:      5.16 MB capacity,     5.01 MB ( 97%) used,   138.49 KB (  3%) free+waste,    15.19 KB ( <1%) overhead. 
      Class:    662.00 KB capacity,   575.87 KB ( 87%) used,    77.13 KB ( 12%) free+waste,     9.00 KB (  1%) overhead. 
       Both:      5.81 MB capacity,     5.57 MB ( 96%) used,   215.62 KB (  4%) free+waste,    24.19 KB ( <1%) overhead. 

Virtual space:
  Non-class space:        8.00 MB reserved,       5.25 MB ( 66%) committed 
      Class space:        1.00 GB reserved,     768.00 KB ( <1%) committed 
             Both:        1.01 GB reserved,       6.00 MB ( <1%) committed 

Chunk freelists:
   Non-Class:  6.62 KB
       Class:  768 bytes
        Both:  7.38 KB

CodeHeap 'non-profiled nmethods': size=118596Kb used=430Kb max_used=430Kb free=118165Kb
 bounds [0x00007fe3987a7000, 0x00007fe398a17000, 0x00007fe39fb78000]
CodeHeap 'profiled nmethods': size=118596Kb used=1358Kb max_used=1429Kb free=117237Kb
 bounds [0x00007fe3913d6000, 0x00007fe391646000, 0x00007fe3987a7000]
CodeHeap 'non-nmethods': size=8568Kb used=1695Kb max_used=2292Kb free=6872Kb
 bounds [0x00007fe390b78000, 0x00007fe390e48000, 0x00007fe3913d6000]
 total_blobs=1785 nmethods=873 adapters=374
 compilation: enabled
              stopped_count=0, restarted_count=0
 full_count=0

Compilation events (10 events):
Event: 11.846 Thread 0x00007fe3a8303000 1018 %     3       org.ChaffinchABC.Population::makeNeighbours @ 60 (175 bytes)
Event: 11.848 Thread 0x00007fe3a8303000 nmethod 1018% 0x00007fe39152b310 code [0x00007fe39152b560, 0x00007fe39152c2a8]
Event: 11.848 Thread 0x00007fe3a8303000 1019       3       org.ChaffinchABC.Population::makeNeighbours (175 bytes)
Event: 11.849 Thread 0x00007fe3a8303000 nmethod 1019 0x00007fe391436a90 code [0x00007fe391436cc0, 0x00007fe3914378c8]
Event: 11.849 Thread 0x00007fe3a82f9000 1020 %     4       org.ChaffinchABC.Population::makeNeighbours @ 60 (175 bytes)
Event: 11.864 Thread 0x00007fe3a82f9000 nmethod 1020% 0x00007fe398811790 code [0x00007fe398811960, 0x00007fe398812358]
Event: 11.932 Thread 0x00007fe3a8303000 1021 % !   3       org.netbeans.lib.profiler.server.SamplingThread::run @ 31 (125 bytes)
Event: 11.934 Thread 0x00007fe3a8303000 nmethod 1021% 0x00007fe39151e110 code [0x00007fe39151e320, 0x00007fe39151ea48]
Event: 12.113 Thread 0x00007fe3300fd000 1022   !   3       org.netbeans.lib.profiler.server.SamplingThread::run (125 bytes)
Event: 12.114 Thread 0x00007fe3300fd000 nmethod 1022 0x00007fe39145b590 code [0x00007fe39145b7a0, 0x00007fe39145be28]

GC Heap History (10 events):
Event: 4.543 GC heap before
{Heap before GC invocations=1 (full 0):
 garbage-first heap   total 1040384K, used 618667K [0x0000000412800000, 0x0000000800000000)
  region size 4096K, 151 young (618496K), 2 survivors (8192K)
 Metaspace       used 5261K, capacity 5480K, committed 5760K, reserved 1056768K
  class space    used 550K, capacity 626K, committed 640K, reserved 1048576K
}
Event: 4.559 GC heap after
{Heap after GC invocations=2 (full 0):
 garbage-first heap   total 1040384K, used 53828K [0x0000000412800000, 0x0000000800000000)
  region size 4096K, 13 young (53248K), 13 survivors (53248K)
 Metaspace       used 5261K, capacity 5480K, committed 5760K, reserved 1056768K
  class space    used 550K, capacity 626K, committed 640K, reserved 1048576K
}
Event: 5.964 GC heap before
{Heap before GC invocations=2 (full 0):
 garbage-first heap   total 1040384K, used 594500K [0x0000000412800000, 0x0000000800000000)
  region size 4096K, 145 young (593920K), 13 survivors (53248K)
 Metaspace       used 5265K, capacity 5480K, committed 5760K, reserved 1056768K
  class space    used 550K, capacity 626K, committed 640K, reserved 1048576K
}
Event: 5.977 GC heap after
{Heap after GC invocations=3 (full 0):
 garbage-first heap   total 1040384K, used 53829K [0x0000000412800000, 0x0000000800000000)
  region size 4096K, 1 young (4096K), 1 survivors (4096K)
 Metaspace       used 5265K, capacity 5480K, committed 5760K, reserved 1056768K
  class space    used 550K, capacity 626K, committed 640K, reserved 1048576K
}
Event: 7.495 GC heap before
{Heap before GC invocations=3 (full 0):
 garbage-first heap   total 1040384K, used 606789K [0x0000000412800000, 0x0000000800000000)
  region size 4096K, 136 young (557056K), 1 survivors (4096K)
 Metaspace       used 5265K, capacity 5480K, committed 5760K, reserved 1056768K
  class space    used 550K, capacity 626K, committed 640K, reserved 1048576K
}
Event: 7.496 GC heap after
{Heap after GC invocations=4 (full 0):
 garbage-first heap   total 1040384K, used 53791K [0x0000000412800000, 0x0000000800000000)
  region size 4096K, 1 young (4096K), 1 survivors (4096K)
 Metaspace       used 5265K, capacity 5480K, committed 5760K, reserved 1056768K
  class space    used 550K, capacity 626K, committed 640K, reserved 1048576K
}
Event: 9.428 GC heap before
{Heap before GC invocations=4 (full 0):
 garbage-first heap   total 1040384K, used 668191K [0x0000000412800000, 0x0000000800000000)
  region size 4096K, 151 young (618496K), 1 survivors (4096K)
 Metaspace       used 5265K, capacity 5480K, committed 5760K, reserved 1056768K
  class space    used 550K, capacity 626K, committed 640K, reserved 1048576K
}
Event: 9.430 GC heap after
{Heap after GC invocations=5 (full 0):
 garbage-first heap   total 1040384K, used 53779K [0x0000000412800000, 0x0000000800000000)
  region size 4096K, 1 young (4096K), 1 survivors (4096K)
 Metaspace       used 5265K, capacity 5480K, committed 5760K, reserved 1056768K
  class space    used 550K, capacity 626K, committed 640K, reserved 1048576K
}
Event: 11.202 GC heap before
{Heap before GC invocations=5 (full 0):
 garbage-first heap   total 1040384K, used 668179K [0x0000000412800000, 0x0000000800000000)
  region size 4096K, 151 young (618496K), 1 survivors (4096K)
 Metaspace       used 5265K, capacity 5480K, committed 5760K, reserved 1056768K
  class space    used 550K, capacity 626K, committed 640K, reserved 1048576K
}
Event: 11.204 GC heap after
{Heap after GC invocations=6 (full 0):
 garbage-first heap   total 1040384K, used 53775K [0x0000000412800000, 0x0000000800000000)
  region size 4096K, 1 young (4096K), 1 survivors (4096K)
 Metaspace       used 5265K, capacity 5480K, committed 5760K, reserved 1056768K
  class space    used 550K, capacity 626K, committed 640K, reserved 1048576K
}

Deoptimization events (10 events):
Event: 2.430 Thread 0x00007fe3a8014800 Uncommon trap: reason=unstable_if action=reinterpret pc=0x00007fe3987eda80 method=java.lang.String.split(Ljava/lang/String;I)[Ljava/lang/String; @ 279 c2
Event: 2.430 Thread 0x00007fe3a8014800 Uncommon trap: reason=unstable_if action=reinterpret pc=0x00007fe3987eb7d8 method=jdk.internal.math.FloatingDecimal$ASCIIToBinaryBuffer.doubleValue()D @ 68 c2
Event: 2.439 Thread 0x00007fe31404b000 Uncommon trap: reason=unstable_if action=reinterpret pc=0x00007fe3987d75b4 method=jdk.internal.util.ArraysSupport.mismatch([I[II)I @ 37 c2
Event: 2.490 Thread 0x00007fe3a8014800 Uncommon trap: reason=profile_predicate action=maybe_recompile pc=0x00007fe3987d99fc method=jdk.internal.math.FDBigInteger.cmp(Ljdk/internal/math/FDBigInteger;)I @ 48 c2
Event: 2.490 Thread 0x00007fe3a8014800 Uncommon trap: reason=profile_predicate action=maybe_recompile pc=0x00007fe3987d99fc method=jdk.internal.math.FDBigInteger.cmp(Ljdk/internal/math/FDBigInteger;)I @ 48 c2
Event: 2.490 Thread 0x00007fe3a8014800 Uncommon trap: reason=profile_predicate action=maybe_recompile pc=0x00007fe3987d99fc method=jdk.internal.math.FDBigInteger.cmp(Ljdk/internal/math/FDBigInteger;)I @ 48 c2
Event: 2.490 Thread 0x00007fe3a8014800 Uncommon trap: reason=profile_predicate action=maybe_recompile pc=0x00007fe3987d99fc method=jdk.internal.math.FDBigInteger.cmp(Ljdk/internal/math/FDBigInteger;)I @ 48 c2
Event: 2.519 Thread 0x00007fe3a8014800 Uncommon trap: reason=profile_predicate action=maybe_recompile pc=0x00007fe3987f4cbc method=jdk.internal.math.FDBigInteger.cmp(Ljdk/internal/math/FDBigInteger;)I @ 48 c2
Event: 5.265 Thread 0x00007fe3a8014800 Uncommon trap: reason=unstable_if action=reinterpret pc=0x00007fe3987f72b4 method=jdk.internal.math.FDBigInteger.valueOfMulPow52(JII)Ljdk/internal/math/FDBigInteger; @ 243 c2
Event: 11.539 Thread 0x00007fe3a8014800 Uncommon trap: reason=unstable_if action=reinterpret pc=0x00007fe3987eca90 method=org.ChaffinchABC.EmpData.parseDissFileSyl([[ILjava/lang/String;)[[D @ 108 c2

Classes redefined (0 events):
No events

Internal exceptions (10 events):
Event: 0.289 Thread 0x00007fe3a8014800 Exception <a 'java/lang/NoSuchMethodError'{0x000000045101da68}: java.lang.invoke.DirectMethodHandle$Holder.invokeInterface(Ljava/lang/Object;Ljava/lang/Object;)I> (0x000000045101da68) thrown at [/scratch/opt/mach5/mesos/work_dir/slaves/2dd962d0-8988-479b-
Event: 0.289 Thread 0x00007fe3a8014800 Exception <a 'java/lang/IncompatibleClassChangeError'{0x0000000451020568}: Found class java.lang.Object, but interface was expected> (0x0000000451020568) thrown at [/scratch/opt/mach5/mesos/work_dir/slaves/2dd962d0-8988-479b-a804-57ab764ada59-S77524/frame
Event: 0.410 Thread 0x00007fe3a85aa000 Exception <a 'java/lang/VerifyError'{0x00000004516a3350}: Stack map does not match the one at exception handler 21
Exception Details:
  Location:
    org/netbeans/lib/profiler/ConstructorTest.<init>()V @21: astore_1
  Reason:
    Current frame's flags are
Event: 0.629 Thread 0x00007fe3a85aa000 Exception <a 'java/lang/NoSuchMethodError'{0x00000004516daa90}: java.lang.invoke.DirectMethodHandle$Holder.invokeStatic(Ljava/lang/Object;Ljava/lang/Object;JLjava/lang/Object;)Ljava/lang/Object;> (0x00000004516daa90) thrown at [/scratch/opt/mach5/mesos/wo
Event: 0.629 Thread 0x00007fe3a85aa000 Exception <a 'java/lang/NoSuchMethodError'{0x00000004516dd770}: java.lang.invoke.DirectMethodHandle$Holder.invokeStaticInit(Ljava/lang/Object;Ljava/lang/Object;JLjava/lang/Object;)Ljava/lang/Object;> (0x00000004516dd770) thrown at [/scratch/opt/mach5/meso
Event: 0.630 Thread 0x00007fe3a85aa000 Exception <a 'java/lang/NoSuchMethodError'{0x0000000450dede80}: java.lang.invoke.Invokers$Holder.linkToTargetMethod(Ljava/lang/Object;JLjava/lang/Object;)Ljava/lang/Object;> (0x0000000450dede80) thrown at [/scratch/opt/mach5/mesos/work_dir/slaves/2dd962d0
Event: 0.632 Thread 0x00007fe3a85aa000 Exception <a 'java/lang/NoSuchMethodError'{0x0000000450df4598}: java.lang.invoke.DirectMethodHandle$Holder.invokeStatic(Ljava/lang/Object;Ljava/lang/Object;Ljava/lang/Object;I)Ljava/lang/Object;> (0x0000000450df4598) thrown at [/scratch/opt/mach5/mesos/wo
Event: 0.632 Thread 0x00007fe3a85aa000 Exception <a 'java/lang/NoSuchMethodError'{0x0000000450df7dd0}: java.lang.invoke.DirectMethodHandle$Holder.invokeSpecial(Ljava/lang/Object;Ljava/lang/Object;Ljava/lang/Object;Ljava/lang/Object;I)Ljava/lang/Object;> (0x0000000450df7dd0) thrown at [/scratch
Event: 0.632 Thread 0x00007fe3a85aa000 Exception <a 'java/lang/NoSuchMethodError'{0x0000000450dfae80}: java.lang.invoke.Invokers$Holder.linkToTargetMethod(Ljava/lang/Object;Ljava/lang/Object;ILjava/lang/Object;)Ljava/lang/Object;> (0x0000000450dfae80) thrown at [/scratch/opt/mach5/mesos/work_d
Event: 2.418 Thread 0x00007fe3a8014800 Implicit null exception at 0x00007fe3987f4414 to 0x00007fe3987f5c26

Events (10 events):
Event: 12.154 Executing VM operation: GetAllStackTraces
Event: 12.155 Executing VM operation: GetAllStackTraces done
Event: 12.155 Executing VM operation: GetAllStackTraces
Event: 12.155 Executing VM operation: GetAllStackTraces done
Event: 12.155 Executing VM operation: GetAllStackTraces
Event: 12.155 Executing VM operation: GetAllStackTraces done
Event: 12.155 Executing VM operation: GetAllStackTraces
Event: 12.155 Executing VM operation: GetAllStackTraces done
Event: 12.155 Executing VM operation: GetAllStackTraces
Event: 12.155 Executing VM operation: GetAllStackTraces done


Dynamic libraries:
00400000-00401000 r-xp 00000000 103:02 15872717                          /usr/lib/jvm/java-12-oracle/bin/java
00600000-00601000 r--p 00000000 103:02 15872717                          /usr/lib/jvm/java-12-oracle/bin/java
00601000-00602000 rw-p 00001000 103:02 15872717                          /usr/lib/jvm/java-12-oracle/bin/java
01766000-01787000 rw-p 00000000 00:00 0                                  [heap]
412800000-451800000 rw-p 00000000 00:00 0 
451800000-7ff800000 ---p 00000000 00:00 0 
7ff800000-7ffb00000 rw-p 00000000 00:00 0 
7ffb00000-7ffb47000 rw-p 0119c000 103:02 15872896                        /usr/lib/jvm/java-12-oracle/lib/server/classes.jsa
7ffb47000-7ffc00000 rw-p 00000000 00:00 0 
7ffc00000-7ffc72000 rw-p 0112a000 103:02 15872896                        /usr/lib/jvm/java-12-oracle/lib/server/classes.jsa
7ffc72000-800000000 rw-p 00000000 00:00 0 
800000000-800003000 rwxp 00001000 103:02 15872896                        /usr/lib/jvm/java-12-oracle/lib/server/classes.jsa
800003000-801129000 rw-p 00004000 103:02 15872896                        /usr/lib/jvm/java-12-oracle/lib/server/classes.jsa
801129000-8011e9000 rw-p 00000000 00:00 0 
8011e9000-841129000 ---p 00000000 00:00 0 
7fe294000000-7fe2941ef000 rw-p 00000000 00:00 0 
7fe2941ef000-7fe298000000 ---p 00000000 00:00 0 
7fe29c000000-7fe29c1ee000 rw-p 00000000 00:00 0 
7fe29c1ee000-7fe2a0000000 ---p 00000000 00:00 0 
7fe2a0000000-7fe2a0049000 rw-p 00000000 00:00 0 
7fe2a0049000-7fe2a4000000 ---p 00000000 00:00 0 
7fe2a4000000-7fe2a4021000 rw-p 00000000 00:00 0 
7fe2a4021000-7fe2a8000000 ---p 00000000 00:00 0 
7fe2a8000000-7fe2a816b000 rw-p 00000000 00:00 0 
7fe2a816b000-7fe2ac000000 ---p 00000000 00:00 0 
7fe2ac000000-7fe2ac021000 rw-p 00000000 00:00 0 
7fe2ac021000-7fe2b0000000 ---p 00000000 00:00 0 
7fe2b0000000-7fe2b0021000 rw-p 00000000 00:00 0 
7fe2b0021000-7fe2b4000000 ---p 00000000 00:00 0 
7fe2b4000000-7fe2b4021000 rw-p 00000000 00:00 0 
7fe2b4021000-7fe2b8000000 ---p 00000000 00:00 0 
7fe2b8000000-7fe2b8021000 rw-p 00000000 00:00 0 
7fe2b8021000-7fe2bc000000 ---p 00000000 00:00 0 
7fe2bc000000-7fe2bc021000 rw-p 00000000 00:00 0 
7fe2bc021000-7fe2c0000000 ---p 00000000 00:00 0 
7fe2c0000000-7fe2c0021000 rw-p 00000000 00:00 0 
7fe2c0021000-7fe2c4000000 ---p 00000000 00:00 0 
7fe2c4000000-7fe2c4021000 rw-p 00000000 00:00 0 
7fe2c4021000-7fe2c8000000 ---p 00000000 00:00 0 
7fe2c8000000-7fe2c8021000 rw-p 00000000 00:00 0 
7fe2c8021000-7fe2cc000000 ---p 00000000 00:00 0 
7fe2cc000000-7fe2cc021000 rw-p 00000000 00:00 0 
7fe2cc021000-7fe2d0000000 ---p 00000000 00:00 0 
7fe2d0000000-7fe2d0021000 rw-p 00000000 00:00 0 
7fe2d0021000-7fe2d4000000 ---p 00000000 00:00 0 
7fe2d4000000-7fe2d4021000 rw-p 00000000 00:00 0 
7fe2d4021000-7fe2d8000000 ---p 00000000 00:00 0 
7fe2d8000000-7fe2d8021000 rw-p 00000000 00:00 0 
7fe2d8021000-7fe2dc000000 ---p 00000000 00:00 0 
7fe2df1e6000-7fe2df1ea000 ---p 00000000 00:00 0 
7fe2df1ea000-7fe2df2e7000 rw-p 00000000 00:00 0 
7fe2df2e7000-7fe2df2eb000 ---p 00000000 00:00 0 
7fe2df2eb000-7fe2df3e8000 rw-p 00000000 00:00 0 
7fe2df3e8000-7fe2df3e9000 ---p 00000000 00:00 0 
7fe2df3e9000-7fe2df4ea000 rw-p 00000000 00:00 0 
7fe2df4ea000-7fe2df4eb000 ---p 00000000 00:00 0 
7fe2df4eb000-7fe2df5ec000 rw-p 00000000 00:00 0 
7fe2df5ec000-7fe2df5ed000 ---p 00000000 00:00 0 
7fe2df5ed000-7fe2df6ee000 rw-p 00000000 00:00 0 
7fe2df6ee000-7fe2df6ef000 ---p 00000000 00:00 0 
7fe2df6ef000-7fe2df7f0000 rw-p 00000000 00:00 0 
7fe2df7f0000-7fe2df7f1000 ---p 00000000 00:00 0 
7fe2df7f1000-7fe2df8f2000 rw-p 00000000 00:00 0 
7fe2df8f2000-7fe2df8f3000 ---p 00000000 00:00 0 
7fe2df8f3000-7fe2df9f4000 rw-p 00000000 00:00 0 
7fe2df9f4000-7fe2df9f5000 ---p 00000000 00:00 0 
7fe2df9f5000-7fe2dfaf6000 rw-p 00000000 00:00 0 
7fe2dfaf6000-7fe2dfaf7000 ---p 00000000 00:00 0 
7fe2dfaf7000-7fe2dfbf8000 rw-p 00000000 00:00 0 
7fe2dfbf8000-7fe2dfbf9000 ---p 00000000 00:00 0 
7fe2dfbf9000-7fe2dfcfa000 rw-p 00000000 00:00 0 
7fe2dfcfa000-7fe2dfcfb000 ---p 00000000 00:00 0 
7fe2dfcfb000-7fe2dfdfc000 rw-p 00000000 00:00 0 
7fe2dfdfc000-7fe2dfdfd000 ---p 00000000 00:00 0 
7fe2dfdfd000-7fe2dfefe000 rw-p 00000000 00:00 0 
7fe2dfefe000-7fe2dfeff000 ---p 00000000 00:00 0 
7fe2dfeff000-7fe2e0000000 rw-p 00000000 00:00 0 
7fe2e0000000-7fe2e0021000 rw-p 00000000 00:00 0 
7fe2e0021000-7fe2e4000000 ---p 00000000 00:00 0 
7fe2e4000000-7fe2e4021000 rw-p 00000000 00:00 0 
7fe2e4021000-7fe2e8000000 ---p 00000000 00:00 0 
7fe2e8000000-7fe2e8021000 rw-p 00000000 00:00 0 
7fe2e8021000-7fe2ec000000 ---p 00000000 00:00 0 
7fe2ec000000-7fe2ec021000 rw-p 00000000 00:00 0 
7fe2ec021000-7fe2f0000000 ---p 00000000 00:00 0 
7fe2f0000000-7fe2f0021000 rw-p 00000000 00:00 0 
7fe2f0021000-7fe2f4000000 ---p 00000000 00:00 0 
7fe2f4000000-7fe2f4021000 rw-p 00000000 00:00 0 
7fe2f4021000-7fe2f8000000 ---p 00000000 00:00 0 
7fe2f8000000-7fe2f8021000 rw-p 00000000 00:00 0 
7fe2f8021000-7fe2fc000000 ---p 00000000 00:00 0 
7fe2fc000000-7fe2fc021000 rw-p 00000000 00:00 0 
7fe2fc021000-7fe300000000 ---p 00000000 00:00 0 
7fe300000000-7fe30030f000 rw-p 00000000 00:00 0 
7fe30030f000-7fe304000000 ---p 00000000 00:00 0 
7fe304000000-7fe3041f8000 rw-p 00000000 00:00 0 
7fe3041f8000-7fe308000000 ---p 00000000 00:00 0 
7fe308000000-7fe308021000 rw-p 00000000 00:00 0 
7fe308021000-7fe30c000000 ---p 00000000 00:00 0 
7fe30c000000-7fe30c021000 rw-p 00000000 00:00 0 
7fe30c021000-7fe310000000 ---p 00000000 00:00 0 
7fe310000000-7fe310026000 rw-p 00000000 00:00 0 
7fe310026000-7fe314000000 ---p 00000000 00:00 0 
7fe314000000-7fe31404f000 rw-p 00000000 00:00 0 
7fe31404f000-7fe318000000 ---p 00000000 00:00 0 
7fe318000000-7fe318021000 rw-p 00000000 00:00 0 
7fe318021000-7fe31c000000 ---p 00000000 00:00 0 
7fe31c000000-7fe31c021000 rw-p 00000000 00:00 0 
7fe31c021000-7fe320000000 ---p 00000000 00:00 0 
7fe320000000-7fe320021000 rw-p 00000000 00:00 0 
7fe320021000-7fe324000000 ---p 00000000 00:00 0 
7fe324000000-7fe3245a0000 rw-p 00000000 00:00 0 
7fe3245a0000-7fe328000000 ---p 00000000 00:00 0 
7fe328000000-7fe3280ab000 rw-p 00000000 00:00 0 
7fe3280ab000-7fe32c000000 ---p 00000000 00:00 0 
7fe32c000000-7fe32c0f2000 rw-p 00000000 00:00 0 
7fe32c0f2000-7fe330000000 ---p 00000000 00:00 0 
7fe330000000-7fe330101000 rw-p 00000000 00:00 0 
7fe330101000-7fe334000000 ---p 00000000 00:00 0 
7fe334000000-7fe334021000 rw-p 00000000 00:00 0 
7fe334021000-7fe338000000 ---p 00000000 00:00 0 
7fe338000000-7fe338021000 rw-p 00000000 00:00 0 
7fe338021000-7fe33c000000 ---p 00000000 00:00 0 
7fe33c000000-7fe33c4b5000 rw-p 00000000 00:00 0 
7fe33c4b5000-7fe340000000 ---p 00000000 00:00 0 
7fe340000000-7fe340021000 rw-p 00000000 00:00 0 
7fe340021000-7fe344000000 ---p 00000000 00:00 0 
7fe344000000-7fe344021000 rw-p 00000000 00:00 0 
7fe344021000-7fe348000000 ---p 00000000 00:00 0 
7fe348000000-7fe348021000 rw-p 00000000 00:00 0 
7fe348021000-7fe34c000000 ---p 00000000 00:00 0 
7fe34c000000-7fe34c904000 rw-p 00000000 00:00 0 
7fe34c904000-7fe350000000 ---p 00000000 00:00 0 
7fe350000000-7fe350021000 rw-p 00000000 00:00 0 
7fe350021000-7fe354000000 ---p 00000000 00:00 0 
7fe3540a8000-7fe3540a9000 ---p 00000000 00:00 0 
7fe3540a9000-7fe3541aa000 rw-p 00000000 00:00 0 
7fe3541aa000-7fe3541ab000 ---p 00000000 00:00 0 
7fe3541ab000-7fe3542ac000 rw-p 00000000 00:00 0 
7fe3542ac000-7fe3542ad000 ---p 00000000 00:00 0 
7fe3542ad000-7fe3543ae000 rw-p 00000000 00:00 0 
7fe3543ae000-7fe3543af000 ---p 00000000 00:00 0 
7fe3543af000-7fe3544b0000 rw-p 00000000 00:00 0 
7fe3544b0000-7fe3544b1000 ---p 00000000 00:00 0 
7fe3544b1000-7fe3545b2000 rw-p 00000000 00:00 0 
7fe3545b2000-7fe3545b3000 ---p 00000000 00:00 0 
7fe3545b3000-7fe3546b4000 rw-p 00000000 00:00 0 
7fe3546b4000-7fe3546b5000 ---p 00000000 00:00 0 
7fe3546b5000-7fe3547b6000 rw-p 00000000 00:00 0 
7fe3547b6000-7fe3547b7000 ---p 00000000 00:00 0 
7fe3547b7000-7fe3548b8000 rw-p 00000000 00:00 0 
7fe3548b8000-7fe3548b9000 ---p 00000000 00:00 0 
7fe3548b9000-7fe3549ba000 rw-p 00000000 00:00 0 
7fe3549ba000-7fe3549bb000 ---p 00000000 00:00 0 
7fe3549bb000-7fe354abc000 rw-p 00000000 00:00 0 
7fe354abc000-7fe354abd000 ---p 00000000 00:00 0 
7fe354abd000-7fe354bbe000 rw-p 00000000 00:00 0 
7fe354bbe000-7fe354bc2000 ---p 00000000 00:00 0 
7fe354bc2000-7fe354cbf000 rw-p 00000000 00:00 0 
7fe354cbf000-7fe354cc3000 ---p 00000000 00:00 0 
7fe354cc3000-7fe354dc0000 rw-p 00000000 00:00 0 
7fe354dc0000-7fe354dc1000 ---p 00000000 00:00 0 
7fe354dc1000-7fe354ec2000 rw-p 00000000 00:00 0 
7fe354ec2000-7fe354fe7000 rw-s 00000000 103:02 13369415                  /tmp/jfluidbuf9350185528656961934.tmp
7fe354fe7000-7fe354feb000 ---p 00000000 00:00 0 
7fe354feb000-7fe3550e8000 rw-p 00000000 00:00 0 
7fe3550e8000-7fe3550ec000 ---p 00000000 00:00 0 
7fe3550ec000-7fe3551e9000 rw-p 00000000 00:00 0 
7fe3551e9000-7fe3551ee000 r-xp 00000000 103:02 15872871                  /usr/lib/jvm/java-12-oracle/lib/libmanagement_ext.so
7fe3551ee000-7fe3553ed000 ---p 00005000 103:02 15872871                  /usr/lib/jvm/java-12-oracle/lib/libmanagement_ext.so
7fe3553ed000-7fe3553ee000 r--p 00004000 103:02 15872871                  /usr/lib/jvm/java-12-oracle/lib/libmanagement_ext.so
7fe3553ee000-7fe3553ef000 rw-p 00005000 103:02 15872871                  /usr/lib/jvm/java-12-oracle/lib/libmanagement_ext.so
7fe3553ef000-7fe3553f3000 r-xp 00000000 103:02 15872869                  /usr/lib/jvm/java-12-oracle/lib/libmanagement.so
7fe3553f3000-7fe3555f2000 ---p 00004000 103:02 15872869                  /usr/lib/jvm/java-12-oracle/lib/libmanagement.so
7fe3555f2000-7fe3555f3000 r--p 00003000 103:02 15872869                  /usr/lib/jvm/java-12-oracle/lib/libmanagement.so
7fe3555f3000-7fe3555f4000 rw-p 00004000 103:02 15872869                  /usr/lib/jvm/java-12-oracle/lib/libmanagement.so
7fe3555f4000-7fe3555f8000 ---p 00000000 00:00 0 
7fe3555f8000-7fe3556f5000 rw-p 00000000 00:00 0 
7fe3556f5000-7fe3556f9000 ---p 00000000 00:00 0 
7fe3556f9000-7fe3557f6000 rw-p 00000000 00:00 0 
7fe3557f6000-7fe3557f8000 r-xp 00000000 103:02 15872853                  /usr/lib/jvm/java-12-oracle/lib/libextnet.so
7fe3557f8000-7fe3559f7000 ---p 00002000 103:02 15872853                  /usr/lib/jvm/java-12-oracle/lib/libextnet.so
7fe3559f7000-7fe3559f8000 r--p 00001000 103:02 15872853                  /usr/lib/jvm/java-12-oracle/lib/libextnet.so
7fe3559f8000-7fe3559f9000 rw-p 00002000 103:02 15872853                  /usr/lib/jvm/java-12-oracle/lib/libextnet.so
7fe3559f9000-7fe3559fd000 ---p 00000000 00:00 0 
7fe3559fd000-7fe355afa000 rw-p 00000000 00:00 0 
7fe355afa000-7fe355b10000 r-xp 00000000 103:02 15872873                  /usr/lib/jvm/java-12-oracle/lib/libnet.so
7fe355b10000-7fe355d10000 ---p 00016000 103:02 15872873                  /usr/lib/jvm/java-12-oracle/lib/libnet.so
7fe355d10000-7fe355d11000 r--p 00016000 103:02 15872873                  /usr/lib/jvm/java-12-oracle/lib/libnet.so
7fe355d11000-7fe355d12000 rw-p 00017000 103:02 15872873                  /usr/lib/jvm/java-12-oracle/lib/libnet.so
7fe355d12000-7fe355d23000 r-xp 00000000 103:02 15872874                  /usr/lib/jvm/java-12-oracle/lib/libnio.so
7fe355d23000-7fe355f22000 ---p 00011000 103:02 15872874                  /usr/lib/jvm/java-12-oracle/lib/libnio.so
7fe355f22000-7fe355f23000 r--p 00010000 103:02 15872874                  /usr/lib/jvm/java-12-oracle/lib/libnio.so
7fe355f23000-7fe355f24000 rw-p 00011000 103:02 15872874                  /usr/lib/jvm/java-12-oracle/lib/libnio.so
7fe355f24000-7fe355f28000 ---p 00000000 00:00 0 
7fe355f28000-7fe356025000 rw-p 00000000 00:00 0 
7fe356025000-7fe356029000 ---p 00000000 00:00 0 
7fe356029000-7fe356126000 rw-p 00000000 00:00 0 
7fe356126000-7fe35612a000 ---p 00000000 00:00 0 
7fe35612a000-7fe356227000 rw-p 00000000 00:00 0 
7fe356227000-7fe35622b000 ---p 00000000 00:00 0 
7fe35622b000-7fe356328000 rw-p 00000000 00:00 0 
7fe356328000-7fe35632c000 ---p 00000000 00:00 0 
7fe35632c000-7fe356429000 rw-p 00000000 00:00 0 
7fe356429000-7fe35642d000 ---p 00000000 00:00 0 
7fe35642d000-7fe35652a000 rw-p 00000000 00:00 0 
7fe35652a000-7fe35652e000 ---p 00000000 00:00 0 
7fe35652e000-7fe35662b000 rw-p 00000000 00:00 0 
7fe35662b000-7fe356ffa000 r--p 00000000 103:02 15866447                  /usr/lib/locale/locale-archive
7fe356ffa000-7fe356ffe000 ---p 00000000 00:00 0 
7fe356ffe000-7fe3570fb000 rw-p 00000000 00:00 0 
7fe3570fb000-7fe3570ff000 ---p 00000000 00:00 0 
7fe3570ff000-7fe3571fc000 rw-p 00000000 00:00 0 
7fe3571fc000-7fe3571fd000 ---p 00000000 00:00 0 
7fe3571fd000-7fe35791a000 rw-p 00000000 00:00 0 
7fe35791a000-7fe357bda000 ---p 00000000 00:00 0 
7fe357bda000-7fe357bdb000 ---p 00000000 00:00 0 
7fe357bdb000-7fe357cdc000 rw-p 00000000 00:00 0 
7fe357cdc000-7fe357cdd000 ---p 00000000 00:00 0 
7fe357cdd000-7fe35c000000 rw-p 00000000 00:00 0 
7fe35c000000-7fe35c021000 rw-p 00000000 00:00 0 
7fe35c021000-7fe360000000 ---p 00000000 00:00 0 
7fe360000000-7fe360021000 rw-p 00000000 00:00 0 
7fe360021000-7fe364000000 ---p 00000000 00:00 0 
7fe364000000-7fe364021000 rw-p 00000000 00:00 0 
7fe364021000-7fe368000000 ---p 00000000 00:00 0 
7fe36801e000-7fe368958000 rw-p 00000000 00:00 0 
7fe368958000-7fe368959000 ---p 00000000 00:00 0 
7fe368959000-7fe368a5a000 rw-p 00000000 00:00 0 
7fe368a5a000-7fe368a5b000 ---p 00000000 00:00 0 
7fe368a5b000-7fe368b5c000 rw-p 00000000 00:00 0 
7fe368b5c000-7fe368b5d000 ---p 00000000 00:00 0 
7fe368b5d000-7fe36a10f000 rw-p 00000000 00:00 0 
7fe36a10f000-7fe378c8f000 ---p 00000000 00:00 0 
7fe378c8f000-7fe379c6f000 rw-p 00000000 00:00 0 
7fe379c6f000-7fe3887ef000 ---p 00000000 00:00 0 
7fe3887ef000-7fe388a07000 rw-p 00000000 00:00 0 
7fe388a07000-7fe38a777000 ---p 00000000 00:00 0 
7fe38a777000-7fe38a973000 rw-p 00000000 00:00 0 
7fe38a973000-7fe38c6e3000 ---p 00000000 00:00 0 
7fe38c6e3000-7fe38c8df000 rw-p 00000000 00:00 0 
7fe38c8df000-7fe38e64f000 ---p 00000000 00:00 0 
7fe38e64f000-7fe390b78000 rw-p 00000000 00:00 0 
7fe390b78000-7fe390e48000 rwxp 00000000 00:00 0 
7fe390e48000-7fe3913d6000 ---p 00000000 00:00 0 
7fe3913d6000-7fe391646000 rwxp 00000000 00:00 0 
7fe391646000-7fe3987a7000 ---p 00000000 00:00 0 
7fe3987a7000-7fe398a17000 rwxp 00000000 00:00 0 
7fe398a17000-7fe39fb78000 ---p 00000000 00:00 0 
7fe39fb78000-7fe3a8000000 r--s 00000000 103:02 15872884                  /usr/lib/jvm/java-12-oracle/lib/modules
7fe3a8000000-7fe3a8977000 rw-p 00000000 00:00 0 
7fe3a8977000-7fe3ac000000 ---p 00000000 00:00 0 
7fe3ac008000-7fe3ac00c000 ---p 00000000 00:00 0 
7fe3ac00c000-7fe3ac676000 rw-p 00000000 00:00 0 
7fe3ac676000-7fe3ac759000 ---p 00000000 00:00 0 
7fe3ac759000-7fe3ac75e000 rw-p 00000000 00:00 0 
7fe3ac75e000-7fe3ac841000 ---p 00000000 00:00 0 
7fe3ac841000-7fe3ac85c000 r-xp 00000000 103:02 15872864                  /usr/lib/jvm/java-12-oracle/lib/libjimage.so
7fe3ac85c000-7fe3aca5b000 ---p 0001b000 103:02 15872864                  /usr/lib/jvm/java-12-oracle/lib/libjimage.so
7fe3aca5b000-7fe3aca5d000 r--p 0001a000 103:02 15872864                  /usr/lib/jvm/java-12-oracle/lib/libjimage.so
7fe3aca5d000-7fe3aca5e000 rw-p 0001c000 103:02 15872864                  /usr/lib/jvm/java-12-oracle/lib/libjimage.so
7fe3aca5e000-7fe3aca65000 r-xp 00000000 103:02 15872883                  /usr/lib/jvm/java-12-oracle/lib/libzip.so
7fe3aca65000-7fe3acc64000 ---p 00007000 103:02 15872883                  /usr/lib/jvm/java-12-oracle/lib/libzip.so
7fe3acc64000-7fe3acc65000 r--p 00006000 103:02 15872883                  /usr/lib/jvm/java-12-oracle/lib/libzip.so
7fe3acc65000-7fe3acc66000 rw-p 00007000 103:02 15872883                  /usr/lib/jvm/java-12-oracle/lib/libzip.so
7fe3acc66000-7fe3acc71000 r-xp 00000000 103:02 10490588                  /lib/x86_64-linux-gnu/libnss_files-2.27.so
7fe3acc71000-7fe3ace70000 ---p 0000b000 103:02 10490588                  /lib/x86_64-linux-gnu/libnss_files-2.27.so
7fe3ace70000-7fe3ace71000 r--p 0000a000 103:02 10490588                  /lib/x86_64-linux-gnu/libnss_files-2.27.so
7fe3ace71000-7fe3ace72000 rw-p 0000b000 103:02 10490588                  /lib/x86_64-linux-gnu/libnss_files-2.27.so
7fe3ace72000-7fe3ace78000 rw-p 00000000 00:00 0 
7fe3ace78000-7fe3ace8f000 r-xp 00000000 103:02 10490582                  /lib/x86_64-linux-gnu/libnsl-2.27.so
7fe3ace8f000-7fe3ad08e000 ---p 00017000 103:02 10490582                  /lib/x86_64-linux-gnu/libnsl-2.27.so
7fe3ad08e000-7fe3ad08f000 r--p 00016000 103:02 10490582                  /lib/x86_64-linux-gnu/libnsl-2.27.so
7fe3ad08f000-7fe3ad090000 rw-p 00017000 103:02 10490582                  /lib/x86_64-linux-gnu/libnsl-2.27.so
7fe3ad090000-7fe3ad092000 rw-p 00000000 00:00 0 
7fe3ad092000-7fe3ad09d000 r-xp 00000000 103:02 10490599                  /lib/x86_64-linux-gnu/libnss_nis-2.27.so
7fe3ad09d000-7fe3ad29c000 ---p 0000b000 103:02 10490599                  /lib/x86_64-linux-gnu/libnss_nis-2.27.so
7fe3ad29c000-7fe3ad29d000 r--p 0000a000 103:02 10490599                  /lib/x86_64-linux-gnu/libnss_nis-2.27.so
7fe3ad29d000-7fe3ad29e000 rw-p 0000b000 103:02 10490599                  /lib/x86_64-linux-gnu/libnss_nis-2.27.so
7fe3ad29e000-7fe3ad2a6000 r-xp 00000000 103:02 10490584                  /lib/x86_64-linux-gnu/libnss_compat-2.27.so
7fe3ad2a6000-7fe3ad4a6000 ---p 00008000 103:02 10490584                  /lib/x86_64-linux-gnu/libnss_compat-2.27.so
7fe3ad4a6000-7fe3ad4a7000 r--p 00008000 103:02 10490584                  /lib/x86_64-linux-gnu/libnss_compat-2.27.so
7fe3ad4a7000-7fe3ad4a8000 rw-p 00009000 103:02 10490584                  /lib/x86_64-linux-gnu/libnss_compat-2.27.so
7fe3ad4a8000-7fe3ad4b1000 r-xp 00000000 103:02 534333                    /home/rflachlan/netbeans/profiler/lib/deployed/jdk16/linux-amd64/libprofilerinterface.so
7fe3ad4b1000-7fe3ad5b1000 ---p 00009000 103:02 534333                    /home/rflachlan/netbeans/profiler/lib/deployed/jdk16/linux-amd64/libprofilerinterface.so
7fe3ad5b1000-7fe3ad5b2000 rw-p 00009000 103:02 534333                    /home/rflachlan/netbeans/profiler/lib/deployed/jdk16/linux-amd64/libprofilerinterface.so
7fe3ad5b2000-7fe3ad5da000 r-xp 00000000 103:02 15872860                  /usr/lib/jvm/java-12-oracle/lib/libjava.so
7fe3ad5da000-7fe3ad7d9000 ---p 00028000 103:02 15872860                  /usr/lib/jvm/java-12-oracle/lib/libjava.so
7fe3ad7d9000-7fe3ad7da000 r--p 00027000 103:02 15872860                  /usr/lib/jvm/java-12-oracle/lib/libjava.so
7fe3ad7da000-7fe3ad7dc000 rw-p 00028000 103:02 15872860                  /usr/lib/jvm/java-12-oracle/lib/libjava.so
7fe3ad7dc000-7fe3ad7e9000 r-xp 00000000 103:02 15872882                  /usr/lib/jvm/java-12-oracle/lib/libverify.so
7fe3ad7e9000-7fe3ad9e8000 ---p 0000d000 103:02 15872882                  /usr/lib/jvm/java-12-oracle/lib/libverify.so
7fe3ad9e8000-7fe3ad9ea000 r--p 0000c000 103:02 15872882                  /usr/lib/jvm/java-12-oracle/lib/libverify.so
7fe3ad9ea000-7fe3ad9eb000 rw-p 0000e000 103:02 15872882                  /usr/lib/jvm/java-12-oracle/lib/libverify.so
7fe3ad9eb000-7fe3ad9f2000 r-xp 00000000 103:02 10490639                  /lib/x86_64-linux-gnu/librt-2.27.so
7fe3ad9f2000-7fe3adbf1000 ---p 00007000 103:02 10490639                  /lib/x86_64-linux-gnu/librt-2.27.so
7fe3adbf1000-7fe3adbf2000 r--p 00006000 103:02 10490639                  /lib/x86_64-linux-gnu/librt-2.27.so
7fe3adbf2000-7fe3adbf3000 rw-p 00007000 103:02 10490639                  /lib/x86_64-linux-gnu/librt-2.27.so
7fe3adbf3000-7fe3add90000 r-xp 00000000 103:02 10490561                  /lib/x86_64-linux-gnu/libm-2.27.so
7fe3add90000-7fe3adf8f000 ---p 0019d000 103:02 10490561                  /lib/x86_64-linux-gnu/libm-2.27.so
7fe3adf8f000-7fe3adf90000 r--p 0019c000 103:02 10490561                  /lib/x86_64-linux-gnu/libm-2.27.so
7fe3adf90000-7fe3adf91000 rw-p 0019d000 103:02 10490561                  /lib/x86_64-linux-gnu/libm-2.27.so
7fe3adf91000-7fe3af0f5000 r-xp 00000000 103:02 15872898                  /usr/lib/jvm/java-12-oracle/lib/server/libjvm.so
7fe3af0f5000-7fe3af2f5000 ---p 01164000 103:02 15872898                  /usr/lib/jvm/java-12-oracle/lib/server/libjvm.so
7fe3af2f5000-7fe3af3b6000 r--p 01164000 103:02 15872898                  /usr/lib/jvm/java-12-oracle/lib/server/libjvm.so
7fe3af3b6000-7fe3af3ef000 rw-p 01225000 103:02 15872898                  /usr/lib/jvm/java-12-oracle/lib/server/libjvm.so
7fe3af3ef000-7fe3af472000 rw-p 00000000 00:00 0 
7fe3af472000-7fe3af659000 r-xp 00000000 103:02 10490498                  /lib/x86_64-linux-gnu/libc-2.27.so
7fe3af659000-7fe3af859000 ---p 001e7000 103:02 10490498                  /lib/x86_64-linux-gnu/libc-2.27.so
7fe3af859000-7fe3af85d000 r--p 001e7000 103:02 10490498                  /lib/x86_64-linux-gnu/libc-2.27.so
7fe3af85d000-7fe3af85f000 rw-p 001eb000 103:02 10490498                  /lib/x86_64-linux-gnu/libc-2.27.so
7fe3af85f000-7fe3af863000 rw-p 00000000 00:00 0 
7fe3af863000-7fe3af866000 r-xp 00000000 103:02 10490521                  /lib/x86_64-linux-gnu/libdl-2.27.so
7fe3af866000-7fe3afa65000 ---p 00003000 103:02 10490521                  /lib/x86_64-linux-gnu/libdl-2.27.so
7fe3afa65000-7fe3afa66000 r--p 00002000 103:02 10490521                  /lib/x86_64-linux-gnu/libdl-2.27.so
7fe3afa66000-7fe3afa67000 rw-p 00003000 103:02 10490521                  /lib/x86_64-linux-gnu/libdl-2.27.so
7fe3afa67000-7fe3afa81000 r-xp 00000000 103:02 10490631                  /lib/x86_64-linux-gnu/libpthread-2.27.so
7fe3afa81000-7fe3afc80000 ---p 0001a000 103:02 10490631                  /lib/x86_64-linux-gnu/libpthread-2.27.so
7fe3afc80000-7fe3afc81000 r--p 00019000 103:02 10490631                  /lib/x86_64-linux-gnu/libpthread-2.27.so
7fe3afc81000-7fe3afc82000 rw-p 0001a000 103:02 10490631                  /lib/x86_64-linux-gnu/libpthread-2.27.so
7fe3afc82000-7fe3afc86000 rw-p 00000000 00:00 0 
7fe3afc86000-7fe3afc96000 r-xp 00000000 103:02 15872865                  /usr/lib/jvm/java-12-oracle/lib/libjli.so
7fe3afc96000-7fe3afe95000 ---p 00010000 103:02 15872865                  /usr/lib/jvm/java-12-oracle/lib/libjli.so
7fe3afe95000-7fe3afe96000 r--p 0000f000 103:02 15872865                  /usr/lib/jvm/java-12-oracle/lib/libjli.so
7fe3afe96000-7fe3afe97000 rw-p 00010000 103:02 15872865                  /usr/lib/jvm/java-12-oracle/lib/libjli.so
7fe3afe97000-7fe3afeb3000 r-xp 00000000 103:02 10490670                  /lib/x86_64-linux-gnu/libz.so.1.2.11
7fe3afeb3000-7fe3b00b2000 ---p 0001c000 103:02 10490670                  /lib/x86_64-linux-gnu/libz.so.1.2.11
7fe3b00b2000-7fe3b00b3000 r--p 0001b000 103:02 10490670                  /lib/x86_64-linux-gnu/libz.so.1.2.11
7fe3b00b3000-7fe3b00b4000 rw-p 0001c000 103:02 10490670                  /lib/x86_64-linux-gnu/libz.so.1.2.11
7fe3b00b4000-7fe3b00db000 r-xp 00000000 103:02 10490470                  /lib/x86_64-linux-gnu/ld-2.27.so
7fe3b00ef000-7fe3b01b5000 rw-p 00000000 00:00 0 
7fe3b01b5000-7fe3b01c0000 ---p 00000000 00:00 0 
7fe3b01c0000-7fe3b01c4000 ---p 00000000 00:00 0 
7fe3b01c4000-7fe3b02c5000 rw-p 00000000 00:00 0 
7fe3b02ca000-7fe3b02cc000 r--s 00011000 103:02 537327                    /home/rflachlan/netbeans/profiler/lib/jfluid-server-15.jar
7fe3b02cc000-7fe3b02d0000 r--s 00073000 103:02 537329                    /home/rflachlan/netbeans/profiler/lib/jfluid-server.jar
7fe3b02d0000-7fe3b02d8000 rw-s 00000000 103:02 13369414                  /tmp/hsperfdata_rflachlan/19902
7fe3b02d8000-7fe3b02d9000 ---p 00000000 00:00 0 
7fe3b02d9000-7fe3b02da000 r--p 00000000 00:00 0 
7fe3b02da000-7fe3b02db000 ---p 00000000 00:00 0 
7fe3b02db000-7fe3b02dc000 r--p 00027000 103:02 10490470                  /lib/x86_64-linux-gnu/ld-2.27.so
7fe3b02dc000-7fe3b02dd000 rw-p 00028000 103:02 10490470                  /lib/x86_64-linux-gnu/ld-2.27.so
7fe3b02dd000-7fe3b02de000 rw-p 00000000 00:00 0 
7fff48175000-7fff48196000 rw-p 00000000 00:00 0                          [stack]
7fff481ec000-7fff481ef000 r--p 00000000 00:00 0                          [vvar]
7fff481ef000-7fff481f1000 r-xp 00000000 00:00 0                          [vdso]
ffffffffff600000-ffffffffff601000 r-xp 00000000 00:00 0                  [vsyscall]


VM Arguments:
jvm_args: -Dfile.encoding=UTF-8 -agentpath:/home/rflachlan/netbeans/profiler/lib/deployed/jdk16/linux-amd64/libprofilerinterface.so=/home/rflachlan/netbeans/profiler/lib,5140,10 -XX:+HeapDumpOnOutOfMemoryError -XX:HeapDumpPath=/home/rflachlan/NetBeansProjects/ChaffinchABC/nbproject/private/profiler 
java_command: org.ABCRunner.ABCRunner
java_class_path (initial): /home/rflachlan/Dropbox/workspace/dsiutils-2.3.3.jar:/home/rflachlan/Dropbox/workspace/dsiutils-deps/commons-math3-3.6.1.jar:/home/rflachlan/NetBeansProjects/ChaffinchABC/build/classes
Launcher Type: SUN_STANDARD

[Global flags]
     intx CICompilerCount                          = 18                                        {product} {ergonomic}
     uint ConcGCThreads                            = 11                                        {product} {ergonomic}
     uint G1ConcRefinementThreads                  = 43                                        {product} {ergonomic}
   size_t G1HeapRegionSize                         = 4194304                                   {product} {ergonomic}
    uintx GCDrainStackTargetSize                   = 64                                        {product} {ergonomic}
     bool HeapDumpOnOutOfMemoryError               = true                                   {manageable} {command line}
    ccstr HeapDumpPath                             = /home/rflachlan/NetBeansProjects/ChaffinchABC/nbproject/private/profiler         {manageable} {command line}
   size_t InitialHeapSize                          = 1056964608                                {product} {ergonomic}
   size_t MarkStackSize                            = 4194304                                   {product} {ergonomic}
   size_t MaxHeapSize                              = 16869490688                               {product} {ergonomic}
   size_t MaxNewSize                               = 10120855552                               {product} {ergonomic}
   size_t MinHeapDeltaBytes                        = 4194304                                   {product} {ergonomic}
    uintx NonNMethodCodeHeapSize                   = 8769992                                {pd product} {ergonomic}
    uintx NonProfiledCodeHeapSize                  = 121444124                              {pd product} {ergonomic}
    uintx ProfiledCodeHeapSize                     = 121444124                              {pd product} {ergonomic}
    uintx ReservedCodeCacheSize                    = 251658240                              {pd product} {ergonomic}
     bool SegmentedCodeCache                       = true                                      {product} {ergonomic}
     bool UseCompressedClassPointers               = true                                 {lp64_product} {ergonomic}
     bool UseCompressedOops                        = true                                 {lp64_product} {ergonomic}
     bool UseG1GC                                  = true                                      {product} {ergonomic}

Logging:
Log output configuration:
 #0: stdout all=warning uptime,level,tags
 #1: stderr all=off uptime,level,tags

Environment Variables:
JAVA_HOME=/usr/lib/jvm/java-12-oracle
PATH=/usr/local/sbin:/usr/local/bin:/usr/sbin:/usr/bin:/sbin:/bin:/usr/games:/usr/local/games:/snap/bin:/usr/lib/jvm/java-12-oracle/bin:/usr/lib/jvm/java-12-oracle/db/bin
USERNAME=rflachlan
SHELL=/bin/bash
DISPLAY=:0

Signal Handlers:
SIGSEGV: [libjvm.so+0xe45640], sa_mask[0]=11111111011111111101111111111110, sa_flags=SA_RESTART|SA_SIGINFO
SIGBUS: [libjvm.so+0xe45640], sa_mask[0]=11111111011111111101111111111110, sa_flags=SA_RESTART|SA_SIGINFO
SIGFPE: [libjvm.so+0xe45640], sa_mask[0]=11111111011111111101111111111110, sa_flags=SA_RESTART|SA_SIGINFO
SIGPIPE: [libjvm.so+0xbf4b50], sa_mask[0]=11111111011111111101111111111110, sa_flags=SA_RESTART|SA_SIGINFO
SIGXFSZ: [libjvm.so+0xbf4b50], sa_mask[0]=11111111011111111101111111111110, sa_flags=SA_RESTART|SA_SIGINFO
SIGILL: [libjvm.so+0xe45640], sa_mask[0]=11111111011111111101111111111110, sa_flags=SA_RESTART|SA_SIGINFO
SIGUSR2: [libjvm.so+0xbf49f0], sa_mask[0]=00100000000000000000000000000000, sa_flags=SA_RESTART|SA_SIGINFO
SIGHUP: [libjvm.so+0xbf4d50], sa_mask[0]=11111111011111111101111111111110, sa_flags=SA_RESTART|SA_SIGINFO
SIGINT: SIG_IGN, sa_mask[0]=00000000000000000000000000000000, sa_flags=none
SIGTERM: [libjvm.so+0xbf4d50], sa_mask[0]=11111111011111111101111111111110, sa_flags=SA_RESTART|SA_SIGINFO
SIGQUIT: [libjvm.so+0xbf4d50], sa_mask[0]=11111111011111111101111111111110, sa_flags=SA_RESTART|SA_SIGINFO


---------------  S Y S T E M  ---------------

OS:DISTRIB_ID=Ubuntu
DISTRIB_RELEASE=18.04
DISTRIB_CODENAME=bionic
DISTRIB_DESCRIPTION="Ubuntu 18.04.2 LTS"
uname:Linux 4.15.0-51-generic #55-Ubuntu SMP Wed May 15 14:27:21 UTC 2019 x86_64
libc:glibc 2.27 NPTL 2.27 
rlimit: STACK 8192k, CORE 0k, NPROC 256634, NOFILE 4096, AS infinity, DATA infinity, FSIZE infinity
load average:6.78 9.34 11.45

/proc/meminfo:
MemTotal:       65882016 kB
MemFree:        33966284 kB
MemAvailable:   58086876 kB
Buffers:          796328 kB
Cached:         22757776 kB
SwapCached:        20500 kB
Active:          9900880 kB
Inactive:       19470408 kB
Active(anon):    5206340 kB
Inactive(anon):   848104 kB
Active(file):    4694540 kB
Inactive(file): 18622304 kB
Unevictable:          16 kB
Mlocked:              16 kB
SwapTotal:       2097148 kB
SwapFree:        1547216 kB
Dirty:               968 kB
Writeback:             0 kB
AnonPages:       5800904 kB
Mapped:           840248 kB
Shmem:            237024 kB
Slab:            1964848 kB
SReclaimable:    1473652 kB
SUnreclaim:       491196 kB
KernelStack:       38656 kB
PageTables:        79856 kB
NFS_Unstable:          0 kB
Bounce:                0 kB
WritebackTmp:          0 kB
CommitLimit:    35038156 kB
Committed_AS:   16645908 kB
VmallocTotal:   34359738367 kB
VmallocUsed:           0 kB
VmallocChunk:          0 kB
HardwareCorrupted:     0 kB
AnonHugePages:         0 kB
ShmemHugePages:        0 kB
ShmemPmdMapped:        0 kB
CmaTotal:              0 kB
CmaFree:               0 kB
HugePages_Total:       0
HugePages_Free:        0
HugePages_Rsvd:        0
HugePages_Surp:        0
Hugepagesize:       2048 kB
DirectMap4k:      785432 kB
DirectMap2M:    46270464 kB
DirectMap1G:    19922944 kB


/proc/sys/kernel/threads-max (system-wide limit on the number of threads):
513269


/proc/sys/vm/max_map_count (maximum number of memory map areas a process may have):
65530


/proc/sys/kernel/pid_max (system-wide limit on number of process identifiers):
131072



container (cgroup) information:
container_type: cgroupv1
cpu_cpuset_cpus: 0-63
cpu_memory_nodes: 0,2
active_processor_count: 64
cpu_quota: -1
cpu_period: 100000
cpu_shares: -1
memory_limit_in_bytes: -1
memory_and_swap_limit_in_bytes: -2
memory_soft_limit_in_bytes: -1
memory_usage_in_bytes: 30064820224
memory_max_usage_in_bytes: 280272138240


CPU:total 64 (initial active 64) (64 cores per cpu, 2 threads per core) family 23 model 8 stepping 2, cmov, cx8, fxsr, mmx, sse, sse2, sse3, ssse3, sse4.1, sse4.2, popcnt, avx, avx2, aes, clmul, mmxext, 3dnowpref, lzcnt, sse4a, ht, tsc, tscinvbit, tscinv, bmi1, bmi2, adx, sha, fma
CPU Model and flags from /proc/cpuinfo:
model name	: AMD Ryzen Threadripper 2990WX 32-Core Processor
flags		: fpu vme de pse tsc msr pae mce cx8 apic sep mtrr pge mca cmov pat pse36 clflush mmx fxsr sse sse2 ht syscall nx mmxext fxsr_opt pdpe1gb rdtscp lm constant_tsc rep_good nopl nonstop_tsc cpuid extd_apicid amd_dcm aperfmperf pni pclmulqdq monitor ssse3 fma cx16 sse4_1 sse4_2 movbe popcnt aes xsave avx f16c rdrand lahf_lm cmp_legacy svm extapic cr8_legacy abm sse4a misalignsse 3dnowprefetch osvw skinit wdt tce topoext perfctr_core perfctr_nb bpext perfctr_llc mwaitx cpb hw_pstate sme ssbd ibpb vmmcall fsgsbase bmi1 avx2 smep bmi2 rdseed adx smap clflushopt sha_ni xsaveopt xsavec xgetbv1 xsaves clzero irperf xsaveerptr arat npt lbrv svm_lock nrip_save tsc_scale vmcb_clean flushbyasid decodeassists pausefilter pfthreshold avic v_vmsave_vmload vgif overflow_recov succor smca

Memory: 4k page, physical 65882016k(33966284k free), swap 2097148k(1547216k free)

vm_info: Java HotSpot(TM) 64-Bit Server VM (12.0.1+12) for linux-amd64 JRE (12.0.1+12), built on Apr  1 2019 23:46:14 by "mach5one" with gcc 7.3.0

END.
