#
# A fatal error has been detected by the Java Runtime Environment:
#
#  SIGSEGV (0xb) at pc=0x00007f31ad800cee, pid=73912, tid=73935
#
# JRE version: Java(TM) SE Runtime Environment (12.0.2+10) (build 12.0.2+10)
# Java VM: Java HotSpot(TM) 64-Bit Server VM (12.0.2+10, mixed mode, tiered, jvmci, jvmci compiler, g1 gc, linux-amd64)
# Problematic frame:
# V  [libjvm.so+0xb79cee]  Method::checked_resolve_jmethod_id(_jmethodID*)+0xe
#
# Core dump will be written. Default location: Core dumps may be processed with "/usr/share/apport/apport %p %s %c %d %P" (or dumping to /home/rflachlan/NetBeansProjects/ChaffinchABC/core.73912)
#
# If you would like to submit a bug report, please visit:
#   http://bugreport.java.com/bugreport/crash.jsp
#

---------------  S U M M A R Y ------------

Command Line: -Dfile.encoding=UTF-8 -XX:+UnlockExperimentalVMOptions -XX:+UseJVMCICompiler -XX:+UseJVMCICompiler -XX:+UseNUMA -Xmx50G -agentpath:/home/rflachlan/netbeans/profiler/lib/deployed/jdk16/linux-amd64/libprofilerinterface.so=/home/rflachlan/netbeans/profiler/lib,5140,10 -XX:+HeapDumpOnOutOfMemoryError -XX:HeapDumpPath=/home/rflachlan/NetBeansProjects/ChaffinchABC/nbproject/private/profiler org.ABCRunner.ABCRunner

Host: AMD Ryzen Threadripper 2990WX 32-Core Processor, 64 cores, 62G, Ubuntu 18.04.3 LTS
Time: Tue Nov 26 10:08:17 2019 GMT elapsed time: 6 seconds (0d 0h 0m 6s)

---------------  T H R E A D  ---------------

Current thread (0x00007f31a8644800):  JavaThread "*** Profiler Agent Communication Thread" daemon [_thread_in_vm, id=73935, stack(0x00007f247d5d0000,0x00007f247d6d1000)]

Stack: [0x00007f247d5d0000,0x00007f247d6d1000],  sp=0x00007f247d6cf630,  free space=1021k
Native frames: (J=compiled Java code, A=aot compiled Java code, j=interpreted, Vv=VM code, C=native code)
V  [libjvm.so+0xb79cee]  Method::checked_resolve_jmethod_id(_jmethodID*)+0xe
V  [libjvm.so+0x998ea0]  jvmti_GetMethodDeclaringClass+0x190

Java frames: (J=compiled Java code, j=interpreted, Vv=VM code)
j  org.netbeans.lib.profiler.server.system.Stacks.getMethodNamesForJMethodIds(I[I[I)[B+0
j  org.netbeans.lib.profiler.server.ProfilerInterface.getMethodNamesForJMethodIds([I)Lorg/netbeans/lib/profiler/wireprotocol/MethodNamesResponse;+20
j  org.netbeans.lib.profiler.server.ProfilerServer.handleClientCommand(Lorg/netbeans/lib/profiler/wireprotocol/Command;)V+691
j  org.netbeans.lib.profiler.server.ProfilerServer.listenToClient()V+48
j  org.netbeans.lib.profiler.server.ProfilerServer.run()V+22
v  ~StubRoutines::call_stub

siginfo: si_signo: 11 (SIGSEGV), si_code: 2 (SEGV_ACCERR), si_addr: 0x00007f3180000000

Register to memory mapping:

RAX=0x0000000000000074 is an unknown value
RBX=0x00007f31a8644800 is a thread
RCX=0x00007f31a7fff4c0: <offset 0x00000000001094c0> in /home/rflachlan/netbeans/profiler/lib/deployed/jdk16/linux-amd64/libprofilerinterface.so at 0x00007f31a7ef6000
RDX=0x0000000000000001 is an unknown value
RSP=0x00007f247d6cf630 is pointing into the stack for thread: 0x00007f31a8644800
RBP=0x00007f247d6cf640 is pointing into the stack for thread: 0x00007f31a8644800
RSI=0x00007f31a8644800 is a thread
RDI=
[error occurred during error reporting (printing register info), id 0xb, SIGSEGV (0xb) at pc=0x00007f31ad3bdc9d]

Registers:
RAX=0x0000000000000074, RBX=0x00007f31a8644800, RCX=0x00007f31a7fff4c0, RDX=0x0000000000000001
RSP=0x00007f247d6cf630, RBP=0x00007f247d6cf640, RSI=0x00007f31a8644800, RDI=0x00007f3180000000
R8 =0x0000000000000000, R9 =0x0000000000001891, R10=0xfffffffffffff000, R11=0x00000000001fe000
R12=0x00007f31a800b680, R13=0x00007f247d6cf710, R14=0x00007f3180000000, R15=0x00007f247d6cf660
RIP=0x00007f31ad800cee, EFLAGS=0x0000000000010206, CSGSFS=0x002b000000000033, ERR=0x0000000000000004
  TRAPNO=0x000000000000000e

Top of Stack: (sp=0x00007f247d6cf630)
0x00007f247d6cf630:   0000000000000000 00007f31a8644800
0x00007f247d6cf640:   00007f247d6cf6b0 00007f31ad61fea0
0x00007f247d6cf650:   00007f31a8644800 0000000000000cd0
0x00007f247d6cf660:   00007f31a8644800 0000000000000000 

Instructions: (pc=0x00007f31ad800cee)
0x00007f31ad800bee:   00 00 bf 40 00 00 00 4c 8d 70 08 e8 b2 be 85 ff
0x00007f31ad800bfe:   41 8b 4c 24 10 49 89 44 24 08 85 c9 7e 27 31 c9
0x00007f31ad800c0e:   31 d2 eb 0b 66 0f 1f 44 00 00 49 8b 44 24 08 48
0x00007f31ad800c1e:   c7 04 08 37 00 00 00 83 c2 01 48 83 c1 08 41 39
0x00007f31ad800c2e:   54 24 10 7f e5 4d 89 74 24 20 4c 89 63 60 e9 c4
0x00007f31ad800c3e:   fc ff ff 90 0f 1f 40 00 66 2e 0f 1f 84 00 00 00
0x00007f31ad800c4e:   00 00 55 48 c7 06 37 00 00 00 48 89 e5 5d c3 90
0x00007f31ad800c5e:   66 90 55 48 89 37 48 89 e5 5d c3 90 66 0f 1f 44
0x00007f31ad800c6e:   00 00 48 8b 07 55 48 89 e5 48 8b 40 08 48 8b 40
0x00007f31ad800c7e:   08 48 8b 40 18 48 8b 80 98 00 00 00 48 8b 50 60
0x00007f31ad800c8e:   48 85 d2 0f 94 c0 48 85 ff 0f 94 c1 08 c8 75 32
0x00007f31ad800c9e:   48 83 c2 08 66 0f 1f 44 00 00 48 8b 0a 48 39 cf
0x00007f31ad800cae:   72 0d 48 63 72 08 48 8d 0c f1 48 39 cf 72 1b 48
0x00007f31ad800cbe:   8b 52 10 48 85 d2 75 e2 5d c3 0f 1f 84 00 00 00
0x00007f31ad800cce:   00 00 31 c0 5d c3 0f 1f 40 00 b8 01 00 00 00 5d
0x00007f31ad800cde:   c3 90 55 48 89 e5 53 48 83 ec 08 48 85 ff 74 3b
0x00007f31ad800cee:   48 8b 1f 48 85 db 74 33 48 83 fb 37 74 2d 48 8b
0x00007f31ad800cfe:   03 48 8d 15 8a 2b ad ff 48 8b 40 10 48 39 d0 75
0x00007f31ad800d0e:   11 48 83 c4 08 48 89 d8 5b 5d c3 0f 1f 80 00 00
0x00007f31ad800d1e:   00 00 48 89 df ff d0 84 c0 75 e6 31 db 48 83 c4
0x00007f31ad800d2e:   08 48 89 d8 5b 5d c3 90 66 2e 0f 1f 84 00 00 00
0x00007f31ad800d3e:   00 00 48 8b 4f 60 55 48 89 e5 48 83 c1 08 74 32
0x00007f31ad800d4e:   66 90 8b 41 08 85 c0 7e 20 31 d2 31 c0 0f 1f 44
0x00007f31ad800d5e:   00 00 48 8b 31 83 c0 01 48 c7 04 16 00 00 00 00
0x00007f31ad800d6e:   48 83 c2 08 39 41 08 7f e9 48 8b 49 10 48 85 c9
0x00007f31ad800d7e:   75 d0 5d c3 0f 1f 40 00 66 2e 0f 1f 84 00 00 00
0x00007f31ad800d8e:   00 00 48 8d 05 01 52 8a 00 48 39 07 55 48 89 e5
0x00007f31ad800d9e:   5d 0f 94 c0 c3 90 66 90 66 2e 0f 1f 84 00 00 00
0x00007f31ad800dae:   00 00 48 85 ff 74 4b 40 f6 c7 07 75 45 48 8d 05
0x00007f31ad800dbe:   9e 99 8e 00 48 3b 38 73 0c 48 8d 05 9a 99 8e 00
0x00007f31ad800dce:   48 3b 38 73 45 55 48 89 e5 53 48 89 fb 48 83 ec
0x00007f31ad800dde:   08 e8 2c 73 fe ff 84 c0 74 20 48 8d 05 a9 51 8a 


Stack slot to memory mapping:
stack at sp + 0 slots: 0x0 is NULL
stack at sp + 1 slots: 0x00007f31a8644800 is a thread
stack at sp + 2 slots: 0x00007f247d6cf6b0 is pointing into the stack for thread: 0x00007f31a8644800
stack at sp + 3 slots: 0x00007f31ad61fea0: <offset 0x0000000000998ea0> in /usr/lib/jvm/java-12-oracle/lib/server/libjvm.so at 0x00007f31acc87000
stack at sp + 4 slots: 0x00007f31a8644800 is a thread
stack at sp + 5 slots: 0x0000000000000cd0 is an unknown value
stack at sp + 6 slots: 0x00007f31a8644800 is a thread
stack at sp + 7 slots: 0x0 is NULL


---------------  P R O C E S S  ---------------

Threads class SMR info:
_java_thread_list=0x00007f23840030c0, length=18, elements={
0x00007f31a8016000, 0x00007f31a8338000, 0x00007f31a833b800, 0x00007f31a8357000,
0x00007f31a8359000, 0x00007f31a835b000, 0x00007f31a835d000, 0x00007f31a846a000,
0x00007f2458086000, 0x00007f2458088000, 0x00007f31a8644800, 0x00007f24440a5000,
0x00007f31a8651800, 0x00007f31a8654000, 0x00007f24480ea000, 0x00007f24381e9800,
0x00007f2370004000, 0x00007f31a882d000
}

Java Threads: ( => current thread )
  0x00007f31a8016000 JavaThread "main" [_thread_blocked, id=73916, stack(0x00007f31aeeb5000,0x00007f31aefb6000)]
  0x00007f31a8338000 JavaThread "Reference Handler" daemon [_thread_blocked, id=73923, stack(0x00007f247efd5000,0x00007f247f0d6000)]
  0x00007f31a833b800 JavaThread "Finalizer" daemon [_thread_blocked, id=73924, stack(0x00007f247eed4000,0x00007f247efd5000)]
  0x00007f31a8357000 JavaThread "Signal Dispatcher" daemon [_thread_blocked, id=73925, stack(0x00007f247e404000,0x00007f247e505000)]
  0x00007f31a8359000 JavaThread "JVMCI CompilerThread0" daemon [_thread_blocked, id=73926, stack(0x00007f247e303000,0x00007f247e404000)]
  0x00007f31a835b000 JavaThread "C1 CompilerThread0" daemon [_thread_blocked, id=73927, stack(0x00007f247e202000,0x00007f247e303000)]
  0x00007f31a835d000 JavaThread "Sweeper thread" daemon [_thread_blocked, id=73928, stack(0x00007f247e101000,0x00007f247e202000)]
  0x00007f31a846a000 JavaThread "Common-Cleaner" daemon [_thread_blocked, id=73929, stack(0x00007f247e000000,0x00007f247e101000)]
  0x00007f2458086000 JavaThread "C1 CompilerThread1" daemon [_thread_blocked, id=73930, stack(0x00007f247deff000,0x00007f247e000000)]
  0x00007f2458088000 JavaThread "C1 CompilerThread2" daemon [_thread_blocked, id=73931, stack(0x00007f247ddfe000,0x00007f247deff000)]
=>0x00007f31a8644800 JavaThread "*** Profiler Agent Communication Thread" daemon [_thread_in_vm, id=73935, stack(0x00007f247d5d0000,0x00007f247d6d1000)]
  0x00007f24440a5000 JavaThread "HotSpotGraalManagement Bean Registration" daemon [_thread_blocked, id=73937, stack(0x00007f247cfcb000,0x00007f247d0cc000)]
  0x00007f31a8651800 JavaThread "*** JFluid Monitor thread ***" daemon [_thread_blocked, id=73944, stack(0x00007f247c3c5000,0x00007f247c4c6000)]
  0x00007f31a8654000 JavaThread "*** Profiler Agent Special Execution Thread 6" daemon [_thread_blocked, id=73945, stack(0x00007f247c2c4000,0x00007f247c3c5000)]
  0x00007f24480ea000 JavaThread "C1 CompilerThread3" daemon [_thread_blocked, id=73981, stack(0x00007f24153b5000,0x00007f24154b6000)]
  0x00007f24381e9800 JavaThread "process reaper" daemon [_thread_blocked, id=73986, stack(0x00007f3188026000,0x00007f3188048000)]
  0x00007f2370004000 JavaThread "*** Profiler Agent Special Execution Thread 10" daemon [_thread_blocked, id=73988, stack(0x00007f241468c000,0x00007f241478d000)]
  0x00007f31a882d000 JavaThread "Service Thread" daemon [_thread_blocked, id=73989, stack(0x00007f2414eb2000,0x00007f2414fb3000)]

Other Threads:
  0x00007f31a8329800 VMThread "VM Thread" [stack: 0x00007f247f0d8000,0x00007f247f1d8000] [id=73922]
  0x00007f31a8830000 WatcherThread [stack: 0x00007f241438c000,0x00007f241448c000] [id=73990]
  0x00007f31a8092000 GCTaskThread "GC Thread#0" [stack: 0x00007f2490992000,0x00007f2490a92000] [id=73917]
  0x00007f2474001000 GCTaskThread "GC Thread#1" [stack: 0x00007f24174f8000,0x00007f24175f8000] [id=73948]
  0x00007f2474002800 GCTaskThread "GC Thread#2" [stack: 0x00007f24173f6000,0x00007f24174f6000] [id=73949]
  0x00007f2474004000 GCTaskThread "GC Thread#3" [stack: 0x00007f24172f4000,0x00007f24173f4000] [id=73950]
  0x00007f2474005800 GCTaskThread "GC Thread#4" [stack: 0x00007f24171f2000,0x00007f24172f2000] [id=73951]
  0x00007f2474007800 GCTaskThread "GC Thread#5" [stack: 0x00007f24170f0000,0x00007f24171f0000] [id=73952]
  0x00007f2474009000 GCTaskThread "GC Thread#6" [stack: 0x00007f2416fee000,0x00007f24170ee000] [id=73953]
  0x00007f247400b000 GCTaskThread "GC Thread#7" [stack: 0x00007f2416eec000,0x00007f2416fec000] [id=73954]
  0x00007f247400d000 GCTaskThread "GC Thread#8" [stack: 0x00007f2416dea000,0x00007f2416eea000] [id=73955]
  0x00007f247400e800 GCTaskThread "GC Thread#9" [stack: 0x00007f2416ce8000,0x00007f2416de8000] [id=73956]
  0x00007f2474010800 GCTaskThread "GC Thread#10" [stack: 0x00007f2416be6000,0x00007f2416ce6000] [id=73957]
  0x00007f2474012000 GCTaskThread "GC Thread#11" [stack: 0x00007f2416ae4000,0x00007f2416be4000] [id=73958]
  0x00007f2474014000 GCTaskThread "GC Thread#12" [stack: 0x00007f24169e2000,0x00007f2416ae2000] [id=73959]
  0x00007f2474015800 GCTaskThread "GC Thread#13" [stack: 0x00007f24168e0000,0x00007f24169e0000] [id=73960]
  0x00007f2474017800 GCTaskThread "GC Thread#14" [stack: 0x00007f24167de000,0x00007f24168de000] [id=73961]
  0x00007f2474019000 GCTaskThread "GC Thread#15" [stack: 0x00007f24166dc000,0x00007f24167dc000] [id=73962]
  0x00007f247401b000 GCTaskThread "GC Thread#16" [stack: 0x00007f24165da000,0x00007f24166da000] [id=73963]
  0x00007f247401d000 GCTaskThread "GC Thread#17" [stack: 0x00007f24164d8000,0x00007f24165d8000] [id=73964]
  0x00007f247401e800 GCTaskThread "GC Thread#18" [stack: 0x00007f24163d6000,0x00007f24164d6000] [id=73965]
  0x00007f2474020800 GCTaskThread "GC Thread#19" [stack: 0x00007f24162d4000,0x00007f24163d4000] [id=73966]
  0x00007f2474022000 GCTaskThread "GC Thread#20" [stack: 0x00007f24161d2000,0x00007f24162d2000] [id=73967]
  0x00007f2474024000 GCTaskThread "GC Thread#21" [stack: 0x00007f24160d0000,0x00007f24161d0000] [id=73968]
  0x00007f2474025800 GCTaskThread "GC Thread#22" [stack: 0x00007f2415fce000,0x00007f24160ce000] [id=73969]
  0x00007f2474027800 GCTaskThread "GC Thread#23" [stack: 0x00007f2415ecc000,0x00007f2415fcc000] [id=73970]
  0x00007f31a80b9800 ConcurrentGCThread "G1 Main Marker" [stack: 0x00007f2490890000,0x00007f2490990000] [id=73918]
  0x00007f31a80bb800 ConcurrentGCThread "G1 Conc#0" [stack: 0x00007f249078e000,0x00007f249088e000] [id=73919]
  0x00007f2484001000 ConcurrentGCThread "G1 Conc#1" [stack: 0x00007f2415dca000,0x00007f2415eca000] [id=73971]
  0x00007f2484002800 ConcurrentGCThread "G1 Conc#2" [stack: 0x00007f2415cc8000,0x00007f2415dc8000] [id=73972]
  0x00007f2484004000 ConcurrentGCThread "G1 Conc#3" [stack: 0x00007f2415bc6000,0x00007f2415cc6000] [id=73973]
  0x00007f2484006000 ConcurrentGCThread "G1 Conc#4" [stack: 0x00007f2415ac4000,0x00007f2415bc4000] [id=73974]
  0x00007f2484007800 ConcurrentGCThread "G1 Conc#5" [stack: 0x00007f24159c2000,0x00007f2415ac2000] [id=73975]
  0x00007f2484009000 ConcurrentGCThread "G1 Conc#6" [stack: 0x00007f24158c0000,0x00007f24159c0000] [id=73976]
  0x00007f248400a800 ConcurrentGCThread "G1 Conc#7" [stack: 0x00007f24157be000,0x00007f24158be000] [id=73977]
  0x00007f248400c800 ConcurrentGCThread "G1 Conc#8" [stack: 0x00007f24156bc000,0x00007f24157bc000] [id=73978]
  0x00007f248400e000 ConcurrentGCThread "G1 Conc#9" [stack: 0x00007f24155ba000,0x00007f24156ba000] [id=73979]
  0x00007f248400f800 ConcurrentGCThread "G1 Conc#10" [stack: 0x00007f24154b8000,0x00007f24155b8000] [id=73980]
  0x00007f31a82af000 ConcurrentGCThread "G1 Refine#0" [stack: 0x00007f247fadc000,0x00007f247fbdc000] [id=73920]
  0x00007f31a82b0800 ConcurrentGCThread "G1 Young RemSet Sampling" [stack: 0x00007f247f9da000,0x00007f247fada000] [id=73921]

Threads with active compile tasks:

VM state:synchronizing (normal execution)

VM Mutex/Monitor currently owned by a thread:  ([mutex/lock_event])
[0x00007f31a8011bf0] Threads_lock - owner thread: 0x00007f31a8329800

Heap:
 garbage-first heap   total 712704K, used 399287K [0x00007f2508000000, 0x00007f3188000000)
  region size 8192K, 43 young (352256K), 1 survivors (8192K)
 Metaspace       used 31791K, capacity 32146K, committed 32256K, reserved 32768K
Heap Regions: E=young(eden), S=young(survivor), O=old, HS=humongous(starts), HC=humongous(continues), CS=collection set, F=free, A=archive, TAMS=top-at-mark-start (previous, next)
|   0|0x00007f2508000000, 0x00007f2508800000, 0x00007f2508800000|100%| O|  |TAMS 0x00007f2508000000, 0x00007f2508000000| Untracked 
|   1|0x00007f2508800000, 0x00007f2509000000, 0x00007f2509000000|100%| O|  |TAMS 0x00007f2508800000, 0x00007f2508800000| Untracked 
|   2|0x00007f2509000000, 0x00007f2509800000, 0x00007f2509800000|100%| O|  |TAMS 0x00007f2509000000, 0x00007f2509000000| Untracked 
|   3|0x00007f2509800000, 0x00007f250a000000, 0x00007f250a000000|100%| O|  |TAMS 0x00007f2509800000, 0x00007f2509800000| Untracked 
|   4|0x00007f250a000000, 0x00007f250a800000, 0x00007f250a800000|100%| O|  |TAMS 0x00007f250a000000, 0x00007f250a000000| Untracked 
|   5|0x00007f250a800000, 0x00007f250b000000, 0x00007f250b000000|100%| O|  |TAMS 0x00007f250a800000, 0x00007f250a800000| Untracked 
|   6|0x00007f250b000000, 0x00007f250b800000, 0x00007f250b800000|100%| O|  |TAMS 0x00007f250b000000, 0x00007f250b000000| Untracked 
|   7|0x00007f250b800000, 0x00007f250bd82600, 0x00007f250c000000| 68%| O|  |TAMS 0x00007f250b800000, 0x00007f250b800000| Untracked 
|   8|0x00007f250c000000, 0x00007f250c000000, 0x00007f250c800000|  0%| F|  |TAMS 0x00007f250c000000, 0x00007f250c000000| Untracked 
|   9|0x00007f250c800000, 0x00007f250c800000, 0x00007f250d000000|  0%| F|  |TAMS 0x00007f250c800000, 0x00007f250c800000| Untracked 
|  10|0x00007f250d000000, 0x00007f250d000000, 0x00007f250d800000|  0%| F|  |TAMS 0x00007f250d000000, 0x00007f250d000000| Untracked 
|  11|0x00007f250d800000, 0x00007f250d800000, 0x00007f250e000000|  0%| F|  |TAMS 0x00007f250d800000, 0x00007f250d800000| Untracked 
|  12|0x00007f250e000000, 0x00007f250e000000, 0x00007f250e800000|  0%| F|  |TAMS 0x00007f250e000000, 0x00007f250e000000| Untracked 
|  13|0x00007f250e800000, 0x00007f250e800000, 0x00007f250f000000|  0%| F|  |TAMS 0x00007f250e800000, 0x00007f250e800000| Untracked 
|  14|0x00007f250f000000, 0x00007f250f000000, 0x00007f250f800000|  0%| F|  |TAMS 0x00007f250f000000, 0x00007f250f000000| Untracked 
|  15|0x00007f250f800000, 0x00007f250f800000, 0x00007f2510000000|  0%| F|  |TAMS 0x00007f250f800000, 0x00007f250f800000| Untracked 
|  16|0x00007f2510000000, 0x00007f2510000000, 0x00007f2510800000|  0%| F|  |TAMS 0x00007f2510000000, 0x00007f2510000000| Untracked 
|  17|0x00007f2510800000, 0x00007f2510800000, 0x00007f2511000000|  0%| F|  |TAMS 0x00007f2510800000, 0x00007f2510800000| Untracked 
|  18|0x00007f2511000000, 0x00007f2511000000, 0x00007f2511800000|  0%| F|  |TAMS 0x00007f2511000000, 0x00007f2511000000| Untracked 
|  19|0x00007f2511800000, 0x00007f2511800000, 0x00007f2512000000|  0%| F|  |TAMS 0x00007f2511800000, 0x00007f2511800000| Untracked 
|  20|0x00007f2512000000, 0x00007f2512000000, 0x00007f2512800000|  0%| F|  |TAMS 0x00007f2512000000, 0x00007f2512000000| Untracked 
|  21|0x00007f2512800000, 0x00007f2512800000, 0x00007f2513000000|  0%| F|  |TAMS 0x00007f2512800000, 0x00007f2512800000| Untracked 
|  22|0x00007f2513000000, 0x00007f2513000000, 0x00007f2513800000|  0%| F|  |TAMS 0x00007f2513000000, 0x00007f2513000000| Untracked 
|  23|0x00007f2513800000, 0x00007f2513800000, 0x00007f2514000000|  0%| F|  |TAMS 0x00007f2513800000, 0x00007f2513800000| Untracked 
|  24|0x00007f2514000000, 0x00007f2514000000, 0x00007f2514800000|  0%| F|  |TAMS 0x00007f2514000000, 0x00007f2514000000| Untracked 
|  25|0x00007f2514800000, 0x00007f2514800000, 0x00007f2515000000|  0%| F|  |TAMS 0x00007f2514800000, 0x00007f2514800000| Untracked 
|  26|0x00007f2515000000, 0x00007f2515000000, 0x00007f2515800000|  0%| F|  |TAMS 0x00007f2515000000, 0x00007f2515000000| Untracked 
|  27|0x00007f2515800000, 0x00007f2515800000, 0x00007f2516000000|  0%| F|  |TAMS 0x00007f2515800000, 0x00007f2515800000| Untracked 
|  28|0x00007f2516000000, 0x00007f2516000000, 0x00007f2516800000|  0%| F|  |TAMS 0x00007f2516000000, 0x00007f2516000000| Untracked 
|  29|0x00007f2516800000, 0x00007f2516800000, 0x00007f2517000000|  0%| F|  |TAMS 0x00007f2516800000, 0x00007f2516800000| Untracked 
|  30|0x00007f2517000000, 0x00007f2517000000, 0x00007f2517800000|  0%| F|  |TAMS 0x00007f2517000000, 0x00007f2517000000| Untracked 
|  31|0x00007f2517800000, 0x00007f2517800000, 0x00007f2518000000|  0%| F|  |TAMS 0x00007f2517800000, 0x00007f2517800000| Untracked 
|  32|0x00007f2518000000, 0x00007f2518000000, 0x00007f2518800000|  0%| F|  |TAMS 0x00007f2518000000, 0x00007f2518000000| Untracked 
|  33|0x00007f2518800000, 0x00007f2518800000, 0x00007f2519000000|  0%| F|  |TAMS 0x00007f2518800000, 0x00007f2518800000| Untracked 
|  34|0x00007f2519000000, 0x00007f2519000000, 0x00007f2519800000|  0%| F|  |TAMS 0x00007f2519000000, 0x00007f2519000000| Untracked 
|  35|0x00007f2519800000, 0x00007f251986b7a0, 0x00007f251a000000|  5%| S|CS|TAMS 0x00007f2519800000, 0x00007f2519800000| Complete 
|  36|0x00007f251a000000, 0x00007f251a000000, 0x00007f251a800000|  0%| F|  |TAMS 0x00007f251a000000, 0x00007f251a000000| Untracked 
|  37|0x00007f251a800000, 0x00007f251a800000, 0x00007f251b000000|  0%| F|  |TAMS 0x00007f251a800000, 0x00007f251a800000| Untracked 
|  38|0x00007f251b000000, 0x00007f251b000000, 0x00007f251b800000|  0%| F|  |TAMS 0x00007f251b000000, 0x00007f251b000000| Untracked 
|  39|0x00007f251b800000, 0x00007f251b800000, 0x00007f251c000000|  0%| F|  |TAMS 0x00007f251b800000, 0x00007f251b800000| Untracked 
|  40|0x00007f251c000000, 0x00007f251c000000, 0x00007f251c800000|  0%| F|  |TAMS 0x00007f251c000000, 0x00007f251c000000| Untracked 
|  41|0x00007f251c800000, 0x00007f251c800000, 0x00007f251d000000|  0%| F|  |TAMS 0x00007f251c800000, 0x00007f251c800000| Untracked 
|  42|0x00007f251d000000, 0x00007f251d000000, 0x00007f251d800000|  0%| F|  |TAMS 0x00007f251d000000, 0x00007f251d000000| Untracked 
|  43|0x00007f251d800000, 0x00007f251d800000, 0x00007f251e000000|  0%| F|  |TAMS 0x00007f251d800000, 0x00007f251d800000| Untracked 
|  44|0x00007f251e000000, 0x00007f251e000000, 0x00007f251e800000|  0%| F|  |TAMS 0x00007f251e000000, 0x00007f251e000000| Untracked 
|  45|0x00007f251e800000, 0x00007f251f000000, 0x00007f251f000000|100%| E|  |TAMS 0x00007f251e800000, 0x00007f251e800000| Complete 
|  46|0x00007f251f000000, 0x00007f251f800000, 0x00007f251f800000|100%| E|CS|TAMS 0x00007f251f000000, 0x00007f251f000000| Complete 
|  47|0x00007f251f800000, 0x00007f2520000000, 0x00007f2520000000|100%| E|CS|TAMS 0x00007f251f800000, 0x00007f251f800000| Complete 
|  48|0x00007f2520000000, 0x00007f2520800000, 0x00007f2520800000|100%| E|CS|TAMS 0x00007f2520000000, 0x00007f2520000000| Complete 
|  49|0x00007f2520800000, 0x00007f2521000000, 0x00007f2521000000|100%| E|CS|TAMS 0x00007f2520800000, 0x00007f2520800000| Complete 
|  50|0x00007f2521000000, 0x00007f2521800000, 0x00007f2521800000|100%| E|CS|TAMS 0x00007f2521000000, 0x00007f2521000000| Complete 
|  51|0x00007f2521800000, 0x00007f2522000000, 0x00007f2522000000|100%| E|CS|TAMS 0x00007f2521800000, 0x00007f2521800000| Complete 
|  52|0x00007f2522000000, 0x00007f2522800000, 0x00007f2522800000|100%| E|CS|TAMS 0x00007f2522000000, 0x00007f2522000000| Complete 
|  53|0x00007f2522800000, 0x00007f2523000000, 0x00007f2523000000|100%| E|CS|TAMS 0x00007f2522800000, 0x00007f2522800000| Complete 
|  54|0x00007f2523000000, 0x00007f2523800000, 0x00007f2523800000|100%| E|CS|TAMS 0x00007f2523000000, 0x00007f2523000000| Complete 
|  55|0x00007f2523800000, 0x00007f2524000000, 0x00007f2524000000|100%| E|CS|TAMS 0x00007f2523800000, 0x00007f2523800000| Complete 
|  56|0x00007f2524000000, 0x00007f2524800000, 0x00007f2524800000|100%| E|CS|TAMS 0x00007f2524000000, 0x00007f2524000000| Complete 
|  57|0x00007f2524800000, 0x00007f2525000000, 0x00007f2525000000|100%| E|CS|TAMS 0x00007f2524800000, 0x00007f2524800000| Complete 
|  58|0x00007f2525000000, 0x00007f2525800000, 0x00007f2525800000|100%| E|CS|TAMS 0x00007f2525000000, 0x00007f2525000000| Complete 
|  59|0x00007f2525800000, 0x00007f2526000000, 0x00007f2526000000|100%| E|CS|TAMS 0x00007f2525800000, 0x00007f2525800000| Complete 
|  60|0x00007f2526000000, 0x00007f2526800000, 0x00007f2526800000|100%| E|CS|TAMS 0x00007f2526000000, 0x00007f2526000000| Complete 
|  61|0x00007f2526800000, 0x00007f2527000000, 0x00007f2527000000|100%| E|CS|TAMS 0x00007f2526800000, 0x00007f2526800000| Complete 
|  62|0x00007f2527000000, 0x00007f2527800000, 0x00007f2527800000|100%| E|CS|TAMS 0x00007f2527000000, 0x00007f2527000000| Complete 
|  63|0x00007f2527800000, 0x00007f2528000000, 0x00007f2528000000|100%| E|CS|TAMS 0x00007f2527800000, 0x00007f2527800000| Complete 
|  64|0x00007f2528000000, 0x00007f2528800000, 0x00007f2528800000|100%| E|CS|TAMS 0x00007f2528000000, 0x00007f2528000000| Complete 
|  65|0x00007f2528800000, 0x00007f2529000000, 0x00007f2529000000|100%| E|CS|TAMS 0x00007f2528800000, 0x00007f2528800000| Complete 
|  66|0x00007f2529000000, 0x00007f2529800000, 0x00007f2529800000|100%| E|CS|TAMS 0x00007f2529000000, 0x00007f2529000000| Complete 
|  67|0x00007f2529800000, 0x00007f252a000000, 0x00007f252a000000|100%| E|CS|TAMS 0x00007f2529800000, 0x00007f2529800000| Complete 
|  68|0x00007f252a000000, 0x00007f252a800000, 0x00007f252a800000|100%| E|CS|TAMS 0x00007f252a000000, 0x00007f252a000000| Complete 
|  69|0x00007f252a800000, 0x00007f252b000000, 0x00007f252b000000|100%| E|CS|TAMS 0x00007f252a800000, 0x00007f252a800000| Complete 
|  70|0x00007f252b000000, 0x00007f252b800000, 0x00007f252b800000|100%| E|CS|TAMS 0x00007f252b000000, 0x00007f252b000000| Complete 
|  71|0x00007f252b800000, 0x00007f252c000000, 0x00007f252c000000|100%| E|CS|TAMS 0x00007f252b800000, 0x00007f252b800000| Complete 
|  72|0x00007f252c000000, 0x00007f252c800000, 0x00007f252c800000|100%| E|CS|TAMS 0x00007f252c000000, 0x00007f252c000000| Complete 
|  73|0x00007f252c800000, 0x00007f252d000000, 0x00007f252d000000|100%| E|CS|TAMS 0x00007f252c800000, 0x00007f252c800000| Complete 
|  74|0x00007f252d000000, 0x00007f252d800000, 0x00007f252d800000|100%| E|CS|TAMS 0x00007f252d000000, 0x00007f252d000000| Complete 
|  75|0x00007f252d800000, 0x00007f252e000000, 0x00007f252e000000|100%| E|CS|TAMS 0x00007f252d800000, 0x00007f252d800000| Complete 
|  76|0x00007f252e000000, 0x00007f252e800000, 0x00007f252e800000|100%| E|CS|TAMS 0x00007f252e000000, 0x00007f252e000000| Complete 
|  77|0x00007f252e800000, 0x00007f252f000000, 0x00007f252f000000|100%| E|CS|TAMS 0x00007f252e800000, 0x00007f252e800000| Complete 
|  78|0x00007f252f000000, 0x00007f252f800000, 0x00007f252f800000|100%| E|CS|TAMS 0x00007f252f000000, 0x00007f252f000000| Complete 
|  79|0x00007f252f800000, 0x00007f2530000000, 0x00007f2530000000|100%| E|CS|TAMS 0x00007f252f800000, 0x00007f252f800000| Complete 
|  80|0x00007f2530000000, 0x00007f2530800000, 0x00007f2530800000|100%| E|CS|TAMS 0x00007f2530000000, 0x00007f2530000000| Complete 
|  81|0x00007f2530800000, 0x00007f2531000000, 0x00007f2531000000|100%| E|CS|TAMS 0x00007f2530800000, 0x00007f2530800000| Complete 
|  82|0x00007f2531000000, 0x00007f2531800000, 0x00007f2531800000|100%| E|CS|TAMS 0x00007f2531000000, 0x00007f2531000000| Complete 
|  83|0x00007f2531800000, 0x00007f2532000000, 0x00007f2532000000|100%| E|CS|TAMS 0x00007f2531800000, 0x00007f2531800000| Complete 
|  84|0x00007f2532000000, 0x00007f2532800000, 0x00007f2532800000|100%| E|CS|TAMS 0x00007f2532000000, 0x00007f2532000000| Complete 
| 121|0x00007f2544800000, 0x00007f2545000000, 0x00007f2545000000|100%| E|CS|TAMS 0x00007f2544800000, 0x00007f2544800000| Complete 
| 125|0x00007f2546800000, 0x00007f2547000000, 0x00007f2547000000|100%| E|CS|TAMS 0x00007f2546800000, 0x00007f2546800000| Complete 

Card table byte_map: [0x00007f24fb66f000,0x00007f2501a6f000] _byte_map_base: 0x00007ee568e2f000

Marking Bits (Prev, Next): (CMBitMap*) 0x00007f31a8093308, (CMBitMap*) 0x00007f31a80932c8
 Prev Bits: [0x00007f249126f000, 0x00007f24c326f000)
 Next Bits: [0x00007f24c326f000, 0x00007f24f526f000)

Polling page: 0x00007f31aefcd000

Metaspace:

Usage:
   31.39 MB capacity,    31.05 MB ( 99%) used,   245.29 KB ( <1%) free+waste,   109.38 KB ( <1%) overhead. 

Virtual space:
     32.00 MB reserved,      31.50 MB ( 98%) committed 

Chunk freelists:
7.75 KB

CodeHeap 'non-profiled nmethods': size=159556Kb used=9767Kb max_used=9767Kb free=149788Kb
 bounds [0x00007f319523b000, 0x00007f319623b000, 0x00007f319ee0c000]
CodeHeap 'profiled nmethods': size=159556Kb used=3391Kb max_used=4090Kb free=156164Kb
 bounds [0x00007f318b66a000, 0x00007f318c66a000, 0x00007f319523b000]
CodeHeap 'non-nmethods': size=8568Kb used=2907Kb max_used=4053Kb free=5660Kb
 bounds [0x00007f318ae0c000, 0x00007f318b66a000, 0x00007f318b66a000]
 total_blobs=7795 nmethods=6571 adapters=481
 compilation: enabled
              stopped_count=0, restarted_count=0
 full_count=0

Compilation events (10 events):
Event: 3.480 Thread 0x00007f31a8359000 nmethod 6896 0x00007f3195bc2690 code [0x00007f3195bc2860, 0x00007f3195bc2ee0]
Event: 3.480 Thread 0x00007f31a8359000 6902       4       java.util.AbstractList$SubList$1::next (25 bytes)
Event: 3.481 Thread 0x00007f2458086000 nmethod 6913 0x00007f3195bc3310 code [0x00007f3195bc3520, 0x00007f3195bc3a28]
Event: 3.483 Thread 0x00007f31a835b000 6915       1       org.graalvm.compiler.lir.asm.CompilationResultBuilder::blockComment (23 bytes)
Event: 3.483 Thread 0x00007f245819f000 6914       1       org.graalvm.compiler.hotspot.HotSpotHostBackend::emitStackOverflowCheck (108 bytes)
Event: 3.484 Thread 0x00007f31a8359000 nmethod 6902 0x00007f3195bc3d10 code [0x00007f3195bc3ea0, 0x00007f3195bc3fb8]
Event: 3.484 Thread 0x00007f31a835b000 nmethod 6915 0x00007f3195bc4110 code [0x00007f3195bc42e0, 0x00007f3195bc44e8]
Event: 3.485 Thread 0x00007f245819f000 nmethod 6914 0x00007f3195bc4690 code [0x00007f3195bc4880, 0x00007f3195bc4bf8]
Event: 6.002 Thread 0x00007f2458088000 6916       3       org.netbeans.lib.profiler.server.ProfilerRuntimeSampler$Sampling::writeThreadInfo (254 bytes)
Event: 6.004 Thread 0x00007f2458088000 nmethod 6916 0x00007f318b68c590 code [0x00007f318b68c780, 0x00007f318b68cd08]

GC Heap History (10 events):
Event: 2.460 GC heap before
{Heap before GC invocations=10 (full 0):
 garbage-first heap   total 712704K, used 375783K [0x00007f2508000000, 0x00007f3188000000)
  region size 8192K, 39 young (319488K), 1 survivors (8192K)
 Metaspace       used 31780K, capacity 32146K, committed 32256K, reserved 32768K
}
Event: 2.462 GC heap after
{Heap after GC invocations=11 (full 0):
 garbage-first heap   total 712704K, used 64787K [0x00007f2508000000, 0x00007f3188000000)
  region size 8192K, 1 young (8192K), 1 survivors (8192K)
 Metaspace       used 31780K, capacity 32146K, committed 32256K, reserved 32768K
}
Event: 3.050 GC heap before
{Heap before GC invocations=11 (full 0):
 garbage-first heap   total 712704K, used 482579K [0x00007f2508000000, 0x00007f3188000000)
  region size 8192K, 52 young (425984K), 1 survivors (8192K)
 Metaspace       used 31788K, capacity 32146K, committed 32256K, reserved 32768K
}
Event: 3.052 GC heap after
{Heap after GC invocations=12 (full 0):
 garbage-first heap   total 712704K, used 63567K [0x00007f2508000000, 0x00007f3188000000)
  region size 8192K, 1 young (8192K), 1 survivors (8192K)
 Metaspace       used 31788K, capacity 32146K, committed 32256K, reserved 32768K
}
Event: 3.730 GC heap before
{Heap before GC invocations=12 (full 0):
 garbage-first heap   total 712704K, used 481359K [0x00007f2508000000, 0x00007f3188000000)
  region size 8192K, 52 young (425984K), 1 survivors (8192K)
 Metaspace       used 31788K, capacity 32146K, committed 32256K, reserved 32768K
}
Event: 3.732 GC heap after
{Heap after GC invocations=13 (full 0):
 garbage-first heap   total 712704K, used 63441K [0x00007f2508000000, 0x00007f3188000000)
  region size 8192K, 1 young (8192K), 1 survivors (8192K)
 Metaspace       used 31788K, capacity 32146K, committed 32256K, reserved 32768K
}
Event: 4.534 GC heap before
{Heap before GC invocations=13 (full 0):
 garbage-first heap   total 712704K, used 481233K [0x00007f2508000000, 0x00007f3188000000)
  region size 8192K, 52 young (425984K), 1 survivors (8192K)
 Metaspace       used 31788K, capacity 32146K, committed 32256K, reserved 32768K
}
Event: 4.536 GC heap after
{Heap after GC invocations=14 (full 0):
 garbage-first heap   total 712704K, used 63423K [0x00007f2508000000, 0x00007f3188000000)
  region size 8192K, 1 young (8192K), 1 survivors (8192K)
 Metaspace       used 31788K, capacity 32146K, committed 32256K, reserved 32768K
}
Event: 5.307 GC heap before
{Heap before GC invocations=14 (full 0):
 garbage-first heap   total 712704K, used 481215K [0x00007f2508000000, 0x00007f3188000000)
  region size 8192K, 52 young (425984K), 1 survivors (8192K)
 Metaspace       used 31788K, capacity 32146K, committed 32256K, reserved 32768K
}
Event: 5.308 GC heap after
{Heap after GC invocations=15 (full 0):
 garbage-first heap   total 712704K, used 63415K [0x00007f2508000000, 0x00007f3188000000)
  region size 8192K, 1 young (8192K), 1 survivors (8192K)
 Metaspace       used 31788K, capacity 32146K, committed 32256K, reserved 32768K
}

Deoptimization events (9 events):
Event: 1.202 Thread 0x00007f24480dc000 Uncommon trap: reason=null_assert_or_unreached0 action=reinterpret pc=0x00007f3195793534 method=java.util.BitSet.clear(I)V @ 0 jvmci
Event: 1.772 Thread 0x00007f31a8016000 Uncommon trap: reason=null_check action=reinterpret pc=0x00007f3195a1247d method=java.io.BufferedReader.readLine()Ljava/lang/String; @ 5 jvmci
Event: 1.779 Thread 0x00007f31a8016000 Uncommon trap: reason=null_assert_or_unreached0 action=reinterpret pc=0x00007f31958c710f method=java.io.BufferedReader.readLine(Z)Ljava/lang/String; @ 131 jvmci
Event: 1.779 Thread 0x00007f31a8016000 Uncommon trap: reason=null_assert_or_unreached0 action=reinterpret pc=0x00007f31959e2a6c method=java.util.ArrayList.add(Ljava/lang/Object;[Ljava/lang/Object;I)V @ 15 jvmci
Event: 1.780 Thread 0x00007f31a8016000 Uncommon trap: reason=null_assert_or_unreached0 action=reinterpret pc=0x00007f31959803af method=jdk.internal.math.FloatingDecimal$ASCIIToBinaryBuffer.doubleValue()D @ 58 jvmci
Event: 1.846 Thread 0x00007f2370004000 Uncommon trap: reason=null_assert_or_unreached0 action=reinterpret pc=0x00007f3195a90966 method=org.netbeans.lib.profiler.server.ProfilerRuntimeSampler$Sampling.sample()V @ 182 jvmci
Event: 3.388 Thread 0x00007f31a8016000 Uncommon trap: reason=null_assert_or_unreached0 action=reinterpret pc=0x00007f3195b619db method=jdk.internal.math.FloatingDecimal$ASCIIToBinaryBuffer.doubleValue()D @ 740 jvmci
Event: 3.388 Thread 0x00007f31a8016000 Uncommon trap: reason=null_assert_or_unreached0 action=reinterpret pc=0x00007f3195af2640 method=jdk.internal.math.FDBigInteger.valueOfMulPow52(JII)Ljdk/internal/math/FDBigInteger; @ 0 jvmci
Event: 5.997 Thread 0x00007f2370004000 Uncommon trap: reason=null_assert_or_unreached0 action=reinterpret pc=0x00007f3195a8ab37 method=org.netbeans.lib.profiler.server.ProfilerRuntimeSampler$Sampling.writeThreadInfo(Ljava/lang/Integer;I[I)V @ 0 jvmci

Classes redefined (0 events):
No events

Internal exceptions (10 events):
Event: 0.735 Thread 0x00007f31a8644800 Exception <a 'java/lang/NoSuchMethodError'{0x00007f250a5490a0}: java.lang.invoke.DirectMethodHandle$Holder.invokeStaticInit(Ljava/lang/Object;Ljava/lang/Object;JLjava/lang/Object;)Ljava/lang/Object;> (0x00007f250a5490a0) thrown at [/scratch/opt/mach5/meso
Event: 0.736 Thread 0x00007f31a8644800 Exception <a 'java/lang/NoSuchMethodError'{0x00007f250a550890}: java.lang.invoke.Invokers$Holder.linkToTargetMethod(Ljava/lang/Object;JLjava/lang/Object;)Ljava/lang/Object;> (0x00007f250a550890) thrown at [/scratch/opt/mach5/mesos/work_dir/slaves/dd0bab7c
Event: 0.741 Thread 0x00007f31a8644800 Exception <a 'java/lang/NoSuchMethodError'{0x00007f250a559020}: java.lang.invoke.DirectMethodHandle$Holder.invokeStatic(Ljava/lang/Object;Ljava/lang/Object;Ljava/lang/Object;I)Ljava/lang/Object;> (0x00007f250a559020) thrown at [/scratch/opt/mach5/mesos/wo
Event: 0.742 Thread 0x00007f31a8644800 Exception <a 'java/lang/NoSuchMethodError'{0x00007f250a55db58}: java.lang.invoke.DirectMethodHandle$Holder.invokeSpecial(Ljava/lang/Object;Ljava/lang/Object;Ljava/lang/Object;Ljava/lang/Object;I)Ljava/lang/Object;> (0x00007f250a55db58) thrown at [/scratch
Event: 0.742 Thread 0x00007f31a8644800 Exception <a 'java/lang/NoSuchMethodError'{0x00007f250a561bf8}: java.lang.invoke.Invokers$Holder.linkToTargetMethod(Ljava/lang/Object;Ljava/lang/Object;ILjava/lang/Object;)Ljava/lang/Object;> (0x00007f250a561bf8) thrown at [/scratch/opt/mach5/mesos/work_d
Event: 0.744 Thread 0x00007f2454005000 Exception <a 'java/lang/NoSuchMethodError'{0x00007f25088891f8}: java.lang.invoke.Invokers$Holder.linkToTargetMethod(Ljava/lang/Object;Ljava/lang/Object;Ljava/lang/Object;Ljava/lang/Object;Ljava/lang/Object;Ljava/lang/Object;)Ljava/lang/Object;> (0x00007f2
Event: 0.825 Thread 0x00007f2454003000 Exception <a 'java/lang/NoSuchMethodError'{0x00007f2544e08c78}: java.lang.invoke.DirectMethodHandle$Holder.invokeStatic(Ljava/lang/Object;Ljava/lang/Object;Ljava/lang/Object;Ljava/lang/Object;I)Ljava/lang/Object;> (0x00007f2544e08c78) thrown at [/scratch/
Event: 0.825 Thread 0x00007f2454003000 Exception <a 'java/lang/NoSuchMethodError'{0x00007f2544e0d4a0}: java.lang.invoke.DirectMethodHandle$Holder.invokeSpecial(Ljava/lang/Object;Ljava/lang/Object;Ljava/lang/Object;Ljava/lang/Object;Ljava/lang/Object;I)Ljava/lang/Object;> (0x00007f2544e0d4a0) t
Event: 0.830 Thread 0x00007f2454003000 Exception <a 'java/lang/NoSuchMethodError'{0x00007f2546854e90}: java.lang.invoke.Invokers$Holder.linkToTargetMethod(Ljava/lang/Object;Ljava/lang/Object;Ljava/lang/Object;ILjava/lang/Object;)Ljava/lang/Object;> (0x00007f2546854e90) thrown at [/scratch/opt/
Event: 0.940 Thread 0x00007f24480dc000 Exception <a 'java/lang/NoSuchMethodError'{0x00007f252481dcb0}: java.lang.invoke.DirectMethodHandle$Holder.invokeStatic(Ljava/lang/Object;Ljava/lang/Object;II)I> (0x00007f252481dcb0) thrown at [/scratch/opt/mach5/mesos/work_dir/slaves/dd0bab7c-a530-4905-b

Events (10 events):
Event: 6.005 Executing VM operation: GetAllStackTraces done
Event: 6.006 Executing VM operation: GetAllStackTraces
Event: 6.006 loading class org/netbeans/lib/profiler/wireprotocol/GetMethodNamesForJMethodIdsCommand done
Event: 6.006 Executing VM operation: GetAllStackTraces done
Event: 6.006 Executing VM operation: GetAllStackTraces
Event: 6.006 Executing VM operation: GetAllStackTraces done
Event: 6.006 Executing VM operation: GetAllStackTraces
Event: 6.007 Executing VM operation: GetAllStackTraces done
Event: 6.007 Executing VM operation: GetAllStackTraces
Event: 6.007 Executing VM operation: GetAllStackTraces done


Dynamic libraries:
00400000-00401000 r-xp 00000000 103:02 15863105                          /usr/lib/jvm/java-12-oracle/bin/java
00600000-00601000 r--p 00000000 103:02 15863105                          /usr/lib/jvm/java-12-oracle/bin/java
00601000-00602000 rw-p 00001000 103:02 15863105                          /usr/lib/jvm/java-12-oracle/bin/java
0169e000-016bf000 rw-p 00000000 00:00 0                                  [heap]
7f2368000000-7f2368021000 rw-p 00000000 00:00 0 
7f2368021000-7f236c000000 ---p 00000000 00:00 0 
7f236fdb3000-7f2370000000 rw-p 00000000 00:00 0 
7f2370000000-7f2370021000 rw-p 00000000 00:00 0 
7f2370021000-7f2374000000 ---p 00000000 00:00 0 
7f2374000000-7f2374021000 rw-p 00000000 00:00 0 
7f2374021000-7f2378000000 ---p 00000000 00:00 0 
7f2378000000-7f23780e5000 rw-p 00000000 00:00 0 
7f23780e5000-7f237c000000 ---p 00000000 00:00 0 
7f237c000000-7f237c04b000 rw-p 00000000 00:00 0 
7f237c04b000-7f2380000000 ---p 00000000 00:00 0 
7f2380000000-7f23800fd000 rw-p 00000000 00:00 0 
7f23800fd000-7f2384000000 ---p 00000000 00:00 0 
7f2384000000-7f23840a2000 rw-p 00000000 00:00 0 
7f23840a2000-7f2388000000 ---p 00000000 00:00 0 
7f2388000000-7f2388021000 rw-p 00000000 00:00 0 
7f2388021000-7f238c000000 ---p 00000000 00:00 0 
7f238c000000-7f238c021000 rw-p 00000000 00:00 0 
7f238c021000-7f2390000000 ---p 00000000 00:00 0 
7f2390000000-7f2390021000 rw-p 00000000 00:00 0 
7f2390021000-7f2394000000 ---p 00000000 00:00 0 
7f2394000000-7f2394021000 rw-p 00000000 00:00 0 
7f2394021000-7f2398000000 ---p 00000000 00:00 0 
7f2398000000-7f2398021000 rw-p 00000000 00:00 0 
7f2398021000-7f239c000000 ---p 00000000 00:00 0 
7f239c000000-7f239c021000 rw-p 00000000 00:00 0 
7f239c021000-7f23a0000000 ---p 00000000 00:00 0 
7f23a0000000-7f23a0021000 rw-p 00000000 00:00 0 
7f23a0021000-7f23a4000000 ---p 00000000 00:00 0 
7f23a4000000-7f23a4021000 rw-p 00000000 00:00 0 
7f23a4021000-7f23a8000000 ---p 00000000 00:00 0 
7f23a8000000-7f23a8021000 rw-p 00000000 00:00 0 
7f23a8021000-7f23ac000000 ---p 00000000 00:00 0 
7f23ac000000-7f23ac021000 rw-p 00000000 00:00 0 
7f23ac021000-7f23b0000000 ---p 00000000 00:00 0 
7f23b0000000-7f23b0021000 rw-p 00000000 00:00 0 
7f23b0021000-7f23b4000000 ---p 00000000 00:00 0 
7f23b4000000-7f23b4021000 rw-p 00000000 00:00 0 
7f23b4021000-7f23b8000000 ---p 00000000 00:00 0 
7f23b8000000-7f23b8021000 rw-p 00000000 00:00 0 
7f23b8021000-7f23bc000000 ---p 00000000 00:00 0 
7f23bc000000-7f23bc021000 rw-p 00000000 00:00 0 
7f23bc021000-7f23c0000000 ---p 00000000 00:00 0 
7f23c0000000-7f23c0021000 rw-p 00000000 00:00 0 
7f23c0021000-7f23c4000000 ---p 00000000 00:00 0 
7f23c4000000-7f23c4021000 rw-p 00000000 00:00 0 
7f23c4021000-7f23c8000000 ---p 00000000 00:00 0 
7f23c8000000-7f23c8021000 rw-p 00000000 00:00 0 
7f23c8021000-7f23cc000000 ---p 00000000 00:00 0 
7f23cc000000-7f23cc021000 rw-p 00000000 00:00 0 
7f23cc021000-7f23d0000000 ---p 00000000 00:00 0 
7f23d0000000-7f23d0021000 rw-p 00000000 00:00 0 
7f23d0021000-7f23d4000000 ---p 00000000 00:00 0 
7f23d4000000-7f23d4021000 rw-p 00000000 00:00 0 
7f23d4021000-7f23d8000000 ---p 00000000 00:00 0 
7f23d8000000-7f23d8021000 rw-p 00000000 00:00 0 
7f23d8021000-7f23dc000000 ---p 00000000 00:00 0 
7f23dc000000-7f23dc021000 rw-p 00000000 00:00 0 
7f23dc021000-7f23e0000000 ---p 00000000 00:00 0 
7f23e0000000-7f23e0021000 rw-p 00000000 00:00 0 
7f23e0021000-7f23e4000000 ---p 00000000 00:00 0 
7f23e4000000-7f23e4021000 rw-p 00000000 00:00 0 
7f23e4021000-7f23e8000000 ---p 00000000 00:00 0 
7f23e8000000-7f23e8021000 rw-p 00000000 00:00 0 
7f23e8021000-7f23ec000000 ---p 00000000 00:00 0 
7f23ec000000-7f23ec021000 rw-p 00000000 00:00 0 
7f23ec021000-7f23f0000000 ---p 00000000 00:00 0 
7f23f0000000-7f23f0021000 rw-p 00000000 00:00 0 
7f23f0021000-7f23f4000000 ---p 00000000 00:00 0 
7f23f4000000-7f23f4021000 rw-p 00000000 00:00 0 
7f23f4021000-7f23f8000000 ---p 00000000 00:00 0 
7f23f8000000-7f23f8021000 rw-p 00000000 00:00 0 
7f23f8021000-7f23fc000000 ---p 00000000 00:00 0 
7f23fc000000-7f23fc021000 rw-p 00000000 00:00 0 
7f23fc021000-7f2400000000 ---p 00000000 00:00 0 
7f2400000000-7f2400021000 rw-p 00000000 00:00 0 
7f2400021000-7f2404000000 ---p 00000000 00:00 0 
7f2404000000-7f2404021000 rw-p 00000000 00:00 0 
7f2404021000-7f2408000000 ---p 00000000 00:00 0 
7f2408000000-7f2408059000 rw-p 00000000 00:00 0 
7f2408059000-7f240c000000 ---p 00000000 00:00 0 
7f240c000000-7f240c021000 rw-p 00000000 00:00 0 
7f240c021000-7f2410000000 ---p 00000000 00:00 0 
7f2410000000-7f2410062000 rw-p 00000000 00:00 0 
7f2410062000-7f2414000000 ---p 00000000 00:00 0 
7f241424a000-7f241438a000 rw-p 00000000 00:00 0 
7f241438a000-7f241438b000 ---p 00000000 00:00 0 
7f241438b000-7f241448c000 rw-p 00000000 00:00 0 
7f241448c000-7f241460c000 rw-p 00000000 00:00 0 
7f241460c000-7f241468c000 ---p 00000000 00:00 0 
7f241468c000-7f2414690000 ---p 00000000 00:00 0 
7f2414690000-7f241478d000 rw-p 00000000 00:00 0 
7f241478d000-7f24148b2000 rw-s 00000000 103:02 13369615                  /tmp/jfluidbuf1532465153916584117.tmp
7f24148b2000-7f2414ab2000 rw-p 00000000 00:00 0 
7f2414ab2000-7f2414cb2000 rw-p 00000000 00:00 0 
7f2414cb2000-7f2414eb2000 rw-p 00000000 00:00 0 
7f2414eb2000-7f2414eb6000 ---p 00000000 00:00 0 
7f2414eb6000-7f2414fb3000 rw-p 00000000 00:00 0 
7f2414fb3000-7f24151b3000 rw-p 00000000 00:00 0 
7f24151b3000-7f24151b7000 ---p 00000000 00:00 0 
7f24151b7000-7f24152b4000 rw-p 00000000 00:00 0 
7f24152b4000-7f24152b8000 ---p 00000000 00:00 0 
7f24152b8000-7f24153b5000 rw-p 00000000 00:00 0 
7f24153b5000-7f24153b9000 ---p 00000000 00:00 0 
7f24153b9000-7f24154b6000 rw-p 00000000 00:00 0 
7f24154b6000-7f24154b7000 ---p 00000000 00:00 0 
7f24154b7000-7f24155b8000 rw-p 00000000 00:00 0 
7f24155b8000-7f24155b9000 ---p 00000000 00:00 0 
7f24155b9000-7f24156ba000 rw-p 00000000 00:00 0 
7f24156ba000-7f24156bb000 ---p 00000000 00:00 0 
7f24156bb000-7f24157bc000 rw-p 00000000 00:00 0 
7f24157bc000-7f24157bd000 ---p 00000000 00:00 0 
7f24157bd000-7f24158be000 rw-p 00000000 00:00 0 
7f24158be000-7f24158bf000 ---p 00000000 00:00 0 
7f24158bf000-7f24159c0000 rw-p 00000000 00:00 0 
7f24159c0000-7f24159c1000 ---p 00000000 00:00 0 
7f24159c1000-7f2415ac2000 rw-p 00000000 00:00 0 
7f2415ac2000-7f2415ac3000 ---p 00000000 00:00 0 
7f2415ac3000-7f2415bc4000 rw-p 00000000 00:00 0 
7f2415bc4000-7f2415bc5000 ---p 00000000 00:00 0 
7f2415bc5000-7f2415cc6000 rw-p 00000000 00:00 0 
7f2415cc6000-7f2415cc7000 ---p 00000000 00:00 0 
7f2415cc7000-7f2415dc8000 rw-p 00000000 00:00 0 
7f2415dc8000-7f2415dc9000 ---p 00000000 00:00 0 
7f2415dc9000-7f2415eca000 rw-p 00000000 00:00 0 
7f2415eca000-7f2415ecb000 ---p 00000000 00:00 0 
7f2415ecb000-7f2415fcc000 rw-p 00000000 00:00 0 
7f2415fcc000-7f2415fcd000 ---p 00000000 00:00 0 
7f2415fcd000-7f24160ce000 rw-p 00000000 00:00 0 
7f24160ce000-7f24160cf000 ---p 00000000 00:00 0 
7f24160cf000-7f24161d0000 rw-p 00000000 00:00 0 
7f24161d0000-7f24161d1000 ---p 00000000 00:00 0 
7f24161d1000-7f24162d2000 rw-p 00000000 00:00 0 
7f24162d2000-7f24162d3000 ---p 00000000 00:00 0 
7f24162d3000-7f24163d4000 rw-p 00000000 00:00 0 
7f24163d4000-7f24163d5000 ---p 00000000 00:00 0 
7f24163d5000-7f24164d6000 rw-p 00000000 00:00 0 
7f24164d6000-7f24164d7000 ---p 00000000 00:00 0 
7f24164d7000-7f24165d8000 rw-p 00000000 00:00 0 
7f24165d8000-7f24165d9000 ---p 00000000 00:00 0 
7f24165d9000-7f24166da000 rw-p 00000000 00:00 0 
7f24166da000-7f24166db000 ---p 00000000 00:00 0 
7f24166db000-7f24167dc000 rw-p 00000000 00:00 0 
7f24167dc000-7f24167dd000 ---p 00000000 00:00 0 
7f24167dd000-7f24168de000 rw-p 00000000 00:00 0 
7f24168de000-7f24168df000 ---p 00000000 00:00 0 
7f24168df000-7f24169e0000 rw-p 00000000 00:00 0 
7f24169e0000-7f24169e1000 ---p 00000000 00:00 0 
7f24169e1000-7f2416ae2000 rw-p 00000000 00:00 0 
7f2416ae2000-7f2416ae3000 ---p 00000000 00:00 0 
7f2416ae3000-7f2416be4000 rw-p 00000000 00:00 0 
7f2416be4000-7f2416be5000 ---p 00000000 00:00 0 
7f2416be5000-7f2416ce6000 rw-p 00000000 00:00 0 
7f2416ce6000-7f2416ce7000 ---p 00000000 00:00 0 
7f2416ce7000-7f2416de8000 rw-p 00000000 00:00 0 
7f2416de8000-7f2416de9000 ---p 00000000 00:00 0 
7f2416de9000-7f2416eea000 rw-p 00000000 00:00 0 
7f2416eea000-7f2416eeb000 ---p 00000000 00:00 0 
7f2416eeb000-7f2416fec000 rw-p 00000000 00:00 0 
7f2416fec000-7f2416fed000 ---p 00000000 00:00 0 
7f2416fed000-7f24170ee000 rw-p 00000000 00:00 0 
7f24170ee000-7f24170ef000 ---p 00000000 00:00 0 
7f24170ef000-7f24171f0000 rw-p 00000000 00:00 0 
7f24171f0000-7f24171f1000 ---p 00000000 00:00 0 
7f24171f1000-7f24172f2000 rw-p 00000000 00:00 0 
7f24172f2000-7f24172f3000 ---p 00000000 00:00 0 
7f24172f3000-7f24173f4000 rw-p 00000000 00:00 0 
7f24173f4000-7f24173f5000 ---p 00000000 00:00 0 
7f24173f5000-7f24174f6000 rw-p 00000000 00:00 0 
7f24174f6000-7f24174f7000 ---p 00000000 00:00 0 
7f24174f7000-7f24175f8000 rw-p 00000000 00:00 0 
7f24175f8000-7f24177f8000 rw-p 00000000 00:00 0 
7f24177f8000-7f24177fc000 ---p 00000000 00:00 0 
7f24177fc000-7f24178f9000 rw-p 00000000 00:00 0 
7f24178f9000-7f2417af9000 rw-p 00000000 00:00 0 
7f2417af9000-7f2417afe000 r-xp 00000000 103:02 16002302                  /usr/lib/jvm/java-12-oracle/lib/libmanagement_ext.so
7f2417afe000-7f2417cfd000 ---p 00005000 103:02 16002302                  /usr/lib/jvm/java-12-oracle/lib/libmanagement_ext.so
7f2417cfd000-7f2417cfe000 r--p 00004000 103:02 16002302                  /usr/lib/jvm/java-12-oracle/lib/libmanagement_ext.so
7f2417cfe000-7f2417cff000 rw-p 00005000 103:02 16002302                  /usr/lib/jvm/java-12-oracle/lib/libmanagement_ext.so
7f2417cff000-7f2417eff000 rw-p 00000000 00:00 0 
7f2417eff000-7f2417f03000 ---p 00000000 00:00 0 
7f2417f03000-7f2418000000 rw-p 00000000 00:00 0 
7f2418000000-7f2418021000 rw-p 00000000 00:00 0 
7f2418021000-7f241c000000 ---p 00000000 00:00 0 
7f241c000000-7f241c021000 rw-p 00000000 00:00 0 
7f241c021000-7f2420000000 ---p 00000000 00:00 0 
7f2420000000-7f2420021000 rw-p 00000000 00:00 0 
7f2420021000-7f2424000000 ---p 00000000 00:00 0 
7f2424000000-7f242403e000 rw-p 00000000 00:00 0 
7f242403e000-7f2428000000 ---p 00000000 00:00 0 
7f2428000000-7f24280ef000 rw-p 00000000 00:00 0 
7f24280ef000-7f242c000000 ---p 00000000 00:00 0 
7f242c000000-7f242c05c000 rw-p 00000000 00:00 0 
7f242c05c000-7f2430000000 ---p 00000000 00:00 0 
7f2430000000-7f24300aa000 rw-p 00000000 00:00 0 
7f24300aa000-7f2434000000 ---p 00000000 00:00 0 
7f2434000000-7f2434076000 rw-p 00000000 00:00 0 
7f2434076000-7f2438000000 ---p 00000000 00:00 0 
7f2438000000-7f2438206000 rw-p 00000000 00:00 0 
7f2438206000-7f243c000000 ---p 00000000 00:00 0 
7f243c000000-7f243c2bf000 rw-p 00000000 00:00 0 
7f243c2bf000-7f2440000000 ---p 00000000 00:00 0 
7f2440000000-7f24400e6000 rw-p 00000000 00:00 0 
7f24400e6000-7f2444000000 ---p 00000000 00:00 0 
7f2444000000-7f2444603000 rw-p 00000000 00:00 0 
7f2444603000-7f2448000000 ---p 00000000 00:00 0 
7f2448000000-7f24481e1000 rw-p 00000000 00:00 0 
7f24481e1000-7f244c000000 ---p 00000000 00:00 0 
7f244c000000-7f244c304000 rw-p 00000000 00:00 0 
7f244c304000-7f2450000000 ---p 00000000 00:00 0 
7f2450000000-7f2450021000 rw-p 00000000 00:00 0 
7f2450021000-7f2454000000 ---p 00000000 00:00 0 
7f2454000000-7f24541ae000 rw-p 00000000 00:00 0 
7f24541ae000-7f2458000000 ---p 00000000 00:00 0 
7f2458000000-7f2458263000 rw-p 00000000 00:00 0 
7f2458263000-7f245c000000 ---p 00000000 00:00 0 
7f245c000000-7f245c021000 rw-p 00000000 00:00 0 
7f245c021000-7f2460000000 ---p 00000000 00:00 0 
7f2460000000-7f2460021000 rw-p 00000000 00:00 0 
7f2460021000-7f2464000000 ---p 00000000 00:00 0 
7f2464000000-7f24641ca000 rw-p 00000000 00:00 0 
7f24641ca000-7f2468000000 ---p 00000000 00:00 0 
7f2468000000-7f2468021000 rw-p 00000000 00:00 0 
7f2468021000-7f246c000000 ---p 00000000 00:00 0 
7f246c000000-7f246c021000 rw-p 00000000 00:00 0 
7f246c021000-7f2470000000 ---p 00000000 00:00 0 
7f2470000000-7f2470021000 rw-p 00000000 00:00 0 
7f2470021000-7f2474000000 ---p 00000000 00:00 0 
7f2474000000-7f2474630000 rw-p 00000000 00:00 0 
7f2474630000-7f2478000000 ---p 00000000 00:00 0 
7f2478000000-7f2478021000 rw-p 00000000 00:00 0 
7f2478021000-7f247c000000 ---p 00000000 00:00 0 
7f247c0bf000-7f247c0c3000 r-xp 00000000 103:02 16002300                  /usr/lib/jvm/java-12-oracle/lib/libmanagement.so
7f247c0c3000-7f247c2c2000 ---p 00004000 103:02 16002300                  /usr/lib/jvm/java-12-oracle/lib/libmanagement.so
7f247c2c2000-7f247c2c3000 r--p 00003000 103:02 16002300                  /usr/lib/jvm/java-12-oracle/lib/libmanagement.so
7f247c2c3000-7f247c2c4000 rw-p 00004000 103:02 16002300                  /usr/lib/jvm/java-12-oracle/lib/libmanagement.so
7f247c2c4000-7f247c2c8000 ---p 00000000 00:00 0 
7f247c2c8000-7f247c3c5000 rw-p 00000000 00:00 0 
7f247c3c5000-7f247c3c9000 ---p 00000000 00:00 0 
7f247c3c9000-7f247c4c6000 rw-p 00000000 00:00 0 
7f247c4c6000-7f247c4ca000 ---p 00000000 00:00 0 
7f247c4ca000-7f247c5c7000 rw-p 00000000 00:00 0 
7f247c5c7000-7f247c5cb000 ---p 00000000 00:00 0 
7f247c5cb000-7f247c6c8000 rw-p 00000000 00:00 0 
7f247c6c8000-7f247c8c8000 rw-p 00000000 00:00 0 
7f247c8c8000-7f247c8cc000 ---p 00000000 00:00 0 
7f247c8cc000-7f247c9c9000 rw-p 00000000 00:00 0 
7f247c9c9000-7f247cbc9000 rw-p 00000000 00:00 0 
7f247cbc9000-7f247cbcd000 ---p 00000000 00:00 0 
7f247cbcd000-7f247ccca000 rw-p 00000000 00:00 0 
7f247ccca000-7f247ceca000 rw-p 00000000 00:00 0 
7f247ceca000-7f247cece000 ---p 00000000 00:00 0 
7f247cece000-7f247cfcb000 rw-p 00000000 00:00 0 
7f247cfcb000-7f247cfcf000 ---p 00000000 00:00 0 
7f247cfcf000-7f247d0cc000 rw-p 00000000 00:00 0 
7f247d0cc000-7f247d0ce000 r-xp 00000000 103:02 15993616                  /usr/lib/jvm/java-12-oracle/lib/libextnet.so
7f247d0ce000-7f247d2cd000 ---p 00002000 103:02 15993616                  /usr/lib/jvm/java-12-oracle/lib/libextnet.so
7f247d2cd000-7f247d2ce000 r--p 00001000 103:02 15993616                  /usr/lib/jvm/java-12-oracle/lib/libextnet.so
7f247d2ce000-7f247d2cf000 rw-p 00002000 103:02 15993616                  /usr/lib/jvm/java-12-oracle/lib/libextnet.so
7f247d2cf000-7f247d4cf000 rw-p 00000000 00:00 0 
7f247d4cf000-7f247d4d3000 ---p 00000000 00:00 0 
7f247d4d3000-7f247d5d0000 rw-p 00000000 00:00 0 
7f247d5d0000-7f247d5d4000 ---p 00000000 00:00 0 
7f247d5d4000-7f247d6d1000 rw-p 00000000 00:00 0 
7f247d6d1000-7f247d6d5000 ---p 00000000 00:00 0 
7f247d6d5000-7f247d7d2000 rw-p 00000000 00:00 0 
7f247d7d2000-7f247d7d6000 ---p 00000000 00:00 0 
7f247d7d6000-7f247d8d3000 rw-p 00000000 00:00 0 
7f247d8d3000-7f247d8d7000 ---p 00000000 00:00 0 
7f247d8d7000-7f247d9d4000 rw-p 00000000 00:00 0 
7f247d9d4000-7f247d9ea000 r-xp 00000000 103:02 16002304                  /usr/lib/jvm/java-12-oracle/lib/libnet.so
7f247d9ea000-7f247dbea000 ---p 00016000 103:02 16002304                  /usr/lib/jvm/java-12-oracle/lib/libnet.so
7f247dbea000-7f247dbeb000 r--p 00016000 103:02 16002304                  /usr/lib/jvm/java-12-oracle/lib/libnet.so
7f247dbeb000-7f247dbec000 rw-p 00017000 103:02 16002304                  /usr/lib/jvm/java-12-oracle/lib/libnet.so
7f247dbec000-7f247dbfd000 r-xp 00000000 103:02 16002305                  /usr/lib/jvm/java-12-oracle/lib/libnio.so
7f247dbfd000-7f247ddfc000 ---p 00011000 103:02 16002305                  /usr/lib/jvm/java-12-oracle/lib/libnio.so
7f247ddfc000-7f247ddfd000 r--p 00010000 103:02 16002305                  /usr/lib/jvm/java-12-oracle/lib/libnio.so
7f247ddfd000-7f247ddfe000 rw-p 00011000 103:02 16002305                  /usr/lib/jvm/java-12-oracle/lib/libnio.so
7f247ddfe000-7f247de02000 ---p 00000000 00:00 0 
7f247de02000-7f247deff000 rw-p 00000000 00:00 0 
7f247deff000-7f247df03000 ---p 00000000 00:00 0 
7f247df03000-7f247e000000 rw-p 00000000 00:00 0 
7f247e000000-7f247e004000 ---p 00000000 00:00 0 
7f247e004000-7f247e101000 rw-p 00000000 00:00 0 
7f247e101000-7f247e105000 ---p 00000000 00:00 0 
7f247e105000-7f247e202000 rw-p 00000000 00:00 0 
7f247e202000-7f247e206000 ---p 00000000 00:00 0 
7f247e206000-7f247e303000 rw-p 00000000 00:00 0 
7f247e303000-7f247e307000 ---p 00000000 00:00 0 
7f247e307000-7f247e404000 rw-p 00000000 00:00 0 
7f247e404000-7f247e408000 ---p 00000000 00:00 0 
7f247e408000-7f247e505000 rw-p 00000000 00:00 0 
7f247e505000-7f247eed4000 r--p 00000000 103:02 15866447                  /usr/lib/locale/locale-archive
7f247eed4000-7f247eed8000 ---p 00000000 00:00 0 
7f247eed8000-7f247efd5000 rw-p 00000000 00:00 0 
7f247efd5000-7f247efd9000 ---p 00000000 00:00 0 
7f247efd9000-7f247f0d6000 rw-p 00000000 00:00 0 
7f247f0d6000-7f247f0d7000 ---p 00000000 00:00 0 
7f247f0d7000-7f247f1d8000 rw-p 00000000 00:00 0 
7f247f1d8000-7f247f9d8000 rw-p 00000000 00:00 0 
7f247f9d8000-7f247f9d9000 ---p 00000000 00:00 0 
7f247f9d9000-7f247fada000 rw-p 00000000 00:00 0 
7f247fada000-7f247fadb000 ---p 00000000 00:00 0 
7f247fadb000-7f2482000000 rw-p 00000000 00:00 0 
7f2482000000-7f2484000000 rw-p 00000000 00:00 0 
7f2484000000-7f2484021000 rw-p 00000000 00:00 0 
7f2484021000-7f2488000000 ---p 00000000 00:00 0 
7f2488000000-7f2488021000 rw-p 00000000 00:00 0 
7f2488021000-7f248c000000 ---p 00000000 00:00 0 
7f248c000000-7f248c021000 rw-p 00000000 00:00 0 
7f248c021000-7f2490000000 ---p 00000000 00:00 0 
7f2490085000-7f249078c000 rw-p 00000000 00:00 0 
7f249078c000-7f249078d000 ---p 00000000 00:00 0 
7f249078d000-7f249088e000 rw-p 00000000 00:00 0 
7f249088e000-7f249088f000 ---p 00000000 00:00 0 
7f249088f000-7f2490990000 rw-p 00000000 00:00 0 
7f2490990000-7f2490991000 ---p 00000000 00:00 0 
7f2490991000-7f2490a92000 rw-p 00000000 00:00 0 
7f2490a92000-7f2491d0f000 rw-p 00000000 00:00 0 
7f2491d0f000-7f249218f000 ---p 00000000 00:00 0 
7f249218f000-7f24921af000 rw-p 00000000 00:00 0 
7f24921af000-7f249220f000 ---p 00000000 00:00 0 
7f249220f000-7f249222f000 rw-p 00000000 00:00 0 
7f249222f000-7f24c326f000 ---p 00000000 00:00 0 
7f24c326f000-7f24c3d0f000 rw-p 00000000 00:00 0 
7f24c3d0f000-7f24c418f000 ---p 00000000 00:00 0 
7f24c418f000-7f24c41af000 rw-p 00000000 00:00 0 
7f24c41af000-7f24c420f000 ---p 00000000 00:00 0 
7f24c420f000-7f24c422f000 rw-p 00000000 00:00 0 
7f24c422f000-7f24f526f000 ---p 00000000 00:00 0 
7f24f526f000-7f24f53c3000 rw-p 00000000 00:00 0 
7f24f53c3000-7f24f5453000 ---p 00000000 00:00 0 
7f24f5453000-7f24f5457000 rw-p 00000000 00:00 0 
7f24f5457000-7f24f5463000 ---p 00000000 00:00 0 
7f24f5463000-7f24f5467000 rw-p 00000000 00:00 0 
7f24f5467000-7f24fb66f000 ---p 00000000 00:00 0 
7f24fb66f000-7f24fb7c3000 rw-p 00000000 00:00 0 
7f24fb7c3000-7f24fb853000 ---p 00000000 00:00 0 
7f24fb853000-7f24fb857000 rw-p 00000000 00:00 0 
7f24fb857000-7f24fb863000 ---p 00000000 00:00 0 
7f24fb863000-7f24fb867000 rw-p 00000000 00:00 0 
7f24fb867000-7f2501a6f000 ---p 00000000 00:00 0 
7f2501a6f000-7f2501bc3000 rw-p 00000000 00:00 0 
7f2501bc3000-7f2501c53000 ---p 00000000 00:00 0 
7f2501c53000-7f2501c57000 rw-p 00000000 00:00 0 
7f2501c57000-7f2501c63000 ---p 00000000 00:00 0 
7f2501c63000-7f2501c67000 rw-p 00000000 00:00 0 
7f2501c67000-7f2507e6f000 ---p 00000000 00:00 0 
7f2507e6f000-7f2508000000 rw-p 00000000 00:00 0 
7f2508000000-7f2532800000 rw-p 00000000 00:00 0 
7f2532800000-7f2544800000 ---p 00000000 00:00 0 
7f2544800000-7f2545000000 rw-p 00000000 00:00 0 
7f2545000000-7f2546800000 ---p 00000000 00:00 0 
7f2546800000-7f2547000000 rw-p 00000000 00:00 0 
7f2547000000-7f3188000000 ---p 00000000 00:00 0 
7f3188026000-7f318802a000 ---p 00000000 00:00 0 
7f318802a000-7f318ab9c000 rw-p 00000000 00:00 0 
7f318ab9c000-7f318abbc000 rw-p 00000000 00:00 0 
7f318abbc000-7f318acd4000 ---p 00000000 00:00 0 
7f318acd4000-7f318acf4000 rw-p 00000000 00:00 0 
7f318acf4000-7f318ae0c000 ---p 00000000 00:00 0 
7f318ae0c000-7f318c66a000 rwxp 00000000 00:00 0 
7f318c66a000-7f319523b000 ---p 00000000 00:00 0 
7f319523b000-7f319623b000 rwxp 00000000 00:00 0 
7f319623b000-7f319ee0c000 ---p 00000000 00:00 0 
7f319ee0c000-7f31a728f000 r--s 00000000 103:02 16002315                  /usr/lib/jvm/java-12-oracle/lib/modules
7f31a728f000-7f31a72aa000 r-xp 00000000 103:02 15993627                  /usr/lib/jvm/java-12-oracle/lib/libjimage.so
7f31a72aa000-7f31a74a9000 ---p 0001b000 103:02 15993627                  /usr/lib/jvm/java-12-oracle/lib/libjimage.so
7f31a74a9000-7f31a74ab000 r--p 0001a000 103:02 15993627                  /usr/lib/jvm/java-12-oracle/lib/libjimage.so
7f31a74ab000-7f31a74ac000 rw-p 0001c000 103:02 15993627                  /usr/lib/jvm/java-12-oracle/lib/libjimage.so
7f31a74ac000-7f31a74b3000 r-xp 00000000 103:02 16002314                  /usr/lib/jvm/java-12-oracle/lib/libzip.so
7f31a74b3000-7f31a76b2000 ---p 00007000 103:02 16002314                  /usr/lib/jvm/java-12-oracle/lib/libzip.so
7f31a76b2000-7f31a76b3000 r--p 00006000 103:02 16002314                  /usr/lib/jvm/java-12-oracle/lib/libzip.so
7f31a76b3000-7f31a76b4000 rw-p 00007000 103:02 16002314                  /usr/lib/jvm/java-12-oracle/lib/libzip.so
7f31a76b4000-7f31a76bf000 r-xp 00000000 103:02 10490588                  /lib/x86_64-linux-gnu/libnss_files-2.27.so
7f31a76bf000-7f31a78be000 ---p 0000b000 103:02 10490588                  /lib/x86_64-linux-gnu/libnss_files-2.27.so
7f31a78be000-7f31a78bf000 r--p 0000a000 103:02 10490588                  /lib/x86_64-linux-gnu/libnss_files-2.27.so
7f31a78bf000-7f31a78c0000 rw-p 0000b000 103:02 10490588                  /lib/x86_64-linux-gnu/libnss_files-2.27.so
7f31a78c0000-7f31a78c6000 rw-p 00000000 00:00 0 
7f31a78c6000-7f31a78dd000 r-xp 00000000 103:02 10490582                  /lib/x86_64-linux-gnu/libnsl-2.27.so
7f31a78dd000-7f31a7adc000 ---p 00017000 103:02 10490582                  /lib/x86_64-linux-gnu/libnsl-2.27.so
7f31a7adc000-7f31a7add000 r--p 00016000 103:02 10490582                  /lib/x86_64-linux-gnu/libnsl-2.27.so
7f31a7add000-7f31a7ade000 rw-p 00017000 103:02 10490582                  /lib/x86_64-linux-gnu/libnsl-2.27.so
7f31a7ade000-7f31a7ae0000 rw-p 00000000 00:00 0 
7f31a7ae0000-7f31a7aeb000 r-xp 00000000 103:02 10490599                  /lib/x86_64-linux-gnu/libnss_nis-2.27.so
7f31a7aeb000-7f31a7cea000 ---p 0000b000 103:02 10490599                  /lib/x86_64-linux-gnu/libnss_nis-2.27.so
7f31a7cea000-7f31a7ceb000 r--p 0000a000 103:02 10490599                  /lib/x86_64-linux-gnu/libnss_nis-2.27.so
7f31a7ceb000-7f31a7cec000 rw-p 0000b000 103:02 10490599                  /lib/x86_64-linux-gnu/libnss_nis-2.27.so
7f31a7cec000-7f31a7cf4000 r-xp 00000000 103:02 10490584                  /lib/x86_64-linux-gnu/libnss_compat-2.27.so
7f31a7cf4000-7f31a7ef4000 ---p 00008000 103:02 10490584                  /lib/x86_64-linux-gnu/libnss_compat-2.27.so
7f31a7ef4000-7f31a7ef5000 r--p 00008000 103:02 10490584                  /lib/x86_64-linux-gnu/libnss_compat-2.27.so
7f31a7ef5000-7f31a7ef6000 rw-p 00009000 103:02 10490584                  /lib/x86_64-linux-gnu/libnss_compat-2.27.so
7f31a7ef6000-7f31a7eff000 r-xp 00000000 103:02 534333                    /home/rflachlan/netbeans/profiler/lib/deployed/jdk16/linux-amd64/libprofilerinterface.so
7f31a7eff000-7f31a7fff000 ---p 00009000 103:02 534333                    /home/rflachlan/netbeans/profiler/lib/deployed/jdk16/linux-amd64/libprofilerinterface.so
7f31a7fff000-7f31a8000000 rw-p 00009000 103:02 534333                    /home/rflachlan/netbeans/profiler/lib/deployed/jdk16/linux-amd64/libprofilerinterface.so
7f31a8000000-7f31a8859000 rw-p 00000000 00:00 0 
7f31a8859000-7f31ac000000 ---p 00000000 00:00 0 
7f31ac01c000-7f31ac09d000 rw-p 00000000 00:00 0 
7f31ac09d000-7f31ac0a7000 r-xp 00000000 103:02 15859860                  /usr/lib/x86_64-linux-gnu/libnuma.so.1.0.0
7f31ac0a7000-7f31ac2a6000 ---p 0000a000 103:02 15859860                  /usr/lib/x86_64-linux-gnu/libnuma.so.1.0.0
7f31ac2a6000-7f31ac2a7000 r--p 00009000 103:02 15859860                  /usr/lib/x86_64-linux-gnu/libnuma.so.1.0.0
7f31ac2a7000-7f31ac2a8000 rw-p 0000a000 103:02 15859860                  /usr/lib/x86_64-linux-gnu/libnuma.so.1.0.0
7f31ac2a8000-7f31ac2d0000 r-xp 00000000 103:02 15993623                  /usr/lib/jvm/java-12-oracle/lib/libjava.so
7f31ac2d0000-7f31ac4cf000 ---p 00028000 103:02 15993623                  /usr/lib/jvm/java-12-oracle/lib/libjava.so
7f31ac4cf000-7f31ac4d0000 r--p 00027000 103:02 15993623                  /usr/lib/jvm/java-12-oracle/lib/libjava.so
7f31ac4d0000-7f31ac4d2000 rw-p 00028000 103:02 15993623                  /usr/lib/jvm/java-12-oracle/lib/libjava.so
7f31ac4d2000-7f31ac4df000 r-xp 00000000 103:02 16002313                  /usr/lib/jvm/java-12-oracle/lib/libverify.so
7f31ac4df000-7f31ac6de000 ---p 0000d000 103:02 16002313                  /usr/lib/jvm/java-12-oracle/lib/libverify.so
7f31ac6de000-7f31ac6e0000 r--p 0000c000 103:02 16002313                  /usr/lib/jvm/java-12-oracle/lib/libverify.so
7f31ac6e0000-7f31ac6e1000 rw-p 0000e000 103:02 16002313                  /usr/lib/jvm/java-12-oracle/lib/libverify.so
7f31ac6e1000-7f31ac6e8000 r-xp 00000000 103:02 10490639                  /lib/x86_64-linux-gnu/librt-2.27.so
7f31ac6e8000-7f31ac8e7000 ---p 00007000 103:02 10490639                  /lib/x86_64-linux-gnu/librt-2.27.so
7f31ac8e7000-7f31ac8e8000 r--p 00006000 103:02 10490639                  /lib/x86_64-linux-gnu/librt-2.27.so
7f31ac8e8000-7f31ac8e9000 rw-p 00007000 103:02 10490639                  /lib/x86_64-linux-gnu/librt-2.27.so
7f31ac8e9000-7f31aca86000 r-xp 00000000 103:02 10490561                  /lib/x86_64-linux-gnu/libm-2.27.so
7f31aca86000-7f31acc85000 ---p 0019d000 103:02 10490561                  /lib/x86_64-linux-gnu/libm-2.27.so
7f31acc85000-7f31acc86000 r--p 0019c000 103:02 10490561                  /lib/x86_64-linux-gnu/libm-2.27.so
7f31acc86000-7f31acc87000 rw-p 0019d000 103:02 10490561                  /lib/x86_64-linux-gnu/libm-2.27.so
7f31acc87000-7f31addea000 r-xp 00000000 103:02 16002329                  /usr/lib/jvm/java-12-oracle/lib/server/libjvm.so
7f31addea000-7f31adfea000 ---p 01163000 103:02 16002329                  /usr/lib/jvm/java-12-oracle/lib/server/libjvm.so
7f31adfea000-7f31ae0ab000 r--p 01163000 103:02 16002329                  /usr/lib/jvm/java-12-oracle/lib/server/libjvm.so
7f31ae0ab000-7f31ae0e4000 rw-p 01224000 103:02 16002329                  /usr/lib/jvm/java-12-oracle/lib/server/libjvm.so
7f31ae0e4000-7f31ae167000 rw-p 00000000 00:00 0 
7f31ae167000-7f31ae34e000 r-xp 00000000 103:02 10490498                  /lib/x86_64-linux-gnu/libc-2.27.so
7f31ae34e000-7f31ae54e000 ---p 001e7000 103:02 10490498                  /lib/x86_64-linux-gnu/libc-2.27.so
7f31ae54e000-7f31ae552000 r--p 001e7000 103:02 10490498                  /lib/x86_64-linux-gnu/libc-2.27.so
7f31ae552000-7f31ae554000 rw-p 001eb000 103:02 10490498                  /lib/x86_64-linux-gnu/libc-2.27.so
7f31ae554000-7f31ae558000 rw-p 00000000 00:00 0 
7f31ae558000-7f31ae55b000 r-xp 00000000 103:02 10490521                  /lib/x86_64-linux-gnu/libdl-2.27.so
7f31ae55b000-7f31ae75a000 ---p 00003000 103:02 10490521                  /lib/x86_64-linux-gnu/libdl-2.27.so
7f31ae75a000-7f31ae75b000 r--p 00002000 103:02 10490521                  /lib/x86_64-linux-gnu/libdl-2.27.so
7f31ae75b000-7f31ae75c000 rw-p 00003000 103:02 10490521                  /lib/x86_64-linux-gnu/libdl-2.27.so
7f31ae75c000-7f31ae776000 r-xp 00000000 103:02 10490631                  /lib/x86_64-linux-gnu/libpthread-2.27.so
7f31ae776000-7f31ae975000 ---p 0001a000 103:02 10490631                  /lib/x86_64-linux-gnu/libpthread-2.27.so
7f31ae975000-7f31ae976000 r--p 00019000 103:02 10490631                  /lib/x86_64-linux-gnu/libpthread-2.27.so
7f31ae976000-7f31ae977000 rw-p 0001a000 103:02 10490631                  /lib/x86_64-linux-gnu/libpthread-2.27.so
7f31ae977000-7f31ae97b000 rw-p 00000000 00:00 0 
7f31ae97b000-7f31ae98b000 r-xp 00000000 103:02 15993628                  /usr/lib/jvm/java-12-oracle/lib/libjli.so
7f31ae98b000-7f31aeb8a000 ---p 00010000 103:02 15993628                  /usr/lib/jvm/java-12-oracle/lib/libjli.so
7f31aeb8a000-7f31aeb8b000 r--p 0000f000 103:02 15993628                  /usr/lib/jvm/java-12-oracle/lib/libjli.so
7f31aeb8b000-7f31aeb8c000 rw-p 00010000 103:02 15993628                  /usr/lib/jvm/java-12-oracle/lib/libjli.so
7f31aeb8c000-7f31aeba8000 r-xp 00000000 103:02 10490670                  /lib/x86_64-linux-gnu/libz.so.1.2.11
7f31aeba8000-7f31aeda7000 ---p 0001c000 103:02 10490670                  /lib/x86_64-linux-gnu/libz.so.1.2.11
7f31aeda7000-7f31aeda8000 r--p 0001b000 103:02 10490670                  /lib/x86_64-linux-gnu/libz.so.1.2.11
7f31aeda8000-7f31aeda9000 rw-p 0001c000 103:02 10490670                  /lib/x86_64-linux-gnu/libz.so.1.2.11
7f31aeda9000-7f31aedd0000 r-xp 00000000 103:02 10490470                  /lib/x86_64-linux-gnu/ld-2.27.so
7f31aedd7000-7f31aeea4000 rw-p 00000000 00:00 0 
7f31aeea4000-7f31aeeb5000 rw-p 00000000 00:00 0 
7f31aeeb5000-7f31aeeb9000 ---p 00000000 00:00 0 
7f31aeeb9000-7f31aefba000 rw-p 00000000 00:00 0 
7f31aefbf000-7f31aefc1000 r--s 00011000 103:02 537327                    /home/rflachlan/netbeans/profiler/lib/jfluid-server-15.jar
7f31aefc1000-7f31aefc5000 r--s 00073000 103:02 537329                    /home/rflachlan/netbeans/profiler/lib/jfluid-server.jar
7f31aefc5000-7f31aefcd000 rw-s 00000000 103:02 13369614                  /tmp/hsperfdata_rflachlan/73912
7f31aefcd000-7f31aefce000 ---p 00000000 00:00 0 
7f31aefce000-7f31aefcf000 r--p 00000000 00:00 0 
7f31aefcf000-7f31aefd0000 ---p 00000000 00:00 0 
7f31aefd0000-7f31aefd1000 r--p 00027000 103:02 10490470                  /lib/x86_64-linux-gnu/ld-2.27.so
7f31aefd1000-7f31aefd2000 rw-p 00028000 103:02 10490470                  /lib/x86_64-linux-gnu/ld-2.27.so
7f31aefd2000-7f31aefd3000 rw-p 00000000 00:00 0 
7ffc28370000-7ffc28392000 rw-p 00000000 00:00 0                          [stack]
7ffc283ce000-7ffc283d1000 r--p 00000000 00:00 0                          [vvar]
7ffc283d1000-7ffc283d3000 r-xp 00000000 00:00 0                          [vdso]
ffffffffff600000-ffffffffff601000 r-xp 00000000 00:00 0                  [vsyscall]


VM Arguments:
jvm_args: -Dfile.encoding=UTF-8 -XX:+UnlockExperimentalVMOptions -XX:+UseJVMCICompiler -XX:+UseJVMCICompiler -XX:+UseNUMA -Xmx50G -agentpath:/home/rflachlan/netbeans/profiler/lib/deployed/jdk16/linux-amd64/libprofilerinterface.so=/home/rflachlan/netbeans/profiler/lib,5140,10 -XX:+HeapDumpOnOutOfMemoryError -XX:HeapDumpPath=/home/rflachlan/NetBeansProjects/ChaffinchABC/nbproject/private/profiler 
java_command: org.ABCRunner.ABCRunner
java_class_path (initial): /home/rflachlan/Dropbox/workspace/dsiutils-2.3.3.jar:/home/rflachlan/Dropbox/workspace/dsiutils-deps/commons-math3-3.6.1.jar:/home/rflachlan/eclipse-workspace/commons-exec-1.3/commons-exec-1.3.jar:/home/rflachlan/NetBeansProjects/ChaffinchABC/build/classes
Launcher Type: SUN_STANDARD

[Global flags]
     intx CICompilerCount                          = 18                                        {product} {ergonomic}
     uint ConcGCThreads                            = 11                                        {product} {ergonomic}
     uint G1ConcRefinementThreads                  = 43                                        {product} {ergonomic}
   size_t G1HeapRegionSize                         = 8388608                                   {product} {ergonomic}
    uintx GCDrainStackTargetSize                   = 64                                        {product} {ergonomic}
     bool HeapDumpOnOutOfMemoryError               = true                                   {manageable} {command line}
    ccstr HeapDumpPath                             = /home/rflachlan/NetBeansProjects/ChaffinchABC/nbproject/private/profiler         {manageable} {command line}
   size_t InitialHeapSize                          = 1056964608                                {product} {ergonomic}
   size_t MarkStackSize                            = 4194304                                   {product} {ergonomic}
   size_t MaxHeapSize                              = 53687091200                               {product} {command line}
   size_t MaxNewSize                               = 32212254720                               {product} {ergonomic}
   size_t MinHeapDeltaBytes                        = 8388608                                   {product} {ergonomic}
    uintx NonNMethodCodeHeapSize                   = 8769992                                {pd product} {ergonomic}
    uintx NonProfiledCodeHeapSize                  = 163387164                              {pd product} {ergonomic}
    uintx ProfiledCodeHeapSize                     = 163387164                              {pd product} {ergonomic}
    uintx ReservedCodeCacheSize                    = 335544320                              {pd product} {ergonomic}
     bool SegmentedCodeCache                       = true                                      {product} {ergonomic}
     bool UnlockExperimentalVMOptions              = true                                 {experimental} {command line}
     bool UseG1GC                                  = true                                      {product} {ergonomic}
     bool UseJVMCICompiler                         = true                           {JVMCI experimental} {command line}
     bool UseNUMA                                  = true                                      {product} {command line}
     bool UseNUMAInterleaving                      = true                                      {product} {ergonomic}

Logging:
Log output configuration:
 #0: stdout all=warning uptime,level,tags
 #1: stderr all=off uptime,level,tags

Environment Variables:
JAVA_HOME=/usr/lib/jvm/java-12-oracle
PATH=/usr/local/sbin:/usr/local/bin:/usr/sbin:/usr/bin:/sbin:/bin:/usr/games:/usr/local/games:/snap/bin:/usr/lib/jvm/java-12-oracle/bin:/usr/lib/jvm/java-12-oracle/db/bin
USERNAME=rflachlan
SHELL=/bin/bash
DISPLAY=:0

Signal Handlers:
SIGSEGV: [libjvm.so+0xe44380], sa_mask[0]=11111111011111111101111111111110, sa_flags=SA_RESTART|SA_SIGINFO
SIGBUS: [libjvm.so+0xe44380], sa_mask[0]=11111111011111111101111111111110, sa_flags=SA_RESTART|SA_SIGINFO
SIGFPE: [libjvm.so+0xe44380], sa_mask[0]=11111111011111111101111111111110, sa_flags=SA_RESTART|SA_SIGINFO
SIGPIPE: [libjvm.so+0xbf3e70], sa_mask[0]=11111111011111111101111111111110, sa_flags=SA_RESTART|SA_SIGINFO
SIGXFSZ: [libjvm.so+0xbf3e70], sa_mask[0]=11111111011111111101111111111110, sa_flags=SA_RESTART|SA_SIGINFO
SIGILL: [libjvm.so+0xe44380], sa_mask[0]=11111111011111111101111111111110, sa_flags=SA_RESTART|SA_SIGINFO
SIGUSR2: [libjvm.so+0xbf3d10], sa_mask[0]=00100000000000000000000000000000, sa_flags=SA_RESTART|SA_SIGINFO
SIGHUP: [libjvm.so+0xbf4070], sa_mask[0]=11111111011111111101111111111110, sa_flags=SA_RESTART|SA_SIGINFO
SIGINT: SIG_IGN, sa_mask[0]=00000000000000000000000000000000, sa_flags=none
SIGTERM: [libjvm.so+0xbf4070], sa_mask[0]=11111111011111111101111111111110, sa_flags=SA_RESTART|SA_SIGINFO
SIGQUIT: [libjvm.so+0xbf4070], sa_mask[0]=11111111011111111101111111111110, sa_flags=SA_RESTART|SA_SIGINFO


---------------  S Y S T E M  ---------------

OS:DISTRIB_ID=Ubuntu
DISTRIB_RELEASE=18.04
DISTRIB_CODENAME=bionic
DISTRIB_DESCRIPTION="Ubuntu 18.04.3 LTS"
uname:Linux 4.15.0-66-generic #75-Ubuntu SMP Tue Oct 1 05:24:09 UTC 2019 x86_64
libc:glibc 2.27 NPTL 2.27 
rlimit: STACK 8192k, CORE 0k, NPROC 256634, NOFILE 4096, AS infinity, DATA infinity, FSIZE infinity
load average:48.29 52.08 36.73

/proc/meminfo:
MemTotal:       65882052 kB
MemFree:        29189124 kB
MemAvailable:   52548900 kB
Buffers:         1341888 kB
Cached:         21366708 kB
SwapCached:        73248 kB
Active:         14338764 kB
Inactive:       19246156 kB
Active(anon):    9591744 kB
Inactive(anon):  1456896 kB
Active(file):    4747020 kB
Inactive(file): 17789260 kB
Unevictable:          16 kB
Mlocked:              16 kB
SwapTotal:       2097148 kB
SwapFree:        1406840 kB
Dirty:             74968 kB
Writeback:             0 kB
AnonPages:      10810996 kB
Mapped:           805692 kB
Shmem:            171788 kB
Slab:            1971268 kB
SReclaimable:    1473092 kB
SUnreclaim:       498176 kB
KernelStack:       35856 kB
PageTables:        86900 kB
NFS_Unstable:          0 kB
Bounce:                0 kB
WritebackTmp:          0 kB
CommitLimit:    35038172 kB
Committed_AS:   21695140 kB
VmallocTotal:   34359738367 kB
VmallocUsed:           0 kB
VmallocChunk:          0 kB
HardwareCorrupted:     0 kB
AnonHugePages:         0 kB
ShmemHugePages:        0 kB
ShmemPmdMapped:        0 kB
CmaTotal:              0 kB
CmaFree:               0 kB
HugePages_Total:       0
HugePages_Free:        0
HugePages_Rsvd:        0
HugePages_Surp:        0
Hugepagesize:       2048 kB
DirectMap4k:     1696792 kB
DirectMap2M:    54796288 kB
DirectMap1G:    10485760 kB


/proc/sys/kernel/threads-max (system-wide limit on the number of threads):
513269


/proc/sys/vm/max_map_count (maximum number of memory map areas a process may have):
65530


/proc/sys/kernel/pid_max (system-wide limit on number of process identifiers):
131072



container (cgroup) information:
container_type: cgroupv1
cpu_cpuset_cpus: 0-63
cpu_memory_nodes: 0,2
active_processor_count: 64
cpu_quota: -1
cpu_period: 100000
cpu_shares: -1
memory_limit_in_bytes: -1
memory_and_swap_limit_in_bytes: -2
memory_soft_limit_in_bytes: -1
memory_usage_in_bytes: 34341818368
memory_max_usage_in_bytes: 143667474432


CPU:total 64 (initial active 64) (64 cores per cpu, 2 threads per core) family 23 model 8 stepping 2, cmov, cx8, fxsr, mmx, sse, sse2, sse3, ssse3, sse4.1, sse4.2, popcnt, avx, avx2, aes, clmul, mmxext, 3dnowpref, lzcnt, sse4a, ht, tsc, tscinvbit, tscinv, bmi1, bmi2, adx, sha, fma
CPU Model and flags from /proc/cpuinfo:
model name	: AMD Ryzen Threadripper 2990WX 32-Core Processor
flags		: fpu vme de pse tsc msr pae mce cx8 apic sep mtrr pge mca cmov pat pse36 clflush mmx fxsr sse sse2 ht syscall nx mmxext fxsr_opt pdpe1gb rdtscp lm constant_tsc rep_good nopl nonstop_tsc cpuid extd_apicid amd_dcm aperfmperf pni pclmulqdq monitor ssse3 fma cx16 sse4_1 sse4_2 movbe popcnt aes xsave avx f16c rdrand lahf_lm cmp_legacy svm extapic cr8_legacy abm sse4a misalignsse 3dnowprefetch osvw skinit wdt tce topoext perfctr_core perfctr_nb bpext perfctr_llc mwaitx cpb hw_pstate sme ssbd ibpb vmmcall fsgsbase bmi1 avx2 smep bmi2 rdseed adx smap clflushopt sha_ni xsaveopt xsavec xgetbv1 xsaves clzero irperf xsaveerptr arat npt lbrv svm_lock nrip_save tsc_scale vmcb_clean flushbyasid decodeassists pausefilter pfthreshold avic v_vmsave_vmload vgif overflow_recov succor smca

Memory: 4k page, physical 65882052k(29188612k free), swap 2097148k(1406840k free)

vm_info: Java HotSpot(TM) 64-Bit Server VM (12.0.2+10) for linux-amd64 JRE (12.0.2+10), built on Jul 16 2019 00:56:35 by "mach5one" with gcc 7.3.0

END.
