#
# There is insufficient memory for the Java Runtime Environment to continue.
# Native memory allocation (mmap) failed to map 2558525440 bytes for committing reserved memory.
# Possible reasons:
#   The system is out of physical RAM or swap space
#   The process is running with CompressedOops enabled, and the Java Heap may be blocking the growth of the native heap
# Possible solutions:
#   Reduce memory load on the system
#   Increase physical memory or swap space
#   Check if swap backing store is full
#   Decrease Java heap size (-Xmx/-Xms)
#   Decrease number of Java threads
#   Decrease Java thread stack sizes (-Xss)
#   Set larger code cache with -XX:ReservedCodeCacheSize=
#   JVM is running with Zero Based Compressed Oops mode in which the Java heap is
#     placed in the first 32GB address space. The Java Heap base address is the
#     maximum limit for the native heap growth. Please use -XX:HeapBaseMinAddress
#     to set the Java Heap base and to place the Java Heap above 32GB virtual address.
# This output file may be truncated or incomplete.
#
#  Out of Memory Error (os_linux.cpp:2659), pid=15547, tid=15793
#
# JRE version: Java(TM) SE Runtime Environment (12.0.1+12) (build 12.0.1+12)
# Java VM: Java HotSpot(TM) 64-Bit Server VM (12.0.1+12, mixed mode, sharing, tiered, compressed oops, g1 gc, linux-amd64)
# Core dump will be written. Default location: Core dumps may be processed with "/usr/share/apport/apport %p %s %c %d %P" (or dumping to /home/rflachlan/NetBeansProjects/ChaffinchABC/core.15547)
#

---------------  S U M M A R Y ------------

Command Line: /home/rflachlan/Dropbox/ChaffMainlandN//ChaffinchABC.jar 1 11 0 365461999303661078 /home/rflachlan/Dropbox/ChaffMainlandN/

Host: AMD Ryzen Threadripper 2990WX 32-Core Processor, 64 cores, 62G, Ubuntu 18.04.2 LTS
Time: Wed Jul 17 17:16:24 2019 BST elapsed time: 111 seconds (0d 0h 1m 51s)

---------------  T H R E A D  ---------------

Current thread (0x00007fbd18327000):  VMThread "VM Thread" [stack: 0x00007fbcc5ae2000,0x00007fbcc5be2000] [id=15793]

Stack: [0x00007fbcc5ae2000,0x00007fbcc5be2000],  sp=0x00007fbcc5bdff30,  free space=1015k
Native frames: (J=compiled Java code, A=aot compiled Java code, j=interpreted, Vv=VM code, C=native code)
V  [libjvm.so+0xe43ca0]  VMError::report_and_die(int, char const*, char const*, __va_list_tag*, Thread*, unsigned char*, void*, void*, char const*, int, unsigned long)+0x310
V  [libjvm.so+0xe4486b]  VMError::report_and_die(Thread*, char const*, int, unsigned long, VMErrorType, char const*, __va_list_tag*)+0x2b
V  [libjvm.so+0x65df95]  report_vm_out_of_memory(char const*, int, unsigned long, VMErrorType, char const*, ...)+0xd5
V  [libjvm.so+0xbf8c18]  os::pd_commit_memory_or_exit(char*, unsigned long, unsigned long, bool, char const*)+0x108
V  [libjvm.so+0xbf03fd]  os::commit_memory_or_exit(char*, unsigned long, unsigned long, bool, char const*)+0x1d
V  [libjvm.so+0x78820c]  G1PageBasedVirtualSpace::commit_preferred_pages(unsigned long, unsigned long)+0x6c
V  [libjvm.so+0x7885a4]  G1PageBasedVirtualSpace::commit(unsigned long, unsigned long)+0x154
V  [libjvm.so+0x796370]  G1RegionsLargerThanCommitSizeMapper::commit_regions(unsigned int, unsigned long, WorkGang*)+0x40
V  [libjvm.so+0x8174c0]  HeapRegionManager::commit_regions(unsigned int, unsigned long, WorkGang*)+0x80
V  [libjvm.so+0x81822f]  HeapRegionManager::make_regions_available(unsigned int, unsigned int, WorkGang*)+0x3f
V  [libjvm.so+0x8187b9]  HeapRegionManager::expand_at(unsigned int, unsigned int, WorkGang*)+0x119
V  [libjvm.so+0x73cc00]  G1CollectedHeap::expand(unsigned long, WorkGang*, double*)+0xe0
V  [libjvm.so+0x7415d2]  G1CollectedHeap::do_collection_pause_at_safepoint(double)+0xa22
V  [libjvm.so+0x7a9c51]  VM_G1CollectForAllocation::doit()+0x81
V  [libjvm.so+0xe46287]  VM_Operation::evaluate()+0xe7
V  [libjvm.so+0xe4c12f]  VMThread::evaluate_operation(VM_Operation*) [clone .constprop.63]+0xff
V  [libjvm.so+0xe4c671]  VMThread::loop()+0x3f1
V  [libjvm.so+0xe4caa3]  VMThread::run()+0x73
V  [libjvm.so+0xdd21bf]  Thread::call_run()+0x16f
V  [libjvm.so+0xbfe94e]  thread_native_entry(Thread*)+0xee

VM_Operation (0x00007fbd1ea74460): G1CollectForAllocation, mode: safepoint, requested by thread 0x00007fbd18012800


---------------  P R O C E S S  ---------------

Threads class SMR info:
_java_thread_list=0x00007fbc90037dc0, length=9, elements={
0x00007fbd18012800, 0x00007fbd1832a000, 0x00007fbd1832c000, 0x00007fbd18331000,
0x00007fbd18333800, 0x00007fbd1833d800, 0x00007fbd1833f800, 0x00007fbd18370000,
0x00007fbd18375000
}

Java Threads: ( => current thread )
  0x00007fbd18012800 JavaThread "main" [_thread_blocked, id=15581, stack(0x00007fbd1e975000,0x00007fbd1ea76000)]
  0x00007fbd1832a000 JavaThread "Reference Handler" daemon [_thread_blocked, id=15834, stack(0x00007fbcc59df000,0x00007fbcc5ae0000)]
  0x00007fbd1832c000 JavaThread "Finalizer" daemon [_thread_blocked, id=15847, stack(0x00007fbcc58de000,0x00007fbcc59df000)]
  0x00007fbd18331000 JavaThread "Signal Dispatcher" daemon [_thread_blocked, id=15867, stack(0x00007fbcc4e0e000,0x00007fbcc4f0f000)]
  0x00007fbd18333800 JavaThread "C2 CompilerThread0" daemon [_thread_blocked, id=15889, stack(0x00007fbcc4d0d000,0x00007fbcc4e0e000)]
  0x00007fbd1833d800 JavaThread "C1 CompilerThread0" daemon [_thread_blocked, id=15943, stack(0x00007fbcc4c0c000,0x00007fbcc4d0d000)]
  0x00007fbd1833f800 JavaThread "Sweeper thread" daemon [_thread_blocked, id=15949, stack(0x00007fbcc4b0b000,0x00007fbcc4c0c000)]
  0x00007fbd18370000 JavaThread "Service Thread" daemon [_thread_blocked, id=16033, stack(0x00007fbcc4505000,0x00007fbcc4606000)]
  0x00007fbd18375000 JavaThread "Common-Cleaner" daemon [_thread_blocked, id=16066, stack(0x00007fbcc4302000,0x00007fbcc4403000)]

Other Threads:
=>0x00007fbd18327000 VMThread "VM Thread" [stack: 0x00007fbcc5ae2000,0x00007fbcc5be2000] [id=15793]
  0x00007fbd18372800 WatcherThread [stack: 0x00007fbcc4405000,0x00007fbcc4505000] [id=16048]
  0x00007fbd1806e800 GCTaskThread "GC Thread#0" [stack: 0x00007fbcd73d0000,0x00007fbcd74d0000] [id=15639]
  0x00007fbcbc001000 GCTaskThread "GC Thread#1" [stack: 0x00007fbc7fae6000,0x00007fbc7fbe6000] [id=16716]
  0x00007fbcbc002000 GCTaskThread "GC Thread#2" [stack: 0x00007fbc7f9e4000,0x00007fbc7fae4000] [id=16722]
  0x00007fbcbc003000 GCTaskThread "GC Thread#3" [stack: 0x00007fbc7f8e2000,0x00007fbc7f9e2000] [id=16723]
  0x00007fbcbc004800 GCTaskThread "GC Thread#4" [stack: 0x00007fbc7f7e0000,0x00007fbc7f8e0000] [id=16724]
  0x00007fbcbc006000 GCTaskThread "GC Thread#5" [stack: 0x00007fbc7f6de000,0x00007fbc7f7de000] [id=16725]
  0x00007fbcbc007800 GCTaskThread "GC Thread#6" [stack: 0x00007fbc7f5dc000,0x00007fbc7f6dc000] [id=16726]
  0x00007fbcbc009000 GCTaskThread "GC Thread#7" [stack: 0x00007fbc7f4da000,0x00007fbc7f5da000] [id=16729]
  0x00007fbcbc00b000 GCTaskThread "GC Thread#8" [stack: 0x00007fbc7f3d8000,0x00007fbc7f4d8000] [id=16732]
  0x00007fbcbc00c800 GCTaskThread "GC Thread#9" [stack: 0x00007fbc7f2d6000,0x00007fbc7f3d6000] [id=16733]
  0x00007fbcbc00e000 GCTaskThread "GC Thread#10" [stack: 0x00007fbc7f1d4000,0x00007fbc7f2d4000] [id=16741]
  0x00007fbcbc00f800 GCTaskThread "GC Thread#11" [stack: 0x00007fbc7f0d2000,0x00007fbc7f1d2000] [id=16742]
  0x00007fbcbc011000 GCTaskThread "GC Thread#12" [stack: 0x00007fbc7efd0000,0x00007fbc7f0d0000] [id=16745]
  0x00007fbcbc012800 GCTaskThread "GC Thread#13" [stack: 0x00007fbc7eece000,0x00007fbc7efce000] [id=16761]
  0x00007fbcbc014000 GCTaskThread "GC Thread#14" [stack: 0x00007fbc7edcc000,0x00007fbc7eecc000] [id=16767]
  0x00007fbcbc015800 GCTaskThread "GC Thread#15" [stack: 0x00007fbc7ecca000,0x00007fbc7edca000] [id=16770]
  0x00007fbcbc017000 GCTaskThread "GC Thread#16" [stack: 0x00007fbc7ebc8000,0x00007fbc7ecc8000] [id=16771]
  0x00007fbcbc018800 GCTaskThread "GC Thread#17" [stack: 0x00007fbc7eac6000,0x00007fbc7ebc6000] [id=16772]
  0x00007fbcbc01a000 GCTaskThread "GC Thread#18" [stack: 0x00007fbc7e9c4000,0x00007fbc7eac4000] [id=16773]
  0x00007fbcbc01b800 GCTaskThread "GC Thread#19" [stack: 0x00007fbc7e8c2000,0x00007fbc7e9c2000] [id=16775]
  0x00007fbcbc01d800 GCTaskThread "GC Thread#20" [stack: 0x00007fbc7e7c0000,0x00007fbc7e8c0000] [id=16776]
  0x00007fbcbc01f000 GCTaskThread "GC Thread#21" [stack: 0x00007fbc7e6be000,0x00007fbc7e7be000] [id=16783]
  0x00007fbcbc021000 GCTaskThread "GC Thread#22" [stack: 0x00007fbc7e5bc000,0x00007fbc7e6bc000] [id=16786]
  0x00007fbcbc022800 GCTaskThread "GC Thread#23" [stack: 0x00007fbc7e4ba000,0x00007fbc7e5ba000] [id=16793]
  0x00007fbcbc074800 GCTaskThread "GC Thread#24" [stack: 0x00007fbc7dfb1000,0x00007fbc7e0b1000] [id=18755]
  0x00007fbcbc075800 GCTaskThread "GC Thread#25" [stack: 0x00007fbc7deaf000,0x00007fbc7dfaf000] [id=18758]
  0x00007fbcbc076800 GCTaskThread "GC Thread#26" [stack: 0x00007fbc7ddad000,0x00007fbc7dead000] [id=18759]
  0x00007fbcbc077800 GCTaskThread "GC Thread#27" [stack: 0x00007fbc7dcab000,0x00007fbc7ddab000] [id=18760]
  0x00007fbcbc079000 GCTaskThread "GC Thread#28" [stack: 0x00007fbc7dba9000,0x00007fbc7dca9000] [id=18761]
  0x00007fbd18088800 ConcurrentGCThread "G1 Main Marker" [stack: 0x00007fbcd72ce000,0x00007fbcd73ce000] [id=15646]
  0x00007fbd1808a000 ConcurrentGCThread "G1 Conc#0" [stack: 0x00007fbcd71cc000,0x00007fbcd72cc000] [id=15657]
  0x00007fbd182a5800 ConcurrentGCThread "G1 Refine#0" [stack: 0x00007fbcc64e6000,0x00007fbcc65e6000] [id=15712]
  0x00007fbcc0001000 ConcurrentGCThread "G1 Refine#1" [stack: 0x00007fbc7e2b7000,0x00007fbc7e3b7000] [id=18667]
  0x00007fbc88084000 ConcurrentGCThread "G1 Refine#2" [stack: 0x00007fbc7e1b5000,0x00007fbc7e2b5000] [id=18670]
  0x00007fbc18001800 ConcurrentGCThread "G1 Refine#3" [stack: 0x00007fbc7e0b3000,0x00007fbc7e1b3000] [id=18677]
  0x00007fbc98002000 ConcurrentGCThread "G1 Refine#4" [stack: 0x00007fbc7daa7000,0x00007fbc7dba7000] [id=18845]
  0x00007fbc90074000 ConcurrentGCThread "G1 Refine#5" [stack: 0x00007fbc7d9a5000,0x00007fbc7daa5000] [id=18846]
  0x00007fbc08001000 ConcurrentGCThread "G1 Refine#6" [stack: 0x00007fbc7d8a3000,0x00007fbc7d9a3000] [id=19030]
  0x00007fbc0c001000 ConcurrentGCThread "G1 Refine#7" [stack: 0x00007fbc7d7a1000,0x00007fbc7d8a1000] [id=19291]
  0x00007fbc00001000 ConcurrentGCThread "G1 Refine#8" [stack: 0x00007fbc7d69f000,0x00007fbc7d79f000] [id=19349]
  0x00007fbc04001000 ConcurrentGCThread "G1 Refine#9" [stack: 0x00007fbc7d59d000,0x00007fbc7d69d000] [id=19436]
  0x00007fbbf8001000 ConcurrentGCThread "G1 Refine#10" [stack: 0x00007fbc7d49b000,0x00007fbc7d59b000] [id=19437]
  0x00007fbbfc001000 ConcurrentGCThread "G1 Refine#11" [stack: 0x00007fbc7d399000,0x00007fbc7d499000] [id=19524]
  0x00007fbbf0001000 ConcurrentGCThread "G1 Refine#12" [stack: 0x00007fbc7d297000,0x00007fbc7d397000] [id=19633]
  0x00007fbbf4001000 ConcurrentGCThread "G1 Refine#13" [stack: 0x00007fbc7d195000,0x00007fbc7d295000] [id=19736]
  0x00007fbd182a7000 ConcurrentGCThread "G1 Young RemSet Sampling" [stack: 0x00007fbcc63e4000,0x00007fbcc64e4000] [id=15724]

Threads with active compile tasks:

VM state:at safepoint (normal execution)

VM Mutex/Monitor currently owned by a thread:  ([mutex/lock_event])
[0x00007fbd1800e5b0] Threads_lock - owner thread: 0x00007fbd18327000
[0x00007fbd1800ed90] Heap_lock - owner thread: 0x00007fbd18012800

Heap address: 0x0000000412800000, size: 16088 MB, Compressed Oops mode: Zero based, Oop shift amount: 3
Narrow klass base: 0x0000000800000000, Narrow klass shift: 3
Compressed class space size: 1073741824 Address: 0x0000000801129000

Heap:
 garbage-first heap   total 3747840K, used 267796K [0x0000000412800000, 0x0000000800000000)
  region size 4096K, 2 young (8192K), 2 survivors (8192K)
 Metaspace       used 1089K, capacity 5017K, committed 5376K, reserved 1056768K
  class space    used 56K, capacity 424K, committed 512K, reserved 1048576K
Heap Regions: E=young(eden), S=young(survivor), O=old, HS=humongous(starts), HC=humongous(continues), CS=collection set, F=free, A=archive, TAMS=top-at-mark-start (previous, next)
|   0|0x0000000412800000, 0x0000000412c00000, 0x0000000412c00000|100%| O|  |TAMS 0x0000000412800000, 0x0000000412800000| Untracked 
|   1|0x0000000412c00000, 0x0000000413000000, 0x0000000413000000|100%| O|  |TAMS 0x0000000412c00000, 0x0000000412c00000| Untracked 
|   2|0x0000000413000000, 0x0000000413400000, 0x0000000413400000|100%| O|  |TAMS 0x0000000413000000, 0x0000000413000000| Untracked 
|   3|0x0000000413400000, 0x0000000413800000, 0x0000000413800000|100%| O|  |TAMS 0x0000000413400000, 0x0000000413400000| Untracked 
|   4|0x0000000413800000, 0x0000000413c00000, 0x0000000413c00000|100%| O|  |TAMS 0x0000000413800000, 0x0000000413800000| Untracked 
|   5|0x0000000413c00000, 0x0000000414000000, 0x0000000414000000|100%| O|  |TAMS 0x0000000413c00000, 0x0000000413c00000| Untracked 
|   6|0x0000000414000000, 0x0000000414400000, 0x0000000414400000|100%| O|  |TAMS 0x0000000414000000, 0x0000000414000000| Untracked 
|   7|0x0000000414400000, 0x0000000414800000, 0x0000000414800000|100%| O|  |TAMS 0x0000000414400000, 0x0000000414400000| Untracked 
|   8|0x0000000414800000, 0x0000000414c00000, 0x0000000414c00000|100%| O|  |TAMS 0x0000000414800000, 0x0000000414800000| Untracked 
|   9|0x0000000414c00000, 0x0000000415000000, 0x0000000415000000|100%| O|  |TAMS 0x0000000414c00000, 0x0000000414c00000| Untracked 
|  10|0x0000000415000000, 0x0000000415400000, 0x0000000415400000|100%| O|  |TAMS 0x0000000415000000, 0x0000000415000000| Untracked 
|  11|0x0000000415400000, 0x0000000415800000, 0x0000000415800000|100%| O|  |TAMS 0x0000000415400000, 0x0000000415400000| Untracked 
|  12|0x0000000415800000, 0x0000000415c00000, 0x0000000415c00000|100%| O|  |TAMS 0x0000000415800000, 0x0000000415800000| Untracked 
|  13|0x0000000415c00000, 0x0000000416000000, 0x0000000416000000|100%| O|  |TAMS 0x0000000415c00000, 0x0000000415c00000| Untracked 
|  14|0x0000000416000000, 0x0000000416400000, 0x0000000416400000|100%| O|  |TAMS 0x0000000416000000, 0x0000000416000000| Untracked 
|  15|0x0000000416400000, 0x0000000416800000, 0x0000000416800000|100%| O|  |TAMS 0x0000000416400000, 0x0000000416400000| Untracked 
|  16|0x0000000416800000, 0x0000000416c00000, 0x0000000416c00000|100%| O|  |TAMS 0x0000000416800000, 0x0000000416800000| Untracked 
|  17|0x0000000416c00000, 0x0000000417000000, 0x0000000417000000|100%| O|  |TAMS 0x0000000416c00000, 0x0000000416c00000| Untracked 
|  18|0x0000000417000000, 0x0000000417400000, 0x0000000417400000|100%| O|  |TAMS 0x0000000417000000, 0x0000000417000000| Untracked 
|  19|0x0000000417400000, 0x0000000417800000, 0x0000000417800000|100%| O|  |TAMS 0x0000000417400000, 0x0000000417400000| Untracked 
|  20|0x0000000417800000, 0x0000000417c00000, 0x0000000417c00000|100%| O|  |TAMS 0x0000000417800000, 0x0000000417800000| Untracked 
|  21|0x0000000417c00000, 0x0000000418000000, 0x0000000418000000|100%| O|  |TAMS 0x0000000417c00000, 0x0000000417c00000| Untracked 
|  22|0x0000000418000000, 0x0000000418400000, 0x0000000418400000|100%| O|  |TAMS 0x0000000418000000, 0x0000000418000000| Untracked 
|  23|0x0000000418400000, 0x0000000418800000, 0x0000000418800000|100%| O|  |TAMS 0x0000000418400000, 0x0000000418400000| Untracked 
|  24|0x0000000418800000, 0x0000000418c00000, 0x0000000418c00000|100%| O|  |TAMS 0x0000000418800000, 0x0000000418800000| Untracked 
|  25|0x0000000418c00000, 0x0000000419000000, 0x0000000419000000|100%| O|  |TAMS 0x0000000418c00000, 0x0000000418c00000| Untracked 
|  26|0x0000000419000000, 0x0000000419400000, 0x0000000419400000|100%| O|  |TAMS 0x0000000419000000, 0x0000000419000000| Untracked 
|  27|0x0000000419400000, 0x0000000419800000, 0x0000000419800000|100%| O|  |TAMS 0x0000000419400000, 0x0000000419400000| Untracked 
|  28|0x0000000419800000, 0x0000000419c00000, 0x0000000419c00000|100%| O|  |TAMS 0x0000000419800000, 0x0000000419800000| Untracked 
|  29|0x0000000419c00000, 0x000000041a000000, 0x000000041a000000|100%| O|  |TAMS 0x0000000419c00000, 0x0000000419c00000| Untracked 
|  30|0x000000041a000000, 0x000000041a400000, 0x000000041a400000|100%| O|  |TAMS 0x000000041a000000, 0x000000041a000000| Untracked 
|  31|0x000000041a400000, 0x000000041a800000, 0x000000041a800000|100%| O|  |TAMS 0x000000041a400000, 0x000000041a400000| Untracked 
|  32|0x000000041a800000, 0x000000041ac00000, 0x000000041ac00000|100%| O|  |TAMS 0x000000041a800000, 0x000000041a800000| Untracked 
|  33|0x000000041ac00000, 0x000000041b000000, 0x000000041b000000|100%| O|  |TAMS 0x000000041ac00000, 0x000000041ac00000| Untracked 
|  34|0x000000041b000000, 0x000000041b400000, 0x000000041b400000|100%| O|  |TAMS 0x000000041b000000, 0x000000041b000000| Untracked 
|  35|0x000000041b400000, 0x000000041b800000, 0x000000041b800000|100%| O|  |TAMS 0x000000041b400000, 0x000000041b400000| Untracked 
|  36|0x000000041b800000, 0x000000041bc00000, 0x000000041bc00000|100%| O|  |TAMS 0x000000041b800000, 0x000000041b800000| Untracked 
|  37|0x000000041bc00000, 0x000000041c000000, 0x000000041c000000|100%| O|  |TAMS 0x000000041bc00000, 0x000000041bc00000| Untracked 
|  38|0x000000041c000000, 0x000000041c400000, 0x000000041c400000|100%| O|  |TAMS 0x000000041c000000, 0x000000041c000000| Untracked 
|  39|0x000000041c400000, 0x000000041c800000, 0x000000041c800000|100%| O|  |TAMS 0x000000041c400000, 0x000000041c400000| Untracked 
|  40|0x000000041c800000, 0x000000041cc00000, 0x000000041cc00000|100%| O|  |TAMS 0x000000041c800000, 0x000000041c800000| Untracked 
|  41|0x000000041cc00000, 0x000000041d000000, 0x000000041d000000|100%| O|  |TAMS 0x000000041cc00000, 0x000000041cc00000| Untracked 
|  42|0x000000041d000000, 0x000000041d400000, 0x000000041d400000|100%| O|  |TAMS 0x000000041d000000, 0x000000041d000000| Untracked 
|  43|0x000000041d400000, 0x000000041d800000, 0x000000041d800000|100%| O|  |TAMS 0x000000041d400000, 0x000000041d400000| Untracked 
|  44|0x000000041d800000, 0x000000041dc00000, 0x000000041dc00000|100%| O|  |TAMS 0x000000041d800000, 0x000000041d800000| Untracked 
|  45|0x000000041dc00000, 0x000000041e000000, 0x000000041e000000|100%| O|  |TAMS 0x000000041dc00000, 0x000000041dc00000| Untracked 
|  46|0x000000041e000000, 0x000000041e400000, 0x000000041e400000|100%| O|  |TAMS 0x000000041e000000, 0x000000041e000000| Untracked 
|  47|0x000000041e400000, 0x000000041e800000, 0x000000041e800000|100%| O|  |TAMS 0x000000041e400000, 0x000000041e400000| Untracked 
|  48|0x000000041e800000, 0x000000041ec00000, 0x000000041ec00000|100%| O|  |TAMS 0x000000041e800000, 0x000000041e800000| Untracked 
|  49|0x000000041ec00000, 0x000000041f000000, 0x000000041f000000|100%| O|  |TAMS 0x000000041ec00000, 0x000000041ec00000| Untracked 
|  50|0x000000041f000000, 0x000000041f400000, 0x000000041f400000|100%| O|  |TAMS 0x000000041f000000, 0x000000041f000000| Untracked 
|  51|0x000000041f400000, 0x000000041f800000, 0x000000041f800000|100%| O|  |TAMS 0x000000041f400000, 0x000000041f400000| Untracked 
|  52|0x000000041f800000, 0x000000041fc00000, 0x000000041fc00000|100%| O|  |TAMS 0x000000041f800000, 0x000000041f800000| Untracked 
|  53|0x000000041fc00000, 0x0000000420000000, 0x0000000420000000|100%| O|  |TAMS 0x000000041fc00000, 0x000000041fc00000| Untracked 
|  54|0x0000000420000000, 0x0000000420400000, 0x0000000420400000|100%| O|  |TAMS 0x0000000420000000, 0x0000000420000000| Untracked 
|  55|0x0000000420400000, 0x0000000420800000, 0x0000000420800000|100%| O|  |TAMS 0x0000000420400000, 0x0000000420400000| Untracked 
|  56|0x0000000420800000, 0x0000000420c00000, 0x0000000420c00000|100%| O|  |TAMS 0x0000000420800000, 0x0000000420800000| Untracked 
|  57|0x0000000420c00000, 0x0000000421000000, 0x0000000421000000|100%| O|  |TAMS 0x0000000420c00000, 0x0000000420c00000| Untracked 
|  58|0x0000000421000000, 0x0000000421400000, 0x0000000421400000|100%| O|  |TAMS 0x0000000421000000, 0x0000000421000000| Untracked 
|  59|0x0000000421400000, 0x0000000421800000, 0x0000000421800000|100%| O|  |TAMS 0x0000000421400000, 0x0000000421400000| Untracked 
|  60|0x0000000421800000, 0x0000000421c00000, 0x0000000421c00000|100%| O|  |TAMS 0x0000000421800000, 0x0000000421800000| Untracked 
|  61|0x0000000421c00000, 0x0000000422000000, 0x0000000422000000|100%| O|  |TAMS 0x0000000421c00000, 0x0000000421c00000| Untracked 
|  62|0x0000000422000000, 0x00000004221cc200, 0x0000000422400000| 44%| O|  |TAMS 0x0000000422000000, 0x0000000422000000| Untracked 
|  63|0x0000000422400000, 0x0000000422400000, 0x0000000422800000|  0%| F|  |TAMS 0x0000000422400000, 0x0000000422400000| Untracked 
|  64|0x0000000422800000, 0x0000000422800000, 0x0000000422c00000|  0%| F|  |TAMS 0x0000000422800000, 0x0000000422800000| Untracked 
|  65|0x0000000422c00000, 0x0000000422c00000, 0x0000000423000000|  0%| F|  |TAMS 0x0000000422c00000, 0x0000000422c00000| Untracked 
|  66|0x0000000423000000, 0x0000000423000000, 0x0000000423400000|  0%| F|  |TAMS 0x0000000423000000, 0x0000000423000000| Untracked 
|  67|0x0000000423400000, 0x0000000423400000, 0x0000000423800000|  0%| F|  |TAMS 0x0000000423400000, 0x0000000423400000| Untracked 
|  68|0x0000000423800000, 0x0000000423800000, 0x0000000423c00000|  0%| F|  |TAMS 0x0000000423800000, 0x0000000423800000| Untracked 
|  69|0x0000000423c00000, 0x0000000423c00000, 0x0000000424000000|  0%| F|  |TAMS 0x0000000423c00000, 0x0000000423c00000| Untracked 
|  70|0x0000000424000000, 0x0000000424000000, 0x0000000424400000|  0%| F|  |TAMS 0x0000000424000000, 0x0000000424000000| Untracked 
|  71|0x0000000424400000, 0x0000000424400000, 0x0000000424800000|  0%| F|  |TAMS 0x0000000424400000, 0x0000000424400000| Untracked 
|  72|0x0000000424800000, 0x0000000424800000, 0x0000000424c00000|  0%| F|  |TAMS 0x0000000424800000, 0x0000000424800000| Untracked 
|  73|0x0000000424c00000, 0x0000000424c00000, 0x0000000425000000|  0%| F|  |TAMS 0x0000000424c00000, 0x0000000424c00000| Untracked 
|  74|0x0000000425000000, 0x0000000425000000, 0x0000000425400000|  0%| F|  |TAMS 0x0000000425000000, 0x0000000425000000| Untracked 
|  75|0x0000000425400000, 0x0000000425400000, 0x0000000425800000|  0%| F|  |TAMS 0x0000000425400000, 0x0000000425400000| Untracked 
|  76|0x0000000425800000, 0x0000000425800000, 0x0000000425c00000|  0%| F|  |TAMS 0x0000000425800000, 0x0000000425800000| Untracked 
|  77|0x0000000425c00000, 0x0000000425c00000, 0x0000000426000000|  0%| F|  |TAMS 0x0000000425c00000, 0x0000000425c00000| Untracked 
|  78|0x0000000426000000, 0x0000000426000000, 0x0000000426400000|  0%| F|  |TAMS 0x0000000426000000, 0x0000000426000000| Untracked 
|  79|0x0000000426400000, 0x0000000426400000, 0x0000000426800000|  0%| F|  |TAMS 0x0000000426400000, 0x0000000426400000| Untracked 
|  80|0x0000000426800000, 0x0000000426800000, 0x0000000426c00000|  0%| F|  |TAMS 0x0000000426800000, 0x0000000426800000| Untracked 
|  81|0x0000000426c00000, 0x0000000426c00000, 0x0000000427000000|  0%| F|  |TAMS 0x0000000426c00000, 0x0000000426c00000| Untracked 
|  82|0x0000000427000000, 0x0000000427000000, 0x0000000427400000|  0%| F|  |TAMS 0x0000000427000000, 0x0000000427000000| Untracked 
|  83|0x0000000427400000, 0x0000000427400000, 0x0000000427800000|  0%| F|  |TAMS 0x0000000427400000, 0x0000000427400000| Untracked 
|  84|0x0000000427800000, 0x0000000427800000, 0x0000000427c00000|  0%| F|  |TAMS 0x0000000427800000, 0x0000000427800000| Untracked 
|  85|0x0000000427c00000, 0x0000000427c00000, 0x0000000428000000|  0%| F|  |TAMS 0x0000000427c00000, 0x0000000427c00000| Untracked 
|  86|0x0000000428000000, 0x0000000428000000, 0x0000000428400000|  0%| F|  |TAMS 0x0000000428000000, 0x0000000428000000| Untracked 
|  87|0x0000000428400000, 0x0000000428400000, 0x0000000428800000|  0%| F|  |TAMS 0x0000000428400000, 0x0000000428400000| Untracked 
|  88|0x0000000428800000, 0x0000000428800000, 0x0000000428c00000|  0%| F|  |TAMS 0x0000000428800000, 0x0000000428800000| Untracked 
|  89|0x0000000428c00000, 0x0000000428c00000, 0x0000000429000000|  0%| F|  |TAMS 0x0000000428c00000, 0x0000000428c00000| Untracked 
|  90|0x0000000429000000, 0x0000000429000000, 0x0000000429400000|  0%| F|  |TAMS 0x0000000429000000, 0x0000000429000000| Untracked 
|  91|0x0000000429400000, 0x0000000429400000, 0x0000000429800000|  0%| F|  |TAMS 0x0000000429400000, 0x0000000429400000| Untracked 
|  92|0x0000000429800000, 0x0000000429800000, 0x0000000429c00000|  0%| F|  |TAMS 0x0000000429800000, 0x0000000429800000| Untracked 
|  93|0x0000000429c00000, 0x0000000429c00000, 0x000000042a000000|  0%| F|  |TAMS 0x0000000429c00000, 0x0000000429c00000| Untracked 
|  94|0x000000042a000000, 0x000000042a000000, 0x000000042a400000|  0%| F|  |TAMS 0x000000042a000000, 0x000000042a000000| Untracked 
|  95|0x000000042a400000, 0x000000042a400000, 0x000000042a800000|  0%| F|  |TAMS 0x000000042a400000, 0x000000042a400000| Untracked 
|  96|0x000000042a800000, 0x000000042a800000, 0x000000042ac00000|  0%| F|  |TAMS 0x000000042a800000, 0x000000042a800000| Untracked 
|  97|0x000000042ac00000, 0x000000042ac00000, 0x000000042b000000|  0%| F|  |TAMS 0x000000042ac00000, 0x000000042ac00000| Untracked 
|  98|0x000000042b000000, 0x000000042b000000, 0x000000042b400000|  0%| F|  |TAMS 0x000000042b000000, 0x000000042b000000| Untracked 
|  99|0x000000042b400000, 0x000000042b400000, 0x000000042b800000|  0%| F|  |TAMS 0x000000042b400000, 0x000000042b400000| Untracked 
| 100|0x000000042b800000, 0x000000042b800000, 0x000000042bc00000|  0%| F|  |TAMS 0x000000042b800000, 0x000000042b800000| Untracked 
| 101|0x000000042bc00000, 0x000000042bc00000, 0x000000042c000000|  0%| F|  |TAMS 0x000000042bc00000, 0x000000042bc00000| Untracked 
| 102|0x000000042c000000, 0x000000042c000000, 0x000000042c400000|  0%| F|  |TAMS 0x000000042c000000, 0x000000042c000000| Untracked 
| 103|0x000000042c400000, 0x000000042c400000, 0x000000042c800000|  0%| F|  |TAMS 0x000000042c400000, 0x000000042c400000| Untracked 
| 104|0x000000042c800000, 0x000000042c800000, 0x000000042cc00000|  0%| F|  |TAMS 0x000000042c800000, 0x000000042c800000| Untracked 
| 105|0x000000042cc00000, 0x000000042cc00000, 0x000000042d000000|  0%| F|  |TAMS 0x000000042cc00000, 0x000000042cc00000| Untracked 
| 106|0x000000042d000000, 0x000000042d000000, 0x000000042d400000|  0%| F|  |TAMS 0x000000042d000000, 0x000000042d000000| Untracked 
| 107|0x000000042d400000, 0x000000042d400000, 0x000000042d800000|  0%| F|  |TAMS 0x000000042d400000, 0x000000042d400000| Untracked 
| 108|0x000000042d800000, 0x000000042d800000, 0x000000042dc00000|  0%| F|  |TAMS 0x000000042d800000, 0x000000042d800000| Untracked 
| 109|0x000000042dc00000, 0x000000042dc00000, 0x000000042e000000|  0%| F|  |TAMS 0x000000042dc00000, 0x000000042dc00000| Untracked 
| 110|0x000000042e000000, 0x000000042e000000, 0x000000042e400000|  0%| F|  |TAMS 0x000000042e000000, 0x000000042e000000| Untracked 
| 111|0x000000042e400000, 0x000000042e400000, 0x000000042e800000|  0%| F|  |TAMS 0x000000042e400000, 0x000000042e400000| Untracked 
| 112|0x000000042e800000, 0x000000042e800000, 0x000000042ec00000|  0%| F|  |TAMS 0x000000042e800000, 0x000000042e800000| Untracked 
| 113|0x000000042ec00000, 0x000000042ec00000, 0x000000042f000000|  0%| F|  |TAMS 0x000000042ec00000, 0x000000042ec00000| Untracked 
| 114|0x000000042f000000, 0x000000042f000000, 0x000000042f400000|  0%| F|  |TAMS 0x000000042f000000, 0x000000042f000000| Untracked 
| 115|0x000000042f400000, 0x000000042f400000, 0x000000042f800000|  0%| F|  |TAMS 0x000000042f400000, 0x000000042f400000| Untracked 
| 116|0x000000042f800000, 0x000000042f800000, 0x000000042fc00000|  0%| F|  |TAMS 0x000000042f800000, 0x000000042f800000| Untracked 
| 117|0x000000042fc00000, 0x000000042fc00000, 0x0000000430000000|  0%| F|  |TAMS 0x000000042fc00000, 0x000000042fc00000| Untracked 
| 118|0x0000000430000000, 0x0000000430000000, 0x0000000430400000|  0%| F|  |TAMS 0x0000000430000000, 0x0000000430000000| Untracked 
| 119|0x0000000430400000, 0x0000000430400000, 0x0000000430800000|  0%| F|  |TAMS 0x0000000430400000, 0x0000000430400000| Untracked 
| 120|0x0000000430800000, 0x0000000430800000, 0x0000000430c00000|  0%| F|  |TAMS 0x0000000430800000, 0x0000000430800000| Untracked 
| 121|0x0000000430c00000, 0x0000000430c00000, 0x0000000431000000|  0%| F|  |TAMS 0x0000000430c00000, 0x0000000430c00000| Untracked 
| 122|0x0000000431000000, 0x0000000431000000, 0x0000000431400000|  0%| F|  |TAMS 0x0000000431000000, 0x0000000431000000| Untracked 
| 123|0x0000000431400000, 0x0000000431400000, 0x0000000431800000|  0%| F|  |TAMS 0x0000000431400000, 0x0000000431400000| Untracked 
| 124|0x0000000431800000, 0x0000000431800000, 0x0000000431c00000|  0%| F|  |TAMS 0x0000000431800000, 0x0000000431800000| Untracked 
| 125|0x0000000431c00000, 0x0000000431c00000, 0x0000000432000000|  0%| F|  |TAMS 0x0000000431c00000, 0x0000000431c00000| Untracked 
| 126|0x0000000432000000, 0x0000000432000000, 0x0000000432400000|  0%| F|  |TAMS 0x0000000432000000, 0x0000000432000000| Untracked 
| 127|0x0000000432400000, 0x0000000432400000, 0x0000000432800000|  0%| F|  |TAMS 0x0000000432400000, 0x0000000432400000| Untracked 
| 128|0x0000000432800000, 0x0000000432800000, 0x0000000432c00000|  0%| F|  |TAMS 0x0000000432800000, 0x0000000432800000| Untracked 
| 129|0x0000000432c00000, 0x0000000432c00000, 0x0000000433000000|  0%| F|  |TAMS 0x0000000432c00000, 0x0000000432c00000| Untracked 
| 130|0x0000000433000000, 0x0000000433000000, 0x0000000433400000|  0%| F|  |TAMS 0x0000000433000000, 0x0000000433000000| Untracked 
| 131|0x0000000433400000, 0x0000000433400000, 0x0000000433800000|  0%| F|  |TAMS 0x0000000433400000, 0x0000000433400000| Untracked 
| 132|0x0000000433800000, 0x0000000433800000, 0x0000000433c00000|  0%| F|  |TAMS 0x0000000433800000, 0x0000000433800000| Untracked 
| 133|0x0000000433c00000, 0x0000000433c00000, 0x0000000434000000|  0%| F|  |TAMS 0x0000000433c00000, 0x0000000433c00000| Untracked 
| 134|0x0000000434000000, 0x0000000434000000, 0x0000000434400000|  0%| F|  |TAMS 0x0000000434000000, 0x0000000434000000| Untracked 
| 135|0x0000000434400000, 0x0000000434400000, 0x0000000434800000|  0%| F|  |TAMS 0x0000000434400000, 0x0000000434400000| Untracked 
| 136|0x0000000434800000, 0x0000000434800000, 0x0000000434c00000|  0%| F|  |TAMS 0x0000000434800000, 0x0000000434800000| Untracked 
| 137|0x0000000434c00000, 0x0000000434c00000, 0x0000000435000000|  0%| F|  |TAMS 0x0000000434c00000, 0x0000000434c00000| Untracked 
| 138|0x0000000435000000, 0x0000000435000000, 0x0000000435400000|  0%| F|  |TAMS 0x0000000435000000, 0x0000000435000000| Untracked 
| 139|0x0000000435400000, 0x0000000435400000, 0x0000000435800000|  0%| F|  |TAMS 0x0000000435400000, 0x0000000435400000| Untracked 
| 140|0x0000000435800000, 0x0000000435800000, 0x0000000435c00000|  0%| F|  |TAMS 0x0000000435800000, 0x0000000435800000| Untracked 
| 141|0x0000000435c00000, 0x0000000435c00000, 0x0000000436000000|  0%| F|  |TAMS 0x0000000435c00000, 0x0000000435c00000| Untracked 
| 142|0x0000000436000000, 0x0000000436000000, 0x0000000436400000|  0%| F|  |TAMS 0x0000000436000000, 0x0000000436000000| Untracked 
| 143|0x0000000436400000, 0x0000000436400000, 0x0000000436800000|  0%| F|  |TAMS 0x0000000436400000, 0x0000000436400000| Untracked 
| 144|0x0000000436800000, 0x0000000436800000, 0x0000000436c00000|  0%| F|  |TAMS 0x0000000436800000, 0x0000000436800000| Untracked 
| 145|0x0000000436c00000, 0x0000000436c00000, 0x0000000437000000|  0%| F|  |TAMS 0x0000000436c00000, 0x0000000436c00000| Untracked 
| 146|0x0000000437000000, 0x0000000437000000, 0x0000000437400000|  0%| F|  |TAMS 0x0000000437000000, 0x0000000437000000| Untracked 
| 147|0x0000000437400000, 0x0000000437400000, 0x0000000437800000|  0%| F|  |TAMS 0x0000000437400000, 0x0000000437400000| Untracked 
| 148|0x0000000437800000, 0x0000000437800000, 0x0000000437c00000|  0%| F|  |TAMS 0x0000000437800000, 0x0000000437800000| Untracked 
| 149|0x0000000437c00000, 0x0000000437c00000, 0x0000000438000000|  0%| F|  |TAMS 0x0000000437c00000, 0x0000000437c00000| Untracked 
| 150|0x0000000438000000, 0x0000000438000000, 0x0000000438400000|  0%| F|  |TAMS 0x0000000438000000, 0x0000000438000000| Untracked 
| 151|0x0000000438400000, 0x0000000438400000, 0x0000000438800000|  0%| F|  |TAMS 0x0000000438400000, 0x0000000438400000| Untracked 
| 152|0x0000000438800000, 0x0000000438800000, 0x0000000438c00000|  0%| F|  |TAMS 0x0000000438800000, 0x0000000438800000| Untracked 
| 153|0x0000000438c00000, 0x0000000438c00000, 0x0000000439000000|  0%| F|  |TAMS 0x0000000438c00000, 0x0000000438c00000| Untracked 
| 154|0x0000000439000000, 0x0000000439000000, 0x0000000439400000|  0%| F|  |TAMS 0x0000000439000000, 0x0000000439000000| Untracked 
| 155|0x0000000439400000, 0x0000000439400000, 0x0000000439800000|  0%| F|  |TAMS 0x0000000439400000, 0x0000000439400000| Untracked 
| 156|0x0000000439800000, 0x0000000439800000, 0x0000000439c00000|  0%| F|  |TAMS 0x0000000439800000, 0x0000000439800000| Untracked 
| 157|0x0000000439c00000, 0x0000000439c00000, 0x000000043a000000|  0%| F|  |TAMS 0x0000000439c00000, 0x0000000439c00000| Untracked 
| 158|0x000000043a000000, 0x000000043a000000, 0x000000043a400000|  0%| F|  |TAMS 0x000000043a000000, 0x000000043a000000| Untracked 
| 159|0x000000043a400000, 0x000000043a400000, 0x000000043a800000|  0%| F|  |TAMS 0x000000043a400000, 0x000000043a400000| Untracked 
| 160|0x000000043a800000, 0x000000043a800000, 0x000000043ac00000|  0%| F|  |TAMS 0x000000043a800000, 0x000000043a800000| Untracked 
| 161|0x000000043ac00000, 0x000000043ac00000, 0x000000043b000000|  0%| F|  |TAMS 0x000000043ac00000, 0x000000043ac00000| Untracked 
| 162|0x000000043b000000, 0x000000043b000000, 0x000000043b400000|  0%| F|  |TAMS 0x000000043b000000, 0x000000043b000000| Untracked 
| 163|0x000000043b400000, 0x000000043b400000, 0x000000043b800000|  0%| F|  |TAMS 0x000000043b400000, 0x000000043b400000| Untracked 
| 164|0x000000043b800000, 0x000000043b800000, 0x000000043bc00000|  0%| F|  |TAMS 0x000000043b800000, 0x000000043b800000| Untracked 
| 165|0x000000043bc00000, 0x000000043bc00000, 0x000000043c000000|  0%| F|  |TAMS 0x000000043bc00000, 0x000000043bc00000| Untracked 
| 166|0x000000043c000000, 0x000000043c000000, 0x000000043c400000|  0%| F|  |TAMS 0x000000043c000000, 0x000000043c000000| Untracked 
| 167|0x000000043c400000, 0x000000043c400000, 0x000000043c800000|  0%| F|  |TAMS 0x000000043c400000, 0x000000043c400000| Untracked 
| 168|0x000000043c800000, 0x000000043c800000, 0x000000043cc00000|  0%| F|  |TAMS 0x000000043c800000, 0x000000043c800000| Untracked 
| 169|0x000000043cc00000, 0x000000043cc00000, 0x000000043d000000|  0%| F|  |TAMS 0x000000043cc00000, 0x000000043cc00000| Untracked 
| 170|0x000000043d000000, 0x000000043d000000, 0x000000043d400000|  0%| F|  |TAMS 0x000000043d000000, 0x000000043d000000| Untracked 
| 171|0x000000043d400000, 0x000000043d400000, 0x000000043d800000|  0%| F|  |TAMS 0x000000043d400000, 0x000000043d400000| Untracked 
| 172|0x000000043d800000, 0x000000043d800000, 0x000000043dc00000|  0%| F|  |TAMS 0x000000043d800000, 0x000000043d800000| Untracked 
| 173|0x000000043dc00000, 0x000000043dc00000, 0x000000043e000000|  0%| F|  |TAMS 0x000000043dc00000, 0x000000043dc00000| Untracked 
| 174|0x000000043e000000, 0x000000043e000000, 0x000000043e400000|  0%| F|  |TAMS 0x000000043e000000, 0x000000043e000000| Untracked 
| 175|0x000000043e400000, 0x000000043e400000, 0x000000043e800000|  0%| F|  |TAMS 0x000000043e400000, 0x000000043e400000| Untracked 
| 176|0x000000043e800000, 0x000000043e800000, 0x000000043ec00000|  0%| F|  |TAMS 0x000000043e800000, 0x000000043e800000| Untracked 
| 177|0x000000043ec00000, 0x000000043ec00000, 0x000000043f000000|  0%| F|  |TAMS 0x000000043ec00000, 0x000000043ec00000| Untracked 
| 178|0x000000043f000000, 0x000000043f000000, 0x000000043f400000|  0%| F|  |TAMS 0x000000043f000000, 0x000000043f000000| Untracked 
| 179|0x000000043f400000, 0x000000043f400000, 0x000000043f800000|  0%| F|  |TAMS 0x000000043f400000, 0x000000043f400000| Untracked 
| 180|0x000000043f800000, 0x000000043f800000, 0x000000043fc00000|  0%| F|  |TAMS 0x000000043f800000, 0x000000043f800000| Untracked 
| 181|0x000000043fc00000, 0x000000043fc00000, 0x0000000440000000|  0%| F|  |TAMS 0x000000043fc00000, 0x000000043fc00000| Untracked 
| 182|0x0000000440000000, 0x0000000440000000, 0x0000000440400000|  0%| F|  |TAMS 0x0000000440000000, 0x0000000440000000| Untracked 
| 183|0x0000000440400000, 0x0000000440400000, 0x0000000440800000|  0%| F|  |TAMS 0x0000000440400000, 0x0000000440400000| Untracked 
| 184|0x0000000440800000, 0x0000000440800000, 0x0000000440c00000|  0%| F|  |TAMS 0x0000000440800000, 0x0000000440800000| Untracked 
| 185|0x0000000440c00000, 0x0000000440c00000, 0x0000000441000000|  0%| F|  |TAMS 0x0000000440c00000, 0x0000000440c00000| Untracked 
| 186|0x0000000441000000, 0x0000000441000000, 0x0000000441400000|  0%| F|  |TAMS 0x0000000441000000, 0x0000000441000000| Untracked 
| 187|0x0000000441400000, 0x0000000441400000, 0x0000000441800000|  0%| F|  |TAMS 0x0000000441400000, 0x0000000441400000| Untracked 
| 188|0x0000000441800000, 0x0000000441800000, 0x0000000441c00000|  0%| F|  |TAMS 0x0000000441800000, 0x0000000441800000| Untracked 
| 189|0x0000000441c00000, 0x0000000441c00000, 0x0000000442000000|  0%| F|  |TAMS 0x0000000441c00000, 0x0000000441c00000| Untracked 
| 190|0x0000000442000000, 0x0000000442000000, 0x0000000442400000|  0%| F|  |TAMS 0x0000000442000000, 0x0000000442000000| Untracked 
| 191|0x0000000442400000, 0x0000000442400000, 0x0000000442800000|  0%| F|  |TAMS 0x0000000442400000, 0x0000000442400000| Untracked 
| 192|0x0000000442800000, 0x0000000442800000, 0x0000000442c00000|  0%| F|  |TAMS 0x0000000442800000, 0x0000000442800000| Untracked 
| 193|0x0000000442c00000, 0x0000000442c00000, 0x0000000443000000|  0%| F|  |TAMS 0x0000000442c00000, 0x0000000442c00000| Untracked 
| 194|0x0000000443000000, 0x0000000443000000, 0x0000000443400000|  0%| F|  |TAMS 0x0000000443000000, 0x0000000443000000| Untracked 
| 195|0x0000000443400000, 0x0000000443400000, 0x0000000443800000|  0%| F|  |TAMS 0x0000000443400000, 0x0000000443400000| Untracked 
| 196|0x0000000443800000, 0x0000000443800000, 0x0000000443c00000|  0%| F|  |TAMS 0x0000000443800000, 0x0000000443800000| Untracked 
| 197|0x0000000443c00000, 0x0000000443c00000, 0x0000000444000000|  0%| F|  |TAMS 0x0000000443c00000, 0x0000000443c00000| Untracked 
| 198|0x0000000444000000, 0x0000000444000000, 0x0000000444400000|  0%| F|  |TAMS 0x0000000444000000, 0x0000000444000000| Untracked 
| 199|0x0000000444400000, 0x0000000444400000, 0x0000000444800000|  0%| F|  |TAMS 0x0000000444400000, 0x0000000444400000| Untracked 
| 200|0x0000000444800000, 0x0000000444800000, 0x0000000444c00000|  0%| F|  |TAMS 0x0000000444800000, 0x0000000444800000| Untracked 
| 201|0x0000000444c00000, 0x0000000444c00000, 0x0000000445000000|  0%| F|  |TAMS 0x0000000444c00000, 0x0000000444c00000| Untracked 
| 202|0x0000000445000000, 0x0000000445000000, 0x0000000445400000|  0%| F|  |TAMS 0x0000000445000000, 0x0000000445000000| Untracked 
| 203|0x0000000445400000, 0x0000000445400000, 0x0000000445800000|  0%| F|  |TAMS 0x0000000445400000, 0x0000000445400000| Untracked 
| 204|0x0000000445800000, 0x0000000445800000, 0x0000000445c00000|  0%| F|  |TAMS 0x0000000445800000, 0x0000000445800000| Untracked 
| 205|0x0000000445c00000, 0x0000000445c00000, 0x0000000446000000|  0%| F|  |TAMS 0x0000000445c00000, 0x0000000445c00000| Untracked 
| 206|0x0000000446000000, 0x0000000446000000, 0x0000000446400000|  0%| F|  |TAMS 0x0000000446000000, 0x0000000446000000| Untracked 
| 207|0x0000000446400000, 0x0000000446400000, 0x0000000446800000|  0%| F|  |TAMS 0x0000000446400000, 0x0000000446400000| Untracked 
| 208|0x0000000446800000, 0x0000000446800000, 0x0000000446c00000|  0%| F|  |TAMS 0x0000000446800000, 0x0000000446800000| Untracked 
| 209|0x0000000446c00000, 0x0000000446c00000, 0x0000000447000000|  0%| F|  |TAMS 0x0000000446c00000, 0x0000000446c00000| Untracked 
| 210|0x0000000447000000, 0x0000000447000000, 0x0000000447400000|  0%| F|  |TAMS 0x0000000447000000, 0x0000000447000000| Untracked 
| 211|0x0000000447400000, 0x0000000447400000, 0x0000000447800000|  0%| F|  |TAMS 0x0000000447400000, 0x0000000447400000| Untracked 
| 212|0x0000000447800000, 0x0000000447800000, 0x0000000447c00000|  0%| F|  |TAMS 0x0000000447800000, 0x0000000447800000| Untracked 
| 213|0x0000000447c00000, 0x0000000447c00000, 0x0000000448000000|  0%| F|  |TAMS 0x0000000447c00000, 0x0000000447c00000| Untracked 
| 214|0x0000000448000000, 0x0000000448000000, 0x0000000448400000|  0%| F|  |TAMS 0x0000000448000000, 0x0000000448000000| Untracked 
| 215|0x0000000448400000, 0x0000000448400000, 0x0000000448800000|  0%| F|  |TAMS 0x0000000448400000, 0x0000000448400000| Untracked 
| 216|0x0000000448800000, 0x0000000448800000, 0x0000000448c00000|  0%| F|  |TAMS 0x0000000448800000, 0x0000000448800000| Untracked 
| 217|0x0000000448c00000, 0x0000000448c00000, 0x0000000449000000|  0%| F|  |TAMS 0x0000000448c00000, 0x0000000448c00000| Untracked 
| 218|0x0000000449000000, 0x0000000449000000, 0x0000000449400000|  0%| F|  |TAMS 0x0000000449000000, 0x0000000449000000| Untracked 
| 219|0x0000000449400000, 0x0000000449400000, 0x0000000449800000|  0%| F|  |TAMS 0x0000000449400000, 0x0000000449400000| Untracked 
| 220|0x0000000449800000, 0x0000000449800000, 0x0000000449c00000|  0%| F|  |TAMS 0x0000000449800000, 0x0000000449800000| Untracked 
| 221|0x0000000449c00000, 0x0000000449c00000, 0x000000044a000000|  0%| F|  |TAMS 0x0000000449c00000, 0x0000000449c00000| Untracked 
| 222|0x000000044a000000, 0x000000044a000000, 0x000000044a400000|  0%| F|  |TAMS 0x000000044a000000, 0x000000044a000000| Untracked 
| 223|0x000000044a400000, 0x000000044a400000, 0x000000044a800000|  0%| F|  |TAMS 0x000000044a400000, 0x000000044a400000| Untracked 
| 224|0x000000044a800000, 0x000000044a800000, 0x000000044ac00000|  0%| F|  |TAMS 0x000000044a800000, 0x000000044a800000| Untracked 
| 225|0x000000044ac00000, 0x000000044ac00000, 0x000000044b000000|  0%| F|  |TAMS 0x000000044ac00000, 0x000000044ac00000| Untracked 
| 226|0x000000044b000000, 0x000000044b000000, 0x000000044b400000|  0%| F|  |TAMS 0x000000044b000000, 0x000000044b000000| Untracked 
| 227|0x000000044b400000, 0x000000044b400000, 0x000000044b800000|  0%| F|  |TAMS 0x000000044b400000, 0x000000044b400000| Untracked 
| 228|0x000000044b800000, 0x000000044b800000, 0x000000044bc00000|  0%| F|  |TAMS 0x000000044b800000, 0x000000044b800000| Untracked 
| 229|0x000000044bc00000, 0x000000044bc00000, 0x000000044c000000|  0%| F|  |TAMS 0x000000044bc00000, 0x000000044bc00000| Untracked 
| 230|0x000000044c000000, 0x000000044c000000, 0x000000044c400000|  0%| F|  |TAMS 0x000000044c000000, 0x000000044c000000| Untracked 
| 231|0x000000044c400000, 0x000000044c400000, 0x000000044c800000|  0%| F|  |TAMS 0x000000044c400000, 0x000000044c400000| Untracked 
| 232|0x000000044c800000, 0x000000044c800000, 0x000000044cc00000|  0%| F|  |TAMS 0x000000044c800000, 0x000000044c800000| Untracked 
| 233|0x000000044cc00000, 0x000000044cc00000, 0x000000044d000000|  0%| F|  |TAMS 0x000000044cc00000, 0x000000044cc00000| Untracked 
| 234|0x000000044d000000, 0x000000044d000000, 0x000000044d400000|  0%| F|  |TAMS 0x000000044d000000, 0x000000044d000000| Untracked 
| 235|0x000000044d400000, 0x000000044d400000, 0x000000044d800000|  0%| F|  |TAMS 0x000000044d400000, 0x000000044d400000| Untracked 
| 236|0x000000044d800000, 0x000000044d800000, 0x000000044dc00000|  0%| F|  |TAMS 0x000000044d800000, 0x000000044d800000| Untracked 
| 237|0x000000044dc00000, 0x000000044dc00000, 0x000000044e000000|  0%| F|  |TAMS 0x000000044dc00000, 0x000000044dc00000| Untracked 
| 238|0x000000044e000000, 0x000000044e000000, 0x000000044e400000|  0%| F|  |TAMS 0x000000044e000000, 0x000000044e000000| Untracked 
| 239|0x000000044e400000, 0x000000044e400000, 0x000000044e800000|  0%| F|  |TAMS 0x000000044e400000, 0x000000044e400000| Untracked 
| 240|0x000000044e800000, 0x000000044e800000, 0x000000044ec00000|  0%| F|  |TAMS 0x000000044e800000, 0x000000044e800000| Untracked 
| 241|0x000000044ec00000, 0x000000044ec00000, 0x000000044f000000|  0%| F|  |TAMS 0x000000044ec00000, 0x000000044ec00000| Untracked 
| 242|0x000000044f000000, 0x000000044f000000, 0x000000044f400000|  0%| F|  |TAMS 0x000000044f000000, 0x000000044f000000| Untracked 
| 243|0x000000044f400000, 0x000000044f400000, 0x000000044f800000|  0%| F|  |TAMS 0x000000044f400000, 0x000000044f400000| Untracked 
| 244|0x000000044f800000, 0x000000044f800000, 0x000000044fc00000|  0%| F|  |TAMS 0x000000044f800000, 0x000000044f800000| Untracked 
| 245|0x000000044fc00000, 0x000000044fc00000, 0x0000000450000000|  0%| F|  |TAMS 0x000000044fc00000, 0x000000044fc00000| Untracked 
| 246|0x0000000450000000, 0x0000000450000000, 0x0000000450400000|  0%| F|  |TAMS 0x0000000450000000, 0x0000000450000000| Untracked 
| 247|0x0000000450400000, 0x0000000450400000, 0x0000000450800000|  0%| F|  |TAMS 0x0000000450400000, 0x0000000450400000| Untracked 
| 248|0x0000000450800000, 0x0000000450800000, 0x0000000450c00000|  0%| F|  |TAMS 0x0000000450800000, 0x0000000450800000| Untracked 
| 249|0x0000000450c00000, 0x0000000450c00000, 0x0000000451000000|  0%| F|  |TAMS 0x0000000450c00000, 0x0000000450c00000| Untracked 
| 250|0x0000000451000000, 0x0000000451000000, 0x0000000451400000|  0%| F|  |TAMS 0x0000000451000000, 0x0000000451000000| Untracked 
| 251|0x0000000451400000, 0x0000000451400000, 0x0000000451800000|  0%| F|  |TAMS 0x0000000451400000, 0x0000000451400000| Untracked 
| 252|0x0000000451800000, 0x0000000451800000, 0x0000000451c00000|  0%| F|  |TAMS 0x0000000451800000, 0x0000000451800000| Untracked 
| 253|0x0000000451c00000, 0x0000000451c00000, 0x0000000452000000|  0%| F|  |TAMS 0x0000000451c00000, 0x0000000451c00000| Untracked 
| 254|0x0000000452000000, 0x0000000452000000, 0x0000000452400000|  0%| F|  |TAMS 0x0000000452000000, 0x0000000452000000| Untracked 
| 255|0x0000000452400000, 0x0000000452400000, 0x0000000452800000|  0%| F|  |TAMS 0x0000000452400000, 0x0000000452400000| Untracked 
| 256|0x0000000452800000, 0x0000000452800000, 0x0000000452c00000|  0%| F|  |TAMS 0x0000000452800000, 0x0000000452800000| Untracked 
| 257|0x0000000452c00000, 0x0000000452c00000, 0x0000000453000000|  0%| F|  |TAMS 0x0000000452c00000, 0x0000000452c00000| Untracked 
| 258|0x0000000453000000, 0x0000000453000000, 0x0000000453400000|  0%| F|  |TAMS 0x0000000453000000, 0x0000000453000000| Untracked 
| 259|0x0000000453400000, 0x0000000453400000, 0x0000000453800000|  0%| F|  |TAMS 0x0000000453400000, 0x0000000453400000| Untracked 
| 260|0x0000000453800000, 0x0000000453800000, 0x0000000453c00000|  0%| F|  |TAMS 0x0000000453800000, 0x0000000453800000| Untracked 
| 261|0x0000000453c00000, 0x0000000453c00000, 0x0000000454000000|  0%| F|  |TAMS 0x0000000453c00000, 0x0000000453c00000| Untracked 
| 262|0x0000000454000000, 0x0000000454000000, 0x0000000454400000|  0%| F|  |TAMS 0x0000000454000000, 0x0000000454000000| Untracked 
| 263|0x0000000454400000, 0x0000000454400000, 0x0000000454800000|  0%| F|  |TAMS 0x0000000454400000, 0x0000000454400000| Untracked 
| 264|0x0000000454800000, 0x0000000454800000, 0x0000000454c00000|  0%| F|  |TAMS 0x0000000454800000, 0x0000000454800000| Untracked 
| 265|0x0000000454c00000, 0x0000000454c00000, 0x0000000455000000|  0%| F|  |TAMS 0x0000000454c00000, 0x0000000454c00000| Untracked 
| 266|0x0000000455000000, 0x0000000455000000, 0x0000000455400000|  0%| F|  |TAMS 0x0000000455000000, 0x0000000455000000| Untracked 
| 267|0x0000000455400000, 0x0000000455400000, 0x0000000455800000|  0%| F|  |TAMS 0x0000000455400000, 0x0000000455400000| Untracked 
| 268|0x0000000455800000, 0x0000000455800000, 0x0000000455c00000|  0%| F|  |TAMS 0x0000000455800000, 0x0000000455800000| Untracked 
| 269|0x0000000455c00000, 0x0000000455c00000, 0x0000000456000000|  0%| F|  |TAMS 0x0000000455c00000, 0x0000000455c00000| Untracked 
| 270|0x0000000456000000, 0x0000000456000000, 0x0000000456400000|  0%| F|  |TAMS 0x0000000456000000, 0x0000000456000000| Untracked 
| 271|0x0000000456400000, 0x0000000456400000, 0x0000000456800000|  0%| F|  |TAMS 0x0000000456400000, 0x0000000456400000| Untracked 
| 272|0x0000000456800000, 0x0000000456800000, 0x0000000456c00000|  0%| F|  |TAMS 0x0000000456800000, 0x0000000456800000| Untracked 
| 273|0x0000000456c00000, 0x0000000456c00000, 0x0000000457000000|  0%| F|  |TAMS 0x0000000456c00000, 0x0000000456c00000| Untracked 
| 274|0x0000000457000000, 0x0000000457000000, 0x0000000457400000|  0%| F|  |TAMS 0x0000000457000000, 0x0000000457000000| Untracked 
| 275|0x0000000457400000, 0x0000000457400000, 0x0000000457800000|  0%| F|  |TAMS 0x0000000457400000, 0x0000000457400000| Untracked 
| 276|0x0000000457800000, 0x0000000457800000, 0x0000000457c00000|  0%| F|  |TAMS 0x0000000457800000, 0x0000000457800000| Untracked 
| 277|0x0000000457c00000, 0x0000000457c00000, 0x0000000458000000|  0%| F|  |TAMS 0x0000000457c00000, 0x0000000457c00000| Untracked 
| 278|0x0000000458000000, 0x0000000458000000, 0x0000000458400000|  0%| F|  |TAMS 0x0000000458000000, 0x0000000458000000| Untracked 
| 279|0x0000000458400000, 0x0000000458400000, 0x0000000458800000|  0%| F|  |TAMS 0x0000000458400000, 0x0000000458400000| Untracked 
| 280|0x0000000458800000, 0x0000000458800000, 0x0000000458c00000|  0%| F|  |TAMS 0x0000000458800000, 0x0000000458800000| Untracked 
| 281|0x0000000458c00000, 0x0000000458c00000, 0x0000000459000000|  0%| F|  |TAMS 0x0000000458c00000, 0x0000000458c00000| Untracked 
| 282|0x0000000459000000, 0x0000000459000000, 0x0000000459400000|  0%| F|  |TAMS 0x0000000459000000, 0x0000000459000000| Untracked 
| 283|0x0000000459400000, 0x0000000459400000, 0x0000000459800000|  0%| F|  |TAMS 0x0000000459400000, 0x0000000459400000| Untracked 
| 284|0x0000000459800000, 0x0000000459800000, 0x0000000459c00000|  0%| F|  |TAMS 0x0000000459800000, 0x0000000459800000| Untracked 
| 285|0x0000000459c00000, 0x0000000459c00000, 0x000000045a000000|  0%| F|  |TAMS 0x0000000459c00000, 0x0000000459c00000| Untracked 
| 286|0x000000045a000000, 0x000000045a000000, 0x000000045a400000|  0%| F|  |TAMS 0x000000045a000000, 0x000000045a000000| Untracked 
| 287|0x000000045a400000, 0x000000045a400000, 0x000000045a800000|  0%| F|  |TAMS 0x000000045a400000, 0x000000045a400000| Untracked 
| 288|0x000000045a800000, 0x000000045ac00000, 0x000000045ac00000|100%| S|CS|TAMS 0x000000045a800000, 0x000000045a800000| Complete 
| 289|0x000000045ac00000, 0x000000045b000000, 0x000000045b000000|100%| S|CS|TAMS 0x000000045ac00000, 0x000000045ac00000| Complete 
| 290|0x000000045b000000, 0x000000045b000000, 0x000000045b400000|  0%| F|  |TAMS 0x000000045b000000, 0x000000045b000000| Untracked 
| 291|0x000000045b400000, 0x000000045b400000, 0x000000045b800000|  0%| F|  |TAMS 0x000000045b400000, 0x000000045b400000| Untracked 
| 292|0x000000045b800000, 0x000000045b800000, 0x000000045bc00000|  0%| F|  |TAMS 0x000000045b800000, 0x000000045b800000| Untracked 
| 293|0x000000045bc00000, 0x000000045bc00000, 0x000000045c000000|  0%| F|  |TAMS 0x000000045bc00000, 0x000000045bc00000| Untracked 
| 294|0x000000045c000000, 0x000000045c000000, 0x000000045c400000|  0%| F|  |TAMS 0x000000045c000000, 0x000000045c000000| Untracked 
| 295|0x000000045c400000, 0x000000045c400000, 0x000000045c800000|  0%| F|  |TAMS 0x000000045c400000, 0x000000045c400000| Untracked 
| 296|0x000000045c800000, 0x000000045c800000, 0x000000045cc00000|  0%| F|  |TAMS 0x000000045c800000, 0x000000045c800000| Untracked 
| 297|0x000000045cc00000, 0x000000045cc00000, 0x000000045d000000|  0%| F|  |TAMS 0x000000045cc00000, 0x000000045cc00000| Untracked 
| 298|0x000000045d000000, 0x000000045d000000, 0x000000045d400000|  0%| F|  |TAMS 0x000000045d000000, 0x000000045d000000| Untracked 
| 299|0x000000045d400000, 0x000000045d400000, 0x000000045d800000|  0%| F|  |TAMS 0x000000045d400000, 0x000000045d400000| Untracked 
| 300|0x000000045d800000, 0x000000045d800000, 0x000000045dc00000|  0%| F|  |TAMS 0x000000045d800000, 0x000000045d800000| Untracked 
| 301|0x000000045dc00000, 0x000000045dc00000, 0x000000045e000000|  0%| F|  |TAMS 0x000000045dc00000, 0x000000045dc00000| Untracked 
| 302|0x000000045e000000, 0x000000045e000000, 0x000000045e400000|  0%| F|  |TAMS 0x000000045e000000, 0x000000045e000000| Untracked 
|4020|0x00000007ff800000, 0x00000007ffb47000, 0x00000007ffc00000| 81%|OA|  |TAMS 0x00000007ff800000, 0x00000007ff800000| Untracked 
|4021|0x00000007ffc00000, 0x00000007ffc72000, 0x0000000800000000| 11%|CA|  |TAMS 0x00000007ffc00000, 0x00000007ffc00000| Untracked 

Card table byte_map: [0x00007fbcf8fed000,0x00007fbcfaf59000] _byte_map_base: 0x00007fbcf6f59000

Marking Bits (Prev, Next): (CMBitMap*) 0x00007fbd1806fcb8, (CMBitMap*) 0x00007fbd1806fcf8
 Prev Bits: [0x00007fbce7521000, 0x00007fbcf7081000)
 Next Bits: [0x00007fbcd79c1000, 0x00007fbce7521000)

Polling page: 0x00007fbd1ea8d000

Metaspace:

Usage:
  Non-class:      4.49 MB capacity,     1.01 MB ( 22%) used,     3.48 MB ( 77%) free+waste,   576 bytes ( <1%) overhead. 
      Class:    424.00 KB capacity,    56.97 KB ( 13%) used,   366.66 KB ( 86%) free+waste,   384 bytes ( <1%) overhead. 
       Both:      4.90 MB capacity,     1.06 MB ( 22%) used,     3.83 MB ( 78%) free+waste,   960 bytes ( <1%) overhead. 

Virtual space:
  Non-class space:        8.00 MB reserved,       4.75 MB ( 59%) committed 
      Class space:        1.00 GB reserved,     512.00 KB ( <1%) committed 
             Both:        1.01 GB reserved,       5.25 MB ( <1%) committed 

Chunk freelists:
   Non-Class:  8.88 KB
       Class:  2.50 KB
        Both:  11.38 KB

CodeHeap 'non-profiled nmethods': size=118596Kb used=439Kb max_used=439Kb free=118156Kb
 bounds [0x00007fbd07707000, 0x00007fbd07977000, 0x00007fbd0ead8000]
CodeHeap 'profiled nmethods': size=118596Kb used=921Kb max_used=921Kb free=117674Kb
 bounds [0x00007fbd00336000, 0x00007fbd005a6000, 0x00007fbd07707000]
CodeHeap 'non-nmethods': size=8568Kb used=1029Kb max_used=3862Kb free=7538Kb
 bounds [0x00007fbcffad8000, 0x00007fbcffea8000, 0x00007fbd00336000]
 total_blobs=1023 nmethods=420 adapters=213
 compilation: enabled
              stopped_count=0, restarted_count=0
 full_count=0

Compilation events (10 events):
Event: 44.448 Thread 0x00007fbca001b800 nmethod 418% 0x00007fbd0776b990 code [0x00007fbd0776bb40, 0x00007fbd0776be18]
Event: 44.448 Thread 0x00007fbca001c800  419       4       org.ChaffinchABC.Population::getTutors (310 bytes)
Event: 44.450 Thread 0x00007fbca001b800  420 %     4       org.ChaffinchABC.ChaffinchABC::iterateSimulation @ 28 (79 bytes)
Event: 44.540 Thread 0x00007fbca001c800 nmethod 419 0x00007fbd0776bf90 code [0x00007fbd0776c160, 0x00007fbd0776d178]
Event: 44.541 Thread 0x00007fbd18333800 nmethod 409 0x00007fbd0776d890 code [0x00007fbd0776db00, 0x00007fbd0776fb88]
Event: 44.567 Thread 0x00007fbca001b800 nmethod 420% 0x00007fbd07770b90 code [0x00007fbd07770dc0, 0x00007fbd077729f8]
Event: 44.624 Thread 0x00007fbca001c800  421 %     4       org.ChaffinchABC.ChaffinchABC::iterateSimulation @ 2 (79 bytes)
Event: 44.640 Thread 0x00007fbca001c800 nmethod 421% 0x00007fbd07773910 code [0x00007fbd07773ae0, 0x00007fbd077740e8]
Event: 44.724 Thread 0x00007fbd18333800  422       4       org.ChaffinchABC.ChaffinchABC::iterateSimulation (79 bytes)
Event: 44.735 Thread 0x00007fbd18333800 nmethod 422 0x00007fbd07774510 code [0x00007fbd077746e0, 0x00007fbd07774b68]

GC Heap History (10 events):
Event: 90.239 GC heap after
{Heap after GC invocations=15 (full 0):
 garbage-first heap   total 1249280K, used 234954K [0x0000000412800000, 0x0000000800000000)
  region size 4096K, 2 young (8192K), 2 survivors (8192K)
 Metaspace       used 1089K, capacity 5017K, committed 5376K, reserved 1056768K
  class space    used 56K, capacity 424K, committed 512K, reserved 1048576K
}
Event: 96.288 GC heap before
{Heap before GC invocations=15 (full 0):
 garbage-first heap   total 1249280K, used 288202K [0x0000000412800000, 0x0000000800000000)
  region size 4096K, 15 young (61440K), 2 survivors (8192K)
 Metaspace       used 1089K, capacity 5017K, committed 5376K, reserved 1056768K
  class space    used 56K, capacity 424K, committed 512K, reserved 1048576K
}
Event: 96.348 GC heap after
{Heap after GC invocations=16 (full 0):
 garbage-first heap   total 1249280K, used 241380K [0x0000000412800000, 0x0000000800000000)
  region size 4096K, 2 young (8192K), 2 survivors (8192K)
 Metaspace       used 1089K, capacity 5017K, committed 5376K, reserved 1056768K
  class space    used 56K, capacity 424K, committed 512K, reserved 1048576K
}
Event: 100.501 GC heap before
{Heap before GC invocations=16 (full 0):
 garbage-first heap   total 1249280K, used 294628K [0x0000000412800000, 0x0000000800000000)
  region size 4096K, 15 young (61440K), 2 survivors (8192K)
 Metaspace       used 1089K, capacity 5017K, committed 5376K, reserved 1056768K
  class space    used 56K, capacity 424K, committed 512K, reserved 1048576K
}
Event: 100.527 GC heap after
{Heap after GC invocations=17 (full 0):
 garbage-first heap   total 1249280K, used 248398K [0x0000000412800000, 0x0000000800000000)
  region size 4096K, 2 young (8192K), 2 survivors (8192K)
 Metaspace       used 1089K, capacity 5017K, committed 5376K, reserved 1056768K
  class space    used 56K, capacity 424K, committed 512K, reserved 1048576K
}
Event: 104.157 GC heap before
{Heap before GC invocations=17 (full 0):
 garbage-first heap   total 1249280K, used 301646K [0x0000000412800000, 0x0000000800000000)
  region size 4096K, 15 young (61440K), 2 survivors (8192K)
 Metaspace       used 1089K, capacity 5017K, committed 5376K, reserved 1056768K
  class space    used 56K, capacity 424K, committed 512K, reserved 1048576K
}
Event: 104.706 GC heap after
{Heap after GC invocations=18 (full 0):
 garbage-first heap   total 1249280K, used 254867K [0x0000000412800000, 0x0000000800000000)
  region size 4096K, 2 young (8192K), 2 survivors (8192K)
 Metaspace       used 1089K, capacity 5017K, committed 5376K, reserved 1056768K
  class space    used 56K, capacity 424K, committed 512K, reserved 1048576K
}
Event: 107.821 GC heap before
{Heap before GC invocations=18 (full 0):
 garbage-first heap   total 1249280K, used 308115K [0x0000000412800000, 0x0000000800000000)
  region size 4096K, 15 young (61440K), 2 survivors (8192K)
 Metaspace       used 1089K, capacity 5017K, committed 5376K, reserved 1056768K
  class space    used 56K, capacity 424K, committed 512K, reserved 1048576K
}
Event: 107.857 GC heap after
{Heap after GC invocations=19 (full 0):
 garbage-first heap   total 1249280K, used 261394K [0x0000000412800000, 0x0000000800000000)
  region size 4096K, 2 young (8192K), 2 survivors (8192K)
 Metaspace       used 1089K, capacity 5017K, committed 5376K, reserved 1056768K
  class space    used 56K, capacity 424K, committed 512K, reserved 1048576K
}
Event: 111.351 GC heap before
{Heap before GC invocations=19 (full 0):
 garbage-first heap   total 1249280K, used 314642K [0x0000000412800000, 0x0000000800000000)
  region size 4096K, 15 young (61440K), 2 survivors (8192K)
 Metaspace       used 1089K, capacity 5017K, committed 5376K, reserved 1056768K
  class space    used 56K, capacity 424K, committed 512K, reserved 1048576K
}

Deoptimization events (10 events):
Event: 7.661 Thread 0x00007fbd18012800 Uncommon trap: reason=unstable_if action=reinterpret pc=0x00007fbd0774c38c method=org.ChaffinchABC.EmpData.parseDissFileSyl([[ILjava/lang/String;)[[D @ 108 c2
Event: 7.662 Thread 0x00007fbd18012800 Uncommon trap: reason=unstable_if action=reinterpret pc=0x00007fbd0770f5a4 method=java.lang.String.substring(II)Ljava/lang/String; @ 22 c2
Event: 27.143 Thread 0x00007fbd18012800 Uncommon trap: reason=unstable_if action=reinterpret pc=0x00007fbd0775d788 method=org.ChaffinchABC.MeasureStatistics.calculateThresholdSpectrum([[DD)[[I @ 24 c2
Event: 27.238 Thread 0x00007fbd18012800 Uncommon trap: reason=unstable_if action=reinterpret pc=0x00007fbd07760808 method=org.ChaffinchABC.ChaffinchABC.initiateSimulation()V @ 24 c2
Event: 27.239 Thread 0x00007fbd18012800 Uncommon trap: reason=unstable_fused_if action=reinterpret pc=0x00007fbd07759cc4 method=org.apache.commons.math3.util.FastMath.pow(DD)D @ 65 c2
Event: 44.343 Thread 0x00007fbd18012800 Uncommon trap: reason=unstable_if action=reinterpret pc=0x00007fbd077568bc method=org.ChaffinchABC.Individual.setRepertoireSize()V @ 4 c2
Event: 44.425 Thread 0x00007fbd18012800 Uncommon trap: reason=unstable_if action=reinterpret pc=0x00007fbd0776a454 method=org.ChaffinchABC.Population.getTutors(I)[Lorg/ChaffinchABC/Individual; @ 132 c2
Event: 44.429 Thread 0x00007fbd18012800 Uncommon trap: reason=unstable_if action=reinterpret pc=0x00007fbd07754858 method=org.ChaffinchABC.Individual.updateRepertoire()V @ 4 c2
Event: 44.438 Thread 0x00007fbd18012800 Uncommon trap: reason=unstable_if action=reinterpret pc=0x00007fbd0776b638 method=org.ChaffinchABC.ChaffinchABC.iterateSimulation()V @ 60 c2
Event: 44.532 Thread 0x00007fbd18012800 Uncommon trap: reason=unstable_if action=reinterpret pc=0x00007fbd0776bdd4 method=org.ChaffinchABC.ChaffinchABC.iterateSimulation()V @ 8 c2

Classes redefined (0 events):
No events

Internal exceptions (10 events):
Event: 27.154 Thread 0x00007fbd18012800 Exception <a 'java/io/IOException'{0x00000004349a0178}> (0x00000004349a0178) thrown at [/scratch/opt/mach5/mesos/work_dir/slaves/2dd962d0-8988-479b-a804-57ab764ada59-S77524/frameworks/1735e8a2-a1db-478c-8104-60c8b0af87dd-0196/executors/1f998a92-396c-4330-
Event: 27.154 Thread 0x00007fbd18012800 Exception <a 'java/io/IOException'{0x00000004349a04b0}> (0x00000004349a04b0) thrown at [/scratch/opt/mach5/mesos/work_dir/slaves/2dd962d0-8988-479b-a804-57ab764ada59-S77524/frameworks/1735e8a2-a1db-478c-8104-60c8b0af87dd-0196/executors/1f998a92-396c-4330-
Event: 27.154 Thread 0x00007fbd18012800 Exception <a 'java/io/IOException'{0x00000004349a07b8}> (0x00000004349a07b8) thrown at [/scratch/opt/mach5/mesos/work_dir/slaves/2dd962d0-8988-479b-a804-57ab764ada59-S77524/frameworks/1735e8a2-a1db-478c-8104-60c8b0af87dd-0196/executors/1f998a92-396c-4330-
Event: 27.154 Thread 0x00007fbd18012800 Exception <a 'java/io/IOException'{0x00000004349a1180}> (0x00000004349a1180) thrown at [/scratch/opt/mach5/mesos/work_dir/slaves/2dd962d0-8988-479b-a804-57ab764ada59-S77524/frameworks/1735e8a2-a1db-478c-8104-60c8b0af87dd-0196/executors/1f998a92-396c-4330-
Event: 27.154 Thread 0x00007fbd18012800 Exception <a 'java/io/IOException'{0x00000004349a1568}> (0x00000004349a1568) thrown at [/scratch/opt/mach5/mesos/work_dir/slaves/2dd962d0-8988-479b-a804-57ab764ada59-S77524/frameworks/1735e8a2-a1db-478c-8104-60c8b0af87dd-0196/executors/1f998a92-396c-4330-
Event: 27.154 Thread 0x00007fbd18012800 Exception <a 'java/io/IOException'{0x00000004349a1950}> (0x00000004349a1950) thrown at [/scratch/opt/mach5/mesos/work_dir/slaves/2dd962d0-8988-479b-a804-57ab764ada59-S77524/frameworks/1735e8a2-a1db-478c-8104-60c8b0af87dd-0196/executors/1f998a92-396c-4330-
Event: 27.154 Thread 0x00007fbd18012800 Exception <a 'java/io/IOException'{0x00000004349a1d38}> (0x00000004349a1d38) thrown at [/scratch/opt/mach5/mesos/work_dir/slaves/2dd962d0-8988-479b-a804-57ab764ada59-S77524/frameworks/1735e8a2-a1db-478c-8104-60c8b0af87dd-0196/executors/1f998a92-396c-4330-
Event: 27.154 Thread 0x00007fbd18012800 Exception <a 'java/io/IOException'{0x00000004349a2120}> (0x00000004349a2120) thrown at [/scratch/opt/mach5/mesos/work_dir/slaves/2dd962d0-8988-479b-a804-57ab764ada59-S77524/frameworks/1735e8a2-a1db-478c-8104-60c8b0af87dd-0196/executors/1f998a92-396c-4330-
Event: 27.154 Thread 0x00007fbd18012800 Exception <a 'java/io/IOException'{0x00000004349a2458}> (0x00000004349a2458) thrown at [/scratch/opt/mach5/mesos/work_dir/slaves/2dd962d0-8988-479b-a804-57ab764ada59-S77524/frameworks/1735e8a2-a1db-478c-8104-60c8b0af87dd-0196/executors/1f998a92-396c-4330-
Event: 27.154 Thread 0x00007fbd18012800 Exception <a 'java/io/IOException'{0x00000004349a2760}> (0x00000004349a2760) thrown at [/scratch/opt/mach5/mesos/work_dir/slaves/2dd962d0-8988-479b-a804-57ab764ada59-S77524/frameworks/1735e8a2-a1db-478c-8104-60c8b0af87dd-0196/executors/1f998a92-396c-4330-

Events (10 events):
Event: 90.239 Executing VM operation: G1CollectForAllocation done
Event: 96.288 Executing VM operation: G1CollectForAllocation
Event: 96.348 Executing VM operation: G1CollectForAllocation done
Event: 100.501 Executing VM operation: G1CollectForAllocation
Event: 100.527 Executing VM operation: G1CollectForAllocation done
Event: 104.156 Executing VM operation: G1CollectForAllocation
Event: 104.712 Executing VM operation: G1CollectForAllocation done
Event: 107.820 Executing VM operation: G1CollectForAllocation
Event: 107.857 Executing VM operation: G1CollectForAllocation done
Event: 111.351 Executing VM operation: G1CollectForAllocation


Dynamic libraries:
00400000-00401000 r-xp 00000000 103:02 15872717                          /usr/lib/jvm/java-12-oracle/bin/java
00600000-00601000 r--p 00000000 103:02 15872717                          /usr/lib/jvm/java-12-oracle/bin/java
00601000-00602000 rw-p 00001000 103:02 15872717                          /usr/lib/jvm/java-12-oracle/bin/java
007ce000-007ef000 rw-p 00000000 00:00 0                                  [heap]
412800000-45e400000 rw-p 00000000 00:00 0 
4f6c00000-7ff800000 ---p 00000000 00:00 0 
7ff800000-7ffb00000 rw-p 00000000 00:00 0 
7ffb00000-7ffb47000 rw-p 0119c000 103:02 15872896                        /usr/lib/jvm/java-12-oracle/lib/server/classes.jsa
7ffb47000-7ffc00000 rw-p 00000000 00:00 0 
7ffc00000-7ffc72000 rw-p 0112a000 103:02 15872896                        /usr/lib/jvm/java-12-oracle/lib/server/classes.jsa
7ffc72000-800000000 rw-p 00000000 00:00 0 
800000000-800003000 rwxp 00001000 103:02 15872896                        /usr/lib/jvm/java-12-oracle/lib/server/classes.jsa
800003000-8003d9000 rw-p 00004000 103:02 15872896                        /usr/lib/jvm/java-12-oracle/lib/server/classes.jsa
8003d9000-800ae3000 r--p 003da000 103:02 15872896                        /usr/lib/jvm/java-12-oracle/lib/server/classes.jsa
800ae3000-800ae4000 rw-p 00ae4000 103:02 15872896                        /usr/lib/jvm/java-12-oracle/lib/server/classes.jsa
800ae4000-801129000 r--p 00ae5000 103:02 15872896                        /usr/lib/jvm/java-12-oracle/lib/server/classes.jsa
801129000-8011a9000 rw-p 00000000 00:00 0 
8011a9000-841129000 ---p 00000000 00:00 0 
7fbbe8000000-7fbbe8021000 rw-p 00000000 00:00 0 
7fbbe8021000-7fbbec000000 ---p 00000000 00:00 0 
7fbbf0000000-7fbbf0021000 rw-p 00000000 00:00 0 
7fbbf0021000-7fbbf4000000 ---p 00000000 00:00 0 
7fbbf4000000-7fbbf4021000 rw-p 00000000 00:00 0 
7fbbf4021000-7fbbf8000000 ---p 00000000 00:00 0 
7fbbf8000000-7fbbf8021000 rw-p 00000000 00:00 0 
7fbbf8021000-7fbbfc000000 ---p 00000000 00:00 0 
7fbbfc000000-7fbbfc021000 rw-p 00000000 00:00 0 
7fbbfc021000-7fbc00000000 ---p 00000000 00:00 0 
7fbc00000000-7fbc00021000 rw-p 00000000 00:00 0 
7fbc00021000-7fbc04000000 ---p 00000000 00:00 0 
7fbc04000000-7fbc04021000 rw-p 00000000 00:00 0 
7fbc04021000-7fbc08000000 ---p 00000000 00:00 0 
7fbc08000000-7fbc08021000 rw-p 00000000 00:00 0 
7fbc08021000-7fbc0c000000 ---p 00000000 00:00 0 
7fbc0c000000-7fbc0c021000 rw-p 00000000 00:00 0 
7fbc0c021000-7fbc10000000 ---p 00000000 00:00 0 
7fbc10000000-7fbc10046000 rw-p 00000000 00:00 0 
7fbc10046000-7fbc14000000 ---p 00000000 00:00 0 
7fbc14000000-7fbc14021000 rw-p 00000000 00:00 0 
7fbc14021000-7fbc18000000 ---p 00000000 00:00 0 
7fbc18000000-7fbc1819b000 rw-p 00000000 00:00 0 
7fbc1819b000-7fbc1c000000 ---p 00000000 00:00 0 
7fbc1c000000-7fbc1c1d3000 rw-p 00000000 00:00 0 
7fbc1c1d3000-7fbc20000000 ---p 00000000 00:00 0 
7fbc20000000-7fbc20021000 rw-p 00000000 00:00 0 
7fbc20021000-7fbc24000000 ---p 00000000 00:00 0 
7fbc24000000-7fbc24021000 rw-p 00000000 00:00 0 
7fbc24021000-7fbc28000000 ---p 00000000 00:00 0 
7fbc28000000-7fbc28021000 rw-p 00000000 00:00 0 
7fbc28021000-7fbc2c000000 ---p 00000000 00:00 0 
7fbc2c000000-7fbc2c021000 rw-p 00000000 00:00 0 
7fbc2c021000-7fbc30000000 ---p 00000000 00:00 0 
7fbc30000000-7fbc30021000 rw-p 00000000 00:00 0 
7fbc30021000-7fbc34000000 ---p 00000000 00:00 0 
7fbc34000000-7fbc34021000 rw-p 00000000 00:00 0 
7fbc34021000-7fbc38000000 ---p 00000000 00:00 0 
7fbc38000000-7fbc38021000 rw-p 00000000 00:00 0 
7fbc38021000-7fbc3c000000 ---p 00000000 00:00 0 
7fbc3c000000-7fbc3c021000 rw-p 00000000 00:00 0 
7fbc3c021000-7fbc40000000 ---p 00000000 00:00 0 
7fbc40000000-7fbc40021000 rw-p 00000000 00:00 0 
7fbc40021000-7fbc44000000 ---p 00000000 00:00 0 
7fbc44000000-7fbc44021000 rw-p 00000000 00:00 0 
7fbc44021000-7fbc48000000 ---p 00000000 00:00 0 
7fbc48000000-7fbc48021000 rw-p 00000000 00:00 0 
7fbc48021000-7fbc4c000000 ---p 00000000 00:00 0 
7fbc4c000000-7fbc4c021000 rw-p 00000000 00:00 0 
7fbc4c021000-7fbc50000000 ---p 00000000 00:00 0 
7fbc50000000-7fbc50021000 rw-p 00000000 00:00 0 
7fbc50021000-7fbc54000000 ---p 00000000 00:00 0 
7fbc54000000-7fbc54021000 rw-p 00000000 00:00 0 
7fbc54021000-7fbc58000000 ---p 00000000 00:00 0 
7fbc58000000-7fbc58021000 rw-p 00000000 00:00 0 
7fbc58021000-7fbc5c000000 ---p 00000000 00:00 0 
7fbc5c000000-7fbc5c021000 rw-p 00000000 00:00 0 
7fbc5c021000-7fbc60000000 ---p 00000000 00:00 0 
7fbc60000000-7fbc60021000 rw-p 00000000 00:00 0 
7fbc60021000-7fbc64000000 ---p 00000000 00:00 0 
7fbc64000000-7fbc64021000 rw-p 00000000 00:00 0 
7fbc64021000-7fbc68000000 ---p 00000000 00:00 0 
7fbc68000000-7fbc68021000 rw-p 00000000 00:00 0 
7fbc68021000-7fbc6c000000 ---p 00000000 00:00 0 
7fbc6c000000-7fbc6c021000 rw-p 00000000 00:00 0 
7fbc6c021000-7fbc70000000 ---p 00000000 00:00 0 
7fbc70000000-7fbc70617000 rw-p 00000000 00:00 0 
7fbc70617000-7fbc74000000 ---p 00000000 00:00 0 
7fbc74000000-7fbc74021000 rw-p 00000000 00:00 0 
7fbc74021000-7fbc78000000 ---p 00000000 00:00 0 
7fbc78000000-7fbc785b4000 rw-p 00000000 00:00 0 
7fbc785b4000-7fbc7c000000 ---p 00000000 00:00 0 
7fbc7d193000-7fbc7d194000 ---p 00000000 00:00 0 
7fbc7d194000-7fbc7d295000 rw-p 00000000 00:00 0 
7fbc7d295000-7fbc7d296000 ---p 00000000 00:00 0 
7fbc7d296000-7fbc7d397000 rw-p 00000000 00:00 0 
7fbc7d397000-7fbc7d398000 ---p 00000000 00:00 0 
7fbc7d398000-7fbc7d499000 rw-p 00000000 00:00 0 
7fbc7d499000-7fbc7d49a000 ---p 00000000 00:00 0 
7fbc7d49a000-7fbc7d59b000 rw-p 00000000 00:00 0 
7fbc7d59b000-7fbc7d59c000 ---p 00000000 00:00 0 
7fbc7d59c000-7fbc7d69d000 rw-p 00000000 00:00 0 
7fbc7d69d000-7fbc7d69e000 ---p 00000000 00:00 0 
7fbc7d69e000-7fbc7d79f000 rw-p 00000000 00:00 0 
7fbc7d79f000-7fbc7d7a0000 ---p 00000000 00:00 0 
7fbc7d7a0000-7fbc7d8a1000 rw-p 00000000 00:00 0 
7fbc7d8a1000-7fbc7d8a2000 ---p 00000000 00:00 0 
7fbc7d8a2000-7fbc7d9a3000 rw-p 00000000 00:00 0 
7fbc7d9a3000-7fbc7d9a4000 ---p 00000000 00:00 0 
7fbc7d9a4000-7fbc7daa5000 rw-p 00000000 00:00 0 
7fbc7daa5000-7fbc7daa6000 ---p 00000000 00:00 0 
7fbc7daa6000-7fbc7dba7000 rw-p 00000000 00:00 0 
7fbc7dba7000-7fbc7dba8000 ---p 00000000 00:00 0 
7fbc7dba8000-7fbc7dca9000 rw-p 00000000 00:00 0 
7fbc7dca9000-7fbc7dcaa000 ---p 00000000 00:00 0 
7fbc7dcaa000-7fbc7ddab000 rw-p 00000000 00:00 0 
7fbc7ddab000-7fbc7ddac000 ---p 00000000 00:00 0 
7fbc7ddac000-7fbc7dead000 rw-p 00000000 00:00 0 
7fbc7dead000-7fbc7deae000 ---p 00000000 00:00 0 
7fbc7deae000-7fbc7dfaf000 rw-p 00000000 00:00 0 
7fbc7dfaf000-7fbc7dfb0000 ---p 00000000 00:00 0 
7fbc7dfb0000-7fbc7e0b1000 rw-p 00000000 00:00 0 
7fbc7e0b1000-7fbc7e0b2000 ---p 00000000 00:00 0 
7fbc7e0b2000-7fbc7e1b3000 rw-p 00000000 00:00 0 
7fbc7e1b3000-7fbc7e1b4000 ---p 00000000 00:00 0 
7fbc7e1b4000-7fbc7e2b5000 rw-p 00000000 00:00 0 
7fbc7e2b5000-7fbc7e2b6000 ---p 00000000 00:00 0 
7fbc7e2b6000-7fbc7e3b7000 rw-p 00000000 00:00 0 
7fbc7e3b7000-7fbc7e3bb000 ---p 00000000 00:00 0 
7fbc7e3bb000-7fbc7e4b8000 rw-p 00000000 00:00 0 
7fbc7e4b8000-7fbc7e4b9000 ---p 00000000 00:00 0 
7fbc7e4b9000-7fbc7e5ba000 rw-p 00000000 00:00 0 
7fbc7e5ba000-7fbc7e5bb000 ---p 00000000 00:00 0 
7fbc7e5bb000-7fbc7e6bc000 rw-p 00000000 00:00 0 
7fbc7e6bc000-7fbc7e6bd000 ---p 00000000 00:00 0 
7fbc7e6bd000-7fbc7e7be000 rw-p 00000000 00:00 0 
7fbc7e7be000-7fbc7e7bf000 ---p 00000000 00:00 0 
7fbc7e7bf000-7fbc7e8c0000 rw-p 00000000 00:00 0 
7fbc7e8c0000-7fbc7e8c1000 ---p 00000000 00:00 0 
7fbc7e8c1000-7fbc7e9c2000 rw-p 00000000 00:00 0 
7fbc7e9c2000-7fbc7e9c3000 ---p 00000000 00:00 0 
7fbc7e9c3000-7fbc7eac4000 rw-p 00000000 00:00 0 
7fbc7eac4000-7fbc7eac5000 ---p 00000000 00:00 0 
7fbc7eac5000-7fbc7ebc6000 rw-p 00000000 00:00 0 
7fbc7ebc6000-7fbc7ebc7000 ---p 00000000 00:00 0 
7fbc7ebc7000-7fbc7ecc8000 rw-p 00000000 00:00 0 
7fbc7ecc8000-7fbc7ecc9000 ---p 00000000 00:00 0 
7fbc7ecc9000-7fbc7edca000 rw-p 00000000 00:00 0 
7fbc7edca000-7fbc7edcb000 ---p 00000000 00:00 0 
7fbc7edcb000-7fbc7eecc000 rw-p 00000000 00:00 0 
7fbc7eecc000-7fbc7eecd000 ---p 00000000 00:00 0 
7fbc7eecd000-7fbc7efce000 rw-p 00000000 00:00 0 
7fbc7efce000-7fbc7efcf000 ---p 00000000 00:00 0 
7fbc7efcf000-7fbc7f0d0000 rw-p 00000000 00:00 0 
7fbc7f0d0000-7fbc7f0d1000 ---p 00000000 00:00 0 
7fbc7f0d1000-7fbc7f1d2000 rw-p 00000000 00:00 0 
7fbc7f1d2000-7fbc7f1d3000 ---p 00000000 00:00 0 
7fbc7f1d3000-7fbc7f2d4000 rw-p 00000000 00:00 0 
7fbc7f2d4000-7fbc7f2d5000 ---p 00000000 00:00 0 
7fbc7f2d5000-7fbc7f3d6000 rw-p 00000000 00:00 0 
7fbc7f3d6000-7fbc7f3d7000 ---p 00000000 00:00 0 
7fbc7f3d7000-7fbc7f4d8000 rw-p 00000000 00:00 0 
7fbc7f4d8000-7fbc7f4d9000 ---p 00000000 00:00 0 
7fbc7f4d9000-7fbc7f5da000 rw-p 00000000 00:00 0 
7fbc7f5da000-7fbc7f5db000 ---p 00000000 00:00 0 
7fbc7f5db000-7fbc7f6dc000 rw-p 00000000 00:00 0 
7fbc7f6dc000-7fbc7f6dd000 ---p 00000000 00:00 0 
7fbc7f6dd000-7fbc7f7de000 rw-p 00000000 00:00 0 
7fbc7f7de000-7fbc7f7df000 ---p 00000000 00:00 0 
7fbc7f7df000-7fbc7f8e0000 rw-p 00000000 00:00 0 
7fbc7f8e0000-7fbc7f8e1000 ---p 00000000 00:00 0 
7fbc7f8e1000-7fbc7f9e2000 rw-p 00000000 00:00 0 
7fbc7f9e2000-7fbc7f9e3000 ---p 00000000 00:00 0 
7fbc7f9e3000-7fbc7fae4000 rw-p 00000000 00:00 0 
7fbc7fae4000-7fbc7fae5000 ---p 00000000 00:00 0 
7fbc7fae5000-7fbc7fbe6000 rw-p 00000000 00:00 0 
7fbc7fbe6000-7fbc7fbea000 ---p 00000000 00:00 0 
7fbc7fbea000-7fbc7fce7000 rw-p 00000000 00:00 0 
7fbc7fce7000-7fbc7fceb000 ---p 00000000 00:00 0 
7fbc7fceb000-7fbc7fde8000 rw-p 00000000 00:00 0 
7fbc7fde8000-7fbc7fdfe000 r-xp 00000000 103:02 15872873                  /usr/lib/jvm/java-12-oracle/lib/libnet.so
7fbc7fdfe000-7fbc7fffe000 ---p 00016000 103:02 15872873                  /usr/lib/jvm/java-12-oracle/lib/libnet.so
7fbc7fffe000-7fbc7ffff000 r--p 00016000 103:02 15872873                  /usr/lib/jvm/java-12-oracle/lib/libnet.so
7fbc7ffff000-7fbc80000000 rw-p 00017000 103:02 15872873                  /usr/lib/jvm/java-12-oracle/lib/libnet.so
7fbc80000000-7fbc80021000 rw-p 00000000 00:00 0 
7fbc80021000-7fbc84000000 ---p 00000000 00:00 0 
7fbc84000000-7fbc84021000 rw-p 00000000 00:00 0 
7fbc84021000-7fbc88000000 ---p 00000000 00:00 0 
7fbc88000000-7fbc88254000 rw-p 00000000 00:00 0 
7fbc88254000-7fbc8c000000 ---p 00000000 00:00 0 
7fbc8c000000-7fbc8c021000 rw-p 00000000 00:00 0 
7fbc8c021000-7fbc90000000 ---p 00000000 00:00 0 
7fbc90000000-7fbc9045d000 rw-p 00000000 00:00 0 
7fbc9045d000-7fbc94000000 ---p 00000000 00:00 0 
7fbc94000000-7fbc942a1000 rw-p 00000000 00:00 0 
7fbc942a1000-7fbc98000000 ---p 00000000 00:00 0 
7fbc98000000-7fbc98028000 rw-p 00000000 00:00 0 
7fbc98028000-7fbc9c000000 ---p 00000000 00:00 0 
7fbc9c000000-7fbc9c066000 rw-p 00000000 00:00 0 
7fbc9c066000-7fbca0000000 ---p 00000000 00:00 0 
7fbca0000000-7fbca0161000 rw-p 00000000 00:00 0 
7fbca0161000-7fbca4000000 ---p 00000000 00:00 0 
7fbca4000000-7fbca4021000 rw-p 00000000 00:00 0 
7fbca4021000-7fbca8000000 ---p 00000000 00:00 0 
7fbca8000000-7fbca8021000 rw-p 00000000 00:00 0 
7fbca8021000-7fbcac000000 ---p 00000000 00:00 0 
7fbcac000000-7fbcac511000 rw-p 00000000 00:00 0 
7fbcac511000-7fbcb0000000 ---p 00000000 00:00 0 
7fbcb0000000-7fbcb0021000 rw-p 00000000 00:00 0 
7fbcb0021000-7fbcb4000000 ---p 00000000 00:00 0 
7fbcb4000000-7fbcb4021000 rw-p 00000000 00:00 0 
7fbcb4021000-7fbcb8000000 ---p 00000000 00:00 0 
7fbcb8000000-7fbcb8021000 rw-p 00000000 00:00 0 
7fbcb8021000-7fbcbc000000 ---p 00000000 00:00 0 
7fbcbc000000-7fbcbc40c000 rw-p 00000000 00:00 0 
7fbcbc40c000-7fbcc0000000 ---p 00000000 00:00 0 
7fbcc0000000-7fbcc0081000 rw-p 00000000 00:00 0 
7fbcc0081000-7fbcc4000000 ---p 00000000 00:00 0 
7fbcc40f0000-7fbcc4101000 r-xp 00000000 103:02 15872874                  /usr/lib/jvm/java-12-oracle/lib/libnio.so
7fbcc4101000-7fbcc4300000 ---p 00011000 103:02 15872874                  /usr/lib/jvm/java-12-oracle/lib/libnio.so
7fbcc4300000-7fbcc4301000 r--p 00010000 103:02 15872874                  /usr/lib/jvm/java-12-oracle/lib/libnio.so
7fbcc4301000-7fbcc4302000 rw-p 00011000 103:02 15872874                  /usr/lib/jvm/java-12-oracle/lib/libnio.so
7fbcc4302000-7fbcc4306000 ---p 00000000 00:00 0 
7fbcc4306000-7fbcc4403000 rw-p 00000000 00:00 0 
7fbcc4403000-7fbcc4404000 ---p 00000000 00:00 0 
7fbcc4404000-7fbcc4505000 rw-p 00000000 00:00 0 
7fbcc4505000-7fbcc4509000 ---p 00000000 00:00 0 
7fbcc4509000-7fbcc4606000 rw-p 00000000 00:00 0 
7fbcc4606000-7fbcc460a000 ---p 00000000 00:00 0 
7fbcc460a000-7fbcc4707000 rw-p 00000000 00:00 0 
7fbcc4707000-7fbcc470b000 ---p 00000000 00:00 0 
7fbcc470b000-7fbcc4808000 rw-p 00000000 00:00 0 
7fbcc4808000-7fbcc480c000 ---p 00000000 00:00 0 
7fbcc480c000-7fbcc4909000 rw-p 00000000 00:00 0 
7fbcc4909000-7fbcc490d000 ---p 00000000 00:00 0 
7fbcc490d000-7fbcc4a0a000 rw-p 00000000 00:00 0 
7fbcc4a0a000-7fbcc4a0e000 ---p 00000000 00:00 0 
7fbcc4a0e000-7fbcc4b0b000 rw-p 00000000 00:00 0 
7fbcc4b0b000-7fbcc4b0f000 ---p 00000000 00:00 0 
7fbcc4b0f000-7fbcc4c0c000 rw-p 00000000 00:00 0 
7fbcc4c0c000-7fbcc4c10000 ---p 00000000 00:00 0 
7fbcc4c10000-7fbcc4d0d000 rw-p 00000000 00:00 0 
7fbcc4d0d000-7fbcc4d11000 ---p 00000000 00:00 0 
7fbcc4d11000-7fbcc4e0e000 rw-p 00000000 00:00 0 
7fbcc4e0e000-7fbcc4e12000 ---p 00000000 00:00 0 
7fbcc4e12000-7fbcc4f0f000 rw-p 00000000 00:00 0 
7fbcc4f0f000-7fbcc58de000 r--p 00000000 103:02 15866447                  /usr/lib/locale/locale-archive
7fbcc58de000-7fbcc58e2000 ---p 00000000 00:00 0 
7fbcc58e2000-7fbcc59df000 rw-p 00000000 00:00 0 
7fbcc59df000-7fbcc59e3000 ---p 00000000 00:00 0 
7fbcc59e3000-7fbcc5ae0000 rw-p 00000000 00:00 0 
7fbcc5ae0000-7fbcc5ae1000 ---p 00000000 00:00 0 
7fbcc5ae1000-7fbcc60a2000 rw-p 00000000 00:00 0 
7fbcc60a2000-7fbcc63e2000 ---p 00000000 00:00 0 
7fbcc63e2000-7fbcc63e3000 ---p 00000000 00:00 0 
7fbcc63e3000-7fbcc64e4000 rw-p 00000000 00:00 0 
7fbcc64e4000-7fbcc64e5000 ---p 00000000 00:00 0 
7fbcc64e5000-7fbcc8000000 rw-p 00000000 00:00 0 
7fbcc8000000-7fbcc8021000 rw-p 00000000 00:00 0 
7fbcc8021000-7fbccc000000 ---p 00000000 00:00 0 
7fbccc000000-7fbccc021000 rw-p 00000000 00:00 0 
7fbccc021000-7fbcd0000000 ---p 00000000 00:00 0 
7fbcd0000000-7fbcd0021000 rw-p 00000000 00:00 0 
7fbcd0021000-7fbcd4000000 ---p 00000000 00:00 0 
7fbcd4038000-7fbcd71ca000 rw-p 00000000 00:00 0 
7fbcd71ca000-7fbcd71cb000 ---p 00000000 00:00 0 
7fbcd71cb000-7fbcd72cc000 rw-p 00000000 00:00 0 
7fbcd72cc000-7fbcd72cd000 ---p 00000000 00:00 0 
7fbcd72cd000-7fbcd73ce000 rw-p 00000000 00:00 0 
7fbcd73ce000-7fbcd73cf000 ---p 00000000 00:00 0 
7fbcd73cf000-7fbcd8cb1000 rw-p 00000000 00:00 0 
7fbcd8cb1000-7fbce7501000 ---p 00000000 00:00 0 
7fbce7501000-7fbce8811000 rw-p 00000000 00:00 0 
7fbce8811000-7fbcf7061000 ---p 00000000 00:00 0 
7fbcf7061000-7fbcf72df000 rw-p 00000000 00:00 0 
7fbcf72df000-7fbcf8fe9000 ---p 00000000 00:00 0 
7fbcf8fe9000-7fbcf924b000 rw-p 00000000 00:00 0 
7fbcf924b000-7fbcfaf55000 ---p 00000000 00:00 0 
7fbcfaf55000-7fbcfb1b7000 rw-p 00000000 00:00 0 
7fbcfb1b7000-7fbcfcec1000 ---p 00000000 00:00 0 
7fbcfcec1000-7fbcff9f5000 rw-p 00000000 00:00 0 
7fbcff9f5000-7fbcffad8000 ---p 00000000 00:00 0 
7fbcffad8000-7fbcffea8000 rwxp 00000000 00:00 0 
7fbcffea8000-7fbd00336000 ---p 00000000 00:00 0 
7fbd00336000-7fbd005a6000 rwxp 00000000 00:00 0 
7fbd005a6000-7fbd07707000 ---p 00000000 00:00 0 
7fbd07707000-7fbd07977000 rwxp 00000000 00:00 0 
7fbd07977000-7fbd0ead8000 ---p 00000000 00:00 0 
7fbd0ead8000-7fbd16f60000 r--s 00000000 103:02 15872884                  /usr/lib/jvm/java-12-oracle/lib/modules
7fbd16f60000-7fbd16f7b000 r-xp 00000000 103:02 15872864                  /usr/lib/jvm/java-12-oracle/lib/libjimage.so
7fbd16f7b000-7fbd1717a000 ---p 0001b000 103:02 15872864                  /usr/lib/jvm/java-12-oracle/lib/libjimage.so
7fbd1717a000-7fbd1717c000 r--p 0001a000 103:02 15872864                  /usr/lib/jvm/java-12-oracle/lib/libjimage.so
7fbd1717c000-7fbd1717d000 rw-p 0001c000 103:02 15872864                  /usr/lib/jvm/java-12-oracle/lib/libjimage.so
7fbd1717d000-7fbd17184000 r-xp 00000000 103:02 15872883                  /usr/lib/jvm/java-12-oracle/lib/libzip.so
7fbd17184000-7fbd17383000 ---p 00007000 103:02 15872883                  /usr/lib/jvm/java-12-oracle/lib/libzip.so
7fbd17383000-7fbd17384000 r--p 00006000 103:02 15872883                  /usr/lib/jvm/java-12-oracle/lib/libzip.so
7fbd17384000-7fbd17385000 rw-p 00007000 103:02 15872883                  /usr/lib/jvm/java-12-oracle/lib/libzip.so
7fbd17385000-7fbd17390000 r-xp 00000000 103:02 10490588                  /lib/x86_64-linux-gnu/libnss_files-2.27.so
7fbd17390000-7fbd1758f000 ---p 0000b000 103:02 10490588                  /lib/x86_64-linux-gnu/libnss_files-2.27.so
7fbd1758f000-7fbd17590000 r--p 0000a000 103:02 10490588                  /lib/x86_64-linux-gnu/libnss_files-2.27.so
7fbd17590000-7fbd17591000 rw-p 0000b000 103:02 10490588                  /lib/x86_64-linux-gnu/libnss_files-2.27.so
7fbd17591000-7fbd17597000 rw-p 00000000 00:00 0 
7fbd17597000-7fbd175ae000 r-xp 00000000 103:02 10490582                  /lib/x86_64-linux-gnu/libnsl-2.27.so
7fbd175ae000-7fbd177ad000 ---p 00017000 103:02 10490582                  /lib/x86_64-linux-gnu/libnsl-2.27.so
7fbd177ad000-7fbd177ae000 r--p 00016000 103:02 10490582                  /lib/x86_64-linux-gnu/libnsl-2.27.so
7fbd177ae000-7fbd177af000 rw-p 00017000 103:02 10490582                  /lib/x86_64-linux-gnu/libnsl-2.27.so
7fbd177af000-7fbd177b1000 rw-p 00000000 00:00 0 
7fbd177b1000-7fbd177bc000 r-xp 00000000 103:02 10490599                  /lib/x86_64-linux-gnu/libnss_nis-2.27.so
7fbd177bc000-7fbd179bb000 ---p 0000b000 103:02 10490599                  /lib/x86_64-linux-gnu/libnss_nis-2.27.so
7fbd179bb000-7fbd179bc000 r--p 0000a000 103:02 10490599                  /lib/x86_64-linux-gnu/libnss_nis-2.27.so
7fbd179bc000-7fbd179bd000 rw-p 0000b000 103:02 10490599                  /lib/x86_64-linux-gnu/libnss_nis-2.27.so
7fbd179bd000-7fbd179c5000 r-xp 00000000 103:02 10490584                  /lib/x86_64-linux-gnu/libnss_compat-2.27.so
7fbd179c5000-7fbd17bc5000 ---p 00008000 103:02 10490584                  /lib/x86_64-linux-gnu/libnss_compat-2.27.so
7fbd17bc5000-7fbd17bc6000 r--p 00008000 103:02 10490584                  /lib/x86_64-linux-gnu/libnss_compat-2.27.so
7fbd17bc6000-7fbd17bc7000 rw-p 00009000 103:02 10490584                  /lib/x86_64-linux-gnu/libnss_compat-2.27.so
7fbd17bc7000-7fbd17bef000 r-xp 00000000 103:02 15872860                  /usr/lib/jvm/java-12-oracle/lib/libjava.so
7fbd17bef000-7fbd17dee000 ---p 00028000 103:02 15872860                  /usr/lib/jvm/java-12-oracle/lib/libjava.so
7fbd17dee000-7fbd17def000 r--p 00027000 103:02 15872860                  /usr/lib/jvm/java-12-oracle/lib/libjava.so
7fbd17def000-7fbd17df1000 rw-p 00028000 103:02 15872860                  /usr/lib/jvm/java-12-oracle/lib/libjava.so
7fbd17df1000-7fbd17dfe000 r-xp 00000000 103:02 15872882                  /usr/lib/jvm/java-12-oracle/lib/libverify.so
7fbd17dfe000-7fbd17ffd000 ---p 0000d000 103:02 15872882                  /usr/lib/jvm/java-12-oracle/lib/libverify.so
7fbd17ffd000-7fbd17fff000 r--p 0000c000 103:02 15872882                  /usr/lib/jvm/java-12-oracle/lib/libverify.so
7fbd17fff000-7fbd18000000 rw-p 0000e000 103:02 15872882                  /usr/lib/jvm/java-12-oracle/lib/libverify.so
7fbd18000000-7fbd184b4000 rw-p 00000000 00:00 0 
7fbd184b4000-7fbd1c000000 ---p 00000000 00:00 0 
7fbd1c05d000-7fbd1c0bd000 rw-p 00000000 00:00 0 
7fbd1c0bd000-7fbd1c1a0000 ---p 00000000 00:00 0 
7fbd1c1a0000-7fbd1c1a7000 r-xp 00000000 103:02 10490639                  /lib/x86_64-linux-gnu/librt-2.27.so
7fbd1c1a7000-7fbd1c3a6000 ---p 00007000 103:02 10490639                  /lib/x86_64-linux-gnu/librt-2.27.so
7fbd1c3a6000-7fbd1c3a7000 r--p 00006000 103:02 10490639                  /lib/x86_64-linux-gnu/librt-2.27.so
7fbd1c3a7000-7fbd1c3a8000 rw-p 00007000 103:02 10490639                  /lib/x86_64-linux-gnu/librt-2.27.so
7fbd1c3a8000-7fbd1c545000 r-xp 00000000 103:02 10490561                  /lib/x86_64-linux-gnu/libm-2.27.so
7fbd1c545000-7fbd1c744000 ---p 0019d000 103:02 10490561                  /lib/x86_64-linux-gnu/libm-2.27.so
7fbd1c744000-7fbd1c745000 r--p 0019c000 103:02 10490561                  /lib/x86_64-linux-gnu/libm-2.27.so
7fbd1c745000-7fbd1c746000 rw-p 0019d000 103:02 10490561                  /lib/x86_64-linux-gnu/libm-2.27.so
7fbd1c746000-7fbd1d8aa000 r-xp 00000000 103:02 15872898                  /usr/lib/jvm/java-12-oracle/lib/server/libjvm.so
7fbd1d8aa000-7fbd1daaa000 ---p 01164000 103:02 15872898                  /usr/lib/jvm/java-12-oracle/lib/server/libjvm.so
7fbd1daaa000-7fbd1db6b000 r--p 01164000 103:02 15872898                  /usr/lib/jvm/java-12-oracle/lib/server/libjvm.so
7fbd1db6b000-7fbd1dba4000 rw-p 01225000 103:02 15872898                  /usr/lib/jvm/java-12-oracle/lib/server/libjvm.so
7fbd1dba4000-7fbd1dc27000 rw-p 00000000 00:00 0 
7fbd1dc27000-7fbd1de0e000 r-xp 00000000 103:02 10490498                  /lib/x86_64-linux-gnu/libc-2.27.so
7fbd1de0e000-7fbd1e00e000 ---p 001e7000 103:02 10490498                  /lib/x86_64-linux-gnu/libc-2.27.so
7fbd1e00e000-7fbd1e012000 r--p 001e7000 103:02 10490498                  /lib/x86_64-linux-gnu/libc-2.27.so
7fbd1e012000-7fbd1e014000 rw-p 001eb000 103:02 10490498                  /lib/x86_64-linux-gnu/libc-2.27.so
7fbd1e014000-7fbd1e018000 rw-p 00000000 00:00 0 
7fbd1e018000-7fbd1e01b000 r-xp 00000000 103:02 10490521                  /lib/x86_64-linux-gnu/libdl-2.27.so
7fbd1e01b000-7fbd1e21a000 ---p 00003000 103:02 10490521                  /lib/x86_64-linux-gnu/libdl-2.27.so
7fbd1e21a000-7fbd1e21b000 r--p 00002000 103:02 10490521                  /lib/x86_64-linux-gnu/libdl-2.27.so
7fbd1e21b000-7fbd1e21c000 rw-p 00003000 103:02 10490521                  /lib/x86_64-linux-gnu/libdl-2.27.so
7fbd1e21c000-7fbd1e236000 r-xp 00000000 103:02 10490631                  /lib/x86_64-linux-gnu/libpthread-2.27.so
7fbd1e236000-7fbd1e435000 ---p 0001a000 103:02 10490631                  /lib/x86_64-linux-gnu/libpthread-2.27.so
7fbd1e435000-7fbd1e436000 r--p 00019000 103:02 10490631                  /lib/x86_64-linux-gnu/libpthread-2.27.so
7fbd1e436000-7fbd1e437000 rw-p 0001a000 103:02 10490631                  /lib/x86_64-linux-gnu/libpthread-2.27.so
7fbd1e437000-7fbd1e43b000 rw-p 00000000 00:00 0 
7fbd1e43b000-7fbd1e44b000 r-xp 00000000 103:02 15872865                  /usr/lib/jvm/java-12-oracle/lib/libjli.so
7fbd1e44b000-7fbd1e64a000 ---p 00010000 103:02 15872865                  /usr/lib/jvm/java-12-oracle/lib/libjli.so
7fbd1e64a000-7fbd1e64b000 r--p 0000f000 103:02 15872865                  /usr/lib/jvm/java-12-oracle/lib/libjli.so
7fbd1e64b000-7fbd1e64c000 rw-p 00010000 103:02 15872865                  /usr/lib/jvm/java-12-oracle/lib/libjli.so
7fbd1e64c000-7fbd1e668000 r-xp 00000000 103:02 10490670                  /lib/x86_64-linux-gnu/libz.so.1.2.11
7fbd1e668000-7fbd1e867000 ---p 0001c000 103:02 10490670                  /lib/x86_64-linux-gnu/libz.so.1.2.11
7fbd1e867000-7fbd1e868000 r--p 0001b000 103:02 10490670                  /lib/x86_64-linux-gnu/libz.so.1.2.11
7fbd1e868000-7fbd1e869000 rw-p 0001c000 103:02 10490670                  /lib/x86_64-linux-gnu/libz.so.1.2.11
7fbd1e869000-7fbd1e890000 r-xp 00000000 103:02 10490470                  /lib/x86_64-linux-gnu/ld-2.27.so
7fbd1e8a5000-7fbd1e96c000 rw-p 00000000 00:00 0 
7fbd1e96c000-7fbd1e975000 ---p 00000000 00:00 0 
7fbd1e975000-7fbd1e979000 ---p 00000000 00:00 0 
7fbd1e979000-7fbd1ea7a000 rw-p 00000000 00:00 0 
7fbd1ea84000-7fbd1ea85000 r--p 00000000 103:02 17567477                  /usr/share/locale-langpack/en_GB/LC_MESSAGES/libc.mo
7fbd1ea85000-7fbd1ea8d000 rw-s 00000000 103:02 13369647                  /tmp/hsperfdata_rflachlan/15547
7fbd1ea8d000-7fbd1ea8e000 ---p 00000000 00:00 0 
7fbd1ea8e000-7fbd1ea8f000 r--p 00000000 00:00 0 
7fbd1ea8f000-7fbd1ea90000 ---p 00000000 00:00 0 
7fbd1ea90000-7fbd1ea91000 r--p 00027000 103:02 10490470                  /lib/x86_64-linux-gnu/ld-2.27.so
7fbd1ea91000-7fbd1ea92000 rw-p 00028000 103:02 10490470                  /lib/x86_64-linux-gnu/ld-2.27.so
7fbd1ea92000-7fbd1ea93000 rw-p 00000000 00:00 0 
7fffb8431000-7fffb8452000 rw-p 00000000 00:00 0                          [stack]
7fffb8594000-7fffb8597000 r--p 00000000 00:00 0                          [vvar]
7fffb8597000-7fffb8599000 r-xp 00000000 00:00 0                          [vdso]
ffffffffff600000-ffffffffff601000 r-xp 00000000 00:00 0                  [vsyscall]


VM Arguments:
java_command: /home/rflachlan/Dropbox/ChaffMainlandN//ChaffinchABC.jar 1 11 0 365461999303661078 /home/rflachlan/Dropbox/ChaffMainlandN/
java_class_path (initial): /home/rflachlan/Dropbox/ChaffMainlandN//ChaffinchABC.jar
Launcher Type: SUN_STANDARD

[Global flags]
     intx CICompilerCount                          = 18                                        {product} {ergonomic}
     uint ConcGCThreads                            = 11                                        {product} {ergonomic}
     uint G1ConcRefinementThreads                  = 43                                        {product} {ergonomic}
   size_t G1HeapRegionSize                         = 4194304                                   {product} {ergonomic}
    uintx GCDrainStackTargetSize                   = 64                                        {product} {ergonomic}
   size_t InitialHeapSize                          = 1056964608                                {product} {ergonomic}
   size_t MarkStackSize                            = 4194304                                   {product} {ergonomic}
   size_t MaxHeapSize                              = 16869490688                               {product} {ergonomic}
   size_t MaxNewSize                               = 10120855552                               {product} {ergonomic}
   size_t MinHeapDeltaBytes                        = 4194304                                   {product} {ergonomic}
    uintx NonNMethodCodeHeapSize                   = 8769992                                {pd product} {ergonomic}
    uintx NonProfiledCodeHeapSize                  = 121444124                              {pd product} {ergonomic}
    uintx ProfiledCodeHeapSize                     = 121444124                              {pd product} {ergonomic}
    uintx ReservedCodeCacheSize                    = 251658240                              {pd product} {ergonomic}
     bool SegmentedCodeCache                       = true                                      {product} {ergonomic}
     bool UseCompressedClassPointers               = true                                 {lp64_product} {ergonomic}
     bool UseCompressedOops                        = true                                 {lp64_product} {ergonomic}
     bool UseG1GC                                  = true                                      {product} {ergonomic}

Logging:
Log output configuration:
 #0: stdout all=warning uptime,level,tags
 #1: stderr all=off uptime,level,tags

Environment Variables:
JAVA_HOME=/usr/lib/jvm/java-12-oracle
PATH=/usr/local/sbin:/usr/local/bin:/usr/sbin:/usr/bin:/sbin:/bin:/usr/games:/usr/local/games:/snap/bin:/usr/lib/jvm/java-12-oracle/bin:/usr/lib/jvm/java-12-oracle/db/bin
USERNAME=rflachlan
SHELL=/bin/bash
DISPLAY=:0

Signal Handlers:
SIGSEGV: [libjvm.so+0xe45640], sa_mask[0]=11111111011111111101111111111110, sa_flags=SA_RESTART|SA_SIGINFO
SIGBUS: [libjvm.so+0xe45640], sa_mask[0]=11111111011111111101111111111110, sa_flags=SA_RESTART|SA_SIGINFO
SIGFPE: [libjvm.so+0xe45640], sa_mask[0]=11111111011111111101111111111110, sa_flags=SA_RESTART|SA_SIGINFO
SIGPIPE: [libjvm.so+0xbf4b50], sa_mask[0]=11111111011111111101111111111110, sa_flags=SA_RESTART|SA_SIGINFO
SIGXFSZ: [libjvm.so+0xbf4b50], sa_mask[0]=11111111011111111101111111111110, sa_flags=SA_RESTART|SA_SIGINFO
SIGILL: [libjvm.so+0xe45640], sa_mask[0]=11111111011111111101111111111110, sa_flags=SA_RESTART|SA_SIGINFO
SIGUSR2: [libjvm.so+0xbf49f0], sa_mask[0]=00100000000000000000000000000000, sa_flags=SA_RESTART|SA_SIGINFO
SIGHUP: [libjvm.so+0xbf4d50], sa_mask[0]=11111111011111111101111111111110, sa_flags=SA_RESTART|SA_SIGINFO
SIGINT: SIG_IGN, sa_mask[0]=00000000000000000000000000000000, sa_flags=none
SIGTERM: [libjvm.so+0xbf4d50], sa_mask[0]=11111111011111111101111111111110, sa_flags=SA_RESTART|SA_SIGINFO
SIGQUIT: [libjvm.so+0xbf4d50], sa_mask[0]=11111111011111111101111111111110, sa_flags=SA_RESTART|SA_SIGINFO


---------------  S Y S T E M  ---------------

OS:DISTRIB_ID=Ubuntu
DISTRIB_RELEASE=18.04
DISTRIB_CODENAME=bionic
DISTRIB_DESCRIPTION="Ubuntu 18.04.2 LTS"
uname:Linux 4.15.0-51-generic #55-Ubuntu SMP Wed May 15 14:27:21 UTC 2019 x86_64
libc:glibc 2.27 NPTL 2.27 
rlimit: STACK 8192k, CORE 0k, NPROC 256634, NOFILE 4096, AS infinity, DATA infinity, FSIZE infinity
load average:114.66 47.28 19.42

/proc/meminfo:
MemTotal:       65882016 kB
MemFree:         1896720 kB
MemAvailable:    1763528 kB
Buffers:           10080 kB
Cached:           424944 kB
SwapCached:         1724 kB
Active:         58776412 kB
Inactive:        3690100 kB
Active(anon):   58695340 kB
Inactive(anon):  3504180 kB
Active(file):      81072 kB
Inactive(file):   185920 kB
Unevictable:          16 kB
Mlocked:              16 kB
SwapTotal:       2097148 kB
SwapFree:           4448 kB
Dirty:              3332 kB
Writeback:             0 kB
AnonPages:      62030768 kB
Mapped:           150044 kB
Shmem:            167744 kB
Slab:             712996 kB
SReclaimable:     182960 kB
SUnreclaim:       530036 kB
KernelStack:       87072 kB
PageTables:       237832 kB
NFS_Unstable:          0 kB
Bounce:                0 kB
WritebackTmp:          0 kB
CommitLimit:    35038156 kB
Committed_AS:   101181468 kB
VmallocTotal:   34359738367 kB
VmallocUsed:           0 kB
VmallocChunk:          0 kB
HardwareCorrupted:     0 kB
AnonHugePages:         0 kB
ShmemHugePages:        0 kB
ShmemPmdMapped:        0 kB
CmaTotal:              0 kB
CmaFree:               0 kB
HugePages_Total:       0
HugePages_Free:        0
HugePages_Rsvd:        0
HugePages_Surp:        0
Hugepagesize:       2048 kB
DirectMap4k:      795672 kB
DirectMap2M:    46260224 kB
DirectMap1G:    19922944 kB


/proc/sys/kernel/threads-max (system-wide limit on the number of threads):
513269


/proc/sys/vm/max_map_count (maximum number of memory map areas a process may have):
65530


/proc/sys/kernel/pid_max (system-wide limit on number of process identifiers):
131072



container (cgroup) information:
container_type: cgroupv1
cpu_cpuset_cpus: 0-63
cpu_memory_nodes: 0,2
active_processor_count: 64
cpu_quota: -1
cpu_period: 100000
cpu_shares: -1
memory_limit_in_bytes: -1
memory_and_swap_limit_in_bytes: -2
memory_soft_limit_in_bytes: -1
memory_usage_in_bytes: 63980695552
memory_max_usage_in_bytes: 536731086848


CPU:total 64 (initial active 64) (64 cores per cpu, 2 threads per core) family 23 model 8 stepping 2, cmov, cx8, fxsr, mmx, sse, sse2, sse3, ssse3, sse4.1, sse4.2, popcnt, avx, avx2, aes, clmul, mmxext, 3dnowpref, lzcnt, sse4a, ht, tsc, tscinvbit, tscinv, bmi1, bmi2, adx, sha, fma
CPU Model and flags from /proc/cpuinfo:
model name	: AMD Ryzen Threadripper 2990WX 32-Core Processor
flags		: fpu vme de pse tsc msr pae mce cx8 apic sep mtrr pge mca cmov pat pse36 clflush mmx fxsr sse sse2 ht syscall nx mmxext fxsr_opt pdpe1gb rdtscp lm constant_tsc rep_good nopl nonstop_tsc cpuid extd_apicid amd_dcm aperfmperf pni pclmulqdq monitor ssse3 fma cx16 sse4_1 sse4_2 movbe popcnt aes xsave avx f16c rdrand lahf_lm cmp_legacy svm extapic cr8_legacy abm sse4a misalignsse 3dnowprefetch osvw skinit wdt tce topoext perfctr_core perfctr_nb bpext perfctr_llc mwaitx cpb hw_pstate sme ssbd ibpb vmmcall fsgsbase bmi1 avx2 smep bmi2 rdseed adx smap clflushopt sha_ni xsaveopt xsavec xgetbv1 xsaves clzero irperf xsaveerptr arat npt lbrv svm_lock nrip_save tsc_scale vmcb_clean flushbyasid decodeassists pausefilter pfthreshold avic v_vmsave_vmload vgif overflow_recov succor smca

Memory: 4k page, physical 65882016k(1896720k free), swap 2097148k(4448k free)

vm_info: Java HotSpot(TM) 64-Bit Server VM (12.0.1+12) for linux-amd64 JRE (12.0.1+12), built on Apr  1 2019 23:46:14 by "mach5one" with gcc 7.3.0

END.
