#
# There is insufficient memory for the Java Runtime Environment to continue.
# Native memory allocation (mmap) failed to map 272629760 bytes for committing reserved memory.
# Possible reasons:
#   The system is out of physical RAM or swap space
#   The process is running with CompressedOops enabled, and the Java Heap may be blocking the growth of the native heap
# Possible solutions:
#   Reduce memory load on the system
#   Increase physical memory or swap space
#   Check if swap backing store is full
#   Decrease Java heap size (-Xmx/-Xms)
#   Decrease number of Java threads
#   Decrease Java thread stack sizes (-Xss)
#   Set larger code cache with -XX:ReservedCodeCacheSize=
#   JVM is running with Zero Based Compressed Oops mode in which the Java heap is
#     placed in the first 32GB address space. The Java Heap base address is the
#     maximum limit for the native heap growth. Please use -XX:HeapBaseMinAddress
#     to set the Java Heap base and to place the Java Heap above 32GB virtual address.
# This output file may be truncated or incomplete.
#
#  Out of Memory Error (os_linux.cpp:2659), pid=37402, tid=37612
#
# JRE version: Java(TM) SE Runtime Environment (12.0.2+10) (build 12.0.2+10)
# Java VM: Java HotSpot(TM) 64-Bit Server VM (12.0.2+10, mixed mode, sharing, tiered, compressed oops, g1 gc, linux-amd64)
# Core dump will be written. Default location: Core dumps may be processed with "/usr/share/apport/apport %p %s %c %d %P" (or dumping to /home/rflachlan/NetBeansProjects/ChaffinchABC/core.37402)
#

---------------  S U M M A R Y ------------

Command Line: /home/rflachlan/Dropbox/ChaffTenerife//ChaffinchABC.jar 209 23 0 5112385986520671093 /home/rflachlan/Dropbox/ChaffTenerife/

Host: AMD Ryzen Threadripper 2990WX 32-Core Processor, 64 cores, 62G, Ubuntu 18.04.2 LTS
Time: Wed Aug 21 11:13:50 2019 BST elapsed time: 863 seconds (0d 0h 14m 23s)

---------------  T H R E A D  ---------------

Current thread (0x00007f4e80327000):  VMThread "VM Thread" [stack: 0x00007f4e3175e000,0x00007f4e3185e000] [id=37612]

Stack: [0x00007f4e3175e000,0x00007f4e3185e000],  sp=0x00007f4e3185bf40,  free space=1015k
Native frames: (J=compiled Java code, A=aot compiled Java code, j=interpreted, Vv=VM code, C=native code)
V  [libjvm.so+0xe429e0]  VMError::report_and_die(int, char const*, char const*, __va_list_tag*, Thread*, unsigned char*, void*, void*, char const*, int, unsigned long)+0x310
V  [libjvm.so+0xe435ab]  VMError::report_and_die(Thread*, char const*, int, unsigned long, VMErrorType, char const*, __va_list_tag*)+0x2b
V  [libjvm.so+0x65d4b5]  report_vm_out_of_memory(char const*, int, unsigned long, VMErrorType, char const*, ...)+0xd5
V  [libjvm.so+0xbf7f38]  os::pd_commit_memory_or_exit(char*, unsigned long, unsigned long, bool, char const*)+0x108
V  [libjvm.so+0xbef71d]  os::commit_memory_or_exit(char*, unsigned long, unsigned long, bool, char const*)+0x1d
V  [libjvm.so+0x786ecc]  G1PageBasedVirtualSpace::commit_preferred_pages(unsigned long, unsigned long)+0x6c
V  [libjvm.so+0x787264]  G1PageBasedVirtualSpace::commit(unsigned long, unsigned long)+0x154
V  [libjvm.so+0x795030]  G1RegionsLargerThanCommitSizeMapper::commit_regions(unsigned int, unsigned long, WorkGang*)+0x40
V  [libjvm.so+0x8164b0]  HeapRegionManager::commit_regions(unsigned int, unsigned long, WorkGang*)+0x80
V  [libjvm.so+0x81720f]  HeapRegionManager::make_regions_available(unsigned int, unsigned int, WorkGang*)+0x3f
V  [libjvm.so+0x817789]  HeapRegionManager::expand_at(unsigned int, unsigned int, WorkGang*)+0x119
V  [libjvm.so+0x73c5f0]  G1CollectedHeap::expand(unsigned long, WorkGang*, double*)+0xe0
V  [libjvm.so+0x741b12]  G1CollectedHeap::do_collection_pause_at_safepoint(double)+0x9d2
V  [libjvm.so+0x7a8521]  VM_G1CollectForAllocation::doit()+0x81
V  [libjvm.so+0xe44fc7]  VM_Operation::evaluate()+0xe7
V  [libjvm.so+0xe4aebf]  VMThread::evaluate_operation(VM_Operation*) [clone .constprop.63]+0xff
V  [libjvm.so+0xe4b421]  VMThread::loop()+0x411
V  [libjvm.so+0xe4b873]  VMThread::run()+0x73
V  [libjvm.so+0xdd0b8f]  Thread::call_run()+0x16f
V  [libjvm.so+0xbfdc6e]  thread_native_entry(Thread*)+0xee

VM_Operation (0x00007f4e8a68d460): G1CollectForAllocation, mode: safepoint, requested by thread 0x00007f4e80012800


---------------  P R O C E S S  ---------------

Threads class SMR info:
_java_thread_list=0x00007f4de8176350, length=9, elements={
0x00007f4e80012800, 0x00007f4e8032a000, 0x00007f4e8032c000, 0x00007f4e80331000,
0x00007f4e80333800, 0x00007f4e8033d800, 0x00007f4e8033f800, 0x00007f4e8036e800,
0x00007f4e80373800
}

Java Threads: ( => current thread )
  0x00007f4e80012800 JavaThread "main" [_thread_blocked, id=37437, stack(0x00007f4e8a58e000,0x00007f4e8a68f000)]
  0x00007f4e8032a000 JavaThread "Reference Handler" daemon [_thread_blocked, id=37634, stack(0x00007f4e3165b000,0x00007f4e3175c000)]
  0x00007f4e8032c000 JavaThread "Finalizer" daemon [_thread_blocked, id=37706, stack(0x00007f4e3155a000,0x00007f4e3165b000)]
  0x00007f4e80331000 JavaThread "Signal Dispatcher" daemon [_thread_blocked, id=37736, stack(0x00007f4e30a8a000,0x00007f4e30b8b000)]
  0x00007f4e80333800 JavaThread "C2 CompilerThread0" daemon [_thread_blocked, id=37740, stack(0x00007f4e30989000,0x00007f4e30a8a000)]
  0x00007f4e8033d800 JavaThread "C1 CompilerThread0" daemon [_thread_blocked, id=37745, stack(0x00007f4e30888000,0x00007f4e30989000)]
  0x00007f4e8033f800 JavaThread "Sweeper thread" daemon [_thread_blocked, id=37749, stack(0x00007f4e30787000,0x00007f4e30888000)]
  0x00007f4e8036e800 JavaThread "Service Thread" daemon [_thread_blocked, id=37863, stack(0x00007f4e30585000,0x00007f4e30686000)]
  0x00007f4e80373800 JavaThread "Common-Cleaner" daemon [_thread_blocked, id=37912, stack(0x00007f4e30382000,0x00007f4e30483000)]

Other Threads:
=>0x00007f4e80327000 VMThread "VM Thread" [stack: 0x00007f4e3175e000,0x00007f4e3185e000] [id=37612]
  0x00007f4e80371000 WatcherThread [stack: 0x00007f4e30485000,0x00007f4e30585000] [id=37894]
  0x00007f4e8006e800 GCTaskThread "GC Thread#0" [stack: 0x00007f4e43088000,0x00007f4e43188000] [id=37499]
  0x00007f4e28001000 GCTaskThread "GC Thread#1" [stack: 0x00007f4dfb6aa000,0x00007f4dfb7aa000] [id=38605]
  0x00007f4e28002000 GCTaskThread "GC Thread#2" [stack: 0x00007f4dfb5a8000,0x00007f4dfb6a8000] [id=38615]
  0x00007f4e28003000 GCTaskThread "GC Thread#3" [stack: 0x00007f4dfb4a6000,0x00007f4dfb5a6000] [id=38623]
  0x00007f4e28004000 GCTaskThread "GC Thread#4" [stack: 0x00007f4dfb3a4000,0x00007f4dfb4a4000] [id=38634]
  0x00007f4e28005800 GCTaskThread "GC Thread#5" [stack: 0x00007f4dfb2a2000,0x00007f4dfb3a2000] [id=38647]
  0x00007f4e28007000 GCTaskThread "GC Thread#6" [stack: 0x00007f4dfb1a0000,0x00007f4dfb2a0000] [id=38658]
  0x00007f4e28008800 GCTaskThread "GC Thread#7" [stack: 0x00007f4dfb09e000,0x00007f4dfb19e000] [id=38660]
  0x00007f4e2800a800 GCTaskThread "GC Thread#8" [stack: 0x00007f4dfaf9c000,0x00007f4dfb09c000] [id=38678]
  0x00007f4e2800c000 GCTaskThread "GC Thread#9" [stack: 0x00007f4dfae9a000,0x00007f4dfaf9a000] [id=38688]
  0x00007f4e2800d800 GCTaskThread "GC Thread#10" [stack: 0x00007f4dfad98000,0x00007f4dfae98000] [id=38705]
  0x00007f4e2800f000 GCTaskThread "GC Thread#11" [stack: 0x00007f4dfac96000,0x00007f4dfad96000] [id=38713]
  0x00007f4e28010800 GCTaskThread "GC Thread#12" [stack: 0x00007f4dfab94000,0x00007f4dfac94000] [id=38719]
  0x00007f4e28012000 GCTaskThread "GC Thread#13" [stack: 0x00007f4dfaa92000,0x00007f4dfab92000] [id=38725]
  0x00007f4e28013800 GCTaskThread "GC Thread#14" [stack: 0x00007f4dfa990000,0x00007f4dfaa90000] [id=38731]
  0x00007f4e28015000 GCTaskThread "GC Thread#15" [stack: 0x00007f4dfa88e000,0x00007f4dfa98e000] [id=38736]
  0x00007f4e28016800 GCTaskThread "GC Thread#16" [stack: 0x00007f4dfa78c000,0x00007f4dfa88c000] [id=38741]
  0x00007f4e28018000 GCTaskThread "GC Thread#17" [stack: 0x00007f4dfa68a000,0x00007f4dfa78a000] [id=38743]
  0x00007f4e28019800 GCTaskThread "GC Thread#18" [stack: 0x00007f4dfa588000,0x00007f4dfa688000] [id=38745]
  0x00007f4e2801b000 GCTaskThread "GC Thread#19" [stack: 0x00007f4dfa486000,0x00007f4dfa586000] [id=38747]
  0x00007f4e2801c800 GCTaskThread "GC Thread#20" [stack: 0x00007f4dfa384000,0x00007f4dfa484000] [id=38749]
  0x00007f4e2801e000 GCTaskThread "GC Thread#21" [stack: 0x00007f4dfa282000,0x00007f4dfa382000] [id=38750]
  0x00007f4e2801f800 GCTaskThread "GC Thread#22" [stack: 0x00007f4dfa180000,0x00007f4dfa280000] [id=38753]
  0x00007f4e28021000 GCTaskThread "GC Thread#23" [stack: 0x00007f4dfa07e000,0x00007f4dfa17e000] [id=38756]
  0x00007f4e28071800 GCTaskThread "GC Thread#24" [stack: 0x00007f4df8d58000,0x00007f4df8e58000] [id=39189]
  0x00007f4e28072800 GCTaskThread "GC Thread#25" [stack: 0x00007f4df8c56000,0x00007f4df8d56000] [id=39190]
  0x00007f4e28074000 GCTaskThread "GC Thread#26" [stack: 0x00007f4df8b54000,0x00007f4df8c54000] [id=39191]
  0x00007f4e28075800 GCTaskThread "GC Thread#27" [stack: 0x00007f4df8a52000,0x00007f4df8b52000] [id=39192]
  0x00007f4e28077800 GCTaskThread "GC Thread#28" [stack: 0x00007f4df8950000,0x00007f4df8a50000] [id=39193]
  0x00007f4e280cd000 GCTaskThread "GC Thread#29" [stack: 0x00007f4df884e000,0x00007f4df894e000] [id=39397]
  0x00007f4e280ce800 GCTaskThread "GC Thread#30" [stack: 0x00007f4df874c000,0x00007f4df884c000] [id=39398]
  0x00007f4e280cf800 GCTaskThread "GC Thread#31" [stack: 0x00007f4df864a000,0x00007f4df874a000] [id=39399]
  0x00007f4e280d1000 GCTaskThread "GC Thread#32" [stack: 0x00007f4df8548000,0x00007f4df8648000] [id=39400]
  0x00007f4e280d3000 GCTaskThread "GC Thread#33" [stack: 0x00007f4df8446000,0x00007f4df8546000] [id=39401]
  0x00007f4e280d4800 GCTaskThread "GC Thread#34" [stack: 0x00007f4df8344000,0x00007f4df8444000] [id=39402]
  0x00007f4e80088800 ConcurrentGCThread "G1 Main Marker" [stack: 0x00007f4e42f86000,0x00007f4e43086000] [id=37505]
  0x00007f4e8008a000 ConcurrentGCThread "G1 Conc#0" [stack: 0x00007f4e42e84000,0x00007f4e42f84000] [id=37521]
  0x00007f4e34001000 ConcurrentGCThread "G1 Conc#1" [stack: 0x00007f4df8242000,0x00007f4df8342000] [id=39595]
  0x00007f4e34002800 ConcurrentGCThread "G1 Conc#2" [stack: 0x00007f4df8140000,0x00007f4df8240000] [id=39596]
  0x00007f4e34004000 ConcurrentGCThread "G1 Conc#3" [stack: 0x00007f4df803e000,0x00007f4df813e000] [id=39597]
  0x00007f4e34005800 ConcurrentGCThread "G1 Conc#4" [stack: 0x00007f4d1bf00000,0x00007f4d1c000000] [id=39598]
  0x00007f4e34007000 ConcurrentGCThread "G1 Conc#5" [stack: 0x00007f4d1bdfe000,0x00007f4d1befe000] [id=39599]
  0x00007f4e34008800 ConcurrentGCThread "G1 Conc#6" [stack: 0x00007f4d1bcfc000,0x00007f4d1bdfc000] [id=39600]
  0x00007f4e3400a800 ConcurrentGCThread "G1 Conc#7" [stack: 0x00007f4d1bbfa000,0x00007f4d1bcfa000] [id=39601]
  0x00007f4e3400c800 ConcurrentGCThread "G1 Conc#8" [stack: 0x00007f4d1baf8000,0x00007f4d1bbf8000] [id=39602]
  0x00007f4e3400e000 ConcurrentGCThread "G1 Conc#9" [stack: 0x00007f4d1b9f6000,0x00007f4d1baf6000] [id=39603]
  0x00007f4e34010000 ConcurrentGCThread "G1 Conc#10" [stack: 0x00007f4d1b8f4000,0x00007f4d1b9f4000] [id=39604]
  0x00007f4e802a5800 ConcurrentGCThread "G1 Refine#0" [stack: 0x00007f4e321e3000,0x00007f4e322e3000] [id=37565]
  0x00007f4e2c001000 ConcurrentGCThread "G1 Refine#1" [stack: 0x00007f4df9f7c000,0x00007f4dfa07c000] [id=38976]
  0x00007f4de8032800 ConcurrentGCThread "G1 Refine#2" [stack: 0x00007f4df9e7a000,0x00007f4df9f7a000] [id=38977]
  0x00007f4df00dc800 ConcurrentGCThread "G1 Refine#3" [stack: 0x00007f4df9d78000,0x00007f4df9e78000] [id=38978]
  0x00007f4d84002800 ConcurrentGCThread "G1 Refine#4" [stack: 0x00007f4df9c76000,0x00007f4df9d76000] [id=38979]
  0x00007f4d88001000 ConcurrentGCThread "G1 Refine#5" [stack: 0x00007f4df9b74000,0x00007f4df9c74000] [id=38980]
  0x00007f4e040ca000 ConcurrentGCThread "G1 Refine#6" [stack: 0x00007f4df9a72000,0x00007f4df9b72000] [id=38981]
  0x00007f4df416a000 ConcurrentGCThread "G1 Refine#7" [stack: 0x00007f4df9970000,0x00007f4df9a70000] [id=38982]
  0x00007f4dec002000 ConcurrentGCThread "G1 Refine#8" [stack: 0x00007f4df986e000,0x00007f4df996e000] [id=38983]
  0x00007f4d7c001000 ConcurrentGCThread "G1 Refine#9" [stack: 0x00007f4df976c000,0x00007f4df986c000] [id=38984]
  0x00007f4d80001000 ConcurrentGCThread "G1 Refine#10" [stack: 0x00007f4df966a000,0x00007f4df976a000] [id=38985]
  0x00007f4d74001000 ConcurrentGCThread "G1 Refine#11" [stack: 0x00007f4df9568000,0x00007f4df9668000] [id=38986]
  0x00007f4d78001000 ConcurrentGCThread "G1 Refine#12" [stack: 0x00007f4df9466000,0x00007f4df9566000] [id=38987]
  0x00007f4d6c001000 ConcurrentGCThread "G1 Refine#13" [stack: 0x00007f4df9364000,0x00007f4df9464000] [id=38988]
  0x00007f4d70001000 ConcurrentGCThread "G1 Refine#14" [stack: 0x00007f4df9262000,0x00007f4df9362000] [id=38989]
  0x00007f4d64001000 ConcurrentGCThread "G1 Refine#15" [stack: 0x00007f4df9160000,0x00007f4df9260000] [id=38995]
  0x00007f4d68001000 ConcurrentGCThread "G1 Refine#16" [stack: 0x00007f4df905e000,0x00007f4df915e000] [id=38996]
  0x00007f4d5c001000 ConcurrentGCThread "G1 Refine#17" [stack: 0x00007f4df8f5c000,0x00007f4df905c000] [id=38997]
  0x00007f4d60001000 ConcurrentGCThread "G1 Refine#18" [stack: 0x00007f4df8e5a000,0x00007f4df8f5a000] [id=38998]
  0x00007f4e802a7000 ConcurrentGCThread "G1 Young RemSet Sampling" [stack: 0x00007f4e320e1000,0x00007f4e321e1000] [id=37570]

Threads with active compile tasks:

VM state:at safepoint (normal execution)

VM Mutex/Monitor currently owned by a thread:  ([mutex/lock_event])
[0x00007f4e8000e5a0] Threads_lock - owner thread: 0x00007f4e80327000
[0x00007f4e8000ed80] Heap_lock - owner thread: 0x00007f4e80012800

Heap address: 0x0000000412800000, size: 16088 MB, Compressed Oops mode: Zero based, Oop shift amount: 3
Narrow klass base: 0x0000000800000000, Narrow klass shift: 3
Compressed class space size: 1073741824 Address: 0x000000080110c000

Heap:
 garbage-first heap   total 1163264K, used 389998K [0x0000000412800000, 0x0000000800000000)
  region size 4096K, 9 young (36864K), 9 survivors (36864K)
 Metaspace       used 1098K, capacity 5017K, committed 5376K, reserved 1056768K
  class space    used 56K, capacity 424K, committed 512K, reserved 1048576K
Heap Regions: E=young(eden), S=young(survivor), O=old, HS=humongous(starts), HC=humongous(continues), CS=collection set, F=free, A=archive, TAMS=top-at-mark-start (previous, next)
|   0|0x0000000412800000, 0x0000000412bfffd0, 0x0000000412c00000| 99%| O|  |TAMS 0x0000000412bfffd0, 0x0000000412800000| Untracked 
|   1|0x0000000412c00000, 0x0000000412fffff0, 0x0000000413000000| 99%| O|  |TAMS 0x0000000412fffff0, 0x0000000412c00000| Untracked 
|   2|0x0000000413000000, 0x00000004133ffff8, 0x0000000413400000| 99%| O|  |TAMS 0x00000004133ffff8, 0x0000000413000000| Untracked 
|   3|0x0000000413400000, 0x0000000413800000, 0x0000000413800000|100%| O|  |TAMS 0x0000000413800000, 0x0000000413400000| Untracked 
|   4|0x0000000413800000, 0x0000000413bfffe0, 0x0000000413c00000| 99%| O|  |TAMS 0x0000000413bfffe0, 0x0000000413800000| Untracked 
|   5|0x0000000413c00000, 0x0000000413fffff0, 0x0000000414000000| 99%| O|  |TAMS 0x0000000413fffff0, 0x0000000413c00000| Untracked 
|   6|0x0000000414000000, 0x00000004143fffe0, 0x0000000414400000| 99%| O|  |TAMS 0x00000004143fffe0, 0x0000000414000000| Untracked 
|   7|0x0000000414400000, 0x00000004147fffd0, 0x0000000414800000| 99%| O|  |TAMS 0x00000004147fffd0, 0x0000000414400000| Untracked 
|   8|0x0000000414800000, 0x0000000414bffff8, 0x0000000414c00000| 99%| O|  |TAMS 0x0000000414bffff8, 0x0000000414800000| Untracked 
|   9|0x0000000414c00000, 0x0000000414ffffe0, 0x0000000415000000| 99%| O|  |TAMS 0x0000000414ffffe0, 0x0000000414c00000| Untracked 
|  10|0x0000000415000000, 0x00000004153fffe8, 0x0000000415400000| 99%| O|  |TAMS 0x00000004153fffe8, 0x0000000415000000| Untracked 
|  11|0x0000000415400000, 0x00000004157fffc8, 0x0000000415800000| 99%| O|  |TAMS 0x00000004157fffc8, 0x0000000415400000| Untracked 
|  12|0x0000000415800000, 0x0000000415bfffe8, 0x0000000415c00000| 99%| O|  |TAMS 0x0000000415bfffe8, 0x0000000415800000| Untracked 
|  13|0x0000000415c00000, 0x0000000415ffffd0, 0x0000000416000000| 99%| O|  |TAMS 0x0000000415ffffd0, 0x0000000415c00000| Untracked 
|  14|0x0000000416000000, 0x00000004163fffe0, 0x0000000416400000| 99%| O|  |TAMS 0x00000004163fffe0, 0x0000000416000000| Untracked 
|  15|0x0000000416400000, 0x00000004167fffd8, 0x0000000416800000| 99%| O|  |TAMS 0x00000004167fffd8, 0x0000000416400000| Untracked 
|  16|0x0000000416800000, 0x0000000416bfffd8, 0x0000000416c00000| 99%| O|  |TAMS 0x0000000416bfffd8, 0x0000000416800000| Untracked 
|  17|0x0000000416c00000, 0x0000000416ffffc8, 0x0000000417000000| 99%| O|  |TAMS 0x0000000416ffffc8, 0x0000000416c00000| Untracked 
|  18|0x0000000417000000, 0x0000000417400000, 0x0000000417400000|100%| O|  |TAMS 0x0000000417400000, 0x0000000417000000| Untracked 
|  19|0x0000000417400000, 0x00000004177fffd0, 0x0000000417800000| 99%| O|  |TAMS 0x00000004177fffd0, 0x0000000417400000| Untracked 
|  20|0x0000000417800000, 0x0000000417bfffd8, 0x0000000417c00000| 99%| O|  |TAMS 0x0000000417bfffd8, 0x0000000417800000| Untracked 
|  21|0x0000000417c00000, 0x0000000417ffffc8, 0x0000000418000000| 99%| O|  |TAMS 0x0000000417ffffc8, 0x0000000417c00000| Untracked 
|  22|0x0000000418000000, 0x0000000418400000, 0x0000000418400000|100%| O|  |TAMS 0x0000000418400000, 0x0000000418000000| Untracked 
|  23|0x0000000418400000, 0x00000004187ffff0, 0x0000000418800000| 99%| O|  |TAMS 0x00000004187ffff0, 0x0000000418400000| Untracked 
|  24|0x0000000418800000, 0x0000000418bffff8, 0x0000000418c00000| 99%| O|  |TAMS 0x0000000418bffff8, 0x0000000418800000| Untracked 
|  25|0x0000000418c00000, 0x0000000418ffffd0, 0x0000000419000000| 99%| O|  |TAMS 0x0000000418ffffd0, 0x0000000418c00000| Untracked 
|  26|0x0000000419000000, 0x00000004192e82f0, 0x0000000419400000| 72%| O|  |TAMS 0x00000004192e82f0, 0x0000000419000000| Untracked 
|  27|0x0000000419400000, 0x00000004197ffff8, 0x0000000419800000| 99%| O|  |TAMS 0x00000004197ffff8, 0x0000000419400000| Untracked 
|  28|0x0000000419800000, 0x0000000419bffff8, 0x0000000419c00000| 99%| O|  |TAMS 0x0000000419bffff8, 0x0000000419800000| Untracked 
|  29|0x0000000419c00000, 0x0000000419ffffe0, 0x000000041a000000| 99%| O|  |TAMS 0x0000000419ffffe0, 0x0000000419c00000| Untracked 
|  30|0x000000041a000000, 0x000000041a3d45e0, 0x000000041a400000| 95%| O|  |TAMS 0x000000041a3d45e0, 0x000000041a000000| Untracked 
|  31|0x000000041a400000, 0x000000041a800000, 0x000000041a800000|100%| O|  |TAMS 0x000000041a800000, 0x000000041a400000| Untracked 
|  32|0x000000041a800000, 0x000000041abb4d30, 0x000000041ac00000| 92%| O|  |TAMS 0x000000041abb4d30, 0x000000041a800000| Untracked 
|  33|0x000000041ac00000, 0x000000041b000000, 0x000000041b000000|100%| O|  |TAMS 0x000000041b000000, 0x000000041ac00000| Untracked 
|  34|0x000000041b000000, 0x000000041b400000, 0x000000041b400000|100%| O|  |TAMS 0x000000041b400000, 0x000000041b000000| Untracked 
|  35|0x000000041b400000, 0x000000041b800000, 0x000000041b800000|100%| O|  |TAMS 0x000000041b400000, 0x000000041b400000| Untracked 
|  36|0x000000041b800000, 0x000000041bc00000, 0x000000041bc00000|100%| O|  |TAMS 0x000000041bc00000, 0x000000041b800000| Untracked 
|  37|0x000000041bc00000, 0x000000041c000000, 0x000000041c000000|100%| O|  |TAMS 0x000000041c000000, 0x000000041bc00000| Untracked 
|  38|0x000000041c000000, 0x000000041c400000, 0x000000041c400000|100%| O|  |TAMS 0x000000041c400000, 0x000000041c000000| Untracked 
|  39|0x000000041c400000, 0x000000041c800000, 0x000000041c800000|100%| O|  |TAMS 0x000000041c800000, 0x000000041c400000| Untracked 
|  40|0x000000041c800000, 0x000000041cc00000, 0x000000041cc00000|100%| O|  |TAMS 0x000000041cc00000, 0x000000041c800000| Untracked 
|  41|0x000000041cc00000, 0x000000041d000000, 0x000000041d000000|100%| O|  |TAMS 0x000000041d000000, 0x000000041cc00000| Untracked 
|  42|0x000000041d000000, 0x000000041d400000, 0x000000041d400000|100%| O|  |TAMS 0x000000041d400000, 0x000000041d000000| Untracked 
|  43|0x000000041d400000, 0x000000041d800000, 0x000000041d800000|100%| O|  |TAMS 0x000000041d800000, 0x000000041d400000| Untracked 
|  44|0x000000041d800000, 0x000000041dc00000, 0x000000041dc00000|100%| O|  |TAMS 0x000000041dc00000, 0x000000041d800000| Untracked 
|  45|0x000000041dc00000, 0x000000041e000000, 0x000000041e000000|100%| O|  |TAMS 0x000000041e000000, 0x000000041dc00000| Untracked 
|  46|0x000000041e000000, 0x000000041e400000, 0x000000041e400000|100%| O|  |TAMS 0x000000041e400000, 0x000000041e000000| Untracked 
|  47|0x000000041e400000, 0x000000041e800000, 0x000000041e800000|100%| O|  |TAMS 0x000000041e800000, 0x000000041e400000| Untracked 
|  48|0x000000041e800000, 0x000000041ec00000, 0x000000041ec00000|100%| O|  |TAMS 0x000000041ec00000, 0x000000041e800000| Untracked 
|  49|0x000000041ec00000, 0x000000041f000000, 0x000000041f000000|100%| O|  |TAMS 0x000000041f000000, 0x000000041ec00000| Untracked 
|  50|0x000000041f000000, 0x000000041f400000, 0x000000041f400000|100%| O|  |TAMS 0x000000041f400000, 0x000000041f000000| Untracked 
|  51|0x000000041f400000, 0x000000041f800000, 0x000000041f800000|100%| O|  |TAMS 0x000000041f800000, 0x000000041f400000| Untracked 
|  52|0x000000041f800000, 0x000000041fc00000, 0x000000041fc00000|100%| O|  |TAMS 0x000000041fc00000, 0x000000041f800000| Untracked 
|  53|0x000000041fc00000, 0x0000000420000000, 0x0000000420000000|100%| O|  |TAMS 0x0000000420000000, 0x000000041fc00000| Untracked 
|  54|0x0000000420000000, 0x0000000420400000, 0x0000000420400000|100%| O|  |TAMS 0x0000000420400000, 0x0000000420000000| Untracked 
|  55|0x0000000420400000, 0x0000000420800000, 0x0000000420800000|100%| O|  |TAMS 0x0000000420800000, 0x0000000420400000| Untracked 
|  56|0x0000000420800000, 0x0000000420c00000, 0x0000000420c00000|100%| O|  |TAMS 0x0000000420c00000, 0x0000000420800000| Untracked 
|  57|0x0000000420c00000, 0x0000000421000000, 0x0000000421000000|100%| O|  |TAMS 0x0000000421000000, 0x0000000420c00000| Untracked 
|  58|0x0000000421000000, 0x0000000421400000, 0x0000000421400000|100%| O|  |TAMS 0x0000000421400000, 0x0000000421000000| Untracked 
|  59|0x0000000421400000, 0x0000000421800000, 0x0000000421800000|100%| O|  |TAMS 0x0000000421400000, 0x0000000421400000| Untracked 
|  60|0x0000000421800000, 0x0000000421c00000, 0x0000000421c00000|100%| O|  |TAMS 0x0000000421800000, 0x0000000421800000| Untracked 
|  61|0x0000000421c00000, 0x0000000422000000, 0x0000000422000000|100%| O|  |TAMS 0x0000000421c00000, 0x0000000421c00000| Untracked 
|  62|0x0000000422000000, 0x0000000422400000, 0x0000000422400000|100%| O|  |TAMS 0x0000000422000000, 0x0000000422000000| Untracked 
|  63|0x0000000422400000, 0x0000000422800000, 0x0000000422800000|100%| O|  |TAMS 0x0000000422400000, 0x0000000422400000| Untracked 
|  64|0x0000000422800000, 0x0000000422c00000, 0x0000000422c00000|100%| O|  |TAMS 0x0000000422800000, 0x0000000422800000| Untracked 
|  65|0x0000000422c00000, 0x0000000423000000, 0x0000000423000000|100%| O|  |TAMS 0x0000000422c00000, 0x0000000422c00000| Untracked 
|  66|0x0000000423000000, 0x0000000423400000, 0x0000000423400000|100%| O|  |TAMS 0x0000000423000000, 0x0000000423000000| Untracked 
|  67|0x0000000423400000, 0x0000000423800000, 0x0000000423800000|100%| O|  |TAMS 0x0000000423400000, 0x0000000423400000| Untracked 
|  68|0x0000000423800000, 0x0000000423c00000, 0x0000000423c00000|100%| O|  |TAMS 0x0000000423c00000, 0x0000000423800000| Untracked 
|  69|0x0000000423c00000, 0x0000000424000000, 0x0000000424000000|100%| O|  |TAMS 0x0000000423c00000, 0x0000000423c00000| Untracked 
|  70|0x0000000424000000, 0x00000004242af800, 0x0000000424400000| 67%| O|  |TAMS 0x0000000424000000, 0x0000000424000000| Untracked 
|  71|0x0000000424400000, 0x0000000424400000, 0x0000000424800000|  0%| F|  |TAMS 0x0000000424400000, 0x0000000424400000| Untracked 
|  72|0x0000000424800000, 0x0000000424800000, 0x0000000424c00000|  0%| F|  |TAMS 0x0000000424800000, 0x0000000424800000| Untracked 
|  73|0x0000000424c00000, 0x0000000424c00000, 0x0000000425000000|  0%| F|  |TAMS 0x0000000424c00000, 0x0000000424c00000| Untracked 
|  74|0x0000000425000000, 0x0000000425400000, 0x0000000425400000|100%| O|  |TAMS 0x0000000425400000, 0x0000000425000000| Untracked 
|  75|0x0000000425400000, 0x0000000425400000, 0x0000000425800000|  0%| F|  |TAMS 0x0000000425400000, 0x0000000425400000| Untracked 
|  76|0x0000000425800000, 0x0000000425800000, 0x0000000425c00000|  0%| F|  |TAMS 0x0000000425800000, 0x0000000425800000| Untracked 
|  77|0x0000000425c00000, 0x0000000425c00000, 0x0000000426000000|  0%| F|  |TAMS 0x0000000425c00000, 0x0000000425c00000| Untracked 
|  78|0x0000000426000000, 0x0000000426000000, 0x0000000426400000|  0%| F|  |TAMS 0x0000000426000000, 0x0000000426000000| Untracked 
|  79|0x0000000426400000, 0x0000000426400000, 0x0000000426800000|  0%| F|  |TAMS 0x0000000426400000, 0x0000000426400000| Untracked 
|  80|0x0000000426800000, 0x0000000426800000, 0x0000000426c00000|  0%| F|  |TAMS 0x0000000426800000, 0x0000000426800000| Untracked 
|  81|0x0000000426c00000, 0x0000000426c00000, 0x0000000427000000|  0%| F|  |TAMS 0x0000000426c00000, 0x0000000426c00000| Untracked 
|  82|0x0000000427000000, 0x0000000427000000, 0x0000000427400000|  0%| F|  |TAMS 0x0000000427000000, 0x0000000427000000| Untracked 
|  83|0x0000000427400000, 0x0000000427400000, 0x0000000427800000|  0%| F|  |TAMS 0x0000000427400000, 0x0000000427400000| Untracked 
|  84|0x0000000427800000, 0x0000000427800000, 0x0000000427c00000|  0%| F|  |TAMS 0x0000000427800000, 0x0000000427800000| Untracked 
|  85|0x0000000427c00000, 0x0000000427c00000, 0x0000000428000000|  0%| F|  |TAMS 0x0000000427c00000, 0x0000000427c00000| Untracked 
|  86|0x0000000428000000, 0x0000000428000000, 0x0000000428400000|  0%| F|  |TAMS 0x0000000428000000, 0x0000000428000000| Untracked 
|  87|0x0000000428400000, 0x0000000428400000, 0x0000000428800000|  0%| F|  |TAMS 0x0000000428400000, 0x0000000428400000| Untracked 
|  88|0x0000000428800000, 0x0000000428800000, 0x0000000428c00000|  0%| F|  |TAMS 0x0000000428800000, 0x0000000428800000| Untracked 
|  89|0x0000000428c00000, 0x0000000428c00000, 0x0000000429000000|  0%| F|  |TAMS 0x0000000428c00000, 0x0000000428c00000| Untracked 
|  90|0x0000000429000000, 0x0000000429000000, 0x0000000429400000|  0%| F|  |TAMS 0x0000000429000000, 0x0000000429000000| Untracked 
|  91|0x0000000429400000, 0x0000000429400000, 0x0000000429800000|  0%| F|  |TAMS 0x0000000429400000, 0x0000000429400000| Untracked 
|  92|0x0000000429800000, 0x0000000429800000, 0x0000000429c00000|  0%| F|  |TAMS 0x0000000429800000, 0x0000000429800000| Untracked 
|  93|0x0000000429c00000, 0x0000000429c00000, 0x000000042a000000|  0%| F|  |TAMS 0x0000000429c00000, 0x0000000429c00000| Untracked 
|  94|0x000000042a000000, 0x000000042a000000, 0x000000042a400000|  0%| F|  |TAMS 0x000000042a000000, 0x000000042a000000| Untracked 
|  95|0x000000042a400000, 0x000000042a400000, 0x000000042a800000|  0%| F|  |TAMS 0x000000042a400000, 0x000000042a400000| Untracked 
|  96|0x000000042a800000, 0x000000042a800000, 0x000000042ac00000|  0%| F|  |TAMS 0x000000042a800000, 0x000000042a800000| Untracked 
|  97|0x000000042ac00000, 0x000000042b000000, 0x000000042b000000|100%| O|  |TAMS 0x000000042b000000, 0x000000042ac00000| Untracked 
|  98|0x000000042b000000, 0x000000042b400000, 0x000000042b400000|100%| O|  |TAMS 0x000000042b400000, 0x000000042b000000| Untracked 
|  99|0x000000042b400000, 0x000000042b400000, 0x000000042b800000|  0%| F|  |TAMS 0x000000042b400000, 0x000000042b400000| Untracked 
| 100|0x000000042b800000, 0x000000042bc00000, 0x000000042bc00000|100%| O|  |TAMS 0x000000042bb01800, 0x000000042b800000| Untracked 
| 101|0x000000042bc00000, 0x000000042c000000, 0x000000042c000000|100%| O|  |TAMS 0x000000042bc00000, 0x000000042bc00000| Untracked 
| 102|0x000000042c000000, 0x000000042c400000, 0x000000042c400000|100%| O|  |TAMS 0x000000042c000000, 0x000000042c000000| Untracked 
| 103|0x000000042c400000, 0x000000042c800000, 0x000000042c800000|100%| O|  |TAMS 0x000000042c400000, 0x000000042c400000| Untracked 
| 104|0x000000042c800000, 0x000000042cc00000, 0x000000042cc00000|100%| O|  |TAMS 0x000000042c800000, 0x000000042c800000| Untracked 
| 105|0x000000042cc00000, 0x000000042d000000, 0x000000042d000000|100%| O|  |TAMS 0x000000042cc00000, 0x000000042cc00000| Untracked 
| 106|0x000000042d000000, 0x000000042d400000, 0x000000042d400000|100%| O|  |TAMS 0x000000042d000000, 0x000000042d000000| Untracked 
| 107|0x000000042d400000, 0x000000042d800000, 0x000000042d800000|100%| O|  |TAMS 0x000000042d400000, 0x000000042d400000| Untracked 
| 108|0x000000042d800000, 0x000000042dc00000, 0x000000042dc00000|100%| O|  |TAMS 0x000000042d800000, 0x000000042d800000| Untracked 
| 109|0x000000042dc00000, 0x000000042e000000, 0x000000042e000000|100%| O|  |TAMS 0x000000042dc00000, 0x000000042dc00000| Untracked 
| 110|0x000000042e000000, 0x000000042e400000, 0x000000042e400000|100%| O|  |TAMS 0x000000042e000000, 0x000000042e000000| Untracked 
| 111|0x000000042e400000, 0x000000042e800000, 0x000000042e800000|100%| O|  |TAMS 0x000000042e400000, 0x000000042e400000| Untracked 
| 112|0x000000042e800000, 0x000000042e800000, 0x000000042ec00000|  0%| F|  |TAMS 0x000000042e800000, 0x000000042e800000| Untracked 
| 113|0x000000042ec00000, 0x000000042ec00000, 0x000000042f000000|  0%| F|  |TAMS 0x000000042ec00000, 0x000000042ec00000| Untracked 
| 114|0x000000042f000000, 0x000000042f000000, 0x000000042f400000|  0%| F|  |TAMS 0x000000042f000000, 0x000000042f000000| Untracked 
| 115|0x000000042f400000, 0x000000042f400000, 0x000000042f800000|  0%| F|  |TAMS 0x000000042f400000, 0x000000042f400000| Untracked 
| 116|0x000000042f800000, 0x000000042f800000, 0x000000042fc00000|  0%| F|  |TAMS 0x000000042f800000, 0x000000042f800000| Untracked 
| 117|0x000000042fc00000, 0x000000042fc00000, 0x0000000430000000|  0%| F|  |TAMS 0x000000042fc00000, 0x000000042fc00000| Untracked 
| 118|0x0000000430000000, 0x0000000430000000, 0x0000000430400000|  0%| F|  |TAMS 0x0000000430000000, 0x0000000430000000| Untracked 
| 119|0x0000000430400000, 0x0000000430400000, 0x0000000430800000|  0%| F|  |TAMS 0x0000000430400000, 0x0000000430400000| Untracked 
| 120|0x0000000430800000, 0x0000000430800000, 0x0000000430c00000|  0%| F|  |TAMS 0x0000000430800000, 0x0000000430800000| Untracked 
| 121|0x0000000430c00000, 0x0000000430c00000, 0x0000000431000000|  0%| F|  |TAMS 0x0000000430c00000, 0x0000000430c00000| Untracked 
| 122|0x0000000431000000, 0x0000000431000000, 0x0000000431400000|  0%| F|  |TAMS 0x0000000431000000, 0x0000000431000000| Untracked 
| 123|0x0000000431400000, 0x0000000431400000, 0x0000000431800000|  0%| F|  |TAMS 0x0000000431400000, 0x0000000431400000| Untracked 
| 124|0x0000000431800000, 0x0000000431800000, 0x0000000431c00000|  0%| F|  |TAMS 0x0000000431800000, 0x0000000431800000| Untracked 
| 125|0x0000000431c00000, 0x0000000431c00000, 0x0000000432000000|  0%| F|  |TAMS 0x0000000431c00000, 0x0000000431c00000| Untracked 
| 126|0x0000000432000000, 0x0000000432000000, 0x0000000432400000|  0%| F|  |TAMS 0x0000000432000000, 0x0000000432000000| Untracked 
| 127|0x0000000432400000, 0x0000000432400000, 0x0000000432800000|  0%| F|  |TAMS 0x0000000432400000, 0x0000000432400000| Untracked 
| 128|0x0000000432800000, 0x0000000432800000, 0x0000000432c00000|  0%| F|  |TAMS 0x0000000432800000, 0x0000000432800000| Untracked 
| 129|0x0000000432c00000, 0x0000000432c00000, 0x0000000433000000|  0%| F|  |TAMS 0x0000000432c00000, 0x0000000432c00000| Untracked 
| 130|0x0000000433000000, 0x0000000433000000, 0x0000000433400000|  0%| F|  |TAMS 0x0000000433000000, 0x0000000433000000| Untracked 
| 131|0x0000000433400000, 0x0000000433400000, 0x0000000433800000|  0%| F|  |TAMS 0x0000000433400000, 0x0000000433400000| Untracked 
| 132|0x0000000433800000, 0x0000000433800000, 0x0000000433c00000|  0%| F|  |TAMS 0x0000000433800000, 0x0000000433800000| Untracked 
| 133|0x0000000433c00000, 0x0000000433c00000, 0x0000000434000000|  0%| F|  |TAMS 0x0000000433c00000, 0x0000000433c00000| Untracked 
| 134|0x0000000434000000, 0x0000000434000000, 0x0000000434400000|  0%| F|  |TAMS 0x0000000434000000, 0x0000000434000000| Untracked 
| 135|0x0000000434400000, 0x0000000434400000, 0x0000000434800000|  0%| F|  |TAMS 0x0000000434400000, 0x0000000434400000| Untracked 
| 136|0x0000000434800000, 0x0000000434800000, 0x0000000434c00000|  0%| F|  |TAMS 0x0000000434800000, 0x0000000434800000| Untracked 
| 137|0x0000000434c00000, 0x0000000434c00000, 0x0000000435000000|  0%| F|  |TAMS 0x0000000434c00000, 0x0000000434c00000| Untracked 
| 138|0x0000000435000000, 0x0000000435000000, 0x0000000435400000|  0%| F|  |TAMS 0x0000000435000000, 0x0000000435000000| Untracked 
| 139|0x0000000435400000, 0x0000000435800000, 0x0000000435800000|100%| S|CS|TAMS 0x0000000435400000, 0x0000000435400000| Complete 
| 140|0x0000000435800000, 0x0000000435c00000, 0x0000000435c00000|100%| S|CS|TAMS 0x0000000435800000, 0x0000000435800000| Complete 
| 141|0x0000000435c00000, 0x0000000436000000, 0x0000000436000000|100%| S|CS|TAMS 0x0000000435c00000, 0x0000000435c00000| Complete 
| 142|0x0000000436000000, 0x0000000436000000, 0x0000000436400000|  0%| F|  |TAMS 0x0000000436000000, 0x0000000436000000| Untracked 
| 143|0x0000000436400000, 0x0000000436400000, 0x0000000436800000|  0%| F|  |TAMS 0x0000000436400000, 0x0000000436400000| Untracked 
| 144|0x0000000436800000, 0x0000000436800000, 0x0000000436c00000|  0%| F|  |TAMS 0x0000000436800000, 0x0000000436800000| Untracked 
| 145|0x0000000436c00000, 0x0000000436c00000, 0x0000000437000000|  0%| F|  |TAMS 0x0000000436c00000, 0x0000000436c00000| Untracked 
| 146|0x0000000437000000, 0x0000000437000000, 0x0000000437400000|  0%| F|  |TAMS 0x0000000437000000, 0x0000000437000000| Untracked 
| 147|0x0000000437400000, 0x0000000437400000, 0x0000000437800000|  0%| F|  |TAMS 0x0000000437400000, 0x0000000437400000| Untracked 
| 148|0x0000000437800000, 0x0000000437800000, 0x0000000437c00000|  0%| F|  |TAMS 0x0000000437800000, 0x0000000437800000| Untracked 
| 149|0x0000000437c00000, 0x0000000438000000, 0x0000000438000000|100%| S|CS|TAMS 0x0000000437c00000, 0x0000000437c00000| Complete 
| 150|0x0000000438000000, 0x0000000438400000, 0x0000000438400000|100%| S|CS|TAMS 0x0000000438000000, 0x0000000438000000| Complete 
| 151|0x0000000438400000, 0x0000000438800000, 0x0000000438800000|100%| S|CS|TAMS 0x0000000438400000, 0x0000000438400000| Complete 
| 152|0x0000000438800000, 0x0000000438c00000, 0x0000000438c00000|100%| S|CS|TAMS 0x0000000438800000, 0x0000000438800000| Complete 
| 153|0x0000000438c00000, 0x0000000439000000, 0x0000000439000000|100%| S|CS|TAMS 0x0000000438c00000, 0x0000000438c00000| Complete 
| 154|0x0000000439000000, 0x0000000439400000, 0x0000000439400000|100%| S|CS|TAMS 0x0000000439000000, 0x0000000439000000| Complete 
| 155|0x0000000439400000, 0x0000000439400000, 0x0000000439800000|  0%| F|  |TAMS 0x0000000439400000, 0x0000000439400000| Untracked 
| 156|0x0000000439800000, 0x0000000439800000, 0x0000000439c00000|  0%| F|  |TAMS 0x0000000439800000, 0x0000000439800000| Untracked 
| 157|0x0000000439c00000, 0x0000000439c00000, 0x000000043a000000|  0%| F|  |TAMS 0x0000000439c00000, 0x0000000439c00000| Untracked 
| 158|0x000000043a000000, 0x000000043a000000, 0x000000043a400000|  0%| F|  |TAMS 0x000000043a000000, 0x000000043a000000| Untracked 
| 159|0x000000043a400000, 0x000000043a400000, 0x000000043a800000|  0%| F|  |TAMS 0x000000043a400000, 0x000000043a400000| Untracked 
| 160|0x000000043a800000, 0x000000043a800000, 0x000000043ac00000|  0%| F|  |TAMS 0x000000043a800000, 0x000000043a800000| Untracked 
| 161|0x000000043ac00000, 0x000000043ac00000, 0x000000043b000000|  0%| F|  |TAMS 0x000000043ac00000, 0x000000043ac00000| Untracked 
| 162|0x000000043b000000, 0x000000043b000000, 0x000000043b400000|  0%| F|  |TAMS 0x000000043b000000, 0x000000043b000000| Untracked 
| 163|0x000000043b400000, 0x000000043b400000, 0x000000043b800000|  0%| F|  |TAMS 0x000000043b400000, 0x000000043b400000| Untracked 
| 164|0x000000043b800000, 0x000000043b800000, 0x000000043bc00000|  0%| F|  |TAMS 0x000000043b800000, 0x000000043b800000| Untracked 
| 165|0x000000043bc00000, 0x000000043bc00000, 0x000000043c000000|  0%| F|  |TAMS 0x000000043bc00000, 0x000000043bc00000| Untracked 
| 166|0x000000043c000000, 0x000000043c000000, 0x000000043c400000|  0%| F|  |TAMS 0x000000043c000000, 0x000000043c000000| Untracked 
| 167|0x000000043c400000, 0x000000043c400000, 0x000000043c800000|  0%| F|  |TAMS 0x000000043c400000, 0x000000043c400000| Untracked 
| 168|0x000000043c800000, 0x000000043c800000, 0x000000043cc00000|  0%| F|  |TAMS 0x000000043c800000, 0x000000043c800000| Untracked 
| 169|0x000000043cc00000, 0x000000043cc00000, 0x000000043d000000|  0%| F|  |TAMS 0x000000043cc00000, 0x000000043cc00000| Untracked 
| 170|0x000000043d000000, 0x000000043d000000, 0x000000043d400000|  0%| F|  |TAMS 0x000000043d000000, 0x000000043d000000| Untracked 
| 171|0x000000043d400000, 0x000000043d400000, 0x000000043d800000|  0%| F|  |TAMS 0x000000043d400000, 0x000000043d400000| Untracked 
| 172|0x000000043d800000, 0x000000043d800000, 0x000000043dc00000|  0%| F|  |TAMS 0x000000043d800000, 0x000000043d800000| Untracked 
| 173|0x000000043dc00000, 0x000000043dc00000, 0x000000043e000000|  0%| F|  |TAMS 0x000000043dc00000, 0x000000043dc00000| Untracked 
| 174|0x000000043e000000, 0x000000043e000000, 0x000000043e400000|  0%| F|  |TAMS 0x000000043e000000, 0x000000043e000000| Untracked 
| 175|0x000000043e400000, 0x000000043e400000, 0x000000043e800000|  0%| F|  |TAMS 0x000000043e400000, 0x000000043e400000| Untracked 
| 176|0x000000043e800000, 0x000000043e800000, 0x000000043ec00000|  0%| F|  |TAMS 0x000000043e800000, 0x000000043e800000| Untracked 
| 177|0x000000043ec00000, 0x000000043ec00000, 0x000000043f000000|  0%| F|  |TAMS 0x000000043ec00000, 0x000000043ec00000| Untracked 
| 178|0x000000043f000000, 0x000000043f000000, 0x000000043f400000|  0%| F|  |TAMS 0x000000043f000000, 0x000000043f000000| Untracked 
| 179|0x000000043f400000, 0x000000043f400000, 0x000000043f800000|  0%| F|  |TAMS 0x000000043f400000, 0x000000043f400000| Untracked 
| 180|0x000000043f800000, 0x000000043f800000, 0x000000043fc00000|  0%| F|  |TAMS 0x000000043f800000, 0x000000043f800000| Untracked 
| 181|0x000000043fc00000, 0x000000043fc00000, 0x0000000440000000|  0%| F|  |TAMS 0x000000043fc00000, 0x000000043fc00000| Untracked 
| 182|0x0000000440000000, 0x0000000440000000, 0x0000000440400000|  0%| F|  |TAMS 0x0000000440000000, 0x0000000440000000| Untracked 
| 183|0x0000000440400000, 0x0000000440400000, 0x0000000440800000|  0%| F|  |TAMS 0x0000000440400000, 0x0000000440400000| Untracked 
| 184|0x0000000440800000, 0x0000000440800000, 0x0000000440c00000|  0%| F|  |TAMS 0x0000000440800000, 0x0000000440800000| Untracked 
| 185|0x0000000440c00000, 0x0000000440c00000, 0x0000000441000000|  0%| F|  |TAMS 0x0000000440c00000, 0x0000000440c00000| Untracked 
| 186|0x0000000441000000, 0x0000000441000000, 0x0000000441400000|  0%| F|  |TAMS 0x0000000441000000, 0x0000000441000000| Untracked 
| 187|0x0000000441400000, 0x0000000441400000, 0x0000000441800000|  0%| F|  |TAMS 0x0000000441400000, 0x0000000441400000| Untracked 
| 188|0x0000000441800000, 0x0000000441800000, 0x0000000441c00000|  0%| F|  |TAMS 0x0000000441800000, 0x0000000441800000| Untracked 
| 189|0x0000000441c00000, 0x0000000441c00000, 0x0000000442000000|  0%| F|  |TAMS 0x0000000441c00000, 0x0000000441c00000| Untracked 
| 190|0x0000000442000000, 0x0000000442000000, 0x0000000442400000|  0%| F|  |TAMS 0x0000000442000000, 0x0000000442000000| Untracked 
| 191|0x0000000442400000, 0x0000000442400000, 0x0000000442800000|  0%| F|  |TAMS 0x0000000442400000, 0x0000000442400000| Untracked 
| 192|0x0000000442800000, 0x0000000442800000, 0x0000000442c00000|  0%| F|  |TAMS 0x0000000442800000, 0x0000000442800000| Untracked 
| 193|0x0000000442c00000, 0x0000000442c00000, 0x0000000443000000|  0%| F|  |TAMS 0x0000000442c00000, 0x0000000442c00000| Untracked 
| 194|0x0000000443000000, 0x0000000443000000, 0x0000000443400000|  0%| F|  |TAMS 0x0000000443000000, 0x0000000443000000| Untracked 
| 195|0x0000000443400000, 0x0000000443400000, 0x0000000443800000|  0%| F|  |TAMS 0x0000000443400000, 0x0000000443400000| Untracked 
| 196|0x0000000443800000, 0x0000000443800000, 0x0000000443c00000|  0%| F|  |TAMS 0x0000000443800000, 0x0000000443800000| Untracked 
| 197|0x0000000443c00000, 0x0000000443c00000, 0x0000000444000000|  0%| F|  |TAMS 0x0000000443c00000, 0x0000000443c00000| Untracked 
| 198|0x0000000444000000, 0x0000000444000000, 0x0000000444400000|  0%| F|  |TAMS 0x0000000444000000, 0x0000000444000000| Untracked 
| 199|0x0000000444400000, 0x0000000444400000, 0x0000000444800000|  0%| F|  |TAMS 0x0000000444400000, 0x0000000444400000| Untracked 
| 200|0x0000000444800000, 0x0000000444800000, 0x0000000444c00000|  0%| F|  |TAMS 0x0000000444800000, 0x0000000444800000| Untracked 
| 201|0x0000000444c00000, 0x0000000444c00000, 0x0000000445000000|  0%| F|  |TAMS 0x0000000444c00000, 0x0000000444c00000| Untracked 
| 202|0x0000000445000000, 0x0000000445000000, 0x0000000445400000|  0%| F|  |TAMS 0x0000000445000000, 0x0000000445000000| Untracked 
| 203|0x0000000445400000, 0x0000000445400000, 0x0000000445800000|  0%| F|  |TAMS 0x0000000445400000, 0x0000000445400000| Untracked 
| 204|0x0000000445800000, 0x0000000445800000, 0x0000000445c00000|  0%| F|  |TAMS 0x0000000445800000, 0x0000000445800000| Untracked 
| 205|0x0000000445c00000, 0x0000000445c00000, 0x0000000446000000|  0%| F|  |TAMS 0x0000000445c00000, 0x0000000445c00000| Untracked 
| 206|0x0000000446000000, 0x0000000446000000, 0x0000000446400000|  0%| F|  |TAMS 0x0000000446000000, 0x0000000446000000| Untracked 
| 207|0x0000000446400000, 0x0000000446400000, 0x0000000446800000|  0%| F|  |TAMS 0x0000000446400000, 0x0000000446400000| Untracked 
| 208|0x0000000446800000, 0x0000000446800000, 0x0000000446c00000|  0%| F|  |TAMS 0x0000000446800000, 0x0000000446800000| Untracked 
| 209|0x0000000446c00000, 0x0000000446c00000, 0x0000000447000000|  0%| F|  |TAMS 0x0000000446c00000, 0x0000000446c00000| Untracked 
| 210|0x0000000447000000, 0x0000000447000000, 0x0000000447400000|  0%| F|  |TAMS 0x0000000447000000, 0x0000000447000000| Untracked 
| 211|0x0000000447400000, 0x0000000447400000, 0x0000000447800000|  0%| F|  |TAMS 0x0000000447400000, 0x0000000447400000| Untracked 
| 212|0x0000000447800000, 0x0000000447800000, 0x0000000447c00000|  0%| F|  |TAMS 0x0000000447800000, 0x0000000447800000| Untracked 
| 213|0x0000000447c00000, 0x0000000447c00000, 0x0000000448000000|  0%| F|  |TAMS 0x0000000447c00000, 0x0000000447c00000| Untracked 
| 214|0x0000000448000000, 0x0000000448000000, 0x0000000448400000|  0%| F|  |TAMS 0x0000000448000000, 0x0000000448000000| Untracked 
| 215|0x0000000448400000, 0x0000000448400000, 0x0000000448800000|  0%| F|  |TAMS 0x0000000448400000, 0x0000000448400000| Untracked 
| 216|0x0000000448800000, 0x0000000448800000, 0x0000000448c00000|  0%| F|  |TAMS 0x0000000448800000, 0x0000000448800000| Untracked 
|4020|0x00000007ff800000, 0x00000007ffb49000, 0x00000007ffc00000| 82%|OA|  |TAMS 0x00000007ffb49000, 0x00000007ff800000| Untracked 
|4021|0x00000007ffc00000, 0x00000007ffc72000, 0x0000000800000000| 11%|CA|  |TAMS 0x00000007ffc72000, 0x00000007ffc00000| Untracked 

Card table byte_map: [0x00007f4e64ca5000,0x00007f4e66c11000] _byte_map_base: 0x00007f4e62c11000

Marking Bits (Prev, Next): (CMBitMap*) 0x00007f4e8006fca8, (CMBitMap*) 0x00007f4e8006fce8
 Prev Bits: [0x00007f4e531d9000, 0x00007f4e62d39000)
 Next Bits: [0x00007f4e43679000, 0x00007f4e531d9000)

Polling page: 0x00007f4e8a6a6000

Metaspace:

Usage:
  Non-class:      4.49 MB capacity,     1.02 MB ( 23%) used,     3.47 MB ( 77%) free+waste,   576 bytes ( <1%) overhead. 
      Class:    424.00 KB capacity,    56.97 KB ( 13%) used,   366.66 KB ( 86%) free+waste,   384 bytes ( <1%) overhead. 
       Both:      4.90 MB capacity,     1.07 MB ( 22%) used,     3.83 MB ( 78%) free+waste,   960 bytes ( <1%) overhead. 

Virtual space:
  Non-class space:        8.00 MB reserved,       4.75 MB ( 59%) committed 
      Class space:        1.00 GB reserved,     512.00 KB ( <1%) committed 
             Both:        1.01 GB reserved,       5.25 MB ( <1%) committed 

Chunk freelists:
   Non-Class:  2.38 KB
       Class:  1.00 KB
        Both:  3.38 KB

CodeHeap 'non-profiled nmethods': size=118596Kb used=397Kb max_used=519Kb free=118198Kb
 bounds [0x00007f4e707ac000, 0x00007f4e70a1c000, 0x00007f4e77b7d000]
CodeHeap 'profiled nmethods': size=118596Kb used=307Kb max_used=911Kb free=118288Kb
 bounds [0x00007f4e693db000, 0x00007f4e6964b000, 0x00007f4e707ac000]
CodeHeap 'non-nmethods': size=8568Kb used=1031Kb max_used=3865Kb free=7536Kb
 bounds [0x00007f4e68b7d000, 0x00007f4e68f4d000, 0x00007f4e693db000]
 total_blobs=1103 nmethods=292 adapters=214
 compilation: enabled
              stopped_count=0, restarted_count=0
 full_count=0

Compilation events (10 events):
Event: 452.528 Thread 0x00007f4e8033d800  456       3       jdk.internal.math.FDBigInteger::cmp (147 bytes)
Event: 452.529 Thread 0x00007f4e8033d800 nmethod 456 0x00007f4e693e3b10 code [0x00007f4e693e3d20, 0x00007f4e693e4510]
Event: 452.534 Thread 0x00007f4e8033d800  457       3       java.io.BufferedWriter::ensureOpen (18 bytes)
Event: 452.535 Thread 0x00007f4e8033d800 nmethod 457 0x00007f4e693e3610 code [0x00007f4e693e37e0, 0x00007f4e693e3a68]
Event: 452.535 Thread 0x00007f4e8033d800  458       3       java.io.PrintStream::ensureOpen (18 bytes)
Event: 452.535 Thread 0x00007f4e8033d800 nmethod 458 0x00007f4e693e3110 code [0x00007f4e693e32e0, 0x00007f4e693e3548]
Event: 537.421 Thread 0x00007f4e80333800  459       4       java.lang.StringLatin1::newString (17 bytes)
Event: 537.427 Thread 0x00007f4e80333800 nmethod 459 0x00007f4e707b9c10 code [0x00007f4e707b9dc0, 0x00007f4e707ba218]
Event: 614.427 Thread 0x00007f4e8033d800  460       3       java.lang.AbstractStringBuilder::<init> (39 bytes)
Event: 614.428 Thread 0x00007f4e8033d800 nmethod 460 0x00007f4e693e2b10 code [0x00007f4e693e2ce0, 0x00007f4e693e2ff0]

GC Heap History (10 events):
Event: 829.109 GC heap after
{Heap after GC invocations=234 (full 9):
 garbage-first heap   total 745472K, used 449872K [0x0000000412800000, 0x0000000800000000)
  region size 4096K, 2 young (8192K), 2 survivors (8192K)
 Metaspace       used 1098K, capacity 5017K, committed 5376K, reserved 1056768K
  class space    used 56K, capacity 424K, committed 512K, reserved 1048576K
}
Event: 830.046 GC heap before
{Heap before GC invocations=234 (full 9):
 garbage-first heap   total 745472K, used 478544K [0x0000000412800000, 0x0000000800000000)
  region size 4096K, 9 young (36864K), 2 survivors (8192K)
 Metaspace       used 1098K, capacity 5017K, committed 5376K, reserved 1056768K
  class space    used 56K, capacity 424K, committed 512K, reserved 1048576K
}
Event: 830.108 GC heap after
{Heap after GC invocations=235 (full 9):
 garbage-first heap   total 897024K, used 391036K [0x0000000412800000, 0x0000000800000000)
  region size 4096K, 2 young (8192K), 2 survivors (8192K)
 Metaspace       used 1098K, capacity 5017K, committed 5376K, reserved 1056768K
  class space    used 56K, capacity 424K, committed 512K, reserved 1048576K
}
Event: 831.271 GC heap before
{Heap before GC invocations=235 (full 9):
 garbage-first heap   total 897024K, used 423804K [0x0000000412800000, 0x0000000800000000)
  region size 4096K, 10 young (40960K), 2 survivors (8192K)
 Metaspace       used 1098K, capacity 5017K, committed 5376K, reserved 1056768K
  class space    used 56K, capacity 424K, committed 512K, reserved 1048576K
}
Event: 831.319 GC heap after
{Heap after GC invocations=236 (full 9):
 garbage-first heap   total 897024K, used 345014K [0x0000000412800000, 0x0000000800000000)
  region size 4096K, 2 young (8192K), 2 survivors (8192K)
 Metaspace       used 1098K, capacity 5017K, committed 5376K, reserved 1056768K
  class space    used 56K, capacity 424K, committed 512K, reserved 1048576K
}
Event: 840.062 GC heap before
{Heap before GC invocations=236 (full 9):
 garbage-first heap   total 897024K, used 582582K [0x0000000412800000, 0x0000000800000000)
  region size 4096K, 60 young (245760K), 2 survivors (8192K)
 Metaspace       used 1098K, capacity 5017K, committed 5376K, reserved 1056768K
  class space    used 56K, capacity 424K, committed 512K, reserved 1048576K
}
Event: 840.128 GC heap after
{Heap after GC invocations=237 (full 9):
 garbage-first heap   total 897024K, used 374960K [0x0000000412800000, 0x0000000800000000)
  region size 4096K, 8 young (32768K), 8 survivors (32768K)
 Metaspace       used 1098K, capacity 5017K, committed 5376K, reserved 1056768K
  class space    used 56K, capacity 424K, committed 512K, reserved 1048576K
}
Event: 852.051 GC heap before
{Heap before GC invocations=237 (full 9):
 garbage-first heap   total 897024K, used 612528K [0x0000000412800000, 0x0000000800000000)
  region size 4096K, 66 young (270336K), 8 survivors (32768K)
 Metaspace       used 1098K, capacity 5017K, committed 5376K, reserved 1056768K
  class space    used 56K, capacity 424K, committed 512K, reserved 1048576K
}
Event: 852.108 GC heap after
{Heap after GC invocations=238 (full 9):
 garbage-first heap   total 897024K, used 384456K [0x0000000412800000, 0x0000000800000000)
  region size 4096K, 9 young (36864K), 9 survivors (36864K)
 Metaspace       used 1098K, capacity 5017K, committed 5376K, reserved 1056768K
  class space    used 56K, capacity 424K, committed 512K, reserved 1048576K
}
Event: 863.400 GC heap before
{Heap before GC invocations=238 (full 9):
 garbage-first heap   total 897024K, used 630216K [0x0000000412800000, 0x0000000800000000)
  region size 4096K, 69 young (282624K), 9 survivors (36864K)
 Metaspace       used 1098K, capacity 5017K, committed 5376K, reserved 1056768K
  class space    used 56K, capacity 424K, committed 512K, reserved 1048576K
}

Deoptimization events (10 events):
Event: 123.510 Thread 0x00007f4e80012800 Uncommon trap: reason=unstable_if action=reinterpret pc=0x00007f4e70801118 method=org.ChaffinchABC.ChaffinchABC.initiateSimulation()V @ 24 c2
Event: 205.788 Thread 0x00007f4e80012800 Uncommon trap: reason=unstable_if action=reinterpret pc=0x00007f4e7081575c method=org.ChaffinchABC.Population.calculateEmpSyllDissimilarityMatrix()[[D @ 71 c2
Event: 205.791 Thread 0x00007f4e80012800 Uncommon trap: reason=profile_predicate action=maybe_recompile pc=0x00007f4e708170cc method=org.ChaffinchABC.MeasureStatistics.calculateSyllableSharing([[I[I[I)[D @ 96 c2
Event: 206.080 Thread 0x00007f4e80012800 Uncommon trap: reason=unstable_if action=reinterpret pc=0x00007f4e7081b6e0 method=org.apache.commons.math3.distribution.GammaDistribution.density(D)D @ 33 c2
Event: 206.080 Thread 0x00007f4e80012800 Uncommon trap: reason=unstable_if action=reinterpret pc=0x00007f4e707fb290 method=org.apache.commons.math3.distribution.GammaDistribution.density(D)D @ 33 c2
Event: 206.081 Thread 0x00007f4e80012800 Uncommon trap: reason=unstable_if action=reinterpret pc=0x00007f4e70802050 method=org.apache.commons.math3.distribution.GammaDistribution.density(D)D @ 33 c2
Event: 258.707 Thread 0x00007f4e80012800 Uncommon trap: reason=unstable_if action=reinterpret pc=0x00007f4e7081137c method=org.ChaffinchABC.Parameters.nextInt(I)I @ 27 c2
Event: 282.437 Thread 0x00007f4e80012800 Uncommon trap: reason=profile_predicate action=maybe_recompile pc=0x00007f4e708170cc method=org.ChaffinchABC.MeasureStatistics.calculateSyllableSharing([[I[I[I)[D @ 96 c2
Event: 371.150 Thread 0x00007f4e80012800 Uncommon trap: reason=profile_predicate action=maybe_recompile pc=0x00007f4e708170cc method=org.ChaffinchABC.MeasureStatistics.calculateSyllableSharing([[I[I[I)[D @ 96 c2
Event: 452.418 Thread 0x00007f4e80012800 Uncommon trap: reason=profile_predicate action=maybe_recompile pc=0x00007f4e708170cc method=org.ChaffinchABC.MeasureStatistics.calculateSyllableSharing([[I[I[I)[D @ 96 c2

Classes redefined (0 events):
No events

Internal exceptions (10 events):
Event: 785.166 Thread 0x00007f4e80012800 Exception <a 'java/io/IOException'{0x000000042fc000d8}> (0x000000042fc000d8) thrown at [/scratch/opt/mach5/mesos/work_dir/slaves/dd0bab7c-a530-4905-bb6b-daa7153eb2c1-S122/frameworks/1735e8a2-a1db-478c-8104-60c8b0af87dd-0196/executors/99f85cae-f7c3-4f44-ac
Event: 785.166 Thread 0x00007f4e80012800 Exception <a 'java/io/IOException'{0x000000042fc00410}> (0x000000042fc00410) thrown at [/scratch/opt/mach5/mesos/work_dir/slaves/dd0bab7c-a530-4905-bb6b-daa7153eb2c1-S122/frameworks/1735e8a2-a1db-478c-8104-60c8b0af87dd-0196/executors/99f85cae-f7c3-4f44-ac
Event: 785.166 Thread 0x00007f4e80012800 Exception <a 'java/io/IOException'{0x000000042fc00718}> (0x000000042fc00718) thrown at [/scratch/opt/mach5/mesos/work_dir/slaves/dd0bab7c-a530-4905-bb6b-daa7153eb2c1-S122/frameworks/1735e8a2-a1db-478c-8104-60c8b0af87dd-0196/executors/99f85cae-f7c3-4f44-ac
Event: 785.166 Thread 0x00007f4e80012800 Exception <a 'java/io/IOException'{0x000000042fc010e0}> (0x000000042fc010e0) thrown at [/scratch/opt/mach5/mesos/work_dir/slaves/dd0bab7c-a530-4905-bb6b-daa7153eb2c1-S122/frameworks/1735e8a2-a1db-478c-8104-60c8b0af87dd-0196/executors/99f85cae-f7c3-4f44-ac
Event: 785.167 Thread 0x00007f4e80012800 Exception <a 'java/io/IOException'{0x000000042fc014c8}> (0x000000042fc014c8) thrown at [/scratch/opt/mach5/mesos/work_dir/slaves/dd0bab7c-a530-4905-bb6b-daa7153eb2c1-S122/frameworks/1735e8a2-a1db-478c-8104-60c8b0af87dd-0196/executors/99f85cae-f7c3-4f44-ac
Event: 785.167 Thread 0x00007f4e80012800 Exception <a 'java/io/IOException'{0x000000042fc018b0}> (0x000000042fc018b0) thrown at [/scratch/opt/mach5/mesos/work_dir/slaves/dd0bab7c-a530-4905-bb6b-daa7153eb2c1-S122/frameworks/1735e8a2-a1db-478c-8104-60c8b0af87dd-0196/executors/99f85cae-f7c3-4f44-ac
Event: 785.167 Thread 0x00007f4e80012800 Exception <a 'java/io/IOException'{0x000000042fc01c98}> (0x000000042fc01c98) thrown at [/scratch/opt/mach5/mesos/work_dir/slaves/dd0bab7c-a530-4905-bb6b-daa7153eb2c1-S122/frameworks/1735e8a2-a1db-478c-8104-60c8b0af87dd-0196/executors/99f85cae-f7c3-4f44-ac
Event: 785.167 Thread 0x00007f4e80012800 Exception <a 'java/io/IOException'{0x000000042fc02080}> (0x000000042fc02080) thrown at [/scratch/opt/mach5/mesos/work_dir/slaves/dd0bab7c-a530-4905-bb6b-daa7153eb2c1-S122/frameworks/1735e8a2-a1db-478c-8104-60c8b0af87dd-0196/executors/99f85cae-f7c3-4f44-ac
Event: 785.167 Thread 0x00007f4e80012800 Exception <a 'java/io/IOException'{0x000000042fc023b8}> (0x000000042fc023b8) thrown at [/scratch/opt/mach5/mesos/work_dir/slaves/dd0bab7c-a530-4905-bb6b-daa7153eb2c1-S122/frameworks/1735e8a2-a1db-478c-8104-60c8b0af87dd-0196/executors/99f85cae-f7c3-4f44-ac
Event: 785.167 Thread 0x00007f4e80012800 Exception <a 'java/io/IOException'{0x000000042fc026c0}> (0x000000042fc026c0) thrown at [/scratch/opt/mach5/mesos/work_dir/slaves/dd0bab7c-a530-4905-bb6b-daa7153eb2c1-S122/frameworks/1735e8a2-a1db-478c-8104-60c8b0af87dd-0196/executors/99f85cae-f7c3-4f44-ac

Events (10 events):
Event: 829.109 Executing VM operation: G1CollectForAllocation done
Event: 830.034 Executing VM operation: G1CollectForAllocation
Event: 830.108 Executing VM operation: G1CollectForAllocation done
Event: 831.271 Executing VM operation: G1CollectForAllocation
Event: 831.319 Executing VM operation: G1CollectForAllocation done
Event: 840.062 Executing VM operation: G1CollectForAllocation
Event: 840.128 Executing VM operation: G1CollectForAllocation done
Event: 852.050 Executing VM operation: G1CollectForAllocation
Event: 852.108 Executing VM operation: G1CollectForAllocation done
Event: 863.389 Executing VM operation: G1CollectForAllocation


Dynamic libraries:
00400000-00401000 r-xp 00000000 103:02 15863105                          /usr/lib/jvm/java-12-oracle/bin/java
00600000-00601000 r--p 00000000 103:02 15863105                          /usr/lib/jvm/java-12-oracle/bin/java
00601000-00602000 rw-p 00001000 103:02 15863105                          /usr/lib/jvm/java-12-oracle/bin/java
021f8000-02219000 rw-p 00000000 00:00 0                                  [heap]
412800000-448c00000 rw-p 00000000 00:00 0 
459000000-7ff800000 ---p 00000000 00:00 0 
7ff800000-7ffb00000 rw-p 00000000 00:00 0 
7ffb00000-7ffb49000 rw-p 0117f000 103:02 16002327                        /usr/lib/jvm/java-12-oracle/lib/server/classes.jsa
7ffb49000-7ffc00000 rw-p 00000000 00:00 0 
7ffc00000-7ffc72000 rw-p 0110d000 103:02 16002327                        /usr/lib/jvm/java-12-oracle/lib/server/classes.jsa
7ffc72000-800000000 rw-p 00000000 00:00 0 
800000000-800003000 rwxp 00001000 103:02 16002327                        /usr/lib/jvm/java-12-oracle/lib/server/classes.jsa
800003000-8003d0000 rw-p 00004000 103:02 16002327                        /usr/lib/jvm/java-12-oracle/lib/server/classes.jsa
8003d0000-800ad0000 r--p 003d1000 103:02 16002327                        /usr/lib/jvm/java-12-oracle/lib/server/classes.jsa
800ad0000-800ad1000 rw-p 00ad1000 103:02 16002327                        /usr/lib/jvm/java-12-oracle/lib/server/classes.jsa
800ad1000-80110c000 r--p 00ad2000 103:02 16002327                        /usr/lib/jvm/java-12-oracle/lib/server/classes.jsa
80110c000-80118c000 rw-p 00000000 00:00 0 
80118c000-84110c000 ---p 00000000 00:00 0 
7f4cfc000000-7f4cfc021000 rw-p 00000000 00:00 0 
7f4cfc021000-7f4d00000000 ---p 00000000 00:00 0 
7f4d00000000-7f4d00021000 rw-p 00000000 00:00 0 
7f4d00021000-7f4d04000000 ---p 00000000 00:00 0 
7f4d04000000-7f4d04021000 rw-p 00000000 00:00 0 
7f4d04021000-7f4d08000000 ---p 00000000 00:00 0 
7f4d08000000-7f4d08021000 rw-p 00000000 00:00 0 
7f4d08021000-7f4d0c000000 ---p 00000000 00:00 0 
7f4d0c000000-7f4d0c021000 rw-p 00000000 00:00 0 
7f4d0c021000-7f4d10000000 ---p 00000000 00:00 0 
7f4d10000000-7f4d10021000 rw-p 00000000 00:00 0 
7f4d10021000-7f4d14000000 ---p 00000000 00:00 0 
7f4d14000000-7f4d14021000 rw-p 00000000 00:00 0 
7f4d14021000-7f4d18000000 ---p 00000000 00:00 0 
7f4d1b8f2000-7f4d1b8f3000 ---p 00000000 00:00 0 
7f4d1b8f3000-7f4d1b9f4000 rw-p 00000000 00:00 0 
7f4d1b9f4000-7f4d1b9f5000 ---p 00000000 00:00 0 
7f4d1b9f5000-7f4d1baf6000 rw-p 00000000 00:00 0 
7f4d1baf6000-7f4d1baf7000 ---p 00000000 00:00 0 
7f4d1baf7000-7f4d1bbf8000 rw-p 00000000 00:00 0 
7f4d1bbf8000-7f4d1bbf9000 ---p 00000000 00:00 0 
7f4d1bbf9000-7f4d1bcfa000 rw-p 00000000 00:00 0 
7f4d1bcfa000-7f4d1bcfb000 ---p 00000000 00:00 0 
7f4d1bcfb000-7f4d1bdfc000 rw-p 00000000 00:00 0 
7f4d1bdfc000-7f4d1bdfd000 ---p 00000000 00:00 0 
7f4d1bdfd000-7f4d1befe000 rw-p 00000000 00:00 0 
7f4d1befe000-7f4d1beff000 ---p 00000000 00:00 0 
7f4d1beff000-7f4d1c000000 rw-p 00000000 00:00 0 
7f4d1c000000-7f4d1c021000 rw-p 00000000 00:00 0 
7f4d1c021000-7f4d20000000 ---p 00000000 00:00 0 
7f4d20000000-7f4d20021000 rw-p 00000000 00:00 0 
7f4d20021000-7f4d24000000 ---p 00000000 00:00 0 
7f4d24000000-7f4d26a0a000 rw-p 00000000 00:00 0 
7f4d26a0a000-7f4d28000000 ---p 00000000 00:00 0 
7f4d28000000-7f4d28021000 rw-p 00000000 00:00 0 
7f4d28021000-7f4d2c000000 ---p 00000000 00:00 0 
7f4d2c000000-7f4d2c021000 rw-p 00000000 00:00 0 
7f4d2c021000-7f4d30000000 ---p 00000000 00:00 0 
7f4d30000000-7f4d30021000 rw-p 00000000 00:00 0 
7f4d30021000-7f4d34000000 ---p 00000000 00:00 0 
7f4d34000000-7f4d34021000 rw-p 00000000 00:00 0 
7f4d34021000-7f4d38000000 ---p 00000000 00:00 0 
7f4d38000000-7f4d38021000 rw-p 00000000 00:00 0 
7f4d38021000-7f4d3c000000 ---p 00000000 00:00 0 
7f4d3c000000-7f4d3c021000 rw-p 00000000 00:00 0 
7f4d3c021000-7f4d40000000 ---p 00000000 00:00 0 
7f4d40000000-7f4d40021000 rw-p 00000000 00:00 0 
7f4d40021000-7f4d44000000 ---p 00000000 00:00 0 
7f4d44000000-7f4d44021000 rw-p 00000000 00:00 0 
7f4d44021000-7f4d48000000 ---p 00000000 00:00 0 
7f4d48000000-7f4d48021000 rw-p 00000000 00:00 0 
7f4d48021000-7f4d4c000000 ---p 00000000 00:00 0 
7f4d4c000000-7f4d4c021000 rw-p 00000000 00:00 0 
7f4d4c021000-7f4d50000000 ---p 00000000 00:00 0 
7f4d50000000-7f4d50021000 rw-p 00000000 00:00 0 
7f4d50021000-7f4d54000000 ---p 00000000 00:00 0 
7f4d54000000-7f4d54021000 rw-p 00000000 00:00 0 
7f4d54021000-7f4d58000000 ---p 00000000 00:00 0 
7f4d58000000-7f4d58021000 rw-p 00000000 00:00 0 
7f4d58021000-7f4d5c000000 ---p 00000000 00:00 0 
7f4d5c000000-7f4d5c021000 rw-p 00000000 00:00 0 
7f4d5c021000-7f4d60000000 ---p 00000000 00:00 0 
7f4d60000000-7f4d60021000 rw-p 00000000 00:00 0 
7f4d60021000-7f4d64000000 ---p 00000000 00:00 0 
7f4d64000000-7f4d64021000 rw-p 00000000 00:00 0 
7f4d64021000-7f4d68000000 ---p 00000000 00:00 0 
7f4d68000000-7f4d68021000 rw-p 00000000 00:00 0 
7f4d68021000-7f4d6c000000 ---p 00000000 00:00 0 
7f4d6c000000-7f4d6c021000 rw-p 00000000 00:00 0 
7f4d6c021000-7f4d70000000 ---p 00000000 00:00 0 
7f4d70000000-7f4d70021000 rw-p 00000000 00:00 0 
7f4d70021000-7f4d74000000 ---p 00000000 00:00 0 
7f4d74000000-7f4d74021000 rw-p 00000000 00:00 0 
7f4d74021000-7f4d78000000 ---p 00000000 00:00 0 
7f4d78000000-7f4d78021000 rw-p 00000000 00:00 0 
7f4d78021000-7f4d7c000000 ---p 00000000 00:00 0 
7f4d7c000000-7f4d7c028000 rw-p 00000000 00:00 0 
7f4d7c028000-7f4d80000000 ---p 00000000 00:00 0 
7f4d80000000-7f4d80021000 rw-p 00000000 00:00 0 
7f4d80021000-7f4d84000000 ---p 00000000 00:00 0 
7f4d84000000-7f4d841d1000 rw-p 00000000 00:00 0 
7f4d841d1000-7f4d88000000 ---p 00000000 00:00 0 
7f4d88000000-7f4d8804a000 rw-p 00000000 00:00 0 
7f4d8804a000-7f4d8c000000 ---p 00000000 00:00 0 
7f4d8c000000-7f4d8c021000 rw-p 00000000 00:00 0 
7f4d8c021000-7f4d90000000 ---p 00000000 00:00 0 
7f4d90000000-7f4d90021000 rw-p 00000000 00:00 0 
7f4d90021000-7f4d94000000 ---p 00000000 00:00 0 
7f4d94000000-7f4d94021000 rw-p 00000000 00:00 0 
7f4d94021000-7f4d98000000 ---p 00000000 00:00 0 
7f4d98000000-7f4d98021000 rw-p 00000000 00:00 0 
7f4d98021000-7f4d9c000000 ---p 00000000 00:00 0 
7f4d9c000000-7f4d9c021000 rw-p 00000000 00:00 0 
7f4d9c021000-7f4da0000000 ---p 00000000 00:00 0 
7f4da0000000-7f4da0021000 rw-p 00000000 00:00 0 
7f4da0021000-7f4da4000000 ---p 00000000 00:00 0 
7f4da4000000-7f4da4021000 rw-p 00000000 00:00 0 
7f4da4021000-7f4da8000000 ---p 00000000 00:00 0 
7f4da8000000-7f4da8021000 rw-p 00000000 00:00 0 
7f4da8021000-7f4dac000000 ---p 00000000 00:00 0 
7f4dac000000-7f4dac021000 rw-p 00000000 00:00 0 
7f4dac021000-7f4db0000000 ---p 00000000 00:00 0 
7f4db0000000-7f4db0021000 rw-p 00000000 00:00 0 
7f4db0021000-7f4db4000000 ---p 00000000 00:00 0 
7f4db4000000-7f4db4021000 rw-p 00000000 00:00 0 
7f4db4021000-7f4db8000000 ---p 00000000 00:00 0 
7f4db8000000-7f4db8021000 rw-p 00000000 00:00 0 
7f4db8021000-7f4dbc000000 ---p 00000000 00:00 0 
7f4dbc000000-7f4dbc021000 rw-p 00000000 00:00 0 
7f4dbc021000-7f4dc0000000 ---p 00000000 00:00 0 
7f4dc0000000-7f4dc0021000 rw-p 00000000 00:00 0 
7f4dc0021000-7f4dc4000000 ---p 00000000 00:00 0 
7f4dc4000000-7f4dc4021000 rw-p 00000000 00:00 0 
7f4dc4021000-7f4dc8000000 ---p 00000000 00:00 0 
7f4dc8000000-7f4dc8021000 rw-p 00000000 00:00 0 
7f4dc8021000-7f4dcc000000 ---p 00000000 00:00 0 
7f4dcc000000-7f4dcc021000 rw-p 00000000 00:00 0 
7f4dcc021000-7f4dd0000000 ---p 00000000 00:00 0 
7f4dd0000000-7f4dd0021000 rw-p 00000000 00:00 0 
7f4dd0021000-7f4dd4000000 ---p 00000000 00:00 0 
7f4dd4000000-7f4dd4021000 rw-p 00000000 00:00 0 
7f4dd4021000-7f4dd8000000 ---p 00000000 00:00 0 
7f4dd8000000-7f4dd8021000 rw-p 00000000 00:00 0 
7f4dd8021000-7f4ddc000000 ---p 00000000 00:00 0 
7f4ddc000000-7f4ddc101000 rw-p 00000000 00:00 0 
7f4ddc101000-7f4de0000000 ---p 00000000 00:00 0 
7f4de0000000-7f4de0041000 rw-p 00000000 00:00 0 
7f4de0041000-7f4de4000000 ---p 00000000 00:00 0 
7f4de4000000-7f4de403c000 rw-p 00000000 00:00 0 
7f4de403c000-7f4de8000000 ---p 00000000 00:00 0 
7f4de8000000-7f4de8694000 rw-p 00000000 00:00 0 
7f4de8694000-7f4dec000000 ---p 00000000 00:00 0 
7f4dec000000-7f4dec147000 rw-p 00000000 00:00 0 
7f4dec147000-7f4df0000000 ---p 00000000 00:00 0 
7f4df0000000-7f4df025b000 rw-p 00000000 00:00 0 
7f4df025b000-7f4df4000000 ---p 00000000 00:00 0 
7f4df4000000-7f4df4170000 rw-p 00000000 00:00 0 
7f4df4170000-7f4df8000000 ---p 00000000 00:00 0 
7f4df803c000-7f4df803d000 ---p 00000000 00:00 0 
7f4df803d000-7f4df813e000 rw-p 00000000 00:00 0 
7f4df813e000-7f4df813f000 ---p 00000000 00:00 0 
7f4df813f000-7f4df8240000 rw-p 00000000 00:00 0 
7f4df8240000-7f4df8241000 ---p 00000000 00:00 0 
7f4df8241000-7f4df8342000 rw-p 00000000 00:00 0 
7f4df8342000-7f4df8343000 ---p 00000000 00:00 0 
7f4df8343000-7f4df8444000 rw-p 00000000 00:00 0 
7f4df8444000-7f4df8445000 ---p 00000000 00:00 0 
7f4df8445000-7f4df8546000 rw-p 00000000 00:00 0 
7f4df8546000-7f4df8547000 ---p 00000000 00:00 0 
7f4df8547000-7f4df8648000 rw-p 00000000 00:00 0 
7f4df8648000-7f4df8649000 ---p 00000000 00:00 0 
7f4df8649000-7f4df874a000 rw-p 00000000 00:00 0 
7f4df874a000-7f4df874b000 ---p 00000000 00:00 0 
7f4df874b000-7f4df884c000 rw-p 00000000 00:00 0 
7f4df884c000-7f4df884d000 ---p 00000000 00:00 0 
7f4df884d000-7f4df894e000 rw-p 00000000 00:00 0 
7f4df894e000-7f4df894f000 ---p 00000000 00:00 0 
7f4df894f000-7f4df8a50000 rw-p 00000000 00:00 0 
7f4df8a50000-7f4df8a51000 ---p 00000000 00:00 0 
7f4df8a51000-7f4df8b52000 rw-p 00000000 00:00 0 
7f4df8b52000-7f4df8b53000 ---p 00000000 00:00 0 
7f4df8b53000-7f4df8c54000 rw-p 00000000 00:00 0 
7f4df8c54000-7f4df8c55000 ---p 00000000 00:00 0 
7f4df8c55000-7f4df8d56000 rw-p 00000000 00:00 0 
7f4df8d56000-7f4df8d57000 ---p 00000000 00:00 0 
7f4df8d57000-7f4df8e58000 rw-p 00000000 00:00 0 
7f4df8e58000-7f4df8e59000 ---p 00000000 00:00 0 
7f4df8e59000-7f4df8f5a000 rw-p 00000000 00:00 0 
7f4df8f5a000-7f4df8f5b000 ---p 00000000 00:00 0 
7f4df8f5b000-7f4df905c000 rw-p 00000000 00:00 0 
7f4df905c000-7f4df905d000 ---p 00000000 00:00 0 
7f4df905d000-7f4df915e000 rw-p 00000000 00:00 0 
7f4df915e000-7f4df915f000 ---p 00000000 00:00 0 
7f4df915f000-7f4df9260000 rw-p 00000000 00:00 0 
7f4df9260000-7f4df9261000 ---p 00000000 00:00 0 
7f4df9261000-7f4df9362000 rw-p 00000000 00:00 0 
7f4df9362000-7f4df9363000 ---p 00000000 00:00 0 
7f4df9363000-7f4df9464000 rw-p 00000000 00:00 0 
7f4df9464000-7f4df9465000 ---p 00000000 00:00 0 
7f4df9465000-7f4df9566000 rw-p 00000000 00:00 0 
7f4df9566000-7f4df9567000 ---p 00000000 00:00 0 
7f4df9567000-7f4df9668000 rw-p 00000000 00:00 0 
7f4df9668000-7f4df9669000 ---p 00000000 00:00 0 
7f4df9669000-7f4df976a000 rw-p 00000000 00:00 0 
7f4df976a000-7f4df976b000 ---p 00000000 00:00 0 
7f4df976b000-7f4df986c000 rw-p 00000000 00:00 0 
7f4df986c000-7f4df986d000 ---p 00000000 00:00 0 
7f4df986d000-7f4df996e000 rw-p 00000000 00:00 0 
7f4df996e000-7f4df996f000 ---p 00000000 00:00 0 
7f4df996f000-7f4df9a70000 rw-p 00000000 00:00 0 
7f4df9a70000-7f4df9a71000 ---p 00000000 00:00 0 
7f4df9a71000-7f4df9b72000 rw-p 00000000 00:00 0 
7f4df9b72000-7f4df9b73000 ---p 00000000 00:00 0 
7f4df9b73000-7f4df9c74000 rw-p 00000000 00:00 0 
7f4df9c74000-7f4df9c75000 ---p 00000000 00:00 0 
7f4df9c75000-7f4df9d76000 rw-p 00000000 00:00 0 
7f4df9d76000-7f4df9d77000 ---p 00000000 00:00 0 
7f4df9d77000-7f4df9e78000 rw-p 00000000 00:00 0 
7f4df9e78000-7f4df9e79000 ---p 00000000 00:00 0 
7f4df9e79000-7f4df9f7a000 rw-p 00000000 00:00 0 
7f4df9f7a000-7f4df9f7b000 ---p 00000000 00:00 0 
7f4df9f7b000-7f4dfa07c000 rw-p 00000000 00:00 0 
7f4dfa07c000-7f4dfa07d000 ---p 00000000 00:00 0 
7f4dfa07d000-7f4dfa17e000 rw-p 00000000 00:00 0 
7f4dfa17e000-7f4dfa17f000 ---p 00000000 00:00 0 
7f4dfa17f000-7f4dfa280000 rw-p 00000000 00:00 0 
7f4dfa280000-7f4dfa281000 ---p 00000000 00:00 0 
7f4dfa281000-7f4dfa382000 rw-p 00000000 00:00 0 
7f4dfa382000-7f4dfa383000 ---p 00000000 00:00 0 
7f4dfa383000-7f4dfa484000 rw-p 00000000 00:00 0 
7f4dfa484000-7f4dfa485000 ---p 00000000 00:00 0 
7f4dfa485000-7f4dfa586000 rw-p 00000000 00:00 0 
7f4dfa586000-7f4dfa587000 ---p 00000000 00:00 0 
7f4dfa587000-7f4dfa688000 rw-p 00000000 00:00 0 
7f4dfa688000-7f4dfa689000 ---p 00000000 00:00 0 
7f4dfa689000-7f4dfa78a000 rw-p 00000000 00:00 0 
7f4dfa78a000-7f4dfa78b000 ---p 00000000 00:00 0 
7f4dfa78b000-7f4dfa88c000 rw-p 00000000 00:00 0 
7f4dfa88c000-7f4dfa88d000 ---p 00000000 00:00 0 
7f4dfa88d000-7f4dfa98e000 rw-p 00000000 00:00 0 
7f4dfa98e000-7f4dfa98f000 ---p 00000000 00:00 0 
7f4dfa98f000-7f4dfaa90000 rw-p 00000000 00:00 0 
7f4dfaa90000-7f4dfaa91000 ---p 00000000 00:00 0 
7f4dfaa91000-7f4dfab92000 rw-p 00000000 00:00 0 
7f4dfab92000-7f4dfab93000 ---p 00000000 00:00 0 
7f4dfab93000-7f4dfac94000 rw-p 00000000 00:00 0 
7f4dfac94000-7f4dfac95000 ---p 00000000 00:00 0 
7f4dfac95000-7f4dfad96000 rw-p 00000000 00:00 0 
7f4dfad96000-7f4dfad97000 ---p 00000000 00:00 0 
7f4dfad97000-7f4dfae98000 rw-p 00000000 00:00 0 
7f4dfae98000-7f4dfae99000 ---p 00000000 00:00 0 
7f4dfae99000-7f4dfaf9a000 rw-p 00000000 00:00 0 
7f4dfaf9a000-7f4dfaf9b000 ---p 00000000 00:00 0 
7f4dfaf9b000-7f4dfb09c000 rw-p 00000000 00:00 0 
7f4dfb09c000-7f4dfb09d000 ---p 00000000 00:00 0 
7f4dfb09d000-7f4dfb19e000 rw-p 00000000 00:00 0 
7f4dfb19e000-7f4dfb19f000 ---p 00000000 00:00 0 
7f4dfb19f000-7f4dfb2a0000 rw-p 00000000 00:00 0 
7f4dfb2a0000-7f4dfb2a1000 ---p 00000000 00:00 0 
7f4dfb2a1000-7f4dfb3a2000 rw-p 00000000 00:00 0 
7f4dfb3a2000-7f4dfb3a3000 ---p 00000000 00:00 0 
7f4dfb3a3000-7f4dfb4a4000 rw-p 00000000 00:00 0 
7f4dfb4a4000-7f4dfb4a5000 ---p 00000000 00:00 0 
7f4dfb4a5000-7f4dfb5a6000 rw-p 00000000 00:00 0 
7f4dfb5a6000-7f4dfb5a7000 ---p 00000000 00:00 0 
7f4dfb5a7000-7f4dfb6a8000 rw-p 00000000 00:00 0 
7f4dfb6a8000-7f4dfb6a9000 ---p 00000000 00:00 0 
7f4dfb6a9000-7f4dfb7aa000 rw-p 00000000 00:00 0 
7f4dfb7aa000-7f4dfb7ae000 ---p 00000000 00:00 0 
7f4dfb7ae000-7f4dfb8ab000 rw-p 00000000 00:00 0 
7f4dfb8ab000-7f4dfb8af000 ---p 00000000 00:00 0 
7f4dfb8af000-7f4dfb9ac000 rw-p 00000000 00:00 0 
7f4dfb9ac000-7f4dfb9b0000 ---p 00000000 00:00 0 
7f4dfb9b0000-7f4dfbaad000 rw-p 00000000 00:00 0 
7f4dfbae5000-7f4dfbae9000 ---p 00000000 00:00 0 
7f4dfbae9000-7f4dfbbe6000 rw-p 00000000 00:00 0 
7f4dfbbe6000-7f4dfbbea000 ---p 00000000 00:00 0 
7f4dfbbea000-7f4dfbce7000 rw-p 00000000 00:00 0 
7f4dfbce7000-7f4dfbceb000 ---p 00000000 00:00 0 
7f4dfbceb000-7f4dfbde8000 rw-p 00000000 00:00 0 
7f4dfbde8000-7f4dfbdfe000 r-xp 00000000 103:02 16002304                  /usr/lib/jvm/java-12-oracle/lib/libnet.so
7f4dfbdfe000-7f4dfbffe000 ---p 00016000 103:02 16002304                  /usr/lib/jvm/java-12-oracle/lib/libnet.so
7f4dfbffe000-7f4dfbfff000 r--p 00016000 103:02 16002304                  /usr/lib/jvm/java-12-oracle/lib/libnet.so
7f4dfbfff000-7f4dfc000000 rw-p 00017000 103:02 16002304                  /usr/lib/jvm/java-12-oracle/lib/libnet.so
7f4dfc000000-7f4dfc021000 rw-p 00000000 00:00 0 
7f4dfc021000-7f4e00000000 ---p 00000000 00:00 0 
7f4e00000000-7f4e00021000 rw-p 00000000 00:00 0 
7f4e00021000-7f4e04000000 ---p 00000000 00:00 0 
7f4e04000000-7f4e040e1000 rw-p 00000000 00:00 0 
7f4e040e1000-7f4e08000000 ---p 00000000 00:00 0 
7f4e08000000-7f4e08021000 rw-p 00000000 00:00 0 
7f4e08021000-7f4e0c000000 ---p 00000000 00:00 0 
7f4e0c000000-7f4e0c0a1000 rw-p 00000000 00:00 0 
7f4e0c0a1000-7f4e10000000 ---p 00000000 00:00 0 
7f4e10000000-7f4e10021000 rw-p 00000000 00:00 0 
7f4e10021000-7f4e14000000 ---p 00000000 00:00 0 
7f4e14000000-7f4e14021000 rw-p 00000000 00:00 0 
7f4e14021000-7f4e18000000 ---p 00000000 00:00 0 
7f4e18000000-7f4e18cc9000 rw-p 00000000 00:00 0 
7f4e18cc9000-7f4e1c000000 ---p 00000000 00:00 0 
7f4e1c000000-7f4e1c021000 rw-p 00000000 00:00 0 
7f4e1c021000-7f4e20000000 ---p 00000000 00:00 0 
7f4e20000000-7f4e20021000 rw-p 00000000 00:00 0 
7f4e20021000-7f4e24000000 ---p 00000000 00:00 0 
7f4e24000000-7f4e24021000 rw-p 00000000 00:00 0 
7f4e24021000-7f4e28000000 ---p 00000000 00:00 0 
7f4e28000000-7f4e2bfe1000 rw-p 00000000 00:00 0 
7f4e2bfe1000-7f4e2c000000 ---p 00000000 00:00 0 
7f4e2c000000-7f4e2c892000 rw-p 00000000 00:00 0 
7f4e2c892000-7f4e30000000 ---p 00000000 00:00 0 
7f4e3006f000-7f4e30073000 ---p 00000000 00:00 0 
7f4e30073000-7f4e30170000 rw-p 00000000 00:00 0 
7f4e30170000-7f4e30181000 r-xp 00000000 103:02 16002305                  /usr/lib/jvm/java-12-oracle/lib/libnio.so
7f4e30181000-7f4e30380000 ---p 00011000 103:02 16002305                  /usr/lib/jvm/java-12-oracle/lib/libnio.so
7f4e30380000-7f4e30381000 r--p 00010000 103:02 16002305                  /usr/lib/jvm/java-12-oracle/lib/libnio.so
7f4e30381000-7f4e30382000 rw-p 00011000 103:02 16002305                  /usr/lib/jvm/java-12-oracle/lib/libnio.so
7f4e30382000-7f4e30386000 ---p 00000000 00:00 0 
7f4e30386000-7f4e30483000 rw-p 00000000 00:00 0 
7f4e30483000-7f4e30484000 ---p 00000000 00:00 0 
7f4e30484000-7f4e30585000 rw-p 00000000 00:00 0 
7f4e30585000-7f4e30589000 ---p 00000000 00:00 0 
7f4e30589000-7f4e30686000 rw-p 00000000 00:00 0 
7f4e30686000-7f4e3068a000 ---p 00000000 00:00 0 
7f4e3068a000-7f4e30787000 rw-p 00000000 00:00 0 
7f4e30787000-7f4e3078b000 ---p 00000000 00:00 0 
7f4e3078b000-7f4e30888000 rw-p 00000000 00:00 0 
7f4e30888000-7f4e3088c000 ---p 00000000 00:00 0 
7f4e3088c000-7f4e30989000 rw-p 00000000 00:00 0 
7f4e30989000-7f4e3098d000 ---p 00000000 00:00 0 
7f4e3098d000-7f4e30a8a000 rw-p 00000000 00:00 0 
7f4e30a8a000-7f4e30a8e000 ---p 00000000 00:00 0 
7f4e30a8e000-7f4e30b8b000 rw-p 00000000 00:00 0 
7f4e30b8b000-7f4e3155a000 r--p 00000000 103:02 15866447                  /usr/lib/locale/locale-archive
7f4e3155a000-7f4e3155e000 ---p 00000000 00:00 0 
7f4e3155e000-7f4e3165b000 rw-p 00000000 00:00 0 
7f4e3165b000-7f4e3165f000 ---p 00000000 00:00 0 
7f4e3165f000-7f4e3175c000 rw-p 00000000 00:00 0 
7f4e3175c000-7f4e3175d000 ---p 00000000 00:00 0 
7f4e3175d000-7f4e31d9f000 rw-p 00000000 00:00 0 
7f4e31d9f000-7f4e320df000 ---p 00000000 00:00 0 
7f4e320df000-7f4e320e0000 ---p 00000000 00:00 0 
7f4e320e0000-7f4e321e1000 rw-p 00000000 00:00 0 
7f4e321e1000-7f4e321e2000 ---p 00000000 00:00 0 
7f4e321e2000-7f4e34000000 rw-p 00000000 00:00 0 
7f4e34000000-7f4e34021000 rw-p 00000000 00:00 0 
7f4e34021000-7f4e38000000 ---p 00000000 00:00 0 
7f4e38000000-7f4e38021000 rw-p 00000000 00:00 0 
7f4e38021000-7f4e3c000000 ---p 00000000 00:00 0 
7f4e3c000000-7f4e3c021000 rw-p 00000000 00:00 0 
7f4e3c021000-7f4e40000000 ---p 00000000 00:00 0 
7f4e40019000-7f4e42e82000 rw-p 00000000 00:00 0 
7f4e42e82000-7f4e42e83000 ---p 00000000 00:00 0 
7f4e42e83000-7f4e42f84000 rw-p 00000000 00:00 0 
7f4e42f84000-7f4e42f85000 ---p 00000000 00:00 0 
7f4e42f85000-7f4e43086000 rw-p 00000000 00:00 0 
7f4e43086000-7f4e43087000 ---p 00000000 00:00 0 
7f4e43087000-7f4e44409000 rw-p 00000000 00:00 0 
7f4e44409000-7f4e531b9000 ---p 00000000 00:00 0 
7f4e531b9000-7f4e53f69000 rw-p 00000000 00:00 0 
7f4e53f69000-7f4e62d19000 ---p 00000000 00:00 0 
7f4e62d19000-7f4e62eeb000 rw-p 00000000 00:00 0 
7f4e62eeb000-7f4e64ca1000 ---p 00000000 00:00 0 
7f4e64ca1000-7f4e64e57000 rw-p 00000000 00:00 0 
7f4e64e57000-7f4e66c0d000 ---p 00000000 00:00 0 
7f4e66c0d000-7f4e66dc3000 rw-p 00000000 00:00 0 
7f4e66dc3000-7f4e68b79000 ---p 00000000 00:00 0 
7f4e68b79000-7f4e68b7d000 rw-p 00000000 00:00 0 
7f4e68b7d000-7f4e68f4d000 rwxp 00000000 00:00 0 
7f4e68f4d000-7f4e693db000 ---p 00000000 00:00 0 
7f4e693db000-7f4e6964b000 rwxp 00000000 00:00 0 
7f4e6964b000-7f4e707ac000 ---p 00000000 00:00 0 
7f4e707ac000-7f4e70a1c000 rwxp 00000000 00:00 0 
7f4e70a1c000-7f4e77b7d000 ---p 00000000 00:00 0 
7f4e77b7d000-7f4e80000000 r--s 00000000 103:02 16002315                  /usr/lib/jvm/java-12-oracle/lib/modules
7f4e80000000-7f4e804bb000 rw-p 00000000 00:00 0 
7f4e804bb000-7f4e84000000 ---p 00000000 00:00 0 
7f4e8401f000-7f4e86b4f000 rw-p 00000000 00:00 0 
7f4e86b4f000-7f4e86c32000 ---p 00000000 00:00 0 
7f4e86c32000-7f4e86c37000 rw-p 00000000 00:00 0 
7f4e86c37000-7f4e86d1a000 ---p 00000000 00:00 0 
7f4e86d1a000-7f4e86d35000 r-xp 00000000 103:02 15993627                  /usr/lib/jvm/java-12-oracle/lib/libjimage.so
7f4e86d35000-7f4e86f34000 ---p 0001b000 103:02 15993627                  /usr/lib/jvm/java-12-oracle/lib/libjimage.so
7f4e86f34000-7f4e86f36000 r--p 0001a000 103:02 15993627                  /usr/lib/jvm/java-12-oracle/lib/libjimage.so
7f4e86f36000-7f4e86f37000 rw-p 0001c000 103:02 15993627                  /usr/lib/jvm/java-12-oracle/lib/libjimage.so
7f4e86f37000-7f4e86f3e000 r-xp 00000000 103:02 16002314                  /usr/lib/jvm/java-12-oracle/lib/libzip.so
7f4e86f3e000-7f4e8713d000 ---p 00007000 103:02 16002314                  /usr/lib/jvm/java-12-oracle/lib/libzip.so
7f4e8713d000-7f4e8713e000 r--p 00006000 103:02 16002314                  /usr/lib/jvm/java-12-oracle/lib/libzip.so
7f4e8713e000-7f4e8713f000 rw-p 00007000 103:02 16002314                  /usr/lib/jvm/java-12-oracle/lib/libzip.so
7f4e8713f000-7f4e8714a000 r-xp 00000000 103:02 10490588                  /lib/x86_64-linux-gnu/libnss_files-2.27.so
7f4e8714a000-7f4e87349000 ---p 0000b000 103:02 10490588                  /lib/x86_64-linux-gnu/libnss_files-2.27.so
7f4e87349000-7f4e8734a000 r--p 0000a000 103:02 10490588                  /lib/x86_64-linux-gnu/libnss_files-2.27.so
7f4e8734a000-7f4e8734b000 rw-p 0000b000 103:02 10490588                  /lib/x86_64-linux-gnu/libnss_files-2.27.so
7f4e8734b000-7f4e87351000 rw-p 00000000 00:00 0 
7f4e87351000-7f4e87368000 r-xp 00000000 103:02 10490582                  /lib/x86_64-linux-gnu/libnsl-2.27.so
7f4e87368000-7f4e87567000 ---p 00017000 103:02 10490582                  /lib/x86_64-linux-gnu/libnsl-2.27.so
7f4e87567000-7f4e87568000 r--p 00016000 103:02 10490582                  /lib/x86_64-linux-gnu/libnsl-2.27.so
7f4e87568000-7f4e87569000 rw-p 00017000 103:02 10490582                  /lib/x86_64-linux-gnu/libnsl-2.27.so
7f4e87569000-7f4e8756b000 rw-p 00000000 00:00 0 
7f4e8756b000-7f4e87576000 r-xp 00000000 103:02 10490599                  /lib/x86_64-linux-gnu/libnss_nis-2.27.so
7f4e87576000-7f4e87775000 ---p 0000b000 103:02 10490599                  /lib/x86_64-linux-gnu/libnss_nis-2.27.so
7f4e87775000-7f4e87776000 r--p 0000a000 103:02 10490599                  /lib/x86_64-linux-gnu/libnss_nis-2.27.so
7f4e87776000-7f4e87777000 rw-p 0000b000 103:02 10490599                  /lib/x86_64-linux-gnu/libnss_nis-2.27.so
7f4e87777000-7f4e8777f000 r-xp 00000000 103:02 10490584                  /lib/x86_64-linux-gnu/libnss_compat-2.27.so
7f4e8777f000-7f4e8797f000 ---p 00008000 103:02 10490584                  /lib/x86_64-linux-gnu/libnss_compat-2.27.so
7f4e8797f000-7f4e87980000 r--p 00008000 103:02 10490584                  /lib/x86_64-linux-gnu/libnss_compat-2.27.so
7f4e87980000-7f4e87981000 rw-p 00009000 103:02 10490584                  /lib/x86_64-linux-gnu/libnss_compat-2.27.so
7f4e87981000-7f4e879a9000 r-xp 00000000 103:02 15993623                  /usr/lib/jvm/java-12-oracle/lib/libjava.so
7f4e879a9000-7f4e87ba8000 ---p 00028000 103:02 15993623                  /usr/lib/jvm/java-12-oracle/lib/libjava.so
7f4e87ba8000-7f4e87ba9000 r--p 00027000 103:02 15993623                  /usr/lib/jvm/java-12-oracle/lib/libjava.so
7f4e87ba9000-7f4e87bab000 rw-p 00028000 103:02 15993623                  /usr/lib/jvm/java-12-oracle/lib/libjava.so
7f4e87bab000-7f4e87bb8000 r-xp 00000000 103:02 16002313                  /usr/lib/jvm/java-12-oracle/lib/libverify.so
7f4e87bb8000-7f4e87db7000 ---p 0000d000 103:02 16002313                  /usr/lib/jvm/java-12-oracle/lib/libverify.so
7f4e87db7000-7f4e87db9000 r--p 0000c000 103:02 16002313                  /usr/lib/jvm/java-12-oracle/lib/libverify.so
7f4e87db9000-7f4e87dba000 rw-p 0000e000 103:02 16002313                  /usr/lib/jvm/java-12-oracle/lib/libverify.so
7f4e87dba000-7f4e87dc1000 r-xp 00000000 103:02 10490639                  /lib/x86_64-linux-gnu/librt-2.27.so
7f4e87dc1000-7f4e87fc0000 ---p 00007000 103:02 10490639                  /lib/x86_64-linux-gnu/librt-2.27.so
7f4e87fc0000-7f4e87fc1000 r--p 00006000 103:02 10490639                  /lib/x86_64-linux-gnu/librt-2.27.so
7f4e87fc1000-7f4e87fc2000 rw-p 00007000 103:02 10490639                  /lib/x86_64-linux-gnu/librt-2.27.so
7f4e87fc2000-7f4e8815f000 r-xp 00000000 103:02 10490561                  /lib/x86_64-linux-gnu/libm-2.27.so
7f4e8815f000-7f4e8835e000 ---p 0019d000 103:02 10490561                  /lib/x86_64-linux-gnu/libm-2.27.so
7f4e8835e000-7f4e8835f000 r--p 0019c000 103:02 10490561                  /lib/x86_64-linux-gnu/libm-2.27.so
7f4e8835f000-7f4e88360000 rw-p 0019d000 103:02 10490561                  /lib/x86_64-linux-gnu/libm-2.27.so
7f4e88360000-7f4e894c3000 r-xp 00000000 103:02 16002329                  /usr/lib/jvm/java-12-oracle/lib/server/libjvm.so
7f4e894c3000-7f4e896c3000 ---p 01163000 103:02 16002329                  /usr/lib/jvm/java-12-oracle/lib/server/libjvm.so
7f4e896c3000-7f4e89784000 r--p 01163000 103:02 16002329                  /usr/lib/jvm/java-12-oracle/lib/server/libjvm.so
7f4e89784000-7f4e897bd000 rw-p 01224000 103:02 16002329                  /usr/lib/jvm/java-12-oracle/lib/server/libjvm.so
7f4e897bd000-7f4e89840000 rw-p 00000000 00:00 0 
7f4e89840000-7f4e89a27000 r-xp 00000000 103:02 10490498                  /lib/x86_64-linux-gnu/libc-2.27.so
7f4e89a27000-7f4e89c27000 ---p 001e7000 103:02 10490498                  /lib/x86_64-linux-gnu/libc-2.27.so
7f4e89c27000-7f4e89c2b000 r--p 001e7000 103:02 10490498                  /lib/x86_64-linux-gnu/libc-2.27.so
7f4e89c2b000-7f4e89c2d000 rw-p 001eb000 103:02 10490498                  /lib/x86_64-linux-gnu/libc-2.27.so
7f4e89c2d000-7f4e89c31000 rw-p 00000000 00:00 0 
7f4e89c31000-7f4e89c34000 r-xp 00000000 103:02 10490521                  /lib/x86_64-linux-gnu/libdl-2.27.so
7f4e89c34000-7f4e89e33000 ---p 00003000 103:02 10490521                  /lib/x86_64-linux-gnu/libdl-2.27.so
7f4e89e33000-7f4e89e34000 r--p 00002000 103:02 10490521                  /lib/x86_64-linux-gnu/libdl-2.27.so
7f4e89e34000-7f4e89e35000 rw-p 00003000 103:02 10490521                  /lib/x86_64-linux-gnu/libdl-2.27.so
7f4e89e35000-7f4e89e4f000 r-xp 00000000 103:02 10490631                  /lib/x86_64-linux-gnu/libpthread-2.27.so
7f4e89e4f000-7f4e8a04e000 ---p 0001a000 103:02 10490631                  /lib/x86_64-linux-gnu/libpthread-2.27.so
7f4e8a04e000-7f4e8a04f000 r--p 00019000 103:02 10490631                  /lib/x86_64-linux-gnu/libpthread-2.27.so
7f4e8a04f000-7f4e8a050000 rw-p 0001a000 103:02 10490631                  /lib/x86_64-linux-gnu/libpthread-2.27.so
7f4e8a050000-7f4e8a054000 rw-p 00000000 00:00 0 
7f4e8a054000-7f4e8a064000 r-xp 00000000 103:02 15993628                  /usr/lib/jvm/java-12-oracle/lib/libjli.so
7f4e8a064000-7f4e8a263000 ---p 00010000 103:02 15993628                  /usr/lib/jvm/java-12-oracle/lib/libjli.so
7f4e8a263000-7f4e8a264000 r--p 0000f000 103:02 15993628                  /usr/lib/jvm/java-12-oracle/lib/libjli.so
7f4e8a264000-7f4e8a265000 rw-p 00010000 103:02 15993628                  /usr/lib/jvm/java-12-oracle/lib/libjli.so
7f4e8a265000-7f4e8a281000 r-xp 00000000 103:02 10490670                  /lib/x86_64-linux-gnu/libz.so.1.2.11
7f4e8a281000-7f4e8a480000 ---p 0001c000 103:02 10490670                  /lib/x86_64-linux-gnu/libz.so.1.2.11
7f4e8a480000-7f4e8a481000 r--p 0001b000 103:02 10490670                  /lib/x86_64-linux-gnu/libz.so.1.2.11
7f4e8a481000-7f4e8a482000 rw-p 0001c000 103:02 10490670                  /lib/x86_64-linux-gnu/libz.so.1.2.11
7f4e8a482000-7f4e8a4a9000 r-xp 00000000 103:02 10490470                  /lib/x86_64-linux-gnu/ld-2.27.so
7f4e8a4be000-7f4e8a585000 rw-p 00000000 00:00 0 
7f4e8a585000-7f4e8a58e000 ---p 00000000 00:00 0 
7f4e8a58e000-7f4e8a592000 ---p 00000000 00:00 0 
7f4e8a592000-7f4e8a693000 rw-p 00000000 00:00 0 
7f4e8a69d000-7f4e8a69e000 r--p 00000000 103:02 17567477                  /usr/share/locale-langpack/en_GB/LC_MESSAGES/libc.mo
7f4e8a69e000-7f4e8a6a6000 rw-s 00000000 103:02 13369593                  /tmp/hsperfdata_rflachlan/37402
7f4e8a6a6000-7f4e8a6a7000 ---p 00000000 00:00 0 
7f4e8a6a7000-7f4e8a6a8000 r--p 00000000 00:00 0 
7f4e8a6a8000-7f4e8a6a9000 ---p 00000000 00:00 0 
7f4e8a6a9000-7f4e8a6aa000 r--p 00027000 103:02 10490470                  /lib/x86_64-linux-gnu/ld-2.27.so
7f4e8a6aa000-7f4e8a6ab000 rw-p 00028000 103:02 10490470                  /lib/x86_64-linux-gnu/ld-2.27.so
7f4e8a6ab000-7f4e8a6ac000 rw-p 00000000 00:00 0 
7fff56a98000-7fff56ab9000 rw-p 00000000 00:00 0                          [stack]
7fff56b73000-7fff56b76000 r--p 00000000 00:00 0                          [vvar]
7fff56b76000-7fff56b78000 r-xp 00000000 00:00 0                          [vdso]
ffffffffff600000-ffffffffff601000 r-xp 00000000 00:00 0                  [vsyscall]


VM Arguments:
java_command: /home/rflachlan/Dropbox/ChaffTenerife//ChaffinchABC.jar 209 23 0 5112385986520671093 /home/rflachlan/Dropbox/ChaffTenerife/
java_class_path (initial): /home/rflachlan/Dropbox/ChaffTenerife//ChaffinchABC.jar
Launcher Type: SUN_STANDARD

[Global flags]
     intx CICompilerCount                          = 18                                        {product} {ergonomic}
     uint ConcGCThreads                            = 11                                        {product} {ergonomic}
     uint G1ConcRefinementThreads                  = 43                                        {product} {ergonomic}
   size_t G1HeapRegionSize                         = 4194304                                   {product} {ergonomic}
    uintx GCDrainStackTargetSize                   = 64                                        {product} {ergonomic}
   size_t InitialHeapSize                          = 1056964608                                {product} {ergonomic}
   size_t MarkStackSize                            = 4194304                                   {product} {ergonomic}
   size_t MaxHeapSize                              = 16869490688                               {product} {ergonomic}
   size_t MaxNewSize                               = 10120855552                               {product} {ergonomic}
   size_t MinHeapDeltaBytes                        = 4194304                                   {product} {ergonomic}
    uintx NonNMethodCodeHeapSize                   = 8769992                                {pd product} {ergonomic}
    uintx NonProfiledCodeHeapSize                  = 121444124                              {pd product} {ergonomic}
    uintx ProfiledCodeHeapSize                     = 121444124                              {pd product} {ergonomic}
    uintx ReservedCodeCacheSize                    = 251658240                              {pd product} {ergonomic}
     bool SegmentedCodeCache                       = true                                      {product} {ergonomic}
     bool UseCompressedClassPointers               = true                                 {lp64_product} {ergonomic}
     bool UseCompressedOops                        = true                                 {lp64_product} {ergonomic}
     bool UseG1GC                                  = true                                      {product} {ergonomic}

Logging:
Log output configuration:
 #0: stdout all=warning uptime,level,tags
 #1: stderr all=off uptime,level,tags

Environment Variables:
JAVA_HOME=/usr/lib/jvm/java-12-oracle
PATH=/usr/local/sbin:/usr/local/bin:/usr/sbin:/usr/bin:/sbin:/bin:/usr/games:/usr/local/games:/snap/bin:/usr/lib/jvm/java-12-oracle/bin:/usr/lib/jvm/java-12-oracle/db/bin
USERNAME=rflachlan
SHELL=/bin/bash
DISPLAY=:0

Signal Handlers:
SIGSEGV: [libjvm.so+0xe44380], sa_mask[0]=11111111011111111101111111111110, sa_flags=SA_RESTART|SA_SIGINFO
SIGBUS: [libjvm.so+0xe44380], sa_mask[0]=11111111011111111101111111111110, sa_flags=SA_RESTART|SA_SIGINFO
SIGFPE: [libjvm.so+0xe44380], sa_mask[0]=11111111011111111101111111111110, sa_flags=SA_RESTART|SA_SIGINFO
SIGPIPE: [libjvm.so+0xbf3e70], sa_mask[0]=11111111011111111101111111111110, sa_flags=SA_RESTART|SA_SIGINFO
SIGXFSZ: [libjvm.so+0xbf3e70], sa_mask[0]=11111111011111111101111111111110, sa_flags=SA_RESTART|SA_SIGINFO
SIGILL: [libjvm.so+0xe44380], sa_mask[0]=11111111011111111101111111111110, sa_flags=SA_RESTART|SA_SIGINFO
SIGUSR2: [libjvm.so+0xbf3d10], sa_mask[0]=00100000000000000000000000000000, sa_flags=SA_RESTART|SA_SIGINFO
SIGHUP: [libjvm.so+0xbf4070], sa_mask[0]=11111111011111111101111111111110, sa_flags=SA_RESTART|SA_SIGINFO
SIGINT: SIG_IGN, sa_mask[0]=00000000000000000000000000000000, sa_flags=none
SIGTERM: [libjvm.so+0xbf4070], sa_mask[0]=11111111011111111101111111111110, sa_flags=SA_RESTART|SA_SIGINFO
SIGQUIT: [libjvm.so+0xbf4070], sa_mask[0]=11111111011111111101111111111110, sa_flags=SA_RESTART|SA_SIGINFO


---------------  S Y S T E M  ---------------

OS:DISTRIB_ID=Ubuntu
DISTRIB_RELEASE=18.04
DISTRIB_CODENAME=bionic
DISTRIB_DESCRIPTION="Ubuntu 18.04.2 LTS"
uname:Linux 4.15.0-54-generic #58-Ubuntu SMP Mon Jun 24 10:55:24 UTC 2019 x86_64
libc:glibc 2.27 NPTL 2.27 
rlimit: STACK 8192k, CORE 0k, NPROC 256635, NOFILE 4096, AS infinity, DATA infinity, FSIZE infinity
load average:81.35 61.66 39.08

/proc/meminfo:
MemTotal:       65882016 kB
MemFree:          286028 kB
MemAvailable:      45672 kB
Buffers:            4004 kB
Cached:           187068 kB
SwapCached:          352 kB
Active:         60505984 kB
Inactive:        3579976 kB
Active(anon):   60469640 kB
Inactive(anon):  3534436 kB
Active(file):      36344 kB
Inactive(file):    45540 kB
Unevictable:          16 kB
Mlocked:              16 kB
SwapTotal:       2097148 kB
SwapFree:              0 kB
Dirty:               468 kB
Writeback:            88 kB
AnonPages:      63895868 kB
Mapped:           177720 kB
Shmem:            108268 kB
Slab:             663920 kB
SReclaimable:     153736 kB
SUnreclaim:       510184 kB
KernelStack:      110736 kB
PageTables:       257560 kB
NFS_Unstable:          0 kB
Bounce:                0 kB
WritebackTmp:          0 kB
CommitLimit:    35038156 kB
Committed_AS:   95433380 kB
VmallocTotal:   34359738367 kB
VmallocUsed:           0 kB
VmallocChunk:          0 kB
HardwareCorrupted:     0 kB
AnonHugePages:         0 kB
ShmemHugePages:        0 kB
ShmemPmdMapped:        0 kB
CmaTotal:              0 kB
CmaFree:               0 kB
HugePages_Total:       0
HugePages_Free:        0
HugePages_Rsvd:        0
HugePages_Surp:        0
Hugepagesize:       2048 kB
DirectMap4k:      697368 kB
DirectMap2M:    25387008 kB
DirectMap1G:    40894464 kB


/proc/sys/kernel/threads-max (system-wide limit on the number of threads):
513271


/proc/sys/vm/max_map_count (maximum number of memory map areas a process may have):
65530


/proc/sys/kernel/pid_max (system-wide limit on number of process identifiers):
131072



container (cgroup) information:
container_type: cgroupv1
cpu_cpuset_cpus: 0-63
cpu_memory_nodes: 0,2
active_processor_count: 64
cpu_quota: -1
cpu_period: 100000
cpu_shares: -1
memory_limit_in_bytes: -1
memory_and_swap_limit_in_bytes: -2
memory_soft_limit_in_bytes: -1
memory_usage_in_bytes: 65645694976
memory_max_usage_in_bytes: 227935363072


CPU:total 64 (initial active 64) (64 cores per cpu, 2 threads per core) family 23 model 8 stepping 2, cmov, cx8, fxsr, mmx, sse, sse2, sse3, ssse3, sse4.1, sse4.2, popcnt, avx, avx2, aes, clmul, mmxext, 3dnowpref, lzcnt, sse4a, ht, tsc, tscinvbit, tscinv, bmi1, bmi2, adx, sha, fma
CPU Model and flags from /proc/cpuinfo:
model name	: AMD Ryzen Threadripper 2990WX 32-Core Processor
flags		: fpu vme de pse tsc msr pae mce cx8 apic sep mtrr pge mca cmov pat pse36 clflush mmx fxsr sse sse2 ht syscall nx mmxext fxsr_opt pdpe1gb rdtscp lm constant_tsc rep_good nopl nonstop_tsc cpuid extd_apicid amd_dcm aperfmperf pni pclmulqdq monitor ssse3 fma cx16 sse4_1 sse4_2 movbe popcnt aes xsave avx f16c rdrand lahf_lm cmp_legacy svm extapic cr8_legacy abm sse4a misalignsse 3dnowprefetch osvw skinit wdt tce topoext perfctr_core perfctr_nb bpext perfctr_llc mwaitx cpb hw_pstate sme ssbd ibpb vmmcall fsgsbase bmi1 avx2 smep bmi2 rdseed adx smap clflushopt sha_ni xsaveopt xsavec xgetbv1 xsaves clzero irperf xsaveerptr arat npt lbrv svm_lock nrip_save tsc_scale vmcb_clean flushbyasid decodeassists pausefilter pfthreshold avic v_vmsave_vmload vgif overflow_recov succor smca

Memory: 4k page, physical 65882016k(286028k free), swap 2097148k(0k free)

vm_info: Java HotSpot(TM) 64-Bit Server VM (12.0.2+10) for linux-amd64 JRE (12.0.2+10), built on Jul 16 2019 00:56:35 by "mach5one" with gcc 7.3.0

END.
