#
# A fatal error has been detected by the Java Runtime Environment:
#
#  SIGSEGV (0xb) at pc=0x00007fb1af7a671e, pid=20198, tid=20218
#
# JRE version: Java(TM) SE Runtime Environment (12.0.1+12) (build 12.0.1+12)
# Java VM: Java HotSpot(TM) 64-Bit Server VM (12.0.1+12, mixed mode, sharing, tiered, compressed oops, g1 gc, linux-amd64)
# Problematic frame:
# V  [libjvm.so+0xb7a71e]  Method::checked_resolve_jmethod_id(_jmethodID*)+0xe
#
# Core dump will be written. Default location: Core dumps may be processed with "/usr/share/apport/apport %p %s %c %d %P" (or dumping to /home/rflachlan/NetBeansProjects/ChaffinchABC/core.20198)
#
# If you would like to submit a bug report, please visit:
#   http://bugreport.java.com/bugreport/crash.jsp
#

---------------  S U M M A R Y ------------

Command Line: -Dfile.encoding=UTF-8 -agentpath:/home/rflachlan/netbeans/profiler/lib/deployed/jdk16/linux-amd64/libprofilerinterface.so=/home/rflachlan/netbeans/profiler/lib,5140,10 -XX:+HeapDumpOnOutOfMemoryError -XX:HeapDumpPath=/home/rflachlan/NetBeansProjects/ChaffinchABC/nbproject/private/profiler org.ABCRunner.ABCRunner

Host: AMD Ryzen Threadripper 2990WX 32-Core Processor, 64 cores, 62G, Ubuntu 18.04.2 LTS
Time: Tue Jul  2 13:28:58 2019 BST elapsed time: 30 seconds (0d 0h 0m 30s)

---------------  T H R E A D  ---------------

Current thread (0x00007fb1a85a2000):  JavaThread "*** Profiler Agent Communication Thread" daemon [_thread_in_vm, id=20218, stack(0x00007fb152603000,0x00007fb152704000)]

Stack: [0x00007fb152603000,0x00007fb152704000],  sp=0x00007fb152702630,  free space=1021k
Native frames: (J=compiled Java code, A=aot compiled Java code, j=interpreted, Vv=VM code, C=native code)
V  [libjvm.so+0xb7a71e]  Method::checked_resolve_jmethod_id(_jmethodID*)+0xe
V  [libjvm.so+0x999ae0]  jvmti_GetMethodDeclaringClass+0x190

Java frames: (J=compiled Java code, j=interpreted, Vv=VM code)
j  org.netbeans.lib.profiler.server.system.Stacks.getMethodNamesForJMethodIds(I[I[I)[B+0
j  org.netbeans.lib.profiler.server.ProfilerInterface.getMethodNamesForJMethodIds([I)Lorg/netbeans/lib/profiler/wireprotocol/MethodNamesResponse;+20
j  org.netbeans.lib.profiler.server.ProfilerServer.handleClientCommand(Lorg/netbeans/lib/profiler/wireprotocol/Command;)V+691
j  org.netbeans.lib.profiler.server.ProfilerServer.listenToClient()V+48
j  org.netbeans.lib.profiler.server.ProfilerServer.run()V+22
v  ~StubRoutines::call_stub

siginfo: si_signo: 11 (SIGSEGV), si_code: 2 (SEGV_ACCERR), si_addr: 0x00007fb180000000

Register to memory mapping:

RAX=0x0000000000000074 is an unknown value
RBX=0x00007fb1a85a2000 is a thread
RCX=0x00007fb1b071041c: pthread_cond_signal+0x00000000000001dc in /lib/x86_64-linux-gnu/libpthread.so.0 at 0x00007fb1b0702000
RDX=0x0000000000000001 is an unknown value
RSP=0x00007fb152702630 is pointing into the stack for thread: 0x00007fb1a85a2000
RBP=0x00007fb152702640 is pointing into the stack for thread: 0x00007fb1a85a2000
RSI=0x00007fb1a85a2000 is a thread
RDI=0x00007fb180000000 is an unknown value
R8 =0x0 is NULL
R9 =0x00007fb1a8015c50 points into unknown readable memory: 67 ff 05 00 00 00 00 00
R10=0x0 is NULL
R11=0x0000000000000246 is an unknown value
R12=0x00007fb1a800b550 points into unknown readable memory: 20 68 06 b0 b1 7f 00 00
R13=0x00007fb152702710 is pointing into the stack for thread: 0x00007fb1a85a2000
R14=0x00007fb180000000 is an unknown value
R15=0x00007fb152702660 is pointing into the stack for thread: 0x00007fb1a85a2000


Registers:
RAX=0x0000000000000074, RBX=0x00007fb1a85a2000, RCX=0x00007fb1b071041c, RDX=0x0000000000000001
RSP=0x00007fb152702630, RBP=0x00007fb152702640, RSI=0x00007fb1a85a2000, RDI=0x00007fb180000000
R8 =0x0000000000000000, R9 =0x00007fb1a8015c50, R10=0x0000000000000000, R11=0x0000000000000246
R12=0x00007fb1a800b550, R13=0x00007fb152702710, R14=0x00007fb180000000, R15=0x00007fb152702660
RIP=0x00007fb1af7a671e, EFLAGS=0x0000000000010206, CSGSFS=0x002b000000000033, ERR=0x0000000000000004
  TRAPNO=0x000000000000000e

Top of Stack: (sp=0x00007fb152702630)
0x00007fb152702630:   00007fb180000000 00007fb1a85a2000
0x00007fb152702640:   00007fb1527026b0 00007fb1af5c5ae0
0x00007fb152702650:   00007fb1a85a2000 0000000000003160
0x00007fb152702660:   00007fb1a85a2000 0000000000000000 

Instructions: (pc=0x00007fb1af7a671e)
0x00007fb1af7a66fe:   00 00 31 c0 5d c3 0f 1f 40 00 b8 01 00 00 00 5d
0x00007fb1af7a670e:   c3 90 55 48 89 e5 53 48 83 ec 08 48 85 ff 74 3b
0x00007fb1af7a671e:   48 8b 1f 48 85 db 74 33 48 83 fb 37 74 2d 48 8b
0x00007fb1af7a672e:   03 48 8d 15 8a 2c ad ff 48 8b 40 10 48 39 d0 75 

Stack slot to memory mapping:
stack at sp + 0 slots: 0x00007fb180000000 is an unknown value
stack at sp + 1 slots: 0x00007fb1a85a2000 is a thread
stack at sp + 2 slots: 0x00007fb1527026b0 is pointing into the stack for thread: 0x00007fb1a85a2000
stack at sp + 3 slots: 0x00007fb1af5c5ae0: <offset 0x0000000000999ae0> in /usr/lib/jvm/java-12-oracle/lib/server/libjvm.so at 0x00007fb1aec2c000
stack at sp + 4 slots: 0x00007fb1a85a2000 is a thread
stack at sp + 5 slots: 0x0000000000003160 is an unknown value
stack at sp + 6 slots: 0x00007fb1a85a2000 is a thread
stack at sp + 7 slots: 0x0 is NULL


---------------  P R O C E S S  ---------------

Threads class SMR info:
_java_thread_list=0x00007fb118095800, length=14, elements={
0x00007fb1a8014800, 0x00007fb1a82ef800, 0x00007fb1a82f1800, 0x00007fb1a82f7000,
0x00007fb1a82f9000, 0x00007fb1a82fb000, 0x00007fb1a82fd000, 0x00007fb1a842d000,
0x00007fb1a85a2000, 0x00007fb1a85c1800, 0x00007fb1a85c3800, 0x00007fb1241fc800,
0x00007fb110053000, 0x00007fb1a8829800
}

Java Threads: ( => current thread )
  0x00007fb1a8014800 JavaThread "main" [_thread_in_Java, id=20202, stack(0x00007fb1b0e5b000,0x00007fb1b0f5c000)]
  0x00007fb1a82ef800 JavaThread "Reference Handler" daemon [_thread_blocked, id=20209, stack(0x00007fb158562000,0x00007fb158663000)]
  0x00007fb1a82f1800 JavaThread "Finalizer" daemon [_thread_blocked, id=20210, stack(0x00007fb158461000,0x00007fb158562000)]
  0x00007fb1a82f7000 JavaThread "Signal Dispatcher" daemon [_thread_blocked, id=20211, stack(0x00007fb158360000,0x00007fb158461000)]
  0x00007fb1a82f9000 JavaThread "C2 CompilerThread0" daemon [_thread_blocked, id=20212, stack(0x00007fb15825f000,0x00007fb158360000)]
  0x00007fb1a82fb000 JavaThread "C1 CompilerThread0" daemon [_thread_blocked, id=20213, stack(0x00007fb15815e000,0x00007fb15825f000)]
  0x00007fb1a82fd000 JavaThread "Sweeper thread" daemon [_thread_blocked, id=20214, stack(0x00007fb15805d000,0x00007fb15815e000)]
  0x00007fb1a842d000 JavaThread "Common-Cleaner" daemon [_thread_blocked, id=20217, stack(0x00007fb152b2e000,0x00007fb152c2f000)]
=>0x00007fb1a85a2000 JavaThread "*** Profiler Agent Communication Thread" daemon [_thread_in_vm, id=20218, stack(0x00007fb152603000,0x00007fb152704000)]
  0x00007fb1a85c1800 JavaThread "*** JFluid Monitor thread ***" daemon [_thread_blocked, id=20220, stack(0x00007fb152d30000,0x00007fb152e31000)]
  0x00007fb1a85c3800 JavaThread "*** Profiler Agent Special Execution Thread 6" daemon [_thread_blocked, id=20221, stack(0x00007fb152c2f000,0x00007fb152d30000)]
  0x00007fb1241fc800 JavaThread "process reaper" daemon [_thread_blocked, id=20226, stack(0x00007fb1ac00b000,0x00007fb1ac02d000)]
  0x00007fb110053000 JavaThread "*** Profiler Agent Special Execution Thread 10" daemon [_thread_blocked, id=20228, stack(0x00007fb151cf2000,0x00007fb151df3000)]
  0x00007fb1a8829800 JavaThread "Service Thread" daemon [_thread_blocked, id=20229, stack(0x00007fb151df3000,0x00007fb151ef4000)]

Other Threads:
  0x00007fb1a82ea000 VMThread "VM Thread" [stack: 0x00007fb158665000,0x00007fb158765000] [id=20208] _threads_hazard_ptr=0x00007fb118095800
  0x00007fb1a882c000 WatcherThread [stack: 0x00007fb151acd000,0x00007fb151bcd000] [id=20230]
  0x00007fb1a8071800 GCTaskThread "GC Thread#0" [stack: 0x00007fb16976a000,0x00007fb16986a000] [id=20203]
  0x00007fb1489a0800 GCTaskThread "GC Thread#1" [stack: 0x00007fb1516c8000,0x00007fb1517c8000] [id=20235]
  0x00007fb148912000 GCTaskThread "GC Thread#2" [stack: 0x00007fb1515c6000,0x00007fb1516c6000] [id=20236]
  0x00007fb148912800 GCTaskThread "GC Thread#3" [stack: 0x00007fb1514c4000,0x00007fb1515c4000] [id=20237]
  0x00007fb148913800 GCTaskThread "GC Thread#4" [stack: 0x00007fb1513c2000,0x00007fb1514c2000] [id=20238]
  0x00007fb148915000 GCTaskThread "GC Thread#5" [stack: 0x00007fb1512c0000,0x00007fb1513c0000] [id=20239]
  0x00007fb148916800 GCTaskThread "GC Thread#6" [stack: 0x00007fb1511be000,0x00007fb1512be000] [id=20240]
  0x00007fb148918000 GCTaskThread "GC Thread#7" [stack: 0x00007fb1510bc000,0x00007fb1511bc000] [id=20241]
  0x00007fb148919800 GCTaskThread "GC Thread#8" [stack: 0x00007fb150fba000,0x00007fb1510ba000] [id=20242]
  0x00007fb14891b000 GCTaskThread "GC Thread#9" [stack: 0x00007fb150eb8000,0x00007fb150fb8000] [id=20243]
  0x00007fb14891c800 GCTaskThread "GC Thread#10" [stack: 0x00007fb150db6000,0x00007fb150eb6000] [id=20244]
  0x00007fb14891e000 GCTaskThread "GC Thread#11" [stack: 0x00007fb150cb4000,0x00007fb150db4000] [id=20245]
  0x00007fb14891f800 GCTaskThread "GC Thread#12" [stack: 0x00007fb150bb2000,0x00007fb150cb2000] [id=20246]
  0x00007fb148921000 GCTaskThread "GC Thread#13" [stack: 0x00007fb150ab0000,0x00007fb150bb0000] [id=20247]
  0x00007fb148922800 GCTaskThread "GC Thread#14" [stack: 0x00007fb1509ae000,0x00007fb150aae000] [id=20248]
  0x00007fb148924000 GCTaskThread "GC Thread#15" [stack: 0x00007fb1508ac000,0x00007fb1509ac000] [id=20249]
  0x00007fb148925800 GCTaskThread "GC Thread#16" [stack: 0x00007fb1507aa000,0x00007fb1508aa000] [id=20250]
  0x00007fb148927000 GCTaskThread "GC Thread#17" [stack: 0x00007fb1506a8000,0x00007fb1507a8000] [id=20251]
  0x00007fb148928800 GCTaskThread "GC Thread#18" [stack: 0x00007fb1505a6000,0x00007fb1506a6000] [id=20252]
  0x00007fb14892a000 GCTaskThread "GC Thread#19" [stack: 0x00007fb1504a4000,0x00007fb1505a4000] [id=20253]
  0x00007fb14892b800 GCTaskThread "GC Thread#20" [stack: 0x00007fb1503a2000,0x00007fb1504a2000] [id=20254]
  0x00007fb14892d800 GCTaskThread "GC Thread#21" [stack: 0x00007fb1502a0000,0x00007fb1503a0000] [id=20255]
  0x00007fb14892f000 GCTaskThread "GC Thread#22" [stack: 0x00007fb15019e000,0x00007fb15029e000] [id=20256]
  0x00007fb148930800 GCTaskThread "GC Thread#23" [stack: 0x00007fb15009c000,0x00007fb15019c000] [id=20257]
  0x00007fb1a808b800 ConcurrentGCThread "G1 Main Marker" [stack: 0x00007fb169668000,0x00007fb169768000] [id=20204]
  0x00007fb1a808d800 ConcurrentGCThread "G1 Conc#0" [stack: 0x00007fb169566000,0x00007fb169666000] [id=20205]
  0x00007fb1a82a8800 ConcurrentGCThread "G1 Refine#0" [stack: 0x00007fb1588ea000,0x00007fb1589ea000] [id=20206]
  0x00007fb1a82aa800 ConcurrentGCThread "G1 Young RemSet Sampling" [stack: 0x00007fb1587e8000,0x00007fb1588e8000] [id=20207]

Threads with active compile tasks:
C1 CompilerThread0  1039       3       java.io.ObjectInputStream$BlockDataInputStream::readInt (73 bytes)

VM state:synchronizing (normal execution)

VM Mutex/Monitor currently owned by a thread:  ([mutex/lock_event])
[0x00007fb1a80104a0] Safepoint_lock - owner thread: 0x00007fb1a82ea000
[0x00007fb1a8010530] Threads_lock - owner thread: 0x00007fb1a82ea000

Heap address: 0x0000000412800000, size: 16088 MB, Compressed Oops mode: Zero based, Oop shift amount: 3
Narrow klass base: 0x0000000800000000, Narrow klass shift: 3
Compressed class space size: 1073741824 Address: 0x0000000801129000

Heap:
 garbage-first heap   total 1040384K, used 311848K [0x0000000412800000, 0x0000000800000000)
  region size 4096K, 65 young (266240K), 1 survivors (4096K)
 Metaspace       used 5712K, capacity 5970K, committed 6144K, reserved 1056768K
  class space    used 576K, capacity 664K, committed 768K, reserved 1048576K
Heap Regions: E=young(eden), S=young(survivor), O=old, HS=humongous(starts), HC=humongous(continues), CS=collection set, F=free, A=archive, TAMS=top-at-mark-start (previous, next)
|   0|0x0000000412800000, 0x0000000412c00000, 0x0000000412c00000|100%| O|  |TAMS 0x0000000412800000, 0x0000000412800000| Untracked 
|   1|0x0000000412c00000, 0x0000000413000000, 0x0000000413000000|100%| O|  |TAMS 0x0000000412c00000, 0x0000000412c00000| Untracked 
|   2|0x0000000413000000, 0x0000000413400000, 0x0000000413400000|100%| O|  |TAMS 0x0000000413000000, 0x0000000413000000| Untracked 
|   3|0x0000000413400000, 0x0000000413800000, 0x0000000413800000|100%| O|  |TAMS 0x0000000413400000, 0x0000000413400000| Untracked 
|   4|0x0000000413800000, 0x0000000413c00000, 0x0000000413c00000|100%| O|  |TAMS 0x0000000413800000, 0x0000000413800000| Untracked 
|   5|0x0000000413c00000, 0x0000000414000000, 0x0000000414000000|100%| O|  |TAMS 0x0000000413c00000, 0x0000000413c00000| Untracked 
|   6|0x0000000414000000, 0x0000000414400000, 0x0000000414400000|100%| O|  |TAMS 0x0000000414000000, 0x0000000414000000| Untracked 
|   7|0x0000000414400000, 0x0000000414800000, 0x0000000414800000|100%| O|  |TAMS 0x0000000414400000, 0x0000000414400000| Untracked 
|   8|0x0000000414800000, 0x0000000414c00000, 0x0000000414c00000|100%| O|  |TAMS 0x0000000414800000, 0x0000000414800000| Untracked 
|   9|0x0000000414c00000, 0x0000000415000000, 0x0000000415000000|100%| O|  |TAMS 0x0000000414c00000, 0x0000000414c00000| Untracked 
|  10|0x0000000415000000, 0x0000000415400000, 0x0000000415400000|100%| O|  |TAMS 0x0000000415000000, 0x0000000415000000| Untracked 
|  11|0x0000000415400000, 0x0000000415800000, 0x0000000415800000|100%| O|  |TAMS 0x0000000415400000, 0x0000000415400000| Untracked 
|  12|0x0000000415800000, 0x00000004158ca200, 0x0000000415c00000| 19%| O|  |TAMS 0x0000000415800000, 0x0000000415800000| Untracked 
|  13|0x0000000415c00000, 0x0000000415c00000, 0x0000000416000000|  0%| F|  |TAMS 0x0000000415c00000, 0x0000000415c00000| Untracked 
|  14|0x0000000416000000, 0x0000000416000000, 0x0000000416400000|  0%| F|  |TAMS 0x0000000416000000, 0x0000000416000000| Untracked 
|  15|0x0000000416400000, 0x0000000416400000, 0x0000000416800000|  0%| F|  |TAMS 0x0000000416400000, 0x0000000416400000| Untracked 
|  16|0x0000000416800000, 0x0000000416800000, 0x0000000416c00000|  0%| F|  |TAMS 0x0000000416800000, 0x0000000416800000| Untracked 
|  17|0x0000000416c00000, 0x0000000416c00000, 0x0000000417000000|  0%| F|  |TAMS 0x0000000416c00000, 0x0000000416c00000| Untracked 
|  18|0x0000000417000000, 0x0000000417000000, 0x0000000417400000|  0%| F|  |TAMS 0x0000000417000000, 0x0000000417000000| Untracked 
|  19|0x0000000417400000, 0x0000000417400000, 0x0000000417800000|  0%| F|  |TAMS 0x0000000417400000, 0x0000000417400000| Untracked 
|  20|0x0000000417800000, 0x0000000417800000, 0x0000000417c00000|  0%| F|  |TAMS 0x0000000417800000, 0x0000000417800000| Untracked 
|  21|0x0000000417c00000, 0x0000000417c00000, 0x0000000418000000|  0%| F|  |TAMS 0x0000000417c00000, 0x0000000417c00000| Untracked 
|  22|0x0000000418000000, 0x0000000418000000, 0x0000000418400000|  0%| F|  |TAMS 0x0000000418000000, 0x0000000418000000| Untracked 
|  23|0x0000000418400000, 0x0000000418400000, 0x0000000418800000|  0%| F|  |TAMS 0x0000000418400000, 0x0000000418400000| Untracked 
|  24|0x0000000418800000, 0x0000000418800000, 0x0000000418c00000|  0%| F|  |TAMS 0x0000000418800000, 0x0000000418800000| Untracked 
|  25|0x0000000418c00000, 0x0000000418c00000, 0x0000000419000000|  0%| F|  |TAMS 0x0000000418c00000, 0x0000000418c00000| Untracked 
|  26|0x0000000419000000, 0x0000000419000000, 0x0000000419400000|  0%| F|  |TAMS 0x0000000419000000, 0x0000000419000000| Untracked 
|  27|0x0000000419400000, 0x0000000419400000, 0x0000000419800000|  0%| F|  |TAMS 0x0000000419400000, 0x0000000419400000| Untracked 
|  28|0x0000000419800000, 0x0000000419800000, 0x0000000419c00000|  0%| F|  |TAMS 0x0000000419800000, 0x0000000419800000| Untracked 
|  29|0x0000000419c00000, 0x0000000419c00000, 0x000000041a000000|  0%| F|  |TAMS 0x0000000419c00000, 0x0000000419c00000| Untracked 
|  30|0x000000041a000000, 0x000000041a000000, 0x000000041a400000|  0%| F|  |TAMS 0x000000041a000000, 0x000000041a000000| Untracked 
|  31|0x000000041a400000, 0x000000041a400000, 0x000000041a800000|  0%| F|  |TAMS 0x000000041a400000, 0x000000041a400000| Untracked 
|  32|0x000000041a800000, 0x000000041a800000, 0x000000041ac00000|  0%| F|  |TAMS 0x000000041a800000, 0x000000041a800000| Untracked 
|  33|0x000000041ac00000, 0x000000041ac00000, 0x000000041b000000|  0%| F|  |TAMS 0x000000041ac00000, 0x000000041ac00000| Untracked 
|  34|0x000000041b000000, 0x000000041b000000, 0x000000041b400000|  0%| F|  |TAMS 0x000000041b000000, 0x000000041b000000| Untracked 
|  35|0x000000041b400000, 0x000000041b400000, 0x000000041b800000|  0%| F|  |TAMS 0x000000041b400000, 0x000000041b400000| Untracked 
|  36|0x000000041b800000, 0x000000041b800000, 0x000000041bc00000|  0%| F|  |TAMS 0x000000041b800000, 0x000000041b800000| Untracked 
|  37|0x000000041bc00000, 0x000000041bc00000, 0x000000041c000000|  0%| F|  |TAMS 0x000000041bc00000, 0x000000041bc00000| Untracked 
|  38|0x000000041c000000, 0x000000041c000000, 0x000000041c400000|  0%| F|  |TAMS 0x000000041c000000, 0x000000041c000000| Untracked 
|  39|0x000000041c400000, 0x000000041c400000, 0x000000041c800000|  0%| F|  |TAMS 0x000000041c400000, 0x000000041c400000| Untracked 
|  40|0x000000041c800000, 0x000000041c800000, 0x000000041cc00000|  0%| F|  |TAMS 0x000000041c800000, 0x000000041c800000| Untracked 
|  41|0x000000041cc00000, 0x000000041cc00000, 0x000000041d000000|  0%| F|  |TAMS 0x000000041cc00000, 0x000000041cc00000| Untracked 
|  42|0x000000041d000000, 0x000000041d000000, 0x000000041d400000|  0%| F|  |TAMS 0x000000041d000000, 0x000000041d000000| Untracked 
|  43|0x000000041d400000, 0x000000041d400000, 0x000000041d800000|  0%| F|  |TAMS 0x000000041d400000, 0x000000041d400000| Untracked 
|  44|0x000000041d800000, 0x000000041d800000, 0x000000041dc00000|  0%| F|  |TAMS 0x000000041d800000, 0x000000041d800000| Untracked 
|  45|0x000000041dc00000, 0x000000041dc00000, 0x000000041e000000|  0%| F|  |TAMS 0x000000041dc00000, 0x000000041dc00000| Untracked 
|  46|0x000000041e000000, 0x000000041e000000, 0x000000041e400000|  0%| F|  |TAMS 0x000000041e000000, 0x000000041e000000| Untracked 
|  47|0x000000041e400000, 0x000000041e400000, 0x000000041e800000|  0%| F|  |TAMS 0x000000041e400000, 0x000000041e400000| Untracked 
|  48|0x000000041e800000, 0x000000041e800000, 0x000000041ec00000|  0%| F|  |TAMS 0x000000041e800000, 0x000000041e800000| Untracked 
|  49|0x000000041ec00000, 0x000000041ec00000, 0x000000041f000000|  0%| F|  |TAMS 0x000000041ec00000, 0x000000041ec00000| Untracked 
|  50|0x000000041f000000, 0x000000041f000000, 0x000000041f400000|  0%| F|  |TAMS 0x000000041f000000, 0x000000041f000000| Untracked 
|  51|0x000000041f400000, 0x000000041f400000, 0x000000041f800000|  0%| F|  |TAMS 0x000000041f400000, 0x000000041f400000| Untracked 
|  52|0x000000041f800000, 0x000000041f800000, 0x000000041fc00000|  0%| F|  |TAMS 0x000000041f800000, 0x000000041f800000| Untracked 
|  53|0x000000041fc00000, 0x000000041fc00000, 0x0000000420000000|  0%| F|  |TAMS 0x000000041fc00000, 0x000000041fc00000| Untracked 
|  54|0x0000000420000000, 0x0000000420000000, 0x0000000420400000|  0%| F|  |TAMS 0x0000000420000000, 0x0000000420000000| Untracked 
|  55|0x0000000420400000, 0x0000000420400000, 0x0000000420800000|  0%| F|  |TAMS 0x0000000420400000, 0x0000000420400000| Untracked 
|  56|0x0000000420800000, 0x0000000420800000, 0x0000000420c00000|  0%| F|  |TAMS 0x0000000420800000, 0x0000000420800000| Untracked 
|  57|0x0000000420c00000, 0x0000000420c00000, 0x0000000421000000|  0%| F|  |TAMS 0x0000000420c00000, 0x0000000420c00000| Untracked 
|  58|0x0000000421000000, 0x0000000421000000, 0x0000000421400000|  0%| F|  |TAMS 0x0000000421000000, 0x0000000421000000| Untracked 
|  59|0x0000000421400000, 0x0000000421400000, 0x0000000421800000|  0%| F|  |TAMS 0x0000000421400000, 0x0000000421400000| Untracked 
|  60|0x0000000421800000, 0x0000000421800000, 0x0000000421c00000|  0%| F|  |TAMS 0x0000000421800000, 0x0000000421800000| Untracked 
|  61|0x0000000421c00000, 0x0000000421c00000, 0x0000000422000000|  0%| F|  |TAMS 0x0000000421c00000, 0x0000000421c00000| Untracked 
|  62|0x0000000422000000, 0x0000000422000000, 0x0000000422400000|  0%| F|  |TAMS 0x0000000422000000, 0x0000000422000000| Untracked 
|  63|0x0000000422400000, 0x0000000422400000, 0x0000000422800000|  0%| F|  |TAMS 0x0000000422400000, 0x0000000422400000| Untracked 
|  64|0x0000000422800000, 0x0000000422800000, 0x0000000422c00000|  0%| F|  |TAMS 0x0000000422800000, 0x0000000422800000| Untracked 
|  65|0x0000000422c00000, 0x0000000422c00000, 0x0000000423000000|  0%| F|  |TAMS 0x0000000422c00000, 0x0000000422c00000| Untracked 
|  66|0x0000000423000000, 0x0000000423000000, 0x0000000423400000|  0%| F|  |TAMS 0x0000000423000000, 0x0000000423000000| Untracked 
|  67|0x0000000423400000, 0x0000000423400000, 0x0000000423800000|  0%| F|  |TAMS 0x0000000423400000, 0x0000000423400000| Untracked 
|  68|0x0000000423800000, 0x0000000423800000, 0x0000000423c00000|  0%| F|  |TAMS 0x0000000423800000, 0x0000000423800000| Untracked 
|  69|0x0000000423c00000, 0x0000000423c00000, 0x0000000424000000|  0%| F|  |TAMS 0x0000000423c00000, 0x0000000423c00000| Untracked 
|  70|0x0000000424000000, 0x0000000424000000, 0x0000000424400000|  0%| F|  |TAMS 0x0000000424000000, 0x0000000424000000| Untracked 
|  71|0x0000000424400000, 0x0000000424400000, 0x0000000424800000|  0%| F|  |TAMS 0x0000000424400000, 0x0000000424400000| Untracked 
|  72|0x0000000424800000, 0x0000000424800000, 0x0000000424c00000|  0%| F|  |TAMS 0x0000000424800000, 0x0000000424800000| Untracked 
|  73|0x0000000424c00000, 0x0000000424c00000, 0x0000000425000000|  0%| F|  |TAMS 0x0000000424c00000, 0x0000000424c00000| Untracked 
|  74|0x0000000425000000, 0x0000000425000000, 0x0000000425400000|  0%| F|  |TAMS 0x0000000425000000, 0x0000000425000000| Untracked 
|  75|0x0000000425400000, 0x0000000425400000, 0x0000000425800000|  0%| F|  |TAMS 0x0000000425400000, 0x0000000425400000| Untracked 
|  76|0x0000000425800000, 0x0000000425800000, 0x0000000425c00000|  0%| F|  |TAMS 0x0000000425800000, 0x0000000425800000| Untracked 
|  77|0x0000000425c00000, 0x0000000425c00000, 0x0000000426000000|  0%| F|  |TAMS 0x0000000425c00000, 0x0000000425c00000| Untracked 
|  78|0x0000000426000000, 0x0000000426000000, 0x0000000426400000|  0%| F|  |TAMS 0x0000000426000000, 0x0000000426000000| Untracked 
|  79|0x0000000426400000, 0x0000000426400000, 0x0000000426800000|  0%| F|  |TAMS 0x0000000426400000, 0x0000000426400000| Untracked 
|  80|0x0000000426800000, 0x0000000426800000, 0x0000000426c00000|  0%| F|  |TAMS 0x0000000426800000, 0x0000000426800000| Untracked 
|  81|0x0000000426c00000, 0x0000000426c00000, 0x0000000427000000|  0%| F|  |TAMS 0x0000000426c00000, 0x0000000426c00000| Untracked 
|  82|0x0000000427000000, 0x0000000427000000, 0x0000000427400000|  0%| F|  |TAMS 0x0000000427000000, 0x0000000427000000| Untracked 
|  83|0x0000000427400000, 0x0000000427400000, 0x0000000427800000|  0%| F|  |TAMS 0x0000000427400000, 0x0000000427400000| Untracked 
|  84|0x0000000427800000, 0x0000000427800000, 0x0000000427c00000|  0%| F|  |TAMS 0x0000000427800000, 0x0000000427800000| Untracked 
|  85|0x0000000427c00000, 0x0000000427c00000, 0x0000000428000000|  0%| F|  |TAMS 0x0000000427c00000, 0x0000000427c00000| Untracked 
|  86|0x0000000428000000, 0x0000000428000000, 0x0000000428400000|  0%| F|  |TAMS 0x0000000428000000, 0x0000000428000000| Untracked 
|  87|0x0000000428400000, 0x0000000428400000, 0x0000000428800000|  0%| F|  |TAMS 0x0000000428400000, 0x0000000428400000| Untracked 
|  88|0x0000000428800000, 0x0000000428800000, 0x0000000428c00000|  0%| F|  |TAMS 0x0000000428800000, 0x0000000428800000| Untracked 
|  89|0x0000000428c00000, 0x0000000428c00000, 0x0000000429000000|  0%| F|  |TAMS 0x0000000428c00000, 0x0000000428c00000| Untracked 
|  90|0x0000000429000000, 0x0000000429000000, 0x0000000429400000|  0%| F|  |TAMS 0x0000000429000000, 0x0000000429000000| Untracked 
|  91|0x0000000429400000, 0x0000000429400000, 0x0000000429800000|  0%| F|  |TAMS 0x0000000429400000, 0x0000000429400000| Untracked 
|  92|0x0000000429800000, 0x0000000429800000, 0x0000000429c00000|  0%| F|  |TAMS 0x0000000429800000, 0x0000000429800000| Untracked 
|  93|0x0000000429c00000, 0x0000000429c00000, 0x000000042a000000|  0%| F|  |TAMS 0x0000000429c00000, 0x0000000429c00000| Untracked 
|  94|0x000000042a000000, 0x000000042a000000, 0x000000042a400000|  0%| F|  |TAMS 0x000000042a000000, 0x000000042a000000| Untracked 
|  95|0x000000042a400000, 0x000000042a400000, 0x000000042a800000|  0%| F|  |TAMS 0x000000042a400000, 0x000000042a400000| Untracked 
|  96|0x000000042a800000, 0x000000042a800000, 0x000000042ac00000|  0%| F|  |TAMS 0x000000042a800000, 0x000000042a800000| Untracked 
|  97|0x000000042ac00000, 0x000000042ac00000, 0x000000042b000000|  0%| F|  |TAMS 0x000000042ac00000, 0x000000042ac00000| Untracked 
|  98|0x000000042b000000, 0x000000042b000000, 0x000000042b400000|  0%| F|  |TAMS 0x000000042b000000, 0x000000042b000000| Untracked 
|  99|0x000000042b400000, 0x000000042b400000, 0x000000042b800000|  0%| F|  |TAMS 0x000000042b400000, 0x000000042b400000| Untracked 
| 100|0x000000042b800000, 0x000000042b800000, 0x000000042bc00000|  0%| F|  |TAMS 0x000000042b800000, 0x000000042b800000| Untracked 
| 101|0x000000042bc00000, 0x000000042bc070e0, 0x000000042c000000|  0%| S|CS|TAMS 0x000000042bc00000, 0x000000042bc00000| Complete 
| 102|0x000000042c000000, 0x000000042c000000, 0x000000042c400000|  0%| F|  |TAMS 0x000000042c000000, 0x000000042c000000| Untracked 
| 103|0x000000042c400000, 0x000000042c400000, 0x000000042c800000|  0%| F|  |TAMS 0x000000042c400000, 0x000000042c400000| Untracked 
| 104|0x000000042c800000, 0x000000042c800000, 0x000000042cc00000|  0%| F|  |TAMS 0x000000042c800000, 0x000000042c800000| Untracked 
| 105|0x000000042cc00000, 0x000000042cc00000, 0x000000042d000000|  0%| F|  |TAMS 0x000000042cc00000, 0x000000042cc00000| Untracked 
| 106|0x000000042d000000, 0x000000042d000000, 0x000000042d400000|  0%| F|  |TAMS 0x000000042d000000, 0x000000042d000000| Untracked 
| 107|0x000000042d400000, 0x000000042d400000, 0x000000042d800000|  0%| F|  |TAMS 0x000000042d400000, 0x000000042d400000| Untracked 
| 108|0x000000042d800000, 0x000000042d800000, 0x000000042dc00000|  0%| F|  |TAMS 0x000000042d800000, 0x000000042d800000| Untracked 
| 109|0x000000042dc00000, 0x000000042dc00000, 0x000000042e000000|  0%| F|  |TAMS 0x000000042dc00000, 0x000000042dc00000| Untracked 
| 110|0x000000042e000000, 0x000000042e000000, 0x000000042e400000|  0%| F|  |TAMS 0x000000042e000000, 0x000000042e000000| Untracked 
| 111|0x000000042e400000, 0x000000042e400000, 0x000000042e800000|  0%| F|  |TAMS 0x000000042e400000, 0x000000042e400000| Untracked 
| 112|0x000000042e800000, 0x000000042e800000, 0x000000042ec00000|  0%| F|  |TAMS 0x000000042e800000, 0x000000042e800000| Untracked 
| 113|0x000000042ec00000, 0x000000042ec00000, 0x000000042f000000|  0%| F|  |TAMS 0x000000042ec00000, 0x000000042ec00000| Untracked 
| 114|0x000000042f000000, 0x000000042f000000, 0x000000042f400000|  0%| F|  |TAMS 0x000000042f000000, 0x000000042f000000| Untracked 
| 115|0x000000042f400000, 0x000000042f400000, 0x000000042f800000|  0%| F|  |TAMS 0x000000042f400000, 0x000000042f400000| Untracked 
| 116|0x000000042f800000, 0x000000042f800000, 0x000000042fc00000|  0%| F|  |TAMS 0x000000042f800000, 0x000000042f800000| Untracked 
| 117|0x000000042fc00000, 0x000000042fc00000, 0x0000000430000000|  0%| F|  |TAMS 0x000000042fc00000, 0x000000042fc00000| Untracked 
| 118|0x0000000430000000, 0x0000000430000000, 0x0000000430400000|  0%| F|  |TAMS 0x0000000430000000, 0x0000000430000000| Untracked 
| 119|0x0000000430400000, 0x0000000430400000, 0x0000000430800000|  0%| F|  |TAMS 0x0000000430400000, 0x0000000430400000| Untracked 
| 120|0x0000000430800000, 0x0000000430800000, 0x0000000430c00000|  0%| F|  |TAMS 0x0000000430800000, 0x0000000430800000| Untracked 
| 121|0x0000000430c00000, 0x0000000430c00000, 0x0000000431000000|  0%| F|  |TAMS 0x0000000430c00000, 0x0000000430c00000| Untracked 
| 122|0x0000000431000000, 0x0000000431000000, 0x0000000431400000|  0%| F|  |TAMS 0x0000000431000000, 0x0000000431000000| Untracked 
| 123|0x0000000431400000, 0x0000000431400000, 0x0000000431800000|  0%| F|  |TAMS 0x0000000431400000, 0x0000000431400000| Untracked 
| 124|0x0000000431800000, 0x0000000431800000, 0x0000000431c00000|  0%| F|  |TAMS 0x0000000431800000, 0x0000000431800000| Untracked 
| 125|0x0000000431c00000, 0x0000000431c00000, 0x0000000432000000|  0%| F|  |TAMS 0x0000000431c00000, 0x0000000431c00000| Untracked 
| 126|0x0000000432000000, 0x0000000432000000, 0x0000000432400000|  0%| F|  |TAMS 0x0000000432000000, 0x0000000432000000| Untracked 
| 127|0x0000000432400000, 0x0000000432400000, 0x0000000432800000|  0%| F|  |TAMS 0x0000000432400000, 0x0000000432400000| Untracked 
| 128|0x0000000432800000, 0x0000000432800000, 0x0000000432c00000|  0%| F|  |TAMS 0x0000000432800000, 0x0000000432800000| Untracked 
| 129|0x0000000432c00000, 0x0000000432c00000, 0x0000000433000000|  0%| F|  |TAMS 0x0000000432c00000, 0x0000000432c00000| Untracked 
| 130|0x0000000433000000, 0x0000000433000000, 0x0000000433400000|  0%| F|  |TAMS 0x0000000433000000, 0x0000000433000000| Untracked 
| 131|0x0000000433400000, 0x0000000433400000, 0x0000000433800000|  0%| F|  |TAMS 0x0000000433400000, 0x0000000433400000| Untracked 
| 132|0x0000000433800000, 0x0000000433800000, 0x0000000433c00000|  0%| F|  |TAMS 0x0000000433800000, 0x0000000433800000| Untracked 
| 133|0x0000000433c00000, 0x0000000433c00000, 0x0000000434000000|  0%| F|  |TAMS 0x0000000433c00000, 0x0000000433c00000| Untracked 
| 134|0x0000000434000000, 0x0000000434000000, 0x0000000434400000|  0%| F|  |TAMS 0x0000000434000000, 0x0000000434000000| Untracked 
| 135|0x0000000434400000, 0x0000000434400000, 0x0000000434800000|  0%| F|  |TAMS 0x0000000434400000, 0x0000000434400000| Untracked 
| 136|0x0000000434800000, 0x0000000434800000, 0x0000000434c00000|  0%| F|  |TAMS 0x0000000434800000, 0x0000000434800000| Untracked 
| 137|0x0000000434c00000, 0x0000000434c00000, 0x0000000435000000|  0%| F|  |TAMS 0x0000000434c00000, 0x0000000434c00000| Untracked 
| 138|0x0000000435000000, 0x0000000435000000, 0x0000000435400000|  0%| F|  |TAMS 0x0000000435000000, 0x0000000435000000| Untracked 
| 139|0x0000000435400000, 0x0000000435400000, 0x0000000435800000|  0%| F|  |TAMS 0x0000000435400000, 0x0000000435400000| Untracked 
| 140|0x0000000435800000, 0x0000000435800000, 0x0000000435c00000|  0%| F|  |TAMS 0x0000000435800000, 0x0000000435800000| Untracked 
| 141|0x0000000435c00000, 0x0000000435c00000, 0x0000000436000000|  0%| F|  |TAMS 0x0000000435c00000, 0x0000000435c00000| Untracked 
| 142|0x0000000436000000, 0x0000000436000000, 0x0000000436400000|  0%| F|  |TAMS 0x0000000436000000, 0x0000000436000000| Untracked 
| 143|0x0000000436400000, 0x0000000436400000, 0x0000000436800000|  0%| F|  |TAMS 0x0000000436400000, 0x0000000436400000| Untracked 
| 144|0x0000000436800000, 0x0000000436800000, 0x0000000436c00000|  0%| F|  |TAMS 0x0000000436800000, 0x0000000436800000| Untracked 
| 145|0x0000000436c00000, 0x0000000436c00000, 0x0000000437000000|  0%| F|  |TAMS 0x0000000436c00000, 0x0000000436c00000| Untracked 
| 146|0x0000000437000000, 0x0000000437000000, 0x0000000437400000|  0%| F|  |TAMS 0x0000000437000000, 0x0000000437000000| Untracked 
| 147|0x0000000437400000, 0x0000000437400000, 0x0000000437800000|  0%| F|  |TAMS 0x0000000437400000, 0x0000000437400000| Untracked 
| 148|0x0000000437800000, 0x0000000437800000, 0x0000000437c00000|  0%| F|  |TAMS 0x0000000437800000, 0x0000000437800000| Untracked 
| 149|0x0000000437c00000, 0x0000000437c00000, 0x0000000438000000|  0%| F|  |TAMS 0x0000000437c00000, 0x0000000437c00000| Untracked 
| 150|0x0000000438000000, 0x0000000438000000, 0x0000000438400000|  0%| F|  |TAMS 0x0000000438000000, 0x0000000438000000| Untracked 
| 151|0x0000000438400000, 0x0000000438400000, 0x0000000438800000|  0%| F|  |TAMS 0x0000000438400000, 0x0000000438400000| Untracked 
| 152|0x0000000438800000, 0x0000000438800000, 0x0000000438c00000|  0%| F|  |TAMS 0x0000000438800000, 0x0000000438800000| Untracked 
| 153|0x0000000438c00000, 0x0000000438c00000, 0x0000000439000000|  0%| F|  |TAMS 0x0000000438c00000, 0x0000000438c00000| Untracked 
| 154|0x0000000439000000, 0x0000000439000000, 0x0000000439400000|  0%| F|  |TAMS 0x0000000439000000, 0x0000000439000000| Untracked 
| 155|0x0000000439400000, 0x0000000439400000, 0x0000000439800000|  0%| F|  |TAMS 0x0000000439400000, 0x0000000439400000| Untracked 
| 156|0x0000000439800000, 0x0000000439800000, 0x0000000439c00000|  0%| F|  |TAMS 0x0000000439800000, 0x0000000439800000| Untracked 
| 157|0x0000000439c00000, 0x0000000439c00000, 0x000000043a000000|  0%| F|  |TAMS 0x0000000439c00000, 0x0000000439c00000| Untracked 
| 158|0x000000043a000000, 0x000000043a000000, 0x000000043a400000|  0%| F|  |TAMS 0x000000043a000000, 0x000000043a000000| Untracked 
| 159|0x000000043a400000, 0x000000043a400000, 0x000000043a800000|  0%| F|  |TAMS 0x000000043a400000, 0x000000043a400000| Untracked 
| 160|0x000000043a800000, 0x000000043a800000, 0x000000043ac00000|  0%| F|  |TAMS 0x000000043a800000, 0x000000043a800000| Untracked 
| 161|0x000000043ac00000, 0x000000043ac00000, 0x000000043b000000|  0%| F|  |TAMS 0x000000043ac00000, 0x000000043ac00000| Untracked 
| 162|0x000000043b000000, 0x000000043b000000, 0x000000043b400000|  0%| F|  |TAMS 0x000000043b000000, 0x000000043b000000| Untracked 
| 163|0x000000043b400000, 0x000000043b400000, 0x000000043b800000|  0%| F|  |TAMS 0x000000043b400000, 0x000000043b400000| Untracked 
| 164|0x000000043b800000, 0x000000043b800000, 0x000000043bc00000|  0%| F|  |TAMS 0x000000043b800000, 0x000000043b800000| Untracked 
| 165|0x000000043bc00000, 0x000000043bc00000, 0x000000043c000000|  0%| F|  |TAMS 0x000000043bc00000, 0x000000043bc00000| Untracked 
| 166|0x000000043c000000, 0x000000043c000000, 0x000000043c400000|  0%| F|  |TAMS 0x000000043c000000, 0x000000043c000000| Untracked 
| 167|0x000000043c400000, 0x000000043c400000, 0x000000043c800000|  0%| F|  |TAMS 0x000000043c400000, 0x000000043c400000| Untracked 
| 168|0x000000043c800000, 0x000000043c800000, 0x000000043cc00000|  0%| F|  |TAMS 0x000000043c800000, 0x000000043c800000| Untracked 
| 169|0x000000043cc00000, 0x000000043cc00000, 0x000000043d000000|  0%| F|  |TAMS 0x000000043cc00000, 0x000000043cc00000| Untracked 
| 170|0x000000043d000000, 0x000000043d000000, 0x000000043d400000|  0%| F|  |TAMS 0x000000043d000000, 0x000000043d000000| Untracked 
| 171|0x000000043d400000, 0x000000043d400000, 0x000000043d800000|  0%| F|  |TAMS 0x000000043d400000, 0x000000043d400000| Untracked 
| 172|0x000000043d800000, 0x000000043d800000, 0x000000043dc00000|  0%| F|  |TAMS 0x000000043d800000, 0x000000043d800000| Untracked 
| 173|0x000000043dc00000, 0x000000043dc00000, 0x000000043e000000|  0%| F|  |TAMS 0x000000043dc00000, 0x000000043dc00000| Untracked 
| 174|0x000000043e000000, 0x000000043e000000, 0x000000043e400000|  0%| F|  |TAMS 0x000000043e000000, 0x000000043e000000| Untracked 
| 175|0x000000043e400000, 0x000000043e400000, 0x000000043e800000|  0%| F|  |TAMS 0x000000043e400000, 0x000000043e400000| Untracked 
| 176|0x000000043e800000, 0x000000043e800000, 0x000000043ec00000|  0%| F|  |TAMS 0x000000043e800000, 0x000000043e800000| Untracked 
| 177|0x000000043ec00000, 0x000000043ec00000, 0x000000043f000000|  0%| F|  |TAMS 0x000000043ec00000, 0x000000043ec00000| Untracked 
| 178|0x000000043f000000, 0x000000043f000000, 0x000000043f400000|  0%| F|  |TAMS 0x000000043f000000, 0x000000043f000000| Untracked 
| 179|0x000000043f400000, 0x000000043f400000, 0x000000043f800000|  0%| F|  |TAMS 0x000000043f400000, 0x000000043f400000| Untracked 
| 180|0x000000043f800000, 0x000000043f800000, 0x000000043fc00000|  0%| F|  |TAMS 0x000000043f800000, 0x000000043f800000| Untracked 
| 181|0x000000043fc00000, 0x000000043fc00000, 0x0000000440000000|  0%| F|  |TAMS 0x000000043fc00000, 0x000000043fc00000| Untracked 
| 182|0x0000000440000000, 0x0000000440000000, 0x0000000440400000|  0%| F|  |TAMS 0x0000000440000000, 0x0000000440000000| Untracked 
| 183|0x0000000440400000, 0x0000000440400000, 0x0000000440800000|  0%| F|  |TAMS 0x0000000440400000, 0x0000000440400000| Untracked 
| 184|0x0000000440800000, 0x0000000440800000, 0x0000000440c00000|  0%| F|  |TAMS 0x0000000440800000, 0x0000000440800000| Untracked 
| 185|0x0000000440c00000, 0x0000000440c00000, 0x0000000441000000|  0%| F|  |TAMS 0x0000000440c00000, 0x0000000440c00000| Untracked 
| 186|0x0000000441000000, 0x0000000441000000, 0x0000000441400000|  0%| F|  |TAMS 0x0000000441000000, 0x0000000441000000| Untracked 
| 187|0x0000000441400000, 0x0000000441400000, 0x0000000441800000|  0%| F|  |TAMS 0x0000000441400000, 0x0000000441400000| Untracked 
| 188|0x0000000441800000, 0x0000000441a0e538, 0x0000000441c00000| 51%| E|  |TAMS 0x0000000441800000, 0x0000000441800000| Complete 
| 189|0x0000000441c00000, 0x0000000442000000, 0x0000000442000000|100%| E|CS|TAMS 0x0000000441c00000, 0x0000000441c00000| Complete 
| 190|0x0000000442000000, 0x0000000442400000, 0x0000000442400000|100%| E|CS|TAMS 0x0000000442000000, 0x0000000442000000| Complete 
| 191|0x0000000442400000, 0x0000000442800000, 0x0000000442800000|100%| E|CS|TAMS 0x0000000442400000, 0x0000000442400000| Complete 
| 192|0x0000000442800000, 0x0000000442c00000, 0x0000000442c00000|100%| E|CS|TAMS 0x0000000442800000, 0x0000000442800000| Complete 
| 193|0x0000000442c00000, 0x0000000443000000, 0x0000000443000000|100%| E|CS|TAMS 0x0000000442c00000, 0x0000000442c00000| Complete 
| 194|0x0000000443000000, 0x0000000443400000, 0x0000000443400000|100%| E|CS|TAMS 0x0000000443000000, 0x0000000443000000| Complete 
| 195|0x0000000443400000, 0x0000000443800000, 0x0000000443800000|100%| E|CS|TAMS 0x0000000443400000, 0x0000000443400000| Complete 
| 196|0x0000000443800000, 0x0000000443c00000, 0x0000000443c00000|100%| E|CS|TAMS 0x0000000443800000, 0x0000000443800000| Complete 
| 197|0x0000000443c00000, 0x0000000444000000, 0x0000000444000000|100%| E|CS|TAMS 0x0000000443c00000, 0x0000000443c00000| Complete 
| 198|0x0000000444000000, 0x0000000444400000, 0x0000000444400000|100%| E|CS|TAMS 0x0000000444000000, 0x0000000444000000| Complete 
| 199|0x0000000444400000, 0x0000000444800000, 0x0000000444800000|100%| E|CS|TAMS 0x0000000444400000, 0x0000000444400000| Complete 
| 200|0x0000000444800000, 0x0000000444c00000, 0x0000000444c00000|100%| E|CS|TAMS 0x0000000444800000, 0x0000000444800000| Complete 
| 201|0x0000000444c00000, 0x0000000445000000, 0x0000000445000000|100%| E|CS|TAMS 0x0000000444c00000, 0x0000000444c00000| Complete 
| 202|0x0000000445000000, 0x0000000445400000, 0x0000000445400000|100%| E|CS|TAMS 0x0000000445000000, 0x0000000445000000| Complete 
| 203|0x0000000445400000, 0x0000000445800000, 0x0000000445800000|100%| E|CS|TAMS 0x0000000445400000, 0x0000000445400000| Complete 
| 204|0x0000000445800000, 0x0000000445c00000, 0x0000000445c00000|100%| E|CS|TAMS 0x0000000445800000, 0x0000000445800000| Complete 
| 205|0x0000000445c00000, 0x0000000446000000, 0x0000000446000000|100%| E|CS|TAMS 0x0000000445c00000, 0x0000000445c00000| Complete 
| 206|0x0000000446000000, 0x0000000446400000, 0x0000000446400000|100%| E|CS|TAMS 0x0000000446000000, 0x0000000446000000| Complete 
| 207|0x0000000446400000, 0x0000000446800000, 0x0000000446800000|100%| E|CS|TAMS 0x0000000446400000, 0x0000000446400000| Complete 
| 208|0x0000000446800000, 0x0000000446c00000, 0x0000000446c00000|100%| E|CS|TAMS 0x0000000446800000, 0x0000000446800000| Complete 
| 209|0x0000000446c00000, 0x0000000447000000, 0x0000000447000000|100%| E|CS|TAMS 0x0000000446c00000, 0x0000000446c00000| Complete 
| 210|0x0000000447000000, 0x0000000447400000, 0x0000000447400000|100%| E|CS|TAMS 0x0000000447000000, 0x0000000447000000| Complete 
| 211|0x0000000447400000, 0x0000000447800000, 0x0000000447800000|100%| E|CS|TAMS 0x0000000447400000, 0x0000000447400000| Complete 
| 212|0x0000000447800000, 0x0000000447c00000, 0x0000000447c00000|100%| E|CS|TAMS 0x0000000447800000, 0x0000000447800000| Complete 
| 213|0x0000000447c00000, 0x0000000448000000, 0x0000000448000000|100%| E|CS|TAMS 0x0000000447c00000, 0x0000000447c00000| Complete 
| 214|0x0000000448000000, 0x0000000448400000, 0x0000000448400000|100%| E|CS|TAMS 0x0000000448000000, 0x0000000448000000| Complete 
| 215|0x0000000448400000, 0x0000000448800000, 0x0000000448800000|100%| E|CS|TAMS 0x0000000448400000, 0x0000000448400000| Complete 
| 216|0x0000000448800000, 0x0000000448c00000, 0x0000000448c00000|100%| E|CS|TAMS 0x0000000448800000, 0x0000000448800000| Complete 
| 217|0x0000000448c00000, 0x0000000449000000, 0x0000000449000000|100%| E|CS|TAMS 0x0000000448c00000, 0x0000000448c00000| Complete 
| 218|0x0000000449000000, 0x0000000449400000, 0x0000000449400000|100%| E|CS|TAMS 0x0000000449000000, 0x0000000449000000| Complete 
| 219|0x0000000449400000, 0x0000000449800000, 0x0000000449800000|100%| E|CS|TAMS 0x0000000449400000, 0x0000000449400000| Complete 
| 220|0x0000000449800000, 0x0000000449c00000, 0x0000000449c00000|100%| E|CS|TAMS 0x0000000449800000, 0x0000000449800000| Complete 
| 221|0x0000000449c00000, 0x000000044a000000, 0x000000044a000000|100%| E|CS|TAMS 0x0000000449c00000, 0x0000000449c00000| Complete 
| 222|0x000000044a000000, 0x000000044a400000, 0x000000044a400000|100%| E|CS|TAMS 0x000000044a000000, 0x000000044a000000| Complete 
| 223|0x000000044a400000, 0x000000044a800000, 0x000000044a800000|100%| E|CS|TAMS 0x000000044a400000, 0x000000044a400000| Complete 
| 224|0x000000044a800000, 0x000000044ac00000, 0x000000044ac00000|100%| E|CS|TAMS 0x000000044a800000, 0x000000044a800000| Complete 
| 225|0x000000044ac00000, 0x000000044b000000, 0x000000044b000000|100%| E|CS|TAMS 0x000000044ac00000, 0x000000044ac00000| Complete 
| 226|0x000000044b000000, 0x000000044b400000, 0x000000044b400000|100%| E|CS|TAMS 0x000000044b000000, 0x000000044b000000| Complete 
| 227|0x000000044b400000, 0x000000044b800000, 0x000000044b800000|100%| E|CS|TAMS 0x000000044b400000, 0x000000044b400000| Complete 
| 228|0x000000044b800000, 0x000000044bc00000, 0x000000044bc00000|100%| E|CS|TAMS 0x000000044b800000, 0x000000044b800000| Complete 
| 229|0x000000044bc00000, 0x000000044c000000, 0x000000044c000000|100%| E|CS|TAMS 0x000000044bc00000, 0x000000044bc00000| Complete 
| 230|0x000000044c000000, 0x000000044c400000, 0x000000044c400000|100%| E|CS|TAMS 0x000000044c000000, 0x000000044c000000| Complete 
| 231|0x000000044c400000, 0x000000044c800000, 0x000000044c800000|100%| E|CS|TAMS 0x000000044c400000, 0x000000044c400000| Complete 
| 232|0x000000044c800000, 0x000000044cc00000, 0x000000044cc00000|100%| E|CS|TAMS 0x000000044c800000, 0x000000044c800000| Complete 
| 233|0x000000044cc00000, 0x000000044d000000, 0x000000044d000000|100%| E|CS|TAMS 0x000000044cc00000, 0x000000044cc00000| Complete 
| 234|0x000000044d000000, 0x000000044d400000, 0x000000044d400000|100%| E|CS|TAMS 0x000000044d000000, 0x000000044d000000| Complete 
| 235|0x000000044d400000, 0x000000044d800000, 0x000000044d800000|100%| E|CS|TAMS 0x000000044d400000, 0x000000044d400000| Complete 
| 236|0x000000044d800000, 0x000000044dc00000, 0x000000044dc00000|100%| E|CS|TAMS 0x000000044d800000, 0x000000044d800000| Complete 
| 237|0x000000044dc00000, 0x000000044e000000, 0x000000044e000000|100%| E|CS|TAMS 0x000000044dc00000, 0x000000044dc00000| Complete 
| 238|0x000000044e000000, 0x000000044e400000, 0x000000044e400000|100%| E|CS|TAMS 0x000000044e000000, 0x000000044e000000| Complete 
| 239|0x000000044e400000, 0x000000044e800000, 0x000000044e800000|100%| E|CS|TAMS 0x000000044e400000, 0x000000044e400000| Complete 
| 240|0x000000044e800000, 0x000000044ec00000, 0x000000044ec00000|100%| E|CS|TAMS 0x000000044e800000, 0x000000044e800000| Complete 
| 241|0x000000044ec00000, 0x000000044f000000, 0x000000044f000000|100%| E|CS|TAMS 0x000000044ec00000, 0x000000044ec00000| Complete 
| 242|0x000000044f000000, 0x000000044f400000, 0x000000044f400000|100%| E|CS|TAMS 0x000000044f000000, 0x000000044f000000| Complete 
| 243|0x000000044f400000, 0x000000044f800000, 0x000000044f800000|100%| E|CS|TAMS 0x000000044f400000, 0x000000044f400000| Complete 
| 244|0x000000044f800000, 0x000000044fc00000, 0x000000044fc00000|100%| E|CS|TAMS 0x000000044f800000, 0x000000044f800000| Complete 
| 245|0x000000044fc00000, 0x0000000450000000, 0x0000000450000000|100%| E|CS|TAMS 0x000000044fc00000, 0x000000044fc00000| Complete 
| 246|0x0000000450000000, 0x0000000450400000, 0x0000000450400000|100%| E|CS|TAMS 0x0000000450000000, 0x0000000450000000| Complete 
| 247|0x0000000450400000, 0x0000000450800000, 0x0000000450800000|100%| E|CS|TAMS 0x0000000450400000, 0x0000000450400000| Complete 
| 248|0x0000000450800000, 0x0000000450c00000, 0x0000000450c00000|100%| E|CS|TAMS 0x0000000450800000, 0x0000000450800000| Complete 
| 249|0x0000000450c00000, 0x0000000451000000, 0x0000000451000000|100%| E|CS|TAMS 0x0000000450c00000, 0x0000000450c00000| Complete 
| 250|0x0000000451000000, 0x0000000451400000, 0x0000000451400000|100%| E|CS|TAMS 0x0000000451000000, 0x0000000451000000| Complete 
| 251|0x0000000451400000, 0x0000000451800000, 0x0000000451800000|100%| E|CS|TAMS 0x0000000451400000, 0x0000000451400000| Complete 
|4020|0x00000007ff800000, 0x00000007ffb47000, 0x00000007ffc00000| 81%|OA|  |TAMS 0x00000007ff800000, 0x00000007ff800000| Untracked 
|4021|0x00000007ffc00000, 0x00000007ffc72000, 0x0000000800000000| 11%|CA|  |TAMS 0x00000007ffc00000, 0x00000007ffc00000| Untracked 

Card table byte_map: [0x00007fb18b387000,0x00007fb18d2f3000] _byte_map_base: 0x00007fb1892f3000

Marking Bits (Prev, Next): (CMBitMap*) 0x00007fb1a8072ee8, (CMBitMap*) 0x00007fb1a8072f28
 Prev Bits: [0x00007fb1798bb000, 0x00007fb18941b000)
 Next Bits: [0x00007fb169d5b000, 0x00007fb1798bb000)

Polling page: 0x00007fb1b0f73000

Metaspace:

Usage:
  Non-class:      5.18 MB capacity,     5.02 MB ( 97%) used,   154.41 KB (  3%) free+waste,    15.69 KB ( <1%) overhead. 
      Class:    664.00 KB capacity,   576.34 KB ( 87%) used,    78.54 KB ( 12%) free+waste,     9.12 KB (  1%) overhead. 
       Both:      5.83 MB capacity,     5.58 MB ( 96%) used,   232.95 KB (  4%) free+waste,    24.81 KB ( <1%) overhead. 

Virtual space:
  Non-class space:        8.00 MB reserved,       5.25 MB ( 66%) committed 
      Class space:        1.00 GB reserved,     768.00 KB ( <1%) committed 
             Both:        1.01 GB reserved,       6.00 MB ( <1%) committed 

Chunk freelists:
   Non-Class:  8.75 KB
       Class:  512 bytes
        Both:  9.25 KB

CodeHeap 'non-profiled nmethods': size=118596Kb used=442Kb max_used=442Kb free=118153Kb
 bounds [0x00007fb1987a7000, 0x00007fb198a17000, 0x00007fb19fb78000]
CodeHeap 'profiled nmethods': size=118596Kb used=1364Kb max_used=1421Kb free=117231Kb
 bounds [0x00007fb1913d6000, 0x00007fb191646000, 0x00007fb1987a7000]
CodeHeap 'non-nmethods': size=8568Kb used=1133Kb max_used=2286Kb free=7434Kb
 bounds [0x00007fb190b78000, 0x00007fb190e38000, 0x00007fb1913d6000]
 total_blobs=1806 nmethods=882 adapters=374
 compilation: enabled
              stopped_count=0, restarted_count=0
 full_count=0

Compilation events (10 events):
Event: 30.532 Thread 0x00007fb1a82fb000 nmethod 1033 0x00007fb19152a690 code [0x00007fb19152a8c0, 0x00007fb19152b0c8]
Event: 30.631 Thread 0x00007fb1a82fb000 1034   !   3       org.netbeans.lib.profiler.server.Monitors$SurvGenAndThreadsMonitor::updateThreadsData (272 bytes)
Event: 30.633 Thread 0x00007fb1a82fb000 nmethod 1034 0x00007fb191529190 code [0x00007fb191529420, 0x00007fb19152a0a8]
Event: 30.715 Thread 0x00007fb1a82fb000 1035       3       java.io.ObjectOutputStream::writeInt (9 bytes)
Event: 30.715 Thread 0x00007fb1a82fb000 nmethod 1035 0x00007fb19145a690 code [0x00007fb19145a860, 0x00007fb19145aa28]
Event: 30.716 Thread 0x00007fb1a82fb000 1036       3       java.io.ObjectOutputStream$BlockDataOutputStream::writeInt (46 bytes)
Event: 30.716 Thread 0x00007fb1a82fb000 nmethod 1036 0x00007fb191528c10 code [0x00007fb191528de0, 0x00007fb191529058]
Event: 30.962 Thread 0x00007fb1a82fb000 1037       3       java.io.Bits::getInt (43 bytes)
Event: 30.963 Thread 0x00007fb1a82fb000 nmethod 1037 0x00007fb19150c510 code [0x00007fb19150c6c0, 0x00007fb19150c8b0]
Event: 30.963 Thread 0x00007fb1a82fb000 1038       3       java.io.ObjectInputStream::readInt (8 bytes)

GC Heap History (10 events):
Event: 14.414 GC heap before
{Heap before GC invocations=1 (full 0):
 garbage-first heap   total 1040384K, used 618670K [0x0000000412800000, 0x0000000800000000)
  region size 4096K, 151 young (618496K), 2 survivors (8192K)
 Metaspace       used 5243K, capacity 5432K, committed 5504K, reserved 1056768K
  class space    used 549K, capacity 626K, committed 640K, reserved 1048576K
}
Event: 14.428 GC heap after
{Heap after GC invocations=2 (full 0):
 garbage-first heap   total 1040384K, used 53866K [0x0000000412800000, 0x0000000800000000)
  region size 4096K, 13 young (53248K), 13 survivors (53248K)
 Metaspace       used 5243K, capacity 5432K, committed 5504K, reserved 1056768K
  class space    used 549K, capacity 626K, committed 640K, reserved 1048576K
}
Event: 15.885 GC heap before
{Heap before GC invocations=2 (full 0):
 garbage-first heap   total 1040384K, used 594538K [0x0000000412800000, 0x0000000800000000)
  region size 4096K, 145 young (593920K), 13 survivors (53248K)
 Metaspace       used 5243K, capacity 5432K, committed 5504K, reserved 1056768K
  class space    used 549K, capacity 626K, committed 640K, reserved 1048576K
}
Event: 15.898 GC heap after
{Heap after GC invocations=3 (full 0):
 garbage-first heap   total 1040384K, used 53821K [0x0000000412800000, 0x0000000800000000)
  region size 4096K, 1 young (4096K), 1 survivors (4096K)
 Metaspace       used 5243K, capacity 5432K, committed 5504K, reserved 1056768K
  class space    used 549K, capacity 626K, committed 640K, reserved 1048576K
}
Event: 17.460 GC heap before
{Heap before GC invocations=3 (full 0):
 garbage-first heap   total 1040384K, used 606781K [0x0000000412800000, 0x0000000800000000)
  region size 4096K, 136 young (557056K), 1 survivors (4096K)
 Metaspace       used 5243K, capacity 5432K, committed 5504K, reserved 1056768K
  class space    used 549K, capacity 626K, committed 640K, reserved 1048576K
}
Event: 17.462 GC heap after
{Heap after GC invocations=4 (full 0):
 garbage-first heap   total 1040384K, used 53821K [0x0000000412800000, 0x0000000800000000)
  region size 4096K, 1 young (4096K), 1 survivors (4096K)
 Metaspace       used 5243K, capacity 5432K, committed 5504K, reserved 1056768K
  class space    used 549K, capacity 626K, committed 640K, reserved 1048576K
}
Event: 19.178 GC heap before
{Heap before GC invocations=4 (full 0):
 garbage-first heap   total 1040384K, used 668221K [0x0000000412800000, 0x0000000800000000)
  region size 4096K, 151 young (618496K), 1 survivors (4096K)
 Metaspace       used 5243K, capacity 5432K, committed 5504K, reserved 1056768K
  class space    used 549K, capacity 626K, committed 640K, reserved 1048576K
}
Event: 19.179 GC heap after
{Heap after GC invocations=5 (full 0):
 garbage-first heap   total 1040384K, used 53792K [0x0000000412800000, 0x0000000800000000)
  region size 4096K, 1 young (4096K), 1 survivors (4096K)
 Metaspace       used 5243K, capacity 5432K, committed 5504K, reserved 1056768K
  class space    used 549K, capacity 626K, committed 640K, reserved 1048576K
}
Event: 21.159 GC heap before
{Heap before GC invocations=5 (full 0):
 garbage-first heap   total 1040384K, used 668192K [0x0000000412800000, 0x0000000800000000)
  region size 4096K, 151 young (618496K), 1 survivors (4096K)
 Metaspace       used 5243K, capacity 5432K, committed 5504K, reserved 1056768K
  class space    used 549K, capacity 626K, committed 640K, reserved 1048576K
}
Event: 21.160 GC heap after
{Heap after GC invocations=6 (full 0):
 garbage-first heap   total 1040384K, used 53800K [0x0000000412800000, 0x0000000800000000)
  region size 4096K, 1 young (4096K), 1 survivors (4096K)
 Metaspace       used 5243K, capacity 5432K, committed 5504K, reserved 1056768K
  class space    used 549K, capacity 626K, committed 640K, reserved 1048576K
}

Deoptimization events (10 events):
Event: 12.295 Thread 0x00007fb1a8014800 Uncommon trap: reason=profile_predicate action=maybe_recompile pc=0x00007fb1987df910 method=jdk.internal.math.FDBigInteger.cmp(Ljdk/internal/math/FDBigInteger;)I @ 48 c2
Event: 12.296 Thread 0x00007fb1a8014800 Uncommon trap: reason=profile_predicate action=maybe_recompile pc=0x00007fb1987df910 method=jdk.internal.math.FDBigInteger.cmp(Ljdk/internal/math/FDBigInteger;)I @ 48 c2
Event: 12.296 Thread 0x00007fb1a8014800 Uncommon trap: reason=profile_predicate action=maybe_recompile pc=0x00007fb1987df910 method=jdk.internal.math.FDBigInteger.cmp(Ljdk/internal/math/FDBigInteger;)I @ 48 c2
Event: 12.296 Thread 0x00007fb1a8014800 Uncommon trap: reason=profile_predicate action=maybe_recompile pc=0x00007fb1987df910 method=jdk.internal.math.FDBigInteger.cmp(Ljdk/internal/math/FDBigInteger;)I @ 48 c2
Event: 12.330 Thread 0x00007fb1a8014800 Uncommon trap: reason=profile_predicate action=maybe_recompile pc=0x00007fb1987ea53c method=jdk.internal.math.FDBigInteger.cmp(Ljdk/internal/math/FDBigInteger;)I @ 48 c2
Event: 15.160 Thread 0x00007fb1a8014800 Uncommon trap: reason=unstable_if action=reinterpret pc=0x00007fb1987ecb34 method=jdk.internal.math.FDBigInteger.valueOfMulPow52(JII)Ljdk/internal/math/FDBigInteger; @ 243 c2
Event: 21.633 Thread 0x00007fb1a8014800 Uncommon trap: reason=unstable_if action=reinterpret pc=0x00007fb1987eb18c method=org.ChaffinchABC.EmpData.parseDissFileSyl([[ILjava/lang/String;)[[D @ 108 c2
Event: 21.846 Thread 0x00007fb110053000 Uncommon trap: reason=unstable_if action=reinterpret pc=0x00007fb1987ef6cc method=jdk.internal.util.ArraysSupport.mismatch([I[II)I @ 37 c2
Event: 21.904 Thread 0x00007fb110053000 Uncommon trap: reason=unstable_if action=reinterpret pc=0x00007fb1987da40c method=jdk.internal.util.ArraysSupport.mismatch([I[II)I @ 37 c2
Event: 30.714 Thread 0x00007fb1a85a2000 Uncommon trap: reason=unstable_if action=reinterpret pc=0x00007fb1987d3fd4 method=java.lang.Long.valueOf(J)Ljava/lang/Long; @ 17 c2

Classes redefined (0 events):
No events

Internal exceptions (10 events):
Event: 10.106 Thread 0x00007fb1a8014800 Exception <a 'java/lang/NoSuchMethodError'{0x000000045101da68}: java.lang.invoke.DirectMethodHandle$Holder.invokeInterface(Ljava/lang/Object;Ljava/lang/Object;)I> (0x000000045101da68) thrown at [/scratch/opt/mach5/mesos/work_dir/slaves/2dd962d0-8988-479b-
Event: 10.106 Thread 0x00007fb1a8014800 Exception <a 'java/lang/IncompatibleClassChangeError'{0x0000000451020568}: Found class java.lang.Object, but interface was expected> (0x0000000451020568) thrown at [/scratch/opt/mach5/mesos/work_dir/slaves/2dd962d0-8988-479b-a804-57ab764ada59-S77524/frame
Event: 10.214 Thread 0x00007fb1a85a2000 Exception <a 'java/lang/VerifyError'{0x00000004516a3350}: Stack map does not match the one at exception handler 21
Exception Details:
  Location:
    org/netbeans/lib/profiler/ConstructorTest.<init>()V @21: astore_1
  Reason:
    Current frame's flags are
Event: 10.431 Thread 0x00007fb1a85a2000 Exception <a 'java/lang/NoSuchMethodError'{0x00000004516daaa8}: java.lang.invoke.DirectMethodHandle$Holder.invokeStatic(Ljava/lang/Object;Ljava/lang/Object;JLjava/lang/Object;)Ljava/lang/Object;> (0x00000004516daaa8) thrown at [/scratch/opt/mach5/mesos/wo
Event: 10.432 Thread 0x00007fb1a85a2000 Exception <a 'java/lang/NoSuchMethodError'{0x00000004516dd788}: java.lang.invoke.DirectMethodHandle$Holder.invokeStaticInit(Ljava/lang/Object;Ljava/lang/Object;JLjava/lang/Object;)Ljava/lang/Object;> (0x00000004516dd788) thrown at [/scratch/opt/mach5/meso
Event: 10.432 Thread 0x00007fb1a85a2000 Exception <a 'java/lang/NoSuchMethodError'{0x0000000450dedec0}: java.lang.invoke.Invokers$Holder.linkToTargetMethod(Ljava/lang/Object;JLjava/lang/Object;)Ljava/lang/Object;> (0x0000000450dedec0) thrown at [/scratch/opt/mach5/mesos/work_dir/slaves/2dd962d0
Event: 10.433 Thread 0x00007fb1a85a2000 Exception <a 'java/lang/NoSuchMethodError'{0x0000000450df45d8}: java.lang.invoke.DirectMethodHandle$Holder.invokeStatic(Ljava/lang/Object;Ljava/lang/Object;Ljava/lang/Object;I)Ljava/lang/Object;> (0x0000000450df45d8) thrown at [/scratch/opt/mach5/mesos/wo
Event: 10.434 Thread 0x00007fb1a85a2000 Exception <a 'java/lang/NoSuchMethodError'{0x0000000450df7e10}: java.lang.invoke.DirectMethodHandle$Holder.invokeSpecial(Ljava/lang/Object;Ljava/lang/Object;Ljava/lang/Object;Ljava/lang/Object;I)Ljava/lang/Object;> (0x0000000450df7e10) thrown at [/scratch
Event: 10.434 Thread 0x00007fb1a85a2000 Exception <a 'java/lang/NoSuchMethodError'{0x0000000450dfaec0}: java.lang.invoke.Invokers$Holder.linkToTargetMethod(Ljava/lang/Object;Ljava/lang/Object;ILjava/lang/Object;)Ljava/lang/Object;> (0x0000000450dfaec0) thrown at [/scratch/opt/mach5/mesos/work_d
Event: 12.230 Thread 0x00007fb1a8014800 Implicit null exception at 0x00007fb1987e9c94 to 0x00007fb1987eb4ae

Events (10 events):
Event: 30.962 Executing VM operation: GetAllStackTraces
Event: 30.963 Executing VM operation: GetAllStackTraces done
Event: 30.963 Executing VM operation: GetAllStackTraces
Event: 30.963 Executing VM operation: GetAllStackTraces done
Event: 30.963 Executing VM operation: GetAllStackTraces
Event: 30.963 Executing VM operation: GetAllStackTraces done
Event: 30.963 Executing VM operation: GetAllStackTraces
Event: 30.963 Executing VM operation: GetAllStackTraces done
Event: 30.963 Executing VM operation: GetAllStackTraces
Event: 30.963 Executing VM operation: GetAllStackTraces done


Dynamic libraries:
00400000-00401000 r-xp 00000000 103:02 15872717                          /usr/lib/jvm/java-12-oracle/bin/java
00600000-00601000 r--p 00000000 103:02 15872717                          /usr/lib/jvm/java-12-oracle/bin/java
00601000-00602000 rw-p 00001000 103:02 15872717                          /usr/lib/jvm/java-12-oracle/bin/java
0069a000-006bb000 rw-p 00000000 00:00 0                                  [heap]
412800000-451800000 rw-p 00000000 00:00 0 
451800000-7ff800000 ---p 00000000 00:00 0 
7ff800000-7ffb00000 rw-p 00000000 00:00 0 
7ffb00000-7ffb47000 rw-p 0119c000 103:02 15872896                        /usr/lib/jvm/java-12-oracle/lib/server/classes.jsa
7ffb47000-7ffc00000 rw-p 00000000 00:00 0 
7ffc00000-7ffc72000 rw-p 0112a000 103:02 15872896                        /usr/lib/jvm/java-12-oracle/lib/server/classes.jsa
7ffc72000-800000000 rw-p 00000000 00:00 0 
800000000-800003000 rwxp 00001000 103:02 15872896                        /usr/lib/jvm/java-12-oracle/lib/server/classes.jsa
800003000-801129000 rw-p 00004000 103:02 15872896                        /usr/lib/jvm/java-12-oracle/lib/server/classes.jsa
801129000-8011e9000 rw-p 00000000 00:00 0 
8011e9000-841129000 ---p 00000000 00:00 0 
7fb094000000-7fb0941e1000 rw-p 00000000 00:00 0 
7fb0941e1000-7fb098000000 ---p 00000000 00:00 0 
7fb098000000-7fb0981c5000 rw-p 00000000 00:00 0 
7fb0981c5000-7fb09c000000 ---p 00000000 00:00 0 
7fb09c000000-7fb09c1fb000 rw-p 00000000 00:00 0 
7fb09c1fb000-7fb0a0000000 ---p 00000000 00:00 0 
7fb0a0000000-7fb0a020b000 rw-p 00000000 00:00 0 
7fb0a020b000-7fb0a4000000 ---p 00000000 00:00 0 
7fb0a7cfd000-7fb0a7d01000 ---p 00000000 00:00 0 
7fb0a7d01000-7fb0a7dfe000 rw-p 00000000 00:00 0 
7fb0a7dfe000-7fb0a7e02000 ---p 00000000 00:00 0 
7fb0a7e02000-7fb0a7eff000 rw-p 00000000 00:00 0 
7fb0a7eff000-7fb0a7f03000 ---p 00000000 00:00 0 
7fb0a7f03000-7fb0a8000000 rw-p 00000000 00:00 0 
7fb0a8000000-7fb0a8021000 rw-p 00000000 00:00 0 
7fb0a8021000-7fb0ac000000 ---p 00000000 00:00 0 
7fb0ac000000-7fb0ac1e8000 rw-p 00000000 00:00 0 
7fb0ac1e8000-7fb0b0000000 ---p 00000000 00:00 0 
7fb0b0000000-7fb0b0021000 rw-p 00000000 00:00 0 
7fb0b0021000-7fb0b4000000 ---p 00000000 00:00 0 
7fb0b4000000-7fb0b4021000 rw-p 00000000 00:00 0 
7fb0b4021000-7fb0b8000000 ---p 00000000 00:00 0 
7fb0b8000000-7fb0b8021000 rw-p 00000000 00:00 0 
7fb0b8021000-7fb0bc000000 ---p 00000000 00:00 0 
7fb0bc000000-7fb0bc021000 rw-p 00000000 00:00 0 
7fb0bc021000-7fb0c0000000 ---p 00000000 00:00 0 
7fb0c0000000-7fb0c0021000 rw-p 00000000 00:00 0 
7fb0c0021000-7fb0c4000000 ---p 00000000 00:00 0 
7fb0c4000000-7fb0c4021000 rw-p 00000000 00:00 0 
7fb0c4021000-7fb0c8000000 ---p 00000000 00:00 0 
7fb0c8000000-7fb0c8021000 rw-p 00000000 00:00 0 
7fb0c8021000-7fb0cc000000 ---p 00000000 00:00 0 
7fb0cc000000-7fb0cc021000 rw-p 00000000 00:00 0 
7fb0cc021000-7fb0d0000000 ---p 00000000 00:00 0 
7fb0d0000000-7fb0d0021000 rw-p 00000000 00:00 0 
7fb0d0021000-7fb0d4000000 ---p 00000000 00:00 0 
7fb0d4000000-7fb0d4021000 rw-p 00000000 00:00 0 
7fb0d4021000-7fb0d8000000 ---p 00000000 00:00 0 
7fb0d8000000-7fb0d8021000 rw-p 00000000 00:00 0 
7fb0d8021000-7fb0dc000000 ---p 00000000 00:00 0 
7fb0dc000000-7fb0dc021000 rw-p 00000000 00:00 0 
7fb0dc021000-7fb0e0000000 ---p 00000000 00:00 0 
7fb0e0000000-7fb0e0021000 rw-p 00000000 00:00 0 
7fb0e0021000-7fb0e4000000 ---p 00000000 00:00 0 
7fb0e4000000-7fb0e4021000 rw-p 00000000 00:00 0 
7fb0e4021000-7fb0e8000000 ---p 00000000 00:00 0 
7fb0e8000000-7fb0e8021000 rw-p 00000000 00:00 0 
7fb0e8021000-7fb0ec000000 ---p 00000000 00:00 0 
7fb0ec000000-7fb0ec021000 rw-p 00000000 00:00 0 
7fb0ec021000-7fb0f0000000 ---p 00000000 00:00 0 
7fb0f0000000-7fb0f0021000 rw-p 00000000 00:00 0 
7fb0f0021000-7fb0f4000000 ---p 00000000 00:00 0 
7fb0f4000000-7fb0f4021000 rw-p 00000000 00:00 0 
7fb0f4021000-7fb0f8000000 ---p 00000000 00:00 0 
7fb0f8000000-7fb0f8021000 rw-p 00000000 00:00 0 
7fb0f8021000-7fb0fc000000 ---p 00000000 00:00 0 
7fb0fc000000-7fb0fc021000 rw-p 00000000 00:00 0 
7fb0fc021000-7fb100000000 ---p 00000000 00:00 0 
7fb100000000-7fb10028b000 rw-p 00000000 00:00 0 
7fb10028b000-7fb104000000 ---p 00000000 00:00 0 
7fb104000000-7fb1041e6000 rw-p 00000000 00:00 0 
7fb1041e6000-7fb108000000 ---p 00000000 00:00 0 
7fb108000000-7fb108021000 rw-p 00000000 00:00 0 
7fb108021000-7fb10c000000 ---p 00000000 00:00 0 
7fb10c000000-7fb10c370000 rw-p 00000000 00:00 0 
7fb10c370000-7fb110000000 ---p 00000000 00:00 0 
7fb110000000-7fb110057000 rw-p 00000000 00:00 0 
7fb110057000-7fb114000000 ---p 00000000 00:00 0 
7fb114000000-7fb114021000 rw-p 00000000 00:00 0 
7fb114021000-7fb118000000 ---p 00000000 00:00 0 
7fb118000000-7fb1180f4000 rw-p 00000000 00:00 0 
7fb1180f4000-7fb11c000000 ---p 00000000 00:00 0 
7fb11c000000-7fb11c027000 rw-p 00000000 00:00 0 
7fb11c027000-7fb120000000 ---p 00000000 00:00 0 
7fb120000000-7fb120021000 rw-p 00000000 00:00 0 
7fb120021000-7fb124000000 ---p 00000000 00:00 0 
7fb124000000-7fb12459b000 rw-p 00000000 00:00 0 
7fb12459b000-7fb128000000 ---p 00000000 00:00 0 
7fb128000000-7fb12804f000 rw-p 00000000 00:00 0 
7fb12804f000-7fb12c000000 ---p 00000000 00:00 0 
7fb12c000000-7fb12c045000 rw-p 00000000 00:00 0 
7fb12c045000-7fb130000000 ---p 00000000 00:00 0 
7fb130000000-7fb1301b4000 rw-p 00000000 00:00 0 
7fb1301b4000-7fb134000000 ---p 00000000 00:00 0 
7fb134000000-7fb134021000 rw-p 00000000 00:00 0 
7fb134021000-7fb138000000 ---p 00000000 00:00 0 
7fb138000000-7fb138021000 rw-p 00000000 00:00 0 
7fb138021000-7fb13c000000 ---p 00000000 00:00 0 
7fb13c000000-7fb13c522000 rw-p 00000000 00:00 0 
7fb13c522000-7fb140000000 ---p 00000000 00:00 0 
7fb140000000-7fb140021000 rw-p 00000000 00:00 0 
7fb140021000-7fb144000000 ---p 00000000 00:00 0 
7fb144000000-7fb144021000 rw-p 00000000 00:00 0 
7fb144021000-7fb148000000 ---p 00000000 00:00 0 
7fb148000000-7fb148af2000 rw-p 00000000 00:00 0 
7fb148af2000-7fb14c000000 ---p 00000000 00:00 0 
7fb14c000000-7fb14c021000 rw-p 00000000 00:00 0 
7fb14c021000-7fb150000000 ---p 00000000 00:00 0 
7fb15009a000-7fb15009b000 ---p 00000000 00:00 0 
7fb15009b000-7fb15019c000 rw-p 00000000 00:00 0 
7fb15019c000-7fb15019d000 ---p 00000000 00:00 0 
7fb15019d000-7fb15029e000 rw-p 00000000 00:00 0 
7fb15029e000-7fb15029f000 ---p 00000000 00:00 0 
7fb15029f000-7fb1503a0000 rw-p 00000000 00:00 0 
7fb1503a0000-7fb1503a1000 ---p 00000000 00:00 0 
7fb1503a1000-7fb1504a2000 rw-p 00000000 00:00 0 
7fb1504a2000-7fb1504a3000 ---p 00000000 00:00 0 
7fb1504a3000-7fb1505a4000 rw-p 00000000 00:00 0 
7fb1505a4000-7fb1505a5000 ---p 00000000 00:00 0 
7fb1505a5000-7fb1506a6000 rw-p 00000000 00:00 0 
7fb1506a6000-7fb1506a7000 ---p 00000000 00:00 0 
7fb1506a7000-7fb1507a8000 rw-p 00000000 00:00 0 
7fb1507a8000-7fb1507a9000 ---p 00000000 00:00 0 
7fb1507a9000-7fb1508aa000 rw-p 00000000 00:00 0 
7fb1508aa000-7fb1508ab000 ---p 00000000 00:00 0 
7fb1508ab000-7fb1509ac000 rw-p 00000000 00:00 0 
7fb1509ac000-7fb1509ad000 ---p 00000000 00:00 0 
7fb1509ad000-7fb150aae000 rw-p 00000000 00:00 0 
7fb150aae000-7fb150aaf000 ---p 00000000 00:00 0 
7fb150aaf000-7fb150bb0000 rw-p 00000000 00:00 0 
7fb150bb0000-7fb150bb1000 ---p 00000000 00:00 0 
7fb150bb1000-7fb150cb2000 rw-p 00000000 00:00 0 
7fb150cb2000-7fb150cb3000 ---p 00000000 00:00 0 
7fb150cb3000-7fb150db4000 rw-p 00000000 00:00 0 
7fb150db4000-7fb150db5000 ---p 00000000 00:00 0 
7fb150db5000-7fb150eb6000 rw-p 00000000 00:00 0 
7fb150eb6000-7fb150eb7000 ---p 00000000 00:00 0 
7fb150eb7000-7fb150fb8000 rw-p 00000000 00:00 0 
7fb150fb8000-7fb150fb9000 ---p 00000000 00:00 0 
7fb150fb9000-7fb1510ba000 rw-p 00000000 00:00 0 
7fb1510ba000-7fb1510bb000 ---p 00000000 00:00 0 
7fb1510bb000-7fb1511bc000 rw-p 00000000 00:00 0 
7fb1511bc000-7fb1511bd000 ---p 00000000 00:00 0 
7fb1511bd000-7fb1512be000 rw-p 00000000 00:00 0 
7fb1512be000-7fb1512bf000 ---p 00000000 00:00 0 
7fb1512bf000-7fb1513c0000 rw-p 00000000 00:00 0 
7fb1513c0000-7fb1513c1000 ---p 00000000 00:00 0 
7fb1513c1000-7fb1514c2000 rw-p 00000000 00:00 0 
7fb1514c2000-7fb1514c3000 ---p 00000000 00:00 0 
7fb1514c3000-7fb1515c4000 rw-p 00000000 00:00 0 
7fb1515c4000-7fb1515c5000 ---p 00000000 00:00 0 
7fb1515c5000-7fb1516c6000 rw-p 00000000 00:00 0 
7fb1516c6000-7fb1516c7000 ---p 00000000 00:00 0 
7fb1516c7000-7fb1517c8000 rw-p 00000000 00:00 0 
7fb1517c8000-7fb1517cc000 ---p 00000000 00:00 0 
7fb1517cc000-7fb1518c9000 rw-p 00000000 00:00 0 
7fb1518c9000-7fb1518cd000 ---p 00000000 00:00 0 
7fb1518cd000-7fb1519ca000 rw-p 00000000 00:00 0 
7fb1519ca000-7fb1519ce000 ---p 00000000 00:00 0 
7fb1519ce000-7fb151acb000 rw-p 00000000 00:00 0 
7fb151acb000-7fb151acc000 ---p 00000000 00:00 0 
7fb151acc000-7fb151bcd000 rw-p 00000000 00:00 0 
7fb151bcd000-7fb151cf2000 rw-s 00000000 103:02 13369418                  /tmp/jfluidbuf12880922972770399457.tmp
7fb151cf2000-7fb151cf6000 ---p 00000000 00:00 0 
7fb151cf6000-7fb151df3000 rw-p 00000000 00:00 0 
7fb151df3000-7fb151df7000 ---p 00000000 00:00 0 
7fb151df7000-7fb151ef4000 rw-p 00000000 00:00 0 
7fb151ef4000-7fb151ef8000 ---p 00000000 00:00 0 
7fb151ef8000-7fb151ff5000 rw-p 00000000 00:00 0 
7fb151ff5000-7fb151ffa000 r-xp 00000000 103:02 15872871                  /usr/lib/jvm/java-12-oracle/lib/libmanagement_ext.so
7fb151ffa000-7fb1521f9000 ---p 00005000 103:02 15872871                  /usr/lib/jvm/java-12-oracle/lib/libmanagement_ext.so
7fb1521f9000-7fb1521fa000 r--p 00004000 103:02 15872871                  /usr/lib/jvm/java-12-oracle/lib/libmanagement_ext.so
7fb1521fa000-7fb1521fb000 rw-p 00005000 103:02 15872871                  /usr/lib/jvm/java-12-oracle/lib/libmanagement_ext.so
7fb1521fb000-7fb1521ff000 r-xp 00000000 103:02 15872869                  /usr/lib/jvm/java-12-oracle/lib/libmanagement.so
7fb1521ff000-7fb1523fe000 ---p 00004000 103:02 15872869                  /usr/lib/jvm/java-12-oracle/lib/libmanagement.so
7fb1523fe000-7fb1523ff000 r--p 00003000 103:02 15872869                  /usr/lib/jvm/java-12-oracle/lib/libmanagement.so
7fb1523ff000-7fb152400000 rw-p 00004000 103:02 15872869                  /usr/lib/jvm/java-12-oracle/lib/libmanagement.so
7fb152400000-7fb152402000 r-xp 00000000 103:02 15872853                  /usr/lib/jvm/java-12-oracle/lib/libextnet.so
7fb152402000-7fb152601000 ---p 00002000 103:02 15872853                  /usr/lib/jvm/java-12-oracle/lib/libextnet.so
7fb152601000-7fb152602000 r--p 00001000 103:02 15872853                  /usr/lib/jvm/java-12-oracle/lib/libextnet.so
7fb152602000-7fb152603000 rw-p 00002000 103:02 15872853                  /usr/lib/jvm/java-12-oracle/lib/libextnet.so
7fb152603000-7fb152607000 ---p 00000000 00:00 0 
7fb152607000-7fb152704000 rw-p 00000000 00:00 0 
7fb152704000-7fb15271a000 r-xp 00000000 103:02 15872873                  /usr/lib/jvm/java-12-oracle/lib/libnet.so
7fb15271a000-7fb15291a000 ---p 00016000 103:02 15872873                  /usr/lib/jvm/java-12-oracle/lib/libnet.so
7fb15291a000-7fb15291b000 r--p 00016000 103:02 15872873                  /usr/lib/jvm/java-12-oracle/lib/libnet.so
7fb15291b000-7fb15291c000 rw-p 00017000 103:02 15872873                  /usr/lib/jvm/java-12-oracle/lib/libnet.so
7fb15291c000-7fb15292d000 r-xp 00000000 103:02 15872874                  /usr/lib/jvm/java-12-oracle/lib/libnio.so
7fb15292d000-7fb152b2c000 ---p 00011000 103:02 15872874                  /usr/lib/jvm/java-12-oracle/lib/libnio.so
7fb152b2c000-7fb152b2d000 r--p 00010000 103:02 15872874                  /usr/lib/jvm/java-12-oracle/lib/libnio.so
7fb152b2d000-7fb152b2e000 rw-p 00011000 103:02 15872874                  /usr/lib/jvm/java-12-oracle/lib/libnio.so
7fb152b2e000-7fb152b32000 ---p 00000000 00:00 0 
7fb152b32000-7fb152c2f000 rw-p 00000000 00:00 0 
7fb152c2f000-7fb152c33000 ---p 00000000 00:00 0 
7fb152c33000-7fb152d30000 rw-p 00000000 00:00 0 
7fb152d30000-7fb152d34000 ---p 00000000 00:00 0 
7fb152d34000-7fb152e31000 rw-p 00000000 00:00 0 
7fb152e31000-7fb153800000 r--p 00000000 103:02 15866447                  /usr/lib/locale/locale-archive
7fb153800000-7fb153d40000 rw-p 00000000 00:00 0 
7fb153d40000-7fb154000000 ---p 00000000 00:00 0 
7fb154000000-7fb154021000 rw-p 00000000 00:00 0 
7fb154021000-7fb158000000 ---p 00000000 00:00 0 
7fb15805d000-7fb158061000 ---p 00000000 00:00 0 
7fb158061000-7fb15815e000 rw-p 00000000 00:00 0 
7fb15815e000-7fb158162000 ---p 00000000 00:00 0 
7fb158162000-7fb15825f000 rw-p 00000000 00:00 0 
7fb15825f000-7fb158263000 ---p 00000000 00:00 0 
7fb158263000-7fb158360000 rw-p 00000000 00:00 0 
7fb158360000-7fb158364000 ---p 00000000 00:00 0 
7fb158364000-7fb158461000 rw-p 00000000 00:00 0 
7fb158461000-7fb158465000 ---p 00000000 00:00 0 
7fb158465000-7fb158562000 rw-p 00000000 00:00 0 
7fb158562000-7fb158566000 ---p 00000000 00:00 0 
7fb158566000-7fb158663000 rw-p 00000000 00:00 0 
7fb158663000-7fb158664000 ---p 00000000 00:00 0 
7fb158664000-7fb1587e6000 rw-p 00000000 00:00 0 
7fb1587e6000-7fb1587e7000 ---p 00000000 00:00 0 
7fb1587e7000-7fb1588e8000 rw-p 00000000 00:00 0 
7fb1588e8000-7fb1588e9000 ---p 00000000 00:00 0 
7fb1588e9000-7fb15c000000 rw-p 00000000 00:00 0 
7fb15c000000-7fb15c021000 rw-p 00000000 00:00 0 
7fb15c021000-7fb160000000 ---p 00000000 00:00 0 
7fb160000000-7fb160021000 rw-p 00000000 00:00 0 
7fb160021000-7fb164000000 ---p 00000000 00:00 0 
7fb164000000-7fb164021000 rw-p 00000000 00:00 0 
7fb164021000-7fb168000000 ---p 00000000 00:00 0 
7fb16804f000-7fb169564000 rw-p 00000000 00:00 0 
7fb169564000-7fb169565000 ---p 00000000 00:00 0 
7fb169565000-7fb169666000 rw-p 00000000 00:00 0 
7fb169666000-7fb169667000 ---p 00000000 00:00 0 
7fb169667000-7fb169768000 rw-p 00000000 00:00 0 
7fb169768000-7fb169769000 ---p 00000000 00:00 0 
7fb169769000-7fb16ad1b000 rw-p 00000000 00:00 0 
7fb16ad1b000-7fb17989b000 ---p 00000000 00:00 0 
7fb17989b000-7fb17a87b000 rw-p 00000000 00:00 0 
7fb17a87b000-7fb1893fb000 ---p 00000000 00:00 0 
7fb1893fb000-7fb189613000 rw-p 00000000 00:00 0 
7fb189613000-7fb18b383000 ---p 00000000 00:00 0 
7fb18b383000-7fb18b57f000 rw-p 00000000 00:00 0 
7fb18b57f000-7fb18d2ef000 ---p 00000000 00:00 0 
7fb18d2ef000-7fb18d4eb000 rw-p 00000000 00:00 0 
7fb18d4eb000-7fb18f25b000 ---p 00000000 00:00 0 
7fb18f25b000-7fb190b78000 rw-p 00000000 00:00 0 
7fb190b78000-7fb190e38000 rwxp 00000000 00:00 0 
7fb190e38000-7fb1913d6000 ---p 00000000 00:00 0 
7fb1913d6000-7fb191646000 rwxp 00000000 00:00 0 
7fb191646000-7fb1987a7000 ---p 00000000 00:00 0 
7fb1987a7000-7fb198a17000 rwxp 00000000 00:00 0 
7fb198a17000-7fb19fb78000 ---p 00000000 00:00 0 
7fb19fb78000-7fb1a8000000 r--s 00000000 103:02 15872884                  /usr/lib/jvm/java-12-oracle/lib/modules
7fb1a8000000-7fb1a896e000 rw-p 00000000 00:00 0 
7fb1a896e000-7fb1ac000000 ---p 00000000 00:00 0 
7fb1ac00b000-7fb1ac00f000 ---p 00000000 00:00 0 
7fb1ac00f000-7fb1ad311000 rw-p 00000000 00:00 0 
7fb1ad311000-7fb1ad3f4000 ---p 00000000 00:00 0 
7fb1ad3f4000-7fb1ad3f9000 rw-p 00000000 00:00 0 
7fb1ad3f9000-7fb1ad4dc000 ---p 00000000 00:00 0 
7fb1ad4dc000-7fb1ad4f7000 r-xp 00000000 103:02 15872864                  /usr/lib/jvm/java-12-oracle/lib/libjimage.so
7fb1ad4f7000-7fb1ad6f6000 ---p 0001b000 103:02 15872864                  /usr/lib/jvm/java-12-oracle/lib/libjimage.so
7fb1ad6f6000-7fb1ad6f8000 r--p 0001a000 103:02 15872864                  /usr/lib/jvm/java-12-oracle/lib/libjimage.so
7fb1ad6f8000-7fb1ad6f9000 rw-p 0001c000 103:02 15872864                  /usr/lib/jvm/java-12-oracle/lib/libjimage.so
7fb1ad6f9000-7fb1ad700000 r-xp 00000000 103:02 15872883                  /usr/lib/jvm/java-12-oracle/lib/libzip.so
7fb1ad700000-7fb1ad8ff000 ---p 00007000 103:02 15872883                  /usr/lib/jvm/java-12-oracle/lib/libzip.so
7fb1ad8ff000-7fb1ad900000 r--p 00006000 103:02 15872883                  /usr/lib/jvm/java-12-oracle/lib/libzip.so
7fb1ad900000-7fb1ad901000 rw-p 00007000 103:02 15872883                  /usr/lib/jvm/java-12-oracle/lib/libzip.so
7fb1ad901000-7fb1ad90c000 r-xp 00000000 103:02 10490588                  /lib/x86_64-linux-gnu/libnss_files-2.27.so
7fb1ad90c000-7fb1adb0b000 ---p 0000b000 103:02 10490588                  /lib/x86_64-linux-gnu/libnss_files-2.27.so
7fb1adb0b000-7fb1adb0c000 r--p 0000a000 103:02 10490588                  /lib/x86_64-linux-gnu/libnss_files-2.27.so
7fb1adb0c000-7fb1adb0d000 rw-p 0000b000 103:02 10490588                  /lib/x86_64-linux-gnu/libnss_files-2.27.so
7fb1adb0d000-7fb1adb13000 rw-p 00000000 00:00 0 
7fb1adb13000-7fb1adb2a000 r-xp 00000000 103:02 10490582                  /lib/x86_64-linux-gnu/libnsl-2.27.so
7fb1adb2a000-7fb1add29000 ---p 00017000 103:02 10490582                  /lib/x86_64-linux-gnu/libnsl-2.27.so
7fb1add29000-7fb1add2a000 r--p 00016000 103:02 10490582                  /lib/x86_64-linux-gnu/libnsl-2.27.so
7fb1add2a000-7fb1add2b000 rw-p 00017000 103:02 10490582                  /lib/x86_64-linux-gnu/libnsl-2.27.so
7fb1add2b000-7fb1add2d000 rw-p 00000000 00:00 0 
7fb1add2d000-7fb1add38000 r-xp 00000000 103:02 10490599                  /lib/x86_64-linux-gnu/libnss_nis-2.27.so
7fb1add38000-7fb1adf37000 ---p 0000b000 103:02 10490599                  /lib/x86_64-linux-gnu/libnss_nis-2.27.so
7fb1adf37000-7fb1adf38000 r--p 0000a000 103:02 10490599                  /lib/x86_64-linux-gnu/libnss_nis-2.27.so
7fb1adf38000-7fb1adf39000 rw-p 0000b000 103:02 10490599                  /lib/x86_64-linux-gnu/libnss_nis-2.27.so
7fb1adf39000-7fb1adf41000 r-xp 00000000 103:02 10490584                  /lib/x86_64-linux-gnu/libnss_compat-2.27.so
7fb1adf41000-7fb1ae141000 ---p 00008000 103:02 10490584                  /lib/x86_64-linux-gnu/libnss_compat-2.27.so
7fb1ae141000-7fb1ae142000 r--p 00008000 103:02 10490584                  /lib/x86_64-linux-gnu/libnss_compat-2.27.so
7fb1ae142000-7fb1ae143000 rw-p 00009000 103:02 10490584                  /lib/x86_64-linux-gnu/libnss_compat-2.27.so
7fb1ae143000-7fb1ae14c000 r-xp 00000000 103:02 534333                    /home/rflachlan/netbeans/profiler/lib/deployed/jdk16/linux-amd64/libprofilerinterface.so
7fb1ae14c000-7fb1ae24c000 ---p 00009000 103:02 534333                    /home/rflachlan/netbeans/profiler/lib/deployed/jdk16/linux-amd64/libprofilerinterface.so
7fb1ae24c000-7fb1ae24d000 rw-p 00009000 103:02 534333                    /home/rflachlan/netbeans/profiler/lib/deployed/jdk16/linux-amd64/libprofilerinterface.so
7fb1ae24d000-7fb1ae275000 r-xp 00000000 103:02 15872860                  /usr/lib/jvm/java-12-oracle/lib/libjava.so
7fb1ae275000-7fb1ae474000 ---p 00028000 103:02 15872860                  /usr/lib/jvm/java-12-oracle/lib/libjava.so
7fb1ae474000-7fb1ae475000 r--p 00027000 103:02 15872860                  /usr/lib/jvm/java-12-oracle/lib/libjava.so
7fb1ae475000-7fb1ae477000 rw-p 00028000 103:02 15872860                  /usr/lib/jvm/java-12-oracle/lib/libjava.so
7fb1ae477000-7fb1ae484000 r-xp 00000000 103:02 15872882                  /usr/lib/jvm/java-12-oracle/lib/libverify.so
7fb1ae484000-7fb1ae683000 ---p 0000d000 103:02 15872882                  /usr/lib/jvm/java-12-oracle/lib/libverify.so
7fb1ae683000-7fb1ae685000 r--p 0000c000 103:02 15872882                  /usr/lib/jvm/java-12-oracle/lib/libverify.so
7fb1ae685000-7fb1ae686000 rw-p 0000e000 103:02 15872882                  /usr/lib/jvm/java-12-oracle/lib/libverify.so
7fb1ae686000-7fb1ae68d000 r-xp 00000000 103:02 10490639                  /lib/x86_64-linux-gnu/librt-2.27.so
7fb1ae68d000-7fb1ae88c000 ---p 00007000 103:02 10490639                  /lib/x86_64-linux-gnu/librt-2.27.so
7fb1ae88c000-7fb1ae88d000 r--p 00006000 103:02 10490639                  /lib/x86_64-linux-gnu/librt-2.27.so
7fb1ae88d000-7fb1ae88e000 rw-p 00007000 103:02 10490639                  /lib/x86_64-linux-gnu/librt-2.27.so
7fb1ae88e000-7fb1aea2b000 r-xp 00000000 103:02 10490561                  /lib/x86_64-linux-gnu/libm-2.27.so
7fb1aea2b000-7fb1aec2a000 ---p 0019d000 103:02 10490561                  /lib/x86_64-linux-gnu/libm-2.27.so
7fb1aec2a000-7fb1aec2b000 r--p 0019c000 103:02 10490561                  /lib/x86_64-linux-gnu/libm-2.27.so
7fb1aec2b000-7fb1aec2c000 rw-p 0019d000 103:02 10490561                  /lib/x86_64-linux-gnu/libm-2.27.so
7fb1aec2c000-7fb1afd90000 r-xp 00000000 103:02 15872898                  /usr/lib/jvm/java-12-oracle/lib/server/libjvm.so
7fb1afd90000-7fb1aff90000 ---p 01164000 103:02 15872898                  /usr/lib/jvm/java-12-oracle/lib/server/libjvm.so
7fb1aff90000-7fb1b0051000 r--p 01164000 103:02 15872898                  /usr/lib/jvm/java-12-oracle/lib/server/libjvm.so
7fb1b0051000-7fb1b008a000 rw-p 01225000 103:02 15872898                  /usr/lib/jvm/java-12-oracle/lib/server/libjvm.so
7fb1b008a000-7fb1b010d000 rw-p 00000000 00:00 0 
7fb1b010d000-7fb1b02f4000 r-xp 00000000 103:02 10490498                  /lib/x86_64-linux-gnu/libc-2.27.so
7fb1b02f4000-7fb1b04f4000 ---p 001e7000 103:02 10490498                  /lib/x86_64-linux-gnu/libc-2.27.so
7fb1b04f4000-7fb1b04f8000 r--p 001e7000 103:02 10490498                  /lib/x86_64-linux-gnu/libc-2.27.so
7fb1b04f8000-7fb1b04fa000 rw-p 001eb000 103:02 10490498                  /lib/x86_64-linux-gnu/libc-2.27.so
7fb1b04fa000-7fb1b04fe000 rw-p 00000000 00:00 0 
7fb1b04fe000-7fb1b0501000 r-xp 00000000 103:02 10490521                  /lib/x86_64-linux-gnu/libdl-2.27.so
7fb1b0501000-7fb1b0700000 ---p 00003000 103:02 10490521                  /lib/x86_64-linux-gnu/libdl-2.27.so
7fb1b0700000-7fb1b0701000 r--p 00002000 103:02 10490521                  /lib/x86_64-linux-gnu/libdl-2.27.so
7fb1b0701000-7fb1b0702000 rw-p 00003000 103:02 10490521                  /lib/x86_64-linux-gnu/libdl-2.27.so
7fb1b0702000-7fb1b071c000 r-xp 00000000 103:02 10490631                  /lib/x86_64-linux-gnu/libpthread-2.27.so
7fb1b071c000-7fb1b091b000 ---p 0001a000 103:02 10490631                  /lib/x86_64-linux-gnu/libpthread-2.27.so
7fb1b091b000-7fb1b091c000 r--p 00019000 103:02 10490631                  /lib/x86_64-linux-gnu/libpthread-2.27.so
7fb1b091c000-7fb1b091d000 rw-p 0001a000 103:02 10490631                  /lib/x86_64-linux-gnu/libpthread-2.27.so
7fb1b091d000-7fb1b0921000 rw-p 00000000 00:00 0 
7fb1b0921000-7fb1b0931000 r-xp 00000000 103:02 15872865                  /usr/lib/jvm/java-12-oracle/lib/libjli.so
7fb1b0931000-7fb1b0b30000 ---p 00010000 103:02 15872865                  /usr/lib/jvm/java-12-oracle/lib/libjli.so
7fb1b0b30000-7fb1b0b31000 r--p 0000f000 103:02 15872865                  /usr/lib/jvm/java-12-oracle/lib/libjli.so
7fb1b0b31000-7fb1b0b32000 rw-p 00010000 103:02 15872865                  /usr/lib/jvm/java-12-oracle/lib/libjli.so
7fb1b0b32000-7fb1b0b4e000 r-xp 00000000 103:02 10490670                  /lib/x86_64-linux-gnu/libz.so.1.2.11
7fb1b0b4e000-7fb1b0d4d000 ---p 0001c000 103:02 10490670                  /lib/x86_64-linux-gnu/libz.so.1.2.11
7fb1b0d4d000-7fb1b0d4e000 r--p 0001b000 103:02 10490670                  /lib/x86_64-linux-gnu/libz.so.1.2.11
7fb1b0d4e000-7fb1b0d4f000 rw-p 0001c000 103:02 10490670                  /lib/x86_64-linux-gnu/libz.so.1.2.11
7fb1b0d4f000-7fb1b0d76000 r-xp 00000000 103:02 10490470                  /lib/x86_64-linux-gnu/ld-2.27.so
7fb1b0d8a000-7fb1b0e50000 rw-p 00000000 00:00 0 
7fb1b0e50000-7fb1b0e5b000 ---p 00000000 00:00 0 
7fb1b0e5b000-7fb1b0e5f000 ---p 00000000 00:00 0 
7fb1b0e5f000-7fb1b0f60000 rw-p 00000000 00:00 0 
7fb1b0f65000-7fb1b0f67000 r--s 00011000 103:02 537327                    /home/rflachlan/netbeans/profiler/lib/jfluid-server-15.jar
7fb1b0f67000-7fb1b0f6b000 r--s 00073000 103:02 537329                    /home/rflachlan/netbeans/profiler/lib/jfluid-server.jar
7fb1b0f6b000-7fb1b0f73000 rw-s 00000000 103:02 13369417                  /tmp/hsperfdata_rflachlan/20198
7fb1b0f73000-7fb1b0f74000 ---p 00000000 00:00 0 
7fb1b0f74000-7fb1b0f75000 r--p 00000000 00:00 0 
7fb1b0f75000-7fb1b0f76000 ---p 00000000 00:00 0 
7fb1b0f76000-7fb1b0f77000 r--p 00027000 103:02 10490470                  /lib/x86_64-linux-gnu/ld-2.27.so
7fb1b0f77000-7fb1b0f78000 rw-p 00028000 103:02 10490470                  /lib/x86_64-linux-gnu/ld-2.27.so
7fb1b0f78000-7fb1b0f79000 rw-p 00000000 00:00 0 
7fff82dde000-7fff82dff000 rw-p 00000000 00:00 0                          [stack]
7fff82f2f000-7fff82f32000 r--p 00000000 00:00 0                          [vvar]
7fff82f32000-7fff82f34000 r-xp 00000000 00:00 0                          [vdso]
ffffffffff600000-ffffffffff601000 r-xp 00000000 00:00 0                  [vsyscall]


VM Arguments:
jvm_args: -Dfile.encoding=UTF-8 -agentpath:/home/rflachlan/netbeans/profiler/lib/deployed/jdk16/linux-amd64/libprofilerinterface.so=/home/rflachlan/netbeans/profiler/lib,5140,10 -XX:+HeapDumpOnOutOfMemoryError -XX:HeapDumpPath=/home/rflachlan/NetBeansProjects/ChaffinchABC/nbproject/private/profiler 
java_command: org.ABCRunner.ABCRunner
java_class_path (initial): /home/rflachlan/Dropbox/workspace/dsiutils-2.3.3.jar:/home/rflachlan/Dropbox/workspace/dsiutils-deps/commons-math3-3.6.1.jar:/home/rflachlan/NetBeansProjects/ChaffinchABC/build/classes
Launcher Type: SUN_STANDARD

[Global flags]
     intx CICompilerCount                          = 18                                        {product} {ergonomic}
     uint ConcGCThreads                            = 11                                        {product} {ergonomic}
     uint G1ConcRefinementThreads                  = 43                                        {product} {ergonomic}
   size_t G1HeapRegionSize                         = 4194304                                   {product} {ergonomic}
    uintx GCDrainStackTargetSize                   = 64                                        {product} {ergonomic}
     bool HeapDumpOnOutOfMemoryError               = true                                   {manageable} {command line}
    ccstr HeapDumpPath                             = /home/rflachlan/NetBeansProjects/ChaffinchABC/nbproject/private/profiler         {manageable} {command line}
   size_t InitialHeapSize                          = 1056964608                                {product} {ergonomic}
   size_t MarkStackSize                            = 4194304                                   {product} {ergonomic}
   size_t MaxHeapSize                              = 16869490688                               {product} {ergonomic}
   size_t MaxNewSize                               = 10120855552                               {product} {ergonomic}
   size_t MinHeapDeltaBytes                        = 4194304                                   {product} {ergonomic}
    uintx NonNMethodCodeHeapSize                   = 8769992                                {pd product} {ergonomic}
    uintx NonProfiledCodeHeapSize                  = 121444124                              {pd product} {ergonomic}
    uintx ProfiledCodeHeapSize                     = 121444124                              {pd product} {ergonomic}
    uintx ReservedCodeCacheSize                    = 251658240                              {pd product} {ergonomic}
     bool SegmentedCodeCache                       = true                                      {product} {ergonomic}
     bool UseCompressedClassPointers               = true                                 {lp64_product} {ergonomic}
     bool UseCompressedOops                        = true                                 {lp64_product} {ergonomic}
     bool UseG1GC                                  = true                                      {product} {ergonomic}

Logging:
Log output configuration:
 #0: stdout all=warning uptime,level,tags
 #1: stderr all=off uptime,level,tags

Environment Variables:
JAVA_HOME=/usr/lib/jvm/java-12-oracle
PATH=/usr/local/sbin:/usr/local/bin:/usr/sbin:/usr/bin:/sbin:/bin:/usr/games:/usr/local/games:/snap/bin:/usr/lib/jvm/java-12-oracle/bin:/usr/lib/jvm/java-12-oracle/db/bin
USERNAME=rflachlan
SHELL=/bin/bash
DISPLAY=:0

Signal Handlers:
SIGSEGV: [libjvm.so+0xe45640], sa_mask[0]=11111111011111111101111111111110, sa_flags=SA_RESTART|SA_SIGINFO
SIGBUS: [libjvm.so+0xe45640], sa_mask[0]=11111111011111111101111111111110, sa_flags=SA_RESTART|SA_SIGINFO
SIGFPE: [libjvm.so+0xe45640], sa_mask[0]=11111111011111111101111111111110, sa_flags=SA_RESTART|SA_SIGINFO
SIGPIPE: [libjvm.so+0xbf4b50], sa_mask[0]=11111111011111111101111111111110, sa_flags=SA_RESTART|SA_SIGINFO
SIGXFSZ: [libjvm.so+0xbf4b50], sa_mask[0]=11111111011111111101111111111110, sa_flags=SA_RESTART|SA_SIGINFO
SIGILL: [libjvm.so+0xe45640], sa_mask[0]=11111111011111111101111111111110, sa_flags=SA_RESTART|SA_SIGINFO
SIGUSR2: [libjvm.so+0xbf49f0], sa_mask[0]=00100000000000000000000000000000, sa_flags=SA_RESTART|SA_SIGINFO
SIGHUP: [libjvm.so+0xbf4d50], sa_mask[0]=11111111011111111101111111111110, sa_flags=SA_RESTART|SA_SIGINFO
SIGINT: SIG_IGN, sa_mask[0]=00000000000000000000000000000000, sa_flags=none
SIGTERM: [libjvm.so+0xbf4d50], sa_mask[0]=11111111011111111101111111111110, sa_flags=SA_RESTART|SA_SIGINFO
SIGQUIT: [libjvm.so+0xbf4d50], sa_mask[0]=11111111011111111101111111111110, sa_flags=SA_RESTART|SA_SIGINFO


---------------  S Y S T E M  ---------------

OS:DISTRIB_ID=Ubuntu
DISTRIB_RELEASE=18.04
DISTRIB_CODENAME=bionic
DISTRIB_DESCRIPTION="Ubuntu 18.04.2 LTS"
uname:Linux 4.15.0-51-generic #55-Ubuntu SMP Wed May 15 14:27:21 UTC 2019 x86_64
libc:glibc 2.27 NPTL 2.27 
rlimit: STACK 8192k, CORE 0k, NPROC 256634, NOFILE 4096, AS infinity, DATA infinity, FSIZE infinity
load average:18.88 17.06 14.28

/proc/meminfo:
MemTotal:       65882016 kB
MemFree:        33436828 kB
MemAvailable:   57863588 kB
Buffers:          798088 kB
Cached:         23086212 kB
SwapCached:        20500 kB
Active:         10090208 kB
Inactive:       19789736 kB
Active(anon):    5384648 kB
Inactive(anon):   879888 kB
Active(file):    4705560 kB
Inactive(file): 18909848 kB
Unevictable:          16 kB
Mlocked:              16 kB
SwapTotal:       2097148 kB
SwapFree:        1547216 kB
Dirty:               904 kB
Writeback:             0 kB
AnonPages:       5979160 kB
Mapped:           874440 kB
Shmem:            268808 kB
Slab:            1972420 kB
SReclaimable:    1481256 kB
SUnreclaim:       491164 kB
KernelStack:       38768 kB
PageTables:        80636 kB
NFS_Unstable:          0 kB
Bounce:                0 kB
WritebackTmp:          0 kB
CommitLimit:    35038156 kB
Committed_AS:   16817876 kB
VmallocTotal:   34359738367 kB
VmallocUsed:           0 kB
VmallocChunk:          0 kB
HardwareCorrupted:     0 kB
AnonHugePages:         0 kB
ShmemHugePages:        0 kB
ShmemPmdMapped:        0 kB
CmaTotal:              0 kB
CmaFree:               0 kB
HugePages_Total:       0
HugePages_Free:        0
HugePages_Rsvd:        0
HugePages_Surp:        0
Hugepagesize:       2048 kB
DirectMap4k:      785432 kB
DirectMap2M:    46270464 kB
DirectMap1G:    19922944 kB


/proc/sys/kernel/threads-max (system-wide limit on the number of threads):
513269


/proc/sys/vm/max_map_count (maximum number of memory map areas a process may have):
65530


/proc/sys/kernel/pid_max (system-wide limit on number of process identifiers):
131072



container (cgroup) information:
container_type: cgroupv1
cpu_cpuset_cpus: 0-63
cpu_memory_nodes: 0,2
active_processor_count: 64
cpu_quota: -1
cpu_period: 100000
cpu_shares: -1
memory_limit_in_bytes: -1
memory_and_swap_limit_in_bytes: -2
memory_soft_limit_in_bytes: -1
memory_usage_in_bytes: 30586679296
memory_max_usage_in_bytes: 280607006720


CPU:total 64 (initial active 64) (64 cores per cpu, 2 threads per core) family 23 model 8 stepping 2, cmov, cx8, fxsr, mmx, sse, sse2, sse3, ssse3, sse4.1, sse4.2, popcnt, avx, avx2, aes, clmul, mmxext, 3dnowpref, lzcnt, sse4a, ht, tsc, tscinvbit, tscinv, bmi1, bmi2, adx, sha, fma
CPU Model and flags from /proc/cpuinfo:
model name	: AMD Ryzen Threadripper 2990WX 32-Core Processor
flags		: fpu vme de pse tsc msr pae mce cx8 apic sep mtrr pge mca cmov pat pse36 clflush mmx fxsr sse sse2 ht syscall nx mmxext fxsr_opt pdpe1gb rdtscp lm constant_tsc rep_good nopl nonstop_tsc cpuid extd_apicid amd_dcm aperfmperf pni pclmulqdq monitor ssse3 fma cx16 sse4_1 sse4_2 movbe popcnt aes xsave avx f16c rdrand lahf_lm cmp_legacy svm extapic cr8_legacy abm sse4a misalignsse 3dnowprefetch osvw skinit wdt tce topoext perfctr_core perfctr_nb bpext perfctr_llc mwaitx cpb hw_pstate sme ssbd ibpb vmmcall fsgsbase bmi1 avx2 smep bmi2 rdseed adx smap clflushopt sha_ni xsaveopt xsavec xgetbv1 xsaves clzero irperf xsaveerptr arat npt lbrv svm_lock nrip_save tsc_scale vmcb_clean flushbyasid decodeassists pausefilter pfthreshold avic v_vmsave_vmload vgif overflow_recov succor smca

Memory: 4k page, physical 65882016k(33431868k free), swap 2097148k(1547216k free)

vm_info: Java HotSpot(TM) 64-Bit Server VM (12.0.1+12) for linux-amd64 JRE (12.0.1+12), built on Apr  1 2019 23:46:14 by "mach5one" with gcc 7.3.0

END.
