#
# There is insufficient memory for the Java Runtime Environment to continue.
# Native memory allocation (mmap) failed to map 281018368 bytes for committing reserved memory.
# Possible reasons:
#   The system is out of physical RAM or swap space
#   The process is running with CompressedOops enabled, and the Java Heap may be blocking the growth of the native heap
# Possible solutions:
#   Reduce memory load on the system
#   Increase physical memory or swap space
#   Check if swap backing store is full
#   Decrease Java heap size (-Xmx/-Xms)
#   Decrease number of Java threads
#   Decrease Java thread stack sizes (-Xss)
#   Set larger code cache with -XX:ReservedCodeCacheSize=
#   JVM is running with Zero Based Compressed Oops mode in which the Java heap is
#     placed in the first 32GB address space. The Java Heap base address is the
#     maximum limit for the native heap growth. Please use -XX:HeapBaseMinAddress
#     to set the Java Heap base and to place the Java Heap above 32GB virtual address.
# This output file may be truncated or incomplete.
#
#  Out of Memory Error (os_linux.cpp:2659), pid=15570, tid=15805
#
# JRE version: Java(TM) SE Runtime Environment (12.0.1+12) (build 12.0.1+12)
# Java VM: Java HotSpot(TM) 64-Bit Server VM (12.0.1+12, mixed mode, sharing, tiered, compressed oops, g1 gc, linux-amd64)
# Core dump will be written. Default location: Core dumps may be processed with "/usr/share/apport/apport %p %s %c %d %P" (or dumping to /home/rflachlan/NetBeansProjects/ChaffinchABC/core.15570)
#

---------------  S U M M A R Y ------------

Command Line: /home/rflachlan/Dropbox/ChaffMainlandN//ChaffinchABC.jar 1 8 0 3653357899929101390 /home/rflachlan/Dropbox/ChaffMainlandN/

Host: AMD Ryzen Threadripper 2990WX 32-Core Processor, 64 cores, 62G, Ubuntu 18.04.2 LTS
Time: Wed Jul 17 17:15:52 2019 BST elapsed time: 79 seconds (0d 0h 1m 19s)

---------------  T H R E A D  ---------------

Current thread (0x00007f9110327000):  VMThread "VM Thread" [stack: 0x00007f90bdc63000,0x00007f90bdd63000] [id=15805]

Stack: [0x00007f90bdc63000,0x00007f90bdd63000],  sp=0x00007f90bdd60f30,  free space=1015k
Native frames: (J=compiled Java code, A=aot compiled Java code, j=interpreted, Vv=VM code, C=native code)
V  [libjvm.so+0xe43ca0]  VMError::report_and_die(int, char const*, char const*, __va_list_tag*, Thread*, unsigned char*, void*, void*, char const*, int, unsigned long)+0x310
V  [libjvm.so+0xe4486b]  VMError::report_and_die(Thread*, char const*, int, unsigned long, VMErrorType, char const*, __va_list_tag*)+0x2b
V  [libjvm.so+0x65df95]  report_vm_out_of_memory(char const*, int, unsigned long, VMErrorType, char const*, ...)+0xd5
V  [libjvm.so+0xbf8c18]  os::pd_commit_memory_or_exit(char*, unsigned long, unsigned long, bool, char const*)+0x108
V  [libjvm.so+0xbf03fd]  os::commit_memory_or_exit(char*, unsigned long, unsigned long, bool, char const*)+0x1d
V  [libjvm.so+0x78820c]  G1PageBasedVirtualSpace::commit_preferred_pages(unsigned long, unsigned long)+0x6c
V  [libjvm.so+0x7885a4]  G1PageBasedVirtualSpace::commit(unsigned long, unsigned long)+0x154
V  [libjvm.so+0x796370]  G1RegionsLargerThanCommitSizeMapper::commit_regions(unsigned int, unsigned long, WorkGang*)+0x40
V  [libjvm.so+0x8174c0]  HeapRegionManager::commit_regions(unsigned int, unsigned long, WorkGang*)+0x80
V  [libjvm.so+0x81822f]  HeapRegionManager::make_regions_available(unsigned int, unsigned int, WorkGang*)+0x3f
V  [libjvm.so+0x8187b9]  HeapRegionManager::expand_at(unsigned int, unsigned int, WorkGang*)+0x119
V  [libjvm.so+0x73cc00]  G1CollectedHeap::expand(unsigned long, WorkGang*, double*)+0xe0
V  [libjvm.so+0x7415d2]  G1CollectedHeap::do_collection_pause_at_safepoint(double)+0xa22
V  [libjvm.so+0x7a9c51]  VM_G1CollectForAllocation::doit()+0x81
V  [libjvm.so+0xe46287]  VM_Operation::evaluate()+0xe7
V  [libjvm.so+0xe4c12f]  VMThread::evaluate_operation(VM_Operation*) [clone .constprop.63]+0xff
V  [libjvm.so+0xe4c671]  VMThread::loop()+0x3f1
V  [libjvm.so+0xe4caa3]  VMThread::run()+0x73
V  [libjvm.so+0xdd21bf]  Thread::call_run()+0x16f
V  [libjvm.so+0xbfe94e]  thread_native_entry(Thread*)+0xee

VM_Operation (0x00007f9116c00420): G1CollectForAllocation, mode: safepoint, requested by thread 0x00007f9110012800


---------------  P R O C E S S  ---------------

Threads class SMR info:
_java_thread_list=0x00007f9018000f30, length=9, elements={
0x00007f9110012800, 0x00007f911032a000, 0x00007f911032c000, 0x00007f9110331000,
0x00007f9110333800, 0x00007f911033d800, 0x00007f911033f800, 0x00007f9110370000,
0x00007f9110375000
}

Java Threads: ( => current thread )
  0x00007f9110012800 JavaThread "main" [_thread_blocked, id=15586, stack(0x00007f9116b01000,0x00007f9116c02000)]
  0x00007f911032a000 JavaThread "Reference Handler" daemon [_thread_blocked, id=15831, stack(0x00007f90bdb60000,0x00007f90bdc61000)]
  0x00007f911032c000 JavaThread "Finalizer" daemon [_thread_blocked, id=15838, stack(0x00007f90bda5f000,0x00007f90bdb60000)]
  0x00007f9110331000 JavaThread "Signal Dispatcher" daemon [_thread_blocked, id=15866, stack(0x00007f90bcf8f000,0x00007f90bd090000)]
  0x00007f9110333800 JavaThread "C2 CompilerThread0" daemon [_thread_blocked, id=15868, stack(0x00007f90bce8e000,0x00007f90bcf8f000)]
  0x00007f911033d800 JavaThread "C1 CompilerThread0" daemon [_thread_blocked, id=15869, stack(0x00007f90bcd8d000,0x00007f90bce8e000)]
  0x00007f911033f800 JavaThread "Sweeper thread" daemon [_thread_blocked, id=15877, stack(0x00007f90bcc8c000,0x00007f90bcd8d000)]
  0x00007f9110370000 JavaThread "Service Thread" daemon [_thread_blocked, id=16015, stack(0x00007f90bc888000,0x00007f90bc989000)]
  0x00007f9110375000 JavaThread "Common-Cleaner" daemon [_thread_blocked, id=16084, stack(0x00007f90bc483000,0x00007f90bc584000)]

Other Threads:
=>0x00007f9110327000 VMThread "VM Thread" [stack: 0x00007f90bdc63000,0x00007f90bdd63000] [id=15805]
  0x00007f9110372800 WatcherThread [stack: 0x00007f90bc586000,0x00007f90bc686000] [id=16057]
  0x00007f911006e800 GCTaskThread "GC Thread#0" [stack: 0x00007f90cf5df000,0x00007f90cf6df000] [id=15638]
  0x00007f90b4001000 GCTaskThread "GC Thread#1" [stack: 0x00007f9077cfe000,0x00007f9077dfe000] [id=16318]
  0x00007f90b4002000 GCTaskThread "GC Thread#2" [stack: 0x00007f9077bfc000,0x00007f9077cfc000] [id=16319]
  0x00007f90b4003000 GCTaskThread "GC Thread#3" [stack: 0x00007f9077afa000,0x00007f9077bfa000] [id=16320]
  0x00007f90b4004000 GCTaskThread "GC Thread#4" [stack: 0x00007f90779f8000,0x00007f9077af8000] [id=16321]
  0x00007f90b4005000 GCTaskThread "GC Thread#5" [stack: 0x00007f90778f6000,0x00007f90779f6000] [id=16322]
  0x00007f90b4006800 GCTaskThread "GC Thread#6" [stack: 0x00007f90777f4000,0x00007f90778f4000] [id=16323]
  0x00007f90b4008000 GCTaskThread "GC Thread#7" [stack: 0x00007f90776f2000,0x00007f90777f2000] [id=16330]
  0x00007f90b400a000 GCTaskThread "GC Thread#8" [stack: 0x00007f90775f0000,0x00007f90776f0000] [id=16332]
  0x00007f90b400b800 GCTaskThread "GC Thread#9" [stack: 0x00007f90774ee000,0x00007f90775ee000] [id=16333]
  0x00007f90b400d000 GCTaskThread "GC Thread#10" [stack: 0x00007f90773ec000,0x00007f90774ec000] [id=16334]
  0x00007f90b400e800 GCTaskThread "GC Thread#11" [stack: 0x00007f90772ea000,0x00007f90773ea000] [id=16342]
  0x00007f90b4010000 GCTaskThread "GC Thread#12" [stack: 0x00007f90771e8000,0x00007f90772e8000] [id=16347]
  0x00007f90b4011800 GCTaskThread "GC Thread#13" [stack: 0x00007f90770e6000,0x00007f90771e6000] [id=16350]
  0x00007f90b4013000 GCTaskThread "GC Thread#14" [stack: 0x00007f9076fe4000,0x00007f90770e4000] [id=16354]
  0x00007f90b4014800 GCTaskThread "GC Thread#15" [stack: 0x00007f9076ee2000,0x00007f9076fe2000] [id=16356]
  0x00007f90b4016000 GCTaskThread "GC Thread#16" [stack: 0x00007f9076de0000,0x00007f9076ee0000] [id=16362]
  0x00007f90b4017800 GCTaskThread "GC Thread#17" [stack: 0x00007f9076cde000,0x00007f9076dde000] [id=16365]
  0x00007f90b4019000 GCTaskThread "GC Thread#18" [stack: 0x00007f9076bdc000,0x00007f9076cdc000] [id=16368]
  0x00007f90b401a800 GCTaskThread "GC Thread#19" [stack: 0x00007f9076ada000,0x00007f9076bda000] [id=16369]
  0x00007f90b401c000 GCTaskThread "GC Thread#20" [stack: 0x00007f90769d8000,0x00007f9076ad8000] [id=16371]
  0x00007f90b401d800 GCTaskThread "GC Thread#21" [stack: 0x00007f90768d6000,0x00007f90769d6000] [id=16373]
  0x00007f90b401f000 GCTaskThread "GC Thread#22" [stack: 0x00007f90767d4000,0x00007f90768d4000] [id=16376]
  0x00007f90b4021000 GCTaskThread "GC Thread#23" [stack: 0x00007f90766d2000,0x00007f90767d2000] [id=16379]
  0x00007f9110088800 ConcurrentGCThread "G1 Main Marker" [stack: 0x00007f90cf4dd000,0x00007f90cf5dd000] [id=15643]
  0x00007f911008a000 ConcurrentGCThread "G1 Conc#0" [stack: 0x00007f90cf3db000,0x00007f90cf4db000] [id=15652]
  0x00007f91102a5800 ConcurrentGCThread "G1 Refine#0" [stack: 0x00007f90be6e8000,0x00007f90be7e8000] [id=15705]
  0x00007f90b8001000 ConcurrentGCThread "G1 Refine#1" [stack: 0x00007f90761cc000,0x00007f90762cc000] [id=19264]
  0x00007f901802e800 ConcurrentGCThread "G1 Refine#2" [stack: 0x00007f90760ca000,0x00007f90761ca000] [id=19265]
  0x00007f901c001000 ConcurrentGCThread "G1 Refine#3" [stack: 0x00007f9075fc8000,0x00007f90760c8000] [id=19266]
  0x00007f9010001000 ConcurrentGCThread "G1 Refine#4" [stack: 0x00007f9075ec6000,0x00007f9075fc6000] [id=19267]
  0x00007f90900ab800 ConcurrentGCThread "G1 Refine#5" [stack: 0x00007f9075dc4000,0x00007f9075ec4000] [id=19268]
  0x00007f9014001800 ConcurrentGCThread "G1 Refine#6" [stack: 0x00007f9075cc2000,0x00007f9075dc2000] [id=19269]
  0x00007f9008001800 ConcurrentGCThread "G1 Refine#7" [stack: 0x00007f9075bc0000,0x00007f9075cc0000] [id=19270]
  0x00007f900c001000 ConcurrentGCThread "G1 Refine#8" [stack: 0x00007f9075abe000,0x00007f9075bbe000] [id=19273]
  0x00007f91102a7000 ConcurrentGCThread "G1 Young RemSet Sampling" [stack: 0x00007f90be5e6000,0x00007f90be6e6000] [id=15715]

Threads with active compile tasks:

VM state:at safepoint (normal execution)

VM Mutex/Monitor currently owned by a thread:  ([mutex/lock_event])
[0x00007f911000e5b0] Threads_lock - owner thread: 0x00007f9110327000
[0x00007f911000ed90] Heap_lock - owner thread: 0x00007f9110012800

Heap address: 0x0000000412800000, size: 16088 MB, Compressed Oops mode: Zero based, Oop shift amount: 3
Narrow klass base: 0x0000000800000000, Narrow klass shift: 3
Compressed class space size: 1073741824 Address: 0x0000000801129000

Heap:
 garbage-first heap   total 1314816K, used 188684K [0x0000000412800000, 0x0000000800000000)
  region size 4096K, 3 young (12288K), 3 survivors (12288K)
 Metaspace       used 1089K, capacity 5017K, committed 5376K, reserved 1056768K
  class space    used 56K, capacity 424K, committed 512K, reserved 1048576K
Heap Regions: E=young(eden), S=young(survivor), O=old, HS=humongous(starts), HC=humongous(continues), CS=collection set, F=free, A=archive, TAMS=top-at-mark-start (previous, next)
|   0|0x0000000412800000, 0x0000000412c00000, 0x0000000412c00000|100%| O|  |TAMS 0x0000000412800000, 0x0000000412800000| Untracked 
|   1|0x0000000412c00000, 0x0000000413000000, 0x0000000413000000|100%| O|  |TAMS 0x0000000412c00000, 0x0000000412c00000| Untracked 
|   2|0x0000000413000000, 0x0000000413400000, 0x0000000413400000|100%| O|  |TAMS 0x0000000413000000, 0x0000000413000000| Untracked 
|   3|0x0000000413400000, 0x0000000413800000, 0x0000000413800000|100%| O|  |TAMS 0x0000000413400000, 0x0000000413400000| Untracked 
|   4|0x0000000413800000, 0x0000000413c00000, 0x0000000413c00000|100%| O|  |TAMS 0x0000000413800000, 0x0000000413800000| Untracked 
|   5|0x0000000413c00000, 0x0000000414000000, 0x0000000414000000|100%| O|  |TAMS 0x0000000413c00000, 0x0000000413c00000| Untracked 
|   6|0x0000000414000000, 0x0000000414400000, 0x0000000414400000|100%| O|  |TAMS 0x0000000414000000, 0x0000000414000000| Untracked 
|   7|0x0000000414400000, 0x0000000414800000, 0x0000000414800000|100%| O|  |TAMS 0x0000000414400000, 0x0000000414400000| Untracked 
|   8|0x0000000414800000, 0x0000000414c00000, 0x0000000414c00000|100%| O|  |TAMS 0x0000000414800000, 0x0000000414800000| Untracked 
|   9|0x0000000414c00000, 0x0000000415000000, 0x0000000415000000|100%| O|  |TAMS 0x0000000414c00000, 0x0000000414c00000| Untracked 
|  10|0x0000000415000000, 0x0000000415400000, 0x0000000415400000|100%| O|  |TAMS 0x0000000415000000, 0x0000000415000000| Untracked 
|  11|0x0000000415400000, 0x0000000415800000, 0x0000000415800000|100%| O|  |TAMS 0x0000000415400000, 0x0000000415400000| Untracked 
|  12|0x0000000415800000, 0x0000000415c00000, 0x0000000415c00000|100%| O|  |TAMS 0x0000000415800000, 0x0000000415800000| Untracked 
|  13|0x0000000415c00000, 0x0000000416000000, 0x0000000416000000|100%| O|  |TAMS 0x0000000415c00000, 0x0000000415c00000| Untracked 
|  14|0x0000000416000000, 0x0000000416400000, 0x0000000416400000|100%| O|  |TAMS 0x0000000416000000, 0x0000000416000000| Untracked 
|  15|0x0000000416400000, 0x0000000416800000, 0x0000000416800000|100%| O|  |TAMS 0x0000000416400000, 0x0000000416400000| Untracked 
|  16|0x0000000416800000, 0x0000000416c00000, 0x0000000416c00000|100%| O|  |TAMS 0x0000000416800000, 0x0000000416800000| Untracked 
|  17|0x0000000416c00000, 0x0000000417000000, 0x0000000417000000|100%| O|  |TAMS 0x0000000416c00000, 0x0000000416c00000| Untracked 
|  18|0x0000000417000000, 0x0000000417400000, 0x0000000417400000|100%| O|  |TAMS 0x0000000417000000, 0x0000000417000000| Untracked 
|  19|0x0000000417400000, 0x0000000417800000, 0x0000000417800000|100%| O|  |TAMS 0x0000000417400000, 0x0000000417400000| Untracked 
|  20|0x0000000417800000, 0x0000000417c00000, 0x0000000417c00000|100%| O|  |TAMS 0x0000000417800000, 0x0000000417800000| Untracked 
|  21|0x0000000417c00000, 0x0000000418000000, 0x0000000418000000|100%| O|  |TAMS 0x0000000417c00000, 0x0000000417c00000| Untracked 
|  22|0x0000000418000000, 0x0000000418400000, 0x0000000418400000|100%| O|  |TAMS 0x0000000418000000, 0x0000000418000000| Untracked 
|  23|0x0000000418400000, 0x0000000418800000, 0x0000000418800000|100%| O|  |TAMS 0x0000000418400000, 0x0000000418400000| Untracked 
|  24|0x0000000418800000, 0x0000000418c00000, 0x0000000418c00000|100%| O|  |TAMS 0x0000000418800000, 0x0000000418800000| Untracked 
|  25|0x0000000418c00000, 0x0000000419000000, 0x0000000419000000|100%| O|  |TAMS 0x0000000418c00000, 0x0000000418c00000| Untracked 
|  26|0x0000000419000000, 0x0000000419400000, 0x0000000419400000|100%| O|  |TAMS 0x0000000419000000, 0x0000000419000000| Untracked 
|  27|0x0000000419400000, 0x0000000419800000, 0x0000000419800000|100%| O|  |TAMS 0x0000000419400000, 0x0000000419400000| Untracked 
|  28|0x0000000419800000, 0x0000000419c00000, 0x0000000419c00000|100%| O|  |TAMS 0x0000000419800000, 0x0000000419800000| Untracked 
|  29|0x0000000419c00000, 0x000000041a000000, 0x000000041a000000|100%| O|  |TAMS 0x0000000419c00000, 0x0000000419c00000| Untracked 
|  30|0x000000041a000000, 0x000000041a400000, 0x000000041a400000|100%| O|  |TAMS 0x000000041a000000, 0x000000041a000000| Untracked 
|  31|0x000000041a400000, 0x000000041a800000, 0x000000041a800000|100%| O|  |TAMS 0x000000041a400000, 0x000000041a400000| Untracked 
|  32|0x000000041a800000, 0x000000041ac00000, 0x000000041ac00000|100%| O|  |TAMS 0x000000041a800000, 0x000000041a800000| Untracked 
|  33|0x000000041ac00000, 0x000000041b000000, 0x000000041b000000|100%| O|  |TAMS 0x000000041ac00000, 0x000000041ac00000| Untracked 
|  34|0x000000041b000000, 0x000000041b400000, 0x000000041b400000|100%| O|  |TAMS 0x000000041b000000, 0x000000041b000000| Untracked 
|  35|0x000000041b400000, 0x000000041b800000, 0x000000041b800000|100%| O|  |TAMS 0x000000041b400000, 0x000000041b400000| Untracked 
|  36|0x000000041b800000, 0x000000041bc00000, 0x000000041bc00000|100%| O|  |TAMS 0x000000041b800000, 0x000000041b800000| Untracked 
|  37|0x000000041bc00000, 0x000000041c000000, 0x000000041c000000|100%| O|  |TAMS 0x000000041bc00000, 0x000000041bc00000| Untracked 
|  38|0x000000041c000000, 0x000000041c400000, 0x000000041c400000|100%| O|  |TAMS 0x000000041c000000, 0x000000041c000000| Untracked 
|  39|0x000000041c400000, 0x000000041c800000, 0x000000041c800000|100%| O|  |TAMS 0x000000041c400000, 0x000000041c400000| Untracked 
|  40|0x000000041c800000, 0x000000041cc00000, 0x000000041cc00000|100%| O|  |TAMS 0x000000041c800000, 0x000000041c800000| Untracked 
|  41|0x000000041cc00000, 0x000000041d000000, 0x000000041d000000|100%| O|  |TAMS 0x000000041cc00000, 0x000000041cc00000| Untracked 
|  42|0x000000041d000000, 0x000000041d174400, 0x000000041d400000| 36%| O|  |TAMS 0x000000041d000000, 0x000000041d000000| Untracked 
|  43|0x000000041d400000, 0x000000041d400000, 0x000000041d800000|  0%| F|  |TAMS 0x000000041d400000, 0x000000041d400000| Untracked 
|  44|0x000000041d800000, 0x000000041d800000, 0x000000041dc00000|  0%| F|  |TAMS 0x000000041d800000, 0x000000041d800000| Untracked 
|  45|0x000000041dc00000, 0x000000041dc00000, 0x000000041e000000|  0%| F|  |TAMS 0x000000041dc00000, 0x000000041dc00000| Untracked 
|  46|0x000000041e000000, 0x000000041e000000, 0x000000041e400000|  0%| F|  |TAMS 0x000000041e000000, 0x000000041e000000| Untracked 
|  47|0x000000041e400000, 0x000000041e400000, 0x000000041e800000|  0%| F|  |TAMS 0x000000041e400000, 0x000000041e400000| Untracked 
|  48|0x000000041e800000, 0x000000041e800000, 0x000000041ec00000|  0%| F|  |TAMS 0x000000041e800000, 0x000000041e800000| Untracked 
|  49|0x000000041ec00000, 0x000000041ec00000, 0x000000041f000000|  0%| F|  |TAMS 0x000000041ec00000, 0x000000041ec00000| Untracked 
|  50|0x000000041f000000, 0x000000041f000000, 0x000000041f400000|  0%| F|  |TAMS 0x000000041f000000, 0x000000041f000000| Untracked 
|  51|0x000000041f400000, 0x000000041f400000, 0x000000041f800000|  0%| F|  |TAMS 0x000000041f400000, 0x000000041f400000| Untracked 
|  52|0x000000041f800000, 0x000000041f800000, 0x000000041fc00000|  0%| F|  |TAMS 0x000000041f800000, 0x000000041f800000| Untracked 
|  53|0x000000041fc00000, 0x000000041fc00000, 0x0000000420000000|  0%| F|  |TAMS 0x000000041fc00000, 0x000000041fc00000| Untracked 
|  54|0x0000000420000000, 0x0000000420000000, 0x0000000420400000|  0%| F|  |TAMS 0x0000000420000000, 0x0000000420000000| Untracked 
|  55|0x0000000420400000, 0x0000000420400000, 0x0000000420800000|  0%| F|  |TAMS 0x0000000420400000, 0x0000000420400000| Untracked 
|  56|0x0000000420800000, 0x0000000420800000, 0x0000000420c00000|  0%| F|  |TAMS 0x0000000420800000, 0x0000000420800000| Untracked 
|  57|0x0000000420c00000, 0x0000000420c00000, 0x0000000421000000|  0%| F|  |TAMS 0x0000000420c00000, 0x0000000420c00000| Untracked 
|  58|0x0000000421000000, 0x0000000421000000, 0x0000000421400000|  0%| F|  |TAMS 0x0000000421000000, 0x0000000421000000| Untracked 
|  59|0x0000000421400000, 0x0000000421400000, 0x0000000421800000|  0%| F|  |TAMS 0x0000000421400000, 0x0000000421400000| Untracked 
|  60|0x0000000421800000, 0x0000000421800000, 0x0000000421c00000|  0%| F|  |TAMS 0x0000000421800000, 0x0000000421800000| Untracked 
|  61|0x0000000421c00000, 0x0000000421c00000, 0x0000000422000000|  0%| F|  |TAMS 0x0000000421c00000, 0x0000000421c00000| Untracked 
|  62|0x0000000422000000, 0x0000000422000000, 0x0000000422400000|  0%| F|  |TAMS 0x0000000422000000, 0x0000000422000000| Untracked 
|  63|0x0000000422400000, 0x0000000422400000, 0x0000000422800000|  0%| F|  |TAMS 0x0000000422400000, 0x0000000422400000| Untracked 
|  64|0x0000000422800000, 0x0000000422800000, 0x0000000422c00000|  0%| F|  |TAMS 0x0000000422800000, 0x0000000422800000| Untracked 
|  65|0x0000000422c00000, 0x0000000422c00000, 0x0000000423000000|  0%| F|  |TAMS 0x0000000422c00000, 0x0000000422c00000| Untracked 
|  66|0x0000000423000000, 0x0000000423000000, 0x0000000423400000|  0%| F|  |TAMS 0x0000000423000000, 0x0000000423000000| Untracked 
|  67|0x0000000423400000, 0x0000000423400000, 0x0000000423800000|  0%| F|  |TAMS 0x0000000423400000, 0x0000000423400000| Untracked 
|  68|0x0000000423800000, 0x0000000423800000, 0x0000000423c00000|  0%| F|  |TAMS 0x0000000423800000, 0x0000000423800000| Untracked 
|  69|0x0000000423c00000, 0x0000000423c00000, 0x0000000424000000|  0%| F|  |TAMS 0x0000000423c00000, 0x0000000423c00000| Untracked 
|  70|0x0000000424000000, 0x0000000424000000, 0x0000000424400000|  0%| F|  |TAMS 0x0000000424000000, 0x0000000424000000| Untracked 
|  71|0x0000000424400000, 0x0000000424400000, 0x0000000424800000|  0%| F|  |TAMS 0x0000000424400000, 0x0000000424400000| Untracked 
|  72|0x0000000424800000, 0x0000000424800000, 0x0000000424c00000|  0%| F|  |TAMS 0x0000000424800000, 0x0000000424800000| Untracked 
|  73|0x0000000424c00000, 0x0000000424c00000, 0x0000000425000000|  0%| F|  |TAMS 0x0000000424c00000, 0x0000000424c00000| Untracked 
|  74|0x0000000425000000, 0x0000000425000000, 0x0000000425400000|  0%| F|  |TAMS 0x0000000425000000, 0x0000000425000000| Untracked 
|  75|0x0000000425400000, 0x0000000425400000, 0x0000000425800000|  0%| F|  |TAMS 0x0000000425400000, 0x0000000425400000| Untracked 
|  76|0x0000000425800000, 0x0000000425800000, 0x0000000425c00000|  0%| F|  |TAMS 0x0000000425800000, 0x0000000425800000| Untracked 
|  77|0x0000000425c00000, 0x0000000425c00000, 0x0000000426000000|  0%| F|  |TAMS 0x0000000425c00000, 0x0000000425c00000| Untracked 
|  78|0x0000000426000000, 0x0000000426000000, 0x0000000426400000|  0%| F|  |TAMS 0x0000000426000000, 0x0000000426000000| Untracked 
|  79|0x0000000426400000, 0x0000000426400000, 0x0000000426800000|  0%| F|  |TAMS 0x0000000426400000, 0x0000000426400000| Untracked 
|  80|0x0000000426800000, 0x0000000426800000, 0x0000000426c00000|  0%| F|  |TAMS 0x0000000426800000, 0x0000000426800000| Untracked 
|  81|0x0000000426c00000, 0x0000000426c00000, 0x0000000427000000|  0%| F|  |TAMS 0x0000000426c00000, 0x0000000426c00000| Untracked 
|  82|0x0000000427000000, 0x0000000427000000, 0x0000000427400000|  0%| F|  |TAMS 0x0000000427000000, 0x0000000427000000| Untracked 
|  83|0x0000000427400000, 0x0000000427400000, 0x0000000427800000|  0%| F|  |TAMS 0x0000000427400000, 0x0000000427400000| Untracked 
|  84|0x0000000427800000, 0x0000000427800000, 0x0000000427c00000|  0%| F|  |TAMS 0x0000000427800000, 0x0000000427800000| Untracked 
|  85|0x0000000427c00000, 0x0000000427c00000, 0x0000000428000000|  0%| F|  |TAMS 0x0000000427c00000, 0x0000000427c00000| Untracked 
|  86|0x0000000428000000, 0x0000000428000000, 0x0000000428400000|  0%| F|  |TAMS 0x0000000428000000, 0x0000000428000000| Untracked 
|  87|0x0000000428400000, 0x0000000428400000, 0x0000000428800000|  0%| F|  |TAMS 0x0000000428400000, 0x0000000428400000| Untracked 
|  88|0x0000000428800000, 0x0000000428800000, 0x0000000428c00000|  0%| F|  |TAMS 0x0000000428800000, 0x0000000428800000| Untracked 
|  89|0x0000000428c00000, 0x0000000428c00000, 0x0000000429000000|  0%| F|  |TAMS 0x0000000428c00000, 0x0000000428c00000| Untracked 
|  90|0x0000000429000000, 0x0000000429000000, 0x0000000429400000|  0%| F|  |TAMS 0x0000000429000000, 0x0000000429000000| Untracked 
|  91|0x0000000429400000, 0x0000000429400000, 0x0000000429800000|  0%| F|  |TAMS 0x0000000429400000, 0x0000000429400000| Untracked 
|  92|0x0000000429800000, 0x0000000429800000, 0x0000000429c00000|  0%| F|  |TAMS 0x0000000429800000, 0x0000000429800000| Untracked 
|  93|0x0000000429c00000, 0x0000000429c00000, 0x000000042a000000|  0%| F|  |TAMS 0x0000000429c00000, 0x0000000429c00000| Untracked 
|  94|0x000000042a000000, 0x000000042a000000, 0x000000042a400000|  0%| F|  |TAMS 0x000000042a000000, 0x000000042a000000| Untracked 
|  95|0x000000042a400000, 0x000000042a400000, 0x000000042a800000|  0%| F|  |TAMS 0x000000042a400000, 0x000000042a400000| Untracked 
|  96|0x000000042a800000, 0x000000042a800000, 0x000000042ac00000|  0%| F|  |TAMS 0x000000042a800000, 0x000000042a800000| Untracked 
|  97|0x000000042ac00000, 0x000000042ac00000, 0x000000042b000000|  0%| F|  |TAMS 0x000000042ac00000, 0x000000042ac00000| Untracked 
|  98|0x000000042b000000, 0x000000042b000000, 0x000000042b400000|  0%| F|  |TAMS 0x000000042b000000, 0x000000042b000000| Untracked 
|  99|0x000000042b400000, 0x000000042b400000, 0x000000042b800000|  0%| F|  |TAMS 0x000000042b400000, 0x000000042b400000| Untracked 
| 100|0x000000042b800000, 0x000000042b800000, 0x000000042bc00000|  0%| F|  |TAMS 0x000000042b800000, 0x000000042b800000| Untracked 
| 101|0x000000042bc00000, 0x000000042bc00000, 0x000000042c000000|  0%| F|  |TAMS 0x000000042bc00000, 0x000000042bc00000| Untracked 
| 102|0x000000042c000000, 0x000000042c000000, 0x000000042c400000|  0%| F|  |TAMS 0x000000042c000000, 0x000000042c000000| Untracked 
| 103|0x000000042c400000, 0x000000042c400000, 0x000000042c800000|  0%| F|  |TAMS 0x000000042c400000, 0x000000042c400000| Untracked 
| 104|0x000000042c800000, 0x000000042c800000, 0x000000042cc00000|  0%| F|  |TAMS 0x000000042c800000, 0x000000042c800000| Untracked 
| 105|0x000000042cc00000, 0x000000042cc00000, 0x000000042d000000|  0%| F|  |TAMS 0x000000042cc00000, 0x000000042cc00000| Untracked 
| 106|0x000000042d000000, 0x000000042d000000, 0x000000042d400000|  0%| F|  |TAMS 0x000000042d000000, 0x000000042d000000| Untracked 
| 107|0x000000042d400000, 0x000000042d400000, 0x000000042d800000|  0%| F|  |TAMS 0x000000042d400000, 0x000000042d400000| Untracked 
| 108|0x000000042d800000, 0x000000042d800000, 0x000000042dc00000|  0%| F|  |TAMS 0x000000042d800000, 0x000000042d800000| Untracked 
| 109|0x000000042dc00000, 0x000000042dc00000, 0x000000042e000000|  0%| F|  |TAMS 0x000000042dc00000, 0x000000042dc00000| Untracked 
| 110|0x000000042e000000, 0x000000042e000000, 0x000000042e400000|  0%| F|  |TAMS 0x000000042e000000, 0x000000042e000000| Untracked 
| 111|0x000000042e400000, 0x000000042e400000, 0x000000042e800000|  0%| F|  |TAMS 0x000000042e400000, 0x000000042e400000| Untracked 
| 112|0x000000042e800000, 0x000000042e800000, 0x000000042ec00000|  0%| F|  |TAMS 0x000000042e800000, 0x000000042e800000| Untracked 
| 113|0x000000042ec00000, 0x000000042ec00000, 0x000000042f000000|  0%| F|  |TAMS 0x000000042ec00000, 0x000000042ec00000| Untracked 
| 114|0x000000042f000000, 0x000000042f000000, 0x000000042f400000|  0%| F|  |TAMS 0x000000042f000000, 0x000000042f000000| Untracked 
| 115|0x000000042f400000, 0x000000042f400000, 0x000000042f800000|  0%| F|  |TAMS 0x000000042f400000, 0x000000042f400000| Untracked 
| 116|0x000000042f800000, 0x000000042f800000, 0x000000042fc00000|  0%| F|  |TAMS 0x000000042f800000, 0x000000042f800000| Untracked 
| 117|0x000000042fc00000, 0x000000042fc00000, 0x0000000430000000|  0%| F|  |TAMS 0x000000042fc00000, 0x000000042fc00000| Untracked 
| 118|0x0000000430000000, 0x0000000430000000, 0x0000000430400000|  0%| F|  |TAMS 0x0000000430000000, 0x0000000430000000| Untracked 
| 119|0x0000000430400000, 0x0000000430400000, 0x0000000430800000|  0%| F|  |TAMS 0x0000000430400000, 0x0000000430400000| Untracked 
| 120|0x0000000430800000, 0x0000000430800000, 0x0000000430c00000|  0%| F|  |TAMS 0x0000000430800000, 0x0000000430800000| Untracked 
| 121|0x0000000430c00000, 0x0000000430c00000, 0x0000000431000000|  0%| F|  |TAMS 0x0000000430c00000, 0x0000000430c00000| Untracked 
| 122|0x0000000431000000, 0x0000000431000000, 0x0000000431400000|  0%| F|  |TAMS 0x0000000431000000, 0x0000000431000000| Untracked 
| 123|0x0000000431400000, 0x0000000431400000, 0x0000000431800000|  0%| F|  |TAMS 0x0000000431400000, 0x0000000431400000| Untracked 
| 124|0x0000000431800000, 0x0000000431800000, 0x0000000431c00000|  0%| F|  |TAMS 0x0000000431800000, 0x0000000431800000| Untracked 
| 125|0x0000000431c00000, 0x0000000431c00000, 0x0000000432000000|  0%| F|  |TAMS 0x0000000431c00000, 0x0000000431c00000| Untracked 
| 126|0x0000000432000000, 0x0000000432000000, 0x0000000432400000|  0%| F|  |TAMS 0x0000000432000000, 0x0000000432000000| Untracked 
| 127|0x0000000432400000, 0x0000000432400000, 0x0000000432800000|  0%| F|  |TAMS 0x0000000432400000, 0x0000000432400000| Untracked 
| 128|0x0000000432800000, 0x0000000432800000, 0x0000000432c00000|  0%| F|  |TAMS 0x0000000432800000, 0x0000000432800000| Untracked 
| 129|0x0000000432c00000, 0x0000000432c00000, 0x0000000433000000|  0%| F|  |TAMS 0x0000000432c00000, 0x0000000432c00000| Untracked 
| 130|0x0000000433000000, 0x0000000433000000, 0x0000000433400000|  0%| F|  |TAMS 0x0000000433000000, 0x0000000433000000| Untracked 
| 131|0x0000000433400000, 0x0000000433400000, 0x0000000433800000|  0%| F|  |TAMS 0x0000000433400000, 0x0000000433400000| Untracked 
| 132|0x0000000433800000, 0x0000000433800000, 0x0000000433c00000|  0%| F|  |TAMS 0x0000000433800000, 0x0000000433800000| Untracked 
| 133|0x0000000433c00000, 0x0000000433c00000, 0x0000000434000000|  0%| F|  |TAMS 0x0000000433c00000, 0x0000000433c00000| Untracked 
| 134|0x0000000434000000, 0x0000000434000000, 0x0000000434400000|  0%| F|  |TAMS 0x0000000434000000, 0x0000000434000000| Untracked 
| 135|0x0000000434400000, 0x0000000434400000, 0x0000000434800000|  0%| F|  |TAMS 0x0000000434400000, 0x0000000434400000| Untracked 
| 136|0x0000000434800000, 0x0000000434800000, 0x0000000434c00000|  0%| F|  |TAMS 0x0000000434800000, 0x0000000434800000| Untracked 
| 137|0x0000000434c00000, 0x0000000434c00000, 0x0000000435000000|  0%| F|  |TAMS 0x0000000434c00000, 0x0000000434c00000| Untracked 
| 138|0x0000000435000000, 0x0000000435000000, 0x0000000435400000|  0%| F|  |TAMS 0x0000000435000000, 0x0000000435000000| Untracked 
| 139|0x0000000435400000, 0x0000000435400000, 0x0000000435800000|  0%| F|  |TAMS 0x0000000435400000, 0x0000000435400000| Untracked 
| 140|0x0000000435800000, 0x0000000435800000, 0x0000000435c00000|  0%| F|  |TAMS 0x0000000435800000, 0x0000000435800000| Untracked 
| 141|0x0000000435c00000, 0x0000000435c00000, 0x0000000436000000|  0%| F|  |TAMS 0x0000000435c00000, 0x0000000435c00000| Untracked 
| 142|0x0000000436000000, 0x0000000436000000, 0x0000000436400000|  0%| F|  |TAMS 0x0000000436000000, 0x0000000436000000| Untracked 
| 143|0x0000000436400000, 0x0000000436400000, 0x0000000436800000|  0%| F|  |TAMS 0x0000000436400000, 0x0000000436400000| Untracked 
| 144|0x0000000436800000, 0x0000000436800000, 0x0000000436c00000|  0%| F|  |TAMS 0x0000000436800000, 0x0000000436800000| Untracked 
| 145|0x0000000436c00000, 0x0000000436c00000, 0x0000000437000000|  0%| F|  |TAMS 0x0000000436c00000, 0x0000000436c00000| Untracked 
| 146|0x0000000437000000, 0x0000000437000000, 0x0000000437400000|  0%| F|  |TAMS 0x0000000437000000, 0x0000000437000000| Untracked 
| 147|0x0000000437400000, 0x0000000437400000, 0x0000000437800000|  0%| F|  |TAMS 0x0000000437400000, 0x0000000437400000| Untracked 
| 148|0x0000000437800000, 0x0000000437800000, 0x0000000437c00000|  0%| F|  |TAMS 0x0000000437800000, 0x0000000437800000| Untracked 
| 149|0x0000000437c00000, 0x0000000437c00000, 0x0000000438000000|  0%| F|  |TAMS 0x0000000437c00000, 0x0000000437c00000| Untracked 
| 150|0x0000000438000000, 0x0000000438000000, 0x0000000438400000|  0%| F|  |TAMS 0x0000000438000000, 0x0000000438000000| Untracked 
| 151|0x0000000438400000, 0x0000000438400000, 0x0000000438800000|  0%| F|  |TAMS 0x0000000438400000, 0x0000000438400000| Untracked 
| 152|0x0000000438800000, 0x0000000438800000, 0x0000000438c00000|  0%| F|  |TAMS 0x0000000438800000, 0x0000000438800000| Untracked 
| 153|0x0000000438c00000, 0x0000000438c00000, 0x0000000439000000|  0%| F|  |TAMS 0x0000000438c00000, 0x0000000438c00000| Untracked 
| 154|0x0000000439000000, 0x0000000439000000, 0x0000000439400000|  0%| F|  |TAMS 0x0000000439000000, 0x0000000439000000| Untracked 
| 155|0x0000000439400000, 0x0000000439400000, 0x0000000439800000|  0%| F|  |TAMS 0x0000000439400000, 0x0000000439400000| Untracked 
| 156|0x0000000439800000, 0x0000000439800000, 0x0000000439c00000|  0%| F|  |TAMS 0x0000000439800000, 0x0000000439800000| Untracked 
| 157|0x0000000439c00000, 0x0000000439c00000, 0x000000043a000000|  0%| F|  |TAMS 0x0000000439c00000, 0x0000000439c00000| Untracked 
| 158|0x000000043a000000, 0x000000043a000000, 0x000000043a400000|  0%| F|  |TAMS 0x000000043a000000, 0x000000043a000000| Untracked 
| 159|0x000000043a400000, 0x000000043a400000, 0x000000043a800000|  0%| F|  |TAMS 0x000000043a400000, 0x000000043a400000| Untracked 
| 160|0x000000043a800000, 0x000000043a800000, 0x000000043ac00000|  0%| F|  |TAMS 0x000000043a800000, 0x000000043a800000| Untracked 
| 161|0x000000043ac00000, 0x000000043ac00000, 0x000000043b000000|  0%| F|  |TAMS 0x000000043ac00000, 0x000000043ac00000| Untracked 
| 162|0x000000043b000000, 0x000000043b000000, 0x000000043b400000|  0%| F|  |TAMS 0x000000043b000000, 0x000000043b000000| Untracked 
| 163|0x000000043b400000, 0x000000043b400000, 0x000000043b800000|  0%| F|  |TAMS 0x000000043b400000, 0x000000043b400000| Untracked 
| 164|0x000000043b800000, 0x000000043b800000, 0x000000043bc00000|  0%| F|  |TAMS 0x000000043b800000, 0x000000043b800000| Untracked 
| 165|0x000000043bc00000, 0x000000043bc00000, 0x000000043c000000|  0%| F|  |TAMS 0x000000043bc00000, 0x000000043bc00000| Untracked 
| 166|0x000000043c000000, 0x000000043c000000, 0x000000043c400000|  0%| F|  |TAMS 0x000000043c000000, 0x000000043c000000| Untracked 
| 167|0x000000043c400000, 0x000000043c400000, 0x000000043c800000|  0%| F|  |TAMS 0x000000043c400000, 0x000000043c400000| Untracked 
| 168|0x000000043c800000, 0x000000043c800000, 0x000000043cc00000|  0%| F|  |TAMS 0x000000043c800000, 0x000000043c800000| Untracked 
| 169|0x000000043cc00000, 0x000000043cc00000, 0x000000043d000000|  0%| F|  |TAMS 0x000000043cc00000, 0x000000043cc00000| Untracked 
| 170|0x000000043d000000, 0x000000043d000000, 0x000000043d400000|  0%| F|  |TAMS 0x000000043d000000, 0x000000043d000000| Untracked 
| 171|0x000000043d400000, 0x000000043d400000, 0x000000043d800000|  0%| F|  |TAMS 0x000000043d400000, 0x000000043d400000| Untracked 
| 172|0x000000043d800000, 0x000000043d800000, 0x000000043dc00000|  0%| F|  |TAMS 0x000000043d800000, 0x000000043d800000| Untracked 
| 173|0x000000043dc00000, 0x000000043dc00000, 0x000000043e000000|  0%| F|  |TAMS 0x000000043dc00000, 0x000000043dc00000| Untracked 
| 174|0x000000043e000000, 0x000000043e000000, 0x000000043e400000|  0%| F|  |TAMS 0x000000043e000000, 0x000000043e000000| Untracked 
| 175|0x000000043e400000, 0x000000043e400000, 0x000000043e800000|  0%| F|  |TAMS 0x000000043e400000, 0x000000043e400000| Untracked 
| 176|0x000000043e800000, 0x000000043e800000, 0x000000043ec00000|  0%| F|  |TAMS 0x000000043e800000, 0x000000043e800000| Untracked 
| 177|0x000000043ec00000, 0x000000043ec00000, 0x000000043f000000|  0%| F|  |TAMS 0x000000043ec00000, 0x000000043ec00000| Untracked 
| 178|0x000000043f000000, 0x000000043f000000, 0x000000043f400000|  0%| F|  |TAMS 0x000000043f000000, 0x000000043f000000| Untracked 
| 179|0x000000043f400000, 0x000000043f400000, 0x000000043f800000|  0%| F|  |TAMS 0x000000043f400000, 0x000000043f400000| Untracked 
| 180|0x000000043f800000, 0x000000043f800000, 0x000000043fc00000|  0%| F|  |TAMS 0x000000043f800000, 0x000000043f800000| Untracked 
| 181|0x000000043fc00000, 0x000000043fc00000, 0x0000000440000000|  0%| F|  |TAMS 0x000000043fc00000, 0x000000043fc00000| Untracked 
| 182|0x0000000440000000, 0x0000000440000000, 0x0000000440400000|  0%| F|  |TAMS 0x0000000440000000, 0x0000000440000000| Untracked 
| 183|0x0000000440400000, 0x0000000440400000, 0x0000000440800000|  0%| F|  |TAMS 0x0000000440400000, 0x0000000440400000| Untracked 
| 184|0x0000000440800000, 0x0000000440800000, 0x0000000440c00000|  0%| F|  |TAMS 0x0000000440800000, 0x0000000440800000| Untracked 
| 185|0x0000000440c00000, 0x0000000440c00000, 0x0000000441000000|  0%| F|  |TAMS 0x0000000440c00000, 0x0000000440c00000| Untracked 
| 186|0x0000000441000000, 0x0000000441000000, 0x0000000441400000|  0%| F|  |TAMS 0x0000000441000000, 0x0000000441000000| Untracked 
| 187|0x0000000441400000, 0x0000000441400000, 0x0000000441800000|  0%| F|  |TAMS 0x0000000441400000, 0x0000000441400000| Untracked 
| 188|0x0000000441800000, 0x0000000441800000, 0x0000000441c00000|  0%| F|  |TAMS 0x0000000441800000, 0x0000000441800000| Untracked 
| 189|0x0000000441c00000, 0x0000000441c00000, 0x0000000442000000|  0%| F|  |TAMS 0x0000000441c00000, 0x0000000441c00000| Untracked 
| 190|0x0000000442000000, 0x0000000442000000, 0x0000000442400000|  0%| F|  |TAMS 0x0000000442000000, 0x0000000442000000| Untracked 
| 191|0x0000000442400000, 0x0000000442400000, 0x0000000442800000|  0%| F|  |TAMS 0x0000000442400000, 0x0000000442400000| Untracked 
| 192|0x0000000442800000, 0x0000000442800000, 0x0000000442c00000|  0%| F|  |TAMS 0x0000000442800000, 0x0000000442800000| Untracked 
| 193|0x0000000442c00000, 0x0000000442c00000, 0x0000000443000000|  0%| F|  |TAMS 0x0000000442c00000, 0x0000000442c00000| Untracked 
| 194|0x0000000443000000, 0x0000000443000000, 0x0000000443400000|  0%| F|  |TAMS 0x0000000443000000, 0x0000000443000000| Untracked 
| 195|0x0000000443400000, 0x0000000443400000, 0x0000000443800000|  0%| F|  |TAMS 0x0000000443400000, 0x0000000443400000| Untracked 
| 196|0x0000000443800000, 0x0000000443800000, 0x0000000443c00000|  0%| F|  |TAMS 0x0000000443800000, 0x0000000443800000| Untracked 
| 197|0x0000000443c00000, 0x0000000443c00000, 0x0000000444000000|  0%| F|  |TAMS 0x0000000443c00000, 0x0000000443c00000| Untracked 
| 198|0x0000000444000000, 0x0000000444000000, 0x0000000444400000|  0%| F|  |TAMS 0x0000000444000000, 0x0000000444000000| Untracked 
| 199|0x0000000444400000, 0x0000000444400000, 0x0000000444800000|  0%| F|  |TAMS 0x0000000444400000, 0x0000000444400000| Untracked 
| 200|0x0000000444800000, 0x0000000444800000, 0x0000000444c00000|  0%| F|  |TAMS 0x0000000444800000, 0x0000000444800000| Untracked 
| 201|0x0000000444c00000, 0x0000000444c00000, 0x0000000445000000|  0%| F|  |TAMS 0x0000000444c00000, 0x0000000444c00000| Untracked 
| 202|0x0000000445000000, 0x0000000445000000, 0x0000000445400000|  0%| F|  |TAMS 0x0000000445000000, 0x0000000445000000| Untracked 
| 203|0x0000000445400000, 0x0000000445400000, 0x0000000445800000|  0%| F|  |TAMS 0x0000000445400000, 0x0000000445400000| Untracked 
| 204|0x0000000445800000, 0x0000000445800000, 0x0000000445c00000|  0%| F|  |TAMS 0x0000000445800000, 0x0000000445800000| Untracked 
| 205|0x0000000445c00000, 0x0000000445c00000, 0x0000000446000000|  0%| F|  |TAMS 0x0000000445c00000, 0x0000000445c00000| Untracked 
| 206|0x0000000446000000, 0x0000000446000000, 0x0000000446400000|  0%| F|  |TAMS 0x0000000446000000, 0x0000000446000000| Untracked 
| 207|0x0000000446400000, 0x0000000446400000, 0x0000000446800000|  0%| F|  |TAMS 0x0000000446400000, 0x0000000446400000| Untracked 
| 208|0x0000000446800000, 0x0000000446800000, 0x0000000446c00000|  0%| F|  |TAMS 0x0000000446800000, 0x0000000446800000| Untracked 
| 209|0x0000000446c00000, 0x0000000446c00000, 0x0000000447000000|  0%| F|  |TAMS 0x0000000446c00000, 0x0000000446c00000| Untracked 
| 210|0x0000000447000000, 0x0000000447000000, 0x0000000447400000|  0%| F|  |TAMS 0x0000000447000000, 0x0000000447000000| Untracked 
| 211|0x0000000447400000, 0x0000000447400000, 0x0000000447800000|  0%| F|  |TAMS 0x0000000447400000, 0x0000000447400000| Untracked 
| 212|0x0000000447800000, 0x0000000447800000, 0x0000000447c00000|  0%| F|  |TAMS 0x0000000447800000, 0x0000000447800000| Untracked 
| 213|0x0000000447c00000, 0x0000000447c00000, 0x0000000448000000|  0%| F|  |TAMS 0x0000000447c00000, 0x0000000447c00000| Untracked 
| 214|0x0000000448000000, 0x0000000448000000, 0x0000000448400000|  0%| F|  |TAMS 0x0000000448000000, 0x0000000448000000| Untracked 
| 215|0x0000000448400000, 0x0000000448400000, 0x0000000448800000|  0%| F|  |TAMS 0x0000000448400000, 0x0000000448400000| Untracked 
| 216|0x0000000448800000, 0x0000000448800000, 0x0000000448c00000|  0%| F|  |TAMS 0x0000000448800000, 0x0000000448800000| Untracked 
| 217|0x0000000448c00000, 0x0000000448c00000, 0x0000000449000000|  0%| F|  |TAMS 0x0000000448c00000, 0x0000000448c00000| Untracked 
| 218|0x0000000449000000, 0x0000000449000000, 0x0000000449400000|  0%| F|  |TAMS 0x0000000449000000, 0x0000000449000000| Untracked 
| 219|0x0000000449400000, 0x0000000449400000, 0x0000000449800000|  0%| F|  |TAMS 0x0000000449400000, 0x0000000449400000| Untracked 
| 220|0x0000000449800000, 0x0000000449800000, 0x0000000449c00000|  0%| F|  |TAMS 0x0000000449800000, 0x0000000449800000| Untracked 
| 221|0x0000000449c00000, 0x0000000449c00000, 0x000000044a000000|  0%| F|  |TAMS 0x0000000449c00000, 0x0000000449c00000| Untracked 
| 222|0x000000044a000000, 0x000000044a000000, 0x000000044a400000|  0%| F|  |TAMS 0x000000044a000000, 0x000000044a000000| Untracked 
| 223|0x000000044a400000, 0x000000044a400000, 0x000000044a800000|  0%| F|  |TAMS 0x000000044a400000, 0x000000044a400000| Untracked 
| 224|0x000000044a800000, 0x000000044a800000, 0x000000044ac00000|  0%| F|  |TAMS 0x000000044a800000, 0x000000044a800000| Untracked 
| 225|0x000000044ac00000, 0x000000044ac00000, 0x000000044b000000|  0%| F|  |TAMS 0x000000044ac00000, 0x000000044ac00000| Untracked 
| 226|0x000000044b000000, 0x000000044b000000, 0x000000044b400000|  0%| F|  |TAMS 0x000000044b000000, 0x000000044b000000| Untracked 
| 227|0x000000044b400000, 0x000000044b400000, 0x000000044b800000|  0%| F|  |TAMS 0x000000044b400000, 0x000000044b400000| Untracked 
| 228|0x000000044b800000, 0x000000044b800000, 0x000000044bc00000|  0%| F|  |TAMS 0x000000044b800000, 0x000000044b800000| Untracked 
| 229|0x000000044bc00000, 0x000000044bc00000, 0x000000044c000000|  0%| F|  |TAMS 0x000000044bc00000, 0x000000044bc00000| Untracked 
| 230|0x000000044c000000, 0x000000044c000000, 0x000000044c400000|  0%| F|  |TAMS 0x000000044c000000, 0x000000044c000000| Untracked 
| 231|0x000000044c400000, 0x000000044c400000, 0x000000044c800000|  0%| F|  |TAMS 0x000000044c400000, 0x000000044c400000| Untracked 
| 232|0x000000044c800000, 0x000000044c800000, 0x000000044cc00000|  0%| F|  |TAMS 0x000000044c800000, 0x000000044c800000| Untracked 
| 233|0x000000044cc00000, 0x000000044cc00000, 0x000000044d000000|  0%| F|  |TAMS 0x000000044cc00000, 0x000000044cc00000| Untracked 
| 234|0x000000044d000000, 0x000000044d000000, 0x000000044d400000|  0%| F|  |TAMS 0x000000044d000000, 0x000000044d000000| Untracked 
| 235|0x000000044d400000, 0x000000044d400000, 0x000000044d800000|  0%| F|  |TAMS 0x000000044d400000, 0x000000044d400000| Untracked 
| 236|0x000000044d800000, 0x000000044d800000, 0x000000044dc00000|  0%| F|  |TAMS 0x000000044d800000, 0x000000044d800000| Untracked 
| 237|0x000000044dc00000, 0x000000044dc00000, 0x000000044e000000|  0%| F|  |TAMS 0x000000044dc00000, 0x000000044dc00000| Untracked 
| 238|0x000000044e000000, 0x000000044e000000, 0x000000044e400000|  0%| F|  |TAMS 0x000000044e000000, 0x000000044e000000| Untracked 
| 239|0x000000044e400000, 0x000000044e400000, 0x000000044e800000|  0%| F|  |TAMS 0x000000044e400000, 0x000000044e400000| Untracked 
| 240|0x000000044e800000, 0x000000044e800000, 0x000000044ec00000|  0%| F|  |TAMS 0x000000044e800000, 0x000000044e800000| Untracked 
| 241|0x000000044ec00000, 0x000000044ec00000, 0x000000044f000000|  0%| F|  |TAMS 0x000000044ec00000, 0x000000044ec00000| Untracked 
| 242|0x000000044f000000, 0x000000044f000000, 0x000000044f400000|  0%| F|  |TAMS 0x000000044f000000, 0x000000044f000000| Untracked 
| 243|0x000000044f400000, 0x000000044f400000, 0x000000044f800000|  0%| F|  |TAMS 0x000000044f400000, 0x000000044f400000| Untracked 
| 244|0x000000044f800000, 0x000000044f800000, 0x000000044fc00000|  0%| F|  |TAMS 0x000000044f800000, 0x000000044f800000| Untracked 
| 245|0x000000044fc00000, 0x000000044fc00000, 0x0000000450000000|  0%| F|  |TAMS 0x000000044fc00000, 0x000000044fc00000| Untracked 
| 246|0x0000000450000000, 0x0000000450000000, 0x0000000450400000|  0%| F|  |TAMS 0x0000000450000000, 0x0000000450000000| Untracked 
| 247|0x0000000450400000, 0x0000000450400000, 0x0000000450800000|  0%| F|  |TAMS 0x0000000450400000, 0x0000000450400000| Untracked 
| 248|0x0000000450800000, 0x0000000450b15e80, 0x0000000450c00000| 77%| S|CS|TAMS 0x0000000450800000, 0x0000000450800000| Complete 
| 249|0x0000000450c00000, 0x0000000451000000, 0x0000000451000000|100%| S|CS|TAMS 0x0000000450c00000, 0x0000000450c00000| Complete 
| 250|0x0000000451000000, 0x0000000451400000, 0x0000000451400000|100%| S|CS|TAMS 0x0000000451000000, 0x0000000451000000| Complete 
| 251|0x0000000451400000, 0x0000000451400000, 0x0000000451800000|  0%| F|  |TAMS 0x0000000451400000, 0x0000000451400000| Untracked 
|4020|0x00000007ff800000, 0x00000007ffb47000, 0x00000007ffc00000| 81%|OA|  |TAMS 0x00000007ff800000, 0x00000007ff800000| Untracked 
|4021|0x00000007ffc00000, 0x00000007ffc72000, 0x0000000800000000| 11%|CA|  |TAMS 0x00000007ffc00000, 0x00000007ffc00000| Untracked 

Card table byte_map: [0x00007f90f11fc000,0x00007f90f3168000] _byte_map_base: 0x00007f90ef168000

Marking Bits (Prev, Next): (CMBitMap*) 0x00007f911006fcb8, (CMBitMap*) 0x00007f911006fcf8
 Prev Bits: [0x00007f90df730000, 0x00007f90ef290000)
 Next Bits: [0x00007f90cfbd0000, 0x00007f90df730000)

Polling page: 0x00007f9116c19000

Metaspace:

Usage:
  Non-class:      4.49 MB capacity,     1.01 MB ( 22%) used,     3.48 MB ( 78%) free+waste,   576 bytes ( <1%) overhead. 
      Class:    424.00 KB capacity,    56.97 KB ( 13%) used,   366.66 KB ( 86%) free+waste,   384 bytes ( <1%) overhead. 
       Both:      4.90 MB capacity,     1.06 MB ( 22%) used,     3.83 MB ( 78%) free+waste,   960 bytes ( <1%) overhead. 

Virtual space:
  Non-class space:        8.00 MB reserved,       4.75 MB ( 59%) committed 
      Class space:        1.00 GB reserved,     512.00 KB ( <1%) committed 
             Both:        1.01 GB reserved,       5.25 MB ( <1%) committed 

Chunk freelists:
   Non-Class:  7.88 KB
       Class:  2.50 KB
        Both:  10.38 KB

CodeHeap 'non-profiled nmethods': size=118596Kb used=457Kb max_used=457Kb free=118138Kb
 bounds [0x00007f90ff916000, 0x00007f90ffb86000, 0x00007f9106ce7000]
CodeHeap 'profiled nmethods': size=118596Kb used=902Kb max_used=902Kb free=117693Kb
 bounds [0x00007f90f8545000, 0x00007f90f87b5000, 0x00007f90ff916000]
CodeHeap 'non-nmethods': size=8568Kb used=1030Kb max_used=3858Kb free=7537Kb
 bounds [0x00007f90f7ce7000, 0x00007f90f80b7000, 0x00007f90f8545000]
 total_blobs=1039 nmethods=430 adapters=213
 compilation: enabled
              stopped_count=0, restarted_count=0
 full_count=0

Compilation events (10 events):
Event: 49.374 Thread 0x00007f9110333800  420       4       org.ChaffinchABC.Individual::learnSongs (57 bytes)
Event: 49.376 Thread 0x00007f909804b800 nmethod 427% 0x00007f90ff97fd10 code [0x00007f90ff97fec0, 0x00007f90ff980178]
Event: 49.391 Thread 0x00007f909804b800  428 %     4       org.ChaffinchABC.ChaffinchABC::iterateSimulation @ 28 (79 bytes)
Event: 49.447 Thread 0x00007f909804c800 nmethod 421 0x00007f90ff980410 code [0x00007f90ff9805e0, 0x00007f90ff9815d8]
Event: 49.473 Thread 0x00007f9110333800 nmethod 420 0x00007f90ff981d10 code [0x00007f90ff981f20, 0x00007f90ff9835b8]
Event: 49.487 Thread 0x00007f909804b800 nmethod 428% 0x00007f90ff984210 code [0x00007f90ff984460, 0x00007f90ff9860b8]
Event: 49.487 Thread 0x00007f909804c800  429 %     4       org.ChaffinchABC.ChaffinchABC::iterateSimulation @ 2 (79 bytes)
Event: 49.503 Thread 0x00007f909804c800 nmethod 429% 0x00007f90ff987010 code [0x00007f90ff9871e0, 0x00007f90ff9877e8]
Event: 49.503 Thread 0x00007f9110333800  430       4       org.ChaffinchABC.ChaffinchABC::iterateSimulation (79 bytes)
Event: 49.513 Thread 0x00007f9110333800 nmethod 430 0x00007f90ff987c10 code [0x00007f90ff987de0, 0x00007f90ff988268]

GC Heap History (10 events):
Event: 5.150 GC heap after
{Heap after GC invocations=6 (full 0):
 garbage-first heap   total 1040384K, used 51238K [0x0000000412800000, 0x0000000800000000)
  region size 4096K, 1 young (4096K), 1 survivors (4096K)
 Metaspace       used 571K, capacity 4552K, committed 4864K, reserved 1056768K
  class space    used 27K, capacity 388K, committed 512K, reserved 1048576K
}
Event: 5.643 GC heap before
{Heap before GC invocations=6 (full 0):
 garbage-first heap   total 1040384K, used 415782K [0x0000000412800000, 0x0000000800000000)
  region size 4096K, 90 young (368640K), 1 survivors (4096K)
 Metaspace       used 571K, capacity 4552K, committed 4864K, reserved 1056768K
  class space    used 27K, capacity 388K, committed 512K, reserved 1048576K
}
Event: 5.645 GC heap after
{Heap after GC invocations=7 (full 0):
 garbage-first heap   total 1040384K, used 51238K [0x0000000412800000, 0x0000000800000000)
  region size 4096K, 1 young (4096K), 1 survivors (4096K)
 Metaspace       used 571K, capacity 4552K, committed 4864K, reserved 1056768K
  class space    used 27K, capacity 388K, committed 512K, reserved 1048576K
}
Event: 6.324 GC heap before
{Heap before GC invocations=7 (full 0):
 garbage-first heap   total 1040384K, used 530470K [0x0000000412800000, 0x0000000800000000)
  region size 4096K, 118 young (483328K), 1 survivors (4096K)
 Metaspace       used 571K, capacity 4552K, committed 4864K, reserved 1056768K
  class space    used 27K, capacity 388K, committed 512K, reserved 1048576K
}
Event: 6.327 GC heap after
{Heap after GC invocations=8 (full 0):
 garbage-first heap   total 1040384K, used 51238K [0x0000000412800000, 0x0000000800000000)
  region size 4096K, 1 young (4096K), 1 survivors (4096K)
 Metaspace       used 571K, capacity 4552K, committed 4864K, reserved 1056768K
  class space    used 27K, capacity 388K, committed 512K, reserved 1048576K
}
Event: 7.130 GC heap before
{Heap before GC invocations=8 (full 0):
 garbage-first heap   total 1040384K, used 632870K [0x0000000412800000, 0x0000000800000000)
  region size 4096K, 143 young (585728K), 1 survivors (4096K)
 Metaspace       used 571K, capacity 4552K, committed 4864K, reserved 1056768K
  class space    used 27K, capacity 388K, committed 512K, reserved 1048576K
}
Event: 7.131 GC heap after
{Heap after GC invocations=9 (full 0):
 garbage-first heap   total 1040384K, used 51240K [0x0000000412800000, 0x0000000800000000)
  region size 4096K, 1 young (4096K), 1 survivors (4096K)
 Metaspace       used 571K, capacity 4552K, committed 4864K, reserved 1056768K
  class space    used 27K, capacity 388K, committed 512K, reserved 1048576K
}
Event: 77.771 GC heap before
{Heap before GC invocations=9 (full 0):
 garbage-first heap   total 1040384K, used 665640K [0x0000000412800000, 0x0000000800000000)
  region size 4096K, 151 young (618496K), 1 survivors (4096K)
 Metaspace       used 1089K, capacity 5017K, committed 5376K, reserved 1056768K
  class space    used 56K, capacity 424K, committed 512K, reserved 1048576K
}
Event: 77.955 GC heap after
{Heap after GC invocations=10 (full 0):
 garbage-first heap   total 1040384K, used 177835K [0x0000000412800000, 0x0000000800000000)
  region size 4096K, 19 young (77824K), 19 survivors (77824K)
 Metaspace       used 1089K, capacity 5017K, committed 5376K, reserved 1056768K
  class space    used 56K, capacity 424K, committed 512K, reserved 1048576K
}
Event: 78.295 GC heap before
{Heap before GC invocations=10 (full 0):
 garbage-first heap   total 1040384K, used 181931K [0x0000000412800000, 0x0000000800000000)
  region size 4096K, 20 young (81920K), 19 survivors (77824K)
 Metaspace       used 1089K, capacity 5017K, committed 5376K, reserved 1056768K
  class space    used 56K, capacity 424K, committed 512K, reserved 1048576K
}

Deoptimization events (10 events):
Event: 1.719 Thread 0x00007f9110012800 Uncommon trap: reason=profile_predicate action=maybe_recompile pc=0x00007f90ff947b18 method=jdk.internal.math.FDBigInteger.cmp(Ljdk/internal/math/FDBigInteger;)I @ 48 c2
Event: 3.736 Thread 0x00007f9110012800 Uncommon trap: reason=unstable_if action=reinterpret pc=0x00007f90ff943eb4 method=jdk.internal.math.FDBigInteger.valueOfMulPow52(JII)Ljdk/internal/math/FDBigInteger; @ 243 c2
Event: 7.206 Thread 0x00007f9110012800 Uncommon trap: reason=unstable_if action=reinterpret pc=0x00007f90ff958e8c method=org.ChaffinchABC.EmpData.parseDissFileSyl([[ILjava/lang/String;)[[D @ 108 c2
Event: 7.206 Thread 0x00007f9110012800 Uncommon trap: reason=unstable_if action=reinterpret pc=0x00007f90ff920fa4 method=java.lang.String.substring(II)Ljava/lang/String; @ 22 c2
Event: 27.485 Thread 0x00007f9110012800 Uncommon trap: reason=unstable_if action=reinterpret pc=0x00007f90ff970c08 method=org.ChaffinchABC.MeasureStatistics.calculateThresholdSpectrum([[DD)[[I @ 24 c2
Event: 27.590 Thread 0x00007f9110012800 Uncommon trap: reason=unstable_if action=reinterpret pc=0x00007f90ff973d88 method=org.ChaffinchABC.ChaffinchABC.initiateSimulation()V @ 24 c2
Event: 27.590 Thread 0x00007f9110012800 Uncommon trap: reason=unstable_if action=reinterpret pc=0x00007f90ff96d838 method=org.apache.commons.math3.util.FastMath.exp(DD[D)D @ 339 c2
Event: 27.590 Thread 0x00007f9110012800 Uncommon trap: reason=unstable_if action=reinterpret pc=0x00007f90ff96e17c method=org.apache.commons.math3.distribution.GammaDistribution.density(D)D @ 33 c2
Event: 49.251 Thread 0x00007f9110012800 Uncommon trap: reason=unstable_if action=reinterpret pc=0x00007f90ff969c3c method=org.ChaffinchABC.Individual.setRepertoireSize()V @ 4 c2
Event: 49.342 Thread 0x00007f9110012800 Uncommon trap: reason=unstable_if action=reinterpret pc=0x00007f90ff967bd0 method=org.ChaffinchABC.Individual.updateRepertoire()V @ 4 c2

Classes redefined (0 events):
No events

Internal exceptions (10 events):
Event: 27.498 Thread 0x00007f9110012800 Exception <a 'java/io/IOException'{0x0000000449e28e20}> (0x0000000449e28e20) thrown at [/scratch/opt/mach5/mesos/work_dir/slaves/2dd962d0-8988-479b-a804-57ab764ada59-S77524/frameworks/1735e8a2-a1db-478c-8104-60c8b0af87dd-0196/executors/1f998a92-396c-4330-
Event: 27.498 Thread 0x00007f9110012800 Exception <a 'java/io/IOException'{0x0000000449e29158}> (0x0000000449e29158) thrown at [/scratch/opt/mach5/mesos/work_dir/slaves/2dd962d0-8988-479b-a804-57ab764ada59-S77524/frameworks/1735e8a2-a1db-478c-8104-60c8b0af87dd-0196/executors/1f998a92-396c-4330-
Event: 27.498 Thread 0x00007f9110012800 Exception <a 'java/io/IOException'{0x0000000449e29460}> (0x0000000449e29460) thrown at [/scratch/opt/mach5/mesos/work_dir/slaves/2dd962d0-8988-479b-a804-57ab764ada59-S77524/frameworks/1735e8a2-a1db-478c-8104-60c8b0af87dd-0196/executors/1f998a92-396c-4330-
Event: 27.498 Thread 0x00007f9110012800 Exception <a 'java/io/IOException'{0x0000000449e29e28}> (0x0000000449e29e28) thrown at [/scratch/opt/mach5/mesos/work_dir/slaves/2dd962d0-8988-479b-a804-57ab764ada59-S77524/frameworks/1735e8a2-a1db-478c-8104-60c8b0af87dd-0196/executors/1f998a92-396c-4330-
Event: 27.498 Thread 0x00007f9110012800 Exception <a 'java/io/IOException'{0x0000000449e2a210}> (0x0000000449e2a210) thrown at [/scratch/opt/mach5/mesos/work_dir/slaves/2dd962d0-8988-479b-a804-57ab764ada59-S77524/frameworks/1735e8a2-a1db-478c-8104-60c8b0af87dd-0196/executors/1f998a92-396c-4330-
Event: 27.498 Thread 0x00007f9110012800 Exception <a 'java/io/IOException'{0x0000000449e2a5f8}> (0x0000000449e2a5f8) thrown at [/scratch/opt/mach5/mesos/work_dir/slaves/2dd962d0-8988-479b-a804-57ab764ada59-S77524/frameworks/1735e8a2-a1db-478c-8104-60c8b0af87dd-0196/executors/1f998a92-396c-4330-
Event: 27.498 Thread 0x00007f9110012800 Exception <a 'java/io/IOException'{0x0000000449e2a9e0}> (0x0000000449e2a9e0) thrown at [/scratch/opt/mach5/mesos/work_dir/slaves/2dd962d0-8988-479b-a804-57ab764ada59-S77524/frameworks/1735e8a2-a1db-478c-8104-60c8b0af87dd-0196/executors/1f998a92-396c-4330-
Event: 27.498 Thread 0x00007f9110012800 Exception <a 'java/io/IOException'{0x0000000449e2adc8}> (0x0000000449e2adc8) thrown at [/scratch/opt/mach5/mesos/work_dir/slaves/2dd962d0-8988-479b-a804-57ab764ada59-S77524/frameworks/1735e8a2-a1db-478c-8104-60c8b0af87dd-0196/executors/1f998a92-396c-4330-
Event: 27.498 Thread 0x00007f9110012800 Exception <a 'java/io/IOException'{0x0000000449e2b100}> (0x0000000449e2b100) thrown at [/scratch/opt/mach5/mesos/work_dir/slaves/2dd962d0-8988-479b-a804-57ab764ada59-S77524/frameworks/1735e8a2-a1db-478c-8104-60c8b0af87dd-0196/executors/1f998a92-396c-4330-
Event: 27.498 Thread 0x00007f9110012800 Exception <a 'java/io/IOException'{0x0000000449e2b408}> (0x0000000449e2b408) thrown at [/scratch/opt/mach5/mesos/work_dir/slaves/2dd962d0-8988-479b-a804-57ab764ada59-S77524/frameworks/1735e8a2-a1db-478c-8104-60c8b0af87dd-0196/executors/1f998a92-396c-4330-

Events (10 events):
Event: 49.342 Thread 0x00007f9110012800 DEOPT UNPACKING pc=0x00007f90f7d103a5 sp=0x00007f9116c006e0 mode 2
Event: 49.472 Thread 0x00007f9110012800 DEOPT PACKING pc=0x00007f90f8626053 sp=0x00007f9116c00760
Event: 49.472 Thread 0x00007f9110012800 DEOPT UNPACKING pc=0x00007f90f7d101ba sp=0x00007f9116bffc30 mode 0
Event: 49.503 Thread 0x00007f9110012800 DEOPT PACKING pc=0x00007f90f8626028 sp=0x00007f9116c00760
Event: 49.504 Thread 0x00007f9110012800 DEOPT UNPACKING pc=0x00007f90f7d101ba sp=0x00007f9116bffc30 mode 0
Event: 69.884 Thread 0x00007f909804c800 Thread exited: 0x00007f909804c800
Event: 74.870 Thread 0x00007f909804b800 Thread exited: 0x00007f909804b800
Event: 77.771 Executing VM operation: G1CollectForAllocation
Event: 77.955 Executing VM operation: G1CollectForAllocation done
Event: 78.295 Executing VM operation: G1CollectForAllocation


Dynamic libraries:
00400000-00401000 r-xp 00000000 103:02 15872717                          /usr/lib/jvm/java-12-oracle/bin/java
00600000-00601000 r--p 00000000 103:02 15872717                          /usr/lib/jvm/java-12-oracle/bin/java
00601000-00602000 rw-p 00001000 103:02 15872717                          /usr/lib/jvm/java-12-oracle/bin/java
0204e000-0206f000 rw-p 00000000 00:00 0                                  [heap]
412800000-451800000 rw-p 00000000 00:00 0 
462400000-7ff800000 ---p 00000000 00:00 0 
7ff800000-7ffb00000 rw-p 00000000 00:00 0 
7ffb00000-7ffb47000 rw-p 0119c000 103:02 15872896                        /usr/lib/jvm/java-12-oracle/lib/server/classes.jsa
7ffb47000-7ffc00000 rw-p 00000000 00:00 0 
7ffc00000-7ffc72000 rw-p 0112a000 103:02 15872896                        /usr/lib/jvm/java-12-oracle/lib/server/classes.jsa
7ffc72000-800000000 rw-p 00000000 00:00 0 
800000000-800003000 rwxp 00001000 103:02 15872896                        /usr/lib/jvm/java-12-oracle/lib/server/classes.jsa
800003000-8003d9000 rw-p 00004000 103:02 15872896                        /usr/lib/jvm/java-12-oracle/lib/server/classes.jsa
8003d9000-800ae3000 r--p 003da000 103:02 15872896                        /usr/lib/jvm/java-12-oracle/lib/server/classes.jsa
800ae3000-800ae4000 rw-p 00ae4000 103:02 15872896                        /usr/lib/jvm/java-12-oracle/lib/server/classes.jsa
800ae4000-801129000 r--p 00ae5000 103:02 15872896                        /usr/lib/jvm/java-12-oracle/lib/server/classes.jsa
801129000-8011a9000 rw-p 00000000 00:00 0 
8011a9000-841129000 ---p 00000000 00:00 0 
7f9000000000-7f90002b4000 rw-p 00000000 00:00 0 
7f90002b4000-7f9004000000 ---p 00000000 00:00 0 
7f9004000000-7f9004058000 rw-p 00000000 00:00 0 
7f9004058000-7f9008000000 ---p 00000000 00:00 0 
7f9008000000-7f9008393000 rw-p 00000000 00:00 0 
7f9008393000-7f900c000000 ---p 00000000 00:00 0 
7f900c000000-7f900c251000 rw-p 00000000 00:00 0 
7f900c251000-7f9010000000 ---p 00000000 00:00 0 
7f9010000000-7f9010217000 rw-p 00000000 00:00 0 
7f9010217000-7f9014000000 ---p 00000000 00:00 0 
7f9014000000-7f901404e000 rw-p 00000000 00:00 0 
7f901404e000-7f9018000000 ---p 00000000 00:00 0 
7f9018000000-7f90184b3000 rw-p 00000000 00:00 0 
7f90184b3000-7f901c000000 ---p 00000000 00:00 0 
7f901c000000-7f901c28f000 rw-p 00000000 00:00 0 
7f901c28f000-7f9020000000 ---p 00000000 00:00 0 
7f9020000000-7f9020021000 rw-p 00000000 00:00 0 
7f9020021000-7f9024000000 ---p 00000000 00:00 0 
7f9024000000-7f9024021000 rw-p 00000000 00:00 0 
7f9024021000-7f9028000000 ---p 00000000 00:00 0 
7f9028000000-7f9028021000 rw-p 00000000 00:00 0 
7f9028021000-7f902c000000 ---p 00000000 00:00 0 
7f902c000000-7f902c021000 rw-p 00000000 00:00 0 
7f902c021000-7f9030000000 ---p 00000000 00:00 0 
7f9030000000-7f9030021000 rw-p 00000000 00:00 0 
7f9030021000-7f9034000000 ---p 00000000 00:00 0 
7f9034000000-7f9034021000 rw-p 00000000 00:00 0 
7f9034021000-7f9038000000 ---p 00000000 00:00 0 
7f9038000000-7f9038021000 rw-p 00000000 00:00 0 
7f9038021000-7f903c000000 ---p 00000000 00:00 0 
7f903c000000-7f903c021000 rw-p 00000000 00:00 0 
7f903c021000-7f9040000000 ---p 00000000 00:00 0 
7f9040000000-7f9040021000 rw-p 00000000 00:00 0 
7f9040021000-7f9044000000 ---p 00000000 00:00 0 
7f9044000000-7f9044021000 rw-p 00000000 00:00 0 
7f9044021000-7f9048000000 ---p 00000000 00:00 0 
7f9048000000-7f9048021000 rw-p 00000000 00:00 0 
7f9048021000-7f904c000000 ---p 00000000 00:00 0 
7f904c000000-7f904c021000 rw-p 00000000 00:00 0 
7f904c021000-7f9050000000 ---p 00000000 00:00 0 
7f9050000000-7f9050021000 rw-p 00000000 00:00 0 
7f9050021000-7f9054000000 ---p 00000000 00:00 0 
7f9054000000-7f9054021000 rw-p 00000000 00:00 0 
7f9054021000-7f9058000000 ---p 00000000 00:00 0 
7f9058000000-7f9058021000 rw-p 00000000 00:00 0 
7f9058021000-7f905c000000 ---p 00000000 00:00 0 
7f905c000000-7f905c021000 rw-p 00000000 00:00 0 
7f905c021000-7f9060000000 ---p 00000000 00:00 0 
7f9060000000-7f9060021000 rw-p 00000000 00:00 0 
7f9060021000-7f9064000000 ---p 00000000 00:00 0 
7f9064000000-7f9064021000 rw-p 00000000 00:00 0 
7f9064021000-7f9068000000 ---p 00000000 00:00 0 
7f9068000000-7f9068514000 rw-p 00000000 00:00 0 
7f9068514000-7f906c000000 ---p 00000000 00:00 0 
7f906c000000-7f906c021000 rw-p 00000000 00:00 0 
7f906c021000-7f9070000000 ---p 00000000 00:00 0 
7f9070000000-7f907029a000 rw-p 00000000 00:00 0 
7f907029a000-7f9074000000 ---p 00000000 00:00 0 
7f9075abc000-7f9075abd000 ---p 00000000 00:00 0 
7f9075abd000-7f9075bbe000 rw-p 00000000 00:00 0 
7f9075bbe000-7f9075bbf000 ---p 00000000 00:00 0 
7f9075bbf000-7f9075cc0000 rw-p 00000000 00:00 0 
7f9075cc0000-7f9075cc1000 ---p 00000000 00:00 0 
7f9075cc1000-7f9075dc2000 rw-p 00000000 00:00 0 
7f9075dc2000-7f9075dc3000 ---p 00000000 00:00 0 
7f9075dc3000-7f9075ec4000 rw-p 00000000 00:00 0 
7f9075ec4000-7f9075ec5000 ---p 00000000 00:00 0 
7f9075ec5000-7f9075fc6000 rw-p 00000000 00:00 0 
7f9075fc6000-7f9075fc7000 ---p 00000000 00:00 0 
7f9075fc7000-7f90760c8000 rw-p 00000000 00:00 0 
7f90760c8000-7f90760c9000 ---p 00000000 00:00 0 
7f90760c9000-7f90761ca000 rw-p 00000000 00:00 0 
7f90761ca000-7f90761cb000 ---p 00000000 00:00 0 
7f90761cb000-7f90762cc000 rw-p 00000000 00:00 0 
7f90762cc000-7f90762d0000 ---p 00000000 00:00 0 
7f90762d0000-7f90763cd000 rw-p 00000000 00:00 0 
7f90763cd000-7f90763d1000 ---p 00000000 00:00 0 
7f90763d1000-7f90764ce000 rw-p 00000000 00:00 0 
7f90764ce000-7f90764d2000 ---p 00000000 00:00 0 
7f90764d2000-7f90765cf000 rw-p 00000000 00:00 0 
7f90765cf000-7f90765d3000 ---p 00000000 00:00 0 
7f90765d3000-7f90766d0000 rw-p 00000000 00:00 0 
7f90766d0000-7f90766d1000 ---p 00000000 00:00 0 
7f90766d1000-7f90767d2000 rw-p 00000000 00:00 0 
7f90767d2000-7f90767d3000 ---p 00000000 00:00 0 
7f90767d3000-7f90768d4000 rw-p 00000000 00:00 0 
7f90768d4000-7f90768d5000 ---p 00000000 00:00 0 
7f90768d5000-7f90769d6000 rw-p 00000000 00:00 0 
7f90769d6000-7f90769d7000 ---p 00000000 00:00 0 
7f90769d7000-7f9076ad8000 rw-p 00000000 00:00 0 
7f9076ad8000-7f9076ad9000 ---p 00000000 00:00 0 
7f9076ad9000-7f9076bda000 rw-p 00000000 00:00 0 
7f9076bda000-7f9076bdb000 ---p 00000000 00:00 0 
7f9076bdb000-7f9076cdc000 rw-p 00000000 00:00 0 
7f9076cdc000-7f9076cdd000 ---p 00000000 00:00 0 
7f9076cdd000-7f9076dde000 rw-p 00000000 00:00 0 
7f9076dde000-7f9076ddf000 ---p 00000000 00:00 0 
7f9076ddf000-7f9076ee0000 rw-p 00000000 00:00 0 
7f9076ee0000-7f9076ee1000 ---p 00000000 00:00 0 
7f9076ee1000-7f9076fe2000 rw-p 00000000 00:00 0 
7f9076fe2000-7f9076fe3000 ---p 00000000 00:00 0 
7f9076fe3000-7f90770e4000 rw-p 00000000 00:00 0 
7f90770e4000-7f90770e5000 ---p 00000000 00:00 0 
7f90770e5000-7f90771e6000 rw-p 00000000 00:00 0 
7f90771e6000-7f90771e7000 ---p 00000000 00:00 0 
7f90771e7000-7f90772e8000 rw-p 00000000 00:00 0 
7f90772e8000-7f90772e9000 ---p 00000000 00:00 0 
7f90772e9000-7f90773ea000 rw-p 00000000 00:00 0 
7f90773ea000-7f90773eb000 ---p 00000000 00:00 0 
7f90773eb000-7f90774ec000 rw-p 00000000 00:00 0 
7f90774ec000-7f90774ed000 ---p 00000000 00:00 0 
7f90774ed000-7f90775ee000 rw-p 00000000 00:00 0 
7f90775ee000-7f90775ef000 ---p 00000000 00:00 0 
7f90775ef000-7f90776f0000 rw-p 00000000 00:00 0 
7f90776f0000-7f90776f1000 ---p 00000000 00:00 0 
7f90776f1000-7f90777f2000 rw-p 00000000 00:00 0 
7f90777f2000-7f90777f3000 ---p 00000000 00:00 0 
7f90777f3000-7f90778f4000 rw-p 00000000 00:00 0 
7f90778f4000-7f90778f5000 ---p 00000000 00:00 0 
7f90778f5000-7f90779f6000 rw-p 00000000 00:00 0 
7f90779f6000-7f90779f7000 ---p 00000000 00:00 0 
7f90779f7000-7f9077af8000 rw-p 00000000 00:00 0 
7f9077af8000-7f9077af9000 ---p 00000000 00:00 0 
7f9077af9000-7f9077bfa000 rw-p 00000000 00:00 0 
7f9077bfa000-7f9077bfb000 ---p 00000000 00:00 0 
7f9077bfb000-7f9077cfc000 rw-p 00000000 00:00 0 
7f9077cfc000-7f9077cfd000 ---p 00000000 00:00 0 
7f9077cfd000-7f9077dfe000 rw-p 00000000 00:00 0 
7f9077dfe000-7f9077e02000 ---p 00000000 00:00 0 
7f9077e02000-7f9077eff000 rw-p 00000000 00:00 0 
7f9077eff000-7f9077f03000 ---p 00000000 00:00 0 
7f9077f03000-7f9078000000 rw-p 00000000 00:00 0 
7f9078000000-7f9078021000 rw-p 00000000 00:00 0 
7f9078021000-7f907c000000 ---p 00000000 00:00 0 
7f907c000000-7f907c021000 rw-p 00000000 00:00 0 
7f907c021000-7f9080000000 ---p 00000000 00:00 0 
7f9080000000-7f908003d000 rw-p 00000000 00:00 0 
7f908003d000-7f9084000000 ---p 00000000 00:00 0 
7f9084000000-7f9084126000 rw-p 00000000 00:00 0 
7f9084126000-7f9088000000 ---p 00000000 00:00 0 
7f9088000000-7f9088060000 rw-p 00000000 00:00 0 
7f9088060000-7f908c000000 ---p 00000000 00:00 0 
7f908c000000-7f908c021000 rw-p 00000000 00:00 0 
7f908c021000-7f9090000000 ---p 00000000 00:00 0 
7f9090000000-7f90900c1000 rw-p 00000000 00:00 0 
7f90900c1000-7f9094000000 ---p 00000000 00:00 0 
7f9094000000-7f9094097000 rw-p 00000000 00:00 0 
7f9094097000-7f9098000000 ---p 00000000 00:00 0 
7f9098000000-7f90980ac000 rw-p 00000000 00:00 0 
7f90980ac000-7f909c000000 ---p 00000000 00:00 0 
7f909c000000-7f909c021000 rw-p 00000000 00:00 0 
7f909c021000-7f90a0000000 ---p 00000000 00:00 0 
7f90a0000000-7f90a0021000 rw-p 00000000 00:00 0 
7f90a0021000-7f90a4000000 ---p 00000000 00:00 0 
7f90a4000000-7f90a44a8000 rw-p 00000000 00:00 0 
7f90a44a8000-7f90a8000000 ---p 00000000 00:00 0 
7f90a8000000-7f90a8021000 rw-p 00000000 00:00 0 
7f90a8021000-7f90ac000000 ---p 00000000 00:00 0 
7f90ac000000-7f90ac021000 rw-p 00000000 00:00 0 
7f90ac021000-7f90b0000000 ---p 00000000 00:00 0 
7f90b0000000-7f90b0021000 rw-p 00000000 00:00 0 
7f90b0021000-7f90b4000000 ---p 00000000 00:00 0 
7f90b4000000-7f90b43be000 rw-p 00000000 00:00 0 
7f90b43be000-7f90b8000000 ---p 00000000 00:00 0 
7f90b8000000-7f90b8021000 rw-p 00000000 00:00 0 
7f90b8021000-7f90bc000000 ---p 00000000 00:00 0 
7f90bc059000-7f90bc06f000 r-xp 00000000 103:02 15872873                  /usr/lib/jvm/java-12-oracle/lib/libnet.so
7f90bc06f000-7f90bc26f000 ---p 00016000 103:02 15872873                  /usr/lib/jvm/java-12-oracle/lib/libnet.so
7f90bc26f000-7f90bc270000 r--p 00016000 103:02 15872873                  /usr/lib/jvm/java-12-oracle/lib/libnet.so
7f90bc270000-7f90bc271000 rw-p 00017000 103:02 15872873                  /usr/lib/jvm/java-12-oracle/lib/libnet.so
7f90bc271000-7f90bc282000 r-xp 00000000 103:02 15872874                  /usr/lib/jvm/java-12-oracle/lib/libnio.so
7f90bc282000-7f90bc481000 ---p 00011000 103:02 15872874                  /usr/lib/jvm/java-12-oracle/lib/libnio.so
7f90bc481000-7f90bc482000 r--p 00010000 103:02 15872874                  /usr/lib/jvm/java-12-oracle/lib/libnio.so
7f90bc482000-7f90bc483000 rw-p 00011000 103:02 15872874                  /usr/lib/jvm/java-12-oracle/lib/libnio.so
7f90bc483000-7f90bc487000 ---p 00000000 00:00 0 
7f90bc487000-7f90bc584000 rw-p 00000000 00:00 0 
7f90bc584000-7f90bc585000 ---p 00000000 00:00 0 
7f90bc585000-7f90bc686000 rw-p 00000000 00:00 0 
7f90bc686000-7f90bc68a000 ---p 00000000 00:00 0 
7f90bc68a000-7f90bc787000 rw-p 00000000 00:00 0 
7f90bc787000-7f90bc78b000 ---p 00000000 00:00 0 
7f90bc78b000-7f90bc888000 rw-p 00000000 00:00 0 
7f90bc888000-7f90bc88c000 ---p 00000000 00:00 0 
7f90bc88c000-7f90bc989000 rw-p 00000000 00:00 0 
7f90bc989000-7f90bc98d000 ---p 00000000 00:00 0 
7f90bc98d000-7f90bca8a000 rw-p 00000000 00:00 0 
7f90bca8a000-7f90bca8e000 ---p 00000000 00:00 0 
7f90bca8e000-7f90bcb8b000 rw-p 00000000 00:00 0 
7f90bcb8b000-7f90bcb8f000 ---p 00000000 00:00 0 
7f90bcb8f000-7f90bcc8c000 rw-p 00000000 00:00 0 
7f90bcc8c000-7f90bcc90000 ---p 00000000 00:00 0 
7f90bcc90000-7f90bcd8d000 rw-p 00000000 00:00 0 
7f90bcd8d000-7f90bcd91000 ---p 00000000 00:00 0 
7f90bcd91000-7f90bce8e000 rw-p 00000000 00:00 0 
7f90bce8e000-7f90bce92000 ---p 00000000 00:00 0 
7f90bce92000-7f90bcf8f000 rw-p 00000000 00:00 0 
7f90bcf8f000-7f90bcf93000 ---p 00000000 00:00 0 
7f90bcf93000-7f90bd090000 rw-p 00000000 00:00 0 
7f90bd090000-7f90bda5f000 r--p 00000000 103:02 15866447                  /usr/lib/locale/locale-archive
7f90bda5f000-7f90bda63000 ---p 00000000 00:00 0 
7f90bda63000-7f90bdb60000 rw-p 00000000 00:00 0 
7f90bdb60000-7f90bdb64000 ---p 00000000 00:00 0 
7f90bdb64000-7f90bdc61000 rw-p 00000000 00:00 0 
7f90bdc61000-7f90bdc62000 ---p 00000000 00:00 0 
7f90bdc62000-7f90be2a4000 rw-p 00000000 00:00 0 
7f90be2a4000-7f90be5e4000 ---p 00000000 00:00 0 
7f90be5e4000-7f90be5e5000 ---p 00000000 00:00 0 
7f90be5e5000-7f90be6e6000 rw-p 00000000 00:00 0 
7f90be6e6000-7f90be6e7000 ---p 00000000 00:00 0 
7f90be6e7000-7f90c0000000 rw-p 00000000 00:00 0 
7f90c0000000-7f90c0021000 rw-p 00000000 00:00 0 
7f90c0021000-7f90c4000000 ---p 00000000 00:00 0 
7f90c4000000-7f90c4021000 rw-p 00000000 00:00 0 
7f90c4021000-7f90c8000000 ---p 00000000 00:00 0 
7f90c8000000-7f90c8021000 rw-p 00000000 00:00 0 
7f90c8021000-7f90cc000000 ---p 00000000 00:00 0 
7f90cc06b000-7f90cf3d9000 rw-p 00000000 00:00 0 
7f90cf3d9000-7f90cf3da000 ---p 00000000 00:00 0 
7f90cf3da000-7f90cf4db000 rw-p 00000000 00:00 0 
7f90cf4db000-7f90cf4dc000 ---p 00000000 00:00 0 
7f90cf4dc000-7f90cf5dd000 rw-p 00000000 00:00 0 
7f90cf5dd000-7f90cf5de000 ---p 00000000 00:00 0 
7f90cf5de000-7f90d0b90000 rw-p 00000000 00:00 0 
7f90d0b90000-7f90df710000 ---p 00000000 00:00 0 
7f90df710000-7f90e06f0000 rw-p 00000000 00:00 0 
7f90e06f0000-7f90ef270000 ---p 00000000 00:00 0 
7f90ef270000-7f90ef488000 rw-p 00000000 00:00 0 
7f90ef488000-7f90f11f8000 ---p 00000000 00:00 0 
7f90f11f8000-7f90f13f4000 rw-p 00000000 00:00 0 
7f90f13f4000-7f90f3164000 ---p 00000000 00:00 0 
7f90f3164000-7f90f3360000 rw-p 00000000 00:00 0 
7f90f3360000-7f90f50d0000 ---p 00000000 00:00 0 
7f90f50d0000-7f90f7c04000 rw-p 00000000 00:00 0 
7f90f7c04000-7f90f7ce7000 ---p 00000000 00:00 0 
7f90f7ce7000-7f90f80b7000 rwxp 00000000 00:00 0 
7f90f80b7000-7f90f8545000 ---p 00000000 00:00 0 
7f90f8545000-7f90f87b5000 rwxp 00000000 00:00 0 
7f90f87b5000-7f90ff916000 ---p 00000000 00:00 0 
7f90ff916000-7f90ffb86000 rwxp 00000000 00:00 0 
7f90ffb86000-7f9106ce7000 ---p 00000000 00:00 0 
7f9106ce7000-7f910f16f000 r--s 00000000 103:02 15872884                  /usr/lib/jvm/java-12-oracle/lib/modules
7f910f16f000-7f910f18a000 r-xp 00000000 103:02 15872864                  /usr/lib/jvm/java-12-oracle/lib/libjimage.so
7f910f18a000-7f910f389000 ---p 0001b000 103:02 15872864                  /usr/lib/jvm/java-12-oracle/lib/libjimage.so
7f910f389000-7f910f38b000 r--p 0001a000 103:02 15872864                  /usr/lib/jvm/java-12-oracle/lib/libjimage.so
7f910f38b000-7f910f38c000 rw-p 0001c000 103:02 15872864                  /usr/lib/jvm/java-12-oracle/lib/libjimage.so
7f910f38c000-7f910f393000 r-xp 00000000 103:02 15872883                  /usr/lib/jvm/java-12-oracle/lib/libzip.so
7f910f393000-7f910f592000 ---p 00007000 103:02 15872883                  /usr/lib/jvm/java-12-oracle/lib/libzip.so
7f910f592000-7f910f593000 r--p 00006000 103:02 15872883                  /usr/lib/jvm/java-12-oracle/lib/libzip.so
7f910f593000-7f910f594000 rw-p 00007000 103:02 15872883                  /usr/lib/jvm/java-12-oracle/lib/libzip.so
7f910f594000-7f910f59f000 r-xp 00000000 103:02 10490588                  /lib/x86_64-linux-gnu/libnss_files-2.27.so
7f910f59f000-7f910f79e000 ---p 0000b000 103:02 10490588                  /lib/x86_64-linux-gnu/libnss_files-2.27.so
7f910f79e000-7f910f79f000 r--p 0000a000 103:02 10490588                  /lib/x86_64-linux-gnu/libnss_files-2.27.so
7f910f79f000-7f910f7a0000 rw-p 0000b000 103:02 10490588                  /lib/x86_64-linux-gnu/libnss_files-2.27.so
7f910f7a0000-7f910f7a6000 rw-p 00000000 00:00 0 
7f910f7a6000-7f910f7bd000 r-xp 00000000 103:02 10490582                  /lib/x86_64-linux-gnu/libnsl-2.27.so
7f910f7bd000-7f910f9bc000 ---p 00017000 103:02 10490582                  /lib/x86_64-linux-gnu/libnsl-2.27.so
7f910f9bc000-7f910f9bd000 r--p 00016000 103:02 10490582                  /lib/x86_64-linux-gnu/libnsl-2.27.so
7f910f9bd000-7f910f9be000 rw-p 00017000 103:02 10490582                  /lib/x86_64-linux-gnu/libnsl-2.27.so
7f910f9be000-7f910f9c0000 rw-p 00000000 00:00 0 
7f910f9c0000-7f910f9cb000 r-xp 00000000 103:02 10490599                  /lib/x86_64-linux-gnu/libnss_nis-2.27.so
7f910f9cb000-7f910fbca000 ---p 0000b000 103:02 10490599                  /lib/x86_64-linux-gnu/libnss_nis-2.27.so
7f910fbca000-7f910fbcb000 r--p 0000a000 103:02 10490599                  /lib/x86_64-linux-gnu/libnss_nis-2.27.so
7f910fbcb000-7f910fbcc000 rw-p 0000b000 103:02 10490599                  /lib/x86_64-linux-gnu/libnss_nis-2.27.so
7f910fbcc000-7f910fbd4000 r-xp 00000000 103:02 10490584                  /lib/x86_64-linux-gnu/libnss_compat-2.27.so
7f910fbd4000-7f910fdd4000 ---p 00008000 103:02 10490584                  /lib/x86_64-linux-gnu/libnss_compat-2.27.so
7f910fdd4000-7f910fdd5000 r--p 00008000 103:02 10490584                  /lib/x86_64-linux-gnu/libnss_compat-2.27.so
7f910fdd5000-7f910fdd6000 rw-p 00009000 103:02 10490584                  /lib/x86_64-linux-gnu/libnss_compat-2.27.so
7f910fdd6000-7f910fdfe000 r-xp 00000000 103:02 15872860                  /usr/lib/jvm/java-12-oracle/lib/libjava.so
7f910fdfe000-7f910fffd000 ---p 00028000 103:02 15872860                  /usr/lib/jvm/java-12-oracle/lib/libjava.so
7f910fffd000-7f910fffe000 r--p 00027000 103:02 15872860                  /usr/lib/jvm/java-12-oracle/lib/libjava.so
7f910fffe000-7f9110000000 rw-p 00028000 103:02 15872860                  /usr/lib/jvm/java-12-oracle/lib/libjava.so
7f9110000000-7f91104b4000 rw-p 00000000 00:00 0 
7f91104b4000-7f9114000000 ---p 00000000 00:00 0 
7f9114035000-7f911403a000 rw-p 00000000 00:00 0 
7f911403a000-7f911411d000 ---p 00000000 00:00 0 
7f911411d000-7f911412a000 r-xp 00000000 103:02 15872882                  /usr/lib/jvm/java-12-oracle/lib/libverify.so
7f911412a000-7f9114329000 ---p 0000d000 103:02 15872882                  /usr/lib/jvm/java-12-oracle/lib/libverify.so
7f9114329000-7f911432b000 r--p 0000c000 103:02 15872882                  /usr/lib/jvm/java-12-oracle/lib/libverify.so
7f911432b000-7f911432c000 rw-p 0000e000 103:02 15872882                  /usr/lib/jvm/java-12-oracle/lib/libverify.so
7f911432c000-7f9114333000 r-xp 00000000 103:02 10490639                  /lib/x86_64-linux-gnu/librt-2.27.so
7f9114333000-7f9114532000 ---p 00007000 103:02 10490639                  /lib/x86_64-linux-gnu/librt-2.27.so
7f9114532000-7f9114533000 r--p 00006000 103:02 10490639                  /lib/x86_64-linux-gnu/librt-2.27.so
7f9114533000-7f9114534000 rw-p 00007000 103:02 10490639                  /lib/x86_64-linux-gnu/librt-2.27.so
7f9114534000-7f91146d1000 r-xp 00000000 103:02 10490561                  /lib/x86_64-linux-gnu/libm-2.27.so
7f91146d1000-7f91148d0000 ---p 0019d000 103:02 10490561                  /lib/x86_64-linux-gnu/libm-2.27.so
7f91148d0000-7f91148d1000 r--p 0019c000 103:02 10490561                  /lib/x86_64-linux-gnu/libm-2.27.so
7f91148d1000-7f91148d2000 rw-p 0019d000 103:02 10490561                  /lib/x86_64-linux-gnu/libm-2.27.so
7f91148d2000-7f9115a36000 r-xp 00000000 103:02 15872898                  /usr/lib/jvm/java-12-oracle/lib/server/libjvm.so
7f9115a36000-7f9115c36000 ---p 01164000 103:02 15872898                  /usr/lib/jvm/java-12-oracle/lib/server/libjvm.so
7f9115c36000-7f9115cf7000 r--p 01164000 103:02 15872898                  /usr/lib/jvm/java-12-oracle/lib/server/libjvm.so
7f9115cf7000-7f9115d30000 rw-p 01225000 103:02 15872898                  /usr/lib/jvm/java-12-oracle/lib/server/libjvm.so
7f9115d30000-7f9115db3000 rw-p 00000000 00:00 0 
7f9115db3000-7f9115f9a000 r-xp 00000000 103:02 10490498                  /lib/x86_64-linux-gnu/libc-2.27.so
7f9115f9a000-7f911619a000 ---p 001e7000 103:02 10490498                  /lib/x86_64-linux-gnu/libc-2.27.so
7f911619a000-7f911619e000 r--p 001e7000 103:02 10490498                  /lib/x86_64-linux-gnu/libc-2.27.so
7f911619e000-7f91161a0000 rw-p 001eb000 103:02 10490498                  /lib/x86_64-linux-gnu/libc-2.27.so
7f91161a0000-7f91161a4000 rw-p 00000000 00:00 0 
7f91161a4000-7f91161a7000 r-xp 00000000 103:02 10490521                  /lib/x86_64-linux-gnu/libdl-2.27.so
7f91161a7000-7f91163a6000 ---p 00003000 103:02 10490521                  /lib/x86_64-linux-gnu/libdl-2.27.so
7f91163a6000-7f91163a7000 r--p 00002000 103:02 10490521                  /lib/x86_64-linux-gnu/libdl-2.27.so
7f91163a7000-7f91163a8000 rw-p 00003000 103:02 10490521                  /lib/x86_64-linux-gnu/libdl-2.27.so
7f91163a8000-7f91163c2000 r-xp 00000000 103:02 10490631                  /lib/x86_64-linux-gnu/libpthread-2.27.so
7f91163c2000-7f91165c1000 ---p 0001a000 103:02 10490631                  /lib/x86_64-linux-gnu/libpthread-2.27.so
7f91165c1000-7f91165c2000 r--p 00019000 103:02 10490631                  /lib/x86_64-linux-gnu/libpthread-2.27.so
7f91165c2000-7f91165c3000 rw-p 0001a000 103:02 10490631                  /lib/x86_64-linux-gnu/libpthread-2.27.so
7f91165c3000-7f91165c7000 rw-p 00000000 00:00 0 
7f91165c7000-7f91165d7000 r-xp 00000000 103:02 15872865                  /usr/lib/jvm/java-12-oracle/lib/libjli.so
7f91165d7000-7f91167d6000 ---p 00010000 103:02 15872865                  /usr/lib/jvm/java-12-oracle/lib/libjli.so
7f91167d6000-7f91167d7000 r--p 0000f000 103:02 15872865                  /usr/lib/jvm/java-12-oracle/lib/libjli.so
7f91167d7000-7f91167d8000 rw-p 00010000 103:02 15872865                  /usr/lib/jvm/java-12-oracle/lib/libjli.so
7f91167d8000-7f91167f4000 r-xp 00000000 103:02 10490670                  /lib/x86_64-linux-gnu/libz.so.1.2.11
7f91167f4000-7f91169f3000 ---p 0001c000 103:02 10490670                  /lib/x86_64-linux-gnu/libz.so.1.2.11
7f91169f3000-7f91169f4000 r--p 0001b000 103:02 10490670                  /lib/x86_64-linux-gnu/libz.so.1.2.11
7f91169f4000-7f91169f5000 rw-p 0001c000 103:02 10490670                  /lib/x86_64-linux-gnu/libz.so.1.2.11
7f91169f5000-7f9116a1c000 r-xp 00000000 103:02 10490470                  /lib/x86_64-linux-gnu/ld-2.27.so
7f9116a31000-7f9116af8000 rw-p 00000000 00:00 0 
7f9116af8000-7f9116b01000 ---p 00000000 00:00 0 
7f9116b01000-7f9116b05000 ---p 00000000 00:00 0 
7f9116b05000-7f9116c06000 rw-p 00000000 00:00 0 
7f9116c10000-7f9116c11000 r--p 00000000 103:02 17567477                  /usr/share/locale-langpack/en_GB/LC_MESSAGES/libc.mo
7f9116c11000-7f9116c19000 rw-s 00000000 103:02 13369651                  /tmp/hsperfdata_rflachlan/15570
7f9116c19000-7f9116c1a000 ---p 00000000 00:00 0 
7f9116c1a000-7f9116c1b000 r--p 00000000 00:00 0 
7f9116c1b000-7f9116c1c000 ---p 00000000 00:00 0 
7f9116c1c000-7f9116c1d000 r--p 00027000 103:02 10490470                  /lib/x86_64-linux-gnu/ld-2.27.so
7f9116c1d000-7f9116c1e000 rw-p 00028000 103:02 10490470                  /lib/x86_64-linux-gnu/ld-2.27.so
7f9116c1e000-7f9116c1f000 rw-p 00000000 00:00 0 
7ffe82ea4000-7ffe82ec5000 rw-p 00000000 00:00 0                          [stack]
7ffe82f0e000-7ffe82f11000 r--p 00000000 00:00 0                          [vvar]
7ffe82f11000-7ffe82f13000 r-xp 00000000 00:00 0                          [vdso]
ffffffffff600000-ffffffffff601000 r-xp 00000000 00:00 0                  [vsyscall]


VM Arguments:
java_command: /home/rflachlan/Dropbox/ChaffMainlandN//ChaffinchABC.jar 1 8 0 3653357899929101390 /home/rflachlan/Dropbox/ChaffMainlandN/
java_class_path (initial): /home/rflachlan/Dropbox/ChaffMainlandN//ChaffinchABC.jar
Launcher Type: SUN_STANDARD

[Global flags]
     intx CICompilerCount                          = 18                                        {product} {ergonomic}
     uint ConcGCThreads                            = 11                                        {product} {ergonomic}
     uint G1ConcRefinementThreads                  = 43                                        {product} {ergonomic}
   size_t G1HeapRegionSize                         = 4194304                                   {product} {ergonomic}
    uintx GCDrainStackTargetSize                   = 64                                        {product} {ergonomic}
   size_t InitialHeapSize                          = 1056964608                                {product} {ergonomic}
   size_t MarkStackSize                            = 4194304                                   {product} {ergonomic}
   size_t MaxHeapSize                              = 16869490688                               {product} {ergonomic}
   size_t MaxNewSize                               = 10120855552                               {product} {ergonomic}
   size_t MinHeapDeltaBytes                        = 4194304                                   {product} {ergonomic}
    uintx NonNMethodCodeHeapSize                   = 8769992                                {pd product} {ergonomic}
    uintx NonProfiledCodeHeapSize                  = 121444124                              {pd product} {ergonomic}
    uintx ProfiledCodeHeapSize                     = 121444124                              {pd product} {ergonomic}
    uintx ReservedCodeCacheSize                    = 251658240                              {pd product} {ergonomic}
     bool SegmentedCodeCache                       = true                                      {product} {ergonomic}
     bool UseCompressedClassPointers               = true                                 {lp64_product} {ergonomic}
     bool UseCompressedOops                        = true                                 {lp64_product} {ergonomic}
     bool UseG1GC                                  = true                                      {product} {ergonomic}

Logging:
Log output configuration:
 #0: stdout all=warning uptime,level,tags
 #1: stderr all=off uptime,level,tags

Environment Variables:
JAVA_HOME=/usr/lib/jvm/java-12-oracle
PATH=/usr/local/sbin:/usr/local/bin:/usr/sbin:/usr/bin:/sbin:/bin:/usr/games:/usr/local/games:/snap/bin:/usr/lib/jvm/java-12-oracle/bin:/usr/lib/jvm/java-12-oracle/db/bin
USERNAME=rflachlan
SHELL=/bin/bash
DISPLAY=:0

Signal Handlers:
SIGSEGV: [libjvm.so+0xe45640], sa_mask[0]=11111111011111111101111111111110, sa_flags=SA_RESTART|SA_SIGINFO
SIGBUS: [libjvm.so+0xe45640], sa_mask[0]=11111111011111111101111111111110, sa_flags=SA_RESTART|SA_SIGINFO
SIGFPE: [libjvm.so+0xe45640], sa_mask[0]=11111111011111111101111111111110, sa_flags=SA_RESTART|SA_SIGINFO
SIGPIPE: [libjvm.so+0xbf4b50], sa_mask[0]=11111111011111111101111111111110, sa_flags=SA_RESTART|SA_SIGINFO
SIGXFSZ: [libjvm.so+0xbf4b50], sa_mask[0]=11111111011111111101111111111110, sa_flags=SA_RESTART|SA_SIGINFO
SIGILL: [libjvm.so+0xe45640], sa_mask[0]=11111111011111111101111111111110, sa_flags=SA_RESTART|SA_SIGINFO
SIGUSR2: [libjvm.so+0xbf49f0], sa_mask[0]=00100000000000000000000000000000, sa_flags=SA_RESTART|SA_SIGINFO
SIGHUP: [libjvm.so+0xbf4d50], sa_mask[0]=11111111011111111101111111111110, sa_flags=SA_RESTART|SA_SIGINFO
SIGINT: SIG_IGN, sa_mask[0]=00000000000000000000000000000000, sa_flags=none
SIGTERM: [libjvm.so+0xbf4d50], sa_mask[0]=11111111011111111101111111111110, sa_flags=SA_RESTART|SA_SIGINFO
SIGQUIT: [libjvm.so+0xbf4d50], sa_mask[0]=11111111011111111101111111111110, sa_flags=SA_RESTART|SA_SIGINFO


---------------  S Y S T E M  ---------------

OS:DISTRIB_ID=Ubuntu
DISTRIB_RELEASE=18.04
DISTRIB_CODENAME=bionic
DISTRIB_DESCRIPTION="Ubuntu 18.04.2 LTS"
uname:Linux 4.15.0-51-generic #55-Ubuntu SMP Wed May 15 14:27:21 UTC 2019 x86_64
libc:glibc 2.27 NPTL 2.27 
rlimit: STACK 8192k, CORE 0k, NPROC 256634, NOFILE 4096, AS infinity, DATA infinity, FSIZE infinity
load average:119.79 40.85 16.50

/proc/meminfo:
MemTotal:       65882016 kB
MemFree:         1119840 kB
MemAvailable:     906532 kB
Buffers:            2468 kB
Cached:           282300 kB
SwapCached:          588 kB
Active:         59908380 kB
Inactive:        3313748 kB
Active(anon):   59864692 kB
Inactive(anon):  3252272 kB
Active(file):      43688 kB
Inactive(file):    61476 kB
Unevictable:          16 kB
Mlocked:              16 kB
SwapTotal:       2097148 kB
SwapFree:              0 kB
Dirty:               880 kB
Writeback:           156 kB
AnonPages:      62933252 kB
Mapped:            86252 kB
Shmem:            167724 kB
Slab:             715184 kB
SReclaimable:     184552 kB
SUnreclaim:       530632 kB
KernelStack:       87408 kB
PageTables:       245876 kB
NFS_Unstable:          0 kB
Bounce:                0 kB
WritebackTmp:          0 kB
CommitLimit:    35038156 kB
Committed_AS:   109145676 kB
VmallocTotal:   34359738367 kB
VmallocUsed:           0 kB
VmallocChunk:          0 kB
HardwareCorrupted:     0 kB
AnonHugePages:         0 kB
ShmemHugePages:        0 kB
ShmemPmdMapped:        0 kB
CmaTotal:              0 kB
CmaFree:               0 kB
HugePages_Total:       0
HugePages_Free:        0
HugePages_Rsvd:        0
HugePages_Surp:        0
Hugepagesize:       2048 kB
DirectMap4k:      795672 kB
DirectMap2M:    46260224 kB
DirectMap1G:    19922944 kB


/proc/sys/kernel/threads-max (system-wide limit on the number of threads):
513269


/proc/sys/vm/max_map_count (maximum number of memory map areas a process may have):
65530


/proc/sys/kernel/pid_max (system-wide limit on number of process identifiers):
131072



container (cgroup) information:
container_type: cgroupv1
cpu_cpuset_cpus: 0-63
cpu_memory_nodes: 0,2
active_processor_count: 64
cpu_quota: -1
cpu_period: 100000
cpu_shares: -1
memory_limit_in_bytes: -1
memory_and_swap_limit_in_bytes: -2
memory_soft_limit_in_bytes: -1
memory_usage_in_bytes: 64749588480
memory_max_usage_in_bytes: 534523023360


CPU:total 64 (initial active 64) (64 cores per cpu, 2 threads per core) family 23 model 8 stepping 2, cmov, cx8, fxsr, mmx, sse, sse2, sse3, ssse3, sse4.1, sse4.2, popcnt, avx, avx2, aes, clmul, mmxext, 3dnowpref, lzcnt, sse4a, ht, tsc, tscinvbit, tscinv, bmi1, bmi2, adx, sha, fma
CPU Model and flags from /proc/cpuinfo:
model name	: AMD Ryzen Threadripper 2990WX 32-Core Processor
flags		: fpu vme de pse tsc msr pae mce cx8 apic sep mtrr pge mca cmov pat pse36 clflush mmx fxsr sse sse2 ht syscall nx mmxext fxsr_opt pdpe1gb rdtscp lm constant_tsc rep_good nopl nonstop_tsc cpuid extd_apicid amd_dcm aperfmperf pni pclmulqdq monitor ssse3 fma cx16 sse4_1 sse4_2 movbe popcnt aes xsave avx f16c rdrand lahf_lm cmp_legacy svm extapic cr8_legacy abm sse4a misalignsse 3dnowprefetch osvw skinit wdt tce topoext perfctr_core perfctr_nb bpext perfctr_llc mwaitx cpb hw_pstate sme ssbd ibpb vmmcall fsgsbase bmi1 avx2 smep bmi2 rdseed adx smap clflushopt sha_ni xsaveopt xsavec xgetbv1 xsaves clzero irperf xsaveerptr arat npt lbrv svm_lock nrip_save tsc_scale vmcb_clean flushbyasid decodeassists pausefilter pfthreshold avic v_vmsave_vmload vgif overflow_recov succor smca

Memory: 4k page, physical 65882016k(1167872k free), swap 2097148k(0k free)

vm_info: Java HotSpot(TM) 64-Bit Server VM (12.0.1+12) for linux-amd64 JRE (12.0.1+12), built on Apr  1 2019 23:46:14 by "mach5one" with gcc 7.3.0

END.
