#
# There is insufficient memory for the Java Runtime Environment to continue.
# Native memory allocation (mmap) failed to map 1065353216 bytes for committing reserved memory.
# Possible reasons:
#   The system is out of physical RAM or swap space
#   The process is running with CompressedOops enabled, and the Java Heap may be blocking the growth of the native heap
# Possible solutions:
#   Reduce memory load on the system
#   Increase physical memory or swap space
#   Check if swap backing store is full
#   Decrease Java heap size (-Xmx/-Xms)
#   Decrease number of Java threads
#   Decrease Java thread stack sizes (-Xss)
#   Set larger code cache with -XX:ReservedCodeCacheSize=
#   JVM is running with Zero Based Compressed Oops mode in which the Java heap is
#     placed in the first 32GB address space. The Java Heap base address is the
#     maximum limit for the native heap growth. Please use -XX:HeapBaseMinAddress
#     to set the Java Heap base and to place the Java Heap above 32GB virtual address.
# This output file may be truncated or incomplete.
#
#  Out of Memory Error (os_linux.cpp:2659), pid=39982, tid=40139
#
# JRE version: Java(TM) SE Runtime Environment (12.0.2+10) (build 12.0.2+10)
# Java VM: Java HotSpot(TM) 64-Bit Server VM (12.0.2+10, mixed mode, sharing, tiered, compressed oops, g1 gc, linux-amd64)
# Core dump will be written. Default location: Core dumps may be processed with "/usr/share/apport/apport %p %s %c %d %P" (or dumping to /home/rflachlan/NetBeansProjects/ChaffinchABC/core.39982)
#

---------------  S U M M A R Y ------------

Command Line: /home/rflachlan/Dropbox/ChaffTenerife//ChaffinchABC.jar 209 17 0 -3687252686224057650 /home/rflachlan/Dropbox/ChaffTenerife/

Host: AMD Ryzen Threadripper 2990WX 32-Core Processor, 64 cores, 62G, Ubuntu 18.04.2 LTS
Time: Wed Aug 21 11:13:39 2019 BST elapsed time: 67 seconds (0d 0h 1m 7s)

---------------  T H R E A D  ---------------

Current thread (0x00007fc31c327000):  VMThread "VM Thread" [stack: 0x00007fc2cc76e000,0x00007fc2cc86e000] [id=40139]

Stack: [0x00007fc2cc76e000,0x00007fc2cc86e000],  sp=0x00007fc2cc86bf40,  free space=1015k
Native frames: (J=compiled Java code, A=aot compiled Java code, j=interpreted, Vv=VM code, C=native code)
V  [libjvm.so+0xe429e0]  VMError::report_and_die(int, char const*, char const*, __va_list_tag*, Thread*, unsigned char*, void*, void*, char const*, int, unsigned long)+0x310
V  [libjvm.so+0xe435ab]  VMError::report_and_die(Thread*, char const*, int, unsigned long, VMErrorType, char const*, __va_list_tag*)+0x2b
V  [libjvm.so+0x65d4b5]  report_vm_out_of_memory(char const*, int, unsigned long, VMErrorType, char const*, ...)+0xd5
V  [libjvm.so+0xbf7f38]  os::pd_commit_memory_or_exit(char*, unsigned long, unsigned long, bool, char const*)+0x108
V  [libjvm.so+0xbef71d]  os::commit_memory_or_exit(char*, unsigned long, unsigned long, bool, char const*)+0x1d
V  [libjvm.so+0x786ecc]  G1PageBasedVirtualSpace::commit_preferred_pages(unsigned long, unsigned long)+0x6c
V  [libjvm.so+0x787264]  G1PageBasedVirtualSpace::commit(unsigned long, unsigned long)+0x154
V  [libjvm.so+0x795030]  G1RegionsLargerThanCommitSizeMapper::commit_regions(unsigned int, unsigned long, WorkGang*)+0x40
V  [libjvm.so+0x8164b0]  HeapRegionManager::commit_regions(unsigned int, unsigned long, WorkGang*)+0x80
V  [libjvm.so+0x81720f]  HeapRegionManager::make_regions_available(unsigned int, unsigned int, WorkGang*)+0x3f
V  [libjvm.so+0x817789]  HeapRegionManager::expand_at(unsigned int, unsigned int, WorkGang*)+0x119
V  [libjvm.so+0x73c5f0]  G1CollectedHeap::expand(unsigned long, WorkGang*, double*)+0xe0
V  [libjvm.so+0x741b12]  G1CollectedHeap::do_collection_pause_at_safepoint(double)+0x9d2
V  [libjvm.so+0x7a8521]  VM_G1CollectForAllocation::doit()+0x81
V  [libjvm.so+0xe44fc7]  VM_Operation::evaluate()+0xe7
V  [libjvm.so+0xe4aebf]  VMThread::evaluate_operation(VM_Operation*) [clone .constprop.63]+0xff
V  [libjvm.so+0xe4b421]  VMThread::loop()+0x411
V  [libjvm.so+0xe4b873]  VMThread::run()+0x73
V  [libjvm.so+0xdd0b8f]  Thread::call_run()+0x16f
V  [libjvm.so+0xbfdc6e]  thread_native_entry(Thread*)+0xee

VM_Operation (0x00007fc325720460): G1CollectForAllocation, mode: safepoint, requested by thread 0x00007fc31c012800


---------------  P R O C E S S  ---------------

Threads class SMR info:
_java_thread_list=0x00007fc23401aaf0, length=9, elements={
0x00007fc31c012800, 0x00007fc31c32a000, 0x00007fc31c32c000, 0x00007fc31c331000,
0x00007fc31c333800, 0x00007fc31c335800, 0x00007fc31c337800, 0x00007fc31c36f000,
0x00007fc31c374000
}

Java Threads: ( => current thread )
  0x00007fc31c012800 JavaThread "main" [_thread_blocked, id=40017, stack(0x00007fc325621000,0x00007fc325722000)]
  0x00007fc31c32a000 JavaThread "Reference Handler" daemon [_thread_blocked, id=40152, stack(0x00007fc2cc66b000,0x00007fc2cc76c000)]
  0x00007fc31c32c000 JavaThread "Finalizer" daemon [_thread_blocked, id=40173, stack(0x00007fc2cc56a000,0x00007fc2cc66b000)]
  0x00007fc31c331000 JavaThread "Signal Dispatcher" daemon [_thread_blocked, id=40209, stack(0x00007fc2cc469000,0x00007fc2cc56a000)]
  0x00007fc31c333800 JavaThread "C2 CompilerThread0" daemon [_thread_blocked, id=40219, stack(0x00007fc2cc368000,0x00007fc2cc469000)]
  0x00007fc31c335800 JavaThread "C1 CompilerThread0" daemon [_thread_blocked, id=40231, stack(0x00007fc2cc267000,0x00007fc2cc368000)]
  0x00007fc31c337800 JavaThread "Sweeper thread" daemon [_thread_blocked, id=40254, stack(0x00007fc2cc166000,0x00007fc2cc267000)]
  0x00007fc31c36f000 JavaThread "Service Thread" daemon [_thread_blocked, id=40410, stack(0x00007fc2b732e000,0x00007fc2b742f000)]
  0x00007fc31c374000 JavaThread "Common-Cleaner" daemon [_thread_blocked, id=40477, stack(0x00007fc2b712b000,0x00007fc2b722c000)]

Other Threads:
=>0x00007fc31c327000 VMThread "VM Thread" [stack: 0x00007fc2cc76e000,0x00007fc2cc86e000] [id=40139]
  0x00007fc31c371800 WatcherThread [stack: 0x00007fc2b722e000,0x00007fc2b732e000] [id=40445]
  0x00007fc31c06e800 GCTaskThread "GC Thread#0" [stack: 0x00007fc2de078000,0x00007fc2de178000] [id=40037]
  0x00007fc2c4001000 GCTaskThread "GC Thread#1" [stack: 0x00007fc2b68fe000,0x00007fc2b69fe000] [id=40740]
  0x00007fc2c4002000 GCTaskThread "GC Thread#2" [stack: 0x00007fc2b67fc000,0x00007fc2b68fc000] [id=40742]
  0x00007fc2c4003000 GCTaskThread "GC Thread#3" [stack: 0x00007fc2b66fa000,0x00007fc2b67fa000] [id=40752]
  0x00007fc2c4004000 GCTaskThread "GC Thread#4" [stack: 0x00007fc2b65f8000,0x00007fc2b66f8000] [id=40765]
  0x00007fc2c4005000 GCTaskThread "GC Thread#5" [stack: 0x00007fc2b64f6000,0x00007fc2b65f6000] [id=40796]
  0x00007fc2c4006800 GCTaskThread "GC Thread#6" [stack: 0x00007fc2b63f4000,0x00007fc2b64f4000] [id=40797]
  0x00007fc2c4008000 GCTaskThread "GC Thread#7" [stack: 0x00007fc2b62f2000,0x00007fc2b63f2000] [id=40804]
  0x00007fc2c400a000 GCTaskThread "GC Thread#8" [stack: 0x00007fc2b61f0000,0x00007fc2b62f0000] [id=40821]
  0x00007fc2c400b800 GCTaskThread "GC Thread#9" [stack: 0x00007fc2b60ee000,0x00007fc2b61ee000] [id=40857]
  0x00007fc2c400d000 GCTaskThread "GC Thread#10" [stack: 0x00007fc2b5fec000,0x00007fc2b60ec000] [id=40867]
  0x00007fc2c400e800 GCTaskThread "GC Thread#11" [stack: 0x00007fc2b5eea000,0x00007fc2b5fea000] [id=40869]
  0x00007fc2c4010000 GCTaskThread "GC Thread#12" [stack: 0x00007fc2b5de8000,0x00007fc2b5ee8000] [id=40886]
  0x00007fc2c4011800 GCTaskThread "GC Thread#13" [stack: 0x00007fc2b5ce6000,0x00007fc2b5de6000] [id=40896]
  0x00007fc2c4013000 GCTaskThread "GC Thread#14" [stack: 0x00007fc2b5be4000,0x00007fc2b5ce4000] [id=40901]
  0x00007fc2c4014800 GCTaskThread "GC Thread#15" [stack: 0x00007fc2b5ae2000,0x00007fc2b5be2000] [id=40907]
  0x00007fc2c4016000 GCTaskThread "GC Thread#16" [stack: 0x00007fc2b59e0000,0x00007fc2b5ae0000] [id=40917]
  0x00007fc2c4017800 GCTaskThread "GC Thread#17" [stack: 0x00007fc2b58de000,0x00007fc2b59de000] [id=40928]
  0x00007fc2c4019000 GCTaskThread "GC Thread#18" [stack: 0x00007fc2b57dc000,0x00007fc2b58dc000] [id=40949]
  0x00007fc2c401a800 GCTaskThread "GC Thread#19" [stack: 0x00007fc2b56da000,0x00007fc2b57da000] [id=40951]
  0x00007fc2c401c000 GCTaskThread "GC Thread#20" [stack: 0x00007fc2b55d8000,0x00007fc2b56d8000] [id=40975]
  0x00007fc2c401d800 GCTaskThread "GC Thread#21" [stack: 0x00007fc2b54d6000,0x00007fc2b55d6000] [id=40978]
  0x00007fc2c401f000 GCTaskThread "GC Thread#22" [stack: 0x00007fc2b53d4000,0x00007fc2b54d4000] [id=41010]
  0x00007fc2c4020800 GCTaskThread "GC Thread#23" [stack: 0x00007fc2b52d2000,0x00007fc2b53d2000] [id=41035]
  0x00007fc31c088800 ConcurrentGCThread "G1 Main Marker" [stack: 0x00007fc2ddf76000,0x00007fc2de076000] [id=40039]
  0x00007fc31c08a000 ConcurrentGCThread "G1 Conc#0" [stack: 0x00007fc2dde74000,0x00007fc2ddf74000] [id=40042]
  0x00007fc31c2a5800 ConcurrentGCThread "G1 Refine#0" [stack: 0x00007fc2cd1f3000,0x00007fc2cd2f3000] [id=40066]
  0x00007fc2c8001000 ConcurrentGCThread "G1 Refine#1" [stack: 0x00007fc2b4bca000,0x00007fc2b4cca000] [id=41423]
  0x00007fc23401b000 ConcurrentGCThread "G1 Refine#2" [stack: 0x00007fc2b4ac8000,0x00007fc2b4bc8000] [id=41424]
  0x00007fc228001000 ConcurrentGCThread "G1 Refine#3" [stack: 0x00007fc2b49c6000,0x00007fc2b4ac6000] [id=41428]
  0x00007fc22c002000 ConcurrentGCThread "G1 Refine#4" [stack: 0x00007fc2b48c4000,0x00007fc2b49c4000] [id=41429]
  0x00007fc220001000 ConcurrentGCThread "G1 Refine#5" [stack: 0x00007fc2b47c2000,0x00007fc2b48c2000] [id=41861]
  0x00007fc224001000 ConcurrentGCThread "G1 Refine#6" [stack: 0x00007fc2b46c0000,0x00007fc2b47c0000] [id=41865]
  0x00007fc218001800 ConcurrentGCThread "G1 Refine#7" [stack: 0x00007fc2b45be000,0x00007fc2b46be000] [id=41892]
  0x00007fc21c001000 ConcurrentGCThread "G1 Refine#8" [stack: 0x00007fc2b44bc000,0x00007fc2b45bc000] [id=41937]
  0x00007fc31c2a7000 ConcurrentGCThread "G1 Young RemSet Sampling" [stack: 0x00007fc2cd0f1000,0x00007fc2cd1f1000] [id=40093]

Threads with active compile tasks:

VM state:at safepoint (normal execution)

VM Mutex/Monitor currently owned by a thread:  ([mutex/lock_event])
[0x00007fc31c00e5a0] Threads_lock - owner thread: 0x00007fc31c327000
[0x00007fc31c00ed80] Heap_lock - owner thread: 0x00007fc31c012800

Heap address: 0x0000000412800000, size: 16088 MB, Compressed Oops mode: Zero based, Oop shift amount: 3
Narrow klass base: 0x0000000800000000, Narrow klass shift: 3
Compressed class space size: 1073741824 Address: 0x000000080110c000

Heap:
 garbage-first heap   total 2080768K, used 352759K [0x0000000412800000, 0x0000000800000000)
  region size 4096K, 2 young (8192K), 2 survivors (8192K)
 Metaspace       used 1087K, capacity 5017K, committed 5376K, reserved 1056768K
  class space    used 55K, capacity 424K, committed 512K, reserved 1048576K
Heap Regions: E=young(eden), S=young(survivor), O=old, HS=humongous(starts), HC=humongous(continues), CS=collection set, F=free, A=archive, TAMS=top-at-mark-start (previous, next)
|   0|0x0000000412800000, 0x0000000412c00000, 0x0000000412c00000|100%| O|  |TAMS 0x0000000412800000, 0x0000000412800000| Untracked 
|   1|0x0000000412c00000, 0x0000000413000000, 0x0000000413000000|100%| O|  |TAMS 0x0000000412c00000, 0x0000000412c00000| Untracked 
|   2|0x0000000413000000, 0x0000000413400000, 0x0000000413400000|100%| O|  |TAMS 0x0000000413000000, 0x0000000413000000| Untracked 
|   3|0x0000000413400000, 0x0000000413800000, 0x0000000413800000|100%| O|  |TAMS 0x0000000413400000, 0x0000000413400000| Untracked 
|   4|0x0000000413800000, 0x0000000413c00000, 0x0000000413c00000|100%| O|  |TAMS 0x0000000413800000, 0x0000000413800000| Untracked 
|   5|0x0000000413c00000, 0x0000000414000000, 0x0000000414000000|100%| O|  |TAMS 0x0000000413c00000, 0x0000000413c00000| Untracked 
|   6|0x0000000414000000, 0x0000000414400000, 0x0000000414400000|100%| O|  |TAMS 0x0000000414000000, 0x0000000414000000| Untracked 
|   7|0x0000000414400000, 0x0000000414800000, 0x0000000414800000|100%| O|  |TAMS 0x0000000414400000, 0x0000000414400000| Untracked 
|   8|0x0000000414800000, 0x0000000414c00000, 0x0000000414c00000|100%| O|  |TAMS 0x0000000414800000, 0x0000000414800000| Untracked 
|   9|0x0000000414c00000, 0x0000000415000000, 0x0000000415000000|100%| O|  |TAMS 0x0000000414c00000, 0x0000000414c00000| Untracked 
|  10|0x0000000415000000, 0x0000000415400000, 0x0000000415400000|100%| O|  |TAMS 0x0000000415000000, 0x0000000415000000| Untracked 
|  11|0x0000000415400000, 0x0000000415800000, 0x0000000415800000|100%| O|  |TAMS 0x0000000415400000, 0x0000000415400000| Untracked 
|  12|0x0000000415800000, 0x0000000415c00000, 0x0000000415c00000|100%| O|  |TAMS 0x0000000415800000, 0x0000000415800000| Untracked 
|  13|0x0000000415c00000, 0x0000000416000000, 0x0000000416000000|100%| O|  |TAMS 0x0000000415c00000, 0x0000000415c00000| Untracked 
|  14|0x0000000416000000, 0x0000000416400000, 0x0000000416400000|100%| O|  |TAMS 0x0000000416000000, 0x0000000416000000| Untracked 
|  15|0x0000000416400000, 0x0000000416800000, 0x0000000416800000|100%| O|  |TAMS 0x0000000416400000, 0x0000000416400000| Untracked 
|  16|0x0000000416800000, 0x0000000416c00000, 0x0000000416c00000|100%| O|  |TAMS 0x0000000416800000, 0x0000000416800000| Untracked 
|  17|0x0000000416c00000, 0x0000000417000000, 0x0000000417000000|100%| O|  |TAMS 0x0000000416c00000, 0x0000000416c00000| Untracked 
|  18|0x0000000417000000, 0x0000000417400000, 0x0000000417400000|100%| O|  |TAMS 0x0000000417000000, 0x0000000417000000| Untracked 
|  19|0x0000000417400000, 0x0000000417800000, 0x0000000417800000|100%| O|  |TAMS 0x0000000417400000, 0x0000000417400000| Untracked 
|  20|0x0000000417800000, 0x0000000417c00000, 0x0000000417c00000|100%| O|  |TAMS 0x0000000417800000, 0x0000000417800000| Untracked 
|  21|0x0000000417c00000, 0x0000000418000000, 0x0000000418000000|100%| O|  |TAMS 0x0000000417c00000, 0x0000000417c00000| Untracked 
|  22|0x0000000418000000, 0x0000000418400000, 0x0000000418400000|100%| O|  |TAMS 0x0000000418000000, 0x0000000418000000| Untracked 
|  23|0x0000000418400000, 0x0000000418800000, 0x0000000418800000|100%| O|  |TAMS 0x0000000418400000, 0x0000000418400000| Untracked 
|  24|0x0000000418800000, 0x0000000418c00000, 0x0000000418c00000|100%| O|  |TAMS 0x0000000418800000, 0x0000000418800000| Untracked 
|  25|0x0000000418c00000, 0x0000000419000000, 0x0000000419000000|100%| O|  |TAMS 0x0000000418c00000, 0x0000000418c00000| Untracked 
|  26|0x0000000419000000, 0x0000000419400000, 0x0000000419400000|100%| O|  |TAMS 0x0000000419000000, 0x0000000419000000| Untracked 
|  27|0x0000000419400000, 0x0000000419800000, 0x0000000419800000|100%| O|  |TAMS 0x0000000419400000, 0x0000000419400000| Untracked 
|  28|0x0000000419800000, 0x0000000419c00000, 0x0000000419c00000|100%| O|  |TAMS 0x0000000419800000, 0x0000000419800000| Untracked 
|  29|0x0000000419c00000, 0x000000041a000000, 0x000000041a000000|100%| O|  |TAMS 0x0000000419c00000, 0x0000000419c00000| Untracked 
|  30|0x000000041a000000, 0x000000041a400000, 0x000000041a400000|100%| O|  |TAMS 0x000000041a000000, 0x000000041a000000| Untracked 
|  31|0x000000041a400000, 0x000000041a800000, 0x000000041a800000|100%| O|  |TAMS 0x000000041a400000, 0x000000041a400000| Untracked 
|  32|0x000000041a800000, 0x000000041ac00000, 0x000000041ac00000|100%| O|  |TAMS 0x000000041a800000, 0x000000041a800000| Untracked 
|  33|0x000000041ac00000, 0x000000041b000000, 0x000000041b000000|100%| O|  |TAMS 0x000000041ac00000, 0x000000041ac00000| Untracked 
|  34|0x000000041b000000, 0x000000041b400000, 0x000000041b400000|100%| O|  |TAMS 0x000000041b000000, 0x000000041b000000| Untracked 
|  35|0x000000041b400000, 0x000000041b800000, 0x000000041b800000|100%| O|  |TAMS 0x000000041b400000, 0x000000041b400000| Untracked 
|  36|0x000000041b800000, 0x000000041bc00000, 0x000000041bc00000|100%| O|  |TAMS 0x000000041b800000, 0x000000041b800000| Untracked 
|  37|0x000000041bc00000, 0x000000041c000000, 0x000000041c000000|100%| O|  |TAMS 0x000000041bc00000, 0x000000041bc00000| Untracked 
|  38|0x000000041c000000, 0x000000041c400000, 0x000000041c400000|100%| O|  |TAMS 0x000000041c000000, 0x000000041c000000| Untracked 
|  39|0x000000041c400000, 0x000000041c800000, 0x000000041c800000|100%| O|  |TAMS 0x000000041c400000, 0x000000041c400000| Untracked 
|  40|0x000000041c800000, 0x000000041cc00000, 0x000000041cc00000|100%| O|  |TAMS 0x000000041c800000, 0x000000041c800000| Untracked 
|  41|0x000000041cc00000, 0x000000041d000000, 0x000000041d000000|100%| O|  |TAMS 0x000000041cc00000, 0x000000041cc00000| Untracked 
|  42|0x000000041d000000, 0x000000041d400000, 0x000000041d400000|100%| O|  |TAMS 0x000000041d000000, 0x000000041d000000| Untracked 
|  43|0x000000041d400000, 0x000000041d800000, 0x000000041d800000|100%| O|  |TAMS 0x000000041d400000, 0x000000041d400000| Untracked 
|  44|0x000000041d800000, 0x000000041dc00000, 0x000000041dc00000|100%| O|  |TAMS 0x000000041d800000, 0x000000041d800000| Untracked 
|  45|0x000000041dc00000, 0x000000041e000000, 0x000000041e000000|100%| O|  |TAMS 0x000000041dc00000, 0x000000041dc00000| Untracked 
|  46|0x000000041e000000, 0x000000041e400000, 0x000000041e400000|100%| O|  |TAMS 0x000000041e000000, 0x000000041e000000| Untracked 
|  47|0x000000041e400000, 0x000000041e800000, 0x000000041e800000|100%| O|  |TAMS 0x000000041e400000, 0x000000041e400000| Untracked 
|  48|0x000000041e800000, 0x000000041ec00000, 0x000000041ec00000|100%| O|  |TAMS 0x000000041e800000, 0x000000041e800000| Untracked 
|  49|0x000000041ec00000, 0x000000041f000000, 0x000000041f000000|100%| O|  |TAMS 0x000000041ec00000, 0x000000041ec00000| Untracked 
|  50|0x000000041f000000, 0x000000041f400000, 0x000000041f400000|100%| O|  |TAMS 0x000000041f000000, 0x000000041f000000| Untracked 
|  51|0x000000041f400000, 0x000000041f800000, 0x000000041f800000|100%| O|  |TAMS 0x000000041f400000, 0x000000041f400000| Untracked 
|  52|0x000000041f800000, 0x000000041fc00000, 0x000000041fc00000|100%| O|  |TAMS 0x000000041f800000, 0x000000041f800000| Untracked 
|  53|0x000000041fc00000, 0x0000000420000000, 0x0000000420000000|100%| O|  |TAMS 0x000000041fc00000, 0x000000041fc00000| Untracked 
|  54|0x0000000420000000, 0x0000000420400000, 0x0000000420400000|100%| O|  |TAMS 0x0000000420000000, 0x0000000420000000| Untracked 
|  55|0x0000000420400000, 0x0000000420800000, 0x0000000420800000|100%| O|  |TAMS 0x0000000420400000, 0x0000000420400000| Untracked 
|  56|0x0000000420800000, 0x0000000420c00000, 0x0000000420c00000|100%| O|  |TAMS 0x0000000420800000, 0x0000000420800000| Untracked 
|  57|0x0000000420c00000, 0x0000000421000000, 0x0000000421000000|100%| O|  |TAMS 0x0000000420c00000, 0x0000000420c00000| Untracked 
|  58|0x0000000421000000, 0x0000000421400000, 0x0000000421400000|100%| O|  |TAMS 0x0000000421000000, 0x0000000421000000| Untracked 
|  59|0x0000000421400000, 0x0000000421800000, 0x0000000421800000|100%| O|  |TAMS 0x0000000421400000, 0x0000000421400000| Untracked 
|  60|0x0000000421800000, 0x0000000421c00000, 0x0000000421c00000|100%| O|  |TAMS 0x0000000421800000, 0x0000000421800000| Untracked 
|  61|0x0000000421c00000, 0x0000000422000000, 0x0000000422000000|100%| O|  |TAMS 0x0000000421c00000, 0x0000000421c00000| Untracked 
|  62|0x0000000422000000, 0x0000000422400000, 0x0000000422400000|100%| O|  |TAMS 0x0000000422000000, 0x0000000422000000| Untracked 
|  63|0x0000000422400000, 0x0000000422800000, 0x0000000422800000|100%| O|  |TAMS 0x0000000422400000, 0x0000000422400000| Untracked 
|  64|0x0000000422800000, 0x0000000422c00000, 0x0000000422c00000|100%| O|  |TAMS 0x0000000422800000, 0x0000000422800000| Untracked 
|  65|0x0000000422c00000, 0x0000000423000000, 0x0000000423000000|100%| O|  |TAMS 0x0000000422c00000, 0x0000000422c00000| Untracked 
|  66|0x0000000423000000, 0x0000000423400000, 0x0000000423400000|100%| O|  |TAMS 0x0000000423000000, 0x0000000423000000| Untracked 
|  67|0x0000000423400000, 0x0000000423800000, 0x0000000423800000|100%| O|  |TAMS 0x0000000423400000, 0x0000000423400000| Untracked 
|  68|0x0000000423800000, 0x0000000423c00000, 0x0000000423c00000|100%| O|  |TAMS 0x0000000423800000, 0x0000000423800000| Untracked 
|  69|0x0000000423c00000, 0x0000000424000000, 0x0000000424000000|100%| O|  |TAMS 0x0000000423c00000, 0x0000000423c00000| Untracked 
|  70|0x0000000424000000, 0x0000000424400000, 0x0000000424400000|100%| O|  |TAMS 0x0000000424000000, 0x0000000424000000| Untracked 
|  71|0x0000000424400000, 0x0000000424800000, 0x0000000424800000|100%| O|  |TAMS 0x0000000424400000, 0x0000000424400000| Untracked 
|  72|0x0000000424800000, 0x0000000424c00000, 0x0000000424c00000|100%| O|  |TAMS 0x0000000424800000, 0x0000000424800000| Untracked 
|  73|0x0000000424c00000, 0x0000000425000000, 0x0000000425000000|100%| O|  |TAMS 0x0000000424c00000, 0x0000000424c00000| Untracked 
|  74|0x0000000425000000, 0x0000000425400000, 0x0000000425400000|100%| O|  |TAMS 0x0000000425000000, 0x0000000425000000| Untracked 
|  75|0x0000000425400000, 0x0000000425800000, 0x0000000425800000|100%| O|  |TAMS 0x0000000425400000, 0x0000000425400000| Untracked 
|  76|0x0000000425800000, 0x0000000425c00000, 0x0000000425c00000|100%| O|  |TAMS 0x0000000425800000, 0x0000000425800000| Untracked 
|  77|0x0000000425c00000, 0x0000000426000000, 0x0000000426000000|100%| O|  |TAMS 0x0000000425c00000, 0x0000000425c00000| Untracked 
|  78|0x0000000426000000, 0x0000000426400000, 0x0000000426400000|100%| O|  |TAMS 0x0000000426000000, 0x0000000426000000| Untracked 
|  79|0x0000000426400000, 0x0000000426800000, 0x0000000426800000|100%| O|  |TAMS 0x0000000426400000, 0x0000000426400000| Untracked 
|  80|0x0000000426800000, 0x0000000426c00000, 0x0000000426c00000|100%| O|  |TAMS 0x0000000426800000, 0x0000000426800000| Untracked 
|  81|0x0000000426c00000, 0x0000000427000000, 0x0000000427000000|100%| O|  |TAMS 0x0000000426c00000, 0x0000000426c00000| Untracked 
|  82|0x0000000427000000, 0x0000000427400000, 0x0000000427400000|100%| O|  |TAMS 0x0000000427000000, 0x0000000427000000| Untracked 
|  83|0x0000000427400000, 0x00000004274c2c00, 0x0000000427800000| 19%| O|  |TAMS 0x0000000427400000, 0x0000000427400000| Untracked 
|  84|0x0000000427800000, 0x0000000427800000, 0x0000000427c00000|  0%| F|  |TAMS 0x0000000427800000, 0x0000000427800000| Untracked 
|  85|0x0000000427c00000, 0x0000000427c00000, 0x0000000428000000|  0%| F|  |TAMS 0x0000000427c00000, 0x0000000427c00000| Untracked 
|  86|0x0000000428000000, 0x0000000428000000, 0x0000000428400000|  0%| F|  |TAMS 0x0000000428000000, 0x0000000428000000| Untracked 
|  87|0x0000000428400000, 0x0000000428400000, 0x0000000428800000|  0%| F|  |TAMS 0x0000000428400000, 0x0000000428400000| Untracked 
|  88|0x0000000428800000, 0x0000000428800000, 0x0000000428c00000|  0%| F|  |TAMS 0x0000000428800000, 0x0000000428800000| Untracked 
|  89|0x0000000428c00000, 0x0000000428c00000, 0x0000000429000000|  0%| F|  |TAMS 0x0000000428c00000, 0x0000000428c00000| Untracked 
|  90|0x0000000429000000, 0x0000000429000000, 0x0000000429400000|  0%| F|  |TAMS 0x0000000429000000, 0x0000000429000000| Untracked 
|  91|0x0000000429400000, 0x0000000429400000, 0x0000000429800000|  0%| F|  |TAMS 0x0000000429400000, 0x0000000429400000| Untracked 
|  92|0x0000000429800000, 0x0000000429800000, 0x0000000429c00000|  0%| F|  |TAMS 0x0000000429800000, 0x0000000429800000| Untracked 
|  93|0x0000000429c00000, 0x0000000429c00000, 0x000000042a000000|  0%| F|  |TAMS 0x0000000429c00000, 0x0000000429c00000| Untracked 
|  94|0x000000042a000000, 0x000000042a000000, 0x000000042a400000|  0%| F|  |TAMS 0x000000042a000000, 0x000000042a000000| Untracked 
|  95|0x000000042a400000, 0x000000042a400000, 0x000000042a800000|  0%| F|  |TAMS 0x000000042a400000, 0x000000042a400000| Untracked 
|  96|0x000000042a800000, 0x000000042a800000, 0x000000042ac00000|  0%| F|  |TAMS 0x000000042a800000, 0x000000042a800000| Untracked 
|  97|0x000000042ac00000, 0x000000042ac00000, 0x000000042b000000|  0%| F|  |TAMS 0x000000042ac00000, 0x000000042ac00000| Untracked 
|  98|0x000000042b000000, 0x000000042b000000, 0x000000042b400000|  0%| F|  |TAMS 0x000000042b000000, 0x000000042b000000| Untracked 
|  99|0x000000042b400000, 0x000000042b400000, 0x000000042b800000|  0%| F|  |TAMS 0x000000042b400000, 0x000000042b400000| Untracked 
| 100|0x000000042b800000, 0x000000042b800000, 0x000000042bc00000|  0%| F|  |TAMS 0x000000042b800000, 0x000000042b800000| Untracked 
| 101|0x000000042bc00000, 0x000000042bc00000, 0x000000042c000000|  0%| F|  |TAMS 0x000000042bc00000, 0x000000042bc00000| Untracked 
| 102|0x000000042c000000, 0x000000042c000000, 0x000000042c400000|  0%| F|  |TAMS 0x000000042c000000, 0x000000042c000000| Untracked 
| 103|0x000000042c400000, 0x000000042c400000, 0x000000042c800000|  0%| F|  |TAMS 0x000000042c400000, 0x000000042c400000| Untracked 
| 104|0x000000042c800000, 0x000000042c800000, 0x000000042cc00000|  0%| F|  |TAMS 0x000000042c800000, 0x000000042c800000| Untracked 
| 105|0x000000042cc00000, 0x000000042cc00000, 0x000000042d000000|  0%| F|  |TAMS 0x000000042cc00000, 0x000000042cc00000| Untracked 
| 106|0x000000042d000000, 0x000000042d000000, 0x000000042d400000|  0%| F|  |TAMS 0x000000042d000000, 0x000000042d000000| Untracked 
| 107|0x000000042d400000, 0x000000042d400000, 0x000000042d800000|  0%| F|  |TAMS 0x000000042d400000, 0x000000042d400000| Untracked 
| 108|0x000000042d800000, 0x000000042d800000, 0x000000042dc00000|  0%| F|  |TAMS 0x000000042d800000, 0x000000042d800000| Untracked 
| 109|0x000000042dc00000, 0x000000042dc00000, 0x000000042e000000|  0%| F|  |TAMS 0x000000042dc00000, 0x000000042dc00000| Untracked 
| 110|0x000000042e000000, 0x000000042e000000, 0x000000042e400000|  0%| F|  |TAMS 0x000000042e000000, 0x000000042e000000| Untracked 
| 111|0x000000042e400000, 0x000000042e400000, 0x000000042e800000|  0%| F|  |TAMS 0x000000042e400000, 0x000000042e400000| Untracked 
| 112|0x000000042e800000, 0x000000042e800000, 0x000000042ec00000|  0%| F|  |TAMS 0x000000042e800000, 0x000000042e800000| Untracked 
| 113|0x000000042ec00000, 0x000000042ec00000, 0x000000042f000000|  0%| F|  |TAMS 0x000000042ec00000, 0x000000042ec00000| Untracked 
| 114|0x000000042f000000, 0x000000042f000000, 0x000000042f400000|  0%| F|  |TAMS 0x000000042f000000, 0x000000042f000000| Untracked 
| 115|0x000000042f400000, 0x000000042f400000, 0x000000042f800000|  0%| F|  |TAMS 0x000000042f400000, 0x000000042f400000| Untracked 
| 116|0x000000042f800000, 0x000000042f800000, 0x000000042fc00000|  0%| F|  |TAMS 0x000000042f800000, 0x000000042f800000| Untracked 
| 117|0x000000042fc00000, 0x000000042fc00000, 0x0000000430000000|  0%| F|  |TAMS 0x000000042fc00000, 0x000000042fc00000| Untracked 
| 118|0x0000000430000000, 0x0000000430000000, 0x0000000430400000|  0%| F|  |TAMS 0x0000000430000000, 0x0000000430000000| Untracked 
| 119|0x0000000430400000, 0x0000000430400000, 0x0000000430800000|  0%| F|  |TAMS 0x0000000430400000, 0x0000000430400000| Untracked 
| 120|0x0000000430800000, 0x0000000430800000, 0x0000000430c00000|  0%| F|  |TAMS 0x0000000430800000, 0x0000000430800000| Untracked 
| 121|0x0000000430c00000, 0x0000000430c00000, 0x0000000431000000|  0%| F|  |TAMS 0x0000000430c00000, 0x0000000430c00000| Untracked 
| 122|0x0000000431000000, 0x0000000431000000, 0x0000000431400000|  0%| F|  |TAMS 0x0000000431000000, 0x0000000431000000| Untracked 
| 123|0x0000000431400000, 0x0000000431400000, 0x0000000431800000|  0%| F|  |TAMS 0x0000000431400000, 0x0000000431400000| Untracked 
| 124|0x0000000431800000, 0x0000000431800000, 0x0000000431c00000|  0%| F|  |TAMS 0x0000000431800000, 0x0000000431800000| Untracked 
| 125|0x0000000431c00000, 0x0000000431c00000, 0x0000000432000000|  0%| F|  |TAMS 0x0000000431c00000, 0x0000000431c00000| Untracked 
| 126|0x0000000432000000, 0x0000000432000000, 0x0000000432400000|  0%| F|  |TAMS 0x0000000432000000, 0x0000000432000000| Untracked 
| 127|0x0000000432400000, 0x0000000432400000, 0x0000000432800000|  0%| F|  |TAMS 0x0000000432400000, 0x0000000432400000| Untracked 
| 128|0x0000000432800000, 0x0000000432800000, 0x0000000432c00000|  0%| F|  |TAMS 0x0000000432800000, 0x0000000432800000| Untracked 
| 129|0x0000000432c00000, 0x0000000432c00000, 0x0000000433000000|  0%| F|  |TAMS 0x0000000432c00000, 0x0000000432c00000| Untracked 
| 130|0x0000000433000000, 0x0000000433000000, 0x0000000433400000|  0%| F|  |TAMS 0x0000000433000000, 0x0000000433000000| Untracked 
| 131|0x0000000433400000, 0x0000000433400000, 0x0000000433800000|  0%| F|  |TAMS 0x0000000433400000, 0x0000000433400000| Untracked 
| 132|0x0000000433800000, 0x0000000433800000, 0x0000000433c00000|  0%| F|  |TAMS 0x0000000433800000, 0x0000000433800000| Untracked 
| 133|0x0000000433c00000, 0x0000000433c00000, 0x0000000434000000|  0%| F|  |TAMS 0x0000000433c00000, 0x0000000433c00000| Untracked 
| 134|0x0000000434000000, 0x0000000434000000, 0x0000000434400000|  0%| F|  |TAMS 0x0000000434000000, 0x0000000434000000| Untracked 
| 135|0x0000000434400000, 0x0000000434400000, 0x0000000434800000|  0%| F|  |TAMS 0x0000000434400000, 0x0000000434400000| Untracked 
| 136|0x0000000434800000, 0x0000000434800000, 0x0000000434c00000|  0%| F|  |TAMS 0x0000000434800000, 0x0000000434800000| Untracked 
| 137|0x0000000434c00000, 0x0000000434c00000, 0x0000000435000000|  0%| F|  |TAMS 0x0000000434c00000, 0x0000000434c00000| Untracked 
| 138|0x0000000435000000, 0x0000000435000000, 0x0000000435400000|  0%| F|  |TAMS 0x0000000435000000, 0x0000000435000000| Untracked 
| 139|0x0000000435400000, 0x0000000435400000, 0x0000000435800000|  0%| F|  |TAMS 0x0000000435400000, 0x0000000435400000| Untracked 
| 140|0x0000000435800000, 0x0000000435800000, 0x0000000435c00000|  0%| F|  |TAMS 0x0000000435800000, 0x0000000435800000| Untracked 
| 141|0x0000000435c00000, 0x0000000435c00000, 0x0000000436000000|  0%| F|  |TAMS 0x0000000435c00000, 0x0000000435c00000| Untracked 
| 142|0x0000000436000000, 0x0000000436000000, 0x0000000436400000|  0%| F|  |TAMS 0x0000000436000000, 0x0000000436000000| Untracked 
| 143|0x0000000436400000, 0x0000000436400000, 0x0000000436800000|  0%| F|  |TAMS 0x0000000436400000, 0x0000000436400000| Untracked 
| 144|0x0000000436800000, 0x0000000436800000, 0x0000000436c00000|  0%| F|  |TAMS 0x0000000436800000, 0x0000000436800000| Untracked 
| 145|0x0000000436c00000, 0x0000000436c00000, 0x0000000437000000|  0%| F|  |TAMS 0x0000000436c00000, 0x0000000436c00000| Untracked 
| 146|0x0000000437000000, 0x0000000437000000, 0x0000000437400000|  0%| F|  |TAMS 0x0000000437000000, 0x0000000437000000| Untracked 
| 147|0x0000000437400000, 0x0000000437400000, 0x0000000437800000|  0%| F|  |TAMS 0x0000000437400000, 0x0000000437400000| Untracked 
| 148|0x0000000437800000, 0x0000000437800000, 0x0000000437c00000|  0%| F|  |TAMS 0x0000000437800000, 0x0000000437800000| Untracked 
| 149|0x0000000437c00000, 0x0000000437c00000, 0x0000000438000000|  0%| F|  |TAMS 0x0000000437c00000, 0x0000000437c00000| Untracked 
| 150|0x0000000438000000, 0x0000000438000000, 0x0000000438400000|  0%| F|  |TAMS 0x0000000438000000, 0x0000000438000000| Untracked 
| 151|0x0000000438400000, 0x0000000438400000, 0x0000000438800000|  0%| F|  |TAMS 0x0000000438400000, 0x0000000438400000| Untracked 
| 152|0x0000000438800000, 0x0000000438800000, 0x0000000438c00000|  0%| F|  |TAMS 0x0000000438800000, 0x0000000438800000| Untracked 
| 153|0x0000000438c00000, 0x0000000438c00000, 0x0000000439000000|  0%| F|  |TAMS 0x0000000438c00000, 0x0000000438c00000| Untracked 
| 154|0x0000000439000000, 0x0000000439000000, 0x0000000439400000|  0%| F|  |TAMS 0x0000000439000000, 0x0000000439000000| Untracked 
| 155|0x0000000439400000, 0x0000000439400000, 0x0000000439800000|  0%| F|  |TAMS 0x0000000439400000, 0x0000000439400000| Untracked 
| 156|0x0000000439800000, 0x0000000439800000, 0x0000000439c00000|  0%| F|  |TAMS 0x0000000439800000, 0x0000000439800000| Untracked 
| 157|0x0000000439c00000, 0x0000000439c00000, 0x000000043a000000|  0%| F|  |TAMS 0x0000000439c00000, 0x0000000439c00000| Untracked 
| 158|0x000000043a000000, 0x000000043a000000, 0x000000043a400000|  0%| F|  |TAMS 0x000000043a000000, 0x000000043a000000| Untracked 
| 159|0x000000043a400000, 0x000000043a400000, 0x000000043a800000|  0%| F|  |TAMS 0x000000043a400000, 0x000000043a400000| Untracked 
| 160|0x000000043a800000, 0x000000043a800000, 0x000000043ac00000|  0%| F|  |TAMS 0x000000043a800000, 0x000000043a800000| Untracked 
| 161|0x000000043ac00000, 0x000000043ac00000, 0x000000043b000000|  0%| F|  |TAMS 0x000000043ac00000, 0x000000043ac00000| Untracked 
| 162|0x000000043b000000, 0x000000043b000000, 0x000000043b400000|  0%| F|  |TAMS 0x000000043b000000, 0x000000043b000000| Untracked 
| 163|0x000000043b400000, 0x000000043b400000, 0x000000043b800000|  0%| F|  |TAMS 0x000000043b400000, 0x000000043b400000| Untracked 
| 164|0x000000043b800000, 0x000000043b800000, 0x000000043bc00000|  0%| F|  |TAMS 0x000000043b800000, 0x000000043b800000| Untracked 
| 165|0x000000043bc00000, 0x000000043bc00000, 0x000000043c000000|  0%| F|  |TAMS 0x000000043bc00000, 0x000000043bc00000| Untracked 
| 166|0x000000043c000000, 0x000000043c000000, 0x000000043c400000|  0%| F|  |TAMS 0x000000043c000000, 0x000000043c000000| Untracked 
| 167|0x000000043c400000, 0x000000043c400000, 0x000000043c800000|  0%| F|  |TAMS 0x000000043c400000, 0x000000043c400000| Untracked 
| 168|0x000000043c800000, 0x000000043c800000, 0x000000043cc00000|  0%| F|  |TAMS 0x000000043c800000, 0x000000043c800000| Untracked 
| 169|0x000000043cc00000, 0x000000043cc00000, 0x000000043d000000|  0%| F|  |TAMS 0x000000043cc00000, 0x000000043cc00000| Untracked 
| 170|0x000000043d000000, 0x000000043d000000, 0x000000043d400000|  0%| F|  |TAMS 0x000000043d000000, 0x000000043d000000| Untracked 
| 171|0x000000043d400000, 0x000000043d400000, 0x000000043d800000|  0%| F|  |TAMS 0x000000043d400000, 0x000000043d400000| Untracked 
| 172|0x000000043d800000, 0x000000043d800000, 0x000000043dc00000|  0%| F|  |TAMS 0x000000043d800000, 0x000000043d800000| Untracked 
| 173|0x000000043dc00000, 0x000000043dc00000, 0x000000043e000000|  0%| F|  |TAMS 0x000000043dc00000, 0x000000043dc00000| Untracked 
| 174|0x000000043e000000, 0x000000043e000000, 0x000000043e400000|  0%| F|  |TAMS 0x000000043e000000, 0x000000043e000000| Untracked 
| 175|0x000000043e400000, 0x000000043e400000, 0x000000043e800000|  0%| F|  |TAMS 0x000000043e400000, 0x000000043e400000| Untracked 
| 176|0x000000043e800000, 0x000000043e800000, 0x000000043ec00000|  0%| F|  |TAMS 0x000000043e800000, 0x000000043e800000| Untracked 
| 177|0x000000043ec00000, 0x000000043ec00000, 0x000000043f000000|  0%| F|  |TAMS 0x000000043ec00000, 0x000000043ec00000| Untracked 
| 178|0x000000043f000000, 0x000000043f000000, 0x000000043f400000|  0%| F|  |TAMS 0x000000043f000000, 0x000000043f000000| Untracked 
| 179|0x000000043f400000, 0x000000043f400000, 0x000000043f800000|  0%| F|  |TAMS 0x000000043f400000, 0x000000043f400000| Untracked 
| 180|0x000000043f800000, 0x000000043f800000, 0x000000043fc00000|  0%| F|  |TAMS 0x000000043f800000, 0x000000043f800000| Untracked 
| 181|0x000000043fc00000, 0x000000043fc00000, 0x0000000440000000|  0%| F|  |TAMS 0x000000043fc00000, 0x000000043fc00000| Untracked 
| 182|0x0000000440000000, 0x0000000440000000, 0x0000000440400000|  0%| F|  |TAMS 0x0000000440000000, 0x0000000440000000| Untracked 
| 183|0x0000000440400000, 0x0000000440400000, 0x0000000440800000|  0%| F|  |TAMS 0x0000000440400000, 0x0000000440400000| Untracked 
| 184|0x0000000440800000, 0x0000000440800000, 0x0000000440c00000|  0%| F|  |TAMS 0x0000000440800000, 0x0000000440800000| Untracked 
| 185|0x0000000440c00000, 0x0000000440c00000, 0x0000000441000000|  0%| F|  |TAMS 0x0000000440c00000, 0x0000000440c00000| Untracked 
| 186|0x0000000441000000, 0x0000000441000000, 0x0000000441400000|  0%| F|  |TAMS 0x0000000441000000, 0x0000000441000000| Untracked 
| 187|0x0000000441400000, 0x0000000441400000, 0x0000000441800000|  0%| F|  |TAMS 0x0000000441400000, 0x0000000441400000| Untracked 
| 188|0x0000000441800000, 0x0000000441800000, 0x0000000441c00000|  0%| F|  |TAMS 0x0000000441800000, 0x0000000441800000| Untracked 
| 189|0x0000000441c00000, 0x0000000441c00000, 0x0000000442000000|  0%| F|  |TAMS 0x0000000441c00000, 0x0000000441c00000| Untracked 
| 190|0x0000000442000000, 0x0000000442000000, 0x0000000442400000|  0%| F|  |TAMS 0x0000000442000000, 0x0000000442000000| Untracked 
| 191|0x0000000442400000, 0x0000000442400000, 0x0000000442800000|  0%| F|  |TAMS 0x0000000442400000, 0x0000000442400000| Untracked 
| 192|0x0000000442800000, 0x0000000442800000, 0x0000000442c00000|  0%| F|  |TAMS 0x0000000442800000, 0x0000000442800000| Untracked 
| 193|0x0000000442c00000, 0x0000000442c00000, 0x0000000443000000|  0%| F|  |TAMS 0x0000000442c00000, 0x0000000442c00000| Untracked 
| 194|0x0000000443000000, 0x0000000443000000, 0x0000000443400000|  0%| F|  |TAMS 0x0000000443000000, 0x0000000443000000| Untracked 
| 195|0x0000000443400000, 0x0000000443400000, 0x0000000443800000|  0%| F|  |TAMS 0x0000000443400000, 0x0000000443400000| Untracked 
| 196|0x0000000443800000, 0x0000000443800000, 0x0000000443c00000|  0%| F|  |TAMS 0x0000000443800000, 0x0000000443800000| Untracked 
| 197|0x0000000443c00000, 0x0000000443c00000, 0x0000000444000000|  0%| F|  |TAMS 0x0000000443c00000, 0x0000000443c00000| Untracked 
| 198|0x0000000444000000, 0x0000000444000000, 0x0000000444400000|  0%| F|  |TAMS 0x0000000444000000, 0x0000000444000000| Untracked 
| 199|0x0000000444400000, 0x0000000444400000, 0x0000000444800000|  0%| F|  |TAMS 0x0000000444400000, 0x0000000444400000| Untracked 
| 200|0x0000000444800000, 0x0000000444800000, 0x0000000444c00000|  0%| F|  |TAMS 0x0000000444800000, 0x0000000444800000| Untracked 
| 201|0x0000000444c00000, 0x0000000444c00000, 0x0000000445000000|  0%| F|  |TAMS 0x0000000444c00000, 0x0000000444c00000| Untracked 
| 202|0x0000000445000000, 0x0000000445000000, 0x0000000445400000|  0%| F|  |TAMS 0x0000000445000000, 0x0000000445000000| Untracked 
| 203|0x0000000445400000, 0x0000000445400000, 0x0000000445800000|  0%| F|  |TAMS 0x0000000445400000, 0x0000000445400000| Untracked 
| 204|0x0000000445800000, 0x0000000445800000, 0x0000000445c00000|  0%| F|  |TAMS 0x0000000445800000, 0x0000000445800000| Untracked 
| 205|0x0000000445c00000, 0x0000000445c00000, 0x0000000446000000|  0%| F|  |TAMS 0x0000000445c00000, 0x0000000445c00000| Untracked 
| 206|0x0000000446000000, 0x0000000446000000, 0x0000000446400000|  0%| F|  |TAMS 0x0000000446000000, 0x0000000446000000| Untracked 
| 207|0x0000000446400000, 0x0000000446400000, 0x0000000446800000|  0%| F|  |TAMS 0x0000000446400000, 0x0000000446400000| Untracked 
| 208|0x0000000446800000, 0x0000000446800000, 0x0000000446c00000|  0%| F|  |TAMS 0x0000000446800000, 0x0000000446800000| Untracked 
| 209|0x0000000446c00000, 0x0000000446c00000, 0x0000000447000000|  0%| F|  |TAMS 0x0000000446c00000, 0x0000000446c00000| Untracked 
| 210|0x0000000447000000, 0x0000000447000000, 0x0000000447400000|  0%| F|  |TAMS 0x0000000447000000, 0x0000000447000000| Untracked 
| 211|0x0000000447400000, 0x0000000447400000, 0x0000000447800000|  0%| F|  |TAMS 0x0000000447400000, 0x0000000447400000| Untracked 
| 212|0x0000000447800000, 0x0000000447800000, 0x0000000447c00000|  0%| F|  |TAMS 0x0000000447800000, 0x0000000447800000| Untracked 
| 213|0x0000000447c00000, 0x0000000447c00000, 0x0000000448000000|  0%| F|  |TAMS 0x0000000447c00000, 0x0000000447c00000| Untracked 
| 214|0x0000000448000000, 0x0000000448000000, 0x0000000448400000|  0%| F|  |TAMS 0x0000000448000000, 0x0000000448000000| Untracked 
| 215|0x0000000448400000, 0x0000000448400000, 0x0000000448800000|  0%| F|  |TAMS 0x0000000448400000, 0x0000000448400000| Untracked 
| 216|0x0000000448800000, 0x0000000448800000, 0x0000000448c00000|  0%| F|  |TAMS 0x0000000448800000, 0x0000000448800000| Untracked 
| 217|0x0000000448c00000, 0x0000000448c00000, 0x0000000449000000|  0%| F|  |TAMS 0x0000000448c00000, 0x0000000448c00000| Untracked 
| 218|0x0000000449000000, 0x0000000449000000, 0x0000000449400000|  0%| F|  |TAMS 0x0000000449000000, 0x0000000449000000| Untracked 
| 219|0x0000000449400000, 0x0000000449400000, 0x0000000449800000|  0%| F|  |TAMS 0x0000000449400000, 0x0000000449400000| Untracked 
| 220|0x0000000449800000, 0x0000000449800000, 0x0000000449c00000|  0%| F|  |TAMS 0x0000000449800000, 0x0000000449800000| Untracked 
| 221|0x0000000449c00000, 0x0000000449c00000, 0x000000044a000000|  0%| F|  |TAMS 0x0000000449c00000, 0x0000000449c00000| Untracked 
| 222|0x000000044a000000, 0x000000044a000000, 0x000000044a400000|  0%| F|  |TAMS 0x000000044a000000, 0x000000044a000000| Untracked 
| 223|0x000000044a400000, 0x000000044a400000, 0x000000044a800000|  0%| F|  |TAMS 0x000000044a400000, 0x000000044a400000| Untracked 
| 224|0x000000044a800000, 0x000000044a800000, 0x000000044ac00000|  0%| F|  |TAMS 0x000000044a800000, 0x000000044a800000| Untracked 
| 225|0x000000044ac00000, 0x000000044ac00000, 0x000000044b000000|  0%| F|  |TAMS 0x000000044ac00000, 0x000000044ac00000| Untracked 
| 226|0x000000044b000000, 0x000000044b000000, 0x000000044b400000|  0%| F|  |TAMS 0x000000044b000000, 0x000000044b000000| Untracked 
| 227|0x000000044b400000, 0x000000044b400000, 0x000000044b800000|  0%| F|  |TAMS 0x000000044b400000, 0x000000044b400000| Untracked 
| 228|0x000000044b800000, 0x000000044b800000, 0x000000044bc00000|  0%| F|  |TAMS 0x000000044b800000, 0x000000044b800000| Untracked 
| 229|0x000000044bc00000, 0x000000044bc00000, 0x000000044c000000|  0%| F|  |TAMS 0x000000044bc00000, 0x000000044bc00000| Untracked 
| 230|0x000000044c000000, 0x000000044c000000, 0x000000044c400000|  0%| F|  |TAMS 0x000000044c000000, 0x000000044c000000| Untracked 
| 231|0x000000044c400000, 0x000000044c400000, 0x000000044c800000|  0%| F|  |TAMS 0x000000044c400000, 0x000000044c400000| Untracked 
| 232|0x000000044c800000, 0x000000044c800000, 0x000000044cc00000|  0%| F|  |TAMS 0x000000044c800000, 0x000000044c800000| Untracked 
| 233|0x000000044cc00000, 0x000000044cc00000, 0x000000044d000000|  0%| F|  |TAMS 0x000000044cc00000, 0x000000044cc00000| Untracked 
| 234|0x000000044d000000, 0x000000044d000000, 0x000000044d400000|  0%| F|  |TAMS 0x000000044d000000, 0x000000044d000000| Untracked 
| 235|0x000000044d400000, 0x000000044d400000, 0x000000044d800000|  0%| F|  |TAMS 0x000000044d400000, 0x000000044d400000| Untracked 
| 236|0x000000044d800000, 0x000000044d800000, 0x000000044dc00000|  0%| F|  |TAMS 0x000000044d800000, 0x000000044d800000| Untracked 
| 237|0x000000044dc00000, 0x000000044dc00000, 0x000000044e000000|  0%| F|  |TAMS 0x000000044dc00000, 0x000000044dc00000| Untracked 
| 238|0x000000044e000000, 0x000000044e400000, 0x000000044e400000|100%| S|CS|TAMS 0x000000044e000000, 0x000000044e000000| Complete 
| 239|0x000000044e400000, 0x000000044e800000, 0x000000044e800000|100%| S|CS|TAMS 0x000000044e400000, 0x000000044e400000| Complete 
| 240|0x000000044e800000, 0x000000044e800000, 0x000000044ec00000|  0%| F|  |TAMS 0x000000044e800000, 0x000000044e800000| Untracked 
| 241|0x000000044ec00000, 0x000000044ec00000, 0x000000044f000000|  0%| F|  |TAMS 0x000000044ec00000, 0x000000044ec00000| Untracked 
| 242|0x000000044f000000, 0x000000044f000000, 0x000000044f400000|  0%| F|  |TAMS 0x000000044f000000, 0x000000044f000000| Untracked 
| 243|0x000000044f400000, 0x000000044f400000, 0x000000044f800000|  0%| F|  |TAMS 0x000000044f400000, 0x000000044f400000| Untracked 
| 244|0x000000044f800000, 0x000000044f800000, 0x000000044fc00000|  0%| F|  |TAMS 0x000000044f800000, 0x000000044f800000| Untracked 
| 245|0x000000044fc00000, 0x000000044fc00000, 0x0000000450000000|  0%| F|  |TAMS 0x000000044fc00000, 0x000000044fc00000| Untracked 
| 246|0x0000000450000000, 0x0000000450000000, 0x0000000450400000|  0%| F|  |TAMS 0x0000000450000000, 0x0000000450000000| Untracked 
| 247|0x0000000450400000, 0x0000000450400000, 0x0000000450800000|  0%| F|  |TAMS 0x0000000450400000, 0x0000000450400000| Untracked 
| 248|0x0000000450800000, 0x0000000450800000, 0x0000000450c00000|  0%| F|  |TAMS 0x0000000450800000, 0x0000000450800000| Untracked 
| 249|0x0000000450c00000, 0x0000000450c00000, 0x0000000451000000|  0%| F|  |TAMS 0x0000000450c00000, 0x0000000450c00000| Untracked 
| 250|0x0000000451000000, 0x0000000451000000, 0x0000000451400000|  0%| F|  |TAMS 0x0000000451000000, 0x0000000451000000| Untracked 
| 251|0x0000000451400000, 0x0000000451400000, 0x0000000451800000|  0%| F|  |TAMS 0x0000000451400000, 0x0000000451400000| Untracked 
|4020|0x00000007ff800000, 0x00000007ffb49000, 0x00000007ffc00000| 82%|OA|  |TAMS 0x00000007ff800000, 0x00000007ff800000| Untracked 
|4021|0x00000007ffc00000, 0x00000007ffc72000, 0x0000000800000000| 11%|CA|  |TAMS 0x00000007ffc00000, 0x00000007ffc00000| Untracked 

Card table byte_map: [0x00007fc2ffc95000,0x00007fc301c01000] _byte_map_base: 0x00007fc2fdc01000

Marking Bits (Prev, Next): (CMBitMap*) 0x00007fc31c06fca8, (CMBitMap*) 0x00007fc31c06fce8
 Prev Bits: [0x00007fc2ee1c9000, 0x00007fc2fdd29000)
 Next Bits: [0x00007fc2de669000, 0x00007fc2ee1c9000)

Polling page: 0x00007fc325739000

Metaspace:

Usage:
  Non-class:      4.49 MB capacity,     1.01 MB ( 22%) used,     3.48 MB ( 78%) free+waste,   576 bytes ( <1%) overhead. 
      Class:    424.00 KB capacity,    55.77 KB ( 13%) used,   367.86 KB ( 87%) free+waste,   384 bytes ( <1%) overhead. 
       Both:      4.90 MB capacity,     1.06 MB ( 22%) used,     3.84 MB ( 78%) free+waste,   960 bytes ( <1%) overhead. 

Virtual space:
  Non-class space:        8.00 MB reserved,       4.75 MB ( 59%) committed 
      Class space:        1.00 GB reserved,     512.00 KB ( <1%) committed 
             Both:        1.01 GB reserved,       5.25 MB ( <1%) committed 

Chunk freelists:
   Non-Class:  2.38 KB
       Class:  1.00 KB
        Both:  3.38 KB

CodeHeap 'non-profiled nmethods': size=118596Kb used=453Kb max_used=453Kb free=118142Kb
 bounds [0x00007fc30c7ac000, 0x00007fc30ca1c000, 0x00007fc313b7d000]
CodeHeap 'profiled nmethods': size=118596Kb used=860Kb max_used=860Kb free=117735Kb
 bounds [0x00007fc3053db000, 0x00007fc30564b000, 0x00007fc30c7ac000]
CodeHeap 'non-nmethods': size=8568Kb used=1031Kb max_used=2732Kb free=7536Kb
 bounds [0x00007fc304b7d000, 0x00007fc304e2d000, 0x00007fc3053db000]
 total_blobs=1019 nmethods=406 adapters=214
 compilation: enabled
              stopped_count=0, restarted_count=0
 full_count=0

Compilation events (10 events):
Event: 57.599 Thread 0x00007fc31c333800  402       4       org.ChaffinchABC.ChaffinchABC::iterateSimulation (79 bytes)
Event: 57.648 Thread 0x00007fc31c333800 nmethod 402 0x00007fc30c81a090 code [0x00007fc30c81a2a0, 0x00007fc30c81af48]
Event: 57.763 Thread 0x00007fc31c335800  403 %     3       org.ChaffinchABC.Population::getTutors @ 23 (310 bytes)
Event: 57.764 Thread 0x00007fc31c333800  404       4       java.util.Arrays::binarySearch (9 bytes)
Event: 57.771 Thread 0x00007fc31c335800 nmethod 403% 0x00007fc3054af310 code [0x00007fc3054af5a0, 0x00007fc3054b0548]
Event: 57.772 Thread 0x00007fc31c333800 nmethod 404 0x00007fc30c81b890 code [0x00007fc30c81ba20, 0x00007fc30c81bb38]
Event: 57.797 Thread 0x00007fc31c335800  405       3       org.ChaffinchABC.Population::getTutors (310 bytes)
Event: 57.799 Thread 0x00007fc31c335800 nmethod 405 0x00007fc3054b0c10 code [0x00007fc3054b0ea0, 0x00007fc3054b1cc8]
Event: 57.829 Thread 0x00007fc31c333800  406       4       org.ChaffinchABC.Population::getTutors (310 bytes)
Event: 58.157 Thread 0x00007fc31c333800 nmethod 406 0x00007fc30c81bc90 code [0x00007fc30c81be60, 0x00007fc30c81cdd8]

GC Heap History (10 events):
Event: 30.936 GC heap after
{Heap after GC invocations=6 (full 0):
 garbage-first heap   total 1040384K, used 229469K [0x0000000412800000, 0x0000000800000000)
  region size 4096K, 19 young (77824K), 19 survivors (77824K)
 Metaspace       used 1072K, capacity 5017K, committed 5376K, reserved 1056768K
  class space    used 55K, capacity 424K, committed 512K, reserved 1048576K
}
Event: 31.283 GC heap before
{Heap before GC invocations=6 (full 0):
 garbage-first heap   total 1040384K, used 290909K [0x0000000412800000, 0x0000000800000000)
  region size 4096K, 34 young (139264K), 19 survivors (77824K)
 Metaspace       used 1073K, capacity 5017K, committed 5376K, reserved 1056768K
  class space    used 55K, capacity 424K, committed 512K, reserved 1048576K
}
Event: 31.368 GC heap after
{Heap after GC invocations=7 (full 0):
 garbage-first heap   total 1040384K, used 298464K [0x0000000412800000, 0x0000000800000000)
  region size 4096K, 5 young (20480K), 5 survivors (20480K)
 Metaspace       used 1073K, capacity 5017K, committed 5376K, reserved 1056768K
  class space    used 55K, capacity 424K, committed 512K, reserved 1048576K
}
Event: 60.710 GC heap before
{Heap before GC invocations=7 (full 0):
 garbage-first heap   total 1040384K, used 327136K [0x0000000412800000, 0x0000000800000000)
  region size 4096K, 12 young (49152K), 5 survivors (20480K)
 Metaspace       used 1087K, capacity 5017K, committed 5376K, reserved 1056768K
  class space    used 55K, capacity 424K, committed 512K, reserved 1048576K
}
Event: 60.756 GC heap after
{Heap after GC invocations=8 (full 0):
 garbage-first heap   total 1040384K, used 315747K [0x0000000412800000, 0x0000000800000000)
  region size 4096K, 2 young (8192K), 2 survivors (8192K)
 Metaspace       used 1087K, capacity 5017K, committed 5376K, reserved 1056768K
  class space    used 55K, capacity 424K, committed 512K, reserved 1048576K
}
Event: 62.675 GC heap before
{Heap before GC invocations=8 (full 0):
 garbage-first heap   total 1040384K, used 356707K [0x0000000412800000, 0x0000000800000000)
  region size 4096K, 12 young (49152K), 2 survivors (8192K)
 Metaspace       used 1087K, capacity 5017K, committed 5376K, reserved 1056768K
  class space    used 55K, capacity 424K, committed 512K, reserved 1048576K
}
Event: 62.737 GC heap after
{Heap after GC invocations=9 (full 0):
 garbage-first heap   total 1040384K, used 327764K [0x0000000412800000, 0x0000000800000000)
  region size 4096K, 2 young (8192K), 2 survivors (8192K)
 Metaspace       used 1087K, capacity 5017K, committed 5376K, reserved 1056768K
  class space    used 55K, capacity 424K, committed 512K, reserved 1048576K
}
Event: 65.148 GC heap before
{Heap before GC invocations=9 (full 0):
 garbage-first heap   total 1040384K, used 368724K [0x0000000412800000, 0x0000000800000000)
  region size 4096K, 12 young (49152K), 2 survivors (8192K)
 Metaspace       used 1087K, capacity 5017K, committed 5376K, reserved 1056768K
  class space    used 55K, capacity 424K, committed 512K, reserved 1048576K
}
Event: 65.218 GC heap after
{Heap after GC invocations=10 (full 0):
 garbage-first heap   total 1040384K, used 339154K [0x0000000412800000, 0x0000000800000000)
  region size 4096K, 2 young (8192K), 2 survivors (8192K)
 Metaspace       used 1087K, capacity 5017K, committed 5376K, reserved 1056768K
  class space    used 55K, capacity 424K, committed 512K, reserved 1048576K
}
Event: 67.723 GC heap before
{Heap before GC invocations=10 (full 0):
 garbage-first heap   total 1040384K, used 380114K [0x0000000412800000, 0x0000000800000000)
  region size 4096K, 12 young (49152K), 2 survivors (8192K)
 Metaspace       used 1087K, capacity 5017K, committed 5376K, reserved 1056768K
  class space    used 55K, capacity 424K, committed 512K, reserved 1048576K
}

Deoptimization events (10 events):
Event: 29.245 Thread 0x00007fc31c012800 Uncommon trap: reason=unstable_if action=reinterpret pc=0x00007fc30c7e3c9c method=jdk.internal.math.FDBigInteger.leftShift(I)Ljdk/internal/math/FDBigInteger; @ 173 c2
Event: 31.173 Thread 0x00007fc31c012800 Uncommon trap: reason=unstable_if action=reinterpret pc=0x00007fc30c805d08 method=org.ChaffinchABC.ChaffinchABC.initiateSimulation()V @ 24 c2
Event: 31.173 Thread 0x00007fc31c012800 Uncommon trap: reason=unstable_if action=reinterpret pc=0x00007fc30c7ffb38 method=org.apache.commons.math3.util.FastMath.exp(DD[D)D @ 339 c2
Event: 31.174 Thread 0x00007fc31c012800 Uncommon trap: reason=unstable_if action=reinterpret pc=0x00007fc30c7ff07c method=org.apache.commons.math3.distribution.GammaDistribution.density(D)D @ 33 c2
Event: 31.278 Thread 0x00007fc31c012800 Uncommon trap: reason=unstable_if action=reinterpret pc=0x00007fc30c8086e0 method=org.ChaffinchABC.Population.calculateSpatialArrangement()V @ 59 c2
Event: 31.279 Thread 0x00007fc31c012800 Uncommon trap: reason=unstable_if action=reinterpret pc=0x00007fc30c800288 method=org.ChaffinchABC.Population.calculateSpatialArrangement()V @ 166 c2
Event: 57.235 Thread 0x00007fc31c012800 Uncommon trap: reason=unstable_if action=reinterpret pc=0x00007fc30c8025ec method=org.ChaffinchABC.ChaffinchABC.initiateSimulation()V @ 85 c2
Event: 57.276 Thread 0x00007fc31c012800 Uncommon trap: reason=unstable_if action=reinterpret pc=0x00007fc30c7fbf3c method=org.ChaffinchABC.Individual.setRepertoireSize()V @ 4 c2
Event: 57.469 Thread 0x00007fc31c012800 Uncommon trap: reason=unstable_if action=reinterpret pc=0x00007fc30c7f9ed0 method=org.ChaffinchABC.Individual.updateRepertoire()V @ 4 c2
Event: 57.747 Thread 0x00007fc31c012800 Uncommon trap: reason=unstable_if action=reinterpret pc=0x00007fc30c81667c method=org.ChaffinchABC.Population.getTutors(I)[Lorg/ChaffinchABC/Individual; @ 132 c2

Classes redefined (0 events):
No events

Internal exceptions (1 events):
Event: 1.707 Thread 0x00007fc31c012800 Implicit null exception at 0x00007fc30c7cd505 to 0x00007fc30c7cee16

Events (10 events):
Event: 57.747 Thread 0x00007fc31c012800 Uncommon trap: trap_request=0xffffff4d fr.pc=0x00007fc30c81667c relative=0x0000000000000e9c
Event: 57.755 Thread 0x00007fc31c012800 DEOPT PACKING pc=0x00007fc30c81667c sp=0x00007fc325720700
Event: 57.762 Thread 0x00007fc31c012800 DEOPT UNPACKING pc=0x00007fc304ba63a5 sp=0x00007fc325720670 mode 2
Event: 60.710 Executing VM operation: G1CollectForAllocation
Event: 60.756 Executing VM operation: G1CollectForAllocation done
Event: 62.659 Executing VM operation: G1CollectForAllocation
Event: 62.737 Executing VM operation: G1CollectForAllocation done
Event: 65.148 Executing VM operation: G1CollectForAllocation
Event: 65.218 Executing VM operation: G1CollectForAllocation done
Event: 67.723 Executing VM operation: G1CollectForAllocation


Dynamic libraries:
00400000-00401000 r-xp 00000000 103:02 15863105                          /usr/lib/jvm/java-12-oracle/bin/java
00600000-00601000 r--p 00000000 103:02 15863105                          /usr/lib/jvm/java-12-oracle/bin/java
00601000-00602000 rw-p 00001000 103:02 15863105                          /usr/lib/jvm/java-12-oracle/bin/java
02108000-02129000 rw-p 00000000 00:00 0                                  [heap]
412800000-451800000 rw-p 00000000 00:00 0 
491000000-7ff800000 ---p 00000000 00:00 0 
7ff800000-7ffb00000 rw-p 00000000 00:00 0 
7ffb00000-7ffb49000 rw-p 0117f000 103:02 16002327                        /usr/lib/jvm/java-12-oracle/lib/server/classes.jsa
7ffb49000-7ffc00000 rw-p 00000000 00:00 0 
7ffc00000-7ffc72000 rw-p 0110d000 103:02 16002327                        /usr/lib/jvm/java-12-oracle/lib/server/classes.jsa
7ffc72000-800000000 rw-p 00000000 00:00 0 
800000000-800003000 rwxp 00001000 103:02 16002327                        /usr/lib/jvm/java-12-oracle/lib/server/classes.jsa
800003000-8003d0000 rw-p 00004000 103:02 16002327                        /usr/lib/jvm/java-12-oracle/lib/server/classes.jsa
8003d0000-800ad0000 r--p 003d1000 103:02 16002327                        /usr/lib/jvm/java-12-oracle/lib/server/classes.jsa
800ad0000-800ad1000 rw-p 00ad1000 103:02 16002327                        /usr/lib/jvm/java-12-oracle/lib/server/classes.jsa
800ad1000-80110c000 r--p 00ad2000 103:02 16002327                        /usr/lib/jvm/java-12-oracle/lib/server/classes.jsa
80110c000-80118c000 rw-p 00000000 00:00 0 
80118c000-84110c000 ---p 00000000 00:00 0 
7fc208000000-7fc208021000 rw-p 00000000 00:00 0 
7fc208021000-7fc20c000000 ---p 00000000 00:00 0 
7fc210000000-7fc21002a000 rw-p 00000000 00:00 0 
7fc21002a000-7fc214000000 ---p 00000000 00:00 0 
7fc214000000-7fc214029000 rw-p 00000000 00:00 0 
7fc214029000-7fc218000000 ---p 00000000 00:00 0 
7fc218000000-7fc218042000 rw-p 00000000 00:00 0 
7fc218042000-7fc21c000000 ---p 00000000 00:00 0 
7fc21c000000-7fc21c052000 rw-p 00000000 00:00 0 
7fc21c052000-7fc220000000 ---p 00000000 00:00 0 
7fc220000000-7fc22002e000 rw-p 00000000 00:00 0 
7fc22002e000-7fc224000000 ---p 00000000 00:00 0 
7fc224000000-7fc224021000 rw-p 00000000 00:00 0 
7fc224021000-7fc228000000 ---p 00000000 00:00 0 
7fc228000000-7fc228021000 rw-p 00000000 00:00 0 
7fc228021000-7fc22c000000 ---p 00000000 00:00 0 
7fc22c000000-7fc22c049000 rw-p 00000000 00:00 0 
7fc22c049000-7fc230000000 ---p 00000000 00:00 0 
7fc230000000-7fc230021000 rw-p 00000000 00:00 0 
7fc230021000-7fc234000000 ---p 00000000 00:00 0 
7fc234000000-7fc2341de000 rw-p 00000000 00:00 0 
7fc2341de000-7fc238000000 ---p 00000000 00:00 0 
7fc238000000-7fc238021000 rw-p 00000000 00:00 0 
7fc238021000-7fc23c000000 ---p 00000000 00:00 0 
7fc23c000000-7fc23c021000 rw-p 00000000 00:00 0 
7fc23c021000-7fc240000000 ---p 00000000 00:00 0 
7fc240000000-7fc240021000 rw-p 00000000 00:00 0 
7fc240021000-7fc244000000 ---p 00000000 00:00 0 
7fc244000000-7fc244021000 rw-p 00000000 00:00 0 
7fc244021000-7fc248000000 ---p 00000000 00:00 0 
7fc248000000-7fc248021000 rw-p 00000000 00:00 0 
7fc248021000-7fc24c000000 ---p 00000000 00:00 0 
7fc24c000000-7fc24c021000 rw-p 00000000 00:00 0 
7fc24c021000-7fc250000000 ---p 00000000 00:00 0 
7fc250000000-7fc250021000 rw-p 00000000 00:00 0 
7fc250021000-7fc254000000 ---p 00000000 00:00 0 
7fc254000000-7fc254021000 rw-p 00000000 00:00 0 
7fc254021000-7fc258000000 ---p 00000000 00:00 0 
7fc258000000-7fc258021000 rw-p 00000000 00:00 0 
7fc258021000-7fc25c000000 ---p 00000000 00:00 0 
7fc25c000000-7fc25c021000 rw-p 00000000 00:00 0 
7fc25c021000-7fc260000000 ---p 00000000 00:00 0 
7fc260000000-7fc260021000 rw-p 00000000 00:00 0 
7fc260021000-7fc264000000 ---p 00000000 00:00 0 
7fc264000000-7fc264021000 rw-p 00000000 00:00 0 
7fc264021000-7fc268000000 ---p 00000000 00:00 0 
7fc268000000-7fc268021000 rw-p 00000000 00:00 0 
7fc268021000-7fc26c000000 ---p 00000000 00:00 0 
7fc26c000000-7fc26c021000 rw-p 00000000 00:00 0 
7fc26c021000-7fc270000000 ---p 00000000 00:00 0 
7fc270000000-7fc270021000 rw-p 00000000 00:00 0 
7fc270021000-7fc274000000 ---p 00000000 00:00 0 
7fc274000000-7fc274021000 rw-p 00000000 00:00 0 
7fc274021000-7fc278000000 ---p 00000000 00:00 0 
7fc278000000-7fc278021000 rw-p 00000000 00:00 0 
7fc278021000-7fc27c000000 ---p 00000000 00:00 0 
7fc27c000000-7fc27c021000 rw-p 00000000 00:00 0 
7fc27c021000-7fc280000000 ---p 00000000 00:00 0 
7fc280000000-7fc28014a000 rw-p 00000000 00:00 0 
7fc28014a000-7fc284000000 ---p 00000000 00:00 0 
7fc284000000-7fc28431b000 rw-p 00000000 00:00 0 
7fc28431b000-7fc288000000 ---p 00000000 00:00 0 
7fc288000000-7fc288021000 rw-p 00000000 00:00 0 
7fc288021000-7fc28c000000 ---p 00000000 00:00 0 
7fc28c000000-7fc28c2f0000 rw-p 00000000 00:00 0 
7fc28c2f0000-7fc290000000 ---p 00000000 00:00 0 
7fc290000000-7fc290021000 rw-p 00000000 00:00 0 
7fc290021000-7fc294000000 ---p 00000000 00:00 0 
7fc294000000-7fc294021000 rw-p 00000000 00:00 0 
7fc294021000-7fc298000000 ---p 00000000 00:00 0 
7fc298000000-7fc29814a000 rw-p 00000000 00:00 0 
7fc29814a000-7fc29c000000 ---p 00000000 00:00 0 
7fc29c000000-7fc29c1de000 rw-p 00000000 00:00 0 
7fc29c1de000-7fc2a0000000 ---p 00000000 00:00 0 
7fc2a0000000-7fc2a0021000 rw-p 00000000 00:00 0 
7fc2a0021000-7fc2a4000000 ---p 00000000 00:00 0 
7fc2a4000000-7fc2a4082000 rw-p 00000000 00:00 0 
7fc2a4082000-7fc2a8000000 ---p 00000000 00:00 0 
7fc2a8000000-7fc2a86f4000 rw-p 00000000 00:00 0 
7fc2a86f4000-7fc2ac000000 ---p 00000000 00:00 0 
7fc2ac000000-7fc2ac287000 rw-p 00000000 00:00 0 
7fc2ac287000-7fc2b0000000 ---p 00000000 00:00 0 
7fc2b0000000-7fc2b0021000 rw-p 00000000 00:00 0 
7fc2b0021000-7fc2b4000000 ---p 00000000 00:00 0 
7fc2b44ba000-7fc2b44bb000 ---p 00000000 00:00 0 
7fc2b44bb000-7fc2b45bc000 rw-p 00000000 00:00 0 
7fc2b45bc000-7fc2b45bd000 ---p 00000000 00:00 0 
7fc2b45bd000-7fc2b46be000 rw-p 00000000 00:00 0 
7fc2b46be000-7fc2b46bf000 ---p 00000000 00:00 0 
7fc2b46bf000-7fc2b47c0000 rw-p 00000000 00:00 0 
7fc2b47c0000-7fc2b47c1000 ---p 00000000 00:00 0 
7fc2b47c1000-7fc2b48c2000 rw-p 00000000 00:00 0 
7fc2b48c2000-7fc2b48c3000 ---p 00000000 00:00 0 
7fc2b48c3000-7fc2b49c4000 rw-p 00000000 00:00 0 
7fc2b49c4000-7fc2b49c5000 ---p 00000000 00:00 0 
7fc2b49c5000-7fc2b4ac6000 rw-p 00000000 00:00 0 
7fc2b4ac6000-7fc2b4ac7000 ---p 00000000 00:00 0 
7fc2b4ac7000-7fc2b4bc8000 rw-p 00000000 00:00 0 
7fc2b4bc8000-7fc2b4bc9000 ---p 00000000 00:00 0 
7fc2b4bc9000-7fc2b4cca000 rw-p 00000000 00:00 0 
7fc2b4cca000-7fc2b4cce000 ---p 00000000 00:00 0 
7fc2b4cce000-7fc2b4dcb000 rw-p 00000000 00:00 0 
7fc2b4dcb000-7fc2b4dcf000 ---p 00000000 00:00 0 
7fc2b4dcf000-7fc2b4ecc000 rw-p 00000000 00:00 0 
7fc2b4ecc000-7fc2b4ed0000 ---p 00000000 00:00 0 
7fc2b4ed0000-7fc2b4fcd000 rw-p 00000000 00:00 0 
7fc2b4fcd000-7fc2b4fd1000 ---p 00000000 00:00 0 
7fc2b4fd1000-7fc2b50ce000 rw-p 00000000 00:00 0 
7fc2b50ce000-7fc2b50d2000 ---p 00000000 00:00 0 
7fc2b50d2000-7fc2b51cf000 rw-p 00000000 00:00 0 
7fc2b51cf000-7fc2b51d3000 ---p 00000000 00:00 0 
7fc2b51d3000-7fc2b52d0000 rw-p 00000000 00:00 0 
7fc2b52d0000-7fc2b52d1000 ---p 00000000 00:00 0 
7fc2b52d1000-7fc2b53d2000 rw-p 00000000 00:00 0 
7fc2b53d2000-7fc2b53d3000 ---p 00000000 00:00 0 
7fc2b53d3000-7fc2b54d4000 rw-p 00000000 00:00 0 
7fc2b54d4000-7fc2b54d5000 ---p 00000000 00:00 0 
7fc2b54d5000-7fc2b55d6000 rw-p 00000000 00:00 0 
7fc2b55d6000-7fc2b55d7000 ---p 00000000 00:00 0 
7fc2b55d7000-7fc2b56d8000 rw-p 00000000 00:00 0 
7fc2b56d8000-7fc2b56d9000 ---p 00000000 00:00 0 
7fc2b56d9000-7fc2b57da000 rw-p 00000000 00:00 0 
7fc2b57da000-7fc2b57db000 ---p 00000000 00:00 0 
7fc2b57db000-7fc2b58dc000 rw-p 00000000 00:00 0 
7fc2b58dc000-7fc2b58dd000 ---p 00000000 00:00 0 
7fc2b58dd000-7fc2b59de000 rw-p 00000000 00:00 0 
7fc2b59de000-7fc2b59df000 ---p 00000000 00:00 0 
7fc2b59df000-7fc2b5ae0000 rw-p 00000000 00:00 0 
7fc2b5ae0000-7fc2b5ae1000 ---p 00000000 00:00 0 
7fc2b5ae1000-7fc2b5be2000 rw-p 00000000 00:00 0 
7fc2b5be2000-7fc2b5be3000 ---p 00000000 00:00 0 
7fc2b5be3000-7fc2b5ce4000 rw-p 00000000 00:00 0 
7fc2b5ce4000-7fc2b5ce5000 ---p 00000000 00:00 0 
7fc2b5ce5000-7fc2b5de6000 rw-p 00000000 00:00 0 
7fc2b5de6000-7fc2b5de7000 ---p 00000000 00:00 0 
7fc2b5de7000-7fc2b5ee8000 rw-p 00000000 00:00 0 
7fc2b5ee8000-7fc2b5ee9000 ---p 00000000 00:00 0 
7fc2b5ee9000-7fc2b5fea000 rw-p 00000000 00:00 0 
7fc2b5fea000-7fc2b5feb000 ---p 00000000 00:00 0 
7fc2b5feb000-7fc2b60ec000 rw-p 00000000 00:00 0 
7fc2b60ec000-7fc2b60ed000 ---p 00000000 00:00 0 
7fc2b60ed000-7fc2b61ee000 rw-p 00000000 00:00 0 
7fc2b61ee000-7fc2b61ef000 ---p 00000000 00:00 0 
7fc2b61ef000-7fc2b62f0000 rw-p 00000000 00:00 0 
7fc2b62f0000-7fc2b62f1000 ---p 00000000 00:00 0 
7fc2b62f1000-7fc2b63f2000 rw-p 00000000 00:00 0 
7fc2b63f2000-7fc2b63f3000 ---p 00000000 00:00 0 
7fc2b63f3000-7fc2b64f4000 rw-p 00000000 00:00 0 
7fc2b64f4000-7fc2b64f5000 ---p 00000000 00:00 0 
7fc2b64f5000-7fc2b65f6000 rw-p 00000000 00:00 0 
7fc2b65f6000-7fc2b65f7000 ---p 00000000 00:00 0 
7fc2b65f7000-7fc2b66f8000 rw-p 00000000 00:00 0 
7fc2b66f8000-7fc2b66f9000 ---p 00000000 00:00 0 
7fc2b66f9000-7fc2b67fa000 rw-p 00000000 00:00 0 
7fc2b67fa000-7fc2b67fb000 ---p 00000000 00:00 0 
7fc2b67fb000-7fc2b68fc000 rw-p 00000000 00:00 0 
7fc2b68fc000-7fc2b68fd000 ---p 00000000 00:00 0 
7fc2b68fd000-7fc2b69fe000 rw-p 00000000 00:00 0 
7fc2b69fe000-7fc2b6a02000 ---p 00000000 00:00 0 
7fc2b6a02000-7fc2b6aff000 rw-p 00000000 00:00 0 
7fc2b6aff000-7fc2b6b03000 ---p 00000000 00:00 0 
7fc2b6b03000-7fc2b6c00000 rw-p 00000000 00:00 0 
7fc2b6c00000-7fc2b6c04000 ---p 00000000 00:00 0 
7fc2b6c04000-7fc2b6d01000 rw-p 00000000 00:00 0 
7fc2b6d01000-7fc2b6d17000 r-xp 00000000 103:02 16002304                  /usr/lib/jvm/java-12-oracle/lib/libnet.so
7fc2b6d17000-7fc2b6f17000 ---p 00016000 103:02 16002304                  /usr/lib/jvm/java-12-oracle/lib/libnet.so
7fc2b6f17000-7fc2b6f18000 r--p 00016000 103:02 16002304                  /usr/lib/jvm/java-12-oracle/lib/libnet.so
7fc2b6f18000-7fc2b6f19000 rw-p 00017000 103:02 16002304                  /usr/lib/jvm/java-12-oracle/lib/libnet.so
7fc2b6f19000-7fc2b6f2a000 r-xp 00000000 103:02 16002305                  /usr/lib/jvm/java-12-oracle/lib/libnio.so
7fc2b6f2a000-7fc2b7129000 ---p 00011000 103:02 16002305                  /usr/lib/jvm/java-12-oracle/lib/libnio.so
7fc2b7129000-7fc2b712a000 r--p 00010000 103:02 16002305                  /usr/lib/jvm/java-12-oracle/lib/libnio.so
7fc2b712a000-7fc2b712b000 rw-p 00011000 103:02 16002305                  /usr/lib/jvm/java-12-oracle/lib/libnio.so
7fc2b712b000-7fc2b712f000 ---p 00000000 00:00 0 
7fc2b712f000-7fc2b722c000 rw-p 00000000 00:00 0 
7fc2b722c000-7fc2b722d000 ---p 00000000 00:00 0 
7fc2b722d000-7fc2b732e000 rw-p 00000000 00:00 0 
7fc2b732e000-7fc2b7332000 ---p 00000000 00:00 0 
7fc2b7332000-7fc2b742f000 rw-p 00000000 00:00 0 
7fc2b742f000-7fc2b7433000 ---p 00000000 00:00 0 
7fc2b7433000-7fc2b7530000 rw-p 00000000 00:00 0 
7fc2b7530000-7fc2b7534000 ---p 00000000 00:00 0 
7fc2b7534000-7fc2b7631000 rw-p 00000000 00:00 0 
7fc2b7631000-7fc2b8000000 r--p 00000000 103:02 15866447                  /usr/lib/locale/locale-archive
7fc2b8000000-7fc2b8021000 rw-p 00000000 00:00 0 
7fc2b8021000-7fc2bc000000 ---p 00000000 00:00 0 
7fc2bc000000-7fc2bc021000 rw-p 00000000 00:00 0 
7fc2bc021000-7fc2c0000000 ---p 00000000 00:00 0 
7fc2c0000000-7fc2c0021000 rw-p 00000000 00:00 0 
7fc2c0021000-7fc2c4000000 ---p 00000000 00:00 0 
7fc2c4000000-7fc2c43bb000 rw-p 00000000 00:00 0 
7fc2c43bb000-7fc2c8000000 ---p 00000000 00:00 0 
7fc2c8000000-7fc2c80bd000 rw-p 00000000 00:00 0 
7fc2c80bd000-7fc2cc000000 ---p 00000000 00:00 0 
7fc2cc065000-7fc2cc069000 ---p 00000000 00:00 0 
7fc2cc069000-7fc2cc166000 rw-p 00000000 00:00 0 
7fc2cc166000-7fc2cc16a000 ---p 00000000 00:00 0 
7fc2cc16a000-7fc2cc267000 rw-p 00000000 00:00 0 
7fc2cc267000-7fc2cc26b000 ---p 00000000 00:00 0 
7fc2cc26b000-7fc2cc368000 rw-p 00000000 00:00 0 
7fc2cc368000-7fc2cc36c000 ---p 00000000 00:00 0 
7fc2cc36c000-7fc2cc469000 rw-p 00000000 00:00 0 
7fc2cc469000-7fc2cc46d000 ---p 00000000 00:00 0 
7fc2cc46d000-7fc2cc56a000 rw-p 00000000 00:00 0 
7fc2cc56a000-7fc2cc56e000 ---p 00000000 00:00 0 
7fc2cc56e000-7fc2cc66b000 rw-p 00000000 00:00 0 
7fc2cc66b000-7fc2cc66f000 ---p 00000000 00:00 0 
7fc2cc66f000-7fc2cc76c000 rw-p 00000000 00:00 0 
7fc2cc76c000-7fc2cc76d000 ---p 00000000 00:00 0 
7fc2cc76d000-7fc2ccdaf000 rw-p 00000000 00:00 0 
7fc2ccdaf000-7fc2cd0ef000 ---p 00000000 00:00 0 
7fc2cd0ef000-7fc2cd0f0000 ---p 00000000 00:00 0 
7fc2cd0f0000-7fc2cd1f1000 rw-p 00000000 00:00 0 
7fc2cd1f1000-7fc2cd1f2000 ---p 00000000 00:00 0 
7fc2cd1f2000-7fc2d0000000 rw-p 00000000 00:00 0 
7fc2d0000000-7fc2d0021000 rw-p 00000000 00:00 0 
7fc2d0021000-7fc2d4000000 ---p 00000000 00:00 0 
7fc2d4000000-7fc2d4021000 rw-p 00000000 00:00 0 
7fc2d4021000-7fc2d8000000 ---p 00000000 00:00 0 
7fc2d8000000-7fc2d8021000 rw-p 00000000 00:00 0 
7fc2d8021000-7fc2dc000000 ---p 00000000 00:00 0 
7fc2dc054000-7fc2dde72000 rw-p 00000000 00:00 0 
7fc2dde72000-7fc2dde73000 ---p 00000000 00:00 0 
7fc2dde73000-7fc2ddf74000 rw-p 00000000 00:00 0 
7fc2ddf74000-7fc2ddf75000 ---p 00000000 00:00 0 
7fc2ddf75000-7fc2de076000 rw-p 00000000 00:00 0 
7fc2de076000-7fc2de077000 ---p 00000000 00:00 0 
7fc2de077000-7fc2df629000 rw-p 00000000 00:00 0 
7fc2df629000-7fc2ee1a9000 ---p 00000000 00:00 0 
7fc2ee1a9000-7fc2ef189000 rw-p 00000000 00:00 0 
7fc2ef189000-7fc2fdd09000 ---p 00000000 00:00 0 
7fc2fdd09000-7fc2fdf21000 rw-p 00000000 00:00 0 
7fc2fdf21000-7fc2ffc91000 ---p 00000000 00:00 0 
7fc2ffc91000-7fc2ffe8d000 rw-p 00000000 00:00 0 
7fc2ffe8d000-7fc301bfd000 ---p 00000000 00:00 0 
7fc301bfd000-7fc301df9000 rw-p 00000000 00:00 0 
7fc301df9000-7fc303b69000 ---p 00000000 00:00 0 
7fc303b69000-7fc304b7d000 rw-p 00000000 00:00 0 
7fc304b7d000-7fc304e2d000 rwxp 00000000 00:00 0 
7fc304e2d000-7fc3053db000 ---p 00000000 00:00 0 
7fc3053db000-7fc30564b000 rwxp 00000000 00:00 0 
7fc30564b000-7fc30c7ac000 ---p 00000000 00:00 0 
7fc30c7ac000-7fc30ca1c000 rwxp 00000000 00:00 0 
7fc30ca1c000-7fc313b7d000 ---p 00000000 00:00 0 
7fc313b7d000-7fc31c000000 r--s 00000000 103:02 16002315                  /usr/lib/jvm/java-12-oracle/lib/modules
7fc31c000000-7fc31c4ab000 rw-p 00000000 00:00 0 
7fc31c4ab000-7fc320000000 ---p 00000000 00:00 0 
7fc320067000-7fc321be2000 rw-p 00000000 00:00 0 
7fc321be2000-7fc321cc5000 ---p 00000000 00:00 0 
7fc321cc5000-7fc321cca000 rw-p 00000000 00:00 0 
7fc321cca000-7fc321dad000 ---p 00000000 00:00 0 
7fc321dad000-7fc321dc8000 r-xp 00000000 103:02 15993627                  /usr/lib/jvm/java-12-oracle/lib/libjimage.so
7fc321dc8000-7fc321fc7000 ---p 0001b000 103:02 15993627                  /usr/lib/jvm/java-12-oracle/lib/libjimage.so
7fc321fc7000-7fc321fc9000 r--p 0001a000 103:02 15993627                  /usr/lib/jvm/java-12-oracle/lib/libjimage.so
7fc321fc9000-7fc321fca000 rw-p 0001c000 103:02 15993627                  /usr/lib/jvm/java-12-oracle/lib/libjimage.so
7fc321fca000-7fc321fd1000 r-xp 00000000 103:02 16002314                  /usr/lib/jvm/java-12-oracle/lib/libzip.so
7fc321fd1000-7fc3221d0000 ---p 00007000 103:02 16002314                  /usr/lib/jvm/java-12-oracle/lib/libzip.so
7fc3221d0000-7fc3221d1000 r--p 00006000 103:02 16002314                  /usr/lib/jvm/java-12-oracle/lib/libzip.so
7fc3221d1000-7fc3221d2000 rw-p 00007000 103:02 16002314                  /usr/lib/jvm/java-12-oracle/lib/libzip.so
7fc3221d2000-7fc3221dd000 r-xp 00000000 103:02 10490588                  /lib/x86_64-linux-gnu/libnss_files-2.27.so
7fc3221dd000-7fc3223dc000 ---p 0000b000 103:02 10490588                  /lib/x86_64-linux-gnu/libnss_files-2.27.so
7fc3223dc000-7fc3223dd000 r--p 0000a000 103:02 10490588                  /lib/x86_64-linux-gnu/libnss_files-2.27.so
7fc3223dd000-7fc3223de000 rw-p 0000b000 103:02 10490588                  /lib/x86_64-linux-gnu/libnss_files-2.27.so
7fc3223de000-7fc3223e4000 rw-p 00000000 00:00 0 
7fc3223e4000-7fc3223fb000 r-xp 00000000 103:02 10490582                  /lib/x86_64-linux-gnu/libnsl-2.27.so
7fc3223fb000-7fc3225fa000 ---p 00017000 103:02 10490582                  /lib/x86_64-linux-gnu/libnsl-2.27.so
7fc3225fa000-7fc3225fb000 r--p 00016000 103:02 10490582                  /lib/x86_64-linux-gnu/libnsl-2.27.so
7fc3225fb000-7fc3225fc000 rw-p 00017000 103:02 10490582                  /lib/x86_64-linux-gnu/libnsl-2.27.so
7fc3225fc000-7fc3225fe000 rw-p 00000000 00:00 0 
7fc3225fe000-7fc322609000 r-xp 00000000 103:02 10490599                  /lib/x86_64-linux-gnu/libnss_nis-2.27.so
7fc322609000-7fc322808000 ---p 0000b000 103:02 10490599                  /lib/x86_64-linux-gnu/libnss_nis-2.27.so
7fc322808000-7fc322809000 r--p 0000a000 103:02 10490599                  /lib/x86_64-linux-gnu/libnss_nis-2.27.so
7fc322809000-7fc32280a000 rw-p 0000b000 103:02 10490599                  /lib/x86_64-linux-gnu/libnss_nis-2.27.so
7fc32280a000-7fc322812000 r-xp 00000000 103:02 10490584                  /lib/x86_64-linux-gnu/libnss_compat-2.27.so
7fc322812000-7fc322a12000 ---p 00008000 103:02 10490584                  /lib/x86_64-linux-gnu/libnss_compat-2.27.so
7fc322a12000-7fc322a13000 r--p 00008000 103:02 10490584                  /lib/x86_64-linux-gnu/libnss_compat-2.27.so
7fc322a13000-7fc322a14000 rw-p 00009000 103:02 10490584                  /lib/x86_64-linux-gnu/libnss_compat-2.27.so
7fc322a14000-7fc322a3c000 r-xp 00000000 103:02 15993623                  /usr/lib/jvm/java-12-oracle/lib/libjava.so
7fc322a3c000-7fc322c3b000 ---p 00028000 103:02 15993623                  /usr/lib/jvm/java-12-oracle/lib/libjava.so
7fc322c3b000-7fc322c3c000 r--p 00027000 103:02 15993623                  /usr/lib/jvm/java-12-oracle/lib/libjava.so
7fc322c3c000-7fc322c3e000 rw-p 00028000 103:02 15993623                  /usr/lib/jvm/java-12-oracle/lib/libjava.so
7fc322c3e000-7fc322c4b000 r-xp 00000000 103:02 16002313                  /usr/lib/jvm/java-12-oracle/lib/libverify.so
7fc322c4b000-7fc322e4a000 ---p 0000d000 103:02 16002313                  /usr/lib/jvm/java-12-oracle/lib/libverify.so
7fc322e4a000-7fc322e4c000 r--p 0000c000 103:02 16002313                  /usr/lib/jvm/java-12-oracle/lib/libverify.so
7fc322e4c000-7fc322e4d000 rw-p 0000e000 103:02 16002313                  /usr/lib/jvm/java-12-oracle/lib/libverify.so
7fc322e4d000-7fc322e54000 r-xp 00000000 103:02 10490639                  /lib/x86_64-linux-gnu/librt-2.27.so
7fc322e54000-7fc323053000 ---p 00007000 103:02 10490639                  /lib/x86_64-linux-gnu/librt-2.27.so
7fc323053000-7fc323054000 r--p 00006000 103:02 10490639                  /lib/x86_64-linux-gnu/librt-2.27.so
7fc323054000-7fc323055000 rw-p 00007000 103:02 10490639                  /lib/x86_64-linux-gnu/librt-2.27.so
7fc323055000-7fc3231f2000 r-xp 00000000 103:02 10490561                  /lib/x86_64-linux-gnu/libm-2.27.so
7fc3231f2000-7fc3233f1000 ---p 0019d000 103:02 10490561                  /lib/x86_64-linux-gnu/libm-2.27.so
7fc3233f1000-7fc3233f2000 r--p 0019c000 103:02 10490561                  /lib/x86_64-linux-gnu/libm-2.27.so
7fc3233f2000-7fc3233f3000 rw-p 0019d000 103:02 10490561                  /lib/x86_64-linux-gnu/libm-2.27.so
7fc3233f3000-7fc324556000 r-xp 00000000 103:02 16002329                  /usr/lib/jvm/java-12-oracle/lib/server/libjvm.so
7fc324556000-7fc324756000 ---p 01163000 103:02 16002329                  /usr/lib/jvm/java-12-oracle/lib/server/libjvm.so
7fc324756000-7fc324817000 r--p 01163000 103:02 16002329                  /usr/lib/jvm/java-12-oracle/lib/server/libjvm.so
7fc324817000-7fc324850000 rw-p 01224000 103:02 16002329                  /usr/lib/jvm/java-12-oracle/lib/server/libjvm.so
7fc324850000-7fc3248d3000 rw-p 00000000 00:00 0 
7fc3248d3000-7fc324aba000 r-xp 00000000 103:02 10490498                  /lib/x86_64-linux-gnu/libc-2.27.so
7fc324aba000-7fc324cba000 ---p 001e7000 103:02 10490498                  /lib/x86_64-linux-gnu/libc-2.27.so
7fc324cba000-7fc324cbe000 r--p 001e7000 103:02 10490498                  /lib/x86_64-linux-gnu/libc-2.27.so
7fc324cbe000-7fc324cc0000 rw-p 001eb000 103:02 10490498                  /lib/x86_64-linux-gnu/libc-2.27.so
7fc324cc0000-7fc324cc4000 rw-p 00000000 00:00 0 
7fc324cc4000-7fc324cc7000 r-xp 00000000 103:02 10490521                  /lib/x86_64-linux-gnu/libdl-2.27.so
7fc324cc7000-7fc324ec6000 ---p 00003000 103:02 10490521                  /lib/x86_64-linux-gnu/libdl-2.27.so
7fc324ec6000-7fc324ec7000 r--p 00002000 103:02 10490521                  /lib/x86_64-linux-gnu/libdl-2.27.so
7fc324ec7000-7fc324ec8000 rw-p 00003000 103:02 10490521                  /lib/x86_64-linux-gnu/libdl-2.27.so
7fc324ec8000-7fc324ee2000 r-xp 00000000 103:02 10490631                  /lib/x86_64-linux-gnu/libpthread-2.27.so
7fc324ee2000-7fc3250e1000 ---p 0001a000 103:02 10490631                  /lib/x86_64-linux-gnu/libpthread-2.27.so
7fc3250e1000-7fc3250e2000 r--p 00019000 103:02 10490631                  /lib/x86_64-linux-gnu/libpthread-2.27.so
7fc3250e2000-7fc3250e3000 rw-p 0001a000 103:02 10490631                  /lib/x86_64-linux-gnu/libpthread-2.27.so
7fc3250e3000-7fc3250e7000 rw-p 00000000 00:00 0 
7fc3250e7000-7fc3250f7000 r-xp 00000000 103:02 15993628                  /usr/lib/jvm/java-12-oracle/lib/libjli.so
7fc3250f7000-7fc3252f6000 ---p 00010000 103:02 15993628                  /usr/lib/jvm/java-12-oracle/lib/libjli.so
7fc3252f6000-7fc3252f7000 r--p 0000f000 103:02 15993628                  /usr/lib/jvm/java-12-oracle/lib/libjli.so
7fc3252f7000-7fc3252f8000 rw-p 00010000 103:02 15993628                  /usr/lib/jvm/java-12-oracle/lib/libjli.so
7fc3252f8000-7fc325314000 r-xp 00000000 103:02 10490670                  /lib/x86_64-linux-gnu/libz.so.1.2.11
7fc325314000-7fc325513000 ---p 0001c000 103:02 10490670                  /lib/x86_64-linux-gnu/libz.so.1.2.11
7fc325513000-7fc325514000 r--p 0001b000 103:02 10490670                  /lib/x86_64-linux-gnu/libz.so.1.2.11
7fc325514000-7fc325515000 rw-p 0001c000 103:02 10490670                  /lib/x86_64-linux-gnu/libz.so.1.2.11
7fc325515000-7fc32553c000 r-xp 00000000 103:02 10490470                  /lib/x86_64-linux-gnu/ld-2.27.so
7fc325551000-7fc325616000 rw-p 00000000 00:00 0 
7fc325616000-7fc325621000 ---p 00000000 00:00 0 
7fc325621000-7fc325625000 ---p 00000000 00:00 0 
7fc325625000-7fc325726000 rw-p 00000000 00:00 0 
7fc325731000-7fc325739000 rw-s 00000000 103:02 13369607                  /tmp/hsperfdata_rflachlan/39982
7fc325739000-7fc32573a000 ---p 00000000 00:00 0 
7fc32573a000-7fc32573b000 r--p 00000000 00:00 0 
7fc32573b000-7fc32573c000 ---p 00000000 00:00 0 
7fc32573c000-7fc32573d000 r--p 00027000 103:02 10490470                  /lib/x86_64-linux-gnu/ld-2.27.so
7fc32573d000-7fc32573e000 rw-p 00028000 103:02 10490470                  /lib/x86_64-linux-gnu/ld-2.27.so
7fc32573e000-7fc32573f000 rw-p 00000000 00:00 0 
7fff0d741000-7fff0d762000 rw-p 00000000 00:00 0                          [stack]
7fff0d7dd000-7fff0d7e0000 r--p 00000000 00:00 0                          [vvar]
7fff0d7e0000-7fff0d7e2000 r-xp 00000000 00:00 0                          [vdso]
ffffffffff600000-ffffffffff601000 r-xp 00000000 00:00 0                  [vsyscall]


VM Arguments:
java_command: /home/rflachlan/Dropbox/ChaffTenerife//ChaffinchABC.jar 209 17 0 -3687252686224057650 /home/rflachlan/Dropbox/ChaffTenerife/
java_class_path (initial): /home/rflachlan/Dropbox/ChaffTenerife//ChaffinchABC.jar
Launcher Type: SUN_STANDARD

[Global flags]
     intx CICompilerCount                          = 18                                        {product} {ergonomic}
     uint ConcGCThreads                            = 11                                        {product} {ergonomic}
     uint G1ConcRefinementThreads                  = 43                                        {product} {ergonomic}
   size_t G1HeapRegionSize                         = 4194304                                   {product} {ergonomic}
    uintx GCDrainStackTargetSize                   = 64                                        {product} {ergonomic}
   size_t InitialHeapSize                          = 1056964608                                {product} {ergonomic}
   size_t MarkStackSize                            = 4194304                                   {product} {ergonomic}
   size_t MaxHeapSize                              = 16869490688                               {product} {ergonomic}
   size_t MaxNewSize                               = 10120855552                               {product} {ergonomic}
   size_t MinHeapDeltaBytes                        = 4194304                                   {product} {ergonomic}
    uintx NonNMethodCodeHeapSize                   = 8769992                                {pd product} {ergonomic}
    uintx NonProfiledCodeHeapSize                  = 121444124                              {pd product} {ergonomic}
    uintx ProfiledCodeHeapSize                     = 121444124                              {pd product} {ergonomic}
    uintx ReservedCodeCacheSize                    = 251658240                              {pd product} {ergonomic}
     bool SegmentedCodeCache                       = true                                      {product} {ergonomic}
     bool UseCompressedClassPointers               = true                                 {lp64_product} {ergonomic}
     bool UseCompressedOops                        = true                                 {lp64_product} {ergonomic}
     bool UseG1GC                                  = true                                      {product} {ergonomic}

Logging:
Log output configuration:
 #0: stdout all=warning uptime,level,tags
 #1: stderr all=off uptime,level,tags

Environment Variables:
JAVA_HOME=/usr/lib/jvm/java-12-oracle
PATH=/usr/local/sbin:/usr/local/bin:/usr/sbin:/usr/bin:/sbin:/bin:/usr/games:/usr/local/games:/snap/bin:/usr/lib/jvm/java-12-oracle/bin:/usr/lib/jvm/java-12-oracle/db/bin
USERNAME=rflachlan
SHELL=/bin/bash
DISPLAY=:0

Signal Handlers:
SIGSEGV: [libjvm.so+0xe44380], sa_mask[0]=11111111011111111101111111111110, sa_flags=SA_RESTART|SA_SIGINFO
SIGBUS: [libjvm.so+0xe44380], sa_mask[0]=11111111011111111101111111111110, sa_flags=SA_RESTART|SA_SIGINFO
SIGFPE: [libjvm.so+0xe44380], sa_mask[0]=11111111011111111101111111111110, sa_flags=SA_RESTART|SA_SIGINFO
SIGPIPE: [libjvm.so+0xbf3e70], sa_mask[0]=11111111011111111101111111111110, sa_flags=SA_RESTART|SA_SIGINFO
SIGXFSZ: [libjvm.so+0xbf3e70], sa_mask[0]=11111111011111111101111111111110, sa_flags=SA_RESTART|SA_SIGINFO
SIGILL: [libjvm.so+0xe44380], sa_mask[0]=11111111011111111101111111111110, sa_flags=SA_RESTART|SA_SIGINFO
SIGUSR2: [libjvm.so+0xbf3d10], sa_mask[0]=00100000000000000000000000000000, sa_flags=SA_RESTART|SA_SIGINFO
SIGHUP: [libjvm.so+0xbf4070], sa_mask[0]=11111111011111111101111111111110, sa_flags=SA_RESTART|SA_SIGINFO
SIGINT: SIG_IGN, sa_mask[0]=00000000000000000000000000000000, sa_flags=none
SIGTERM: [libjvm.so+0xbf4070], sa_mask[0]=11111111011111111101111111111110, sa_flags=SA_RESTART|SA_SIGINFO
SIGQUIT: [libjvm.so+0xbf4070], sa_mask[0]=11111111011111111101111111111110, sa_flags=SA_RESTART|SA_SIGINFO


---------------  S Y S T E M  ---------------

OS:DISTRIB_ID=Ubuntu
DISTRIB_RELEASE=18.04
DISTRIB_CODENAME=bionic
DISTRIB_DESCRIPTION="Ubuntu 18.04.2 LTS"
uname:Linux 4.15.0-54-generic #58-Ubuntu SMP Mon Jun 24 10:55:24 UTC 2019 x86_64
libc:glibc 2.27 NPTL 2.27 
rlimit: STACK 8192k, CORE 0k, NPROC 256635, NOFILE 4096, AS infinity, DATA infinity, FSIZE infinity
load average:79.98 60.72 38.53

/proc/meminfo:
MemTotal:       65882016 kB
MemFree:          936692 kB
MemAvailable:     738952 kB
Buffers:           10072 kB
Cached:           269284 kB
SwapCached:         6288 kB
Active:         59837384 kB
Inactive:        3583308 kB
Active(anon):   59793496 kB
Inactive(anon):  3460440 kB
Active(file):      43888 kB
Inactive(file):   122868 kB
Unevictable:          16 kB
Mlocked:              16 kB
SwapTotal:       2097148 kB
SwapFree:             84 kB
Dirty:              2812 kB
Writeback:             0 kB
AnonPages:      63139944 kB
Mapped:           202776 kB
Shmem:            108252 kB
Slab:             664416 kB
SReclaimable:     154096 kB
SUnreclaim:       510320 kB
KernelStack:      111680 kB
PageTables:       257316 kB
NFS_Unstable:          0 kB
Bounce:                0 kB
WritebackTmp:          0 kB
CommitLimit:    35038156 kB
Committed_AS:   95552136 kB
VmallocTotal:   34359738367 kB
VmallocUsed:           0 kB
VmallocChunk:          0 kB
HardwareCorrupted:     0 kB
AnonHugePages:         0 kB
ShmemHugePages:        0 kB
ShmemPmdMapped:        0 kB
CmaTotal:              0 kB
CmaFree:               0 kB
HugePages_Total:       0
HugePages_Free:        0
HugePages_Rsvd:        0
HugePages_Surp:        0
Hugepagesize:       2048 kB
DirectMap4k:      697368 kB
DirectMap2M:    25387008 kB
DirectMap1G:    40894464 kB


/proc/sys/kernel/threads-max (system-wide limit on the number of threads):
513271


/proc/sys/vm/max_map_count (maximum number of memory map areas a process may have):
65530


/proc/sys/kernel/pid_max (system-wide limit on number of process identifiers):
131072



container (cgroup) information:
container_type: cgroupv1
cpu_cpuset_cpus: 0-63
cpu_memory_nodes: 0,2
active_processor_count: 64
cpu_quota: -1
cpu_period: 100000
cpu_shares: -1
memory_limit_in_bytes: -1
memory_and_swap_limit_in_bytes: -2
memory_soft_limit_in_bytes: -1
memory_usage_in_bytes: 64957456384
memory_max_usage_in_bytes: 227281629184


CPU:total 64 (initial active 64) (64 cores per cpu, 2 threads per core) family 23 model 8 stepping 2, cmov, cx8, fxsr, mmx, sse, sse2, sse3, ssse3, sse4.1, sse4.2, popcnt, avx, avx2, aes, clmul, mmxext, 3dnowpref, lzcnt, sse4a, ht, tsc, tscinvbit, tscinv, bmi1, bmi2, adx, sha, fma
CPU Model and flags from /proc/cpuinfo:
model name	: AMD Ryzen Threadripper 2990WX 32-Core Processor
flags		: fpu vme de pse tsc msr pae mce cx8 apic sep mtrr pge mca cmov pat pse36 clflush mmx fxsr sse sse2 ht syscall nx mmxext fxsr_opt pdpe1gb rdtscp lm constant_tsc rep_good nopl nonstop_tsc cpuid extd_apicid amd_dcm aperfmperf pni pclmulqdq monitor ssse3 fma cx16 sse4_1 sse4_2 movbe popcnt aes xsave avx f16c rdrand lahf_lm cmp_legacy svm extapic cr8_legacy abm sse4a misalignsse 3dnowprefetch osvw skinit wdt tce topoext perfctr_core perfctr_nb bpext perfctr_llc mwaitx cpb hw_pstate sme ssbd ibpb vmmcall fsgsbase bmi1 avx2 smep bmi2 rdseed adx smap clflushopt sha_ni xsaveopt xsavec xgetbv1 xsaves clzero irperf xsaveerptr arat npt lbrv svm_lock nrip_save tsc_scale vmcb_clean flushbyasid decodeassists pausefilter pfthreshold avic v_vmsave_vmload vgif overflow_recov succor smca

Memory: 4k page, physical 65882016k(936692k free), swap 2097148k(84k free)

vm_info: Java HotSpot(TM) 64-Bit Server VM (12.0.2+10) for linux-amd64 JRE (12.0.2+10), built on Jul 16 2019 00:56:35 by "mach5one" with gcc 7.3.0

END.
