#
# There is insufficient memory for the Java Runtime Environment to continue.
# Native memory allocation (mmap) failed to map 1279262720 bytes for committing reserved memory.
# Possible reasons:
#   The system is out of physical RAM or swap space
#   The process is running with CompressedOops enabled, and the Java Heap may be blocking the growth of the native heap
# Possible solutions:
#   Reduce memory load on the system
#   Increase physical memory or swap space
#   Check if swap backing store is full
#   Decrease Java heap size (-Xmx/-Xms)
#   Decrease number of Java threads
#   Decrease Java thread stack sizes (-Xss)
#   Set larger code cache with -XX:ReservedCodeCacheSize=
#   JVM is running with Zero Based Compressed Oops mode in which the Java heap is
#     placed in the first 32GB address space. The Java Heap base address is the
#     maximum limit for the native heap growth. Please use -XX:HeapBaseMinAddress
#     to set the Java Heap base and to place the Java Heap above 32GB virtual address.
# This output file may be truncated or incomplete.
#
#  Out of Memory Error (os_linux.cpp:2659), pid=39980, tid=40117
#
# JRE version: Java(TM) SE Runtime Environment (12.0.2+10) (build 12.0.2+10)
# Java VM: Java HotSpot(TM) 64-Bit Server VM (12.0.2+10, mixed mode, sharing, tiered, compressed oops, g1 gc, linux-amd64)
# Core dump will be written. Default location: Core dumps may be processed with "/usr/share/apport/apport %p %s %c %d %P" (or dumping to /home/rflachlan/NetBeansProjects/ChaffinchABC/core.39980)
#

---------------  S U M M A R Y ------------

Command Line: /home/rflachlan/Dropbox/ChaffTenerife//ChaffinchABC.jar 209 18 0 1004287016345145504 /home/rflachlan/Dropbox/ChaffTenerife/

Host: AMD Ryzen Threadripper 2990WX 32-Core Processor, 64 cores, 62G, Ubuntu 18.04.2 LTS
Time: Wed Aug 21 11:14:02 2019 BST elapsed time: 91 seconds (0d 0h 1m 31s)

---------------  T H R E A D  ---------------

Current thread (0x00007fb8bc327000):  VMThread "VM Thread" [stack: 0x00007fb86b1fe000,0x00007fb86b2fe000] [id=40117]

Stack: [0x00007fb86b1fe000,0x00007fb86b2fe000],  sp=0x00007fb86b2fbf40,  free space=1015k
Native frames: (J=compiled Java code, A=aot compiled Java code, j=interpreted, Vv=VM code, C=native code)
V  [libjvm.so+0xe429e0]  VMError::report_and_die(int, char const*, char const*, __va_list_tag*, Thread*, unsigned char*, void*, void*, char const*, int, unsigned long)+0x310
V  [libjvm.so+0xe435ab]  VMError::report_and_die(Thread*, char const*, int, unsigned long, VMErrorType, char const*, __va_list_tag*)+0x2b
V  [libjvm.so+0x65d4b5]  report_vm_out_of_memory(char const*, int, unsigned long, VMErrorType, char const*, ...)+0xd5
V  [libjvm.so+0xbf7f38]  os::pd_commit_memory_or_exit(char*, unsigned long, unsigned long, bool, char const*)+0x108
V  [libjvm.so+0xbef71d]  os::commit_memory_or_exit(char*, unsigned long, unsigned long, bool, char const*)+0x1d
V  [libjvm.so+0x786ecc]  G1PageBasedVirtualSpace::commit_preferred_pages(unsigned long, unsigned long)+0x6c
V  [libjvm.so+0x787264]  G1PageBasedVirtualSpace::commit(unsigned long, unsigned long)+0x154
V  [libjvm.so+0x795030]  G1RegionsLargerThanCommitSizeMapper::commit_regions(unsigned int, unsigned long, WorkGang*)+0x40
V  [libjvm.so+0x8164b0]  HeapRegionManager::commit_regions(unsigned int, unsigned long, WorkGang*)+0x80
V  [libjvm.so+0x81720f]  HeapRegionManager::make_regions_available(unsigned int, unsigned int, WorkGang*)+0x3f
V  [libjvm.so+0x817789]  HeapRegionManager::expand_at(unsigned int, unsigned int, WorkGang*)+0x119
V  [libjvm.so+0x73c5f0]  G1CollectedHeap::expand(unsigned long, WorkGang*, double*)+0xe0
V  [libjvm.so+0x741b12]  G1CollectedHeap::do_collection_pause_at_safepoint(double)+0x9d2
V  [libjvm.so+0x7a8521]  VM_G1CollectForAllocation::doit()+0x81
V  [libjvm.so+0xe44fc7]  VM_Operation::evaluate()+0xe7
V  [libjvm.so+0xe4aebf]  VMThread::evaluate_operation(VM_Operation*) [clone .constprop.63]+0xff
V  [libjvm.so+0xe4b421]  VMThread::loop()+0x411
V  [libjvm.so+0xe4b873]  VMThread::run()+0x73
V  [libjvm.so+0xdd0b8f]  Thread::call_run()+0x16f
V  [libjvm.so+0xbfdc6e]  thread_native_entry(Thread*)+0xee

VM_Operation (0x00007fb8c4162460): G1CollectForAllocation, mode: safepoint, requested by thread 0x00007fb8bc012800


---------------  P R O C E S S  ---------------

Threads class SMR info:
_java_thread_list=0x00007fb83c0021b0, length=9, elements={
0x00007fb8bc012800, 0x00007fb8bc32a000, 0x00007fb8bc32c000, 0x00007fb8bc331000,
0x00007fb8bc333800, 0x00007fb8bc335800, 0x00007fb8bc337800, 0x00007fb8bc368000,
0x00007fb8bc36d000
}

Java Threads: ( => current thread )
  0x00007fb8bc012800 JavaThread "main" [_thread_blocked, id=40002, stack(0x00007fb8c4063000,0x00007fb8c4164000)]
  0x00007fb8bc32a000 JavaThread "Reference Handler" daemon [_thread_blocked, id=40123, stack(0x00007fb86b0fb000,0x00007fb86b1fc000)]
  0x00007fb8bc32c000 JavaThread "Finalizer" daemon [_thread_blocked, id=40181, stack(0x00007fb86affa000,0x00007fb86b0fb000)]
  0x00007fb8bc331000 JavaThread "Signal Dispatcher" daemon [_thread_blocked, id=40208, stack(0x00007fb86a52a000,0x00007fb86a62b000)]
  0x00007fb8bc333800 JavaThread "C2 CompilerThread0" daemon [_thread_blocked, id=40217, stack(0x00007fb86a429000,0x00007fb86a52a000)]
  0x00007fb8bc335800 JavaThread "C1 CompilerThread0" daemon [_thread_blocked, id=40235, stack(0x00007fb86a328000,0x00007fb86a429000)]
  0x00007fb8bc337800 JavaThread "Sweeper thread" daemon [_thread_blocked, id=40271, stack(0x00007fb86a227000,0x00007fb86a328000)]
  0x00007fb8bc368000 JavaThread "Service Thread" daemon [_thread_blocked, id=40409, stack(0x00007fb869c21000,0x00007fb869d22000)]
  0x00007fb8bc36d000 JavaThread "Common-Cleaner" daemon [_thread_blocked, id=40487, stack(0x00007fb869a1e000,0x00007fb869b1f000)]

Other Threads:
=>0x00007fb8bc327000 VMThread "VM Thread" [stack: 0x00007fb86b1fe000,0x00007fb86b2fe000] [id=40117]
  0x00007fb8bc36b000 WatcherThread [stack: 0x00007fb869b21000,0x00007fb869c21000] [id=40455]
  0x00007fb8bc06e800 GCTaskThread "GC Thread#0" [stack: 0x00007fb87cb63000,0x00007fb87cc63000] [id=40016]
  0x00007fb860001000 GCTaskThread "GC Thread#1" [stack: 0x00007fb8690f0000,0x00007fb8691f0000] [id=40706]
  0x00007fb860002000 GCTaskThread "GC Thread#2" [stack: 0x00007fb868fee000,0x00007fb8690ee000] [id=40714]
  0x00007fb860003000 GCTaskThread "GC Thread#3" [stack: 0x00007fb868eec000,0x00007fb868fec000] [id=40718]
  0x00007fb860004000 GCTaskThread "GC Thread#4" [stack: 0x00007fb868dea000,0x00007fb868eea000] [id=40723]
  0x00007fb860005000 GCTaskThread "GC Thread#5" [stack: 0x00007fb868ce8000,0x00007fb868de8000] [id=40735]
  0x00007fb860006000 GCTaskThread "GC Thread#6" [stack: 0x00007fb868be6000,0x00007fb868ce6000] [id=40745]
  0x00007fb860007800 GCTaskThread "GC Thread#7" [stack: 0x00007fb868ae4000,0x00007fb868be4000] [id=40756]
  0x00007fb860009800 GCTaskThread "GC Thread#8" [stack: 0x00007fb8689e2000,0x00007fb868ae2000] [id=40758]
  0x00007fb86000b000 GCTaskThread "GC Thread#9" [stack: 0x00007fb8688e0000,0x00007fb8689e0000] [id=40772]
  0x00007fb86000c800 GCTaskThread "GC Thread#10" [stack: 0x00007fb8687de000,0x00007fb8688de000] [id=40780]
  0x00007fb86000e000 GCTaskThread "GC Thread#11" [stack: 0x00007fb8686dc000,0x00007fb8687dc000] [id=40782]
  0x00007fb86000f800 GCTaskThread "GC Thread#12" [stack: 0x00007fb8685da000,0x00007fb8686da000] [id=40786]
  0x00007fb860011000 GCTaskThread "GC Thread#13" [stack: 0x00007fb8684d8000,0x00007fb8685d8000] [id=40787]
  0x00007fb860012800 GCTaskThread "GC Thread#14" [stack: 0x00007fb8683d6000,0x00007fb8684d6000] [id=40792]
  0x00007fb860014000 GCTaskThread "GC Thread#15" [stack: 0x00007fb8682d4000,0x00007fb8683d4000] [id=40794]
  0x00007fb860015800 GCTaskThread "GC Thread#16" [stack: 0x00007fb8681d2000,0x00007fb8682d2000] [id=40801]
  0x00007fb860017000 GCTaskThread "GC Thread#17" [stack: 0x00007fb8680d0000,0x00007fb8681d0000] [id=40802]
  0x00007fb860018800 GCTaskThread "GC Thread#18" [stack: 0x00007fb7e3f00000,0x00007fb7e4000000] [id=40808]
  0x00007fb86001a000 GCTaskThread "GC Thread#19" [stack: 0x00007fb7e3dfe000,0x00007fb7e3efe000] [id=40818]
  0x00007fb86001b800 GCTaskThread "GC Thread#20" [stack: 0x00007fb7e3cfc000,0x00007fb7e3dfc000] [id=40859]
  0x00007fb86001d000 GCTaskThread "GC Thread#21" [stack: 0x00007fb7e3bfa000,0x00007fb7e3cfa000] [id=40872]
  0x00007fb86001e800 GCTaskThread "GC Thread#22" [stack: 0x00007fb7e3af8000,0x00007fb7e3bf8000] [id=40888]
  0x00007fb860020000 GCTaskThread "GC Thread#23" [stack: 0x00007fb7e39f6000,0x00007fb7e3af6000] [id=40893]
  0x00007fb86006f800 GCTaskThread "GC Thread#24" [stack: 0x00007fb7e31e7000,0x00007fb7e32e7000] [id=41886]
  0x00007fb860070800 GCTaskThread "GC Thread#25" [stack: 0x00007fb7e30e5000,0x00007fb7e31e5000] [id=41887]
  0x00007fb860072000 GCTaskThread "GC Thread#26" [stack: 0x00007fb7e2fe3000,0x00007fb7e30e3000] [id=41888]
  0x00007fb860073000 GCTaskThread "GC Thread#27" [stack: 0x00007fb7e2ee1000,0x00007fb7e2fe1000] [id=41889]
  0x00007fb860074800 GCTaskThread "GC Thread#28" [stack: 0x00007fb7e2ddf000,0x00007fb7e2edf000] [id=41890]
  0x00007fb8bc088800 ConcurrentGCThread "G1 Main Marker" [stack: 0x00007fb87ca61000,0x00007fb87cb61000] [id=40018]
  0x00007fb8bc08a000 ConcurrentGCThread "G1 Conc#0" [stack: 0x00007fb87c95f000,0x00007fb87ca5f000] [id=40024]
  0x00007fb8bc2a5800 ConcurrentGCThread "G1 Refine#0" [stack: 0x00007fb86bcde000,0x00007fb86bdde000] [id=40055]
  0x00007fb864001000 ConcurrentGCThread "G1 Refine#1" [stack: 0x00007fb7e37f3000,0x00007fb7e38f3000] [id=41877]
  0x00007fb83c02f000 ConcurrentGCThread "G1 Refine#2" [stack: 0x00007fb7e36f1000,0x00007fb7e37f1000] [id=41878]
  0x00007fb834248000 ConcurrentGCThread "G1 Refine#3" [stack: 0x00007fb7e35ef000,0x00007fb7e36ef000] [id=41879]
  0x00007fb8380ed000 ConcurrentGCThread "G1 Refine#4" [stack: 0x00007fb7e34ed000,0x00007fb7e35ed000] [id=41880]
  0x00007fb7c8001000 ConcurrentGCThread "G1 Refine#5" [stack: 0x00007fb7e33eb000,0x00007fb7e34eb000] [id=41881]
  0x00007fb7bc001000 ConcurrentGCThread "G1 Refine#6" [stack: 0x00007fb7e32e9000,0x00007fb7e33e9000] [id=41883]
  0x00007fb7c0001000 ConcurrentGCThread "G1 Refine#7" [stack: 0x00007fb7e2cdd000,0x00007fb7e2ddd000] [id=41891]
  0x00007fb7a4001000 ConcurrentGCThread "G1 Refine#8" [stack: 0x00007fb7e2bdb000,0x00007fb7e2cdb000] [id=41946]
  0x00007fb8bc2a7000 ConcurrentGCThread "G1 Young RemSet Sampling" [stack: 0x00007fb86bbdc000,0x00007fb86bcdc000] [id=40064]

Threads with active compile tasks:

VM state:at safepoint (normal execution)

VM Mutex/Monitor currently owned by a thread:  ([mutex/lock_event])
[0x00007fb8bc00e5a0] Threads_lock - owner thread: 0x00007fb8bc327000
[0x00007fb8bc00ed80] Heap_lock - owner thread: 0x00007fb8bc012800

Heap address: 0x0000000412800000, size: 16088 MB, Compressed Oops mode: Zero based, Oop shift amount: 3
Narrow klass base: 0x0000000800000000, Narrow klass shift: 3
Compressed class space size: 1073741824 Address: 0x000000080110c000

Heap:
 garbage-first heap   total 2498560K, used 504676K [0x0000000412800000, 0x0000000800000000)
  region size 4096K, 2 young (8192K), 2 survivors (8192K)
 Metaspace       used 1089K, capacity 5017K, committed 5376K, reserved 1056768K
  class space    used 56K, capacity 424K, committed 512K, reserved 1048576K
Heap Regions: E=young(eden), S=young(survivor), O=old, HS=humongous(starts), HC=humongous(continues), CS=collection set, F=free, A=archive, TAMS=top-at-mark-start (previous, next)
|   0|0x0000000412800000, 0x0000000412c00000, 0x0000000412c00000|100%| O|  |TAMS 0x0000000412800000, 0x0000000412800000| Untracked 
|   1|0x0000000412c00000, 0x0000000413000000, 0x0000000413000000|100%| O|  |TAMS 0x0000000412c00000, 0x0000000412c00000| Untracked 
|   2|0x0000000413000000, 0x0000000413400000, 0x0000000413400000|100%| O|  |TAMS 0x0000000413000000, 0x0000000413000000| Untracked 
|   3|0x0000000413400000, 0x0000000413800000, 0x0000000413800000|100%| O|  |TAMS 0x0000000413400000, 0x0000000413400000| Untracked 
|   4|0x0000000413800000, 0x0000000413c00000, 0x0000000413c00000|100%| O|  |TAMS 0x0000000413800000, 0x0000000413800000| Untracked 
|   5|0x0000000413c00000, 0x0000000414000000, 0x0000000414000000|100%| O|  |TAMS 0x0000000413c00000, 0x0000000413c00000| Untracked 
|   6|0x0000000414000000, 0x0000000414400000, 0x0000000414400000|100%| O|  |TAMS 0x0000000414000000, 0x0000000414000000| Untracked 
|   7|0x0000000414400000, 0x0000000414800000, 0x0000000414800000|100%| O|  |TAMS 0x0000000414400000, 0x0000000414400000| Untracked 
|   8|0x0000000414800000, 0x0000000414c00000, 0x0000000414c00000|100%| O|  |TAMS 0x0000000414800000, 0x0000000414800000| Untracked 
|   9|0x0000000414c00000, 0x0000000415000000, 0x0000000415000000|100%| O|  |TAMS 0x0000000414c00000, 0x0000000414c00000| Untracked 
|  10|0x0000000415000000, 0x0000000415400000, 0x0000000415400000|100%| O|  |TAMS 0x0000000415000000, 0x0000000415000000| Untracked 
|  11|0x0000000415400000, 0x0000000415800000, 0x0000000415800000|100%| O|  |TAMS 0x0000000415400000, 0x0000000415400000| Untracked 
|  12|0x0000000415800000, 0x0000000415c00000, 0x0000000415c00000|100%| O|  |TAMS 0x0000000415800000, 0x0000000415800000| Untracked 
|  13|0x0000000415c00000, 0x0000000416000000, 0x0000000416000000|100%| O|  |TAMS 0x0000000415c00000, 0x0000000415c00000| Untracked 
|  14|0x0000000416000000, 0x0000000416400000, 0x0000000416400000|100%| O|  |TAMS 0x0000000416000000, 0x0000000416000000| Untracked 
|  15|0x0000000416400000, 0x0000000416800000, 0x0000000416800000|100%| O|  |TAMS 0x0000000416400000, 0x0000000416400000| Untracked 
|  16|0x0000000416800000, 0x0000000416c00000, 0x0000000416c00000|100%| O|  |TAMS 0x0000000416800000, 0x0000000416800000| Untracked 
|  17|0x0000000416c00000, 0x0000000417000000, 0x0000000417000000|100%| O|  |TAMS 0x0000000416c00000, 0x0000000416c00000| Untracked 
|  18|0x0000000417000000, 0x0000000417400000, 0x0000000417400000|100%| O|  |TAMS 0x0000000417000000, 0x0000000417000000| Untracked 
|  19|0x0000000417400000, 0x0000000417800000, 0x0000000417800000|100%| O|  |TAMS 0x0000000417400000, 0x0000000417400000| Untracked 
|  20|0x0000000417800000, 0x0000000417c00000, 0x0000000417c00000|100%| O|  |TAMS 0x0000000417800000, 0x0000000417800000| Untracked 
|  21|0x0000000417c00000, 0x0000000418000000, 0x0000000418000000|100%| O|  |TAMS 0x0000000417c00000, 0x0000000417c00000| Untracked 
|  22|0x0000000418000000, 0x0000000418400000, 0x0000000418400000|100%| O|  |TAMS 0x0000000418000000, 0x0000000418000000| Untracked 
|  23|0x0000000418400000, 0x0000000418800000, 0x0000000418800000|100%| O|  |TAMS 0x0000000418400000, 0x0000000418400000| Untracked 
|  24|0x0000000418800000, 0x0000000418c00000, 0x0000000418c00000|100%| O|  |TAMS 0x0000000418800000, 0x0000000418800000| Untracked 
|  25|0x0000000418c00000, 0x0000000419000000, 0x0000000419000000|100%| O|  |TAMS 0x0000000418c00000, 0x0000000418c00000| Untracked 
|  26|0x0000000419000000, 0x0000000419400000, 0x0000000419400000|100%| O|  |TAMS 0x0000000419000000, 0x0000000419000000| Untracked 
|  27|0x0000000419400000, 0x0000000419800000, 0x0000000419800000|100%| O|  |TAMS 0x0000000419400000, 0x0000000419400000| Untracked 
|  28|0x0000000419800000, 0x0000000419c00000, 0x0000000419c00000|100%| O|  |TAMS 0x0000000419800000, 0x0000000419800000| Untracked 
|  29|0x0000000419c00000, 0x000000041a000000, 0x000000041a000000|100%| O|  |TAMS 0x0000000419c00000, 0x0000000419c00000| Untracked 
|  30|0x000000041a000000, 0x000000041a400000, 0x000000041a400000|100%| O|  |TAMS 0x000000041a000000, 0x000000041a000000| Untracked 
|  31|0x000000041a400000, 0x000000041a800000, 0x000000041a800000|100%| O|  |TAMS 0x000000041a400000, 0x000000041a400000| Untracked 
|  32|0x000000041a800000, 0x000000041ac00000, 0x000000041ac00000|100%| O|  |TAMS 0x000000041a800000, 0x000000041a800000| Untracked 
|  33|0x000000041ac00000, 0x000000041b000000, 0x000000041b000000|100%| O|  |TAMS 0x000000041ac00000, 0x000000041ac00000| Untracked 
|  34|0x000000041b000000, 0x000000041b400000, 0x000000041b400000|100%| O|  |TAMS 0x000000041b000000, 0x000000041b000000| Untracked 
|  35|0x000000041b400000, 0x000000041b800000, 0x000000041b800000|100%| O|  |TAMS 0x000000041b400000, 0x000000041b400000| Untracked 
|  36|0x000000041b800000, 0x000000041bc00000, 0x000000041bc00000|100%| O|  |TAMS 0x000000041b800000, 0x000000041b800000| Untracked 
|  37|0x000000041bc00000, 0x000000041c000000, 0x000000041c000000|100%| O|  |TAMS 0x000000041bc00000, 0x000000041bc00000| Untracked 
|  38|0x000000041c000000, 0x000000041c400000, 0x000000041c400000|100%| O|  |TAMS 0x000000041c000000, 0x000000041c000000| Untracked 
|  39|0x000000041c400000, 0x000000041c800000, 0x000000041c800000|100%| O|  |TAMS 0x000000041c400000, 0x000000041c400000| Untracked 
|  40|0x000000041c800000, 0x000000041cc00000, 0x000000041cc00000|100%| O|  |TAMS 0x000000041c800000, 0x000000041c800000| Untracked 
|  41|0x000000041cc00000, 0x000000041d000000, 0x000000041d000000|100%| O|  |TAMS 0x000000041cc00000, 0x000000041cc00000| Untracked 
|  42|0x000000041d000000, 0x000000041d400000, 0x000000041d400000|100%| O|  |TAMS 0x000000041d000000, 0x000000041d000000| Untracked 
|  43|0x000000041d400000, 0x000000041d800000, 0x000000041d800000|100%| O|  |TAMS 0x000000041d400000, 0x000000041d400000| Untracked 
|  44|0x000000041d800000, 0x000000041dc00000, 0x000000041dc00000|100%| O|  |TAMS 0x000000041d800000, 0x000000041d800000| Untracked 
|  45|0x000000041dc00000, 0x000000041e000000, 0x000000041e000000|100%| O|  |TAMS 0x000000041dc00000, 0x000000041dc00000| Untracked 
|  46|0x000000041e000000, 0x000000041e400000, 0x000000041e400000|100%| O|  |TAMS 0x000000041e000000, 0x000000041e000000| Untracked 
|  47|0x000000041e400000, 0x000000041e800000, 0x000000041e800000|100%| O|  |TAMS 0x000000041e400000, 0x000000041e400000| Untracked 
|  48|0x000000041e800000, 0x000000041ec00000, 0x000000041ec00000|100%| O|  |TAMS 0x000000041e800000, 0x000000041e800000| Untracked 
|  49|0x000000041ec00000, 0x000000041f000000, 0x000000041f000000|100%| O|  |TAMS 0x000000041ec00000, 0x000000041ec00000| Untracked 
|  50|0x000000041f000000, 0x000000041f400000, 0x000000041f400000|100%| O|  |TAMS 0x000000041f000000, 0x000000041f000000| Untracked 
|  51|0x000000041f400000, 0x000000041f800000, 0x000000041f800000|100%| O|  |TAMS 0x000000041f400000, 0x000000041f400000| Untracked 
|  52|0x000000041f800000, 0x000000041fc00000, 0x000000041fc00000|100%| O|  |TAMS 0x000000041f800000, 0x000000041f800000| Untracked 
|  53|0x000000041fc00000, 0x0000000420000000, 0x0000000420000000|100%| O|  |TAMS 0x000000041fc00000, 0x000000041fc00000| Untracked 
|  54|0x0000000420000000, 0x0000000420400000, 0x0000000420400000|100%| O|  |TAMS 0x0000000420000000, 0x0000000420000000| Untracked 
|  55|0x0000000420400000, 0x0000000420800000, 0x0000000420800000|100%| O|  |TAMS 0x0000000420400000, 0x0000000420400000| Untracked 
|  56|0x0000000420800000, 0x0000000420c00000, 0x0000000420c00000|100%| O|  |TAMS 0x0000000420800000, 0x0000000420800000| Untracked 
|  57|0x0000000420c00000, 0x0000000421000000, 0x0000000421000000|100%| O|  |TAMS 0x0000000420c00000, 0x0000000420c00000| Untracked 
|  58|0x0000000421000000, 0x0000000421400000, 0x0000000421400000|100%| O|  |TAMS 0x0000000421000000, 0x0000000421000000| Untracked 
|  59|0x0000000421400000, 0x0000000421800000, 0x0000000421800000|100%| O|  |TAMS 0x0000000421400000, 0x0000000421400000| Untracked 
|  60|0x0000000421800000, 0x0000000421c00000, 0x0000000421c00000|100%| O|  |TAMS 0x0000000421800000, 0x0000000421800000| Untracked 
|  61|0x0000000421c00000, 0x0000000422000000, 0x0000000422000000|100%| O|  |TAMS 0x0000000421c00000, 0x0000000421c00000| Untracked 
|  62|0x0000000422000000, 0x0000000422400000, 0x0000000422400000|100%| O|  |TAMS 0x0000000422000000, 0x0000000422000000| Untracked 
|  63|0x0000000422400000, 0x0000000422800000, 0x0000000422800000|100%| O|  |TAMS 0x0000000422400000, 0x0000000422400000| Untracked 
|  64|0x0000000422800000, 0x0000000422c00000, 0x0000000422c00000|100%| O|  |TAMS 0x0000000422800000, 0x0000000422800000| Untracked 
|  65|0x0000000422c00000, 0x0000000423000000, 0x0000000423000000|100%| O|  |TAMS 0x0000000422c00000, 0x0000000422c00000| Untracked 
|  66|0x0000000423000000, 0x0000000423400000, 0x0000000423400000|100%| O|  |TAMS 0x0000000423000000, 0x0000000423000000| Untracked 
|  67|0x0000000423400000, 0x0000000423800000, 0x0000000423800000|100%| O|  |TAMS 0x0000000423400000, 0x0000000423400000| Untracked 
|  68|0x0000000423800000, 0x0000000423c00000, 0x0000000423c00000|100%| O|  |TAMS 0x0000000423800000, 0x0000000423800000| Untracked 
|  69|0x0000000423c00000, 0x0000000424000000, 0x0000000424000000|100%| O|  |TAMS 0x0000000423c00000, 0x0000000423c00000| Untracked 
|  70|0x0000000424000000, 0x0000000424400000, 0x0000000424400000|100%| O|  |TAMS 0x0000000424000000, 0x0000000424000000| Untracked 
|  71|0x0000000424400000, 0x0000000424800000, 0x0000000424800000|100%| O|  |TAMS 0x0000000424400000, 0x0000000424400000| Untracked 
|  72|0x0000000424800000, 0x0000000424c00000, 0x0000000424c00000|100%| O|  |TAMS 0x0000000424800000, 0x0000000424800000| Untracked 
|  73|0x0000000424c00000, 0x0000000425000000, 0x0000000425000000|100%| O|  |TAMS 0x0000000424c00000, 0x0000000424c00000| Untracked 
|  74|0x0000000425000000, 0x0000000425400000, 0x0000000425400000|100%| O|  |TAMS 0x0000000425000000, 0x0000000425000000| Untracked 
|  75|0x0000000425400000, 0x0000000425800000, 0x0000000425800000|100%| O|  |TAMS 0x0000000425400000, 0x0000000425400000| Untracked 
|  76|0x0000000425800000, 0x0000000425c00000, 0x0000000425c00000|100%| O|  |TAMS 0x0000000425800000, 0x0000000425800000| Untracked 
|  77|0x0000000425c00000, 0x0000000426000000, 0x0000000426000000|100%| O|  |TAMS 0x0000000425c00000, 0x0000000425c00000| Untracked 
|  78|0x0000000426000000, 0x0000000426400000, 0x0000000426400000|100%| O|  |TAMS 0x0000000426000000, 0x0000000426000000| Untracked 
|  79|0x0000000426400000, 0x0000000426800000, 0x0000000426800000|100%| O|  |TAMS 0x0000000426400000, 0x0000000426400000| Untracked 
|  80|0x0000000426800000, 0x0000000426c00000, 0x0000000426c00000|100%| O|  |TAMS 0x0000000426800000, 0x0000000426800000| Untracked 
|  81|0x0000000426c00000, 0x0000000427000000, 0x0000000427000000|100%| O|  |TAMS 0x0000000426c00000, 0x0000000426c00000| Untracked 
|  82|0x0000000427000000, 0x0000000427400000, 0x0000000427400000|100%| O|  |TAMS 0x0000000427000000, 0x0000000427000000| Untracked 
|  83|0x0000000427400000, 0x0000000427800000, 0x0000000427800000|100%| O|  |TAMS 0x0000000427400000, 0x0000000427400000| Untracked 
|  84|0x0000000427800000, 0x0000000427c00000, 0x0000000427c00000|100%| O|  |TAMS 0x0000000427800000, 0x0000000427800000| Untracked 
|  85|0x0000000427c00000, 0x0000000428000000, 0x0000000428000000|100%| O|  |TAMS 0x0000000427c00000, 0x0000000427c00000| Untracked 
|  86|0x0000000428000000, 0x0000000428400000, 0x0000000428400000|100%| O|  |TAMS 0x0000000428000000, 0x0000000428000000| Untracked 
|  87|0x0000000428400000, 0x0000000428800000, 0x0000000428800000|100%| O|  |TAMS 0x0000000428400000, 0x0000000428400000| Untracked 
|  88|0x0000000428800000, 0x0000000428c00000, 0x0000000428c00000|100%| O|  |TAMS 0x0000000428800000, 0x0000000428800000| Untracked 
|  89|0x0000000428c00000, 0x0000000429000000, 0x0000000429000000|100%| O|  |TAMS 0x0000000428c00000, 0x0000000428c00000| Untracked 
|  90|0x0000000429000000, 0x0000000429400000, 0x0000000429400000|100%| O|  |TAMS 0x0000000429000000, 0x0000000429000000| Untracked 
|  91|0x0000000429400000, 0x0000000429800000, 0x0000000429800000|100%| O|  |TAMS 0x0000000429400000, 0x0000000429400000| Untracked 
|  92|0x0000000429800000, 0x0000000429c00000, 0x0000000429c00000|100%| O|  |TAMS 0x0000000429800000, 0x0000000429800000| Untracked 
|  93|0x0000000429c00000, 0x000000042a000000, 0x000000042a000000|100%| O|  |TAMS 0x0000000429c00000, 0x0000000429c00000| Untracked 
|  94|0x000000042a000000, 0x000000042a400000, 0x000000042a400000|100%| O|  |TAMS 0x000000042a000000, 0x000000042a000000| Untracked 
|  95|0x000000042a400000, 0x000000042a800000, 0x000000042a800000|100%| O|  |TAMS 0x000000042a400000, 0x000000042a400000| Untracked 
|  96|0x000000042a800000, 0x000000042ac00000, 0x000000042ac00000|100%| O|  |TAMS 0x000000042a800000, 0x000000042a800000| Untracked 
|  97|0x000000042ac00000, 0x000000042b000000, 0x000000042b000000|100%| O|  |TAMS 0x000000042ac00000, 0x000000042ac00000| Untracked 
|  98|0x000000042b000000, 0x000000042b400000, 0x000000042b400000|100%| O|  |TAMS 0x000000042b000000, 0x000000042b000000| Untracked 
|  99|0x000000042b400000, 0x000000042b800000, 0x000000042b800000|100%| O|  |TAMS 0x000000042b400000, 0x000000042b400000| Untracked 
| 100|0x000000042b800000, 0x000000042bc00000, 0x000000042bc00000|100%| O|  |TAMS 0x000000042b800000, 0x000000042b800000| Untracked 
| 101|0x000000042bc00000, 0x000000042c000000, 0x000000042c000000|100%| O|  |TAMS 0x000000042bc00000, 0x000000042bc00000| Untracked 
| 102|0x000000042c000000, 0x000000042c400000, 0x000000042c400000|100%| O|  |TAMS 0x000000042c000000, 0x000000042c000000| Untracked 
| 103|0x000000042c400000, 0x000000042c800000, 0x000000042c800000|100%| O|  |TAMS 0x000000042c400000, 0x000000042c400000| Untracked 
| 104|0x000000042c800000, 0x000000042cc00000, 0x000000042cc00000|100%| O|  |TAMS 0x000000042c800000, 0x000000042c800000| Untracked 
| 105|0x000000042cc00000, 0x000000042d000000, 0x000000042d000000|100%| O|  |TAMS 0x000000042cc00000, 0x000000042cc00000| Untracked 
| 106|0x000000042d000000, 0x000000042d400000, 0x000000042d400000|100%| O|  |TAMS 0x000000042d000000, 0x000000042d000000| Untracked 
| 107|0x000000042d400000, 0x000000042d800000, 0x000000042d800000|100%| O|  |TAMS 0x000000042d400000, 0x000000042d400000| Untracked 
| 108|0x000000042d800000, 0x000000042dc00000, 0x000000042dc00000|100%| O|  |TAMS 0x000000042d800000, 0x000000042d800000| Untracked 
| 109|0x000000042dc00000, 0x000000042e000000, 0x000000042e000000|100%| O|  |TAMS 0x000000042dc00000, 0x000000042dc00000| Untracked 
| 110|0x000000042e000000, 0x000000042e400000, 0x000000042e400000|100%| O|  |TAMS 0x000000042e000000, 0x000000042e000000| Untracked 
| 111|0x000000042e400000, 0x000000042e800000, 0x000000042e800000|100%| O|  |TAMS 0x000000042e400000, 0x000000042e400000| Untracked 
| 112|0x000000042e800000, 0x000000042ec00000, 0x000000042ec00000|100%| O|  |TAMS 0x000000042e800000, 0x000000042e800000| Untracked 
| 113|0x000000042ec00000, 0x000000042f000000, 0x000000042f000000|100%| O|  |TAMS 0x000000042ec00000, 0x000000042ec00000| Untracked 
| 114|0x000000042f000000, 0x000000042f400000, 0x000000042f400000|100%| O|  |TAMS 0x000000042f000000, 0x000000042f000000| Untracked 
| 115|0x000000042f400000, 0x000000042f800000, 0x000000042f800000|100%| O|  |TAMS 0x000000042f400000, 0x000000042f400000| Untracked 
| 116|0x000000042f800000, 0x000000042fc00000, 0x000000042fc00000|100%| O|  |TAMS 0x000000042f800000, 0x000000042f800000| Untracked 
| 117|0x000000042fc00000, 0x0000000430000000, 0x0000000430000000|100%| O|  |TAMS 0x000000042fc00000, 0x000000042fc00000| Untracked 
| 118|0x0000000430000000, 0x0000000430400000, 0x0000000430400000|100%| O|  |TAMS 0x0000000430000000, 0x0000000430000000| Untracked 
| 119|0x0000000430400000, 0x0000000430800000, 0x0000000430800000|100%| O|  |TAMS 0x0000000430400000, 0x0000000430400000| Untracked 
| 120|0x0000000430800000, 0x000000043091e000, 0x0000000430c00000| 27%| O|  |TAMS 0x0000000430800000, 0x0000000430800000| Untracked 
| 121|0x0000000430c00000, 0x0000000430c00000, 0x0000000431000000|  0%| F|  |TAMS 0x0000000430c00000, 0x0000000430c00000| Untracked 
| 122|0x0000000431000000, 0x0000000431000000, 0x0000000431400000|  0%| F|  |TAMS 0x0000000431000000, 0x0000000431000000| Untracked 
| 123|0x0000000431400000, 0x0000000431400000, 0x0000000431800000|  0%| F|  |TAMS 0x0000000431400000, 0x0000000431400000| Untracked 
| 124|0x0000000431800000, 0x0000000431800000, 0x0000000431c00000|  0%| F|  |TAMS 0x0000000431800000, 0x0000000431800000| Untracked 
| 125|0x0000000431c00000, 0x0000000431c00000, 0x0000000432000000|  0%| F|  |TAMS 0x0000000431c00000, 0x0000000431c00000| Untracked 
| 126|0x0000000432000000, 0x0000000432000000, 0x0000000432400000|  0%| F|  |TAMS 0x0000000432000000, 0x0000000432000000| Untracked 
| 127|0x0000000432400000, 0x0000000432400000, 0x0000000432800000|  0%| F|  |TAMS 0x0000000432400000, 0x0000000432400000| Untracked 
| 128|0x0000000432800000, 0x0000000432800000, 0x0000000432c00000|  0%| F|  |TAMS 0x0000000432800000, 0x0000000432800000| Untracked 
| 129|0x0000000432c00000, 0x0000000432c00000, 0x0000000433000000|  0%| F|  |TAMS 0x0000000432c00000, 0x0000000432c00000| Untracked 
| 130|0x0000000433000000, 0x0000000433000000, 0x0000000433400000|  0%| F|  |TAMS 0x0000000433000000, 0x0000000433000000| Untracked 
| 131|0x0000000433400000, 0x0000000433400000, 0x0000000433800000|  0%| F|  |TAMS 0x0000000433400000, 0x0000000433400000| Untracked 
| 132|0x0000000433800000, 0x0000000433800000, 0x0000000433c00000|  0%| F|  |TAMS 0x0000000433800000, 0x0000000433800000| Untracked 
| 133|0x0000000433c00000, 0x0000000433c00000, 0x0000000434000000|  0%| F|  |TAMS 0x0000000433c00000, 0x0000000433c00000| Untracked 
| 134|0x0000000434000000, 0x0000000434000000, 0x0000000434400000|  0%| F|  |TAMS 0x0000000434000000, 0x0000000434000000| Untracked 
| 135|0x0000000434400000, 0x0000000434400000, 0x0000000434800000|  0%| F|  |TAMS 0x0000000434400000, 0x0000000434400000| Untracked 
| 136|0x0000000434800000, 0x0000000434800000, 0x0000000434c00000|  0%| F|  |TAMS 0x0000000434800000, 0x0000000434800000| Untracked 
| 137|0x0000000434c00000, 0x0000000434c00000, 0x0000000435000000|  0%| F|  |TAMS 0x0000000434c00000, 0x0000000434c00000| Untracked 
| 138|0x0000000435000000, 0x0000000435000000, 0x0000000435400000|  0%| F|  |TAMS 0x0000000435000000, 0x0000000435000000| Untracked 
| 139|0x0000000435400000, 0x0000000435400000, 0x0000000435800000|  0%| F|  |TAMS 0x0000000435400000, 0x0000000435400000| Untracked 
| 140|0x0000000435800000, 0x0000000435800000, 0x0000000435c00000|  0%| F|  |TAMS 0x0000000435800000, 0x0000000435800000| Untracked 
| 141|0x0000000435c00000, 0x0000000435c00000, 0x0000000436000000|  0%| F|  |TAMS 0x0000000435c00000, 0x0000000435c00000| Untracked 
| 142|0x0000000436000000, 0x0000000436000000, 0x0000000436400000|  0%| F|  |TAMS 0x0000000436000000, 0x0000000436000000| Untracked 
| 143|0x0000000436400000, 0x0000000436400000, 0x0000000436800000|  0%| F|  |TAMS 0x0000000436400000, 0x0000000436400000| Untracked 
| 144|0x0000000436800000, 0x0000000436800000, 0x0000000436c00000|  0%| F|  |TAMS 0x0000000436800000, 0x0000000436800000| Untracked 
| 145|0x0000000436c00000, 0x0000000436c00000, 0x0000000437000000|  0%| F|  |TAMS 0x0000000436c00000, 0x0000000436c00000| Untracked 
| 146|0x0000000437000000, 0x0000000437000000, 0x0000000437400000|  0%| F|  |TAMS 0x0000000437000000, 0x0000000437000000| Untracked 
| 147|0x0000000437400000, 0x0000000437400000, 0x0000000437800000|  0%| F|  |TAMS 0x0000000437400000, 0x0000000437400000| Untracked 
| 148|0x0000000437800000, 0x0000000437800000, 0x0000000437c00000|  0%| F|  |TAMS 0x0000000437800000, 0x0000000437800000| Untracked 
| 149|0x0000000437c00000, 0x0000000437c00000, 0x0000000438000000|  0%| F|  |TAMS 0x0000000437c00000, 0x0000000437c00000| Untracked 
| 150|0x0000000438000000, 0x0000000438000000, 0x0000000438400000|  0%| F|  |TAMS 0x0000000438000000, 0x0000000438000000| Untracked 
| 151|0x0000000438400000, 0x0000000438400000, 0x0000000438800000|  0%| F|  |TAMS 0x0000000438400000, 0x0000000438400000| Untracked 
| 152|0x0000000438800000, 0x0000000438800000, 0x0000000438c00000|  0%| F|  |TAMS 0x0000000438800000, 0x0000000438800000| Untracked 
| 153|0x0000000438c00000, 0x0000000438c00000, 0x0000000439000000|  0%| F|  |TAMS 0x0000000438c00000, 0x0000000438c00000| Untracked 
| 154|0x0000000439000000, 0x0000000439000000, 0x0000000439400000|  0%| F|  |TAMS 0x0000000439000000, 0x0000000439000000| Untracked 
| 155|0x0000000439400000, 0x0000000439400000, 0x0000000439800000|  0%| F|  |TAMS 0x0000000439400000, 0x0000000439400000| Untracked 
| 156|0x0000000439800000, 0x0000000439800000, 0x0000000439c00000|  0%| F|  |TAMS 0x0000000439800000, 0x0000000439800000| Untracked 
| 157|0x0000000439c00000, 0x0000000439c00000, 0x000000043a000000|  0%| F|  |TAMS 0x0000000439c00000, 0x0000000439c00000| Untracked 
| 158|0x000000043a000000, 0x000000043a000000, 0x000000043a400000|  0%| F|  |TAMS 0x000000043a000000, 0x000000043a000000| Untracked 
| 159|0x000000043a400000, 0x000000043a400000, 0x000000043a800000|  0%| F|  |TAMS 0x000000043a400000, 0x000000043a400000| Untracked 
| 160|0x000000043a800000, 0x000000043a800000, 0x000000043ac00000|  0%| F|  |TAMS 0x000000043a800000, 0x000000043a800000| Untracked 
| 161|0x000000043ac00000, 0x000000043ac00000, 0x000000043b000000|  0%| F|  |TAMS 0x000000043ac00000, 0x000000043ac00000| Untracked 
| 162|0x000000043b000000, 0x000000043b000000, 0x000000043b400000|  0%| F|  |TAMS 0x000000043b000000, 0x000000043b000000| Untracked 
| 163|0x000000043b400000, 0x000000043b400000, 0x000000043b800000|  0%| F|  |TAMS 0x000000043b400000, 0x000000043b400000| Untracked 
| 164|0x000000043b800000, 0x000000043b800000, 0x000000043bc00000|  0%| F|  |TAMS 0x000000043b800000, 0x000000043b800000| Untracked 
| 165|0x000000043bc00000, 0x000000043bc00000, 0x000000043c000000|  0%| F|  |TAMS 0x000000043bc00000, 0x000000043bc00000| Untracked 
| 166|0x000000043c000000, 0x000000043c000000, 0x000000043c400000|  0%| F|  |TAMS 0x000000043c000000, 0x000000043c000000| Untracked 
| 167|0x000000043c400000, 0x000000043c400000, 0x000000043c800000|  0%| F|  |TAMS 0x000000043c400000, 0x000000043c400000| Untracked 
| 168|0x000000043c800000, 0x000000043c800000, 0x000000043cc00000|  0%| F|  |TAMS 0x000000043c800000, 0x000000043c800000| Untracked 
| 169|0x000000043cc00000, 0x000000043cc00000, 0x000000043d000000|  0%| F|  |TAMS 0x000000043cc00000, 0x000000043cc00000| Untracked 
| 170|0x000000043d000000, 0x000000043d000000, 0x000000043d400000|  0%| F|  |TAMS 0x000000043d000000, 0x000000043d000000| Untracked 
| 171|0x000000043d400000, 0x000000043d400000, 0x000000043d800000|  0%| F|  |TAMS 0x000000043d400000, 0x000000043d400000| Untracked 
| 172|0x000000043d800000, 0x000000043d800000, 0x000000043dc00000|  0%| F|  |TAMS 0x000000043d800000, 0x000000043d800000| Untracked 
| 173|0x000000043dc00000, 0x000000043dc00000, 0x000000043e000000|  0%| F|  |TAMS 0x000000043dc00000, 0x000000043dc00000| Untracked 
| 174|0x000000043e000000, 0x000000043e000000, 0x000000043e400000|  0%| F|  |TAMS 0x000000043e000000, 0x000000043e000000| Untracked 
| 175|0x000000043e400000, 0x000000043e400000, 0x000000043e800000|  0%| F|  |TAMS 0x000000043e400000, 0x000000043e400000| Untracked 
| 176|0x000000043e800000, 0x000000043e800000, 0x000000043ec00000|  0%| F|  |TAMS 0x000000043e800000, 0x000000043e800000| Untracked 
| 177|0x000000043ec00000, 0x000000043ec00000, 0x000000043f000000|  0%| F|  |TAMS 0x000000043ec00000, 0x000000043ec00000| Untracked 
| 178|0x000000043f000000, 0x000000043f000000, 0x000000043f400000|  0%| F|  |TAMS 0x000000043f000000, 0x000000043f000000| Untracked 
| 179|0x000000043f400000, 0x000000043f400000, 0x000000043f800000|  0%| F|  |TAMS 0x000000043f400000, 0x000000043f400000| Untracked 
| 180|0x000000043f800000, 0x000000043f800000, 0x000000043fc00000|  0%| F|  |TAMS 0x000000043f800000, 0x000000043f800000| Untracked 
| 181|0x000000043fc00000, 0x000000043fc00000, 0x0000000440000000|  0%| F|  |TAMS 0x000000043fc00000, 0x000000043fc00000| Untracked 
| 182|0x0000000440000000, 0x0000000440000000, 0x0000000440400000|  0%| F|  |TAMS 0x0000000440000000, 0x0000000440000000| Untracked 
| 183|0x0000000440400000, 0x0000000440400000, 0x0000000440800000|  0%| F|  |TAMS 0x0000000440400000, 0x0000000440400000| Untracked 
| 184|0x0000000440800000, 0x0000000440800000, 0x0000000440c00000|  0%| F|  |TAMS 0x0000000440800000, 0x0000000440800000| Untracked 
| 185|0x0000000440c00000, 0x0000000440c00000, 0x0000000441000000|  0%| F|  |TAMS 0x0000000440c00000, 0x0000000440c00000| Untracked 
| 186|0x0000000441000000, 0x0000000441000000, 0x0000000441400000|  0%| F|  |TAMS 0x0000000441000000, 0x0000000441000000| Untracked 
| 187|0x0000000441400000, 0x0000000441400000, 0x0000000441800000|  0%| F|  |TAMS 0x0000000441400000, 0x0000000441400000| Untracked 
| 188|0x0000000441800000, 0x0000000441800000, 0x0000000441c00000|  0%| F|  |TAMS 0x0000000441800000, 0x0000000441800000| Untracked 
| 189|0x0000000441c00000, 0x0000000441c00000, 0x0000000442000000|  0%| F|  |TAMS 0x0000000441c00000, 0x0000000441c00000| Untracked 
| 190|0x0000000442000000, 0x0000000442000000, 0x0000000442400000|  0%| F|  |TAMS 0x0000000442000000, 0x0000000442000000| Untracked 
| 191|0x0000000442400000, 0x0000000442400000, 0x0000000442800000|  0%| F|  |TAMS 0x0000000442400000, 0x0000000442400000| Untracked 
| 192|0x0000000442800000, 0x0000000442800000, 0x0000000442c00000|  0%| F|  |TAMS 0x0000000442800000, 0x0000000442800000| Untracked 
| 193|0x0000000442c00000, 0x0000000442c00000, 0x0000000443000000|  0%| F|  |TAMS 0x0000000442c00000, 0x0000000442c00000| Untracked 
| 194|0x0000000443000000, 0x0000000443000000, 0x0000000443400000|  0%| F|  |TAMS 0x0000000443000000, 0x0000000443000000| Untracked 
| 195|0x0000000443400000, 0x0000000443400000, 0x0000000443800000|  0%| F|  |TAMS 0x0000000443400000, 0x0000000443400000| Untracked 
| 196|0x0000000443800000, 0x0000000443800000, 0x0000000443c00000|  0%| F|  |TAMS 0x0000000443800000, 0x0000000443800000| Untracked 
| 197|0x0000000443c00000, 0x0000000443c00000, 0x0000000444000000|  0%| F|  |TAMS 0x0000000443c00000, 0x0000000443c00000| Untracked 
| 198|0x0000000444000000, 0x0000000444000000, 0x0000000444400000|  0%| F|  |TAMS 0x0000000444000000, 0x0000000444000000| Untracked 
| 199|0x0000000444400000, 0x0000000444400000, 0x0000000444800000|  0%| F|  |TAMS 0x0000000444400000, 0x0000000444400000| Untracked 
| 200|0x0000000444800000, 0x0000000444800000, 0x0000000444c00000|  0%| F|  |TAMS 0x0000000444800000, 0x0000000444800000| Untracked 
| 201|0x0000000444c00000, 0x0000000444c00000, 0x0000000445000000|  0%| F|  |TAMS 0x0000000444c00000, 0x0000000444c00000| Untracked 
| 202|0x0000000445000000, 0x0000000445000000, 0x0000000445400000|  0%| F|  |TAMS 0x0000000445000000, 0x0000000445000000| Untracked 
| 203|0x0000000445400000, 0x0000000445400000, 0x0000000445800000|  0%| F|  |TAMS 0x0000000445400000, 0x0000000445400000| Untracked 
| 204|0x0000000445800000, 0x0000000445800000, 0x0000000445c00000|  0%| F|  |TAMS 0x0000000445800000, 0x0000000445800000| Untracked 
| 205|0x0000000445c00000, 0x0000000445c00000, 0x0000000446000000|  0%| F|  |TAMS 0x0000000445c00000, 0x0000000445c00000| Untracked 
| 206|0x0000000446000000, 0x0000000446000000, 0x0000000446400000|  0%| F|  |TAMS 0x0000000446000000, 0x0000000446000000| Untracked 
| 207|0x0000000446400000, 0x0000000446400000, 0x0000000446800000|  0%| F|  |TAMS 0x0000000446400000, 0x0000000446400000| Untracked 
| 208|0x0000000446800000, 0x0000000446800000, 0x0000000446c00000|  0%| F|  |TAMS 0x0000000446800000, 0x0000000446800000| Untracked 
| 209|0x0000000446c00000, 0x0000000446c00000, 0x0000000447000000|  0%| F|  |TAMS 0x0000000446c00000, 0x0000000446c00000| Untracked 
| 210|0x0000000447000000, 0x0000000447000000, 0x0000000447400000|  0%| F|  |TAMS 0x0000000447000000, 0x0000000447000000| Untracked 
| 211|0x0000000447400000, 0x0000000447400000, 0x0000000447800000|  0%| F|  |TAMS 0x0000000447400000, 0x0000000447400000| Untracked 
| 212|0x0000000447800000, 0x0000000447800000, 0x0000000447c00000|  0%| F|  |TAMS 0x0000000447800000, 0x0000000447800000| Untracked 
| 213|0x0000000447c00000, 0x0000000447c00000, 0x0000000448000000|  0%| F|  |TAMS 0x0000000447c00000, 0x0000000447c00000| Untracked 
| 214|0x0000000448000000, 0x0000000448000000, 0x0000000448400000|  0%| F|  |TAMS 0x0000000448000000, 0x0000000448000000| Untracked 
| 215|0x0000000448400000, 0x0000000448400000, 0x0000000448800000|  0%| F|  |TAMS 0x0000000448400000, 0x0000000448400000| Untracked 
| 216|0x0000000448800000, 0x0000000448800000, 0x0000000448c00000|  0%| F|  |TAMS 0x0000000448800000, 0x0000000448800000| Untracked 
| 217|0x0000000448c00000, 0x0000000448c00000, 0x0000000449000000|  0%| F|  |TAMS 0x0000000448c00000, 0x0000000448c00000| Untracked 
| 218|0x0000000449000000, 0x0000000449000000, 0x0000000449400000|  0%| F|  |TAMS 0x0000000449000000, 0x0000000449000000| Untracked 
| 219|0x0000000449400000, 0x0000000449400000, 0x0000000449800000|  0%| F|  |TAMS 0x0000000449400000, 0x0000000449400000| Untracked 
| 220|0x0000000449800000, 0x0000000449800000, 0x0000000449c00000|  0%| F|  |TAMS 0x0000000449800000, 0x0000000449800000| Untracked 
| 221|0x0000000449c00000, 0x0000000449c00000, 0x000000044a000000|  0%| F|  |TAMS 0x0000000449c00000, 0x0000000449c00000| Untracked 
| 222|0x000000044a000000, 0x000000044a000000, 0x000000044a400000|  0%| F|  |TAMS 0x000000044a000000, 0x000000044a000000| Untracked 
| 223|0x000000044a400000, 0x000000044a400000, 0x000000044a800000|  0%| F|  |TAMS 0x000000044a400000, 0x000000044a400000| Untracked 
| 224|0x000000044a800000, 0x000000044a800000, 0x000000044ac00000|  0%| F|  |TAMS 0x000000044a800000, 0x000000044a800000| Untracked 
| 225|0x000000044ac00000, 0x000000044ac00000, 0x000000044b000000|  0%| F|  |TAMS 0x000000044ac00000, 0x000000044ac00000| Untracked 
| 226|0x000000044b000000, 0x000000044b000000, 0x000000044b400000|  0%| F|  |TAMS 0x000000044b000000, 0x000000044b000000| Untracked 
| 227|0x000000044b400000, 0x000000044b400000, 0x000000044b800000|  0%| F|  |TAMS 0x000000044b400000, 0x000000044b400000| Untracked 
| 228|0x000000044b800000, 0x000000044b800000, 0x000000044bc00000|  0%| F|  |TAMS 0x000000044b800000, 0x000000044b800000| Untracked 
| 229|0x000000044bc00000, 0x000000044bc00000, 0x000000044c000000|  0%| F|  |TAMS 0x000000044bc00000, 0x000000044bc00000| Untracked 
| 230|0x000000044c000000, 0x000000044c000000, 0x000000044c400000|  0%| F|  |TAMS 0x000000044c000000, 0x000000044c000000| Untracked 
| 231|0x000000044c400000, 0x000000044c400000, 0x000000044c800000|  0%| F|  |TAMS 0x000000044c400000, 0x000000044c400000| Untracked 
| 232|0x000000044c800000, 0x000000044c800000, 0x000000044cc00000|  0%| F|  |TAMS 0x000000044c800000, 0x000000044c800000| Untracked 
| 233|0x000000044cc00000, 0x000000044cc00000, 0x000000044d000000|  0%| F|  |TAMS 0x000000044cc00000, 0x000000044cc00000| Untracked 
| 234|0x000000044d000000, 0x000000044d000000, 0x000000044d400000|  0%| F|  |TAMS 0x000000044d000000, 0x000000044d000000| Untracked 
| 235|0x000000044d400000, 0x000000044d400000, 0x000000044d800000|  0%| F|  |TAMS 0x000000044d400000, 0x000000044d400000| Untracked 
| 236|0x000000044d800000, 0x000000044d800000, 0x000000044dc00000|  0%| F|  |TAMS 0x000000044d800000, 0x000000044d800000| Untracked 
| 237|0x000000044dc00000, 0x000000044dc00000, 0x000000044e000000|  0%| F|  |TAMS 0x000000044dc00000, 0x000000044dc00000| Untracked 
| 238|0x000000044e000000, 0x000000044e000000, 0x000000044e400000|  0%| F|  |TAMS 0x000000044e000000, 0x000000044e000000| Untracked 
| 239|0x000000044e400000, 0x000000044e400000, 0x000000044e800000|  0%| F|  |TAMS 0x000000044e400000, 0x000000044e400000| Untracked 
| 240|0x000000044e800000, 0x000000044e800000, 0x000000044ec00000|  0%| F|  |TAMS 0x000000044e800000, 0x000000044e800000| Untracked 
| 241|0x000000044ec00000, 0x000000044ec00000, 0x000000044f000000|  0%| F|  |TAMS 0x000000044ec00000, 0x000000044ec00000| Untracked 
| 242|0x000000044f000000, 0x000000044f000000, 0x000000044f400000|  0%| F|  |TAMS 0x000000044f000000, 0x000000044f000000| Untracked 
| 243|0x000000044f400000, 0x000000044f400000, 0x000000044f800000|  0%| F|  |TAMS 0x000000044f400000, 0x000000044f400000| Untracked 
| 244|0x000000044f800000, 0x000000044f800000, 0x000000044fc00000|  0%| F|  |TAMS 0x000000044f800000, 0x000000044f800000| Untracked 
| 245|0x000000044fc00000, 0x000000044fc00000, 0x0000000450000000|  0%| F|  |TAMS 0x000000044fc00000, 0x000000044fc00000| Untracked 
| 246|0x0000000450000000, 0x0000000450000000, 0x0000000450400000|  0%| F|  |TAMS 0x0000000450000000, 0x0000000450000000| Untracked 
| 247|0x0000000450400000, 0x0000000450400000, 0x0000000450800000|  0%| F|  |TAMS 0x0000000450400000, 0x0000000450400000| Untracked 
| 248|0x0000000450800000, 0x0000000450800000, 0x0000000450c00000|  0%| F|  |TAMS 0x0000000450800000, 0x0000000450800000| Untracked 
| 249|0x0000000450c00000, 0x0000000450c00000, 0x0000000451000000|  0%| F|  |TAMS 0x0000000450c00000, 0x0000000450c00000| Untracked 
| 250|0x0000000451000000, 0x0000000451000000, 0x0000000451400000|  0%| F|  |TAMS 0x0000000451000000, 0x0000000451000000| Untracked 
| 251|0x0000000451400000, 0x0000000451400000, 0x0000000451800000|  0%| F|  |TAMS 0x0000000451400000, 0x0000000451400000| Untracked 
| 252|0x0000000451800000, 0x0000000451800000, 0x0000000451c00000|  0%| F|  |TAMS 0x0000000451800000, 0x0000000451800000| Untracked 
| 253|0x0000000451c00000, 0x0000000451c00000, 0x0000000452000000|  0%| F|  |TAMS 0x0000000451c00000, 0x0000000451c00000| Untracked 
| 254|0x0000000452000000, 0x0000000452000000, 0x0000000452400000|  0%| F|  |TAMS 0x0000000452000000, 0x0000000452000000| Untracked 
| 255|0x0000000452400000, 0x0000000452400000, 0x0000000452800000|  0%| F|  |TAMS 0x0000000452400000, 0x0000000452400000| Untracked 
| 256|0x0000000452800000, 0x0000000452800000, 0x0000000452c00000|  0%| F|  |TAMS 0x0000000452800000, 0x0000000452800000| Untracked 
| 257|0x0000000452c00000, 0x0000000452c00000, 0x0000000453000000|  0%| F|  |TAMS 0x0000000452c00000, 0x0000000452c00000| Untracked 
| 258|0x0000000453000000, 0x0000000453000000, 0x0000000453400000|  0%| F|  |TAMS 0x0000000453000000, 0x0000000453000000| Untracked 
| 259|0x0000000453400000, 0x0000000453400000, 0x0000000453800000|  0%| F|  |TAMS 0x0000000453400000, 0x0000000453400000| Untracked 
| 260|0x0000000453800000, 0x0000000453800000, 0x0000000453c00000|  0%| F|  |TAMS 0x0000000453800000, 0x0000000453800000| Untracked 
| 261|0x0000000453c00000, 0x0000000453c00000, 0x0000000454000000|  0%| F|  |TAMS 0x0000000453c00000, 0x0000000453c00000| Untracked 
| 262|0x0000000454000000, 0x0000000454000000, 0x0000000454400000|  0%| F|  |TAMS 0x0000000454000000, 0x0000000454000000| Untracked 
| 263|0x0000000454400000, 0x0000000454400000, 0x0000000454800000|  0%| F|  |TAMS 0x0000000454400000, 0x0000000454400000| Untracked 
| 264|0x0000000454800000, 0x0000000454800000, 0x0000000454c00000|  0%| F|  |TAMS 0x0000000454800000, 0x0000000454800000| Untracked 
| 265|0x0000000454c00000, 0x0000000454c00000, 0x0000000455000000|  0%| F|  |TAMS 0x0000000454c00000, 0x0000000454c00000| Untracked 
| 266|0x0000000455000000, 0x0000000455000000, 0x0000000455400000|  0%| F|  |TAMS 0x0000000455000000, 0x0000000455000000| Untracked 
| 267|0x0000000455400000, 0x0000000455400000, 0x0000000455800000|  0%| F|  |TAMS 0x0000000455400000, 0x0000000455400000| Untracked 
| 268|0x0000000455800000, 0x0000000455800000, 0x0000000455c00000|  0%| F|  |TAMS 0x0000000455800000, 0x0000000455800000| Untracked 
| 269|0x0000000455c00000, 0x0000000455c00000, 0x0000000456000000|  0%| F|  |TAMS 0x0000000455c00000, 0x0000000455c00000| Untracked 
| 270|0x0000000456000000, 0x0000000456000000, 0x0000000456400000|  0%| F|  |TAMS 0x0000000456000000, 0x0000000456000000| Untracked 
| 271|0x0000000456400000, 0x0000000456400000, 0x0000000456800000|  0%| F|  |TAMS 0x0000000456400000, 0x0000000456400000| Untracked 
| 272|0x0000000456800000, 0x0000000456800000, 0x0000000456c00000|  0%| F|  |TAMS 0x0000000456800000, 0x0000000456800000| Untracked 
| 273|0x0000000456c00000, 0x0000000456c00000, 0x0000000457000000|  0%| F|  |TAMS 0x0000000456c00000, 0x0000000456c00000| Untracked 
| 274|0x0000000457000000, 0x0000000457000000, 0x0000000457400000|  0%| F|  |TAMS 0x0000000457000000, 0x0000000457000000| Untracked 
| 275|0x0000000457400000, 0x0000000457400000, 0x0000000457800000|  0%| F|  |TAMS 0x0000000457400000, 0x0000000457400000| Untracked 
| 276|0x0000000457800000, 0x0000000457800000, 0x0000000457c00000|  0%| F|  |TAMS 0x0000000457800000, 0x0000000457800000| Untracked 
| 277|0x0000000457c00000, 0x0000000457c00000, 0x0000000458000000|  0%| F|  |TAMS 0x0000000457c00000, 0x0000000457c00000| Untracked 
| 278|0x0000000458000000, 0x0000000458000000, 0x0000000458400000|  0%| F|  |TAMS 0x0000000458000000, 0x0000000458000000| Untracked 
| 279|0x0000000458400000, 0x0000000458400000, 0x0000000458800000|  0%| F|  |TAMS 0x0000000458400000, 0x0000000458400000| Untracked 
| 280|0x0000000458800000, 0x0000000458800000, 0x0000000458c00000|  0%| F|  |TAMS 0x0000000458800000, 0x0000000458800000| Untracked 
| 281|0x0000000458c00000, 0x0000000458c00000, 0x0000000459000000|  0%| F|  |TAMS 0x0000000458c00000, 0x0000000458c00000| Untracked 
| 282|0x0000000459000000, 0x0000000459000000, 0x0000000459400000|  0%| F|  |TAMS 0x0000000459000000, 0x0000000459000000| Untracked 
| 283|0x0000000459400000, 0x0000000459400000, 0x0000000459800000|  0%| F|  |TAMS 0x0000000459400000, 0x0000000459400000| Untracked 
| 284|0x0000000459800000, 0x0000000459800000, 0x0000000459c00000|  0%| F|  |TAMS 0x0000000459800000, 0x0000000459800000| Untracked 
| 285|0x0000000459c00000, 0x0000000459c00000, 0x000000045a000000|  0%| F|  |TAMS 0x0000000459c00000, 0x0000000459c00000| Untracked 
| 286|0x000000045a000000, 0x000000045a400000, 0x000000045a400000|100%| S|CS|TAMS 0x000000045a000000, 0x000000045a000000| Complete 
| 287|0x000000045a400000, 0x000000045a800000, 0x000000045a800000|100%| S|CS|TAMS 0x000000045a400000, 0x000000045a400000| Complete 
| 288|0x000000045a800000, 0x000000045a800000, 0x000000045ac00000|  0%| F|  |TAMS 0x000000045a800000, 0x000000045a800000| Untracked 
| 289|0x000000045ac00000, 0x000000045ac00000, 0x000000045b000000|  0%| F|  |TAMS 0x000000045ac00000, 0x000000045ac00000| Untracked 
| 290|0x000000045b000000, 0x000000045b000000, 0x000000045b400000|  0%| F|  |TAMS 0x000000045b000000, 0x000000045b000000| Untracked 
| 291|0x000000045b400000, 0x000000045b400000, 0x000000045b800000|  0%| F|  |TAMS 0x000000045b400000, 0x000000045b400000| Untracked 
| 292|0x000000045b800000, 0x000000045b800000, 0x000000045bc00000|  0%| F|  |TAMS 0x000000045b800000, 0x000000045b800000| Untracked 
| 293|0x000000045bc00000, 0x000000045bc00000, 0x000000045c000000|  0%| F|  |TAMS 0x000000045bc00000, 0x000000045bc00000| Untracked 
| 294|0x000000045c000000, 0x000000045c000000, 0x000000045c400000|  0%| F|  |TAMS 0x000000045c000000, 0x000000045c000000| Untracked 
| 295|0x000000045c400000, 0x000000045c400000, 0x000000045c800000|  0%| F|  |TAMS 0x000000045c400000, 0x000000045c400000| Untracked 
| 296|0x000000045c800000, 0x000000045c800000, 0x000000045cc00000|  0%| F|  |TAMS 0x000000045c800000, 0x000000045c800000| Untracked 
| 297|0x000000045cc00000, 0x000000045cc00000, 0x000000045d000000|  0%| F|  |TAMS 0x000000045cc00000, 0x000000045cc00000| Untracked 
| 298|0x000000045d000000, 0x000000045d000000, 0x000000045d400000|  0%| F|  |TAMS 0x000000045d000000, 0x000000045d000000| Untracked 
| 299|0x000000045d400000, 0x000000045d400000, 0x000000045d800000|  0%| F|  |TAMS 0x000000045d400000, 0x000000045d400000| Untracked 
| 300|0x000000045d800000, 0x000000045d800000, 0x000000045dc00000|  0%| F|  |TAMS 0x000000045d800000, 0x000000045d800000| Untracked 
| 301|0x000000045dc00000, 0x000000045dc00000, 0x000000045e000000|  0%| F|  |TAMS 0x000000045dc00000, 0x000000045dc00000| Untracked 
| 302|0x000000045e000000, 0x000000045e000000, 0x000000045e400000|  0%| F|  |TAMS 0x000000045e000000, 0x000000045e000000| Untracked 
|4020|0x00000007ff800000, 0x00000007ffb49000, 0x00000007ffc00000| 82%|OA|  |TAMS 0x00000007ff800000, 0x00000007ff800000| Untracked 
|4021|0x00000007ffc00000, 0x00000007ffc72000, 0x0000000800000000| 11%|CA|  |TAMS 0x00000007ffc00000, 0x00000007ffc00000| Untracked 

Card table byte_map: [0x00007fb89e780000,0x00007fb8a06ec000] _byte_map_base: 0x00007fb89c6ec000

Marking Bits (Prev, Next): (CMBitMap*) 0x00007fb8bc06fca8, (CMBitMap*) 0x00007fb8bc06fce8
 Prev Bits: [0x00007fb88ccb4000, 0x00007fb89c814000)
 Next Bits: [0x00007fb87d154000, 0x00007fb88ccb4000)

Polling page: 0x00007fb8c417b000

Metaspace:

Usage:
  Non-class:      4.49 MB capacity,     1.01 MB ( 22%) used,     3.48 MB ( 78%) free+waste,   576 bytes ( <1%) overhead. 
      Class:    424.00 KB capacity,    56.97 KB ( 13%) used,   366.66 KB ( 86%) free+waste,   384 bytes ( <1%) overhead. 
       Both:      4.90 MB capacity,     1.06 MB ( 22%) used,     3.83 MB ( 78%) free+waste,   960 bytes ( <1%) overhead. 

Virtual space:
  Non-class space:        8.00 MB reserved,       4.75 MB ( 59%) committed 
      Class space:        1.00 GB reserved,     512.00 KB ( <1%) committed 
             Both:        1.01 GB reserved,       5.25 MB ( <1%) committed 

Chunk freelists:
   Non-Class:  4.88 KB
       Class:  1.00 KB
        Both:  5.88 KB

CodeHeap 'non-profiled nmethods': size=118596Kb used=459Kb max_used=459Kb free=118136Kb
 bounds [0x00007fb8ac7ac000, 0x00007fb8aca1c000, 0x00007fb8b3b7d000]
CodeHeap 'profiled nmethods': size=118596Kb used=821Kb max_used=821Kb free=117774Kb
 bounds [0x00007fb8a53db000, 0x00007fb8a564b000, 0x00007fb8ac7ac000]
CodeHeap 'non-nmethods': size=8568Kb used=1030Kb max_used=3863Kb free=7537Kb
 bounds [0x00007fb8a4b7d000, 0x00007fb8a4f4d000, 0x00007fb8a53db000]
 total_blobs=1013 nmethods=409 adapters=214
 compilation: enabled
              stopped_count=0, restarted_count=0
 full_count=0

Compilation events (10 events):
Event: 52.980 Thread 0x00007fb8bc335800  406       3       org.ChaffinchABC.Population::getTutors (310 bytes)
Event: 52.981 Thread 0x00007fb8bc335800 nmethod 406 0x00007fb8a54a5910 code [0x00007fb8a54a5ba0, 0x00007fb8a54a69c8]
Event: 52.990 Thread 0x00007fb8bc333800  407       4       org.ChaffinchABC.Population::getTutors (310 bytes)
Event: 53.087 Thread 0x00007fb8bc333800 nmethod 407 0x00007fb8ac81b610 code [0x00007fb8ac81b7e0, 0x00007fb8ac81c7d8]
Event: 54.766 Thread 0x00007fb8bc335800  408       3       org.ChaffinchABC.Population::getTutors (310 bytes)
Event: 54.767 Thread 0x00007fb8bc333800  409       4       java.util.Arrays::binarySearch (9 bytes)
Event: 54.768 Thread 0x00007fb8bc335800 nmethod 408 0x00007fb8a54a7010 code [0x00007fb8a54a72a0, 0x00007fb8a54a80c8]
Event: 54.769 Thread 0x00007fb8bc333800 nmethod 409 0x00007fb8ac81cf90 code [0x00007fb8ac81d120, 0x00007fb8ac81d238]
Event: 54.780 Thread 0x00007fb8bc333800  410       4       org.ChaffinchABC.Population::getTutors (310 bytes)
Event: 54.825 Thread 0x00007fb8bc333800 nmethod 410 0x00007fb8ac81d390 code [0x00007fb8ac81d560, 0x00007fb8ac81e538]

GC Heap History (10 events):
Event: 74.504 GC heap after
{Heap after GC invocations=16 (full 0):
 garbage-first heap   total 1249280K, used 413329K [0x0000000412800000, 0x0000000800000000)
  region size 4096K, 2 young (8192K), 2 survivors (8192K)
 Metaspace       used 1089K, capacity 5017K, committed 5376K, reserved 1056768K
  class space    used 56K, capacity 424K, committed 512K, reserved 1048576K
}
Event: 77.065 GC heap before
{Heap before GC invocations=16 (full 0):
 garbage-first heap   total 1249280K, used 466577K [0x0000000412800000, 0x0000000800000000)
  region size 4096K, 15 young (61440K), 2 survivors (8192K)
 Metaspace       used 1089K, capacity 5017K, committed 5376K, reserved 1056768K
  class space    used 56K, capacity 424K, committed 512K, reserved 1048576K
}
Event: 77.114 GC heap after
{Heap after GC invocations=17 (full 0):
 garbage-first heap   total 1249280K, used 431731K [0x0000000412800000, 0x0000000800000000)
  region size 4096K, 2 young (8192K), 2 survivors (8192K)
 Metaspace       used 1089K, capacity 5017K, committed 5376K, reserved 1056768K
  class space    used 56K, capacity 424K, committed 512K, reserved 1048576K
}
Event: 79.655 GC heap before
{Heap before GC invocations=17 (full 0):
 garbage-first heap   total 1249280K, used 484979K [0x0000000412800000, 0x0000000800000000)
  region size 4096K, 15 young (61440K), 2 survivors (8192K)
 Metaspace       used 1089K, capacity 5017K, committed 5376K, reserved 1056768K
  class space    used 56K, capacity 424K, committed 512K, reserved 1048576K
}
Event: 79.711 GC heap after
{Heap after GC invocations=18 (full 0):
 garbage-first heap   total 1249280K, used 450738K [0x0000000412800000, 0x0000000800000000)
  region size 4096K, 2 young (8192K), 2 survivors (8192K)
 Metaspace       used 1089K, capacity 5017K, committed 5376K, reserved 1056768K
  class space    used 56K, capacity 424K, committed 512K, reserved 1048576K
}
Event: 82.738 GC heap before
{Heap before GC invocations=18 (full 0):
 garbage-first heap   total 1249280K, used 512178K [0x0000000412800000, 0x0000000800000000)
  region size 4096K, 17 young (69632K), 2 survivors (8192K)
 Metaspace       used 1089K, capacity 5017K, committed 5376K, reserved 1056768K
  class space    used 56K, capacity 424K, committed 512K, reserved 1048576K
}
Event: 84.918 GC heap after
{Heap after GC invocations=19 (full 0):
 garbage-first heap   total 1249280K, used 471788K [0x0000000412800000, 0x0000000800000000)
  region size 4096K, 3 young (12288K), 3 survivors (12288K)
 Metaspace       used 1089K, capacity 5017K, committed 5376K, reserved 1056768K
  class space    used 56K, capacity 424K, committed 512K, reserved 1048576K
}
Event: 87.880 GC heap before
{Heap before GC invocations=19 (full 0):
 garbage-first heap   total 1249280K, used 520940K [0x0000000412800000, 0x0000000800000000)
  region size 4096K, 15 young (61440K), 3 survivors (12288K)
 Metaspace       used 1089K, capacity 5017K, committed 5376K, reserved 1056768K
  class space    used 56K, capacity 424K, committed 512K, reserved 1048576K
}
Event: 87.962 GC heap after
{Heap after GC invocations=20 (full 0):
 garbage-first heap   total 1249280K, used 486453K [0x0000000412800000, 0x0000000800000000)
  region size 4096K, 2 young (8192K), 2 survivors (8192K)
 Metaspace       used 1089K, capacity 5017K, committed 5376K, reserved 1056768K
  class space    used 56K, capacity 424K, committed 512K, reserved 1048576K
}
Event: 90.957 GC heap before
{Heap before GC invocations=20 (full 0):
 garbage-first heap   total 1249280K, used 539701K [0x0000000412800000, 0x0000000800000000)
  region size 4096K, 15 young (61440K), 2 survivors (8192K)
 Metaspace       used 1089K, capacity 5017K, committed 5376K, reserved 1056768K
  class space    used 56K, capacity 424K, committed 512K, reserved 1048576K
}

Deoptimization events (10 events):
Event: 30.920 Thread 0x00007fb8bc012800 Uncommon trap: reason=unstable_if action=reinterpret pc=0x00007fb8ac7e4340 method=jdk.internal.math.FDBigInteger.cmp(Ljdk/internal/math/FDBigInteger;)I @ 22 c2
Event: 30.921 Thread 0x00007fb8bc012800 Uncommon trap: reason=unstable_if action=reinterpret pc=0x00007fb8ac7e5e8c method=jdk.internal.math.FDBigInteger.leftShift(I)Ljdk/internal/math/FDBigInteger; @ 173 c2
Event: 31.236 Thread 0x00007fb8bc012800 Uncommon trap: reason=unstable_if action=reinterpret pc=0x00007fb8ac7fe290 method=org.apache.commons.math3.distribution.GammaDistribution.density(D)D @ 33 c2
Event: 50.938 Thread 0x00007fb8bc012800 Uncommon trap: reason=unstable_if action=reinterpret pc=0x00007fb8ac7f96bc method=org.ChaffinchABC.Individual.setRepertoireSize()V @ 4 c2
Event: 51.089 Thread 0x00007fb8bc012800 Uncommon trap: reason=unstable_if action=reinterpret pc=0x00007fb8ac80c874 method=org.ChaffinchABC.Population.getTutors(I)[Lorg/ChaffinchABC/Individual; @ 132 c2
Event: 51.100 Thread 0x00007fb8bc012800 Uncommon trap: reason=unstable_if action=reinterpret pc=0x00007fb8ac7f7650 method=org.ChaffinchABC.Individual.updateRepertoire()V @ 4 c2
Event: 51.225 Thread 0x00007fb8bc012800 Uncommon trap: reason=unstable_if action=reinterpret pc=0x00007fb8ac80ed30 method=org.ChaffinchABC.Population.getTutors(I)[Lorg/ChaffinchABC/Individual; @ 132 c2
Event: 51.299 Thread 0x00007fb8bc012800 Uncommon trap: reason=unstable_if action=reinterpret pc=0x00007fb8ac811580 method=org.ChaffinchABC.Population.getTutors(I)[Lorg/ChaffinchABC/Individual; @ 132 c2
Event: 52.980 Thread 0x00007fb8bc012800 Uncommon trap: reason=unstable_if action=reinterpret pc=0x00007fb8ac816c90 method=org.ChaffinchABC.Population.getTutors(I)[Lorg/ChaffinchABC/Individual; @ 217 c2
Event: 54.766 Thread 0x00007fb8bc012800 Uncommon trap: reason=unstable_if action=reinterpret pc=0x00007fb8ac81c6fc method=org.ChaffinchABC.Population.getTutors(I)[Lorg/ChaffinchABC/Individual; @ 184 c2

Classes redefined (0 events):
No events

Internal exceptions (10 events):
Event: 30.923 Thread 0x00007fb8bc012800 Exception <a 'java/io/IOException'{0x0000000449be5dc8}> (0x0000000449be5dc8) thrown at [/scratch/opt/mach5/mesos/work_dir/slaves/dd0bab7c-a530-4905-bb6b-daa7153eb2c1-S122/frameworks/1735e8a2-a1db-478c-8104-60c8b0af87dd-0196/executors/99f85cae-f7c3-4f44-ac
Event: 30.923 Thread 0x00007fb8bc012800 Exception <a 'java/io/IOException'{0x0000000449be6100}> (0x0000000449be6100) thrown at [/scratch/opt/mach5/mesos/work_dir/slaves/dd0bab7c-a530-4905-bb6b-daa7153eb2c1-S122/frameworks/1735e8a2-a1db-478c-8104-60c8b0af87dd-0196/executors/99f85cae-f7c3-4f44-ac
Event: 30.923 Thread 0x00007fb8bc012800 Exception <a 'java/io/IOException'{0x0000000449be6408}> (0x0000000449be6408) thrown at [/scratch/opt/mach5/mesos/work_dir/slaves/dd0bab7c-a530-4905-bb6b-daa7153eb2c1-S122/frameworks/1735e8a2-a1db-478c-8104-60c8b0af87dd-0196/executors/99f85cae-f7c3-4f44-ac
Event: 30.924 Thread 0x00007fb8bc012800 Exception <a 'java/io/IOException'{0x0000000449be6dd0}> (0x0000000449be6dd0) thrown at [/scratch/opt/mach5/mesos/work_dir/slaves/dd0bab7c-a530-4905-bb6b-daa7153eb2c1-S122/frameworks/1735e8a2-a1db-478c-8104-60c8b0af87dd-0196/executors/99f85cae-f7c3-4f44-ac
Event: 30.924 Thread 0x00007fb8bc012800 Exception <a 'java/io/IOException'{0x0000000449be71b8}> (0x0000000449be71b8) thrown at [/scratch/opt/mach5/mesos/work_dir/slaves/dd0bab7c-a530-4905-bb6b-daa7153eb2c1-S122/frameworks/1735e8a2-a1db-478c-8104-60c8b0af87dd-0196/executors/99f85cae-f7c3-4f44-ac
Event: 30.924 Thread 0x00007fb8bc012800 Exception <a 'java/io/IOException'{0x0000000449be75a0}> (0x0000000449be75a0) thrown at [/scratch/opt/mach5/mesos/work_dir/slaves/dd0bab7c-a530-4905-bb6b-daa7153eb2c1-S122/frameworks/1735e8a2-a1db-478c-8104-60c8b0af87dd-0196/executors/99f85cae-f7c3-4f44-ac
Event: 30.924 Thread 0x00007fb8bc012800 Exception <a 'java/io/IOException'{0x0000000449be7988}> (0x0000000449be7988) thrown at [/scratch/opt/mach5/mesos/work_dir/slaves/dd0bab7c-a530-4905-bb6b-daa7153eb2c1-S122/frameworks/1735e8a2-a1db-478c-8104-60c8b0af87dd-0196/executors/99f85cae-f7c3-4f44-ac
Event: 30.924 Thread 0x00007fb8bc012800 Exception <a 'java/io/IOException'{0x0000000449be7d70}> (0x0000000449be7d70) thrown at [/scratch/opt/mach5/mesos/work_dir/slaves/dd0bab7c-a530-4905-bb6b-daa7153eb2c1-S122/frameworks/1735e8a2-a1db-478c-8104-60c8b0af87dd-0196/executors/99f85cae-f7c3-4f44-ac
Event: 30.924 Thread 0x00007fb8bc012800 Exception <a 'java/io/IOException'{0x0000000449be80a8}> (0x0000000449be80a8) thrown at [/scratch/opt/mach5/mesos/work_dir/slaves/dd0bab7c-a530-4905-bb6b-daa7153eb2c1-S122/frameworks/1735e8a2-a1db-478c-8104-60c8b0af87dd-0196/executors/99f85cae-f7c3-4f44-ac
Event: 30.924 Thread 0x00007fb8bc012800 Exception <a 'java/io/IOException'{0x0000000449be83b0}> (0x0000000449be83b0) thrown at [/scratch/opt/mach5/mesos/work_dir/slaves/dd0bab7c-a530-4905-bb6b-daa7153eb2c1-S122/frameworks/1735e8a2-a1db-478c-8104-60c8b0af87dd-0196/executors/99f85cae-f7c3-4f44-ac

Events (10 events):
Event: 74.504 Executing VM operation: G1CollectForAllocation done
Event: 77.065 Executing VM operation: G1CollectForAllocation
Event: 77.114 Executing VM operation: G1CollectForAllocation done
Event: 79.654 Executing VM operation: G1CollectForAllocation
Event: 79.711 Executing VM operation: G1CollectForAllocation done
Event: 82.738 Executing VM operation: G1CollectForAllocation
Event: 84.918 Executing VM operation: G1CollectForAllocation done
Event: 87.880 Executing VM operation: G1CollectForAllocation
Event: 87.962 Executing VM operation: G1CollectForAllocation done
Event: 90.956 Executing VM operation: G1CollectForAllocation


Dynamic libraries:
00400000-00401000 r-xp 00000000 103:02 15863105                          /usr/lib/jvm/java-12-oracle/bin/java
00600000-00601000 r--p 00000000 103:02 15863105                          /usr/lib/jvm/java-12-oracle/bin/java
00601000-00602000 rw-p 00001000 103:02 15863105                          /usr/lib/jvm/java-12-oracle/bin/java
023ab000-023cc000 rw-p 00000000 00:00 0                                  [heap]
412800000-45e400000 rw-p 00000000 00:00 0 
4aa800000-7ff800000 ---p 00000000 00:00 0 
7ff800000-7ffb00000 rw-p 00000000 00:00 0 
7ffb00000-7ffb49000 rw-p 0117f000 103:02 16002327                        /usr/lib/jvm/java-12-oracle/lib/server/classes.jsa
7ffb49000-7ffc00000 rw-p 00000000 00:00 0 
7ffc00000-7ffc72000 rw-p 0110d000 103:02 16002327                        /usr/lib/jvm/java-12-oracle/lib/server/classes.jsa
7ffc72000-800000000 rw-p 00000000 00:00 0 
800000000-800003000 rwxp 00001000 103:02 16002327                        /usr/lib/jvm/java-12-oracle/lib/server/classes.jsa
800003000-8003d0000 rw-p 00004000 103:02 16002327                        /usr/lib/jvm/java-12-oracle/lib/server/classes.jsa
8003d0000-800ad0000 r--p 003d1000 103:02 16002327                        /usr/lib/jvm/java-12-oracle/lib/server/classes.jsa
800ad0000-800ad1000 rw-p 00ad1000 103:02 16002327                        /usr/lib/jvm/java-12-oracle/lib/server/classes.jsa
800ad1000-80110c000 r--p 00ad2000 103:02 16002327                        /usr/lib/jvm/java-12-oracle/lib/server/classes.jsa
80110c000-80118c000 rw-p 00000000 00:00 0 
80118c000-84110c000 ---p 00000000 00:00 0 
7fb7a4000000-7fb7a4021000 rw-p 00000000 00:00 0 
7fb7a4021000-7fb7a8000000 ---p 00000000 00:00 0 
7fb7a8000000-7fb7a8021000 rw-p 00000000 00:00 0 
7fb7a8021000-7fb7ac000000 ---p 00000000 00:00 0 
7fb7ac000000-7fb7ac047000 rw-p 00000000 00:00 0 
7fb7ac047000-7fb7b0000000 ---p 00000000 00:00 0 
7fb7b0000000-7fb7b0021000 rw-p 00000000 00:00 0 
7fb7b0021000-7fb7b4000000 ---p 00000000 00:00 0 
7fb7b4000000-7fb7b402b000 rw-p 00000000 00:00 0 
7fb7b402b000-7fb7b8000000 ---p 00000000 00:00 0 
7fb7b8000000-7fb7b8021000 rw-p 00000000 00:00 0 
7fb7b8021000-7fb7bc000000 ---p 00000000 00:00 0 
7fb7bc000000-7fb7bc048000 rw-p 00000000 00:00 0 
7fb7bc048000-7fb7c0000000 ---p 00000000 00:00 0 
7fb7c0000000-7fb7c0021000 rw-p 00000000 00:00 0 
7fb7c0021000-7fb7c4000000 ---p 00000000 00:00 0 
7fb7c4000000-7fb7c4021000 rw-p 00000000 00:00 0 
7fb7c4021000-7fb7c8000000 ---p 00000000 00:00 0 
7fb7c8000000-7fb7c8044000 rw-p 00000000 00:00 0 
7fb7c8044000-7fb7cc000000 ---p 00000000 00:00 0 
7fb7cc000000-7fb7cc021000 rw-p 00000000 00:00 0 
7fb7cc021000-7fb7d0000000 ---p 00000000 00:00 0 
7fb7d0000000-7fb7d0021000 rw-p 00000000 00:00 0 
7fb7d0021000-7fb7d4000000 ---p 00000000 00:00 0 
7fb7d4000000-7fb7d4021000 rw-p 00000000 00:00 0 
7fb7d4021000-7fb7d8000000 ---p 00000000 00:00 0 
7fb7d8000000-7fb7d8021000 rw-p 00000000 00:00 0 
7fb7d8021000-7fb7dc000000 ---p 00000000 00:00 0 
7fb7dc000000-7fb7dc021000 rw-p 00000000 00:00 0 
7fb7dc021000-7fb7e0000000 ---p 00000000 00:00 0 
7fb7e2bd9000-7fb7e2bda000 ---p 00000000 00:00 0 
7fb7e2bda000-7fb7e2cdb000 rw-p 00000000 00:00 0 
7fb7e2cdb000-7fb7e2cdc000 ---p 00000000 00:00 0 
7fb7e2cdc000-7fb7e2ddd000 rw-p 00000000 00:00 0 
7fb7e2ddd000-7fb7e2dde000 ---p 00000000 00:00 0 
7fb7e2dde000-7fb7e2edf000 rw-p 00000000 00:00 0 
7fb7e2edf000-7fb7e2ee0000 ---p 00000000 00:00 0 
7fb7e2ee0000-7fb7e2fe1000 rw-p 00000000 00:00 0 
7fb7e2fe1000-7fb7e2fe2000 ---p 00000000 00:00 0 
7fb7e2fe2000-7fb7e30e3000 rw-p 00000000 00:00 0 
7fb7e30e3000-7fb7e30e4000 ---p 00000000 00:00 0 
7fb7e30e4000-7fb7e31e5000 rw-p 00000000 00:00 0 
7fb7e31e5000-7fb7e31e6000 ---p 00000000 00:00 0 
7fb7e31e6000-7fb7e32e7000 rw-p 00000000 00:00 0 
7fb7e32e7000-7fb7e32e8000 ---p 00000000 00:00 0 
7fb7e32e8000-7fb7e33e9000 rw-p 00000000 00:00 0 
7fb7e33e9000-7fb7e33ea000 ---p 00000000 00:00 0 
7fb7e33ea000-7fb7e34eb000 rw-p 00000000 00:00 0 
7fb7e34eb000-7fb7e34ec000 ---p 00000000 00:00 0 
7fb7e34ec000-7fb7e35ed000 rw-p 00000000 00:00 0 
7fb7e35ed000-7fb7e35ee000 ---p 00000000 00:00 0 
7fb7e35ee000-7fb7e36ef000 rw-p 00000000 00:00 0 
7fb7e36ef000-7fb7e36f0000 ---p 00000000 00:00 0 
7fb7e36f0000-7fb7e37f1000 rw-p 00000000 00:00 0 
7fb7e37f1000-7fb7e37f2000 ---p 00000000 00:00 0 
7fb7e37f2000-7fb7e38f3000 rw-p 00000000 00:00 0 
7fb7e38f3000-7fb7e38f7000 ---p 00000000 00:00 0 
7fb7e38f7000-7fb7e39f4000 rw-p 00000000 00:00 0 
7fb7e39f4000-7fb7e39f5000 ---p 00000000 00:00 0 
7fb7e39f5000-7fb7e3af6000 rw-p 00000000 00:00 0 
7fb7e3af6000-7fb7e3af7000 ---p 00000000 00:00 0 
7fb7e3af7000-7fb7e3bf8000 rw-p 00000000 00:00 0 
7fb7e3bf8000-7fb7e3bf9000 ---p 00000000 00:00 0 
7fb7e3bf9000-7fb7e3cfa000 rw-p 00000000 00:00 0 
7fb7e3cfa000-7fb7e3cfb000 ---p 00000000 00:00 0 
7fb7e3cfb000-7fb7e3dfc000 rw-p 00000000 00:00 0 
7fb7e3dfc000-7fb7e3dfd000 ---p 00000000 00:00 0 
7fb7e3dfd000-7fb7e3efe000 rw-p 00000000 00:00 0 
7fb7e3efe000-7fb7e3eff000 ---p 00000000 00:00 0 
7fb7e3eff000-7fb7e4000000 rw-p 00000000 00:00 0 
7fb7e4000000-7fb7e4021000 rw-p 00000000 00:00 0 
7fb7e4021000-7fb7e8000000 ---p 00000000 00:00 0 
7fb7e8000000-7fb7e8021000 rw-p 00000000 00:00 0 
7fb7e8021000-7fb7ec000000 ---p 00000000 00:00 0 
7fb7ec000000-7fb7ec021000 rw-p 00000000 00:00 0 
7fb7ec021000-7fb7f0000000 ---p 00000000 00:00 0 
7fb7f0000000-7fb7f0021000 rw-p 00000000 00:00 0 
7fb7f0021000-7fb7f4000000 ---p 00000000 00:00 0 
7fb7f4000000-7fb7f4021000 rw-p 00000000 00:00 0 
7fb7f4021000-7fb7f8000000 ---p 00000000 00:00 0 
7fb7f8000000-7fb7f8021000 rw-p 00000000 00:00 0 
7fb7f8021000-7fb7fc000000 ---p 00000000 00:00 0 
7fb7fc000000-7fb7fc021000 rw-p 00000000 00:00 0 
7fb7fc021000-7fb800000000 ---p 00000000 00:00 0 
7fb800000000-7fb800021000 rw-p 00000000 00:00 0 
7fb800021000-7fb804000000 ---p 00000000 00:00 0 
7fb804000000-7fb804021000 rw-p 00000000 00:00 0 
7fb804021000-7fb808000000 ---p 00000000 00:00 0 
7fb808000000-7fb808021000 rw-p 00000000 00:00 0 
7fb808021000-7fb80c000000 ---p 00000000 00:00 0 
7fb80c000000-7fb80c021000 rw-p 00000000 00:00 0 
7fb80c021000-7fb810000000 ---p 00000000 00:00 0 
7fb810000000-7fb810021000 rw-p 00000000 00:00 0 
7fb810021000-7fb814000000 ---p 00000000 00:00 0 
7fb814000000-7fb81404f000 rw-p 00000000 00:00 0 
7fb81404f000-7fb818000000 ---p 00000000 00:00 0 
7fb818000000-7fb818021000 rw-p 00000000 00:00 0 
7fb818021000-7fb81c000000 ---p 00000000 00:00 0 
7fb81c000000-7fb81c39a000 rw-p 00000000 00:00 0 
7fb81c39a000-7fb820000000 ---p 00000000 00:00 0 
7fb820000000-7fb820543000 rw-p 00000000 00:00 0 
7fb820543000-7fb824000000 ---p 00000000 00:00 0 
7fb824000000-7fb824021000 rw-p 00000000 00:00 0 
7fb824021000-7fb828000000 ---p 00000000 00:00 0 
7fb828000000-7fb828021000 rw-p 00000000 00:00 0 
7fb828021000-7fb82c000000 ---p 00000000 00:00 0 
7fb82c000000-7fb82c07e000 rw-p 00000000 00:00 0 
7fb82c07e000-7fb830000000 ---p 00000000 00:00 0 
7fb830000000-7fb830021000 rw-p 00000000 00:00 0 
7fb830021000-7fb834000000 ---p 00000000 00:00 0 
7fb834000000-7fb8343bd000 rw-p 00000000 00:00 0 
7fb8343bd000-7fb838000000 ---p 00000000 00:00 0 
7fb838000000-7fb838257000 rw-p 00000000 00:00 0 
7fb838257000-7fb83c000000 ---p 00000000 00:00 0 
7fb83c000000-7fb83c2c8000 rw-p 00000000 00:00 0 
7fb83c2c8000-7fb840000000 ---p 00000000 00:00 0 
7fb840000000-7fb8401e1000 rw-p 00000000 00:00 0 
7fb8401e1000-7fb844000000 ---p 00000000 00:00 0 
7fb844000000-7fb844121000 rw-p 00000000 00:00 0 
7fb844121000-7fb848000000 ---p 00000000 00:00 0 
7fb848000000-7fb848021000 rw-p 00000000 00:00 0 
7fb848021000-7fb84c000000 ---p 00000000 00:00 0 
7fb84c000000-7fb84c021000 rw-p 00000000 00:00 0 
7fb84c021000-7fb850000000 ---p 00000000 00:00 0 
7fb850000000-7fb850632000 rw-p 00000000 00:00 0 
7fb850632000-7fb854000000 ---p 00000000 00:00 0 
7fb854000000-7fb854021000 rw-p 00000000 00:00 0 
7fb854021000-7fb858000000 ---p 00000000 00:00 0 
7fb858000000-7fb858021000 rw-p 00000000 00:00 0 
7fb858021000-7fb85c000000 ---p 00000000 00:00 0 
7fb85c000000-7fb85c021000 rw-p 00000000 00:00 0 
7fb85c021000-7fb860000000 ---p 00000000 00:00 0 
7fb860000000-7fb860408000 rw-p 00000000 00:00 0 
7fb860408000-7fb864000000 ---p 00000000 00:00 0 
7fb864000000-7fb8640dc000 rw-p 00000000 00:00 0 
7fb8640dc000-7fb868000000 ---p 00000000 00:00 0 
7fb8680ce000-7fb8680cf000 ---p 00000000 00:00 0 
7fb8680cf000-7fb8681d0000 rw-p 00000000 00:00 0 
7fb8681d0000-7fb8681d1000 ---p 00000000 00:00 0 
7fb8681d1000-7fb8682d2000 rw-p 00000000 00:00 0 
7fb8682d2000-7fb8682d3000 ---p 00000000 00:00 0 
7fb8682d3000-7fb8683d4000 rw-p 00000000 00:00 0 
7fb8683d4000-7fb8683d5000 ---p 00000000 00:00 0 
7fb8683d5000-7fb8684d6000 rw-p 00000000 00:00 0 
7fb8684d6000-7fb8684d7000 ---p 00000000 00:00 0 
7fb8684d7000-7fb8685d8000 rw-p 00000000 00:00 0 
7fb8685d8000-7fb8685d9000 ---p 00000000 00:00 0 
7fb8685d9000-7fb8686da000 rw-p 00000000 00:00 0 
7fb8686da000-7fb8686db000 ---p 00000000 00:00 0 
7fb8686db000-7fb8687dc000 rw-p 00000000 00:00 0 
7fb8687dc000-7fb8687dd000 ---p 00000000 00:00 0 
7fb8687dd000-7fb8688de000 rw-p 00000000 00:00 0 
7fb8688de000-7fb8688df000 ---p 00000000 00:00 0 
7fb8688df000-7fb8689e0000 rw-p 00000000 00:00 0 
7fb8689e0000-7fb8689e1000 ---p 00000000 00:00 0 
7fb8689e1000-7fb868ae2000 rw-p 00000000 00:00 0 
7fb868ae2000-7fb868ae3000 ---p 00000000 00:00 0 
7fb868ae3000-7fb868be4000 rw-p 00000000 00:00 0 
7fb868be4000-7fb868be5000 ---p 00000000 00:00 0 
7fb868be5000-7fb868ce6000 rw-p 00000000 00:00 0 
7fb868ce6000-7fb868ce7000 ---p 00000000 00:00 0 
7fb868ce7000-7fb868de8000 rw-p 00000000 00:00 0 
7fb868de8000-7fb868de9000 ---p 00000000 00:00 0 
7fb868de9000-7fb868eea000 rw-p 00000000 00:00 0 
7fb868eea000-7fb868eeb000 ---p 00000000 00:00 0 
7fb868eeb000-7fb868fec000 rw-p 00000000 00:00 0 
7fb868fec000-7fb868fed000 ---p 00000000 00:00 0 
7fb868fed000-7fb8690ee000 rw-p 00000000 00:00 0 
7fb8690ee000-7fb8690ef000 ---p 00000000 00:00 0 
7fb8690ef000-7fb8691f0000 rw-p 00000000 00:00 0 
7fb8691f0000-7fb8691f4000 ---p 00000000 00:00 0 
7fb8691f4000-7fb8692f1000 rw-p 00000000 00:00 0 
7fb8692f1000-7fb8692f5000 ---p 00000000 00:00 0 
7fb8692f5000-7fb8693f2000 rw-p 00000000 00:00 0 
7fb8693f2000-7fb8693f6000 ---p 00000000 00:00 0 
7fb8693f6000-7fb8694f3000 rw-p 00000000 00:00 0 
7fb8694f3000-7fb8694f7000 ---p 00000000 00:00 0 
7fb8694f7000-7fb8695f4000 rw-p 00000000 00:00 0 
7fb8695f4000-7fb86960a000 r-xp 00000000 103:02 16002304                  /usr/lib/jvm/java-12-oracle/lib/libnet.so
7fb86960a000-7fb86980a000 ---p 00016000 103:02 16002304                  /usr/lib/jvm/java-12-oracle/lib/libnet.so
7fb86980a000-7fb86980b000 r--p 00016000 103:02 16002304                  /usr/lib/jvm/java-12-oracle/lib/libnet.so
7fb86980b000-7fb86980c000 rw-p 00017000 103:02 16002304                  /usr/lib/jvm/java-12-oracle/lib/libnet.so
7fb86980c000-7fb86981d000 r-xp 00000000 103:02 16002305                  /usr/lib/jvm/java-12-oracle/lib/libnio.so
7fb86981d000-7fb869a1c000 ---p 00011000 103:02 16002305                  /usr/lib/jvm/java-12-oracle/lib/libnio.so
7fb869a1c000-7fb869a1d000 r--p 00010000 103:02 16002305                  /usr/lib/jvm/java-12-oracle/lib/libnio.so
7fb869a1d000-7fb869a1e000 rw-p 00011000 103:02 16002305                  /usr/lib/jvm/java-12-oracle/lib/libnio.so
7fb869a1e000-7fb869a22000 ---p 00000000 00:00 0 
7fb869a22000-7fb869b1f000 rw-p 00000000 00:00 0 
7fb869b1f000-7fb869b20000 ---p 00000000 00:00 0 
7fb869b20000-7fb869c21000 rw-p 00000000 00:00 0 
7fb869c21000-7fb869c25000 ---p 00000000 00:00 0 
7fb869c25000-7fb869d22000 rw-p 00000000 00:00 0 
7fb869d22000-7fb869d26000 ---p 00000000 00:00 0 
7fb869d26000-7fb869e23000 rw-p 00000000 00:00 0 
7fb869e23000-7fb869e27000 ---p 00000000 00:00 0 
7fb869e27000-7fb869f24000 rw-p 00000000 00:00 0 
7fb869f24000-7fb869f28000 ---p 00000000 00:00 0 
7fb869f28000-7fb86a025000 rw-p 00000000 00:00 0 
7fb86a025000-7fb86a029000 ---p 00000000 00:00 0 
7fb86a029000-7fb86a126000 rw-p 00000000 00:00 0 
7fb86a126000-7fb86a12a000 ---p 00000000 00:00 0 
7fb86a12a000-7fb86a227000 rw-p 00000000 00:00 0 
7fb86a227000-7fb86a22b000 ---p 00000000 00:00 0 
7fb86a22b000-7fb86a328000 rw-p 00000000 00:00 0 
7fb86a328000-7fb86a32c000 ---p 00000000 00:00 0 
7fb86a32c000-7fb86a429000 rw-p 00000000 00:00 0 
7fb86a429000-7fb86a42d000 ---p 00000000 00:00 0 
7fb86a42d000-7fb86a52a000 rw-p 00000000 00:00 0 
7fb86a52a000-7fb86a52e000 ---p 00000000 00:00 0 
7fb86a52e000-7fb86a62b000 rw-p 00000000 00:00 0 
7fb86a62b000-7fb86affa000 r--p 00000000 103:02 15866447                  /usr/lib/locale/locale-archive
7fb86affa000-7fb86affe000 ---p 00000000 00:00 0 
7fb86affe000-7fb86b0fb000 rw-p 00000000 00:00 0 
7fb86b0fb000-7fb86b0ff000 ---p 00000000 00:00 0 
7fb86b0ff000-7fb86b1fc000 rw-p 00000000 00:00 0 
7fb86b1fc000-7fb86b1fd000 ---p 00000000 00:00 0 
7fb86b1fd000-7fb86b89a000 rw-p 00000000 00:00 0 
7fb86b89a000-7fb86bbda000 ---p 00000000 00:00 0 
7fb86bbda000-7fb86bbdb000 ---p 00000000 00:00 0 
7fb86bbdb000-7fb86bcdc000 rw-p 00000000 00:00 0 
7fb86bcdc000-7fb86bcdd000 ---p 00000000 00:00 0 
7fb86bcdd000-7fb870000000 rw-p 00000000 00:00 0 
7fb870000000-7fb870021000 rw-p 00000000 00:00 0 
7fb870021000-7fb874000000 ---p 00000000 00:00 0 
7fb874000000-7fb874021000 rw-p 00000000 00:00 0 
7fb874021000-7fb878000000 ---p 00000000 00:00 0 
7fb878000000-7fb878021000 rw-p 00000000 00:00 0 
7fb878021000-7fb87c000000 ---p 00000000 00:00 0 
7fb87c054000-7fb87c95d000 rw-p 00000000 00:00 0 
7fb87c95d000-7fb87c95e000 ---p 00000000 00:00 0 
7fb87c95e000-7fb87ca5f000 rw-p 00000000 00:00 0 
7fb87ca5f000-7fb87ca60000 ---p 00000000 00:00 0 
7fb87ca60000-7fb87cb61000 rw-p 00000000 00:00 0 
7fb87cb61000-7fb87cb62000 ---p 00000000 00:00 0 
7fb87cb62000-7fb87e444000 rw-p 00000000 00:00 0 
7fb87e444000-7fb88cc94000 ---p 00000000 00:00 0 
7fb88cc94000-7fb88dfa4000 rw-p 00000000 00:00 0 
7fb88dfa4000-7fb89c7f4000 ---p 00000000 00:00 0 
7fb89c7f4000-7fb89ca72000 rw-p 00000000 00:00 0 
7fb89ca72000-7fb89e77c000 ---p 00000000 00:00 0 
7fb89e77c000-7fb89e9de000 rw-p 00000000 00:00 0 
7fb89e9de000-7fb8a06e8000 ---p 00000000 00:00 0 
7fb8a06e8000-7fb8a094a000 rw-p 00000000 00:00 0 
7fb8a094a000-7fb8a2654000 ---p 00000000 00:00 0 
7fb8a2654000-7fb8a4b7d000 rw-p 00000000 00:00 0 
7fb8a4b7d000-7fb8a4f4d000 rwxp 00000000 00:00 0 
7fb8a4f4d000-7fb8a53db000 ---p 00000000 00:00 0 
7fb8a53db000-7fb8a564b000 rwxp 00000000 00:00 0 
7fb8a564b000-7fb8ac7ac000 ---p 00000000 00:00 0 
7fb8ac7ac000-7fb8aca1c000 rwxp 00000000 00:00 0 
7fb8aca1c000-7fb8b3b7d000 ---p 00000000 00:00 0 
7fb8b3b7d000-7fb8bc000000 r--s 00000000 103:02 16002315                  /usr/lib/jvm/java-12-oracle/lib/modules
7fb8bc000000-7fb8bc4ab000 rw-p 00000000 00:00 0 
7fb8bc4ab000-7fb8c0000000 ---p 00000000 00:00 0 
7fb8c0019000-7fb8c0624000 rw-p 00000000 00:00 0 
7fb8c0624000-7fb8c0707000 ---p 00000000 00:00 0 
7fb8c0707000-7fb8c070c000 rw-p 00000000 00:00 0 
7fb8c070c000-7fb8c07ef000 ---p 00000000 00:00 0 
7fb8c07ef000-7fb8c080a000 r-xp 00000000 103:02 15993627                  /usr/lib/jvm/java-12-oracle/lib/libjimage.so
7fb8c080a000-7fb8c0a09000 ---p 0001b000 103:02 15993627                  /usr/lib/jvm/java-12-oracle/lib/libjimage.so
7fb8c0a09000-7fb8c0a0b000 r--p 0001a000 103:02 15993627                  /usr/lib/jvm/java-12-oracle/lib/libjimage.so
7fb8c0a0b000-7fb8c0a0c000 rw-p 0001c000 103:02 15993627                  /usr/lib/jvm/java-12-oracle/lib/libjimage.so
7fb8c0a0c000-7fb8c0a13000 r-xp 00000000 103:02 16002314                  /usr/lib/jvm/java-12-oracle/lib/libzip.so
7fb8c0a13000-7fb8c0c12000 ---p 00007000 103:02 16002314                  /usr/lib/jvm/java-12-oracle/lib/libzip.so
7fb8c0c12000-7fb8c0c13000 r--p 00006000 103:02 16002314                  /usr/lib/jvm/java-12-oracle/lib/libzip.so
7fb8c0c13000-7fb8c0c14000 rw-p 00007000 103:02 16002314                  /usr/lib/jvm/java-12-oracle/lib/libzip.so
7fb8c0c14000-7fb8c0c1f000 r-xp 00000000 103:02 10490588                  /lib/x86_64-linux-gnu/libnss_files-2.27.so
7fb8c0c1f000-7fb8c0e1e000 ---p 0000b000 103:02 10490588                  /lib/x86_64-linux-gnu/libnss_files-2.27.so
7fb8c0e1e000-7fb8c0e1f000 r--p 0000a000 103:02 10490588                  /lib/x86_64-linux-gnu/libnss_files-2.27.so
7fb8c0e1f000-7fb8c0e20000 rw-p 0000b000 103:02 10490588                  /lib/x86_64-linux-gnu/libnss_files-2.27.so
7fb8c0e20000-7fb8c0e26000 rw-p 00000000 00:00 0 
7fb8c0e26000-7fb8c0e3d000 r-xp 00000000 103:02 10490582                  /lib/x86_64-linux-gnu/libnsl-2.27.so
7fb8c0e3d000-7fb8c103c000 ---p 00017000 103:02 10490582                  /lib/x86_64-linux-gnu/libnsl-2.27.so
7fb8c103c000-7fb8c103d000 r--p 00016000 103:02 10490582                  /lib/x86_64-linux-gnu/libnsl-2.27.so
7fb8c103d000-7fb8c103e000 rw-p 00017000 103:02 10490582                  /lib/x86_64-linux-gnu/libnsl-2.27.so
7fb8c103e000-7fb8c1040000 rw-p 00000000 00:00 0 
7fb8c1040000-7fb8c104b000 r-xp 00000000 103:02 10490599                  /lib/x86_64-linux-gnu/libnss_nis-2.27.so
7fb8c104b000-7fb8c124a000 ---p 0000b000 103:02 10490599                  /lib/x86_64-linux-gnu/libnss_nis-2.27.so
7fb8c124a000-7fb8c124b000 r--p 0000a000 103:02 10490599                  /lib/x86_64-linux-gnu/libnss_nis-2.27.so
7fb8c124b000-7fb8c124c000 rw-p 0000b000 103:02 10490599                  /lib/x86_64-linux-gnu/libnss_nis-2.27.so
7fb8c124c000-7fb8c1254000 r-xp 00000000 103:02 10490584                  /lib/x86_64-linux-gnu/libnss_compat-2.27.so
7fb8c1254000-7fb8c1454000 ---p 00008000 103:02 10490584                  /lib/x86_64-linux-gnu/libnss_compat-2.27.so
7fb8c1454000-7fb8c1455000 r--p 00008000 103:02 10490584                  /lib/x86_64-linux-gnu/libnss_compat-2.27.so
7fb8c1455000-7fb8c1456000 rw-p 00009000 103:02 10490584                  /lib/x86_64-linux-gnu/libnss_compat-2.27.so
7fb8c1456000-7fb8c147e000 r-xp 00000000 103:02 15993623                  /usr/lib/jvm/java-12-oracle/lib/libjava.so
7fb8c147e000-7fb8c167d000 ---p 00028000 103:02 15993623                  /usr/lib/jvm/java-12-oracle/lib/libjava.so
7fb8c167d000-7fb8c167e000 r--p 00027000 103:02 15993623                  /usr/lib/jvm/java-12-oracle/lib/libjava.so
7fb8c167e000-7fb8c1680000 rw-p 00028000 103:02 15993623                  /usr/lib/jvm/java-12-oracle/lib/libjava.so
7fb8c1680000-7fb8c168d000 r-xp 00000000 103:02 16002313                  /usr/lib/jvm/java-12-oracle/lib/libverify.so
7fb8c168d000-7fb8c188c000 ---p 0000d000 103:02 16002313                  /usr/lib/jvm/java-12-oracle/lib/libverify.so
7fb8c188c000-7fb8c188e000 r--p 0000c000 103:02 16002313                  /usr/lib/jvm/java-12-oracle/lib/libverify.so
7fb8c188e000-7fb8c188f000 rw-p 0000e000 103:02 16002313                  /usr/lib/jvm/java-12-oracle/lib/libverify.so
7fb8c188f000-7fb8c1896000 r-xp 00000000 103:02 10490639                  /lib/x86_64-linux-gnu/librt-2.27.so
7fb8c1896000-7fb8c1a95000 ---p 00007000 103:02 10490639                  /lib/x86_64-linux-gnu/librt-2.27.so
7fb8c1a95000-7fb8c1a96000 r--p 00006000 103:02 10490639                  /lib/x86_64-linux-gnu/librt-2.27.so
7fb8c1a96000-7fb8c1a97000 rw-p 00007000 103:02 10490639                  /lib/x86_64-linux-gnu/librt-2.27.so
7fb8c1a97000-7fb8c1c34000 r-xp 00000000 103:02 10490561                  /lib/x86_64-linux-gnu/libm-2.27.so
7fb8c1c34000-7fb8c1e33000 ---p 0019d000 103:02 10490561                  /lib/x86_64-linux-gnu/libm-2.27.so
7fb8c1e33000-7fb8c1e34000 r--p 0019c000 103:02 10490561                  /lib/x86_64-linux-gnu/libm-2.27.so
7fb8c1e34000-7fb8c1e35000 rw-p 0019d000 103:02 10490561                  /lib/x86_64-linux-gnu/libm-2.27.so
7fb8c1e35000-7fb8c2f98000 r-xp 00000000 103:02 16002329                  /usr/lib/jvm/java-12-oracle/lib/server/libjvm.so
7fb8c2f98000-7fb8c3198000 ---p 01163000 103:02 16002329                  /usr/lib/jvm/java-12-oracle/lib/server/libjvm.so
7fb8c3198000-7fb8c3259000 r--p 01163000 103:02 16002329                  /usr/lib/jvm/java-12-oracle/lib/server/libjvm.so
7fb8c3259000-7fb8c3292000 rw-p 01224000 103:02 16002329                  /usr/lib/jvm/java-12-oracle/lib/server/libjvm.so
7fb8c3292000-7fb8c3315000 rw-p 00000000 00:00 0 
7fb8c3315000-7fb8c34fc000 r-xp 00000000 103:02 10490498                  /lib/x86_64-linux-gnu/libc-2.27.so
7fb8c34fc000-7fb8c36fc000 ---p 001e7000 103:02 10490498                  /lib/x86_64-linux-gnu/libc-2.27.so
7fb8c36fc000-7fb8c3700000 r--p 001e7000 103:02 10490498                  /lib/x86_64-linux-gnu/libc-2.27.so
7fb8c3700000-7fb8c3702000 rw-p 001eb000 103:02 10490498                  /lib/x86_64-linux-gnu/libc-2.27.so
7fb8c3702000-7fb8c3706000 rw-p 00000000 00:00 0 
7fb8c3706000-7fb8c3709000 r-xp 00000000 103:02 10490521                  /lib/x86_64-linux-gnu/libdl-2.27.so
7fb8c3709000-7fb8c3908000 ---p 00003000 103:02 10490521                  /lib/x86_64-linux-gnu/libdl-2.27.so
7fb8c3908000-7fb8c3909000 r--p 00002000 103:02 10490521                  /lib/x86_64-linux-gnu/libdl-2.27.so
7fb8c3909000-7fb8c390a000 rw-p 00003000 103:02 10490521                  /lib/x86_64-linux-gnu/libdl-2.27.so
7fb8c390a000-7fb8c3924000 r-xp 00000000 103:02 10490631                  /lib/x86_64-linux-gnu/libpthread-2.27.so
7fb8c3924000-7fb8c3b23000 ---p 0001a000 103:02 10490631                  /lib/x86_64-linux-gnu/libpthread-2.27.so
7fb8c3b23000-7fb8c3b24000 r--p 00019000 103:02 10490631                  /lib/x86_64-linux-gnu/libpthread-2.27.so
7fb8c3b24000-7fb8c3b25000 rw-p 0001a000 103:02 10490631                  /lib/x86_64-linux-gnu/libpthread-2.27.so
7fb8c3b25000-7fb8c3b29000 rw-p 00000000 00:00 0 
7fb8c3b29000-7fb8c3b39000 r-xp 00000000 103:02 15993628                  /usr/lib/jvm/java-12-oracle/lib/libjli.so
7fb8c3b39000-7fb8c3d38000 ---p 00010000 103:02 15993628                  /usr/lib/jvm/java-12-oracle/lib/libjli.so
7fb8c3d38000-7fb8c3d39000 r--p 0000f000 103:02 15993628                  /usr/lib/jvm/java-12-oracle/lib/libjli.so
7fb8c3d39000-7fb8c3d3a000 rw-p 00010000 103:02 15993628                  /usr/lib/jvm/java-12-oracle/lib/libjli.so
7fb8c3d3a000-7fb8c3d56000 r-xp 00000000 103:02 10490670                  /lib/x86_64-linux-gnu/libz.so.1.2.11
7fb8c3d56000-7fb8c3f55000 ---p 0001c000 103:02 10490670                  /lib/x86_64-linux-gnu/libz.so.1.2.11
7fb8c3f55000-7fb8c3f56000 r--p 0001b000 103:02 10490670                  /lib/x86_64-linux-gnu/libz.so.1.2.11
7fb8c3f56000-7fb8c3f57000 rw-p 0001c000 103:02 10490670                  /lib/x86_64-linux-gnu/libz.so.1.2.11
7fb8c3f57000-7fb8c3f7e000 r-xp 00000000 103:02 10490470                  /lib/x86_64-linux-gnu/ld-2.27.so
7fb8c3f93000-7fb8c405a000 rw-p 00000000 00:00 0 
7fb8c405a000-7fb8c4063000 ---p 00000000 00:00 0 
7fb8c4063000-7fb8c4067000 ---p 00000000 00:00 0 
7fb8c4067000-7fb8c4168000 rw-p 00000000 00:00 0 
7fb8c4172000-7fb8c4173000 r--p 00000000 103:02 17567477                  /usr/share/locale-langpack/en_GB/LC_MESSAGES/libc.mo
7fb8c4173000-7fb8c417b000 rw-s 00000000 103:02 13369603                  /tmp/hsperfdata_rflachlan/39980
7fb8c417b000-7fb8c417c000 ---p 00000000 00:00 0 
7fb8c417c000-7fb8c417d000 r--p 00000000 00:00 0 
7fb8c417d000-7fb8c417e000 ---p 00000000 00:00 0 
7fb8c417e000-7fb8c417f000 r--p 00027000 103:02 10490470                  /lib/x86_64-linux-gnu/ld-2.27.so
7fb8c417f000-7fb8c4180000 rw-p 00028000 103:02 10490470                  /lib/x86_64-linux-gnu/ld-2.27.so
7fb8c4180000-7fb8c4181000 rw-p 00000000 00:00 0 
7fffa3858000-7fffa3879000 rw-p 00000000 00:00 0                          [stack]
7fffa38ad000-7fffa38b0000 r--p 00000000 00:00 0                          [vvar]
7fffa38b0000-7fffa38b2000 r-xp 00000000 00:00 0                          [vdso]
ffffffffff600000-ffffffffff601000 r-xp 00000000 00:00 0                  [vsyscall]


VM Arguments:
java_command: /home/rflachlan/Dropbox/ChaffTenerife//ChaffinchABC.jar 209 18 0 1004287016345145504 /home/rflachlan/Dropbox/ChaffTenerife/
java_class_path (initial): /home/rflachlan/Dropbox/ChaffTenerife//ChaffinchABC.jar
Launcher Type: SUN_STANDARD

[Global flags]
     intx CICompilerCount                          = 18                                        {product} {ergonomic}
     uint ConcGCThreads                            = 11                                        {product} {ergonomic}
     uint G1ConcRefinementThreads                  = 43                                        {product} {ergonomic}
   size_t G1HeapRegionSize                         = 4194304                                   {product} {ergonomic}
    uintx GCDrainStackTargetSize                   = 64                                        {product} {ergonomic}
   size_t InitialHeapSize                          = 1056964608                                {product} {ergonomic}
   size_t MarkStackSize                            = 4194304                                   {product} {ergonomic}
   size_t MaxHeapSize                              = 16869490688                               {product} {ergonomic}
   size_t MaxNewSize                               = 10120855552                               {product} {ergonomic}
   size_t MinHeapDeltaBytes                        = 4194304                                   {product} {ergonomic}
    uintx NonNMethodCodeHeapSize                   = 8769992                                {pd product} {ergonomic}
    uintx NonProfiledCodeHeapSize                  = 121444124                              {pd product} {ergonomic}
    uintx ProfiledCodeHeapSize                     = 121444124                              {pd product} {ergonomic}
    uintx ReservedCodeCacheSize                    = 251658240                              {pd product} {ergonomic}
     bool SegmentedCodeCache                       = true                                      {product} {ergonomic}
     bool UseCompressedClassPointers               = true                                 {lp64_product} {ergonomic}
     bool UseCompressedOops                        = true                                 {lp64_product} {ergonomic}
     bool UseG1GC                                  = true                                      {product} {ergonomic}

Logging:
Log output configuration:
 #0: stdout all=warning uptime,level,tags
 #1: stderr all=off uptime,level,tags

Environment Variables:
JAVA_HOME=/usr/lib/jvm/java-12-oracle
PATH=/usr/local/sbin:/usr/local/bin:/usr/sbin:/usr/bin:/sbin:/bin:/usr/games:/usr/local/games:/snap/bin:/usr/lib/jvm/java-12-oracle/bin:/usr/lib/jvm/java-12-oracle/db/bin
USERNAME=rflachlan
SHELL=/bin/bash
DISPLAY=:0

Signal Handlers:
SIGSEGV: [libjvm.so+0xe44380], sa_mask[0]=11111111011111111101111111111110, sa_flags=SA_RESTART|SA_SIGINFO
SIGBUS: [libjvm.so+0xe44380], sa_mask[0]=11111111011111111101111111111110, sa_flags=SA_RESTART|SA_SIGINFO
SIGFPE: [libjvm.so+0xe44380], sa_mask[0]=11111111011111111101111111111110, sa_flags=SA_RESTART|SA_SIGINFO
SIGPIPE: [libjvm.so+0xbf3e70], sa_mask[0]=11111111011111111101111111111110, sa_flags=SA_RESTART|SA_SIGINFO
SIGXFSZ: [libjvm.so+0xbf3e70], sa_mask[0]=11111111011111111101111111111110, sa_flags=SA_RESTART|SA_SIGINFO
SIGILL: [libjvm.so+0xe44380], sa_mask[0]=11111111011111111101111111111110, sa_flags=SA_RESTART|SA_SIGINFO
SIGUSR2: [libjvm.so+0xbf3d10], sa_mask[0]=00100000000000000000000000000000, sa_flags=SA_RESTART|SA_SIGINFO
SIGHUP: [libjvm.so+0xbf4070], sa_mask[0]=11111111011111111101111111111110, sa_flags=SA_RESTART|SA_SIGINFO
SIGINT: SIG_IGN, sa_mask[0]=00000000000000000000000000000000, sa_flags=none
SIGTERM: [libjvm.so+0xbf4070], sa_mask[0]=11111111011111111101111111111110, sa_flags=SA_RESTART|SA_SIGINFO
SIGQUIT: [libjvm.so+0xbf4070], sa_mask[0]=11111111011111111101111111111110, sa_flags=SA_RESTART|SA_SIGINFO


---------------  S Y S T E M  ---------------

OS:DISTRIB_ID=Ubuntu
DISTRIB_RELEASE=18.04
DISTRIB_CODENAME=bionic
DISTRIB_DESCRIPTION="Ubuntu 18.04.2 LTS"
uname:Linux 4.15.0-54-generic #58-Ubuntu SMP Mon Jun 24 10:55:24 UTC 2019 x86_64
libc:glibc 2.27 NPTL 2.27 
rlimit: STACK 8192k, CORE 0k, NPROC 256635, NOFILE 4096, AS infinity, DATA infinity, FSIZE infinity
load average:85.46 63.18 39.81

/proc/meminfo:
MemTotal:       65882016 kB
MemFree:          314084 kB
MemAvailable:     121064 kB
Buffers:           17916 kB
Cached:           268240 kB
SwapCached:         3116 kB
Active:         60676516 kB
Inactive:        3396828 kB
Active(anon):   60605512 kB
Inactive(anon):  3291352 kB
Active(file):      71004 kB
Inactive(file):   105476 kB
Unevictable:          16 kB
Mlocked:              16 kB
SwapTotal:       2097148 kB
SwapFree:             16 kB
Dirty:              1748 kB
Writeback:             0 kB
AnonPages:      63786900 kB
Mapped:           244116 kB
Shmem:            108136 kB
Slab:             663988 kB
SReclaimable:     153812 kB
SUnreclaim:       510176 kB
KernelStack:      108656 kB
PageTables:       255468 kB
NFS_Unstable:          0 kB
Bounce:                0 kB
WritebackTmp:          0 kB
CommitLimit:    35038156 kB
Committed_AS:   93588872 kB
VmallocTotal:   34359738367 kB
VmallocUsed:           0 kB
VmallocChunk:          0 kB
HardwareCorrupted:     0 kB
AnonHugePages:         0 kB
ShmemHugePages:        0 kB
ShmemPmdMapped:        0 kB
CmaTotal:              0 kB
CmaFree:               0 kB
HugePages_Total:       0
HugePages_Free:        0
HugePages_Rsvd:        0
HugePages_Surp:        0
Hugepagesize:       2048 kB
DirectMap4k:      697368 kB
DirectMap2M:    25387008 kB
DirectMap1G:    40894464 kB


/proc/sys/kernel/threads-max (system-wide limit on the number of threads):
513271


/proc/sys/vm/max_map_count (maximum number of memory map areas a process may have):
65530


/proc/sys/kernel/pid_max (system-wide limit on number of process identifiers):
131072



container (cgroup) information:
container_type: cgroupv1
cpu_cpuset_cpus: 0-63
cpu_memory_nodes: 0,2
active_processor_count: 64
cpu_quota: -1
cpu_period: 100000
cpu_shares: -1
memory_limit_in_bytes: -1
memory_and_swap_limit_in_bytes: -2
memory_soft_limit_in_bytes: -1
memory_usage_in_bytes: 65621594112
memory_max_usage_in_bytes: 228622065664


CPU:total 64 (initial active 64) (64 cores per cpu, 2 threads per core) family 23 model 8 stepping 2, cmov, cx8, fxsr, mmx, sse, sse2, sse3, ssse3, sse4.1, sse4.2, popcnt, avx, avx2, aes, clmul, mmxext, 3dnowpref, lzcnt, sse4a, ht, tsc, tscinvbit, tscinv, bmi1, bmi2, adx, sha, fma
CPU Model and flags from /proc/cpuinfo:
model name	: AMD Ryzen Threadripper 2990WX 32-Core Processor
flags		: fpu vme de pse tsc msr pae mce cx8 apic sep mtrr pge mca cmov pat pse36 clflush mmx fxsr sse sse2 ht syscall nx mmxext fxsr_opt pdpe1gb rdtscp lm constant_tsc rep_good nopl nonstop_tsc cpuid extd_apicid amd_dcm aperfmperf pni pclmulqdq monitor ssse3 fma cx16 sse4_1 sse4_2 movbe popcnt aes xsave avx f16c rdrand lahf_lm cmp_legacy svm extapic cr8_legacy abm sse4a misalignsse 3dnowprefetch osvw skinit wdt tce topoext perfctr_core perfctr_nb bpext perfctr_llc mwaitx cpb hw_pstate sme ssbd ibpb vmmcall fsgsbase bmi1 avx2 smep bmi2 rdseed adx smap clflushopt sha_ni xsaveopt xsavec xgetbv1 xsaves clzero irperf xsaveerptr arat npt lbrv svm_lock nrip_save tsc_scale vmcb_clean flushbyasid decodeassists pausefilter pfthreshold avic v_vmsave_vmload vgif overflow_recov succor smca

Memory: 4k page, physical 65882016k(313968k free), swap 2097148k(16k free)

vm_info: Java HotSpot(TM) 64-Bit Server VM (12.0.2+10) for linux-amd64 JRE (12.0.2+10), built on Jul 16 2019 00:56:35 by "mach5one" with gcc 7.3.0

END.
