#
# There is insufficient memory for the Java Runtime Environment to continue.
# Native memory allocation (mmap) failed to map 1912602624 bytes for committing reserved memory.
# Possible reasons:
#   The system is out of physical RAM or swap space
#   The process is running with CompressedOops enabled, and the Java Heap may be blocking the growth of the native heap
# Possible solutions:
#   Reduce memory load on the system
#   Increase physical memory or swap space
#   Check if swap backing store is full
#   Decrease Java heap size (-Xmx/-Xms)
#   Decrease number of Java threads
#   Decrease Java thread stack sizes (-Xss)
#   Set larger code cache with -XX:ReservedCodeCacheSize=
#   JVM is running with Zero Based Compressed Oops mode in which the Java heap is
#     placed in the first 32GB address space. The Java Heap base address is the
#     maximum limit for the native heap growth. Please use -XX:HeapBaseMinAddress
#     to set the Java Heap base and to place the Java Heap above 32GB virtual address.
# This output file may be truncated or incomplete.
#
#  Out of Memory Error (os_linux.cpp:2659), pid=34832, tid=34984
#
# JRE version: Java(TM) SE Runtime Environment (12.0.2+10) (build 12.0.2+10)
# Java VM: Java HotSpot(TM) 64-Bit Server VM (12.0.2+10, mixed mode, sharing, tiered, compressed oops, g1 gc, linux-amd64)
# Core dump will be written. Default location: Core dumps may be processed with "/usr/share/apport/apport %p %s %c %d %P" (or dumping to /home/rflachlan/NetBeansProjects/ChaffinchABC/core.34832)
#

---------------  S U M M A R Y ------------

Command Line: /home/rflachlan/Dropbox/ChaffTenerife//ChaffinchABC.jar 209 22 0 -876048486338077293 /home/rflachlan/Dropbox/ChaffTenerife/

Host: AMD Ryzen Threadripper 2990WX 32-Core Processor, 64 cores, 62G, Ubuntu 18.04.2 LTS
Time: Wed Aug 21 11:13:11 2019 BST elapsed time: 956 seconds (0d 0h 15m 56s)

---------------  T H R E A D  ---------------

Current thread (0x00007fb350327000):  VMThread "VM Thread" [stack: 0x00007fb2fdb62000,0x00007fb2fdc62000] [id=34984]

Stack: [0x00007fb2fdb62000,0x00007fb2fdc62000],  sp=0x00007fb2fdc5ff40,  free space=1015k
Native frames: (J=compiled Java code, A=aot compiled Java code, j=interpreted, Vv=VM code, C=native code)
V  [libjvm.so+0xe429e0]  VMError::report_and_die(int, char const*, char const*, __va_list_tag*, Thread*, unsigned char*, void*, void*, char const*, int, unsigned long)+0x310
V  [libjvm.so+0xe435ab]  VMError::report_and_die(Thread*, char const*, int, unsigned long, VMErrorType, char const*, __va_list_tag*)+0x2b
V  [libjvm.so+0x65d4b5]  report_vm_out_of_memory(char const*, int, unsigned long, VMErrorType, char const*, ...)+0xd5
V  [libjvm.so+0xbf7f38]  os::pd_commit_memory_or_exit(char*, unsigned long, unsigned long, bool, char const*)+0x108
V  [libjvm.so+0xbef71d]  os::commit_memory_or_exit(char*, unsigned long, unsigned long, bool, char const*)+0x1d
V  [libjvm.so+0x786ecc]  G1PageBasedVirtualSpace::commit_preferred_pages(unsigned long, unsigned long)+0x6c
V  [libjvm.so+0x787264]  G1PageBasedVirtualSpace::commit(unsigned long, unsigned long)+0x154
V  [libjvm.so+0x795030]  G1RegionsLargerThanCommitSizeMapper::commit_regions(unsigned int, unsigned long, WorkGang*)+0x40
V  [libjvm.so+0x8164b0]  HeapRegionManager::commit_regions(unsigned int, unsigned long, WorkGang*)+0x80
V  [libjvm.so+0x81720f]  HeapRegionManager::make_regions_available(unsigned int, unsigned int, WorkGang*)+0x3f
V  [libjvm.so+0x817789]  HeapRegionManager::expand_at(unsigned int, unsigned int, WorkGang*)+0x119
V  [libjvm.so+0x73c5f0]  G1CollectedHeap::expand(unsigned long, WorkGang*, double*)+0xe0
V  [libjvm.so+0x741b12]  G1CollectedHeap::do_collection_pause_at_safepoint(double)+0x9d2
V  [libjvm.so+0x7a8521]  VM_G1CollectForAllocation::doit()+0x81
V  [libjvm.so+0xe44fc7]  VM_Operation::evaluate()+0xe7
V  [libjvm.so+0xe4aebf]  VMThread::evaluate_operation(VM_Operation*) [clone .constprop.63]+0xff
V  [libjvm.so+0xe4b421]  VMThread::loop()+0x411
V  [libjvm.so+0xe4b873]  VMThread::run()+0x73
V  [libjvm.so+0xdd0b8f]  Thread::call_run()+0x16f
V  [libjvm.so+0xbfdc6e]  thread_native_entry(Thread*)+0xee

VM_Operation (0x00007fb356ac9460): G1CollectForAllocation, mode: safepoint, requested by thread 0x00007fb350012800


---------------  P R O C E S S  ---------------

Threads class SMR info:
_java_thread_list=0x00007fb200089d60, length=9, elements={
0x00007fb350012800, 0x00007fb35032a000, 0x00007fb35032c000, 0x00007fb350331000,
0x00007fb350333800, 0x00007fb35033d800, 0x00007fb35033f800, 0x00007fb35036f000,
0x00007fb350373800
}

Java Threads: ( => current thread )
  0x00007fb350012800 JavaThread "main" [_thread_blocked, id=34846, stack(0x00007fb3569ca000,0x00007fb356acb000)]
  0x00007fb35032a000 JavaThread "Reference Handler" daemon [_thread_blocked, id=34999, stack(0x00007fb2fda5f000,0x00007fb2fdb60000)]
  0x00007fb35032c000 JavaThread "Finalizer" daemon [_thread_blocked, id=35001, stack(0x00007fb2fd95e000,0x00007fb2fda5f000)]
  0x00007fb350331000 JavaThread "Signal Dispatcher" daemon [_thread_blocked, id=35034, stack(0x00007fb2fce8e000,0x00007fb2fcf8f000)]
  0x00007fb350333800 JavaThread "C2 CompilerThread0" daemon [_thread_blocked, id=35045, stack(0x00007fb2fcd8d000,0x00007fb2fce8e000)]
  0x00007fb35033d800 JavaThread "C1 CompilerThread0" daemon [_thread_blocked, id=35063, stack(0x00007fb2fcc8c000,0x00007fb2fcd8d000)]
  0x00007fb35033f800 JavaThread "Sweeper thread" daemon [_thread_blocked, id=35065, stack(0x00007fb2fcb8b000,0x00007fb2fcc8c000)]
  0x00007fb35036f000 JavaThread "Service Thread" daemon [_thread_blocked, id=35172, stack(0x00007fb2fc989000,0x00007fb2fca8a000)]
  0x00007fb350373800 JavaThread "Common-Cleaner" daemon [_thread_blocked, id=35197, stack(0x00007fb2fc786000,0x00007fb2fc887000)]

Other Threads:
=>0x00007fb350327000 VMThread "VM Thread" [stack: 0x00007fb2fdb62000,0x00007fb2fdc62000] [id=34984]
  0x00007fb350371800 WatcherThread [stack: 0x00007fb2fc889000,0x00007fb2fc989000] [id=35182]
  0x00007fb35006e800 GCTaskThread "GC Thread#0" [stack: 0x00007fb30f4bd000,0x00007fb30f5bd000] [id=34891]
  0x00007fb2f4001000 GCTaskThread "GC Thread#1" [stack: 0x00007fb2bfcfe000,0x00007fb2bfdfe000] [id=35643]
  0x00007fb2f4002000 GCTaskThread "GC Thread#2" [stack: 0x00007fb2bfbfc000,0x00007fb2bfcfc000] [id=35646]
  0x00007fb2f4003000 GCTaskThread "GC Thread#3" [stack: 0x00007fb2bfafa000,0x00007fb2bfbfa000] [id=35649]
  0x00007fb2f4004800 GCTaskThread "GC Thread#4" [stack: 0x00007fb2bf9f8000,0x00007fb2bfaf8000] [id=35658]
  0x00007fb2f4006000 GCTaskThread "GC Thread#5" [stack: 0x00007fb2bf8f6000,0x00007fb2bf9f6000] [id=35660]
  0x00007fb2f4007800 GCTaskThread "GC Thread#6" [stack: 0x00007fb2bf7f4000,0x00007fb2bf8f4000] [id=35661]
  0x00007fb2f4009000 GCTaskThread "GC Thread#7" [stack: 0x00007fb2bf6f2000,0x00007fb2bf7f2000] [id=35666]
  0x00007fb2f400b000 GCTaskThread "GC Thread#8" [stack: 0x00007fb2bf5f0000,0x00007fb2bf6f0000] [id=35670]
  0x00007fb2f400c800 GCTaskThread "GC Thread#9" [stack: 0x00007fb2bf4ee000,0x00007fb2bf5ee000] [id=35673]
  0x00007fb2f400e000 GCTaskThread "GC Thread#10" [stack: 0x00007fb2bf3ec000,0x00007fb2bf4ec000] [id=35676]
  0x00007fb2f400f800 GCTaskThread "GC Thread#11" [stack: 0x00007fb2bf2ea000,0x00007fb2bf3ea000] [id=35681]
  0x00007fb2f4011000 GCTaskThread "GC Thread#12" [stack: 0x00007fb2bf1e8000,0x00007fb2bf2e8000] [id=35688]
  0x00007fb2f4012800 GCTaskThread "GC Thread#13" [stack: 0x00007fb2bf0e6000,0x00007fb2bf1e6000] [id=35698]
  0x00007fb2f4014000 GCTaskThread "GC Thread#14" [stack: 0x00007fb2befe4000,0x00007fb2bf0e4000] [id=35701]
  0x00007fb2f4015800 GCTaskThread "GC Thread#15" [stack: 0x00007fb2beee2000,0x00007fb2befe2000] [id=35703]
  0x00007fb2f4017000 GCTaskThread "GC Thread#16" [stack: 0x00007fb2bede0000,0x00007fb2beee0000] [id=35708]
  0x00007fb2f4018800 GCTaskThread "GC Thread#17" [stack: 0x00007fb2becde000,0x00007fb2bedde000] [id=35712]
  0x00007fb2f401a000 GCTaskThread "GC Thread#18" [stack: 0x00007fb2bebdc000,0x00007fb2becdc000] [id=35714]
  0x00007fb2f401b800 GCTaskThread "GC Thread#19" [stack: 0x00007fb2beada000,0x00007fb2bebda000] [id=35719]
  0x00007fb2f401d000 GCTaskThread "GC Thread#20" [stack: 0x00007fb2be9d8000,0x00007fb2bead8000] [id=35723]
  0x00007fb2f401f000 GCTaskThread "GC Thread#21" [stack: 0x00007fb2be8d6000,0x00007fb2be9d6000] [id=35726]
  0x00007fb2f4020800 GCTaskThread "GC Thread#22" [stack: 0x00007fb2be7d4000,0x00007fb2be8d4000] [id=35730]
  0x00007fb2f4022800 GCTaskThread "GC Thread#23" [stack: 0x00007fb2be6d2000,0x00007fb2be7d2000] [id=35738]
  0x00007fb2f4086800 GCTaskThread "GC Thread#24" [stack: 0x00007fb2bc999000,0x00007fb2bca99000] [id=36621]
  0x00007fb2f4088000 GCTaskThread "GC Thread#25" [stack: 0x00007fb2bc897000,0x00007fb2bc997000] [id=36622]
  0x00007fb2f4089800 GCTaskThread "GC Thread#26" [stack: 0x00007fb2bc795000,0x00007fb2bc895000] [id=36623]
  0x00007fb2f408b000 GCTaskThread "GC Thread#27" [stack: 0x00007fb2bc693000,0x00007fb2bc793000] [id=36624]
  0x00007fb2f408c800 GCTaskThread "GC Thread#28" [stack: 0x00007fb2bc591000,0x00007fb2bc691000] [id=36625]
  0x00007fb2f408e000 GCTaskThread "GC Thread#29" [stack: 0x00007fb2bc48f000,0x00007fb2bc58f000] [id=36626]
  0x00007fb350088800 ConcurrentGCThread "G1 Main Marker" [stack: 0x00007fb30f3bb000,0x00007fb30f4bb000] [id=34895]
  0x00007fb35008a000 ConcurrentGCThread "G1 Conc#0" [stack: 0x00007fb30f2b9000,0x00007fb30f3b9000] [id=34907]
  0x00007fb300001000 ConcurrentGCThread "G1 Conc#1" [stack: 0x00007fb2bc38d000,0x00007fb2bc48d000] [id=37227]
  0x00007fb300002000 ConcurrentGCThread "G1 Conc#2" [stack: 0x00007fb2bc28b000,0x00007fb2bc38b000] [id=37228]
  0x00007fb300003800 ConcurrentGCThread "G1 Conc#3" [stack: 0x00007fb2bc189000,0x00007fb2bc289000] [id=37229]
  0x00007fb300005000 ConcurrentGCThread "G1 Conc#4" [stack: 0x00007fb2bc087000,0x00007fb2bc187000] [id=37230]
  0x00007fb300006800 ConcurrentGCThread "G1 Conc#5" [stack: 0x00007fb1d3f00000,0x00007fb1d4000000] [id=37231]
  0x00007fb300008000 ConcurrentGCThread "G1 Conc#6" [stack: 0x00007fb1d3dfe000,0x00007fb1d3efe000] [id=37232]
  0x00007fb30000a000 ConcurrentGCThread "G1 Conc#7" [stack: 0x00007fb1d3cfc000,0x00007fb1d3dfc000] [id=37233]
  0x00007fb30000c000 ConcurrentGCThread "G1 Conc#8" [stack: 0x00007fb1d3bfa000,0x00007fb1d3cfa000] [id=37234]
  0x00007fb30000d800 ConcurrentGCThread "G1 Conc#9" [stack: 0x00007fb1d3af8000,0x00007fb1d3bf8000] [id=37235]
  0x00007fb30000f800 ConcurrentGCThread "G1 Conc#10" [stack: 0x00007fb1d39f6000,0x00007fb1d3af6000] [id=37236]
  0x00007fb3502a5800 ConcurrentGCThread "G1 Refine#0" [stack: 0x00007fb2fe5e7000,0x00007fb2fe6e7000] [id=34948]
  0x00007fb2f8001000 ConcurrentGCThread "G1 Refine#1" [stack: 0x00007fb2be4cf000,0x00007fb2be5cf000] [id=36266]
  0x00007fb254003800 ConcurrentGCThread "G1 Refine#2" [stack: 0x00007fb2be3cd000,0x00007fb2be4cd000] [id=36267]
  0x00007fb2d0003800 ConcurrentGCThread "G1 Refine#3" [stack: 0x00007fb2be2cb000,0x00007fb2be3cb000] [id=36268]
  0x00007fb2c0069800 ConcurrentGCThread "G1 Refine#4" [stack: 0x00007fb2be1c9000,0x00007fb2be2c9000] [id=36269]
  0x00007fb2c4001000 ConcurrentGCThread "G1 Refine#5" [stack: 0x00007fb2be0c7000,0x00007fb2be1c7000] [id=36270]
  0x00007fb258002800 ConcurrentGCThread "G1 Refine#6" [stack: 0x00007fb2bdfc5000,0x00007fb2be0c5000] [id=36271]
  0x00007fb2b8001000 ConcurrentGCThread "G1 Refine#7" [stack: 0x00007fb2bdec3000,0x00007fb2bdfc3000] [id=36272]
  0x00007fb24c036000 ConcurrentGCThread "G1 Refine#8" [stack: 0x00007fb2bddc1000,0x00007fb2bdec1000] [id=36273]
  0x00007fb250001000 ConcurrentGCThread "G1 Refine#9" [stack: 0x00007fb2bdcbf000,0x00007fb2bddbf000] [id=36274]
  0x00007fb244001000 ConcurrentGCThread "G1 Refine#10" [stack: 0x00007fb2bdbbd000,0x00007fb2bdcbd000] [id=36275]
  0x00007fb248001000 ConcurrentGCThread "G1 Refine#11" [stack: 0x00007fb2bdabb000,0x00007fb2bdbbb000] [id=36276]
  0x00007fb23c001000 ConcurrentGCThread "G1 Refine#12" [stack: 0x00007fb2bd9b9000,0x00007fb2bdab9000] [id=36277]
  0x00007fb240001000 ConcurrentGCThread "G1 Refine#13" [stack: 0x00007fb2bd8b7000,0x00007fb2bd9b7000] [id=36278]
  0x00007fb234001000 ConcurrentGCThread "G1 Refine#14" [stack: 0x00007fb2bd7b5000,0x00007fb2bd8b5000] [id=36279]
  0x00007fb238001000 ConcurrentGCThread "G1 Refine#15" [stack: 0x00007fb2bd6b3000,0x00007fb2bd7b3000] [id=36280]
  0x00007fb22c001000 ConcurrentGCThread "G1 Refine#16" [stack: 0x00007fb2bd5b1000,0x00007fb2bd6b1000] [id=36281]
  0x00007fb230001000 ConcurrentGCThread "G1 Refine#17" [stack: 0x00007fb2bd4af000,0x00007fb2bd5af000] [id=36282]
  0x00007fb224001000 ConcurrentGCThread "G1 Refine#18" [stack: 0x00007fb2bd3ad000,0x00007fb2bd4ad000] [id=36283]
  0x00007fb228001000 ConcurrentGCThread "G1 Refine#19" [stack: 0x00007fb2bd2ab000,0x00007fb2bd3ab000] [id=36284]
  0x00007fb21c001000 ConcurrentGCThread "G1 Refine#20" [stack: 0x00007fb2bd1a9000,0x00007fb2bd2a9000] [id=36285]
  0x00007fb220001000 ConcurrentGCThread "G1 Refine#21" [stack: 0x00007fb2bd0a7000,0x00007fb2bd1a7000] [id=36286]
  0x00007fb214001000 ConcurrentGCThread "G1 Refine#22" [stack: 0x00007fb2bcfa5000,0x00007fb2bd0a5000] [id=36287]
  0x00007fb218001000 ConcurrentGCThread "G1 Refine#23" [stack: 0x00007fb2bcea3000,0x00007fb2bcfa3000] [id=36288]
  0x00007fb20c001000 ConcurrentGCThread "G1 Refine#24" [stack: 0x00007fb2bcda1000,0x00007fb2bcea1000] [id=36289]
  0x00007fb210001000 ConcurrentGCThread "G1 Refine#25" [stack: 0x00007fb2bcc9f000,0x00007fb2bcd9f000] [id=36290]
  0x00007fb204001000 ConcurrentGCThread "G1 Refine#26" [stack: 0x00007fb2bcb9d000,0x00007fb2bcc9d000] [id=36291]
  0x00007fb208001000 ConcurrentGCThread "G1 Refine#27" [stack: 0x00007fb2bca9b000,0x00007fb2bcb9b000] [id=36292]
  0x00007fb3502a7000 ConcurrentGCThread "G1 Young RemSet Sampling" [stack: 0x00007fb2fe4e5000,0x00007fb2fe5e5000] [id=34951]

Threads with active compile tasks:

VM state:at safepoint (normal execution)

VM Mutex/Monitor currently owned by a thread:  ([mutex/lock_event])
[0x00007fb35000e5a0] Threads_lock - owner thread: 0x00007fb350327000
[0x00007fb35000ed80] Heap_lock - owner thread: 0x00007fb350012800

Heap address: 0x0000000412800000, size: 16088 MB, Compressed Oops mode: Zero based, Oop shift amount: 3
Narrow klass base: 0x0000000800000000, Narrow klass shift: 3
Compressed class space size: 1073741824 Address: 0x000000080110c000

Heap:
 garbage-first heap   total 2805760K, used 397672K [0x0000000412800000, 0x0000000800000000)
  region size 4096K, 2 young (8192K), 2 survivors (8192K)
 Metaspace       used 1101K, capacity 5017K, committed 5376K, reserved 1056768K
  class space    used 56K, capacity 424K, committed 512K, reserved 1048576K
Heap Regions: E=young(eden), S=young(survivor), O=old, HS=humongous(starts), HC=humongous(continues), CS=collection set, F=free, A=archive, TAMS=top-at-mark-start (previous, next)
|   0|0x0000000412800000, 0x0000000412c00000, 0x0000000412c00000|100%| O|  |TAMS 0x0000000412c00000, 0x0000000412800000| Untracked 
|   1|0x0000000412c00000, 0x0000000412fffff0, 0x0000000413000000| 99%| O|  |TAMS 0x0000000412fffff0, 0x0000000412c00000| Untracked 
|   2|0x0000000413000000, 0x00000004133fffe0, 0x0000000413400000| 99%| O|  |TAMS 0x00000004133fffe0, 0x0000000413000000| Untracked 
|   3|0x0000000413400000, 0x00000004137ffff0, 0x0000000413800000| 99%| O|  |TAMS 0x00000004137ffff0, 0x0000000413400000| Untracked 
|   4|0x0000000413800000, 0x0000000413bfffe0, 0x0000000413c00000| 99%| O|  |TAMS 0x0000000413bfffe0, 0x0000000413800000| Untracked 
|   5|0x0000000413c00000, 0x0000000413ffffd8, 0x0000000414000000| 99%| O|  |TAMS 0x0000000413ffffd8, 0x0000000413c00000| Untracked 
|   6|0x0000000414000000, 0x00000004143fffe8, 0x0000000414400000| 99%| O|  |TAMS 0x00000004143fffe8, 0x0000000414000000| Untracked 
|   7|0x0000000414400000, 0x00000004147ffff0, 0x0000000414800000| 99%| O|  |TAMS 0x00000004147ffff0, 0x0000000414400000| Untracked 
|   8|0x0000000414800000, 0x0000000414c00000, 0x0000000414c00000|100%| O|  |TAMS 0x0000000414c00000, 0x0000000414800000| Untracked 
|   9|0x0000000414c00000, 0x0000000415000000, 0x0000000415000000|100%| O|  |TAMS 0x0000000415000000, 0x0000000414c00000| Untracked 
|  10|0x0000000415000000, 0x00000004153ffff0, 0x0000000415400000| 99%| O|  |TAMS 0x00000004153ffff0, 0x0000000415000000| Untracked 
|  11|0x0000000415400000, 0x0000000415800000, 0x0000000415800000|100%| O|  |TAMS 0x0000000415800000, 0x0000000415400000| Untracked 
|  12|0x0000000415800000, 0x0000000415bffff0, 0x0000000415c00000| 99%| O|  |TAMS 0x0000000415bffff0, 0x0000000415800000| Untracked 
|  13|0x0000000415c00000, 0x0000000415fffff8, 0x0000000416000000| 99%| O|  |TAMS 0x0000000415fffff8, 0x0000000415c00000| Untracked 
|  14|0x0000000416000000, 0x0000000416400000, 0x0000000416400000|100%| O|  |TAMS 0x0000000416400000, 0x0000000416000000| Untracked 
|  15|0x0000000416400000, 0x00000004167ffff8, 0x0000000416800000| 99%| O|  |TAMS 0x00000004167ffff8, 0x0000000416400000| Untracked 
|  16|0x0000000416800000, 0x0000000416c00000, 0x0000000416c00000|100%| O|  |TAMS 0x0000000416c00000, 0x0000000416800000| Untracked 
|  17|0x0000000416c00000, 0x0000000417000000, 0x0000000417000000|100%| O|  |TAMS 0x0000000417000000, 0x0000000416c00000| Untracked 
|  18|0x0000000417000000, 0x00000004173ffff8, 0x0000000417400000| 99%| O|  |TAMS 0x00000004173ffff8, 0x0000000417000000| Untracked 
|  19|0x0000000417400000, 0x00000004177fffe8, 0x0000000417800000| 99%| O|  |TAMS 0x00000004177fffe8, 0x0000000417400000| Untracked 
|  20|0x0000000417800000, 0x0000000417c00000, 0x0000000417c00000|100%| O|  |TAMS 0x0000000417c00000, 0x0000000417800000| Untracked 
|  21|0x0000000417c00000, 0x0000000417ffffd0, 0x0000000418000000| 99%| O|  |TAMS 0x0000000417ffffd0, 0x0000000417c00000| Untracked 
|  22|0x0000000418000000, 0x0000000418400000, 0x0000000418400000|100%| O|  |TAMS 0x0000000418400000, 0x0000000418000000| Untracked 
|  23|0x0000000418400000, 0x00000004187fffe8, 0x0000000418800000| 99%| O|  |TAMS 0x00000004187fffe8, 0x0000000418400000| Untracked 
|  24|0x0000000418800000, 0x0000000418bfffe8, 0x0000000418c00000| 99%| O|  |TAMS 0x0000000418bfffe8, 0x0000000418800000| Untracked 
|  25|0x0000000418c00000, 0x0000000419000000, 0x0000000419000000|100%| O|  |TAMS 0x0000000419000000, 0x0000000418c00000| Untracked 
|  26|0x0000000419000000, 0x0000000419400000, 0x0000000419400000|100%| O|  |TAMS 0x0000000419400000, 0x0000000419000000| Untracked 
|  27|0x0000000419400000, 0x0000000419800000, 0x0000000419800000|100%| O|  |TAMS 0x0000000419800000, 0x0000000419400000| Untracked 
|  28|0x0000000419800000, 0x0000000419bfffe0, 0x0000000419c00000| 99%| O|  |TAMS 0x0000000419bfffe0, 0x0000000419800000| Untracked 
|  29|0x0000000419c00000, 0x0000000419ffffc8, 0x000000041a000000| 99%| O|  |TAMS 0x0000000419ffffc8, 0x0000000419c00000| Untracked 
|  30|0x000000041a000000, 0x000000041a3fffd8, 0x000000041a400000| 99%| O|  |TAMS 0x000000041a3fffd8, 0x000000041a000000| Untracked 
|  31|0x000000041a400000, 0x000000041a800000, 0x000000041a800000|100%| O|  |TAMS 0x000000041a400000, 0x000000041a400000| Untracked 
|  32|0x000000041a800000, 0x000000041ac00000, 0x000000041ac00000|100%| O|  |TAMS 0x000000041ac00000, 0x000000041a800000| Untracked 
|  33|0x000000041ac00000, 0x000000041b000000, 0x000000041b000000|100%| O|  |TAMS 0x000000041ac00000, 0x000000041ac00000| Untracked 
|  34|0x000000041b000000, 0x000000041b400000, 0x000000041b400000|100%| O|  |TAMS 0x000000041b400000, 0x000000041b000000| Untracked 
|  35|0x000000041b400000, 0x000000041b800000, 0x000000041b800000|100%| O|  |TAMS 0x000000041b800000, 0x000000041b400000| Untracked 
|  36|0x000000041b800000, 0x000000041bc00000, 0x000000041bc00000|100%| O|  |TAMS 0x000000041b800000, 0x000000041b800000| Untracked 
|  37|0x000000041bc00000, 0x000000041c000000, 0x000000041c000000|100%| O|  |TAMS 0x000000041c000000, 0x000000041bc00000| Untracked 
|  38|0x000000041c000000, 0x000000041c400000, 0x000000041c400000|100%| O|  |TAMS 0x000000041c400000, 0x000000041c000000| Untracked 
|  39|0x000000041c400000, 0x000000041c800000, 0x000000041c800000|100%| O|  |TAMS 0x000000041c800000, 0x000000041c400000| Untracked 
|  40|0x000000041c800000, 0x000000041cc00000, 0x000000041cc00000|100%| O|  |TAMS 0x000000041cc00000, 0x000000041c800000| Untracked 
|  41|0x000000041cc00000, 0x000000041d000000, 0x000000041d000000|100%| O|  |TAMS 0x000000041d000000, 0x000000041cc00000| Untracked 
|  42|0x000000041d000000, 0x000000041d400000, 0x000000041d400000|100%| O|  |TAMS 0x000000041d400000, 0x000000041d000000| Untracked 
|  43|0x000000041d400000, 0x000000041d800000, 0x000000041d800000|100%| O|  |TAMS 0x000000041d800000, 0x000000041d400000| Untracked 
|  44|0x000000041d800000, 0x000000041dc00000, 0x000000041dc00000|100%| O|  |TAMS 0x000000041dc00000, 0x000000041d800000| Untracked 
|  45|0x000000041dc00000, 0x000000041e000000, 0x000000041e000000|100%| O|  |TAMS 0x000000041e000000, 0x000000041dc00000| Untracked 
|  46|0x000000041e000000, 0x000000041e400000, 0x000000041e400000|100%| O|  |TAMS 0x000000041e400000, 0x000000041e000000| Untracked 
|  47|0x000000041e400000, 0x000000041e800000, 0x000000041e800000|100%| O|  |TAMS 0x000000041e800000, 0x000000041e400000| Untracked 
|  48|0x000000041e800000, 0x000000041ec00000, 0x000000041ec00000|100%| O|  |TAMS 0x000000041ec00000, 0x000000041e800000| Untracked 
|  49|0x000000041ec00000, 0x000000041f000000, 0x000000041f000000|100%| O|  |TAMS 0x000000041f000000, 0x000000041ec00000| Untracked 
|  50|0x000000041f000000, 0x000000041f400000, 0x000000041f400000|100%| O|  |TAMS 0x000000041f400000, 0x000000041f000000| Untracked 
|  51|0x000000041f400000, 0x000000041f800000, 0x000000041f800000|100%| O|  |TAMS 0x000000041f800000, 0x000000041f400000| Untracked 
|  52|0x000000041f800000, 0x000000041fc00000, 0x000000041fc00000|100%| O|  |TAMS 0x000000041fc00000, 0x000000041f800000| Untracked 
|  53|0x000000041fc00000, 0x0000000420000000, 0x0000000420000000|100%| O|  |TAMS 0x0000000420000000, 0x000000041fc00000| Untracked 
|  54|0x0000000420000000, 0x0000000420400000, 0x0000000420400000|100%| O|  |TAMS 0x0000000420400000, 0x0000000420000000| Untracked 
|  55|0x0000000420400000, 0x0000000420800000, 0x0000000420800000|100%| O|  |TAMS 0x0000000420800000, 0x0000000420400000| Untracked 
|  56|0x0000000420800000, 0x0000000420c00000, 0x0000000420c00000|100%| O|  |TAMS 0x0000000420c00000, 0x0000000420800000| Untracked 
|  57|0x0000000420c00000, 0x0000000421000000, 0x0000000421000000|100%| O|  |TAMS 0x0000000421000000, 0x0000000420c00000| Untracked 
|  58|0x0000000421000000, 0x0000000421400000, 0x0000000421400000|100%| O|  |TAMS 0x0000000421400000, 0x0000000421000000| Untracked 
|  59|0x0000000421400000, 0x0000000421800000, 0x0000000421800000|100%| O|  |TAMS 0x0000000421800000, 0x0000000421400000| Untracked 
|  60|0x0000000421800000, 0x0000000421c00000, 0x0000000421c00000|100%| O|  |TAMS 0x0000000421800000, 0x0000000421800000| Untracked 
|  61|0x0000000421c00000, 0x0000000422000000, 0x0000000422000000|100%| O|  |TAMS 0x0000000421c00000, 0x0000000421c00000| Untracked 
|  62|0x0000000422000000, 0x0000000422400000, 0x0000000422400000|100%| O|  |TAMS 0x0000000422000000, 0x0000000422000000| Untracked 
|  63|0x0000000422400000, 0x0000000422800000, 0x0000000422800000|100%| O|  |TAMS 0x0000000422400000, 0x0000000422400000| Untracked 
|  64|0x0000000422800000, 0x0000000422c00000, 0x0000000422c00000|100%| O|  |TAMS 0x0000000422800000, 0x0000000422800000| Untracked 
|  65|0x0000000422c00000, 0x0000000423000000, 0x0000000423000000|100%| O|  |TAMS 0x0000000422c00000, 0x0000000422c00000| Untracked 
|  66|0x0000000423000000, 0x0000000423400000, 0x0000000423400000|100%| O|  |TAMS 0x0000000423000000, 0x0000000423000000| Untracked 
|  67|0x0000000423400000, 0x0000000423800000, 0x0000000423800000|100%| O|  |TAMS 0x0000000423400000, 0x0000000423400000| Untracked 
|  68|0x0000000423800000, 0x0000000423c00000, 0x0000000423c00000|100%| O|  |TAMS 0x0000000423800000, 0x0000000423800000| Untracked 
|  69|0x0000000423c00000, 0x0000000424000000, 0x0000000424000000|100%| O|  |TAMS 0x0000000424000000, 0x0000000423c00000| Untracked 
|  70|0x0000000424000000, 0x0000000424400000, 0x0000000424400000|100%| O|  |TAMS 0x0000000424400000, 0x0000000424000000| Untracked 
|  71|0x0000000424400000, 0x0000000424800000, 0x0000000424800000|100%| O|  |TAMS 0x0000000424400000, 0x0000000424400000| Untracked 
|  72|0x0000000424800000, 0x0000000424c00000, 0x0000000424c00000|100%| O|  |TAMS 0x0000000424c00000, 0x0000000424800000| Untracked 
|  73|0x0000000424c00000, 0x0000000425000000, 0x0000000425000000|100%| O|  |TAMS 0x0000000425000000, 0x0000000424c00000| Untracked 
|  74|0x0000000425000000, 0x0000000425400000, 0x0000000425400000|100%| O|  |TAMS 0x0000000425000000, 0x0000000425000000| Untracked 
|  75|0x0000000425400000, 0x0000000425800000, 0x0000000425800000|100%| O|  |TAMS 0x0000000425400000, 0x0000000425400000| Untracked 
|  76|0x0000000425800000, 0x0000000425c00000, 0x0000000425c00000|100%| O|  |TAMS 0x0000000425800000, 0x0000000425800000| Untracked 
|  77|0x0000000425c00000, 0x0000000426000000, 0x0000000426000000|100%| O|  |TAMS 0x0000000425c00000, 0x0000000425c00000| Untracked 
|  78|0x0000000426000000, 0x0000000426400000, 0x0000000426400000|100%| O|  |TAMS 0x0000000426000000, 0x0000000426000000| Untracked 
|  79|0x0000000426400000, 0x0000000426800000, 0x0000000426800000|100%| O|  |TAMS 0x0000000426400000, 0x0000000426400000| Untracked 
|  80|0x0000000426800000, 0x00000004268e6800, 0x0000000426c00000| 22%| O|  |TAMS 0x0000000426800000, 0x0000000426800000| Untracked 
|  81|0x0000000426c00000, 0x0000000426c00000, 0x0000000427000000|  0%| F|  |TAMS 0x0000000426c00000, 0x0000000426c00000| Untracked 
|  82|0x0000000427000000, 0x0000000427000000, 0x0000000427400000|  0%| F|  |TAMS 0x0000000427000000, 0x0000000427000000| Untracked 
|  83|0x0000000427400000, 0x0000000427400000, 0x0000000427800000|  0%| F|  |TAMS 0x0000000427400000, 0x0000000427400000| Untracked 
|  84|0x0000000427800000, 0x0000000427800000, 0x0000000427c00000|  0%| F|  |TAMS 0x0000000427800000, 0x0000000427800000| Untracked 
|  85|0x0000000427c00000, 0x0000000427c00000, 0x0000000428000000|  0%| F|  |TAMS 0x0000000427c00000, 0x0000000427c00000| Untracked 
|  86|0x0000000428000000, 0x0000000428000000, 0x0000000428400000|  0%| F|  |TAMS 0x0000000428000000, 0x0000000428000000| Untracked 
|  87|0x0000000428400000, 0x0000000428400000, 0x0000000428800000|  0%| F|  |TAMS 0x0000000428400000, 0x0000000428400000| Untracked 
|  88|0x0000000428800000, 0x0000000428800000, 0x0000000428c00000|  0%| F|  |TAMS 0x0000000428800000, 0x0000000428800000| Untracked 
|  89|0x0000000428c00000, 0x0000000428c00000, 0x0000000429000000|  0%| F|  |TAMS 0x0000000428c00000, 0x0000000428c00000| Untracked 
|  90|0x0000000429000000, 0x0000000429000000, 0x0000000429400000|  0%| F|  |TAMS 0x0000000429000000, 0x0000000429000000| Untracked 
|  91|0x0000000429400000, 0x0000000429400000, 0x0000000429800000|  0%| F|  |TAMS 0x0000000429400000, 0x0000000429400000| Untracked 
|  92|0x0000000429800000, 0x0000000429800000, 0x0000000429c00000|  0%| F|  |TAMS 0x0000000429800000, 0x0000000429800000| Untracked 
|  93|0x0000000429c00000, 0x0000000429c00000, 0x000000042a000000|  0%| F|  |TAMS 0x0000000429c00000, 0x0000000429c00000| Untracked 
|  94|0x000000042a000000, 0x000000042a000000, 0x000000042a400000|  0%| F|  |TAMS 0x000000042a000000, 0x000000042a000000| Untracked 
|  95|0x000000042a400000, 0x000000042a800000, 0x000000042a800000|100%| O|  |TAMS 0x000000042a800000, 0x000000042a400000| Untracked 
|  96|0x000000042a800000, 0x000000042a800000, 0x000000042ac00000|  0%| F|  |TAMS 0x000000042a800000, 0x000000042a800000| Untracked 
|  97|0x000000042ac00000, 0x000000042ac00000, 0x000000042b000000|  0%| F|  |TAMS 0x000000042ac00000, 0x000000042ac00000| Untracked 
|  98|0x000000042b000000, 0x000000042b400000, 0x000000042b400000|100%| O|  |TAMS 0x000000042b07e000, 0x000000042b000000| Untracked 
|  99|0x000000042b400000, 0x000000042b800000, 0x000000042b800000|100%| O|  |TAMS 0x000000042b400000, 0x000000042b400000| Untracked 
| 100|0x000000042b800000, 0x000000042bc00000, 0x000000042bc00000|100%| O|  |TAMS 0x000000042b800000, 0x000000042b800000| Untracked 
| 101|0x000000042bc00000, 0x000000042c000000, 0x000000042c000000|100%| O|  |TAMS 0x000000042bc00000, 0x000000042bc00000| Untracked 
| 102|0x000000042c000000, 0x000000042c400000, 0x000000042c400000|100%| O|  |TAMS 0x000000042c000000, 0x000000042c000000| Untracked 
| 103|0x000000042c400000, 0x000000042c800000, 0x000000042c800000|100%| O|  |TAMS 0x000000042c400000, 0x000000042c400000| Untracked 
| 104|0x000000042c800000, 0x000000042cc00000, 0x000000042cc00000|100%| O|  |TAMS 0x000000042c800000, 0x000000042c800000| Untracked 
| 105|0x000000042cc00000, 0x000000042d000000, 0x000000042d000000|100%| O|  |TAMS 0x000000042cc00000, 0x000000042cc00000| Untracked 
| 106|0x000000042d000000, 0x000000042d400000, 0x000000042d400000|100%| O|  |TAMS 0x000000042d000000, 0x000000042d000000| Untracked 
| 107|0x000000042d400000, 0x000000042d800000, 0x000000042d800000|100%| O|  |TAMS 0x000000042d400000, 0x000000042d400000| Untracked 
| 108|0x000000042d800000, 0x000000042dc00000, 0x000000042dc00000|100%| O|  |TAMS 0x000000042d800000, 0x000000042d800000| Untracked 
| 109|0x000000042dc00000, 0x000000042e000000, 0x000000042e000000|100%| O|  |TAMS 0x000000042dc00000, 0x000000042dc00000| Untracked 
| 110|0x000000042e000000, 0x000000042e400000, 0x000000042e400000|100%| O|  |TAMS 0x000000042e000000, 0x000000042e000000| Untracked 
| 111|0x000000042e400000, 0x000000042e400000, 0x000000042e800000|  0%| F|  |TAMS 0x000000042e400000, 0x000000042e400000| Untracked 
| 112|0x000000042e800000, 0x000000042e800000, 0x000000042ec00000|  0%| F|  |TAMS 0x000000042e800000, 0x000000042e800000| Untracked 
| 113|0x000000042ec00000, 0x000000042ec00000, 0x000000042f000000|  0%| F|  |TAMS 0x000000042ec00000, 0x000000042ec00000| Untracked 
| 114|0x000000042f000000, 0x000000042f000000, 0x000000042f400000|  0%| F|  |TAMS 0x000000042f000000, 0x000000042f000000| Untracked 
| 115|0x000000042f400000, 0x000000042f400000, 0x000000042f800000|  0%| F|  |TAMS 0x000000042f400000, 0x000000042f400000| Untracked 
| 116|0x000000042f800000, 0x000000042f800000, 0x000000042fc00000|  0%| F|  |TAMS 0x000000042f800000, 0x000000042f800000| Untracked 
| 117|0x000000042fc00000, 0x000000042fc00000, 0x0000000430000000|  0%| F|  |TAMS 0x000000042fc00000, 0x000000042fc00000| Untracked 
| 118|0x0000000430000000, 0x0000000430000000, 0x0000000430400000|  0%| F|  |TAMS 0x0000000430000000, 0x0000000430000000| Untracked 
| 119|0x0000000430400000, 0x0000000430400000, 0x0000000430800000|  0%| F|  |TAMS 0x0000000430400000, 0x0000000430400000| Untracked 
| 120|0x0000000430800000, 0x0000000430800000, 0x0000000430c00000|  0%| F|  |TAMS 0x0000000430800000, 0x0000000430800000| Untracked 
| 121|0x0000000430c00000, 0x0000000430c00000, 0x0000000431000000|  0%| F|  |TAMS 0x0000000430c00000, 0x0000000430c00000| Untracked 
| 122|0x0000000431000000, 0x0000000431000000, 0x0000000431400000|  0%| F|  |TAMS 0x0000000431000000, 0x0000000431000000| Untracked 
| 123|0x0000000431400000, 0x0000000431400000, 0x0000000431800000|  0%| F|  |TAMS 0x0000000431400000, 0x0000000431400000| Untracked 
| 124|0x0000000431800000, 0x0000000431800000, 0x0000000431c00000|  0%| F|  |TAMS 0x0000000431800000, 0x0000000431800000| Untracked 
| 125|0x0000000431c00000, 0x0000000431c00000, 0x0000000432000000|  0%| F|  |TAMS 0x0000000431c00000, 0x0000000431c00000| Untracked 
| 126|0x0000000432000000, 0x0000000432000000, 0x0000000432400000|  0%| F|  |TAMS 0x0000000432000000, 0x0000000432000000| Untracked 
| 127|0x0000000432400000, 0x0000000432400000, 0x0000000432800000|  0%| F|  |TAMS 0x0000000432400000, 0x0000000432400000| Untracked 
| 128|0x0000000432800000, 0x0000000432800000, 0x0000000432c00000|  0%| F|  |TAMS 0x0000000432800000, 0x0000000432800000| Untracked 
| 129|0x0000000432c00000, 0x0000000432c00000, 0x0000000433000000|  0%| F|  |TAMS 0x0000000432c00000, 0x0000000432c00000| Untracked 
| 130|0x0000000433000000, 0x0000000433000000, 0x0000000433400000|  0%| F|  |TAMS 0x0000000433000000, 0x0000000433000000| Untracked 
| 131|0x0000000433400000, 0x0000000433400000, 0x0000000433800000|  0%| F|  |TAMS 0x0000000433400000, 0x0000000433400000| Untracked 
| 132|0x0000000433800000, 0x0000000433800000, 0x0000000433c00000|  0%| F|  |TAMS 0x0000000433800000, 0x0000000433800000| Untracked 
| 133|0x0000000433c00000, 0x0000000433c00000, 0x0000000434000000|  0%| F|  |TAMS 0x0000000433c00000, 0x0000000433c00000| Untracked 
| 134|0x0000000434000000, 0x0000000434000000, 0x0000000434400000|  0%| F|  |TAMS 0x0000000434000000, 0x0000000434000000| Untracked 
| 135|0x0000000434400000, 0x0000000434400000, 0x0000000434800000|  0%| F|  |TAMS 0x0000000434400000, 0x0000000434400000| Untracked 
| 136|0x0000000434800000, 0x0000000434800000, 0x0000000434c00000|  0%| F|  |TAMS 0x0000000434800000, 0x0000000434800000| Untracked 
| 137|0x0000000434c00000, 0x0000000434c00000, 0x0000000435000000|  0%| F|  |TAMS 0x0000000434c00000, 0x0000000434c00000| Untracked 
| 138|0x0000000435000000, 0x0000000435000000, 0x0000000435400000|  0%| F|  |TAMS 0x0000000435000000, 0x0000000435000000| Untracked 
| 139|0x0000000435400000, 0x0000000435400000, 0x0000000435800000|  0%| F|  |TAMS 0x0000000435400000, 0x0000000435400000| Untracked 
| 140|0x0000000435800000, 0x0000000435800000, 0x0000000435c00000|  0%| F|  |TAMS 0x0000000435800000, 0x0000000435800000| Untracked 
| 141|0x0000000435c00000, 0x0000000435c00000, 0x0000000436000000|  0%| F|  |TAMS 0x0000000435c00000, 0x0000000435c00000| Untracked 
| 142|0x0000000436000000, 0x0000000436000000, 0x0000000436400000|  0%| F|  |TAMS 0x0000000436000000, 0x0000000436000000| Untracked 
| 143|0x0000000436400000, 0x0000000436400000, 0x0000000436800000|  0%| F|  |TAMS 0x0000000436400000, 0x0000000436400000| Untracked 
| 144|0x0000000436800000, 0x0000000436800000, 0x0000000436c00000|  0%| F|  |TAMS 0x0000000436800000, 0x0000000436800000| Untracked 
| 145|0x0000000436c00000, 0x0000000436c00000, 0x0000000437000000|  0%| F|  |TAMS 0x0000000436c00000, 0x0000000436c00000| Untracked 
| 146|0x0000000437000000, 0x0000000437000000, 0x0000000437400000|  0%| F|  |TAMS 0x0000000437000000, 0x0000000437000000| Untracked 
| 147|0x0000000437400000, 0x0000000437400000, 0x0000000437800000|  0%| F|  |TAMS 0x0000000437400000, 0x0000000437400000| Untracked 
| 148|0x0000000437800000, 0x0000000437800000, 0x0000000437c00000|  0%| F|  |TAMS 0x0000000437800000, 0x0000000437800000| Untracked 
| 149|0x0000000437c00000, 0x0000000437c00000, 0x0000000438000000|  0%| F|  |TAMS 0x0000000437c00000, 0x0000000437c00000| Untracked 
| 150|0x0000000438000000, 0x0000000438000000, 0x0000000438400000|  0%| F|  |TAMS 0x0000000438000000, 0x0000000438000000| Untracked 
| 151|0x0000000438400000, 0x0000000438400000, 0x0000000438800000|  0%| F|  |TAMS 0x0000000438400000, 0x0000000438400000| Untracked 
| 152|0x0000000438800000, 0x0000000438800000, 0x0000000438c00000|  0%| F|  |TAMS 0x0000000438800000, 0x0000000438800000| Untracked 
| 153|0x0000000438c00000, 0x0000000438c00000, 0x0000000439000000|  0%| F|  |TAMS 0x0000000438c00000, 0x0000000438c00000| Untracked 
| 154|0x0000000439000000, 0x0000000439000000, 0x0000000439400000|  0%| F|  |TAMS 0x0000000439000000, 0x0000000439000000| Untracked 
| 155|0x0000000439400000, 0x0000000439400000, 0x0000000439800000|  0%| F|  |TAMS 0x0000000439400000, 0x0000000439400000| Untracked 
| 156|0x0000000439800000, 0x0000000439800000, 0x0000000439c00000|  0%| F|  |TAMS 0x0000000439800000, 0x0000000439800000| Untracked 
| 157|0x0000000439c00000, 0x0000000439c00000, 0x000000043a000000|  0%| F|  |TAMS 0x0000000439c00000, 0x0000000439c00000| Untracked 
| 158|0x000000043a000000, 0x000000043a000000, 0x000000043a400000|  0%| F|  |TAMS 0x000000043a000000, 0x000000043a000000| Untracked 
| 159|0x000000043a400000, 0x000000043a400000, 0x000000043a800000|  0%| F|  |TAMS 0x000000043a400000, 0x000000043a400000| Untracked 
| 160|0x000000043a800000, 0x000000043a800000, 0x000000043ac00000|  0%| F|  |TAMS 0x000000043a800000, 0x000000043a800000| Untracked 
| 161|0x000000043ac00000, 0x000000043ac00000, 0x000000043b000000|  0%| F|  |TAMS 0x000000043ac00000, 0x000000043ac00000| Untracked 
| 162|0x000000043b000000, 0x000000043b000000, 0x000000043b400000|  0%| F|  |TAMS 0x000000043b000000, 0x000000043b000000| Untracked 
| 163|0x000000043b400000, 0x000000043b400000, 0x000000043b800000|  0%| F|  |TAMS 0x000000043b400000, 0x000000043b400000| Untracked 
| 164|0x000000043b800000, 0x000000043b800000, 0x000000043bc00000|  0%| F|  |TAMS 0x000000043b800000, 0x000000043b800000| Untracked 
| 165|0x000000043bc00000, 0x000000043bc00000, 0x000000043c000000|  0%| F|  |TAMS 0x000000043bc00000, 0x000000043bc00000| Untracked 
| 166|0x000000043c000000, 0x000000043c000000, 0x000000043c400000|  0%| F|  |TAMS 0x000000043c000000, 0x000000043c000000| Untracked 
| 167|0x000000043c400000, 0x000000043c400000, 0x000000043c800000|  0%| F|  |TAMS 0x000000043c400000, 0x000000043c400000| Untracked 
| 168|0x000000043c800000, 0x000000043c800000, 0x000000043cc00000|  0%| F|  |TAMS 0x000000043c800000, 0x000000043c800000| Untracked 
| 169|0x000000043cc00000, 0x000000043cc00000, 0x000000043d000000|  0%| F|  |TAMS 0x000000043cc00000, 0x000000043cc00000| Untracked 
| 170|0x000000043d000000, 0x000000043d000000, 0x000000043d400000|  0%| F|  |TAMS 0x000000043d000000, 0x000000043d000000| Untracked 
| 171|0x000000043d400000, 0x000000043d400000, 0x000000043d800000|  0%| F|  |TAMS 0x000000043d400000, 0x000000043d400000| Untracked 
| 172|0x000000043d800000, 0x000000043d800000, 0x000000043dc00000|  0%| F|  |TAMS 0x000000043d800000, 0x000000043d800000| Untracked 
| 173|0x000000043dc00000, 0x000000043dc00000, 0x000000043e000000|  0%| F|  |TAMS 0x000000043dc00000, 0x000000043dc00000| Untracked 
| 174|0x000000043e000000, 0x000000043e000000, 0x000000043e400000|  0%| F|  |TAMS 0x000000043e000000, 0x000000043e000000| Untracked 
| 175|0x000000043e400000, 0x000000043e400000, 0x000000043e800000|  0%| F|  |TAMS 0x000000043e400000, 0x000000043e400000| Untracked 
| 176|0x000000043e800000, 0x000000043e800000, 0x000000043ec00000|  0%| F|  |TAMS 0x000000043e800000, 0x000000043e800000| Untracked 
| 177|0x000000043ec00000, 0x000000043ec00000, 0x000000043f000000|  0%| F|  |TAMS 0x000000043ec00000, 0x000000043ec00000| Untracked 
| 178|0x000000043f000000, 0x000000043f000000, 0x000000043f400000|  0%| F|  |TAMS 0x000000043f000000, 0x000000043f000000| Untracked 
| 179|0x000000043f400000, 0x000000043f400000, 0x000000043f800000|  0%| F|  |TAMS 0x000000043f400000, 0x000000043f400000| Untracked 
| 180|0x000000043f800000, 0x000000043f800000, 0x000000043fc00000|  0%| F|  |TAMS 0x000000043f800000, 0x000000043f800000| Untracked 
| 181|0x000000043fc00000, 0x000000043fc00000, 0x0000000440000000|  0%| F|  |TAMS 0x000000043fc00000, 0x000000043fc00000| Untracked 
| 182|0x0000000440000000, 0x0000000440000000, 0x0000000440400000|  0%| F|  |TAMS 0x0000000440000000, 0x0000000440000000| Untracked 
| 183|0x0000000440400000, 0x0000000440400000, 0x0000000440800000|  0%| F|  |TAMS 0x0000000440400000, 0x0000000440400000| Untracked 
| 184|0x0000000440800000, 0x0000000440800000, 0x0000000440c00000|  0%| F|  |TAMS 0x0000000440800000, 0x0000000440800000| Untracked 
| 185|0x0000000440c00000, 0x0000000440c00000, 0x0000000441000000|  0%| F|  |TAMS 0x0000000440c00000, 0x0000000440c00000| Untracked 
| 186|0x0000000441000000, 0x0000000441000000, 0x0000000441400000|  0%| F|  |TAMS 0x0000000441000000, 0x0000000441000000| Untracked 
| 187|0x0000000441400000, 0x0000000441400000, 0x0000000441800000|  0%| F|  |TAMS 0x0000000441400000, 0x0000000441400000| Untracked 
| 188|0x0000000441800000, 0x0000000441800000, 0x0000000441c00000|  0%| F|  |TAMS 0x0000000441800000, 0x0000000441800000| Untracked 
| 189|0x0000000441c00000, 0x0000000441c00000, 0x0000000442000000|  0%| F|  |TAMS 0x0000000441c00000, 0x0000000441c00000| Untracked 
| 190|0x0000000442000000, 0x0000000442000000, 0x0000000442400000|  0%| F|  |TAMS 0x0000000442000000, 0x0000000442000000| Untracked 
| 191|0x0000000442400000, 0x0000000442400000, 0x0000000442800000|  0%| F|  |TAMS 0x0000000442400000, 0x0000000442400000| Untracked 
| 192|0x0000000442800000, 0x0000000442800000, 0x0000000442c00000|  0%| F|  |TAMS 0x0000000442800000, 0x0000000442800000| Untracked 
| 193|0x0000000442c00000, 0x0000000442c00000, 0x0000000443000000|  0%| F|  |TAMS 0x0000000442c00000, 0x0000000442c00000| Untracked 
| 194|0x0000000443000000, 0x0000000443000000, 0x0000000443400000|  0%| F|  |TAMS 0x0000000443000000, 0x0000000443000000| Untracked 
| 195|0x0000000443400000, 0x0000000443400000, 0x0000000443800000|  0%| F|  |TAMS 0x0000000443400000, 0x0000000443400000| Untracked 
| 196|0x0000000443800000, 0x0000000443800000, 0x0000000443c00000|  0%| F|  |TAMS 0x0000000443800000, 0x0000000443800000| Untracked 
| 197|0x0000000443c00000, 0x0000000443c00000, 0x0000000444000000|  0%| F|  |TAMS 0x0000000443c00000, 0x0000000443c00000| Untracked 
| 198|0x0000000444000000, 0x0000000444000000, 0x0000000444400000|  0%| F|  |TAMS 0x0000000444000000, 0x0000000444000000| Untracked 
| 199|0x0000000444400000, 0x0000000444400000, 0x0000000444800000|  0%| F|  |TAMS 0x0000000444400000, 0x0000000444400000| Untracked 
| 200|0x0000000444800000, 0x0000000444800000, 0x0000000444c00000|  0%| F|  |TAMS 0x0000000444800000, 0x0000000444800000| Untracked 
| 201|0x0000000444c00000, 0x0000000444c00000, 0x0000000445000000|  0%| F|  |TAMS 0x0000000444c00000, 0x0000000444c00000| Untracked 
| 202|0x0000000445000000, 0x0000000445000000, 0x0000000445400000|  0%| F|  |TAMS 0x0000000445000000, 0x0000000445000000| Untracked 
| 203|0x0000000445400000, 0x0000000445400000, 0x0000000445800000|  0%| F|  |TAMS 0x0000000445400000, 0x0000000445400000| Untracked 
| 204|0x0000000445800000, 0x0000000445800000, 0x0000000445c00000|  0%| F|  |TAMS 0x0000000445800000, 0x0000000445800000| Untracked 
| 205|0x0000000445c00000, 0x0000000445c00000, 0x0000000446000000|  0%| F|  |TAMS 0x0000000445c00000, 0x0000000445c00000| Untracked 
| 206|0x0000000446000000, 0x0000000446000000, 0x0000000446400000|  0%| F|  |TAMS 0x0000000446000000, 0x0000000446000000| Untracked 
| 207|0x0000000446400000, 0x0000000446400000, 0x0000000446800000|  0%| F|  |TAMS 0x0000000446400000, 0x0000000446400000| Untracked 
| 208|0x0000000446800000, 0x0000000446800000, 0x0000000446c00000|  0%| F|  |TAMS 0x0000000446800000, 0x0000000446800000| Untracked 
| 209|0x0000000446c00000, 0x0000000446c00000, 0x0000000447000000|  0%| F|  |TAMS 0x0000000446c00000, 0x0000000446c00000| Untracked 
| 210|0x0000000447000000, 0x0000000447000000, 0x0000000447400000|  0%| F|  |TAMS 0x0000000447000000, 0x0000000447000000| Untracked 
| 211|0x0000000447400000, 0x0000000447400000, 0x0000000447800000|  0%| F|  |TAMS 0x0000000447400000, 0x0000000447400000| Untracked 
| 212|0x0000000447800000, 0x0000000447800000, 0x0000000447c00000|  0%| F|  |TAMS 0x0000000447800000, 0x0000000447800000| Untracked 
| 213|0x0000000447c00000, 0x0000000447c00000, 0x0000000448000000|  0%| F|  |TAMS 0x0000000447c00000, 0x0000000447c00000| Untracked 
| 214|0x0000000448000000, 0x0000000448000000, 0x0000000448400000|  0%| F|  |TAMS 0x0000000448000000, 0x0000000448000000| Untracked 
| 215|0x0000000448400000, 0x0000000448400000, 0x0000000448800000|  0%| F|  |TAMS 0x0000000448400000, 0x0000000448400000| Untracked 
| 216|0x0000000448800000, 0x0000000448800000, 0x0000000448c00000|  0%| F|  |TAMS 0x0000000448800000, 0x0000000448800000| Untracked 
| 217|0x0000000448c00000, 0x0000000448c00000, 0x0000000449000000|  0%| F|  |TAMS 0x0000000448c00000, 0x0000000448c00000| Untracked 
| 218|0x0000000449000000, 0x0000000449000000, 0x0000000449400000|  0%| F|  |TAMS 0x0000000449000000, 0x0000000449000000| Untracked 
| 219|0x0000000449400000, 0x0000000449400000, 0x0000000449800000|  0%| F|  |TAMS 0x0000000449400000, 0x0000000449400000| Untracked 
| 220|0x0000000449800000, 0x0000000449800000, 0x0000000449c00000|  0%| F|  |TAMS 0x0000000449800000, 0x0000000449800000| Untracked 
| 221|0x0000000449c00000, 0x0000000449c00000, 0x000000044a000000|  0%| F|  |TAMS 0x0000000449c00000, 0x0000000449c00000| Untracked 
| 222|0x000000044a000000, 0x000000044a000000, 0x000000044a400000|  0%| F|  |TAMS 0x000000044a000000, 0x000000044a000000| Untracked 
| 223|0x000000044a400000, 0x000000044a400000, 0x000000044a800000|  0%| F|  |TAMS 0x000000044a400000, 0x000000044a400000| Untracked 
| 224|0x000000044a800000, 0x000000044abb8c20, 0x000000044ac00000| 93%| S|CS|TAMS 0x000000044a800000, 0x000000044a800000| Complete 
| 225|0x000000044ac00000, 0x000000044b000000, 0x000000044b000000|100%| S|CS|TAMS 0x000000044ac00000, 0x000000044ac00000| Complete 
| 226|0x000000044b000000, 0x000000044b000000, 0x000000044b400000|  0%| F|  |TAMS 0x000000044b000000, 0x000000044b000000| Untracked 
|4020|0x00000007ff800000, 0x00000007ffb49000, 0x00000007ffc00000| 82%|OA|  |TAMS 0x00000007ffb49000, 0x00000007ff800000| Untracked 
|4021|0x00000007ffc00000, 0x00000007ffc72000, 0x0000000800000000| 11%|CA|  |TAMS 0x00000007ffc72000, 0x00000007ffc00000| Untracked 

Card table byte_map: [0x00007fb3310da000,0x00007fb333046000] _byte_map_base: 0x00007fb32f046000

Marking Bits (Prev, Next): (CMBitMap*) 0x00007fb35006fce8, (CMBitMap*) 0x00007fb35006fca8
 Prev Bits: [0x00007fb30faae000, 0x00007fb31f60e000)
 Next Bits: [0x00007fb31f60e000, 0x00007fb32f16e000)

Polling page: 0x00007fb356ae2000

Metaspace:

Usage:
  Non-class:      4.49 MB capacity,     1.02 MB ( 23%) used,     3.46 MB ( 77%) free+waste,   576 bytes ( <1%) overhead. 
      Class:    424.00 KB capacity,    56.97 KB ( 13%) used,   366.66 KB ( 86%) free+waste,   384 bytes ( <1%) overhead. 
       Both:      4.90 MB capacity,     1.08 MB ( 22%) used,     3.82 MB ( 78%) free+waste,   960 bytes ( <1%) overhead. 

Virtual space:
  Non-class space:        8.00 MB reserved,       4.75 MB ( 59%) committed 
      Class space:        1.00 GB reserved,     512.00 KB ( <1%) committed 
             Both:        1.01 GB reserved,       5.25 MB ( <1%) committed 

Chunk freelists:
   Non-Class:  8.38 KB
       Class:  1.00 KB
        Both:  9.38 KB

CodeHeap 'non-profiled nmethods': size=118596Kb used=396Kb max_used=538Kb free=118199Kb
 bounds [0x00007fb33f70c000, 0x00007fb33f97c000, 0x00007fb346add000]
CodeHeap 'profiled nmethods': size=118596Kb used=396Kb max_used=983Kb free=118199Kb
 bounds [0x00007fb33833b000, 0x00007fb3385ab000, 0x00007fb33f70c000]
CodeHeap 'non-nmethods': size=8568Kb used=1031Kb max_used=3302Kb free=7536Kb
 bounds [0x00007fb337add000, 0x00007fb337e1d000, 0x00007fb33833b000]
 total_blobs=1128 nmethods=310 adapters=214
 compilation: enabled
              stopped_count=0, restarted_count=0
 full_count=0

Compilation events (10 events):
Event: 805.562 Thread 0x00007fb35033d800  475       3       java.lang.StringBuilder::toString (35 bytes)
Event: 805.563 Thread 0x00007fb35033d800 nmethod 475 0x00007fb338345110 code [0x00007fb338345300, 0x00007fb338345818]
Event: 805.563 Thread 0x00007fb35033d800  474       3       java.lang.StringBuilder::<init> (7 bytes)
Event: 805.563 Thread 0x00007fb35033d800 nmethod 474 0x00007fb338343a10 code [0x00007fb338343bc0, 0x00007fb338343d68]
Event: 891.209 Thread 0x00007fb35033d800  476       3       java.io.BufferedOutputStream::flushBuffer (29 bytes)
Event: 891.209 Thread 0x00007fb35033d800 nmethod 476 0x00007fb338344a90 code [0x00007fb338344c60, 0x00007fb338344f08]
Event: 891.210 Thread 0x00007fb35033d800  477       3       java.io.FileOutputStream::write (20 bytes)
Event: 891.210 Thread 0x00007fb35033d800 nmethod 477 0x00007fb338348f10 code [0x00007fb3383490e0, 0x00007fb338349328]
Event: 891.210 Thread 0x00007fb35033d800  478       3       java.io.FileDescriptor$1::getAppend (5 bytes)
Event: 891.210 Thread 0x00007fb35033d800 nmethod 478 0x00007fb338348310 code [0x00007fb3383484c0, 0x00007fb338348650]

GC Heap History (10 events):
Event: 921.592 GC heap after
{Heap after GC invocations=266 (full 11):
 garbage-first heap   total 724992K, used 383310K [0x0000000412800000, 0x0000000800000000)
  region size 4096K, 1 young (4096K), 1 survivors (4096K)
 Metaspace       used 1101K, capacity 5017K, committed 5376K, reserved 1056768K
  class space    used 56K, capacity 424K, committed 512K, reserved 1048576K
}
Event: 923.210 GC heap before
{Heap before GC invocations=266 (full 11):
 garbage-first heap   total 724992K, used 411982K [0x0000000412800000, 0x0000000800000000)
  region size 4096K, 8 young (32768K), 1 survivors (4096K)
 Metaspace       used 1101K, capacity 5017K, committed 5376K, reserved 1056768K
  class space    used 56K, capacity 424K, committed 512K, reserved 1048576K
}
Event: 923.262 GC heap after
{Heap after GC invocations=267 (full 11):
 garbage-first heap   total 937984K, used 346190K [0x0000000412800000, 0x0000000800000000)
  region size 4096K, 1 young (4096K), 1 survivors (4096K)
 Metaspace       used 1101K, capacity 5017K, committed 5376K, reserved 1056768K
  class space    used 56K, capacity 424K, committed 512K, reserved 1048576K
}
Event: 931.813 GC heap before
{Heap before GC invocations=267 (full 11):
 garbage-first heap   total 937984K, used 596046K [0x0000000412800000, 0x0000000800000000)
  region size 4096K, 62 young (253952K), 1 survivors (4096K)
 Metaspace       used 1101K, capacity 5017K, committed 5376K, reserved 1056768K
  class space    used 56K, capacity 424K, committed 512K, reserved 1048576K
}
Event: 931.865 GC heap after
{Heap after GC invocations=268 (full 11):
 garbage-first heap   total 937984K, used 380464K [0x0000000412800000, 0x0000000800000000)
  region size 4096K, 8 young (32768K), 8 survivors (32768K)
 Metaspace       used 1101K, capacity 5017K, committed 5376K, reserved 1056768K
  class space    used 56K, capacity 424K, committed 512K, reserved 1048576K
}
Event: 940.488 GC heap before
{Heap before GC invocations=268 (full 11):
 garbage-first heap   total 937984K, used 630320K [0x0000000412800000, 0x0000000800000000)
  region size 4096K, 69 young (282624K), 8 survivors (32768K)
 Metaspace       used 1101K, capacity 5017K, committed 5376K, reserved 1056768K
  class space    used 56K, capacity 424K, committed 512K, reserved 1048576K
}
Event: 940.526 GC heap after
{Heap after GC invocations=269 (full 11):
 garbage-first heap   total 937984K, used 389800K [0x0000000412800000, 0x0000000800000000)
  region size 4096K, 9 young (36864K), 9 survivors (36864K)
 Metaspace       used 1101K, capacity 5017K, committed 5376K, reserved 1056768K
  class space    used 56K, capacity 424K, committed 512K, reserved 1048576K
}
Event: 951.711 GC heap before
{Heap before GC invocations=269 (full 11):
 garbage-first heap   total 937984K, used 651944K [0x0000000412800000, 0x0000000800000000)
  region size 4096K, 73 young (299008K), 9 survivors (36864K)
 Metaspace       used 1101K, capacity 5017K, committed 5376K, reserved 1056768K
  class space    used 56K, capacity 424K, committed 512K, reserved 1048576K
}
Event: 955.879 GC heap after
{Heap after GC invocations=270 (full 11):
 garbage-first heap   total 937984K, used 396952K [0x0000000412800000, 0x0000000800000000)
  region size 4096K, 10 young (40960K), 10 survivors (40960K)
 Metaspace       used 1101K, capacity 5017K, committed 5376K, reserved 1056768K
  class space    used 56K, capacity 424K, committed 512K, reserved 1048576K
}
Event: 956.064 GC heap before
{Heap before GC invocations=270 (full 11):
 garbage-first heap   total 937984K, used 401048K [0x0000000412800000, 0x0000000800000000)
  region size 4096K, 11 young (45056K), 10 survivors (40960K)
 Metaspace       used 1101K, capacity 5017K, committed 5376K, reserved 1056768K
  class space    used 56K, capacity 424K, committed 512K, reserved 1048576K
}

Deoptimization events (10 events):
Event: 22.961 Thread 0x00007fb350012800 Uncommon trap: reason=unstable_if action=reinterpret pc=0x00007fb33f76c438 method=org.ChaffinchABC.ChaffinchABC.iterateSimulation()V @ 34 c2
Event: 22.977 Thread 0x00007fb350012800 Uncommon trap: reason=unstable_if action=reinterpret pc=0x00007fb33f7702f8 method=org.ChaffinchABC.ChaffinchABC.iterateSimulation()V @ 8 c2
Event: 23.027 Thread 0x00007fb350012800 Uncommon trap: reason=unstable_if action=reinterpret pc=0x00007fb33f76f0c4 method=org.ChaffinchABC.Population.getTutors(I)[Lorg/ChaffinchABC/Individual; @ 217 c2
Event: 23.077 Thread 0x00007fb350012800 Uncommon trap: reason=unstable_if action=reinterpret pc=0x00007fb33f771170 method=org.ChaffinchABC.Population.getTutors(I)[Lorg/ChaffinchABC/Individual; @ 184 c2
Event: 79.296 Thread 0x00007fb350012800 Uncommon trap: reason=unstable_if action=reinterpret pc=0x00007fb33f75e118 method=org.ChaffinchABC.ChaffinchABC.initiateSimulation()V @ 24 c2
Event: 79.297 Thread 0x00007fb350012800 Uncommon trap: reason=unstable_if action=reinterpret pc=0x00007fb33f761eb0 method=org.apache.commons.math3.distribution.GammaDistribution.density(D)D @ 33 c2
Event: 79.297 Thread 0x00007fb350012800 Uncommon trap: reason=unstable_if action=reinterpret pc=0x00007fb33f757790 method=org.apache.commons.math3.distribution.GammaDistribution.density(D)D @ 33 c2
Event: 79.297 Thread 0x00007fb350012800 Uncommon trap: reason=unstable_if action=reinterpret pc=0x00007fb33f75fa74 method=org.apache.commons.math3.distribution.GammaDistribution.density(D)D @ 33 c2
Event: 88.464 Thread 0x00007fb350012800 Uncommon trap: reason=unstable_if action=reinterpret pc=0x00007fb33f7653f8 method=org.ChaffinchABC.Population.makeNeighbours(D)V @ 33 c2
Event: 129.780 Thread 0x00007fb350012800 Uncommon trap: reason=profile_predicate action=maybe_recompile pc=0x00007fb33f77a64c method=org.ChaffinchABC.MeasureStatistics.calculateSyllableSharing([[I[I[I)[D @ 96 c2

Classes redefined (0 events):
No events

Internal exceptions (10 events):
Event: 891.206 Thread 0x00007fb350012800 Exception <a 'java/io/IOException'{0x000000042fc000d8}> (0x000000042fc000d8) thrown at [/scratch/opt/mach5/mesos/work_dir/slaves/dd0bab7c-a530-4905-bb6b-daa7153eb2c1-S122/frameworks/1735e8a2-a1db-478c-8104-60c8b0af87dd-0196/executors/99f85cae-f7c3-4f44-ac
Event: 891.206 Thread 0x00007fb350012800 Exception <a 'java/io/IOException'{0x000000042fc00410}> (0x000000042fc00410) thrown at [/scratch/opt/mach5/mesos/work_dir/slaves/dd0bab7c-a530-4905-bb6b-daa7153eb2c1-S122/frameworks/1735e8a2-a1db-478c-8104-60c8b0af87dd-0196/executors/99f85cae-f7c3-4f44-ac
Event: 891.206 Thread 0x00007fb350012800 Exception <a 'java/io/IOException'{0x000000042fc00718}> (0x000000042fc00718) thrown at [/scratch/opt/mach5/mesos/work_dir/slaves/dd0bab7c-a530-4905-bb6b-daa7153eb2c1-S122/frameworks/1735e8a2-a1db-478c-8104-60c8b0af87dd-0196/executors/99f85cae-f7c3-4f44-ac
Event: 891.206 Thread 0x00007fb350012800 Exception <a 'java/io/IOException'{0x000000042fc010e0}> (0x000000042fc010e0) thrown at [/scratch/opt/mach5/mesos/work_dir/slaves/dd0bab7c-a530-4905-bb6b-daa7153eb2c1-S122/frameworks/1735e8a2-a1db-478c-8104-60c8b0af87dd-0196/executors/99f85cae-f7c3-4f44-ac
Event: 891.206 Thread 0x00007fb350012800 Exception <a 'java/io/IOException'{0x000000042fc014c8}> (0x000000042fc014c8) thrown at [/scratch/opt/mach5/mesos/work_dir/slaves/dd0bab7c-a530-4905-bb6b-daa7153eb2c1-S122/frameworks/1735e8a2-a1db-478c-8104-60c8b0af87dd-0196/executors/99f85cae-f7c3-4f44-ac
Event: 891.206 Thread 0x00007fb350012800 Exception <a 'java/io/IOException'{0x000000042fc018b0}> (0x000000042fc018b0) thrown at [/scratch/opt/mach5/mesos/work_dir/slaves/dd0bab7c-a530-4905-bb6b-daa7153eb2c1-S122/frameworks/1735e8a2-a1db-478c-8104-60c8b0af87dd-0196/executors/99f85cae-f7c3-4f44-ac
Event: 891.206 Thread 0x00007fb350012800 Exception <a 'java/io/IOException'{0x000000042fc01c98}> (0x000000042fc01c98) thrown at [/scratch/opt/mach5/mesos/work_dir/slaves/dd0bab7c-a530-4905-bb6b-daa7153eb2c1-S122/frameworks/1735e8a2-a1db-478c-8104-60c8b0af87dd-0196/executors/99f85cae-f7c3-4f44-ac
Event: 891.206 Thread 0x00007fb350012800 Exception <a 'java/io/IOException'{0x000000042fc02080}> (0x000000042fc02080) thrown at [/scratch/opt/mach5/mesos/work_dir/slaves/dd0bab7c-a530-4905-bb6b-daa7153eb2c1-S122/frameworks/1735e8a2-a1db-478c-8104-60c8b0af87dd-0196/executors/99f85cae-f7c3-4f44-ac
Event: 891.206 Thread 0x00007fb350012800 Exception <a 'java/io/IOException'{0x000000042fc023b8}> (0x000000042fc023b8) thrown at [/scratch/opt/mach5/mesos/work_dir/slaves/dd0bab7c-a530-4905-bb6b-daa7153eb2c1-S122/frameworks/1735e8a2-a1db-478c-8104-60c8b0af87dd-0196/executors/99f85cae-f7c3-4f44-ac
Event: 891.206 Thread 0x00007fb350012800 Exception <a 'java/io/IOException'{0x000000042fc026c0}> (0x000000042fc026c0) thrown at [/scratch/opt/mach5/mesos/work_dir/slaves/dd0bab7c-a530-4905-bb6b-daa7153eb2c1-S122/frameworks/1735e8a2-a1db-478c-8104-60c8b0af87dd-0196/executors/99f85cae-f7c3-4f44-ac

Events (10 events):
Event: 921.592 Executing VM operation: G1CollectForAllocation done
Event: 923.209 Executing VM operation: G1CollectForAllocation
Event: 923.262 Executing VM operation: G1CollectForAllocation done
Event: 931.813 Executing VM operation: G1CollectForAllocation
Event: 931.865 Executing VM operation: G1CollectForAllocation done
Event: 940.488 Executing VM operation: G1CollectForAllocation
Event: 940.526 Executing VM operation: G1CollectForAllocation done
Event: 951.710 Executing VM operation: G1CollectForAllocation
Event: 955.879 Executing VM operation: G1CollectForAllocation done
Event: 956.060 Executing VM operation: G1CollectForAllocation


Dynamic libraries:
00400000-00401000 r-xp 00000000 103:02 15863105                          /usr/lib/jvm/java-12-oracle/bin/java
00600000-00601000 r--p 00000000 103:02 15863105                          /usr/lib/jvm/java-12-oracle/bin/java
00601000-00602000 rw-p 00001000 103:02 15863105                          /usr/lib/jvm/java-12-oracle/bin/java
01af2000-01b13000 rw-p 00000000 00:00 0                                  [heap]
412800000-44b400000 rw-p 00000000 00:00 0 
4bd400000-7ff800000 ---p 00000000 00:00 0 
7ff800000-7ffb00000 rw-p 00000000 00:00 0 
7ffb00000-7ffb49000 rw-p 0117f000 103:02 16002327                        /usr/lib/jvm/java-12-oracle/lib/server/classes.jsa
7ffb49000-7ffc00000 rw-p 00000000 00:00 0 
7ffc00000-7ffc72000 rw-p 0110d000 103:02 16002327                        /usr/lib/jvm/java-12-oracle/lib/server/classes.jsa
7ffc72000-800000000 rw-p 00000000 00:00 0 
800000000-800003000 rwxp 00001000 103:02 16002327                        /usr/lib/jvm/java-12-oracle/lib/server/classes.jsa
800003000-8003d0000 rw-p 00004000 103:02 16002327                        /usr/lib/jvm/java-12-oracle/lib/server/classes.jsa
8003d0000-800ad0000 r--p 003d1000 103:02 16002327                        /usr/lib/jvm/java-12-oracle/lib/server/classes.jsa
800ad0000-800ad1000 rw-p 00ad1000 103:02 16002327                        /usr/lib/jvm/java-12-oracle/lib/server/classes.jsa
800ad1000-80110c000 r--p 00ad2000 103:02 16002327                        /usr/lib/jvm/java-12-oracle/lib/server/classes.jsa
80110c000-80118c000 rw-p 00000000 00:00 0 
80118c000-84110c000 ---p 00000000 00:00 0 
7fb1b4000000-7fb1b4021000 rw-p 00000000 00:00 0 
7fb1b4021000-7fb1b8000000 ---p 00000000 00:00 0 
7fb1bc000000-7fb1bc021000 rw-p 00000000 00:00 0 
7fb1bc021000-7fb1c0000000 ---p 00000000 00:00 0 
7fb1c0000000-7fb1c0021000 rw-p 00000000 00:00 0 
7fb1c0021000-7fb1c4000000 ---p 00000000 00:00 0 
7fb1c4000000-7fb1c4021000 rw-p 00000000 00:00 0 
7fb1c4021000-7fb1c8000000 ---p 00000000 00:00 0 
7fb1c8000000-7fb1c8021000 rw-p 00000000 00:00 0 
7fb1c8021000-7fb1cc000000 ---p 00000000 00:00 0 
7fb1cc000000-7fb1cc021000 rw-p 00000000 00:00 0 
7fb1cc021000-7fb1d0000000 ---p 00000000 00:00 0 
7fb1d39f4000-7fb1d39f5000 ---p 00000000 00:00 0 
7fb1d39f5000-7fb1d3af6000 rw-p 00000000 00:00 0 
7fb1d3af6000-7fb1d3af7000 ---p 00000000 00:00 0 
7fb1d3af7000-7fb1d3bf8000 rw-p 00000000 00:00 0 
7fb1d3bf8000-7fb1d3bf9000 ---p 00000000 00:00 0 
7fb1d3bf9000-7fb1d3cfa000 rw-p 00000000 00:00 0 
7fb1d3cfa000-7fb1d3cfb000 ---p 00000000 00:00 0 
7fb1d3cfb000-7fb1d3dfc000 rw-p 00000000 00:00 0 
7fb1d3dfc000-7fb1d3dfd000 ---p 00000000 00:00 0 
7fb1d3dfd000-7fb1d3efe000 rw-p 00000000 00:00 0 
7fb1d3efe000-7fb1d3eff000 ---p 00000000 00:00 0 
7fb1d3eff000-7fb1d4000000 rw-p 00000000 00:00 0 
7fb1d4000000-7fb1d4021000 rw-p 00000000 00:00 0 
7fb1d4021000-7fb1d8000000 ---p 00000000 00:00 0 
7fb1d8000000-7fb1d8021000 rw-p 00000000 00:00 0 
7fb1d8021000-7fb1dc000000 ---p 00000000 00:00 0 
7fb1dc000000-7fb1ddb07000 rw-p 00000000 00:00 0 
7fb1ddb07000-7fb1e0000000 ---p 00000000 00:00 0 
7fb1e0000000-7fb1e0021000 rw-p 00000000 00:00 0 
7fb1e0021000-7fb1e4000000 ---p 00000000 00:00 0 
7fb1e4000000-7fb1e4021000 rw-p 00000000 00:00 0 
7fb1e4021000-7fb1e8000000 ---p 00000000 00:00 0 
7fb1e8000000-7fb1e8021000 rw-p 00000000 00:00 0 
7fb1e8021000-7fb1ec000000 ---p 00000000 00:00 0 
7fb1ec000000-7fb1ec021000 rw-p 00000000 00:00 0 
7fb1ec021000-7fb1f0000000 ---p 00000000 00:00 0 
7fb1f0000000-7fb1f0021000 rw-p 00000000 00:00 0 
7fb1f0021000-7fb1f4000000 ---p 00000000 00:00 0 
7fb1f4000000-7fb1f4021000 rw-p 00000000 00:00 0 
7fb1f4021000-7fb1f8000000 ---p 00000000 00:00 0 
7fb1f8000000-7fb1f8021000 rw-p 00000000 00:00 0 
7fb1f8021000-7fb1fc000000 ---p 00000000 00:00 0 
7fb1fc000000-7fb1fc021000 rw-p 00000000 00:00 0 
7fb1fc021000-7fb200000000 ---p 00000000 00:00 0 
7fb200000000-7fb20022c000 rw-p 00000000 00:00 0 
7fb20022c000-7fb204000000 ---p 00000000 00:00 0 
7fb204000000-7fb204021000 rw-p 00000000 00:00 0 
7fb204021000-7fb208000000 ---p 00000000 00:00 0 
7fb208000000-7fb208021000 rw-p 00000000 00:00 0 
7fb208021000-7fb20c000000 ---p 00000000 00:00 0 
7fb20c000000-7fb20c021000 rw-p 00000000 00:00 0 
7fb20c021000-7fb210000000 ---p 00000000 00:00 0 
7fb210000000-7fb210021000 rw-p 00000000 00:00 0 
7fb210021000-7fb214000000 ---p 00000000 00:00 0 
7fb214000000-7fb214021000 rw-p 00000000 00:00 0 
7fb214021000-7fb218000000 ---p 00000000 00:00 0 
7fb218000000-7fb218021000 rw-p 00000000 00:00 0 
7fb218021000-7fb21c000000 ---p 00000000 00:00 0 
7fb21c000000-7fb21c021000 rw-p 00000000 00:00 0 
7fb21c021000-7fb220000000 ---p 00000000 00:00 0 
7fb220000000-7fb220021000 rw-p 00000000 00:00 0 
7fb220021000-7fb224000000 ---p 00000000 00:00 0 
7fb224000000-7fb224021000 rw-p 00000000 00:00 0 
7fb224021000-7fb228000000 ---p 00000000 00:00 0 
7fb228000000-7fb228021000 rw-p 00000000 00:00 0 
7fb228021000-7fb22c000000 ---p 00000000 00:00 0 
7fb22c000000-7fb22c021000 rw-p 00000000 00:00 0 
7fb22c021000-7fb230000000 ---p 00000000 00:00 0 
7fb230000000-7fb230021000 rw-p 00000000 00:00 0 
7fb230021000-7fb234000000 ---p 00000000 00:00 0 
7fb234000000-7fb234021000 rw-p 00000000 00:00 0 
7fb234021000-7fb238000000 ---p 00000000 00:00 0 
7fb238000000-7fb238021000 rw-p 00000000 00:00 0 
7fb238021000-7fb23c000000 ---p 00000000 00:00 0 
7fb23c000000-7fb23c021000 rw-p 00000000 00:00 0 
7fb23c021000-7fb240000000 ---p 00000000 00:00 0 
7fb240000000-7fb240021000 rw-p 00000000 00:00 0 
7fb240021000-7fb244000000 ---p 00000000 00:00 0 
7fb244000000-7fb244021000 rw-p 00000000 00:00 0 
7fb244021000-7fb248000000 ---p 00000000 00:00 0 
7fb248000000-7fb248021000 rw-p 00000000 00:00 0 
7fb248021000-7fb24c000000 ---p 00000000 00:00 0 
7fb24c000000-7fb24c208000 rw-p 00000000 00:00 0 
7fb24c208000-7fb250000000 ---p 00000000 00:00 0 
7fb250000000-7fb250021000 rw-p 00000000 00:00 0 
7fb250021000-7fb254000000 ---p 00000000 00:00 0 
7fb254000000-7fb2541c9000 rw-p 00000000 00:00 0 
7fb2541c9000-7fb258000000 ---p 00000000 00:00 0 
7fb258000000-7fb2581e9000 rw-p 00000000 00:00 0 
7fb2581e9000-7fb25c000000 ---p 00000000 00:00 0 
7fb25c000000-7fb25c021000 rw-p 00000000 00:00 0 
7fb25c021000-7fb260000000 ---p 00000000 00:00 0 
7fb260000000-7fb260021000 rw-p 00000000 00:00 0 
7fb260021000-7fb264000000 ---p 00000000 00:00 0 
7fb264000000-7fb264021000 rw-p 00000000 00:00 0 
7fb264021000-7fb268000000 ---p 00000000 00:00 0 
7fb268000000-7fb268021000 rw-p 00000000 00:00 0 
7fb268021000-7fb26c000000 ---p 00000000 00:00 0 
7fb26c000000-7fb26c021000 rw-p 00000000 00:00 0 
7fb26c021000-7fb270000000 ---p 00000000 00:00 0 
7fb270000000-7fb270021000 rw-p 00000000 00:00 0 
7fb270021000-7fb274000000 ---p 00000000 00:00 0 
7fb274000000-7fb274021000 rw-p 00000000 00:00 0 
7fb274021000-7fb278000000 ---p 00000000 00:00 0 
7fb278000000-7fb278021000 rw-p 00000000 00:00 0 
7fb278021000-7fb27c000000 ---p 00000000 00:00 0 
7fb27c000000-7fb27c021000 rw-p 00000000 00:00 0 
7fb27c021000-7fb280000000 ---p 00000000 00:00 0 
7fb280000000-7fb280021000 rw-p 00000000 00:00 0 
7fb280021000-7fb284000000 ---p 00000000 00:00 0 
7fb284000000-7fb284021000 rw-p 00000000 00:00 0 
7fb284021000-7fb288000000 ---p 00000000 00:00 0 
7fb288000000-7fb288021000 rw-p 00000000 00:00 0 
7fb288021000-7fb28c000000 ---p 00000000 00:00 0 
7fb28c000000-7fb28c021000 rw-p 00000000 00:00 0 
7fb28c021000-7fb290000000 ---p 00000000 00:00 0 
7fb290000000-7fb290021000 rw-p 00000000 00:00 0 
7fb290021000-7fb294000000 ---p 00000000 00:00 0 
7fb294000000-7fb294021000 rw-p 00000000 00:00 0 
7fb294021000-7fb298000000 ---p 00000000 00:00 0 
7fb298000000-7fb298021000 rw-p 00000000 00:00 0 
7fb298021000-7fb29c000000 ---p 00000000 00:00 0 
7fb29c000000-7fb29c021000 rw-p 00000000 00:00 0 
7fb29c021000-7fb2a0000000 ---p 00000000 00:00 0 
7fb2a0000000-7fb2a0021000 rw-p 00000000 00:00 0 
7fb2a0021000-7fb2a4000000 ---p 00000000 00:00 0 
7fb2a4000000-7fb2a4021000 rw-p 00000000 00:00 0 
7fb2a4021000-7fb2a8000000 ---p 00000000 00:00 0 
7fb2a8000000-7fb2a8021000 rw-p 00000000 00:00 0 
7fb2a8021000-7fb2ac000000 ---p 00000000 00:00 0 
7fb2ac000000-7fb2ac0d0000 rw-p 00000000 00:00 0 
7fb2ac0d0000-7fb2b0000000 ---p 00000000 00:00 0 
7fb2b0000000-7fb2b0021000 rw-p 00000000 00:00 0 
7fb2b0021000-7fb2b4000000 ---p 00000000 00:00 0 
7fb2b4000000-7fb2b4292000 rw-p 00000000 00:00 0 
7fb2b4292000-7fb2b8000000 ---p 00000000 00:00 0 
7fb2b8000000-7fb2b8186000 rw-p 00000000 00:00 0 
7fb2b8186000-7fb2bc000000 ---p 00000000 00:00 0 
7fb2bc085000-7fb2bc086000 ---p 00000000 00:00 0 
7fb2bc086000-7fb2bc187000 rw-p 00000000 00:00 0 
7fb2bc187000-7fb2bc188000 ---p 00000000 00:00 0 
7fb2bc188000-7fb2bc289000 rw-p 00000000 00:00 0 
7fb2bc289000-7fb2bc28a000 ---p 00000000 00:00 0 
7fb2bc28a000-7fb2bc38b000 rw-p 00000000 00:00 0 
7fb2bc38b000-7fb2bc38c000 ---p 00000000 00:00 0 
7fb2bc38c000-7fb2bc48d000 rw-p 00000000 00:00 0 
7fb2bc48d000-7fb2bc48e000 ---p 00000000 00:00 0 
7fb2bc48e000-7fb2bc58f000 rw-p 00000000 00:00 0 
7fb2bc58f000-7fb2bc590000 ---p 00000000 00:00 0 
7fb2bc590000-7fb2bc691000 rw-p 00000000 00:00 0 
7fb2bc691000-7fb2bc692000 ---p 00000000 00:00 0 
7fb2bc692000-7fb2bc793000 rw-p 00000000 00:00 0 
7fb2bc793000-7fb2bc794000 ---p 00000000 00:00 0 
7fb2bc794000-7fb2bc895000 rw-p 00000000 00:00 0 
7fb2bc895000-7fb2bc896000 ---p 00000000 00:00 0 
7fb2bc896000-7fb2bc997000 rw-p 00000000 00:00 0 
7fb2bc997000-7fb2bc998000 ---p 00000000 00:00 0 
7fb2bc998000-7fb2bca99000 rw-p 00000000 00:00 0 
7fb2bca99000-7fb2bca9a000 ---p 00000000 00:00 0 
7fb2bca9a000-7fb2bcb9b000 rw-p 00000000 00:00 0 
7fb2bcb9b000-7fb2bcb9c000 ---p 00000000 00:00 0 
7fb2bcb9c000-7fb2bcc9d000 rw-p 00000000 00:00 0 
7fb2bcc9d000-7fb2bcc9e000 ---p 00000000 00:00 0 
7fb2bcc9e000-7fb2bcd9f000 rw-p 00000000 00:00 0 
7fb2bcd9f000-7fb2bcda0000 ---p 00000000 00:00 0 
7fb2bcda0000-7fb2bcea1000 rw-p 00000000 00:00 0 
7fb2bcea1000-7fb2bcea2000 ---p 00000000 00:00 0 
7fb2bcea2000-7fb2bcfa3000 rw-p 00000000 00:00 0 
7fb2bcfa3000-7fb2bcfa4000 ---p 00000000 00:00 0 
7fb2bcfa4000-7fb2bd0a5000 rw-p 00000000 00:00 0 
7fb2bd0a5000-7fb2bd0a6000 ---p 00000000 00:00 0 
7fb2bd0a6000-7fb2bd1a7000 rw-p 00000000 00:00 0 
7fb2bd1a7000-7fb2bd1a8000 ---p 00000000 00:00 0 
7fb2bd1a8000-7fb2bd2a9000 rw-p 00000000 00:00 0 
7fb2bd2a9000-7fb2bd2aa000 ---p 00000000 00:00 0 
7fb2bd2aa000-7fb2bd3ab000 rw-p 00000000 00:00 0 
7fb2bd3ab000-7fb2bd3ac000 ---p 00000000 00:00 0 
7fb2bd3ac000-7fb2bd4ad000 rw-p 00000000 00:00 0 
7fb2bd4ad000-7fb2bd4ae000 ---p 00000000 00:00 0 
7fb2bd4ae000-7fb2bd5af000 rw-p 00000000 00:00 0 
7fb2bd5af000-7fb2bd5b0000 ---p 00000000 00:00 0 
7fb2bd5b0000-7fb2bd6b1000 rw-p 00000000 00:00 0 
7fb2bd6b1000-7fb2bd6b2000 ---p 00000000 00:00 0 
7fb2bd6b2000-7fb2bd7b3000 rw-p 00000000 00:00 0 
7fb2bd7b3000-7fb2bd7b4000 ---p 00000000 00:00 0 
7fb2bd7b4000-7fb2bd8b5000 rw-p 00000000 00:00 0 
7fb2bd8b5000-7fb2bd8b6000 ---p 00000000 00:00 0 
7fb2bd8b6000-7fb2bd9b7000 rw-p 00000000 00:00 0 
7fb2bd9b7000-7fb2bd9b8000 ---p 00000000 00:00 0 
7fb2bd9b8000-7fb2bdab9000 rw-p 00000000 00:00 0 
7fb2bdab9000-7fb2bdaba000 ---p 00000000 00:00 0 
7fb2bdaba000-7fb2bdbbb000 rw-p 00000000 00:00 0 
7fb2bdbbb000-7fb2bdbbc000 ---p 00000000 00:00 0 
7fb2bdbbc000-7fb2bdcbd000 rw-p 00000000 00:00 0 
7fb2bdcbd000-7fb2bdcbe000 ---p 00000000 00:00 0 
7fb2bdcbe000-7fb2bddbf000 rw-p 00000000 00:00 0 
7fb2bddbf000-7fb2bddc0000 ---p 00000000 00:00 0 
7fb2bddc0000-7fb2bdec1000 rw-p 00000000 00:00 0 
7fb2bdec1000-7fb2bdec2000 ---p 00000000 00:00 0 
7fb2bdec2000-7fb2bdfc3000 rw-p 00000000 00:00 0 
7fb2bdfc3000-7fb2bdfc4000 ---p 00000000 00:00 0 
7fb2bdfc4000-7fb2be0c5000 rw-p 00000000 00:00 0 
7fb2be0c5000-7fb2be0c6000 ---p 00000000 00:00 0 
7fb2be0c6000-7fb2be1c7000 rw-p 00000000 00:00 0 
7fb2be1c7000-7fb2be1c8000 ---p 00000000 00:00 0 
7fb2be1c8000-7fb2be2c9000 rw-p 00000000 00:00 0 
7fb2be2c9000-7fb2be2ca000 ---p 00000000 00:00 0 
7fb2be2ca000-7fb2be3cb000 rw-p 00000000 00:00 0 
7fb2be3cb000-7fb2be3cc000 ---p 00000000 00:00 0 
7fb2be3cc000-7fb2be4cd000 rw-p 00000000 00:00 0 
7fb2be4cd000-7fb2be4ce000 ---p 00000000 00:00 0 
7fb2be4ce000-7fb2be5cf000 rw-p 00000000 00:00 0 
7fb2be5cf000-7fb2be5d3000 ---p 00000000 00:00 0 
7fb2be5d3000-7fb2be6d0000 rw-p 00000000 00:00 0 
7fb2be6d0000-7fb2be6d1000 ---p 00000000 00:00 0 
7fb2be6d1000-7fb2be7d2000 rw-p 00000000 00:00 0 
7fb2be7d2000-7fb2be7d3000 ---p 00000000 00:00 0 
7fb2be7d3000-7fb2be8d4000 rw-p 00000000 00:00 0 
7fb2be8d4000-7fb2be8d5000 ---p 00000000 00:00 0 
7fb2be8d5000-7fb2be9d6000 rw-p 00000000 00:00 0 
7fb2be9d6000-7fb2be9d7000 ---p 00000000 00:00 0 
7fb2be9d7000-7fb2bead8000 rw-p 00000000 00:00 0 
7fb2bead8000-7fb2bead9000 ---p 00000000 00:00 0 
7fb2bead9000-7fb2bebda000 rw-p 00000000 00:00 0 
7fb2bebda000-7fb2bebdb000 ---p 00000000 00:00 0 
7fb2bebdb000-7fb2becdc000 rw-p 00000000 00:00 0 
7fb2becdc000-7fb2becdd000 ---p 00000000 00:00 0 
7fb2becdd000-7fb2bedde000 rw-p 00000000 00:00 0 
7fb2bedde000-7fb2beddf000 ---p 00000000 00:00 0 
7fb2beddf000-7fb2beee0000 rw-p 00000000 00:00 0 
7fb2beee0000-7fb2beee1000 ---p 00000000 00:00 0 
7fb2beee1000-7fb2befe2000 rw-p 00000000 00:00 0 
7fb2befe2000-7fb2befe3000 ---p 00000000 00:00 0 
7fb2befe3000-7fb2bf0e4000 rw-p 00000000 00:00 0 
7fb2bf0e4000-7fb2bf0e5000 ---p 00000000 00:00 0 
7fb2bf0e5000-7fb2bf1e6000 rw-p 00000000 00:00 0 
7fb2bf1e6000-7fb2bf1e7000 ---p 00000000 00:00 0 
7fb2bf1e7000-7fb2bf2e8000 rw-p 00000000 00:00 0 
7fb2bf2e8000-7fb2bf2e9000 ---p 00000000 00:00 0 
7fb2bf2e9000-7fb2bf3ea000 rw-p 00000000 00:00 0 
7fb2bf3ea000-7fb2bf3eb000 ---p 00000000 00:00 0 
7fb2bf3eb000-7fb2bf4ec000 rw-p 00000000 00:00 0 
7fb2bf4ec000-7fb2bf4ed000 ---p 00000000 00:00 0 
7fb2bf4ed000-7fb2bf5ee000 rw-p 00000000 00:00 0 
7fb2bf5ee000-7fb2bf5ef000 ---p 00000000 00:00 0 
7fb2bf5ef000-7fb2bf6f0000 rw-p 00000000 00:00 0 
7fb2bf6f0000-7fb2bf6f1000 ---p 00000000 00:00 0 
7fb2bf6f1000-7fb2bf7f2000 rw-p 00000000 00:00 0 
7fb2bf7f2000-7fb2bf7f3000 ---p 00000000 00:00 0 
7fb2bf7f3000-7fb2bf8f4000 rw-p 00000000 00:00 0 
7fb2bf8f4000-7fb2bf8f5000 ---p 00000000 00:00 0 
7fb2bf8f5000-7fb2bf9f6000 rw-p 00000000 00:00 0 
7fb2bf9f6000-7fb2bf9f7000 ---p 00000000 00:00 0 
7fb2bf9f7000-7fb2bfaf8000 rw-p 00000000 00:00 0 
7fb2bfaf8000-7fb2bfaf9000 ---p 00000000 00:00 0 
7fb2bfaf9000-7fb2bfbfa000 rw-p 00000000 00:00 0 
7fb2bfbfa000-7fb2bfbfb000 ---p 00000000 00:00 0 
7fb2bfbfb000-7fb2bfcfc000 rw-p 00000000 00:00 0 
7fb2bfcfc000-7fb2bfcfd000 ---p 00000000 00:00 0 
7fb2bfcfd000-7fb2bfdfe000 rw-p 00000000 00:00 0 
7fb2bfdfe000-7fb2bfe02000 ---p 00000000 00:00 0 
7fb2bfe02000-7fb2bfeff000 rw-p 00000000 00:00 0 
7fb2bfeff000-7fb2bff03000 ---p 00000000 00:00 0 
7fb2bff03000-7fb2c0000000 rw-p 00000000 00:00 0 
7fb2c0000000-7fb2c0078000 rw-p 00000000 00:00 0 
7fb2c0078000-7fb2c4000000 ---p 00000000 00:00 0 
7fb2c4000000-7fb2c415e000 rw-p 00000000 00:00 0 
7fb2c415e000-7fb2c8000000 ---p 00000000 00:00 0 
7fb2c8000000-7fb2c8021000 rw-p 00000000 00:00 0 
7fb2c8021000-7fb2cc000000 ---p 00000000 00:00 0 
7fb2cc000000-7fb2cc021000 rw-p 00000000 00:00 0 
7fb2cc021000-7fb2d0000000 ---p 00000000 00:00 0 
7fb2d0000000-7fb2d0102000 rw-p 00000000 00:00 0 
7fb2d0102000-7fb2d4000000 ---p 00000000 00:00 0 
7fb2d4000000-7fb2d4021000 rw-p 00000000 00:00 0 
7fb2d4021000-7fb2d8000000 ---p 00000000 00:00 0 
7fb2d8000000-7fb2d80f9000 rw-p 00000000 00:00 0 
7fb2d80f9000-7fb2dc000000 ---p 00000000 00:00 0 
7fb2dc000000-7fb2dc021000 rw-p 00000000 00:00 0 
7fb2dc021000-7fb2e0000000 ---p 00000000 00:00 0 
7fb2e0000000-7fb2e0021000 rw-p 00000000 00:00 0 
7fb2e0021000-7fb2e4000000 ---p 00000000 00:00 0 
7fb2e4000000-7fb2e4dfa000 rw-p 00000000 00:00 0 
7fb2e4dfa000-7fb2e8000000 ---p 00000000 00:00 0 
7fb2e8000000-7fb2e8021000 rw-p 00000000 00:00 0 
7fb2e8021000-7fb2ec000000 ---p 00000000 00:00 0 
7fb2ec000000-7fb2ec021000 rw-p 00000000 00:00 0 
7fb2ec021000-7fb2f0000000 ---p 00000000 00:00 0 
7fb2f0000000-7fb2f0021000 rw-p 00000000 00:00 0 
7fb2f0021000-7fb2f4000000 ---p 00000000 00:00 0 
7fb2f4000000-7fb2f7f9c000 rw-p 00000000 00:00 0 
7fb2f7f9c000-7fb2f8000000 ---p 00000000 00:00 0 
7fb2f8000000-7fb2f8702000 rw-p 00000000 00:00 0 
7fb2f8702000-7fb2fc000000 ---p 00000000 00:00 0 
7fb2fc059000-7fb2fc05d000 ---p 00000000 00:00 0 
7fb2fc05d000-7fb2fc15a000 rw-p 00000000 00:00 0 
7fb2fc15a000-7fb2fc15e000 ---p 00000000 00:00 0 
7fb2fc15e000-7fb2fc25b000 rw-p 00000000 00:00 0 
7fb2fc25b000-7fb2fc25f000 ---p 00000000 00:00 0 
7fb2fc25f000-7fb2fc35c000 rw-p 00000000 00:00 0 
7fb2fc35c000-7fb2fc372000 r-xp 00000000 103:02 16002304                  /usr/lib/jvm/java-12-oracle/lib/libnet.so
7fb2fc372000-7fb2fc572000 ---p 00016000 103:02 16002304                  /usr/lib/jvm/java-12-oracle/lib/libnet.so
7fb2fc572000-7fb2fc573000 r--p 00016000 103:02 16002304                  /usr/lib/jvm/java-12-oracle/lib/libnet.so
7fb2fc573000-7fb2fc574000 rw-p 00017000 103:02 16002304                  /usr/lib/jvm/java-12-oracle/lib/libnet.so
7fb2fc574000-7fb2fc585000 r-xp 00000000 103:02 16002305                  /usr/lib/jvm/java-12-oracle/lib/libnio.so
7fb2fc585000-7fb2fc784000 ---p 00011000 103:02 16002305                  /usr/lib/jvm/java-12-oracle/lib/libnio.so
7fb2fc784000-7fb2fc785000 r--p 00010000 103:02 16002305                  /usr/lib/jvm/java-12-oracle/lib/libnio.so
7fb2fc785000-7fb2fc786000 rw-p 00011000 103:02 16002305                  /usr/lib/jvm/java-12-oracle/lib/libnio.so
7fb2fc786000-7fb2fc78a000 ---p 00000000 00:00 0 
7fb2fc78a000-7fb2fc887000 rw-p 00000000 00:00 0 
7fb2fc887000-7fb2fc888000 ---p 00000000 00:00 0 
7fb2fc888000-7fb2fc989000 rw-p 00000000 00:00 0 
7fb2fc989000-7fb2fc98d000 ---p 00000000 00:00 0 
7fb2fc98d000-7fb2fca8a000 rw-p 00000000 00:00 0 
7fb2fca8a000-7fb2fca8e000 ---p 00000000 00:00 0 
7fb2fca8e000-7fb2fcb8b000 rw-p 00000000 00:00 0 
7fb2fcb8b000-7fb2fcb8f000 ---p 00000000 00:00 0 
7fb2fcb8f000-7fb2fcc8c000 rw-p 00000000 00:00 0 
7fb2fcc8c000-7fb2fcc90000 ---p 00000000 00:00 0 
7fb2fcc90000-7fb2fcd8d000 rw-p 00000000 00:00 0 
7fb2fcd8d000-7fb2fcd91000 ---p 00000000 00:00 0 
7fb2fcd91000-7fb2fce8e000 rw-p 00000000 00:00 0 
7fb2fce8e000-7fb2fce92000 ---p 00000000 00:00 0 
7fb2fce92000-7fb2fcf8f000 rw-p 00000000 00:00 0 
7fb2fcf8f000-7fb2fd95e000 r--p 00000000 103:02 15866447                  /usr/lib/locale/locale-archive
7fb2fd95e000-7fb2fd962000 ---p 00000000 00:00 0 
7fb2fd962000-7fb2fda5f000 rw-p 00000000 00:00 0 
7fb2fda5f000-7fb2fda63000 ---p 00000000 00:00 0 
7fb2fda63000-7fb2fdb60000 rw-p 00000000 00:00 0 
7fb2fdb60000-7fb2fdb61000 ---p 00000000 00:00 0 
7fb2fdb61000-7fb2fe1a3000 rw-p 00000000 00:00 0 
7fb2fe1a3000-7fb2fe4e3000 ---p 00000000 00:00 0 
7fb2fe4e3000-7fb2fe4e4000 ---p 00000000 00:00 0 
7fb2fe4e4000-7fb2fe5e5000 rw-p 00000000 00:00 0 
7fb2fe5e5000-7fb2fe5e6000 ---p 00000000 00:00 0 
7fb2fe5e6000-7fb300000000 rw-p 00000000 00:00 0 
7fb300000000-7fb300021000 rw-p 00000000 00:00 0 
7fb300021000-7fb304000000 ---p 00000000 00:00 0 
7fb304000000-7fb304021000 rw-p 00000000 00:00 0 
7fb304021000-7fb308000000 ---p 00000000 00:00 0 
7fb308000000-7fb308021000 rw-p 00000000 00:00 0 
7fb308021000-7fb30c000000 ---p 00000000 00:00 0 
7fb30c04a000-7fb30f2b7000 rw-p 00000000 00:00 0 
7fb30f2b7000-7fb30f2b8000 ---p 00000000 00:00 0 
7fb30f2b8000-7fb30f3b9000 rw-p 00000000 00:00 0 
7fb30f3b9000-7fb30f3ba000 ---p 00000000 00:00 0 
7fb30f3ba000-7fb30f4bb000 rw-p 00000000 00:00 0 
7fb30f4bb000-7fb30f4bc000 ---p 00000000 00:00 0 
7fb30f4bc000-7fb3108de000 rw-p 00000000 00:00 0 
7fb3108de000-7fb31f5ee000 ---p 00000000 00:00 0 
7fb31f5ee000-7fb32043e000 rw-p 00000000 00:00 0 
7fb32043e000-7fb32f14e000 ---p 00000000 00:00 0 
7fb32f14e000-7fb32f334000 rw-p 00000000 00:00 0 
7fb32f334000-7fb3310d6000 ---p 00000000 00:00 0 
7fb3310d6000-7fb3312a0000 rw-p 00000000 00:00 0 
7fb3312a0000-7fb333042000 ---p 00000000 00:00 0 
7fb333042000-7fb33320c000 rw-p 00000000 00:00 0 
7fb33320c000-7fb334fae000 ---p 00000000 00:00 0 
7fb334fae000-7fb337add000 rw-p 00000000 00:00 0 
7fb337add000-7fb337e1d000 rwxp 00000000 00:00 0 
7fb337e1d000-7fb33833b000 ---p 00000000 00:00 0 
7fb33833b000-7fb3385ab000 rwxp 00000000 00:00 0 
7fb3385ab000-7fb33f70c000 ---p 00000000 00:00 0 
7fb33f70c000-7fb33f97c000 rwxp 00000000 00:00 0 
7fb33f97c000-7fb346add000 ---p 00000000 00:00 0 
7fb346add000-7fb34ef60000 r--s 00000000 103:02 16002315                  /usr/lib/jvm/java-12-oracle/lib/modules
7fb34ef60000-7fb34ef7b000 r-xp 00000000 103:02 15993627                  /usr/lib/jvm/java-12-oracle/lib/libjimage.so
7fb34ef7b000-7fb34f17a000 ---p 0001b000 103:02 15993627                  /usr/lib/jvm/java-12-oracle/lib/libjimage.so
7fb34f17a000-7fb34f17c000 r--p 0001a000 103:02 15993627                  /usr/lib/jvm/java-12-oracle/lib/libjimage.so
7fb34f17c000-7fb34f17d000 rw-p 0001c000 103:02 15993627                  /usr/lib/jvm/java-12-oracle/lib/libjimage.so
7fb34f17d000-7fb34f184000 r-xp 00000000 103:02 16002314                  /usr/lib/jvm/java-12-oracle/lib/libzip.so
7fb34f184000-7fb34f383000 ---p 00007000 103:02 16002314                  /usr/lib/jvm/java-12-oracle/lib/libzip.so
7fb34f383000-7fb34f384000 r--p 00006000 103:02 16002314                  /usr/lib/jvm/java-12-oracle/lib/libzip.so
7fb34f384000-7fb34f385000 rw-p 00007000 103:02 16002314                  /usr/lib/jvm/java-12-oracle/lib/libzip.so
7fb34f385000-7fb34f390000 r-xp 00000000 103:02 10490588                  /lib/x86_64-linux-gnu/libnss_files-2.27.so
7fb34f390000-7fb34f58f000 ---p 0000b000 103:02 10490588                  /lib/x86_64-linux-gnu/libnss_files-2.27.so
7fb34f58f000-7fb34f590000 r--p 0000a000 103:02 10490588                  /lib/x86_64-linux-gnu/libnss_files-2.27.so
7fb34f590000-7fb34f591000 rw-p 0000b000 103:02 10490588                  /lib/x86_64-linux-gnu/libnss_files-2.27.so
7fb34f591000-7fb34f597000 rw-p 00000000 00:00 0 
7fb34f597000-7fb34f5ae000 r-xp 00000000 103:02 10490582                  /lib/x86_64-linux-gnu/libnsl-2.27.so
7fb34f5ae000-7fb34f7ad000 ---p 00017000 103:02 10490582                  /lib/x86_64-linux-gnu/libnsl-2.27.so
7fb34f7ad000-7fb34f7ae000 r--p 00016000 103:02 10490582                  /lib/x86_64-linux-gnu/libnsl-2.27.so
7fb34f7ae000-7fb34f7af000 rw-p 00017000 103:02 10490582                  /lib/x86_64-linux-gnu/libnsl-2.27.so
7fb34f7af000-7fb34f7b1000 rw-p 00000000 00:00 0 
7fb34f7b1000-7fb34f7bc000 r-xp 00000000 103:02 10490599                  /lib/x86_64-linux-gnu/libnss_nis-2.27.so
7fb34f7bc000-7fb34f9bb000 ---p 0000b000 103:02 10490599                  /lib/x86_64-linux-gnu/libnss_nis-2.27.so
7fb34f9bb000-7fb34f9bc000 r--p 0000a000 103:02 10490599                  /lib/x86_64-linux-gnu/libnss_nis-2.27.so
7fb34f9bc000-7fb34f9bd000 rw-p 0000b000 103:02 10490599                  /lib/x86_64-linux-gnu/libnss_nis-2.27.so
7fb34f9bd000-7fb34f9c5000 r-xp 00000000 103:02 10490584                  /lib/x86_64-linux-gnu/libnss_compat-2.27.so
7fb34f9c5000-7fb34fbc5000 ---p 00008000 103:02 10490584                  /lib/x86_64-linux-gnu/libnss_compat-2.27.so
7fb34fbc5000-7fb34fbc6000 r--p 00008000 103:02 10490584                  /lib/x86_64-linux-gnu/libnss_compat-2.27.so
7fb34fbc6000-7fb34fbc7000 rw-p 00009000 103:02 10490584                  /lib/x86_64-linux-gnu/libnss_compat-2.27.so
7fb34fbc7000-7fb34fbef000 r-xp 00000000 103:02 15993623                  /usr/lib/jvm/java-12-oracle/lib/libjava.so
7fb34fbef000-7fb34fdee000 ---p 00028000 103:02 15993623                  /usr/lib/jvm/java-12-oracle/lib/libjava.so
7fb34fdee000-7fb34fdef000 r--p 00027000 103:02 15993623                  /usr/lib/jvm/java-12-oracle/lib/libjava.so
7fb34fdef000-7fb34fdf1000 rw-p 00028000 103:02 15993623                  /usr/lib/jvm/java-12-oracle/lib/libjava.so
7fb34fdf1000-7fb34fdfe000 r-xp 00000000 103:02 16002313                  /usr/lib/jvm/java-12-oracle/lib/libverify.so
7fb34fdfe000-7fb34fffd000 ---p 0000d000 103:02 16002313                  /usr/lib/jvm/java-12-oracle/lib/libverify.so
7fb34fffd000-7fb34ffff000 r--p 0000c000 103:02 16002313                  /usr/lib/jvm/java-12-oracle/lib/libverify.so
7fb34ffff000-7fb350000000 rw-p 0000e000 103:02 16002313                  /usr/lib/jvm/java-12-oracle/lib/libverify.so
7fb350000000-7fb3504bb000 rw-p 00000000 00:00 0 
7fb3504bb000-7fb354000000 ---p 00000000 00:00 0 
7fb354026000-7fb35402b000 rw-p 00000000 00:00 0 
7fb35402b000-7fb35410e000 ---p 00000000 00:00 0 
7fb35410e000-7fb354113000 rw-p 00000000 00:00 0 
7fb354113000-7fb3541f6000 ---p 00000000 00:00 0 
7fb3541f6000-7fb3541fd000 r-xp 00000000 103:02 10490639                  /lib/x86_64-linux-gnu/librt-2.27.so
7fb3541fd000-7fb3543fc000 ---p 00007000 103:02 10490639                  /lib/x86_64-linux-gnu/librt-2.27.so
7fb3543fc000-7fb3543fd000 r--p 00006000 103:02 10490639                  /lib/x86_64-linux-gnu/librt-2.27.so
7fb3543fd000-7fb3543fe000 rw-p 00007000 103:02 10490639                  /lib/x86_64-linux-gnu/librt-2.27.so
7fb3543fe000-7fb35459b000 r-xp 00000000 103:02 10490561                  /lib/x86_64-linux-gnu/libm-2.27.so
7fb35459b000-7fb35479a000 ---p 0019d000 103:02 10490561                  /lib/x86_64-linux-gnu/libm-2.27.so
7fb35479a000-7fb35479b000 r--p 0019c000 103:02 10490561                  /lib/x86_64-linux-gnu/libm-2.27.so
7fb35479b000-7fb35479c000 rw-p 0019d000 103:02 10490561                  /lib/x86_64-linux-gnu/libm-2.27.so
7fb35479c000-7fb3558ff000 r-xp 00000000 103:02 16002329                  /usr/lib/jvm/java-12-oracle/lib/server/libjvm.so
7fb3558ff000-7fb355aff000 ---p 01163000 103:02 16002329                  /usr/lib/jvm/java-12-oracle/lib/server/libjvm.so
7fb355aff000-7fb355bc0000 r--p 01163000 103:02 16002329                  /usr/lib/jvm/java-12-oracle/lib/server/libjvm.so
7fb355bc0000-7fb355bf9000 rw-p 01224000 103:02 16002329                  /usr/lib/jvm/java-12-oracle/lib/server/libjvm.so
7fb355bf9000-7fb355c7c000 rw-p 00000000 00:00 0 
7fb355c7c000-7fb355e63000 r-xp 00000000 103:02 10490498                  /lib/x86_64-linux-gnu/libc-2.27.so
7fb355e63000-7fb356063000 ---p 001e7000 103:02 10490498                  /lib/x86_64-linux-gnu/libc-2.27.so
7fb356063000-7fb356067000 r--p 001e7000 103:02 10490498                  /lib/x86_64-linux-gnu/libc-2.27.so
7fb356067000-7fb356069000 rw-p 001eb000 103:02 10490498                  /lib/x86_64-linux-gnu/libc-2.27.so
7fb356069000-7fb35606d000 rw-p 00000000 00:00 0 
7fb35606d000-7fb356070000 r-xp 00000000 103:02 10490521                  /lib/x86_64-linux-gnu/libdl-2.27.so
7fb356070000-7fb35626f000 ---p 00003000 103:02 10490521                  /lib/x86_64-linux-gnu/libdl-2.27.so
7fb35626f000-7fb356270000 r--p 00002000 103:02 10490521                  /lib/x86_64-linux-gnu/libdl-2.27.so
7fb356270000-7fb356271000 rw-p 00003000 103:02 10490521                  /lib/x86_64-linux-gnu/libdl-2.27.so
7fb356271000-7fb35628b000 r-xp 00000000 103:02 10490631                  /lib/x86_64-linux-gnu/libpthread-2.27.so
7fb35628b000-7fb35648a000 ---p 0001a000 103:02 10490631                  /lib/x86_64-linux-gnu/libpthread-2.27.so
7fb35648a000-7fb35648b000 r--p 00019000 103:02 10490631                  /lib/x86_64-linux-gnu/libpthread-2.27.so
7fb35648b000-7fb35648c000 rw-p 0001a000 103:02 10490631                  /lib/x86_64-linux-gnu/libpthread-2.27.so
7fb35648c000-7fb356490000 rw-p 00000000 00:00 0 
7fb356490000-7fb3564a0000 r-xp 00000000 103:02 15993628                  /usr/lib/jvm/java-12-oracle/lib/libjli.so
7fb3564a0000-7fb35669f000 ---p 00010000 103:02 15993628                  /usr/lib/jvm/java-12-oracle/lib/libjli.so
7fb35669f000-7fb3566a0000 r--p 0000f000 103:02 15993628                  /usr/lib/jvm/java-12-oracle/lib/libjli.so
7fb3566a0000-7fb3566a1000 rw-p 00010000 103:02 15993628                  /usr/lib/jvm/java-12-oracle/lib/libjli.so
7fb3566a1000-7fb3566bd000 r-xp 00000000 103:02 10490670                  /lib/x86_64-linux-gnu/libz.so.1.2.11
7fb3566bd000-7fb3568bc000 ---p 0001c000 103:02 10490670                  /lib/x86_64-linux-gnu/libz.so.1.2.11
7fb3568bc000-7fb3568bd000 r--p 0001b000 103:02 10490670                  /lib/x86_64-linux-gnu/libz.so.1.2.11
7fb3568bd000-7fb3568be000 rw-p 0001c000 103:02 10490670                  /lib/x86_64-linux-gnu/libz.so.1.2.11
7fb3568be000-7fb3568e5000 r-xp 00000000 103:02 10490470                  /lib/x86_64-linux-gnu/ld-2.27.so
7fb3568fa000-7fb3569c0000 rw-p 00000000 00:00 0 
7fb3569c0000-7fb3569ca000 ---p 00000000 00:00 0 
7fb3569ca000-7fb3569ce000 ---p 00000000 00:00 0 
7fb3569ce000-7fb356acf000 rw-p 00000000 00:00 0 
7fb356ad9000-7fb356ada000 r--p 00000000 103:02 17567477                  /usr/share/locale-langpack/en_GB/LC_MESSAGES/libc.mo
7fb356ada000-7fb356ae2000 rw-s 00000000 103:02 13369563                  /tmp/hsperfdata_rflachlan/34832
7fb356ae2000-7fb356ae3000 ---p 00000000 00:00 0 
7fb356ae3000-7fb356ae4000 r--p 00000000 00:00 0 
7fb356ae4000-7fb356ae5000 ---p 00000000 00:00 0 
7fb356ae5000-7fb356ae6000 r--p 00027000 103:02 10490470                  /lib/x86_64-linux-gnu/ld-2.27.so
7fb356ae6000-7fb356ae7000 rw-p 00028000 103:02 10490470                  /lib/x86_64-linux-gnu/ld-2.27.so
7fb356ae7000-7fb356ae8000 rw-p 00000000 00:00 0 
7ffdc0bef000-7ffdc0c10000 rw-p 00000000 00:00 0                          [stack]
7ffdc0d7e000-7ffdc0d81000 r--p 00000000 00:00 0                          [vvar]
7ffdc0d81000-7ffdc0d83000 r-xp 00000000 00:00 0                          [vdso]
ffffffffff600000-ffffffffff601000 r-xp 00000000 00:00 0                  [vsyscall]


VM Arguments:
java_command: /home/rflachlan/Dropbox/ChaffTenerife//ChaffinchABC.jar 209 22 0 -876048486338077293 /home/rflachlan/Dropbox/ChaffTenerife/
java_class_path (initial): /home/rflachlan/Dropbox/ChaffTenerife//ChaffinchABC.jar
Launcher Type: SUN_STANDARD

[Global flags]
     intx CICompilerCount                          = 18                                        {product} {ergonomic}
     uint ConcGCThreads                            = 11                                        {product} {ergonomic}
     uint G1ConcRefinementThreads                  = 43                                        {product} {ergonomic}
   size_t G1HeapRegionSize                         = 4194304                                   {product} {ergonomic}
    uintx GCDrainStackTargetSize                   = 64                                        {product} {ergonomic}
   size_t InitialHeapSize                          = 1056964608                                {product} {ergonomic}
   size_t MarkStackSize                            = 4194304                                   {product} {ergonomic}
   size_t MaxHeapSize                              = 16869490688                               {product} {ergonomic}
   size_t MaxNewSize                               = 10120855552                               {product} {ergonomic}
   size_t MinHeapDeltaBytes                        = 4194304                                   {product} {ergonomic}
    uintx NonNMethodCodeHeapSize                   = 8769992                                {pd product} {ergonomic}
    uintx NonProfiledCodeHeapSize                  = 121444124                              {pd product} {ergonomic}
    uintx ProfiledCodeHeapSize                     = 121444124                              {pd product} {ergonomic}
    uintx ReservedCodeCacheSize                    = 251658240                              {pd product} {ergonomic}
     bool SegmentedCodeCache                       = true                                      {product} {ergonomic}
     bool UseCompressedClassPointers               = true                                 {lp64_product} {ergonomic}
     bool UseCompressedOops                        = true                                 {lp64_product} {ergonomic}
     bool UseG1GC                                  = true                                      {product} {ergonomic}

Logging:
Log output configuration:
 #0: stdout all=warning uptime,level,tags
 #1: stderr all=off uptime,level,tags

Environment Variables:
JAVA_HOME=/usr/lib/jvm/java-12-oracle
PATH=/usr/local/sbin:/usr/local/bin:/usr/sbin:/usr/bin:/sbin:/bin:/usr/games:/usr/local/games:/snap/bin:/usr/lib/jvm/java-12-oracle/bin:/usr/lib/jvm/java-12-oracle/db/bin
USERNAME=rflachlan
SHELL=/bin/bash
DISPLAY=:0

Signal Handlers:
SIGSEGV: [libjvm.so+0xe44380], sa_mask[0]=11111111011111111101111111111110, sa_flags=SA_RESTART|SA_SIGINFO
SIGBUS: [libjvm.so+0xe44380], sa_mask[0]=11111111011111111101111111111110, sa_flags=SA_RESTART|SA_SIGINFO
SIGFPE: [libjvm.so+0xe44380], sa_mask[0]=11111111011111111101111111111110, sa_flags=SA_RESTART|SA_SIGINFO
SIGPIPE: [libjvm.so+0xbf3e70], sa_mask[0]=11111111011111111101111111111110, sa_flags=SA_RESTART|SA_SIGINFO
SIGXFSZ: [libjvm.so+0xbf3e70], sa_mask[0]=11111111011111111101111111111110, sa_flags=SA_RESTART|SA_SIGINFO
SIGILL: [libjvm.so+0xe44380], sa_mask[0]=11111111011111111101111111111110, sa_flags=SA_RESTART|SA_SIGINFO
SIGUSR2: [libjvm.so+0xbf3d10], sa_mask[0]=00100000000000000000000000000000, sa_flags=SA_RESTART|SA_SIGINFO
SIGHUP: [libjvm.so+0xbf4070], sa_mask[0]=11111111011111111101111111111110, sa_flags=SA_RESTART|SA_SIGINFO
SIGINT: SIG_IGN, sa_mask[0]=00000000000000000000000000000000, sa_flags=none
SIGTERM: [libjvm.so+0xbf4070], sa_mask[0]=11111111011111111101111111111110, sa_flags=SA_RESTART|SA_SIGINFO
SIGQUIT: [libjvm.so+0xbf4070], sa_mask[0]=11111111011111111101111111111110, sa_flags=SA_RESTART|SA_SIGINFO


---------------  S Y S T E M  ---------------

OS:DISTRIB_ID=Ubuntu
DISTRIB_RELEASE=18.04
DISTRIB_CODENAME=bionic
DISTRIB_DESCRIPTION="Ubuntu 18.04.2 LTS"
uname:Linux 4.15.0-54-generic #58-Ubuntu SMP Mon Jun 24 10:55:24 UTC 2019 x86_64
libc:glibc 2.27 NPTL 2.27 
rlimit: STACK 8192k, CORE 0k, NPROC 256635, NOFILE 4096, AS infinity, DATA infinity, FSIZE infinity
load average:75.56 57.97 36.95

/proc/meminfo:
MemTotal:       65882016 kB
MemFree:          897376 kB
MemAvailable:     792648 kB
Buffers:           11200 kB
Cached:           428224 kB
SwapCached:         1736 kB
Active:         60210360 kB
Inactive:        3290504 kB
Active(anon):   60123488 kB
Inactive(anon):  3046288 kB
Active(file):      86872 kB
Inactive(file):   244216 kB
Unevictable:          16 kB
Mlocked:              16 kB
SwapTotal:       2097148 kB
SwapFree:              0 kB
Dirty:               308 kB
Writeback:           764 kB
AnonPages:      63061220 kB
Mapped:           259796 kB
Shmem:            107696 kB
Slab:             667580 kB
SReclaimable:     156440 kB
SUnreclaim:       511140 kB
KernelStack:      111424 kB
PageTables:       257664 kB
NFS_Unstable:          0 kB
Bounce:                0 kB
WritebackTmp:          0 kB
CommitLimit:    35038156 kB
Committed_AS:   98180420 kB
VmallocTotal:   34359738367 kB
VmallocUsed:           0 kB
VmallocChunk:          0 kB
HardwareCorrupted:     0 kB
AnonHugePages:         0 kB
ShmemHugePages:        0 kB
ShmemPmdMapped:        0 kB
CmaTotal:              0 kB
CmaFree:               0 kB
HugePages_Total:       0
HugePages_Free:        0
HugePages_Rsvd:        0
HugePages_Surp:        0
Hugepagesize:       2048 kB
DirectMap4k:      697368 kB
DirectMap2M:    25387008 kB
DirectMap1G:    40894464 kB


/proc/sys/kernel/threads-max (system-wide limit on the number of threads):
513271


/proc/sys/vm/max_map_count (maximum number of memory map areas a process may have):
65530


/proc/sys/kernel/pid_max (system-wide limit on number of process identifiers):
131072



container (cgroup) information:
container_type: cgroupv1
cpu_cpuset_cpus: 0-63
cpu_memory_nodes: 0,2
active_processor_count: 64
cpu_quota: -1
cpu_period: 100000
cpu_shares: -1
memory_limit_in_bytes: -1
memory_and_swap_limit_in_bytes: -2
memory_soft_limit_in_bytes: -1
memory_usage_in_bytes: 65031766016
memory_max_usage_in_bytes: 225794973696


CPU:total 64 (initial active 64) (64 cores per cpu, 2 threads per core) family 23 model 8 stepping 2, cmov, cx8, fxsr, mmx, sse, sse2, sse3, ssse3, sse4.1, sse4.2, popcnt, avx, avx2, aes, clmul, mmxext, 3dnowpref, lzcnt, sse4a, ht, tsc, tscinvbit, tscinv, bmi1, bmi2, adx, sha, fma
CPU Model and flags from /proc/cpuinfo:
model name	: AMD Ryzen Threadripper 2990WX 32-Core Processor
flags		: fpu vme de pse tsc msr pae mce cx8 apic sep mtrr pge mca cmov pat pse36 clflush mmx fxsr sse sse2 ht syscall nx mmxext fxsr_opt pdpe1gb rdtscp lm constant_tsc rep_good nopl nonstop_tsc cpuid extd_apicid amd_dcm aperfmperf pni pclmulqdq monitor ssse3 fma cx16 sse4_1 sse4_2 movbe popcnt aes xsave avx f16c rdrand lahf_lm cmp_legacy svm extapic cr8_legacy abm sse4a misalignsse 3dnowprefetch osvw skinit wdt tce topoext perfctr_core perfctr_nb bpext perfctr_llc mwaitx cpb hw_pstate sme ssbd ibpb vmmcall fsgsbase bmi1 avx2 smep bmi2 rdseed adx smap clflushopt sha_ni xsaveopt xsavec xgetbv1 xsaves clzero irperf xsaveerptr arat npt lbrv svm_lock nrip_save tsc_scale vmcb_clean flushbyasid decodeassists pausefilter pfthreshold avic v_vmsave_vmload vgif overflow_recov succor smca

Memory: 4k page, physical 65882016k(897376k free), swap 2097148k(0k free)

vm_info: Java HotSpot(TM) 64-Bit Server VM (12.0.2+10) for linux-amd64 JRE (12.0.2+10), built on Jul 16 2019 00:56:35 by "mach5one" with gcc 7.3.0

END.
