#
# There is insufficient memory for the Java Runtime Environment to continue.
# Native memory allocation (mmap) failed to map 213909504 bytes for committing reserved memory.
# Possible reasons:
#   The system is out of physical RAM or swap space
#   The process is running with CompressedOops enabled, and the Java Heap may be blocking the growth of the native heap
# Possible solutions:
#   Reduce memory load on the system
#   Increase physical memory or swap space
#   Check if swap backing store is full
#   Decrease Java heap size (-Xmx/-Xms)
#   Decrease number of Java threads
#   Decrease Java thread stack sizes (-Xss)
#   Set larger code cache with -XX:ReservedCodeCacheSize=
#   JVM is running with Zero Based Compressed Oops mode in which the Java heap is
#     placed in the first 32GB address space. The Java Heap base address is the
#     maximum limit for the native heap growth. Please use -XX:HeapBaseMinAddress
#     to set the Java Heap base and to place the Java Heap above 32GB virtual address.
# This output file may be truncated or incomplete.
#
#  Out of Memory Error (os_linux.cpp:2659), pid=15554, tid=15713
#
# JRE version: Java(TM) SE Runtime Environment (12.0.1+12) (build 12.0.1+12)
# Java VM: Java HotSpot(TM) 64-Bit Server VM (12.0.1+12, mixed mode, sharing, tiered, compressed oops, g1 gc, linux-amd64)
# Core dump will be written. Default location: Core dumps may be processed with "/usr/share/apport/apport %p %s %c %d %P" (or dumping to /home/rflachlan/NetBeansProjects/ChaffinchABC/core.15554)
#

---------------  S U M M A R Y ------------

Command Line: /home/rflachlan/Dropbox/ChaffMainlandN//ChaffinchABC.jar 1 3 0 -5383639672294397471 /home/rflachlan/Dropbox/ChaffMainlandN/

Host: AMD Ryzen Threadripper 2990WX 32-Core Processor, 64 cores, 62G, Ubuntu 18.04.2 LTS
Time: Wed Jul 17 17:15:43 2019 BST elapsed time: 70 seconds (0d 0h 1m 10s)

---------------  T H R E A D  ---------------

Current thread (0x00007f5e80327000):  VMThread "VM Thread" [stack: 0x00007f5e302ea000,0x00007f5e303ea000] [id=15713]

Stack: [0x00007f5e302ea000,0x00007f5e303ea000],  sp=0x00007f5e303e7f30,  free space=1015k
Native frames: (J=compiled Java code, A=aot compiled Java code, j=interpreted, Vv=VM code, C=native code)
V  [libjvm.so+0xe43ca0]  VMError::report_and_die(int, char const*, char const*, __va_list_tag*, Thread*, unsigned char*, void*, void*, char const*, int, unsigned long)+0x310
V  [libjvm.so+0xe4486b]  VMError::report_and_die(Thread*, char const*, int, unsigned long, VMErrorType, char const*, __va_list_tag*)+0x2b
V  [libjvm.so+0x65df95]  report_vm_out_of_memory(char const*, int, unsigned long, VMErrorType, char const*, ...)+0xd5
V  [libjvm.so+0xbf8c18]  os::pd_commit_memory_or_exit(char*, unsigned long, unsigned long, bool, char const*)+0x108
V  [libjvm.so+0xbf03fd]  os::commit_memory_or_exit(char*, unsigned long, unsigned long, bool, char const*)+0x1d
V  [libjvm.so+0x78820c]  G1PageBasedVirtualSpace::commit_preferred_pages(unsigned long, unsigned long)+0x6c
V  [libjvm.so+0x7885a4]  G1PageBasedVirtualSpace::commit(unsigned long, unsigned long)+0x154
V  [libjvm.so+0x796370]  G1RegionsLargerThanCommitSizeMapper::commit_regions(unsigned int, unsigned long, WorkGang*)+0x40
V  [libjvm.so+0x8174c0]  HeapRegionManager::commit_regions(unsigned int, unsigned long, WorkGang*)+0x80
V  [libjvm.so+0x81822f]  HeapRegionManager::make_regions_available(unsigned int, unsigned int, WorkGang*)+0x3f
V  [libjvm.so+0x8187b9]  HeapRegionManager::expand_at(unsigned int, unsigned int, WorkGang*)+0x119
V  [libjvm.so+0x73cc00]  G1CollectedHeap::expand(unsigned long, WorkGang*, double*)+0xe0
V  [libjvm.so+0x7415d2]  G1CollectedHeap::do_collection_pause_at_safepoint(double)+0xa22
V  [libjvm.so+0x7a9c51]  VM_G1CollectForAllocation::doit()+0x81
V  [libjvm.so+0xe46287]  VM_Operation::evaluate()+0xe7
V  [libjvm.so+0xe4c12f]  VMThread::evaluate_operation(VM_Operation*) [clone .constprop.63]+0xff
V  [libjvm.so+0xe4c671]  VMThread::loop()+0x3f1
V  [libjvm.so+0xe4caa3]  VMThread::run()+0x73
V  [libjvm.so+0xdd21bf]  Thread::call_run()+0x16f
V  [libjvm.so+0xbfe94e]  thread_native_entry(Thread*)+0xee

VM_Operation (0x00007f5e89244460): G1CollectForAllocation, mode: safepoint, requested by thread 0x00007f5e80012800


---------------  P R O C E S S  ---------------

Threads class SMR info:
_java_thread_list=0x00007f5d84000fc0, length=9, elements={
0x00007f5e80012800, 0x00007f5e8032a000, 0x00007f5e8032c000, 0x00007f5e80331000,
0x00007f5e80333800, 0x00007f5e8033d800, 0x00007f5e8033f800, 0x00007f5e80370000,
0x00007f5e80375000
}

Java Threads: ( => current thread )
  0x00007f5e80012800 JavaThread "main" [_thread_blocked, id=15575, stack(0x00007f5e89145000,0x00007f5e89246000)]
  0x00007f5e8032a000 JavaThread "Reference Handler" daemon [_thread_blocked, id=15725, stack(0x00007f5e301e7000,0x00007f5e302e8000)]
  0x00007f5e8032c000 JavaThread "Finalizer" daemon [_thread_blocked, id=15768, stack(0x00007f5e300e6000,0x00007f5e301e7000)]
  0x00007f5e80331000 JavaThread "Signal Dispatcher" daemon [_thread_blocked, id=15803, stack(0x00007f5e1b530000,0x00007f5e1b631000)]
  0x00007f5e80333800 JavaThread "C2 CompilerThread0" daemon [_thread_blocked, id=15820, stack(0x00007f5e1b42f000,0x00007f5e1b530000)]
  0x00007f5e8033d800 JavaThread "C1 CompilerThread0" daemon [_thread_blocked, id=15822, stack(0x00007f5e1b32e000,0x00007f5e1b42f000)]
  0x00007f5e8033f800 JavaThread "Sweeper thread" daemon [_thread_blocked, id=15845, stack(0x00007f5e1b22d000,0x00007f5e1b32e000)]
  0x00007f5e80370000 JavaThread "Service Thread" daemon [_thread_blocked, id=15953, stack(0x00007f5e1ac27000,0x00007f5e1ad28000)]
  0x00007f5e80375000 JavaThread "Common-Cleaner" daemon [_thread_blocked, id=15988, stack(0x00007f5e1aa24000,0x00007f5e1ab25000)]

Other Threads:
=>0x00007f5e80327000 VMThread "VM Thread" [stack: 0x00007f5e302ea000,0x00007f5e303ea000] [id=15713]
  0x00007f5e80372800 WatcherThread [stack: 0x00007f5e1ab27000,0x00007f5e1ac27000] [id=15975]
  0x00007f5e8006e800 GCTaskThread "GC Thread#0" [stack: 0x00007f5e41b6e000,0x00007f5e41c6e000] [id=15597]
  0x00007f5e28001000 GCTaskThread "GC Thread#1" [stack: 0x00007f5e1a1f7000,0x00007f5e1a2f7000] [id=16445]
  0x00007f5e28002000 GCTaskThread "GC Thread#2" [stack: 0x00007f5e1a0f5000,0x00007f5e1a1f5000] [id=16448]
  0x00007f5e28003000 GCTaskThread "GC Thread#3" [stack: 0x00007f5e19ff3000,0x00007f5e1a0f3000] [id=16450]
  0x00007f5e28004000 GCTaskThread "GC Thread#4" [stack: 0x00007f5e19ef1000,0x00007f5e19ff1000] [id=16452]
  0x00007f5e28005800 GCTaskThread "GC Thread#5" [stack: 0x00007f5e19def000,0x00007f5e19eef000] [id=16455]
  0x00007f5e28007000 GCTaskThread "GC Thread#6" [stack: 0x00007f5e19ced000,0x00007f5e19ded000] [id=16457]
  0x00007f5e28008800 GCTaskThread "GC Thread#7" [stack: 0x00007f5e19beb000,0x00007f5e19ceb000] [id=16459]
  0x00007f5e2800a800 GCTaskThread "GC Thread#8" [stack: 0x00007f5e19ae9000,0x00007f5e19be9000] [id=16461]
  0x00007f5e2800c000 GCTaskThread "GC Thread#9" [stack: 0x00007f5e199e7000,0x00007f5e19ae7000] [id=16462]
  0x00007f5e2800d800 GCTaskThread "GC Thread#10" [stack: 0x00007f5e198e5000,0x00007f5e199e5000] [id=16463]
  0x00007f5e2800f000 GCTaskThread "GC Thread#11" [stack: 0x00007f5e197e3000,0x00007f5e198e3000] [id=16464]
  0x00007f5e28010800 GCTaskThread "GC Thread#12" [stack: 0x00007f5e196e1000,0x00007f5e197e1000] [id=16470]
  0x00007f5e28012000 GCTaskThread "GC Thread#13" [stack: 0x00007f5e195df000,0x00007f5e196df000] [id=16476]
  0x00007f5e28013800 GCTaskThread "GC Thread#14" [stack: 0x00007f5e194dd000,0x00007f5e195dd000] [id=16490]
  0x00007f5e28015000 GCTaskThread "GC Thread#15" [stack: 0x00007f5e193db000,0x00007f5e194db000] [id=16492]
  0x00007f5e28016800 GCTaskThread "GC Thread#16" [stack: 0x00007f5e192d9000,0x00007f5e193d9000] [id=16494]
  0x00007f5e28018000 GCTaskThread "GC Thread#17" [stack: 0x00007f5e191d7000,0x00007f5e192d7000] [id=16496]
  0x00007f5e28019800 GCTaskThread "GC Thread#18" [stack: 0x00007f5e190d5000,0x00007f5e191d5000] [id=16498]
  0x00007f5e2801b000 GCTaskThread "GC Thread#19" [stack: 0x00007f5e18fd3000,0x00007f5e190d3000] [id=16501]
  0x00007f5e2801c800 GCTaskThread "GC Thread#20" [stack: 0x00007f5e18ed1000,0x00007f5e18fd1000] [id=16505]
  0x00007f5e2801e000 GCTaskThread "GC Thread#21" [stack: 0x00007f5e18dcf000,0x00007f5e18ecf000] [id=16507]
  0x00007f5e2801f800 GCTaskThread "GC Thread#22" [stack: 0x00007f5e18ccd000,0x00007f5e18dcd000] [id=16508]
  0x00007f5e28021000 GCTaskThread "GC Thread#23" [stack: 0x00007f5e18bcb000,0x00007f5e18ccb000] [id=16510]
  0x00007f5e80088800 ConcurrentGCThread "G1 Main Marker" [stack: 0x00007f5e41a6c000,0x00007f5e41b6c000] [id=15599]
  0x00007f5e8008a000 ConcurrentGCThread "G1 Conc#0" [stack: 0x00007f5e4196a000,0x00007f5e41a6a000] [id=15606]
  0x00007f5e802a5800 ConcurrentGCThread "G1 Refine#0" [stack: 0x00007f5e30cee000,0x00007f5e30dee000] [id=15667]
  0x00007f5e2c001000 ConcurrentGCThread "G1 Refine#1" [stack: 0x00007f5e184c3000,0x00007f5e185c3000] [id=18854]
  0x00007f5d84021800 ConcurrentGCThread "G1 Refine#2" [stack: 0x00007f5e183c1000,0x00007f5e184c1000] [id=18855]
  0x00007f5d88001800 ConcurrentGCThread "G1 Refine#3" [stack: 0x00007f5e182bf000,0x00007f5e183bf000] [id=18856]
  0x00007f5e08002000 ConcurrentGCThread "G1 Refine#4" [stack: 0x00007f5e181bd000,0x00007f5e182bd000] [id=18857]
  0x00007f5e802a7000 ConcurrentGCThread "G1 Young RemSet Sampling" [stack: 0x00007f5e30bec000,0x00007f5e30cec000] [id=15668]

Threads with active compile tasks:

VM state:at safepoint (normal execution)

VM Mutex/Monitor currently owned by a thread:  ([mutex/lock_event])
[0x00007f5e8000e5b0] Threads_lock - owner thread: 0x00007f5e80327000
[0x00007f5e8000ed90] Heap_lock - owner thread: 0x00007f5e80012800

Heap address: 0x0000000412800000, size: 16088 MB, Compressed Oops mode: Zero based, Oop shift amount: 3
Narrow klass base: 0x0000000800000000, Narrow klass shift: 3
Compressed class space size: 1073741824 Address: 0x0000000801129000

Heap:
 garbage-first heap   total 1249280K, used 189742K [0x0000000412800000, 0x0000000800000000)
  region size 4096K, 3 young (12288K), 3 survivors (12288K)
 Metaspace       used 1091K, capacity 5017K, committed 5376K, reserved 1056768K
  class space    used 56K, capacity 424K, committed 512K, reserved 1048576K
Heap Regions: E=young(eden), S=young(survivor), O=old, HS=humongous(starts), HC=humongous(continues), CS=collection set, F=free, A=archive, TAMS=top-at-mark-start (previous, next)
|   0|0x0000000412800000, 0x0000000412c00000, 0x0000000412c00000|100%| O|  |TAMS 0x0000000412800000, 0x0000000412800000| Untracked 
|   1|0x0000000412c00000, 0x0000000413000000, 0x0000000413000000|100%| O|  |TAMS 0x0000000412c00000, 0x0000000412c00000| Untracked 
|   2|0x0000000413000000, 0x0000000413400000, 0x0000000413400000|100%| O|  |TAMS 0x0000000413000000, 0x0000000413000000| Untracked 
|   3|0x0000000413400000, 0x0000000413800000, 0x0000000413800000|100%| O|  |TAMS 0x0000000413400000, 0x0000000413400000| Untracked 
|   4|0x0000000413800000, 0x0000000413c00000, 0x0000000413c00000|100%| O|  |TAMS 0x0000000413800000, 0x0000000413800000| Untracked 
|   5|0x0000000413c00000, 0x0000000414000000, 0x0000000414000000|100%| O|  |TAMS 0x0000000413c00000, 0x0000000413c00000| Untracked 
|   6|0x0000000414000000, 0x0000000414400000, 0x0000000414400000|100%| O|  |TAMS 0x0000000414000000, 0x0000000414000000| Untracked 
|   7|0x0000000414400000, 0x0000000414800000, 0x0000000414800000|100%| O|  |TAMS 0x0000000414400000, 0x0000000414400000| Untracked 
|   8|0x0000000414800000, 0x0000000414c00000, 0x0000000414c00000|100%| O|  |TAMS 0x0000000414800000, 0x0000000414800000| Untracked 
|   9|0x0000000414c00000, 0x0000000415000000, 0x0000000415000000|100%| O|  |TAMS 0x0000000414c00000, 0x0000000414c00000| Untracked 
|  10|0x0000000415000000, 0x0000000415400000, 0x0000000415400000|100%| O|  |TAMS 0x0000000415000000, 0x0000000415000000| Untracked 
|  11|0x0000000415400000, 0x0000000415800000, 0x0000000415800000|100%| O|  |TAMS 0x0000000415400000, 0x0000000415400000| Untracked 
|  12|0x0000000415800000, 0x0000000415c00000, 0x0000000415c00000|100%| O|  |TAMS 0x0000000415800000, 0x0000000415800000| Untracked 
|  13|0x0000000415c00000, 0x0000000416000000, 0x0000000416000000|100%| O|  |TAMS 0x0000000415c00000, 0x0000000415c00000| Untracked 
|  14|0x0000000416000000, 0x0000000416400000, 0x0000000416400000|100%| O|  |TAMS 0x0000000416000000, 0x0000000416000000| Untracked 
|  15|0x0000000416400000, 0x0000000416800000, 0x0000000416800000|100%| O|  |TAMS 0x0000000416400000, 0x0000000416400000| Untracked 
|  16|0x0000000416800000, 0x0000000416c00000, 0x0000000416c00000|100%| O|  |TAMS 0x0000000416800000, 0x0000000416800000| Untracked 
|  17|0x0000000416c00000, 0x0000000417000000, 0x0000000417000000|100%| O|  |TAMS 0x0000000416c00000, 0x0000000416c00000| Untracked 
|  18|0x0000000417000000, 0x0000000417400000, 0x0000000417400000|100%| O|  |TAMS 0x0000000417000000, 0x0000000417000000| Untracked 
|  19|0x0000000417400000, 0x0000000417800000, 0x0000000417800000|100%| O|  |TAMS 0x0000000417400000, 0x0000000417400000| Untracked 
|  20|0x0000000417800000, 0x0000000417c00000, 0x0000000417c00000|100%| O|  |TAMS 0x0000000417800000, 0x0000000417800000| Untracked 
|  21|0x0000000417c00000, 0x0000000418000000, 0x0000000418000000|100%| O|  |TAMS 0x0000000417c00000, 0x0000000417c00000| Untracked 
|  22|0x0000000418000000, 0x0000000418400000, 0x0000000418400000|100%| O|  |TAMS 0x0000000418000000, 0x0000000418000000| Untracked 
|  23|0x0000000418400000, 0x0000000418800000, 0x0000000418800000|100%| O|  |TAMS 0x0000000418400000, 0x0000000418400000| Untracked 
|  24|0x0000000418800000, 0x0000000418c00000, 0x0000000418c00000|100%| O|  |TAMS 0x0000000418800000, 0x0000000418800000| Untracked 
|  25|0x0000000418c00000, 0x0000000419000000, 0x0000000419000000|100%| O|  |TAMS 0x0000000418c00000, 0x0000000418c00000| Untracked 
|  26|0x0000000419000000, 0x0000000419400000, 0x0000000419400000|100%| O|  |TAMS 0x0000000419000000, 0x0000000419000000| Untracked 
|  27|0x0000000419400000, 0x0000000419800000, 0x0000000419800000|100%| O|  |TAMS 0x0000000419400000, 0x0000000419400000| Untracked 
|  28|0x0000000419800000, 0x0000000419c00000, 0x0000000419c00000|100%| O|  |TAMS 0x0000000419800000, 0x0000000419800000| Untracked 
|  29|0x0000000419c00000, 0x000000041a000000, 0x000000041a000000|100%| O|  |TAMS 0x0000000419c00000, 0x0000000419c00000| Untracked 
|  30|0x000000041a000000, 0x000000041a400000, 0x000000041a400000|100%| O|  |TAMS 0x000000041a000000, 0x000000041a000000| Untracked 
|  31|0x000000041a400000, 0x000000041a800000, 0x000000041a800000|100%| O|  |TAMS 0x000000041a400000, 0x000000041a400000| Untracked 
|  32|0x000000041a800000, 0x000000041ac00000, 0x000000041ac00000|100%| O|  |TAMS 0x000000041a800000, 0x000000041a800000| Untracked 
|  33|0x000000041ac00000, 0x000000041b000000, 0x000000041b000000|100%| O|  |TAMS 0x000000041ac00000, 0x000000041ac00000| Untracked 
|  34|0x000000041b000000, 0x000000041b400000, 0x000000041b400000|100%| O|  |TAMS 0x000000041b000000, 0x000000041b000000| Untracked 
|  35|0x000000041b400000, 0x000000041b800000, 0x000000041b800000|100%| O|  |TAMS 0x000000041b400000, 0x000000041b400000| Untracked 
|  36|0x000000041b800000, 0x000000041bc00000, 0x000000041bc00000|100%| O|  |TAMS 0x000000041b800000, 0x000000041b800000| Untracked 
|  37|0x000000041bc00000, 0x000000041c000000, 0x000000041c000000|100%| O|  |TAMS 0x000000041bc00000, 0x000000041bc00000| Untracked 
|  38|0x000000041c000000, 0x000000041c400000, 0x000000041c400000|100%| O|  |TAMS 0x000000041c000000, 0x000000041c000000| Untracked 
|  39|0x000000041c400000, 0x000000041c800000, 0x000000041c800000|100%| O|  |TAMS 0x000000041c400000, 0x000000041c400000| Untracked 
|  40|0x000000041c800000, 0x000000041cc00000, 0x000000041cc00000|100%| O|  |TAMS 0x000000041c800000, 0x000000041c800000| Untracked 
|  41|0x000000041cc00000, 0x000000041d000000, 0x000000041d000000|100%| O|  |TAMS 0x000000041cc00000, 0x000000041cc00000| Untracked 
|  42|0x000000041d000000, 0x000000041d192a00, 0x000000041d400000| 39%| O|  |TAMS 0x000000041d000000, 0x000000041d000000| Untracked 
|  43|0x000000041d400000, 0x000000041d400000, 0x000000041d800000|  0%| F|  |TAMS 0x000000041d400000, 0x000000041d400000| Untracked 
|  44|0x000000041d800000, 0x000000041d800000, 0x000000041dc00000|  0%| F|  |TAMS 0x000000041d800000, 0x000000041d800000| Untracked 
|  45|0x000000041dc00000, 0x000000041dc00000, 0x000000041e000000|  0%| F|  |TAMS 0x000000041dc00000, 0x000000041dc00000| Untracked 
|  46|0x000000041e000000, 0x000000041e000000, 0x000000041e400000|  0%| F|  |TAMS 0x000000041e000000, 0x000000041e000000| Untracked 
|  47|0x000000041e400000, 0x000000041e400000, 0x000000041e800000|  0%| F|  |TAMS 0x000000041e400000, 0x000000041e400000| Untracked 
|  48|0x000000041e800000, 0x000000041e800000, 0x000000041ec00000|  0%| F|  |TAMS 0x000000041e800000, 0x000000041e800000| Untracked 
|  49|0x000000041ec00000, 0x000000041ec00000, 0x000000041f000000|  0%| F|  |TAMS 0x000000041ec00000, 0x000000041ec00000| Untracked 
|  50|0x000000041f000000, 0x000000041f000000, 0x000000041f400000|  0%| F|  |TAMS 0x000000041f000000, 0x000000041f000000| Untracked 
|  51|0x000000041f400000, 0x000000041f400000, 0x000000041f800000|  0%| F|  |TAMS 0x000000041f400000, 0x000000041f400000| Untracked 
|  52|0x000000041f800000, 0x000000041f800000, 0x000000041fc00000|  0%| F|  |TAMS 0x000000041f800000, 0x000000041f800000| Untracked 
|  53|0x000000041fc00000, 0x000000041fc00000, 0x0000000420000000|  0%| F|  |TAMS 0x000000041fc00000, 0x000000041fc00000| Untracked 
|  54|0x0000000420000000, 0x0000000420000000, 0x0000000420400000|  0%| F|  |TAMS 0x0000000420000000, 0x0000000420000000| Untracked 
|  55|0x0000000420400000, 0x0000000420400000, 0x0000000420800000|  0%| F|  |TAMS 0x0000000420400000, 0x0000000420400000| Untracked 
|  56|0x0000000420800000, 0x0000000420800000, 0x0000000420c00000|  0%| F|  |TAMS 0x0000000420800000, 0x0000000420800000| Untracked 
|  57|0x0000000420c00000, 0x0000000420c00000, 0x0000000421000000|  0%| F|  |TAMS 0x0000000420c00000, 0x0000000420c00000| Untracked 
|  58|0x0000000421000000, 0x0000000421000000, 0x0000000421400000|  0%| F|  |TAMS 0x0000000421000000, 0x0000000421000000| Untracked 
|  59|0x0000000421400000, 0x0000000421400000, 0x0000000421800000|  0%| F|  |TAMS 0x0000000421400000, 0x0000000421400000| Untracked 
|  60|0x0000000421800000, 0x0000000421800000, 0x0000000421c00000|  0%| F|  |TAMS 0x0000000421800000, 0x0000000421800000| Untracked 
|  61|0x0000000421c00000, 0x0000000421c00000, 0x0000000422000000|  0%| F|  |TAMS 0x0000000421c00000, 0x0000000421c00000| Untracked 
|  62|0x0000000422000000, 0x0000000422000000, 0x0000000422400000|  0%| F|  |TAMS 0x0000000422000000, 0x0000000422000000| Untracked 
|  63|0x0000000422400000, 0x0000000422400000, 0x0000000422800000|  0%| F|  |TAMS 0x0000000422400000, 0x0000000422400000| Untracked 
|  64|0x0000000422800000, 0x0000000422800000, 0x0000000422c00000|  0%| F|  |TAMS 0x0000000422800000, 0x0000000422800000| Untracked 
|  65|0x0000000422c00000, 0x0000000422c00000, 0x0000000423000000|  0%| F|  |TAMS 0x0000000422c00000, 0x0000000422c00000| Untracked 
|  66|0x0000000423000000, 0x0000000423000000, 0x0000000423400000|  0%| F|  |TAMS 0x0000000423000000, 0x0000000423000000| Untracked 
|  67|0x0000000423400000, 0x0000000423400000, 0x0000000423800000|  0%| F|  |TAMS 0x0000000423400000, 0x0000000423400000| Untracked 
|  68|0x0000000423800000, 0x0000000423800000, 0x0000000423c00000|  0%| F|  |TAMS 0x0000000423800000, 0x0000000423800000| Untracked 
|  69|0x0000000423c00000, 0x0000000423c00000, 0x0000000424000000|  0%| F|  |TAMS 0x0000000423c00000, 0x0000000423c00000| Untracked 
|  70|0x0000000424000000, 0x0000000424000000, 0x0000000424400000|  0%| F|  |TAMS 0x0000000424000000, 0x0000000424000000| Untracked 
|  71|0x0000000424400000, 0x0000000424400000, 0x0000000424800000|  0%| F|  |TAMS 0x0000000424400000, 0x0000000424400000| Untracked 
|  72|0x0000000424800000, 0x0000000424800000, 0x0000000424c00000|  0%| F|  |TAMS 0x0000000424800000, 0x0000000424800000| Untracked 
|  73|0x0000000424c00000, 0x0000000424c00000, 0x0000000425000000|  0%| F|  |TAMS 0x0000000424c00000, 0x0000000424c00000| Untracked 
|  74|0x0000000425000000, 0x0000000425000000, 0x0000000425400000|  0%| F|  |TAMS 0x0000000425000000, 0x0000000425000000| Untracked 
|  75|0x0000000425400000, 0x0000000425400000, 0x0000000425800000|  0%| F|  |TAMS 0x0000000425400000, 0x0000000425400000| Untracked 
|  76|0x0000000425800000, 0x0000000425800000, 0x0000000425c00000|  0%| F|  |TAMS 0x0000000425800000, 0x0000000425800000| Untracked 
|  77|0x0000000425c00000, 0x0000000425c00000, 0x0000000426000000|  0%| F|  |TAMS 0x0000000425c00000, 0x0000000425c00000| Untracked 
|  78|0x0000000426000000, 0x0000000426000000, 0x0000000426400000|  0%| F|  |TAMS 0x0000000426000000, 0x0000000426000000| Untracked 
|  79|0x0000000426400000, 0x0000000426400000, 0x0000000426800000|  0%| F|  |TAMS 0x0000000426400000, 0x0000000426400000| Untracked 
|  80|0x0000000426800000, 0x0000000426800000, 0x0000000426c00000|  0%| F|  |TAMS 0x0000000426800000, 0x0000000426800000| Untracked 
|  81|0x0000000426c00000, 0x0000000426c00000, 0x0000000427000000|  0%| F|  |TAMS 0x0000000426c00000, 0x0000000426c00000| Untracked 
|  82|0x0000000427000000, 0x0000000427000000, 0x0000000427400000|  0%| F|  |TAMS 0x0000000427000000, 0x0000000427000000| Untracked 
|  83|0x0000000427400000, 0x0000000427400000, 0x0000000427800000|  0%| F|  |TAMS 0x0000000427400000, 0x0000000427400000| Untracked 
|  84|0x0000000427800000, 0x0000000427800000, 0x0000000427c00000|  0%| F|  |TAMS 0x0000000427800000, 0x0000000427800000| Untracked 
|  85|0x0000000427c00000, 0x0000000427c00000, 0x0000000428000000|  0%| F|  |TAMS 0x0000000427c00000, 0x0000000427c00000| Untracked 
|  86|0x0000000428000000, 0x0000000428000000, 0x0000000428400000|  0%| F|  |TAMS 0x0000000428000000, 0x0000000428000000| Untracked 
|  87|0x0000000428400000, 0x0000000428400000, 0x0000000428800000|  0%| F|  |TAMS 0x0000000428400000, 0x0000000428400000| Untracked 
|  88|0x0000000428800000, 0x0000000428800000, 0x0000000428c00000|  0%| F|  |TAMS 0x0000000428800000, 0x0000000428800000| Untracked 
|  89|0x0000000428c00000, 0x0000000428c00000, 0x0000000429000000|  0%| F|  |TAMS 0x0000000428c00000, 0x0000000428c00000| Untracked 
|  90|0x0000000429000000, 0x0000000429000000, 0x0000000429400000|  0%| F|  |TAMS 0x0000000429000000, 0x0000000429000000| Untracked 
|  91|0x0000000429400000, 0x0000000429400000, 0x0000000429800000|  0%| F|  |TAMS 0x0000000429400000, 0x0000000429400000| Untracked 
|  92|0x0000000429800000, 0x0000000429800000, 0x0000000429c00000|  0%| F|  |TAMS 0x0000000429800000, 0x0000000429800000| Untracked 
|  93|0x0000000429c00000, 0x0000000429c00000, 0x000000042a000000|  0%| F|  |TAMS 0x0000000429c00000, 0x0000000429c00000| Untracked 
|  94|0x000000042a000000, 0x000000042a000000, 0x000000042a400000|  0%| F|  |TAMS 0x000000042a000000, 0x000000042a000000| Untracked 
|  95|0x000000042a400000, 0x000000042a400000, 0x000000042a800000|  0%| F|  |TAMS 0x000000042a400000, 0x000000042a400000| Untracked 
|  96|0x000000042a800000, 0x000000042a800000, 0x000000042ac00000|  0%| F|  |TAMS 0x000000042a800000, 0x000000042a800000| Untracked 
|  97|0x000000042ac00000, 0x000000042ac00000, 0x000000042b000000|  0%| F|  |TAMS 0x000000042ac00000, 0x000000042ac00000| Untracked 
|  98|0x000000042b000000, 0x000000042b000000, 0x000000042b400000|  0%| F|  |TAMS 0x000000042b000000, 0x000000042b000000| Untracked 
|  99|0x000000042b400000, 0x000000042b400000, 0x000000042b800000|  0%| F|  |TAMS 0x000000042b400000, 0x000000042b400000| Untracked 
| 100|0x000000042b800000, 0x000000042b800000, 0x000000042bc00000|  0%| F|  |TAMS 0x000000042b800000, 0x000000042b800000| Untracked 
| 101|0x000000042bc00000, 0x000000042bc00000, 0x000000042c000000|  0%| F|  |TAMS 0x000000042bc00000, 0x000000042bc00000| Untracked 
| 102|0x000000042c000000, 0x000000042c000000, 0x000000042c400000|  0%| F|  |TAMS 0x000000042c000000, 0x000000042c000000| Untracked 
| 103|0x000000042c400000, 0x000000042c400000, 0x000000042c800000|  0%| F|  |TAMS 0x000000042c400000, 0x000000042c400000| Untracked 
| 104|0x000000042c800000, 0x000000042c800000, 0x000000042cc00000|  0%| F|  |TAMS 0x000000042c800000, 0x000000042c800000| Untracked 
| 105|0x000000042cc00000, 0x000000042cc00000, 0x000000042d000000|  0%| F|  |TAMS 0x000000042cc00000, 0x000000042cc00000| Untracked 
| 106|0x000000042d000000, 0x000000042d000000, 0x000000042d400000|  0%| F|  |TAMS 0x000000042d000000, 0x000000042d000000| Untracked 
| 107|0x000000042d400000, 0x000000042d400000, 0x000000042d800000|  0%| F|  |TAMS 0x000000042d400000, 0x000000042d400000| Untracked 
| 108|0x000000042d800000, 0x000000042d800000, 0x000000042dc00000|  0%| F|  |TAMS 0x000000042d800000, 0x000000042d800000| Untracked 
| 109|0x000000042dc00000, 0x000000042dc00000, 0x000000042e000000|  0%| F|  |TAMS 0x000000042dc00000, 0x000000042dc00000| Untracked 
| 110|0x000000042e000000, 0x000000042e000000, 0x000000042e400000|  0%| F|  |TAMS 0x000000042e000000, 0x000000042e000000| Untracked 
| 111|0x000000042e400000, 0x000000042e400000, 0x000000042e800000|  0%| F|  |TAMS 0x000000042e400000, 0x000000042e400000| Untracked 
| 112|0x000000042e800000, 0x000000042e800000, 0x000000042ec00000|  0%| F|  |TAMS 0x000000042e800000, 0x000000042e800000| Untracked 
| 113|0x000000042ec00000, 0x000000042ec00000, 0x000000042f000000|  0%| F|  |TAMS 0x000000042ec00000, 0x000000042ec00000| Untracked 
| 114|0x000000042f000000, 0x000000042f000000, 0x000000042f400000|  0%| F|  |TAMS 0x000000042f000000, 0x000000042f000000| Untracked 
| 115|0x000000042f400000, 0x000000042f400000, 0x000000042f800000|  0%| F|  |TAMS 0x000000042f400000, 0x000000042f400000| Untracked 
| 116|0x000000042f800000, 0x000000042f800000, 0x000000042fc00000|  0%| F|  |TAMS 0x000000042f800000, 0x000000042f800000| Untracked 
| 117|0x000000042fc00000, 0x000000042fc00000, 0x0000000430000000|  0%| F|  |TAMS 0x000000042fc00000, 0x000000042fc00000| Untracked 
| 118|0x0000000430000000, 0x0000000430000000, 0x0000000430400000|  0%| F|  |TAMS 0x0000000430000000, 0x0000000430000000| Untracked 
| 119|0x0000000430400000, 0x0000000430400000, 0x0000000430800000|  0%| F|  |TAMS 0x0000000430400000, 0x0000000430400000| Untracked 
| 120|0x0000000430800000, 0x0000000430800000, 0x0000000430c00000|  0%| F|  |TAMS 0x0000000430800000, 0x0000000430800000| Untracked 
| 121|0x0000000430c00000, 0x0000000430c00000, 0x0000000431000000|  0%| F|  |TAMS 0x0000000430c00000, 0x0000000430c00000| Untracked 
| 122|0x0000000431000000, 0x0000000431000000, 0x0000000431400000|  0%| F|  |TAMS 0x0000000431000000, 0x0000000431000000| Untracked 
| 123|0x0000000431400000, 0x0000000431400000, 0x0000000431800000|  0%| F|  |TAMS 0x0000000431400000, 0x0000000431400000| Untracked 
| 124|0x0000000431800000, 0x0000000431800000, 0x0000000431c00000|  0%| F|  |TAMS 0x0000000431800000, 0x0000000431800000| Untracked 
| 125|0x0000000431c00000, 0x0000000431c00000, 0x0000000432000000|  0%| F|  |TAMS 0x0000000431c00000, 0x0000000431c00000| Untracked 
| 126|0x0000000432000000, 0x0000000432000000, 0x0000000432400000|  0%| F|  |TAMS 0x0000000432000000, 0x0000000432000000| Untracked 
| 127|0x0000000432400000, 0x0000000432400000, 0x0000000432800000|  0%| F|  |TAMS 0x0000000432400000, 0x0000000432400000| Untracked 
| 128|0x0000000432800000, 0x0000000432800000, 0x0000000432c00000|  0%| F|  |TAMS 0x0000000432800000, 0x0000000432800000| Untracked 
| 129|0x0000000432c00000, 0x0000000432c00000, 0x0000000433000000|  0%| F|  |TAMS 0x0000000432c00000, 0x0000000432c00000| Untracked 
| 130|0x0000000433000000, 0x0000000433000000, 0x0000000433400000|  0%| F|  |TAMS 0x0000000433000000, 0x0000000433000000| Untracked 
| 131|0x0000000433400000, 0x0000000433400000, 0x0000000433800000|  0%| F|  |TAMS 0x0000000433400000, 0x0000000433400000| Untracked 
| 132|0x0000000433800000, 0x0000000433800000, 0x0000000433c00000|  0%| F|  |TAMS 0x0000000433800000, 0x0000000433800000| Untracked 
| 133|0x0000000433c00000, 0x0000000433c00000, 0x0000000434000000|  0%| F|  |TAMS 0x0000000433c00000, 0x0000000433c00000| Untracked 
| 134|0x0000000434000000, 0x0000000434000000, 0x0000000434400000|  0%| F|  |TAMS 0x0000000434000000, 0x0000000434000000| Untracked 
| 135|0x0000000434400000, 0x0000000434400000, 0x0000000434800000|  0%| F|  |TAMS 0x0000000434400000, 0x0000000434400000| Untracked 
| 136|0x0000000434800000, 0x0000000434800000, 0x0000000434c00000|  0%| F|  |TAMS 0x0000000434800000, 0x0000000434800000| Untracked 
| 137|0x0000000434c00000, 0x0000000434c00000, 0x0000000435000000|  0%| F|  |TAMS 0x0000000434c00000, 0x0000000434c00000| Untracked 
| 138|0x0000000435000000, 0x0000000435000000, 0x0000000435400000|  0%| F|  |TAMS 0x0000000435000000, 0x0000000435000000| Untracked 
| 139|0x0000000435400000, 0x0000000435400000, 0x0000000435800000|  0%| F|  |TAMS 0x0000000435400000, 0x0000000435400000| Untracked 
| 140|0x0000000435800000, 0x0000000435800000, 0x0000000435c00000|  0%| F|  |TAMS 0x0000000435800000, 0x0000000435800000| Untracked 
| 141|0x0000000435c00000, 0x0000000435c00000, 0x0000000436000000|  0%| F|  |TAMS 0x0000000435c00000, 0x0000000435c00000| Untracked 
| 142|0x0000000436000000, 0x0000000436000000, 0x0000000436400000|  0%| F|  |TAMS 0x0000000436000000, 0x0000000436000000| Untracked 
| 143|0x0000000436400000, 0x0000000436400000, 0x0000000436800000|  0%| F|  |TAMS 0x0000000436400000, 0x0000000436400000| Untracked 
| 144|0x0000000436800000, 0x0000000436800000, 0x0000000436c00000|  0%| F|  |TAMS 0x0000000436800000, 0x0000000436800000| Untracked 
| 145|0x0000000436c00000, 0x0000000436c00000, 0x0000000437000000|  0%| F|  |TAMS 0x0000000436c00000, 0x0000000436c00000| Untracked 
| 146|0x0000000437000000, 0x0000000437000000, 0x0000000437400000|  0%| F|  |TAMS 0x0000000437000000, 0x0000000437000000| Untracked 
| 147|0x0000000437400000, 0x0000000437400000, 0x0000000437800000|  0%| F|  |TAMS 0x0000000437400000, 0x0000000437400000| Untracked 
| 148|0x0000000437800000, 0x0000000437800000, 0x0000000437c00000|  0%| F|  |TAMS 0x0000000437800000, 0x0000000437800000| Untracked 
| 149|0x0000000437c00000, 0x0000000437c00000, 0x0000000438000000|  0%| F|  |TAMS 0x0000000437c00000, 0x0000000437c00000| Untracked 
| 150|0x0000000438000000, 0x0000000438000000, 0x0000000438400000|  0%| F|  |TAMS 0x0000000438000000, 0x0000000438000000| Untracked 
| 151|0x0000000438400000, 0x0000000438400000, 0x0000000438800000|  0%| F|  |TAMS 0x0000000438400000, 0x0000000438400000| Untracked 
| 152|0x0000000438800000, 0x0000000438800000, 0x0000000438c00000|  0%| F|  |TAMS 0x0000000438800000, 0x0000000438800000| Untracked 
| 153|0x0000000438c00000, 0x0000000438c00000, 0x0000000439000000|  0%| F|  |TAMS 0x0000000438c00000, 0x0000000438c00000| Untracked 
| 154|0x0000000439000000, 0x0000000439000000, 0x0000000439400000|  0%| F|  |TAMS 0x0000000439000000, 0x0000000439000000| Untracked 
| 155|0x0000000439400000, 0x0000000439400000, 0x0000000439800000|  0%| F|  |TAMS 0x0000000439400000, 0x0000000439400000| Untracked 
| 156|0x0000000439800000, 0x0000000439800000, 0x0000000439c00000|  0%| F|  |TAMS 0x0000000439800000, 0x0000000439800000| Untracked 
| 157|0x0000000439c00000, 0x0000000439c00000, 0x000000043a000000|  0%| F|  |TAMS 0x0000000439c00000, 0x0000000439c00000| Untracked 
| 158|0x000000043a000000, 0x000000043a000000, 0x000000043a400000|  0%| F|  |TAMS 0x000000043a000000, 0x000000043a000000| Untracked 
| 159|0x000000043a400000, 0x000000043a400000, 0x000000043a800000|  0%| F|  |TAMS 0x000000043a400000, 0x000000043a400000| Untracked 
| 160|0x000000043a800000, 0x000000043a800000, 0x000000043ac00000|  0%| F|  |TAMS 0x000000043a800000, 0x000000043a800000| Untracked 
| 161|0x000000043ac00000, 0x000000043ac00000, 0x000000043b000000|  0%| F|  |TAMS 0x000000043ac00000, 0x000000043ac00000| Untracked 
| 162|0x000000043b000000, 0x000000043b000000, 0x000000043b400000|  0%| F|  |TAMS 0x000000043b000000, 0x000000043b000000| Untracked 
| 163|0x000000043b400000, 0x000000043b400000, 0x000000043b800000|  0%| F|  |TAMS 0x000000043b400000, 0x000000043b400000| Untracked 
| 164|0x000000043b800000, 0x000000043b800000, 0x000000043bc00000|  0%| F|  |TAMS 0x000000043b800000, 0x000000043b800000| Untracked 
| 165|0x000000043bc00000, 0x000000043bc00000, 0x000000043c000000|  0%| F|  |TAMS 0x000000043bc00000, 0x000000043bc00000| Untracked 
| 166|0x000000043c000000, 0x000000043c000000, 0x000000043c400000|  0%| F|  |TAMS 0x000000043c000000, 0x000000043c000000| Untracked 
| 167|0x000000043c400000, 0x000000043c400000, 0x000000043c800000|  0%| F|  |TAMS 0x000000043c400000, 0x000000043c400000| Untracked 
| 168|0x000000043c800000, 0x000000043c800000, 0x000000043cc00000|  0%| F|  |TAMS 0x000000043c800000, 0x000000043c800000| Untracked 
| 169|0x000000043cc00000, 0x000000043cc00000, 0x000000043d000000|  0%| F|  |TAMS 0x000000043cc00000, 0x000000043cc00000| Untracked 
| 170|0x000000043d000000, 0x000000043d000000, 0x000000043d400000|  0%| F|  |TAMS 0x000000043d000000, 0x000000043d000000| Untracked 
| 171|0x000000043d400000, 0x000000043d400000, 0x000000043d800000|  0%| F|  |TAMS 0x000000043d400000, 0x000000043d400000| Untracked 
| 172|0x000000043d800000, 0x000000043d800000, 0x000000043dc00000|  0%| F|  |TAMS 0x000000043d800000, 0x000000043d800000| Untracked 
| 173|0x000000043dc00000, 0x000000043dc00000, 0x000000043e000000|  0%| F|  |TAMS 0x000000043dc00000, 0x000000043dc00000| Untracked 
| 174|0x000000043e000000, 0x000000043e000000, 0x000000043e400000|  0%| F|  |TAMS 0x000000043e000000, 0x000000043e000000| Untracked 
| 175|0x000000043e400000, 0x000000043e400000, 0x000000043e800000|  0%| F|  |TAMS 0x000000043e400000, 0x000000043e400000| Untracked 
| 176|0x000000043e800000, 0x000000043e800000, 0x000000043ec00000|  0%| F|  |TAMS 0x000000043e800000, 0x000000043e800000| Untracked 
| 177|0x000000043ec00000, 0x000000043ec00000, 0x000000043f000000|  0%| F|  |TAMS 0x000000043ec00000, 0x000000043ec00000| Untracked 
| 178|0x000000043f000000, 0x000000043f000000, 0x000000043f400000|  0%| F|  |TAMS 0x000000043f000000, 0x000000043f000000| Untracked 
| 179|0x000000043f400000, 0x000000043f400000, 0x000000043f800000|  0%| F|  |TAMS 0x000000043f400000, 0x000000043f400000| Untracked 
| 180|0x000000043f800000, 0x000000043f800000, 0x000000043fc00000|  0%| F|  |TAMS 0x000000043f800000, 0x000000043f800000| Untracked 
| 181|0x000000043fc00000, 0x000000043fc00000, 0x0000000440000000|  0%| F|  |TAMS 0x000000043fc00000, 0x000000043fc00000| Untracked 
| 182|0x0000000440000000, 0x0000000440000000, 0x0000000440400000|  0%| F|  |TAMS 0x0000000440000000, 0x0000000440000000| Untracked 
| 183|0x0000000440400000, 0x0000000440400000, 0x0000000440800000|  0%| F|  |TAMS 0x0000000440400000, 0x0000000440400000| Untracked 
| 184|0x0000000440800000, 0x0000000440800000, 0x0000000440c00000|  0%| F|  |TAMS 0x0000000440800000, 0x0000000440800000| Untracked 
| 185|0x0000000440c00000, 0x0000000440c00000, 0x0000000441000000|  0%| F|  |TAMS 0x0000000440c00000, 0x0000000440c00000| Untracked 
| 186|0x0000000441000000, 0x0000000441000000, 0x0000000441400000|  0%| F|  |TAMS 0x0000000441000000, 0x0000000441000000| Untracked 
| 187|0x0000000441400000, 0x0000000441400000, 0x0000000441800000|  0%| F|  |TAMS 0x0000000441400000, 0x0000000441400000| Untracked 
| 188|0x0000000441800000, 0x0000000441800000, 0x0000000441c00000|  0%| F|  |TAMS 0x0000000441800000, 0x0000000441800000| Untracked 
| 189|0x0000000441c00000, 0x0000000441c00000, 0x0000000442000000|  0%| F|  |TAMS 0x0000000441c00000, 0x0000000441c00000| Untracked 
| 190|0x0000000442000000, 0x0000000442000000, 0x0000000442400000|  0%| F|  |TAMS 0x0000000442000000, 0x0000000442000000| Untracked 
| 191|0x0000000442400000, 0x0000000442400000, 0x0000000442800000|  0%| F|  |TAMS 0x0000000442400000, 0x0000000442400000| Untracked 
| 192|0x0000000442800000, 0x0000000442800000, 0x0000000442c00000|  0%| F|  |TAMS 0x0000000442800000, 0x0000000442800000| Untracked 
| 193|0x0000000442c00000, 0x0000000442c00000, 0x0000000443000000|  0%| F|  |TAMS 0x0000000442c00000, 0x0000000442c00000| Untracked 
| 194|0x0000000443000000, 0x0000000443000000, 0x0000000443400000|  0%| F|  |TAMS 0x0000000443000000, 0x0000000443000000| Untracked 
| 195|0x0000000443400000, 0x0000000443400000, 0x0000000443800000|  0%| F|  |TAMS 0x0000000443400000, 0x0000000443400000| Untracked 
| 196|0x0000000443800000, 0x0000000443800000, 0x0000000443c00000|  0%| F|  |TAMS 0x0000000443800000, 0x0000000443800000| Untracked 
| 197|0x0000000443c00000, 0x0000000443c00000, 0x0000000444000000|  0%| F|  |TAMS 0x0000000443c00000, 0x0000000443c00000| Untracked 
| 198|0x0000000444000000, 0x0000000444000000, 0x0000000444400000|  0%| F|  |TAMS 0x0000000444000000, 0x0000000444000000| Untracked 
| 199|0x0000000444400000, 0x0000000444400000, 0x0000000444800000|  0%| F|  |TAMS 0x0000000444400000, 0x0000000444400000| Untracked 
| 200|0x0000000444800000, 0x0000000444800000, 0x0000000444c00000|  0%| F|  |TAMS 0x0000000444800000, 0x0000000444800000| Untracked 
| 201|0x0000000444c00000, 0x0000000444c00000, 0x0000000445000000|  0%| F|  |TAMS 0x0000000444c00000, 0x0000000444c00000| Untracked 
| 202|0x0000000445000000, 0x0000000445000000, 0x0000000445400000|  0%| F|  |TAMS 0x0000000445000000, 0x0000000445000000| Untracked 
| 203|0x0000000445400000, 0x0000000445400000, 0x0000000445800000|  0%| F|  |TAMS 0x0000000445400000, 0x0000000445400000| Untracked 
| 204|0x0000000445800000, 0x0000000445800000, 0x0000000445c00000|  0%| F|  |TAMS 0x0000000445800000, 0x0000000445800000| Untracked 
| 205|0x0000000445c00000, 0x0000000445c00000, 0x0000000446000000|  0%| F|  |TAMS 0x0000000445c00000, 0x0000000445c00000| Untracked 
| 206|0x0000000446000000, 0x0000000446000000, 0x0000000446400000|  0%| F|  |TAMS 0x0000000446000000, 0x0000000446000000| Untracked 
| 207|0x0000000446400000, 0x0000000446400000, 0x0000000446800000|  0%| F|  |TAMS 0x0000000446400000, 0x0000000446400000| Untracked 
| 208|0x0000000446800000, 0x0000000446800000, 0x0000000446c00000|  0%| F|  |TAMS 0x0000000446800000, 0x0000000446800000| Untracked 
| 209|0x0000000446c00000, 0x0000000446c00000, 0x0000000447000000|  0%| F|  |TAMS 0x0000000446c00000, 0x0000000446c00000| Untracked 
| 210|0x0000000447000000, 0x0000000447000000, 0x0000000447400000|  0%| F|  |TAMS 0x0000000447000000, 0x0000000447000000| Untracked 
| 211|0x0000000447400000, 0x0000000447400000, 0x0000000447800000|  0%| F|  |TAMS 0x0000000447400000, 0x0000000447400000| Untracked 
| 212|0x0000000447800000, 0x0000000447800000, 0x0000000447c00000|  0%| F|  |TAMS 0x0000000447800000, 0x0000000447800000| Untracked 
| 213|0x0000000447c00000, 0x0000000447c00000, 0x0000000448000000|  0%| F|  |TAMS 0x0000000447c00000, 0x0000000447c00000| Untracked 
| 214|0x0000000448000000, 0x0000000448000000, 0x0000000448400000|  0%| F|  |TAMS 0x0000000448000000, 0x0000000448000000| Untracked 
| 215|0x0000000448400000, 0x0000000448400000, 0x0000000448800000|  0%| F|  |TAMS 0x0000000448400000, 0x0000000448400000| Untracked 
| 216|0x0000000448800000, 0x0000000448800000, 0x0000000448c00000|  0%| F|  |TAMS 0x0000000448800000, 0x0000000448800000| Untracked 
| 217|0x0000000448c00000, 0x0000000448c00000, 0x0000000449000000|  0%| F|  |TAMS 0x0000000448c00000, 0x0000000448c00000| Untracked 
| 218|0x0000000449000000, 0x0000000449000000, 0x0000000449400000|  0%| F|  |TAMS 0x0000000449000000, 0x0000000449000000| Untracked 
| 219|0x0000000449400000, 0x0000000449400000, 0x0000000449800000|  0%| F|  |TAMS 0x0000000449400000, 0x0000000449400000| Untracked 
| 220|0x0000000449800000, 0x0000000449800000, 0x0000000449c00000|  0%| F|  |TAMS 0x0000000449800000, 0x0000000449800000| Untracked 
| 221|0x0000000449c00000, 0x0000000449c00000, 0x000000044a000000|  0%| F|  |TAMS 0x0000000449c00000, 0x0000000449c00000| Untracked 
| 222|0x000000044a000000, 0x000000044a000000, 0x000000044a400000|  0%| F|  |TAMS 0x000000044a000000, 0x000000044a000000| Untracked 
| 223|0x000000044a400000, 0x000000044a400000, 0x000000044a800000|  0%| F|  |TAMS 0x000000044a400000, 0x000000044a400000| Untracked 
| 224|0x000000044a800000, 0x000000044a800000, 0x000000044ac00000|  0%| F|  |TAMS 0x000000044a800000, 0x000000044a800000| Untracked 
| 225|0x000000044ac00000, 0x000000044ac00000, 0x000000044b000000|  0%| F|  |TAMS 0x000000044ac00000, 0x000000044ac00000| Untracked 
| 226|0x000000044b000000, 0x000000044b000000, 0x000000044b400000|  0%| F|  |TAMS 0x000000044b000000, 0x000000044b000000| Untracked 
| 227|0x000000044b400000, 0x000000044b400000, 0x000000044b800000|  0%| F|  |TAMS 0x000000044b400000, 0x000000044b400000| Untracked 
| 228|0x000000044b800000, 0x000000044b800000, 0x000000044bc00000|  0%| F|  |TAMS 0x000000044b800000, 0x000000044b800000| Untracked 
| 229|0x000000044bc00000, 0x000000044bc00000, 0x000000044c000000|  0%| F|  |TAMS 0x000000044bc00000, 0x000000044bc00000| Untracked 
| 230|0x000000044c000000, 0x000000044c000000, 0x000000044c400000|  0%| F|  |TAMS 0x000000044c000000, 0x000000044c000000| Untracked 
| 231|0x000000044c400000, 0x000000044c400000, 0x000000044c800000|  0%| F|  |TAMS 0x000000044c400000, 0x000000044c400000| Untracked 
| 232|0x000000044c800000, 0x000000044c800000, 0x000000044cc00000|  0%| F|  |TAMS 0x000000044c800000, 0x000000044c800000| Untracked 
| 233|0x000000044cc00000, 0x000000044cc00000, 0x000000044d000000|  0%| F|  |TAMS 0x000000044cc00000, 0x000000044cc00000| Untracked 
| 234|0x000000044d000000, 0x000000044d000000, 0x000000044d400000|  0%| F|  |TAMS 0x000000044d000000, 0x000000044d000000| Untracked 
| 235|0x000000044d400000, 0x000000044d400000, 0x000000044d800000|  0%| F|  |TAMS 0x000000044d400000, 0x000000044d400000| Untracked 
| 236|0x000000044d800000, 0x000000044d800000, 0x000000044dc00000|  0%| F|  |TAMS 0x000000044d800000, 0x000000044d800000| Untracked 
| 237|0x000000044dc00000, 0x000000044dc00000, 0x000000044e000000|  0%| F|  |TAMS 0x000000044dc00000, 0x000000044dc00000| Untracked 
| 238|0x000000044e000000, 0x000000044e000000, 0x000000044e400000|  0%| F|  |TAMS 0x000000044e000000, 0x000000044e000000| Untracked 
| 239|0x000000044e400000, 0x000000044e400000, 0x000000044e800000|  0%| F|  |TAMS 0x000000044e400000, 0x000000044e400000| Untracked 
| 240|0x000000044e800000, 0x000000044e800000, 0x000000044ec00000|  0%| F|  |TAMS 0x000000044e800000, 0x000000044e800000| Untracked 
| 241|0x000000044ec00000, 0x000000044ec00000, 0x000000044f000000|  0%| F|  |TAMS 0x000000044ec00000, 0x000000044ec00000| Untracked 
| 242|0x000000044f000000, 0x000000044f000000, 0x000000044f400000|  0%| F|  |TAMS 0x000000044f000000, 0x000000044f000000| Untracked 
| 243|0x000000044f400000, 0x000000044f400000, 0x000000044f800000|  0%| F|  |TAMS 0x000000044f400000, 0x000000044f400000| Untracked 
| 244|0x000000044f800000, 0x000000044f800000, 0x000000044fc00000|  0%| F|  |TAMS 0x000000044f800000, 0x000000044f800000| Untracked 
| 245|0x000000044fc00000, 0x000000044fc00000, 0x0000000450000000|  0%| F|  |TAMS 0x000000044fc00000, 0x000000044fc00000| Untracked 
| 246|0x0000000450000000, 0x0000000450000000, 0x0000000450400000|  0%| F|  |TAMS 0x0000000450000000, 0x0000000450000000| Untracked 
| 247|0x0000000450400000, 0x0000000450800000, 0x0000000450800000|100%| S|CS|TAMS 0x0000000450400000, 0x0000000450400000| Complete 
| 248|0x0000000450800000, 0x0000000450c00000, 0x0000000450c00000|100%| S|CS|TAMS 0x0000000450800000, 0x0000000450800000| Complete 
| 249|0x0000000450c00000, 0x0000000451000000, 0x0000000451000000|100%| S|CS|TAMS 0x0000000450c00000, 0x0000000450c00000| Complete 
| 250|0x0000000451000000, 0x0000000451000000, 0x0000000451400000|  0%| F|  |TAMS 0x0000000451000000, 0x0000000451000000| Untracked 
| 251|0x0000000451400000, 0x0000000451400000, 0x0000000451800000|  0%| F|  |TAMS 0x0000000451400000, 0x0000000451400000| Untracked 
|4020|0x00000007ff800000, 0x00000007ffb47000, 0x00000007ffc00000| 81%|OA|  |TAMS 0x00000007ff800000, 0x00000007ff800000| Untracked 
|4021|0x00000007ffc00000, 0x00000007ffc72000, 0x0000000800000000| 11%|CA|  |TAMS 0x00000007ffc00000, 0x00000007ffc00000| Untracked 

Card table byte_map: [0x00007f5e6378b000,0x00007f5e656f7000] _byte_map_base: 0x00007f5e616f7000

Marking Bits (Prev, Next): (CMBitMap*) 0x00007f5e8006fcb8, (CMBitMap*) 0x00007f5e8006fcf8
 Prev Bits: [0x00007f5e51cbf000, 0x00007f5e6181f000)
 Next Bits: [0x00007f5e4215f000, 0x00007f5e51cbf000)

Polling page: 0x00007f5e8925d000

Metaspace:

Usage:
  Non-class:      4.49 MB capacity,     1.01 MB ( 23%) used,     3.47 MB ( 77%) free+waste,   576 bytes ( <1%) overhead. 
      Class:    424.00 KB capacity,    56.97 KB ( 13%) used,   366.66 KB ( 86%) free+waste,   384 bytes ( <1%) overhead. 
       Both:      4.90 MB capacity,     1.07 MB ( 22%) used,     3.83 MB ( 78%) free+waste,   960 bytes ( <1%) overhead. 

Virtual space:
  Non-class space:        8.00 MB reserved,       4.75 MB ( 59%) committed 
      Class space:        1.00 GB reserved,     512.00 KB ( <1%) committed 
             Both:        1.01 GB reserved,       5.25 MB ( <1%) committed 

Chunk freelists:
   Non-Class:  4.88 KB
       Class:  2.50 KB
        Both:  7.38 KB

CodeHeap 'non-profiled nmethods': size=118596Kb used=424Kb max_used=426Kb free=118171Kb
 bounds [0x00007f5e707a7000, 0x00007f5e70a17000, 0x00007f5e77b78000]
CodeHeap 'profiled nmethods': size=118596Kb used=796Kb max_used=850Kb free=117799Kb
 bounds [0x00007f5e693d6000, 0x00007f5e69646000, 0x00007f5e707a7000]
CodeHeap 'non-nmethods': size=8568Kb used=1028Kb max_used=3901Kb free=7539Kb
 bounds [0x00007f5e68b78000, 0x00007f5e68f48000, 0x00007f5e693d6000]
 total_blobs=1034 nmethods=411 adapters=213
 compilation: enabled
              stopped_count=0, restarted_count=0
 full_count=0

Compilation events (10 events):
Event: 63.409 Thread 0x00007f5e80333800  412       4       java.util.Arrays::binarySearch0 (118 bytes)
Event: 63.416 Thread 0x00007f5e80333800 nmethod 412 0x00007f5e707ad790 code [0x00007f5e707ad920, 0x00007f5e707ada38]
Event: 63.416 Thread 0x00007f5e80333800  421 %     4       org.ChaffinchABC.ChaffinchABC::iterateSimulation @ 54 (79 bytes)
Event: 63.427 Thread 0x00007f5e80333800 nmethod 421% 0x00007f5e707b9890 code [0x00007f5e707b9a40, 0x00007f5e707b9cf8]
Event: 63.427 Thread 0x00007f5e80333800  414       4       org.ChaffinchABC.Individual::learnSongs (57 bytes)
Event: 63.441 Thread 0x00007f5e80333800 nmethod 414 0x00007f5e707cf410 code [0x00007f5e707cf600, 0x00007f5e707cfce8]
Event: 63.441 Thread 0x00007f5e80333800  422 %     4       org.ChaffinchABC.ChaffinchABC::iterateSimulation @ 2 (79 bytes)
Event: 63.476 Thread 0x00007f5e80333800 nmethod 422% 0x00007f5e707cdb10 code [0x00007f5e707cdd20, 0x00007f5e707ceaa8]
Event: 63.480 Thread 0x00007f5e80333800  423       4       org.ChaffinchABC.ChaffinchABC::iterateSimulation (79 bytes)
Event: 63.505 Thread 0x00007f5e80333800 nmethod 423 0x00007f5e70811990 code [0x00007f5e70811ba0, 0x00007f5e70812808]

GC Heap History (10 events):
Event: 4.209 GC heap after
{Heap after GC invocations=5 (full 0):
 garbage-first heap   total 1040384K, used 51220K [0x0000000412800000, 0x0000000800000000)
  region size 4096K, 1 young (4096K), 1 survivors (4096K)
 Metaspace       used 572K, capacity 4552K, committed 4864K, reserved 1056768K
  class space    used 27K, capacity 388K, committed 512K, reserved 1048576K
}
Event: 4.630 GC heap before
{Heap before GC invocations=5 (full 0):
 garbage-first heap   total 1040384K, used 411668K [0x0000000412800000, 0x0000000800000000)
  region size 4096K, 89 young (364544K), 1 survivors (4096K)
 Metaspace       used 572K, capacity 4552K, committed 4864K, reserved 1056768K
  class space    used 27K, capacity 388K, committed 512K, reserved 1048576K
}
Event: 4.634 GC heap after
{Heap after GC invocations=6 (full 0):
 garbage-first heap   total 1040384K, used 51220K [0x0000000412800000, 0x0000000800000000)
  region size 4096K, 1 young (4096K), 1 survivors (4096K)
 Metaspace       used 572K, capacity 4552K, committed 4864K, reserved 1056768K
  class space    used 27K, capacity 388K, committed 512K, reserved 1048576K
}
Event: 5.147 GC heap before
{Heap before GC invocations=6 (full 0):
 garbage-first heap   total 1040384K, used 493588K [0x0000000412800000, 0x0000000800000000)
  region size 4096K, 109 young (446464K), 1 survivors (4096K)
 Metaspace       used 572K, capacity 4552K, committed 4864K, reserved 1056768K
  class space    used 27K, capacity 388K, committed 512K, reserved 1048576K
}
Event: 5.151 GC heap after
{Heap after GC invocations=7 (full 0):
 garbage-first heap   total 1040384K, used 51220K [0x0000000412800000, 0x0000000800000000)
  region size 4096K, 1 young (4096K), 1 survivors (4096K)
 Metaspace       used 572K, capacity 4552K, committed 4864K, reserved 1056768K
  class space    used 27K, capacity 388K, committed 512K, reserved 1048576K
}
Event: 5.830 GC heap before
{Heap before GC invocations=7 (full 0):
 garbage-first heap   total 1040384K, used 575508K [0x0000000412800000, 0x0000000800000000)
  region size 4096K, 129 young (528384K), 1 survivors (4096K)
 Metaspace       used 572K, capacity 4552K, committed 4864K, reserved 1056768K
  class space    used 27K, capacity 388K, committed 512K, reserved 1048576K
}
Event: 5.831 GC heap after
{Heap after GC invocations=8 (full 0):
 garbage-first heap   total 1040384K, used 51220K [0x0000000412800000, 0x0000000800000000)
  region size 4096K, 1 young (4096K), 1 survivors (4096K)
 Metaspace       used 572K, capacity 4552K, committed 4864K, reserved 1056768K
  class space    used 27K, capacity 388K, committed 512K, reserved 1048576K
}
Event: 70.110 GC heap before
{Heap before GC invocations=8 (full 0):
 garbage-first heap   total 1040384K, used 636948K [0x0000000412800000, 0x0000000800000000)
  region size 4096K, 144 young (589824K), 1 survivors (4096K)
 Metaspace       used 1091K, capacity 5017K, committed 5376K, reserved 1056768K
  class space    used 56K, capacity 424K, committed 512K, reserved 1048576K
}
Event: 70.296 GC heap after
{Heap after GC invocations=9 (full 0):
 garbage-first heap   total 1040384K, used 177696K [0x0000000412800000, 0x0000000800000000)
  region size 4096K, 18 young (73728K), 18 survivors (73728K)
 Metaspace       used 1091K, capacity 5017K, committed 5376K, reserved 1056768K
  class space    used 56K, capacity 424K, committed 512K, reserved 1048576K
}
Event: 70.711 GC heap before
{Heap before GC invocations=9 (full 0):
 garbage-first heap   total 1040384K, used 185888K [0x0000000412800000, 0x0000000800000000)
  region size 4096K, 20 young (81920K), 18 survivors (73728K)
 Metaspace       used 1091K, capacity 5017K, committed 5376K, reserved 1056768K
  class space    used 56K, capacity 424K, committed 512K, reserved 1048576K
}

Deoptimization events (10 events):
Event: 6.311 Thread 0x00007f5e80012800 Uncommon trap: reason=unstable_if action=reinterpret pc=0x00007f5e707f488c method=org.ChaffinchABC.EmpData.parseDissFileSyl([[ILjava/lang/String;)[[D @ 108 c2
Event: 6.312 Thread 0x00007f5e80012800 Uncommon trap: reason=unstable_if action=reinterpret pc=0x00007f5e707b2024 method=java.lang.String.substring(II)Ljava/lang/String; @ 22 c2
Event: 27.907 Thread 0x00007f5e80012800 Uncommon trap: reason=unstable_if action=reinterpret pc=0x00007f5e707df9a4 method=jdk.internal.math.FDBigInteger.leftShift(I)Ljdk/internal/math/FDBigInteger; @ 173 c2
Event: 27.907 Thread 0x00007f5e80012800 Uncommon trap: reason=unstable_if action=reinterpret pc=0x00007f5e707fd034 method=jdk.internal.math.FDBigInteger.valueOfMulPow52(JII)Ljdk/internal/math/FDBigInteger; @ 69 c2
Event: 27.907 Thread 0x00007f5e80012800 Uncommon trap: reason=unstable_if action=reinterpret pc=0x00007f5e707dc240 method=jdk.internal.math.FDBigInteger.cmp(Ljdk/internal/math/FDBigInteger;)I @ 22 c2
Event: 27.999 Thread 0x00007f5e80012800 Uncommon trap: reason=unstable_if action=reinterpret pc=0x00007f5e70809988 method=org.ChaffinchABC.ChaffinchABC.initiateSimulation()V @ 24 c2
Event: 27.999 Thread 0x00007f5e80012800 Uncommon trap: reason=unstable_if action=reinterpret pc=0x00007f5e70803c40 method=org.apache.commons.math3.util.FastMath.pow(DD)D @ 170 c2
Event: 28.007 Thread 0x00007f5e80012800 Uncommon trap: reason=unstable_if action=reinterpret pc=0x00007f5e7080aad4 method=org.ChaffinchABC.Population.calculateSpatialArrangement()V @ 71 c2
Event: 52.034 Thread 0x00007f5e80012800 Uncommon trap: reason=unstable_if action=reinterpret pc=0x00007f5e708009bc method=org.ChaffinchABC.Individual.setRepertoireSize()V @ 4 c2
Event: 52.112 Thread 0x00007f5e80012800 Uncommon trap: reason=unstable_if action=reinterpret pc=0x00007f5e707fed50 method=org.ChaffinchABC.Individual.updateRepertoire()V @ 4 c2

Classes redefined (0 events):
No events

Internal exceptions (10 events):
Event: 27.906 Thread 0x00007f5e80012800 Exception <a 'java/io/IOException'{0x00000004381086a0}> (0x00000004381086a0) thrown at [/scratch/opt/mach5/mesos/work_dir/slaves/2dd962d0-8988-479b-a804-57ab764ada59-S77524/frameworks/1735e8a2-a1db-478c-8104-60c8b0af87dd-0196/executors/1f998a92-396c-4330-
Event: 27.907 Thread 0x00007f5e80012800 Exception <a 'java/io/IOException'{0x00000004381089d8}> (0x00000004381089d8) thrown at [/scratch/opt/mach5/mesos/work_dir/slaves/2dd962d0-8988-479b-a804-57ab764ada59-S77524/frameworks/1735e8a2-a1db-478c-8104-60c8b0af87dd-0196/executors/1f998a92-396c-4330-
Event: 27.907 Thread 0x00007f5e80012800 Exception <a 'java/io/IOException'{0x0000000438108ce0}> (0x0000000438108ce0) thrown at [/scratch/opt/mach5/mesos/work_dir/slaves/2dd962d0-8988-479b-a804-57ab764ada59-S77524/frameworks/1735e8a2-a1db-478c-8104-60c8b0af87dd-0196/executors/1f998a92-396c-4330-
Event: 27.907 Thread 0x00007f5e80012800 Exception <a 'java/io/IOException'{0x00000004381096a8}> (0x00000004381096a8) thrown at [/scratch/opt/mach5/mesos/work_dir/slaves/2dd962d0-8988-479b-a804-57ab764ada59-S77524/frameworks/1735e8a2-a1db-478c-8104-60c8b0af87dd-0196/executors/1f998a92-396c-4330-
Event: 27.907 Thread 0x00007f5e80012800 Exception <a 'java/io/IOException'{0x0000000438109b90}> (0x0000000438109b90) thrown at [/scratch/opt/mach5/mesos/work_dir/slaves/2dd962d0-8988-479b-a804-57ab764ada59-S77524/frameworks/1735e8a2-a1db-478c-8104-60c8b0af87dd-0196/executors/1f998a92-396c-4330-
Event: 27.907 Thread 0x00007f5e80012800 Exception <a 'java/io/IOException'{0x0000000438109f78}> (0x0000000438109f78) thrown at [/scratch/opt/mach5/mesos/work_dir/slaves/2dd962d0-8988-479b-a804-57ab764ada59-S77524/frameworks/1735e8a2-a1db-478c-8104-60c8b0af87dd-0196/executors/1f998a92-396c-4330-
Event: 27.907 Thread 0x00007f5e80012800 Exception <a 'java/io/IOException'{0x000000043810a360}> (0x000000043810a360) thrown at [/scratch/opt/mach5/mesos/work_dir/slaves/2dd962d0-8988-479b-a804-57ab764ada59-S77524/frameworks/1735e8a2-a1db-478c-8104-60c8b0af87dd-0196/executors/1f998a92-396c-4330-
Event: 27.907 Thread 0x00007f5e80012800 Exception <a 'java/io/IOException'{0x000000043810a748}> (0x000000043810a748) thrown at [/scratch/opt/mach5/mesos/work_dir/slaves/2dd962d0-8988-479b-a804-57ab764ada59-S77524/frameworks/1735e8a2-a1db-478c-8104-60c8b0af87dd-0196/executors/1f998a92-396c-4330-
Event: 27.907 Thread 0x00007f5e80012800 Exception <a 'java/io/IOException'{0x000000043810aa80}> (0x000000043810aa80) thrown at [/scratch/opt/mach5/mesos/work_dir/slaves/2dd962d0-8988-479b-a804-57ab764ada59-S77524/frameworks/1735e8a2-a1db-478c-8104-60c8b0af87dd-0196/executors/1f998a92-396c-4330-
Event: 27.907 Thread 0x00007f5e80012800 Exception <a 'java/io/IOException'{0x000000043810ad88}> (0x000000043810ad88) thrown at [/scratch/opt/mach5/mesos/work_dir/slaves/2dd962d0-8988-479b-a804-57ab764ada59-S77524/frameworks/1735e8a2-a1db-478c-8104-60c8b0af87dd-0196/executors/1f998a92-396c-4330-

Events (10 events):
Event: 52.112 Thread 0x00007f5e80012800 Uncommon trap: trap_request=0xffffff4d fr.pc=0x00007f5e707fed50 relative=0x0000000000000190
Event: 52.112 Thread 0x00007f5e80012800 DEOPT PACKING pc=0x00007f5e707fed50 sp=0x00007f5e89244720
Event: 52.112 Thread 0x00007f5e80012800 DEOPT UNPACKING pc=0x00007f5e68ba13a5 sp=0x00007f5e892446e0 mode 2
Event: 63.480 Thread 0x00007f5e80012800 DEOPT PACKING pc=0x00007f5e69419de3 sp=0x00007f5e89244760
Event: 63.480 Thread 0x00007f5e80012800 DEOPT UNPACKING pc=0x00007f5e68ba11ba sp=0x00007f5e89243c30 mode 0
Event: 63.485 Thread 0x00007f5e80012800 DEOPT PACKING pc=0x00007f5e69419d8d sp=0x00007f5e89244760
Event: 63.485 Thread 0x00007f5e80012800 DEOPT UNPACKING pc=0x00007f5e68ba11ba sp=0x00007f5e89243c30 mode 0
Event: 70.109 Executing VM operation: G1CollectForAllocation
Event: 70.296 Executing VM operation: G1CollectForAllocation done
Event: 70.710 Executing VM operation: G1CollectForAllocation


Dynamic libraries:
00400000-00401000 r-xp 00000000 103:02 15872717                          /usr/lib/jvm/java-12-oracle/bin/java
00600000-00601000 r--p 00000000 103:02 15872717                          /usr/lib/jvm/java-12-oracle/bin/java
00601000-00602000 rw-p 00001000 103:02 15872717                          /usr/lib/jvm/java-12-oracle/bin/java
009a2000-009c3000 rw-p 00000000 00:00 0                                  [heap]
412800000-451800000 rw-p 00000000 00:00 0 
45e400000-7ff800000 ---p 00000000 00:00 0 
7ff800000-7ffb00000 rw-p 00000000 00:00 0 
7ffb00000-7ffb47000 rw-p 0119c000 103:02 15872896                        /usr/lib/jvm/java-12-oracle/lib/server/classes.jsa
7ffb47000-7ffc00000 rw-p 00000000 00:00 0 
7ffc00000-7ffc72000 rw-p 0112a000 103:02 15872896                        /usr/lib/jvm/java-12-oracle/lib/server/classes.jsa
7ffc72000-800000000 rw-p 00000000 00:00 0 
800000000-800003000 rwxp 00001000 103:02 15872896                        /usr/lib/jvm/java-12-oracle/lib/server/classes.jsa
800003000-8003d9000 rw-p 00004000 103:02 15872896                        /usr/lib/jvm/java-12-oracle/lib/server/classes.jsa
8003d9000-800ae3000 r--p 003da000 103:02 15872896                        /usr/lib/jvm/java-12-oracle/lib/server/classes.jsa
800ae3000-800ae4000 rw-p 00ae4000 103:02 15872896                        /usr/lib/jvm/java-12-oracle/lib/server/classes.jsa
800ae4000-801129000 r--p 00ae5000 103:02 15872896                        /usr/lib/jvm/java-12-oracle/lib/server/classes.jsa
801129000-8011a9000 rw-p 00000000 00:00 0 
8011a9000-841129000 ---p 00000000 00:00 0 
7f5d64000000-7f5d64046000 rw-p 00000000 00:00 0 
7f5d64046000-7f5d68000000 ---p 00000000 00:00 0 
7f5d6c000000-7f5d6c245000 rw-p 00000000 00:00 0 
7f5d6c245000-7f5d70000000 ---p 00000000 00:00 0 
7f5d70000000-7f5d702ca000 rw-p 00000000 00:00 0 
7f5d702ca000-7f5d74000000 ---p 00000000 00:00 0 
7f5d74000000-7f5d74028000 rw-p 00000000 00:00 0 
7f5d74028000-7f5d78000000 ---p 00000000 00:00 0 
7f5d78000000-7f5d78028000 rw-p 00000000 00:00 0 
7f5d78028000-7f5d7c000000 ---p 00000000 00:00 0 
7f5d7c000000-7f5d7c027000 rw-p 00000000 00:00 0 
7f5d7c027000-7f5d80000000 ---p 00000000 00:00 0 
7f5d80000000-7f5d80230000 rw-p 00000000 00:00 0 
7f5d80230000-7f5d84000000 ---p 00000000 00:00 0 
7f5d84000000-7f5d841e3000 rw-p 00000000 00:00 0 
7f5d841e3000-7f5d88000000 ---p 00000000 00:00 0 
7f5d88000000-7f5d88048000 rw-p 00000000 00:00 0 
7f5d88048000-7f5d8c000000 ---p 00000000 00:00 0 
7f5d8c000000-7f5d8c021000 rw-p 00000000 00:00 0 
7f5d8c021000-7f5d90000000 ---p 00000000 00:00 0 
7f5d90000000-7f5d90021000 rw-p 00000000 00:00 0 
7f5d90021000-7f5d94000000 ---p 00000000 00:00 0 
7f5d94000000-7f5d94021000 rw-p 00000000 00:00 0 
7f5d94021000-7f5d98000000 ---p 00000000 00:00 0 
7f5d98000000-7f5d98021000 rw-p 00000000 00:00 0 
7f5d98021000-7f5d9c000000 ---p 00000000 00:00 0 
7f5d9c000000-7f5d9c021000 rw-p 00000000 00:00 0 
7f5d9c021000-7f5da0000000 ---p 00000000 00:00 0 
7f5da0000000-7f5da0021000 rw-p 00000000 00:00 0 
7f5da0021000-7f5da4000000 ---p 00000000 00:00 0 
7f5da4000000-7f5da4021000 rw-p 00000000 00:00 0 
7f5da4021000-7f5da8000000 ---p 00000000 00:00 0 
7f5da8000000-7f5da8021000 rw-p 00000000 00:00 0 
7f5da8021000-7f5dac000000 ---p 00000000 00:00 0 
7f5dac000000-7f5dac021000 rw-p 00000000 00:00 0 
7f5dac021000-7f5db0000000 ---p 00000000 00:00 0 
7f5db0000000-7f5db0021000 rw-p 00000000 00:00 0 
7f5db0021000-7f5db4000000 ---p 00000000 00:00 0 
7f5db4000000-7f5db4021000 rw-p 00000000 00:00 0 
7f5db4021000-7f5db8000000 ---p 00000000 00:00 0 
7f5db8000000-7f5db8021000 rw-p 00000000 00:00 0 
7f5db8021000-7f5dbc000000 ---p 00000000 00:00 0 
7f5dbc000000-7f5dbc021000 rw-p 00000000 00:00 0 
7f5dbc021000-7f5dc0000000 ---p 00000000 00:00 0 
7f5dc0000000-7f5dc0021000 rw-p 00000000 00:00 0 
7f5dc0021000-7f5dc4000000 ---p 00000000 00:00 0 
7f5dc4000000-7f5dc4021000 rw-p 00000000 00:00 0 
7f5dc4021000-7f5dc8000000 ---p 00000000 00:00 0 
7f5dc8000000-7f5dc8021000 rw-p 00000000 00:00 0 
7f5dc8021000-7f5dcc000000 ---p 00000000 00:00 0 
7f5dcc000000-7f5dcc021000 rw-p 00000000 00:00 0 
7f5dcc021000-7f5dd0000000 ---p 00000000 00:00 0 
7f5dd0000000-7f5dd0021000 rw-p 00000000 00:00 0 
7f5dd0021000-7f5dd4000000 ---p 00000000 00:00 0 
7f5dd4000000-7f5dd4021000 rw-p 00000000 00:00 0 
7f5dd4021000-7f5dd8000000 ---p 00000000 00:00 0 
7f5dd8000000-7f5dd8021000 rw-p 00000000 00:00 0 
7f5dd8021000-7f5ddc000000 ---p 00000000 00:00 0 
7f5ddc000000-7f5ddc4f5000 rw-p 00000000 00:00 0 
7f5ddc4f5000-7f5de0000000 ---p 00000000 00:00 0 
7f5de0000000-7f5de02b6000 rw-p 00000000 00:00 0 
7f5de02b6000-7f5de4000000 ---p 00000000 00:00 0 
7f5de4000000-7f5de4021000 rw-p 00000000 00:00 0 
7f5de4021000-7f5de8000000 ---p 00000000 00:00 0 
7f5de8000000-7f5de85e5000 rw-p 00000000 00:00 0 
7f5de85e5000-7f5dec000000 ---p 00000000 00:00 0 
7f5dec000000-7f5dec021000 rw-p 00000000 00:00 0 
7f5dec021000-7f5df0000000 ---p 00000000 00:00 0 
7f5df0000000-7f5df0021000 rw-p 00000000 00:00 0 
7f5df0021000-7f5df4000000 ---p 00000000 00:00 0 
7f5df4000000-7f5df406d000 rw-p 00000000 00:00 0 
7f5df406d000-7f5df8000000 ---p 00000000 00:00 0 
7f5df8000000-7f5df810f000 rw-p 00000000 00:00 0 
7f5df810f000-7f5dfc000000 ---p 00000000 00:00 0 
7f5dfc000000-7f5dfc035000 rw-p 00000000 00:00 0 
7f5dfc035000-7f5e00000000 ---p 00000000 00:00 0 
7f5e00000000-7f5e00097000 rw-p 00000000 00:00 0 
7f5e00097000-7f5e04000000 ---p 00000000 00:00 0 
7f5e04000000-7f5e04021000 rw-p 00000000 00:00 0 
7f5e04021000-7f5e08000000 ---p 00000000 00:00 0 
7f5e08000000-7f5e08091000 rw-p 00000000 00:00 0 
7f5e08091000-7f5e0c000000 ---p 00000000 00:00 0 
7f5e0c000000-7f5e0c5aa000 rw-p 00000000 00:00 0 
7f5e0c5aa000-7f5e10000000 ---p 00000000 00:00 0 
7f5e10000000-7f5e10154000 rw-p 00000000 00:00 0 
7f5e10154000-7f5e14000000 ---p 00000000 00:00 0 
7f5e14000000-7f5e14021000 rw-p 00000000 00:00 0 
7f5e14021000-7f5e18000000 ---p 00000000 00:00 0 
7f5e181bb000-7f5e181bc000 ---p 00000000 00:00 0 
7f5e181bc000-7f5e182bd000 rw-p 00000000 00:00 0 
7f5e182bd000-7f5e182be000 ---p 00000000 00:00 0 
7f5e182be000-7f5e183bf000 rw-p 00000000 00:00 0 
7f5e183bf000-7f5e183c0000 ---p 00000000 00:00 0 
7f5e183c0000-7f5e184c1000 rw-p 00000000 00:00 0 
7f5e184c1000-7f5e184c2000 ---p 00000000 00:00 0 
7f5e184c2000-7f5e185c3000 rw-p 00000000 00:00 0 
7f5e185c3000-7f5e185c7000 ---p 00000000 00:00 0 
7f5e185c7000-7f5e186c4000 rw-p 00000000 00:00 0 
7f5e186c4000-7f5e186c8000 ---p 00000000 00:00 0 
7f5e186c8000-7f5e187c5000 rw-p 00000000 00:00 0 
7f5e187c5000-7f5e187c9000 ---p 00000000 00:00 0 
7f5e187c9000-7f5e188c6000 rw-p 00000000 00:00 0 
7f5e188c6000-7f5e188ca000 ---p 00000000 00:00 0 
7f5e188ca000-7f5e189c7000 rw-p 00000000 00:00 0 
7f5e189c7000-7f5e189cb000 ---p 00000000 00:00 0 
7f5e189cb000-7f5e18ac8000 rw-p 00000000 00:00 0 
7f5e18ac8000-7f5e18acc000 ---p 00000000 00:00 0 
7f5e18acc000-7f5e18bc9000 rw-p 00000000 00:00 0 
7f5e18bc9000-7f5e18bca000 ---p 00000000 00:00 0 
7f5e18bca000-7f5e18ccb000 rw-p 00000000 00:00 0 
7f5e18ccb000-7f5e18ccc000 ---p 00000000 00:00 0 
7f5e18ccc000-7f5e18dcd000 rw-p 00000000 00:00 0 
7f5e18dcd000-7f5e18dce000 ---p 00000000 00:00 0 
7f5e18dce000-7f5e18ecf000 rw-p 00000000 00:00 0 
7f5e18ecf000-7f5e18ed0000 ---p 00000000 00:00 0 
7f5e18ed0000-7f5e18fd1000 rw-p 00000000 00:00 0 
7f5e18fd1000-7f5e18fd2000 ---p 00000000 00:00 0 
7f5e18fd2000-7f5e190d3000 rw-p 00000000 00:00 0 
7f5e190d3000-7f5e190d4000 ---p 00000000 00:00 0 
7f5e190d4000-7f5e191d5000 rw-p 00000000 00:00 0 
7f5e191d5000-7f5e191d6000 ---p 00000000 00:00 0 
7f5e191d6000-7f5e192d7000 rw-p 00000000 00:00 0 
7f5e192d7000-7f5e192d8000 ---p 00000000 00:00 0 
7f5e192d8000-7f5e193d9000 rw-p 00000000 00:00 0 
7f5e193d9000-7f5e193da000 ---p 00000000 00:00 0 
7f5e193da000-7f5e194db000 rw-p 00000000 00:00 0 
7f5e194db000-7f5e194dc000 ---p 00000000 00:00 0 
7f5e194dc000-7f5e195dd000 rw-p 00000000 00:00 0 
7f5e195dd000-7f5e195de000 ---p 00000000 00:00 0 
7f5e195de000-7f5e196df000 rw-p 00000000 00:00 0 
7f5e196df000-7f5e196e0000 ---p 00000000 00:00 0 
7f5e196e0000-7f5e197e1000 rw-p 00000000 00:00 0 
7f5e197e1000-7f5e197e2000 ---p 00000000 00:00 0 
7f5e197e2000-7f5e198e3000 rw-p 00000000 00:00 0 
7f5e198e3000-7f5e198e4000 ---p 00000000 00:00 0 
7f5e198e4000-7f5e199e5000 rw-p 00000000 00:00 0 
7f5e199e5000-7f5e199e6000 ---p 00000000 00:00 0 
7f5e199e6000-7f5e19ae7000 rw-p 00000000 00:00 0 
7f5e19ae7000-7f5e19ae8000 ---p 00000000 00:00 0 
7f5e19ae8000-7f5e19be9000 rw-p 00000000 00:00 0 
7f5e19be9000-7f5e19bea000 ---p 00000000 00:00 0 
7f5e19bea000-7f5e19ceb000 rw-p 00000000 00:00 0 
7f5e19ceb000-7f5e19cec000 ---p 00000000 00:00 0 
7f5e19cec000-7f5e19ded000 rw-p 00000000 00:00 0 
7f5e19ded000-7f5e19dee000 ---p 00000000 00:00 0 
7f5e19dee000-7f5e19eef000 rw-p 00000000 00:00 0 
7f5e19eef000-7f5e19ef0000 ---p 00000000 00:00 0 
7f5e19ef0000-7f5e19ff1000 rw-p 00000000 00:00 0 
7f5e19ff1000-7f5e19ff2000 ---p 00000000 00:00 0 
7f5e19ff2000-7f5e1a0f3000 rw-p 00000000 00:00 0 
7f5e1a0f3000-7f5e1a0f4000 ---p 00000000 00:00 0 
7f5e1a0f4000-7f5e1a1f5000 rw-p 00000000 00:00 0 
7f5e1a1f5000-7f5e1a1f6000 ---p 00000000 00:00 0 
7f5e1a1f6000-7f5e1a2f7000 rw-p 00000000 00:00 0 
7f5e1a2f7000-7f5e1a2fb000 ---p 00000000 00:00 0 
7f5e1a2fb000-7f5e1a3f8000 rw-p 00000000 00:00 0 
7f5e1a3f8000-7f5e1a3fc000 ---p 00000000 00:00 0 
7f5e1a3fc000-7f5e1a4f9000 rw-p 00000000 00:00 0 
7f5e1a4f9000-7f5e1a4fd000 ---p 00000000 00:00 0 
7f5e1a4fd000-7f5e1a5fa000 rw-p 00000000 00:00 0 
7f5e1a5fa000-7f5e1a610000 r-xp 00000000 103:02 15872873                  /usr/lib/jvm/java-12-oracle/lib/libnet.so
7f5e1a610000-7f5e1a810000 ---p 00016000 103:02 15872873                  /usr/lib/jvm/java-12-oracle/lib/libnet.so
7f5e1a810000-7f5e1a811000 r--p 00016000 103:02 15872873                  /usr/lib/jvm/java-12-oracle/lib/libnet.so
7f5e1a811000-7f5e1a812000 rw-p 00017000 103:02 15872873                  /usr/lib/jvm/java-12-oracle/lib/libnet.so
7f5e1a812000-7f5e1a823000 r-xp 00000000 103:02 15872874                  /usr/lib/jvm/java-12-oracle/lib/libnio.so
7f5e1a823000-7f5e1aa22000 ---p 00011000 103:02 15872874                  /usr/lib/jvm/java-12-oracle/lib/libnio.so
7f5e1aa22000-7f5e1aa23000 r--p 00010000 103:02 15872874                  /usr/lib/jvm/java-12-oracle/lib/libnio.so
7f5e1aa23000-7f5e1aa24000 rw-p 00011000 103:02 15872874                  /usr/lib/jvm/java-12-oracle/lib/libnio.so
7f5e1aa24000-7f5e1aa28000 ---p 00000000 00:00 0 
7f5e1aa28000-7f5e1ab25000 rw-p 00000000 00:00 0 
7f5e1ab25000-7f5e1ab26000 ---p 00000000 00:00 0 
7f5e1ab26000-7f5e1ac27000 rw-p 00000000 00:00 0 
7f5e1ac27000-7f5e1ac2b000 ---p 00000000 00:00 0 
7f5e1ac2b000-7f5e1ad28000 rw-p 00000000 00:00 0 
7f5e1ad28000-7f5e1ad2c000 ---p 00000000 00:00 0 
7f5e1ad2c000-7f5e1ae29000 rw-p 00000000 00:00 0 
7f5e1ae29000-7f5e1ae2d000 ---p 00000000 00:00 0 
7f5e1ae2d000-7f5e1af2a000 rw-p 00000000 00:00 0 
7f5e1af2a000-7f5e1af2e000 ---p 00000000 00:00 0 
7f5e1af2e000-7f5e1b02b000 rw-p 00000000 00:00 0 
7f5e1b02b000-7f5e1b02f000 ---p 00000000 00:00 0 
7f5e1b02f000-7f5e1b12c000 rw-p 00000000 00:00 0 
7f5e1b12c000-7f5e1b130000 ---p 00000000 00:00 0 
7f5e1b130000-7f5e1b22d000 rw-p 00000000 00:00 0 
7f5e1b22d000-7f5e1b231000 ---p 00000000 00:00 0 
7f5e1b231000-7f5e1b32e000 rw-p 00000000 00:00 0 
7f5e1b32e000-7f5e1b332000 ---p 00000000 00:00 0 
7f5e1b332000-7f5e1b42f000 rw-p 00000000 00:00 0 
7f5e1b42f000-7f5e1b433000 ---p 00000000 00:00 0 
7f5e1b433000-7f5e1b530000 rw-p 00000000 00:00 0 
7f5e1b530000-7f5e1b534000 ---p 00000000 00:00 0 
7f5e1b534000-7f5e1b631000 rw-p 00000000 00:00 0 
7f5e1b631000-7f5e1c000000 r--p 00000000 103:02 15866447                  /usr/lib/locale/locale-archive
7f5e1c000000-7f5e1c021000 rw-p 00000000 00:00 0 
7f5e1c021000-7f5e20000000 ---p 00000000 00:00 0 
7f5e20000000-7f5e20021000 rw-p 00000000 00:00 0 
7f5e20021000-7f5e24000000 ---p 00000000 00:00 0 
7f5e24000000-7f5e24021000 rw-p 00000000 00:00 0 
7f5e24021000-7f5e28000000 ---p 00000000 00:00 0 
7f5e28000000-7f5e283bd000 rw-p 00000000 00:00 0 
7f5e283bd000-7f5e2c000000 ---p 00000000 00:00 0 
7f5e2c000000-7f5e2c021000 rw-p 00000000 00:00 0 
7f5e2c021000-7f5e30000000 ---p 00000000 00:00 0 
7f5e300e6000-7f5e300ea000 ---p 00000000 00:00 0 
7f5e300ea000-7f5e301e7000 rw-p 00000000 00:00 0 
7f5e301e7000-7f5e301eb000 ---p 00000000 00:00 0 
7f5e301eb000-7f5e302e8000 rw-p 00000000 00:00 0 
7f5e302e8000-7f5e302e9000 ---p 00000000 00:00 0 
7f5e302e9000-7f5e308aa000 rw-p 00000000 00:00 0 
7f5e308aa000-7f5e30bea000 ---p 00000000 00:00 0 
7f5e30bea000-7f5e30beb000 ---p 00000000 00:00 0 
7f5e30beb000-7f5e30cec000 rw-p 00000000 00:00 0 
7f5e30cec000-7f5e30ced000 ---p 00000000 00:00 0 
7f5e30ced000-7f5e34000000 rw-p 00000000 00:00 0 
7f5e34000000-7f5e34021000 rw-p 00000000 00:00 0 
7f5e34021000-7f5e38000000 ---p 00000000 00:00 0 
7f5e38000000-7f5e38021000 rw-p 00000000 00:00 0 
7f5e38021000-7f5e3c000000 ---p 00000000 00:00 0 
7f5e3c000000-7f5e3c021000 rw-p 00000000 00:00 0 
7f5e3c021000-7f5e40000000 ---p 00000000 00:00 0 
7f5e4004f000-7f5e41968000 rw-p 00000000 00:00 0 
7f5e41968000-7f5e41969000 ---p 00000000 00:00 0 
7f5e41969000-7f5e41a6a000 rw-p 00000000 00:00 0 
7f5e41a6a000-7f5e41a6b000 ---p 00000000 00:00 0 
7f5e41a6b000-7f5e41b6c000 rw-p 00000000 00:00 0 
7f5e41b6c000-7f5e41b6d000 ---p 00000000 00:00 0 
7f5e41b6d000-7f5e4311f000 rw-p 00000000 00:00 0 
7f5e4311f000-7f5e51c9f000 ---p 00000000 00:00 0 
7f5e51c9f000-7f5e52c7f000 rw-p 00000000 00:00 0 
7f5e52c7f000-7f5e617ff000 ---p 00000000 00:00 0 
7f5e617ff000-7f5e61a17000 rw-p 00000000 00:00 0 
7f5e61a17000-7f5e63787000 ---p 00000000 00:00 0 
7f5e63787000-7f5e63983000 rw-p 00000000 00:00 0 
7f5e63983000-7f5e656f3000 ---p 00000000 00:00 0 
7f5e656f3000-7f5e658ef000 rw-p 00000000 00:00 0 
7f5e658ef000-7f5e6765f000 ---p 00000000 00:00 0 
7f5e6765f000-7f5e68b78000 rw-p 00000000 00:00 0 
7f5e68b78000-7f5e68f48000 rwxp 00000000 00:00 0 
7f5e68f48000-7f5e693d6000 ---p 00000000 00:00 0 
7f5e693d6000-7f5e69646000 rwxp 00000000 00:00 0 
7f5e69646000-7f5e707a7000 ---p 00000000 00:00 0 
7f5e707a7000-7f5e70a17000 rwxp 00000000 00:00 0 
7f5e70a17000-7f5e77b78000 ---p 00000000 00:00 0 
7f5e77b78000-7f5e80000000 r--s 00000000 103:02 15872884                  /usr/lib/jvm/java-12-oracle/lib/modules
7f5e80000000-7f5e804b4000 rw-p 00000000 00:00 0 
7f5e804b4000-7f5e84000000 ---p 00000000 00:00 0 
7f5e8400e000-7f5e85705000 rw-p 00000000 00:00 0 
7f5e85705000-7f5e857e8000 ---p 00000000 00:00 0 
7f5e857e8000-7f5e857ed000 rw-p 00000000 00:00 0 
7f5e857ed000-7f5e858d0000 ---p 00000000 00:00 0 
7f5e858d0000-7f5e858eb000 r-xp 00000000 103:02 15872864                  /usr/lib/jvm/java-12-oracle/lib/libjimage.so
7f5e858eb000-7f5e85aea000 ---p 0001b000 103:02 15872864                  /usr/lib/jvm/java-12-oracle/lib/libjimage.so
7f5e85aea000-7f5e85aec000 r--p 0001a000 103:02 15872864                  /usr/lib/jvm/java-12-oracle/lib/libjimage.so
7f5e85aec000-7f5e85aed000 rw-p 0001c000 103:02 15872864                  /usr/lib/jvm/java-12-oracle/lib/libjimage.so
7f5e85aed000-7f5e85af4000 r-xp 00000000 103:02 15872883                  /usr/lib/jvm/java-12-oracle/lib/libzip.so
7f5e85af4000-7f5e85cf3000 ---p 00007000 103:02 15872883                  /usr/lib/jvm/java-12-oracle/lib/libzip.so
7f5e85cf3000-7f5e85cf4000 r--p 00006000 103:02 15872883                  /usr/lib/jvm/java-12-oracle/lib/libzip.so
7f5e85cf4000-7f5e85cf5000 rw-p 00007000 103:02 15872883                  /usr/lib/jvm/java-12-oracle/lib/libzip.so
7f5e85cf5000-7f5e85d00000 r-xp 00000000 103:02 10490588                  /lib/x86_64-linux-gnu/libnss_files-2.27.so
7f5e85d00000-7f5e85eff000 ---p 0000b000 103:02 10490588                  /lib/x86_64-linux-gnu/libnss_files-2.27.so
7f5e85eff000-7f5e85f00000 r--p 0000a000 103:02 10490588                  /lib/x86_64-linux-gnu/libnss_files-2.27.so
7f5e85f00000-7f5e85f01000 rw-p 0000b000 103:02 10490588                  /lib/x86_64-linux-gnu/libnss_files-2.27.so
7f5e85f01000-7f5e85f07000 rw-p 00000000 00:00 0 
7f5e85f07000-7f5e85f1e000 r-xp 00000000 103:02 10490582                  /lib/x86_64-linux-gnu/libnsl-2.27.so
7f5e85f1e000-7f5e8611d000 ---p 00017000 103:02 10490582                  /lib/x86_64-linux-gnu/libnsl-2.27.so
7f5e8611d000-7f5e8611e000 r--p 00016000 103:02 10490582                  /lib/x86_64-linux-gnu/libnsl-2.27.so
7f5e8611e000-7f5e8611f000 rw-p 00017000 103:02 10490582                  /lib/x86_64-linux-gnu/libnsl-2.27.so
7f5e8611f000-7f5e86121000 rw-p 00000000 00:00 0 
7f5e86121000-7f5e8612c000 r-xp 00000000 103:02 10490599                  /lib/x86_64-linux-gnu/libnss_nis-2.27.so
7f5e8612c000-7f5e8632b000 ---p 0000b000 103:02 10490599                  /lib/x86_64-linux-gnu/libnss_nis-2.27.so
7f5e8632b000-7f5e8632c000 r--p 0000a000 103:02 10490599                  /lib/x86_64-linux-gnu/libnss_nis-2.27.so
7f5e8632c000-7f5e8632d000 rw-p 0000b000 103:02 10490599                  /lib/x86_64-linux-gnu/libnss_nis-2.27.so
7f5e8632d000-7f5e86335000 r-xp 00000000 103:02 10490584                  /lib/x86_64-linux-gnu/libnss_compat-2.27.so
7f5e86335000-7f5e86535000 ---p 00008000 103:02 10490584                  /lib/x86_64-linux-gnu/libnss_compat-2.27.so
7f5e86535000-7f5e86536000 r--p 00008000 103:02 10490584                  /lib/x86_64-linux-gnu/libnss_compat-2.27.so
7f5e86536000-7f5e86537000 rw-p 00009000 103:02 10490584                  /lib/x86_64-linux-gnu/libnss_compat-2.27.so
7f5e86537000-7f5e8655f000 r-xp 00000000 103:02 15872860                  /usr/lib/jvm/java-12-oracle/lib/libjava.so
7f5e8655f000-7f5e8675e000 ---p 00028000 103:02 15872860                  /usr/lib/jvm/java-12-oracle/lib/libjava.so
7f5e8675e000-7f5e8675f000 r--p 00027000 103:02 15872860                  /usr/lib/jvm/java-12-oracle/lib/libjava.so
7f5e8675f000-7f5e86761000 rw-p 00028000 103:02 15872860                  /usr/lib/jvm/java-12-oracle/lib/libjava.so
7f5e86761000-7f5e8676e000 r-xp 00000000 103:02 15872882                  /usr/lib/jvm/java-12-oracle/lib/libverify.so
7f5e8676e000-7f5e8696d000 ---p 0000d000 103:02 15872882                  /usr/lib/jvm/java-12-oracle/lib/libverify.so
7f5e8696d000-7f5e8696f000 r--p 0000c000 103:02 15872882                  /usr/lib/jvm/java-12-oracle/lib/libverify.so
7f5e8696f000-7f5e86970000 rw-p 0000e000 103:02 15872882                  /usr/lib/jvm/java-12-oracle/lib/libverify.so
7f5e86970000-7f5e86977000 r-xp 00000000 103:02 10490639                  /lib/x86_64-linux-gnu/librt-2.27.so
7f5e86977000-7f5e86b76000 ---p 00007000 103:02 10490639                  /lib/x86_64-linux-gnu/librt-2.27.so
7f5e86b76000-7f5e86b77000 r--p 00006000 103:02 10490639                  /lib/x86_64-linux-gnu/librt-2.27.so
7f5e86b77000-7f5e86b78000 rw-p 00007000 103:02 10490639                  /lib/x86_64-linux-gnu/librt-2.27.so
7f5e86b78000-7f5e86d15000 r-xp 00000000 103:02 10490561                  /lib/x86_64-linux-gnu/libm-2.27.so
7f5e86d15000-7f5e86f14000 ---p 0019d000 103:02 10490561                  /lib/x86_64-linux-gnu/libm-2.27.so
7f5e86f14000-7f5e86f15000 r--p 0019c000 103:02 10490561                  /lib/x86_64-linux-gnu/libm-2.27.so
7f5e86f15000-7f5e86f16000 rw-p 0019d000 103:02 10490561                  /lib/x86_64-linux-gnu/libm-2.27.so
7f5e86f16000-7f5e8807a000 r-xp 00000000 103:02 15872898                  /usr/lib/jvm/java-12-oracle/lib/server/libjvm.so
7f5e8807a000-7f5e8827a000 ---p 01164000 103:02 15872898                  /usr/lib/jvm/java-12-oracle/lib/server/libjvm.so
7f5e8827a000-7f5e8833b000 r--p 01164000 103:02 15872898                  /usr/lib/jvm/java-12-oracle/lib/server/libjvm.so
7f5e8833b000-7f5e88374000 rw-p 01225000 103:02 15872898                  /usr/lib/jvm/java-12-oracle/lib/server/libjvm.so
7f5e88374000-7f5e883f7000 rw-p 00000000 00:00 0 
7f5e883f7000-7f5e885de000 r-xp 00000000 103:02 10490498                  /lib/x86_64-linux-gnu/libc-2.27.so
7f5e885de000-7f5e887de000 ---p 001e7000 103:02 10490498                  /lib/x86_64-linux-gnu/libc-2.27.so
7f5e887de000-7f5e887e2000 r--p 001e7000 103:02 10490498                  /lib/x86_64-linux-gnu/libc-2.27.so
7f5e887e2000-7f5e887e4000 rw-p 001eb000 103:02 10490498                  /lib/x86_64-linux-gnu/libc-2.27.so
7f5e887e4000-7f5e887e8000 rw-p 00000000 00:00 0 
7f5e887e8000-7f5e887eb000 r-xp 00000000 103:02 10490521                  /lib/x86_64-linux-gnu/libdl-2.27.so
7f5e887eb000-7f5e889ea000 ---p 00003000 103:02 10490521                  /lib/x86_64-linux-gnu/libdl-2.27.so
7f5e889ea000-7f5e889eb000 r--p 00002000 103:02 10490521                  /lib/x86_64-linux-gnu/libdl-2.27.so
7f5e889eb000-7f5e889ec000 rw-p 00003000 103:02 10490521                  /lib/x86_64-linux-gnu/libdl-2.27.so
7f5e889ec000-7f5e88a06000 r-xp 00000000 103:02 10490631                  /lib/x86_64-linux-gnu/libpthread-2.27.so
7f5e88a06000-7f5e88c05000 ---p 0001a000 103:02 10490631                  /lib/x86_64-linux-gnu/libpthread-2.27.so
7f5e88c05000-7f5e88c06000 r--p 00019000 103:02 10490631                  /lib/x86_64-linux-gnu/libpthread-2.27.so
7f5e88c06000-7f5e88c07000 rw-p 0001a000 103:02 10490631                  /lib/x86_64-linux-gnu/libpthread-2.27.so
7f5e88c07000-7f5e88c0b000 rw-p 00000000 00:00 0 
7f5e88c0b000-7f5e88c1b000 r-xp 00000000 103:02 15872865                  /usr/lib/jvm/java-12-oracle/lib/libjli.so
7f5e88c1b000-7f5e88e1a000 ---p 00010000 103:02 15872865                  /usr/lib/jvm/java-12-oracle/lib/libjli.so
7f5e88e1a000-7f5e88e1b000 r--p 0000f000 103:02 15872865                  /usr/lib/jvm/java-12-oracle/lib/libjli.so
7f5e88e1b000-7f5e88e1c000 rw-p 00010000 103:02 15872865                  /usr/lib/jvm/java-12-oracle/lib/libjli.so
7f5e88e1c000-7f5e88e38000 r-xp 00000000 103:02 10490670                  /lib/x86_64-linux-gnu/libz.so.1.2.11
7f5e88e38000-7f5e89037000 ---p 0001c000 103:02 10490670                  /lib/x86_64-linux-gnu/libz.so.1.2.11
7f5e89037000-7f5e89038000 r--p 0001b000 103:02 10490670                  /lib/x86_64-linux-gnu/libz.so.1.2.11
7f5e89038000-7f5e89039000 rw-p 0001c000 103:02 10490670                  /lib/x86_64-linux-gnu/libz.so.1.2.11
7f5e89039000-7f5e89060000 r-xp 00000000 103:02 10490470                  /lib/x86_64-linux-gnu/ld-2.27.so
7f5e89075000-7f5e8913c000 rw-p 00000000 00:00 0 
7f5e8913c000-7f5e89145000 ---p 00000000 00:00 0 
7f5e89145000-7f5e89149000 ---p 00000000 00:00 0 
7f5e89149000-7f5e8924a000 rw-p 00000000 00:00 0 
7f5e89254000-7f5e89255000 r--p 00000000 103:02 17567477                  /usr/share/locale-langpack/en_GB/LC_MESSAGES/libc.mo
7f5e89255000-7f5e8925d000 rw-s 00000000 103:02 13369643                  /tmp/hsperfdata_rflachlan/15554
7f5e8925d000-7f5e8925e000 ---p 00000000 00:00 0 
7f5e8925e000-7f5e8925f000 r--p 00000000 00:00 0 
7f5e8925f000-7f5e89260000 ---p 00000000 00:00 0 
7f5e89260000-7f5e89261000 r--p 00027000 103:02 10490470                  /lib/x86_64-linux-gnu/ld-2.27.so
7f5e89261000-7f5e89262000 rw-p 00028000 103:02 10490470                  /lib/x86_64-linux-gnu/ld-2.27.so
7f5e89262000-7f5e89263000 rw-p 00000000 00:00 0 
7ffc0b4fc000-7ffc0b51d000 rw-p 00000000 00:00 0                          [stack]
7ffc0b58c000-7ffc0b58f000 r--p 00000000 00:00 0                          [vvar]
7ffc0b58f000-7ffc0b591000 r-xp 00000000 00:00 0                          [vdso]
ffffffffff600000-ffffffffff601000 r-xp 00000000 00:00 0                  [vsyscall]


VM Arguments:
java_command: /home/rflachlan/Dropbox/ChaffMainlandN//ChaffinchABC.jar 1 3 0 -5383639672294397471 /home/rflachlan/Dropbox/ChaffMainlandN/
java_class_path (initial): /home/rflachlan/Dropbox/ChaffMainlandN//ChaffinchABC.jar
Launcher Type: SUN_STANDARD

[Global flags]
     intx CICompilerCount                          = 18                                        {product} {ergonomic}
     uint ConcGCThreads                            = 11                                        {product} {ergonomic}
     uint G1ConcRefinementThreads                  = 43                                        {product} {ergonomic}
   size_t G1HeapRegionSize                         = 4194304                                   {product} {ergonomic}
    uintx GCDrainStackTargetSize                   = 64                                        {product} {ergonomic}
   size_t InitialHeapSize                          = 1056964608                                {product} {ergonomic}
   size_t MarkStackSize                            = 4194304                                   {product} {ergonomic}
   size_t MaxHeapSize                              = 16869490688                               {product} {ergonomic}
   size_t MaxNewSize                               = 10120855552                               {product} {ergonomic}
   size_t MinHeapDeltaBytes                        = 4194304                                   {product} {ergonomic}
    uintx NonNMethodCodeHeapSize                   = 8769992                                {pd product} {ergonomic}
    uintx NonProfiledCodeHeapSize                  = 121444124                              {pd product} {ergonomic}
    uintx ProfiledCodeHeapSize                     = 121444124                              {pd product} {ergonomic}
    uintx ReservedCodeCacheSize                    = 251658240                              {pd product} {ergonomic}
     bool SegmentedCodeCache                       = true                                      {product} {ergonomic}
     bool UseCompressedClassPointers               = true                                 {lp64_product} {ergonomic}
     bool UseCompressedOops                        = true                                 {lp64_product} {ergonomic}
     bool UseG1GC                                  = true                                      {product} {ergonomic}

Logging:
Log output configuration:
 #0: stdout all=warning uptime,level,tags
 #1: stderr all=off uptime,level,tags

Environment Variables:
JAVA_HOME=/usr/lib/jvm/java-12-oracle
PATH=/usr/local/sbin:/usr/local/bin:/usr/sbin:/usr/bin:/sbin:/bin:/usr/games:/usr/local/games:/snap/bin:/usr/lib/jvm/java-12-oracle/bin:/usr/lib/jvm/java-12-oracle/db/bin
USERNAME=rflachlan
SHELL=/bin/bash
DISPLAY=:0

Signal Handlers:
SIGSEGV: [libjvm.so+0xe45640], sa_mask[0]=11111111011111111101111111111110, sa_flags=SA_RESTART|SA_SIGINFO
SIGBUS: [libjvm.so+0xe45640], sa_mask[0]=11111111011111111101111111111110, sa_flags=SA_RESTART|SA_SIGINFO
SIGFPE: [libjvm.so+0xe45640], sa_mask[0]=11111111011111111101111111111110, sa_flags=SA_RESTART|SA_SIGINFO
SIGPIPE: [libjvm.so+0xbf4b50], sa_mask[0]=11111111011111111101111111111110, sa_flags=SA_RESTART|SA_SIGINFO
SIGXFSZ: [libjvm.so+0xbf4b50], sa_mask[0]=11111111011111111101111111111110, sa_flags=SA_RESTART|SA_SIGINFO
SIGILL: [libjvm.so+0xe45640], sa_mask[0]=11111111011111111101111111111110, sa_flags=SA_RESTART|SA_SIGINFO
SIGUSR2: [libjvm.so+0xbf49f0], sa_mask[0]=00100000000000000000000000000000, sa_flags=SA_RESTART|SA_SIGINFO
SIGHUP: [libjvm.so+0xbf4d50], sa_mask[0]=11111111011111111101111111111110, sa_flags=SA_RESTART|SA_SIGINFO
SIGINT: SIG_IGN, sa_mask[0]=00000000000000000000000000000000, sa_flags=none
SIGTERM: [libjvm.so+0xbf4d50], sa_mask[0]=11111111011111111101111111111110, sa_flags=SA_RESTART|SA_SIGINFO
SIGQUIT: [libjvm.so+0xbf4d50], sa_mask[0]=11111111011111111101111111111110, sa_flags=SA_RESTART|SA_SIGINFO


---------------  S Y S T E M  ---------------

OS:DISTRIB_ID=Ubuntu
DISTRIB_RELEASE=18.04
DISTRIB_CODENAME=bionic
DISTRIB_DESCRIPTION="Ubuntu 18.04.2 LTS"
uname:Linux 4.15.0-51-generic #55-Ubuntu SMP Wed May 15 14:27:21 UTC 2019 x86_64
libc:glibc 2.27 NPTL 2.27 
rlimit: STACK 8192k, CORE 0k, NPROC 256634, NOFILE 4096, AS infinity, DATA infinity, FSIZE infinity
load average:127.84 39.66 15.86

/proc/meminfo:
MemTotal:       65882016 kB
MemFree:          230224 kB
MemAvailable:          0 kB
Buffers:            2484 kB
Cached:           207808 kB
SwapCached:         1820 kB
Active:         60570452 kB
Inactive:        3573632 kB
Active(anon):   60547244 kB
Inactive(anon):  3551944 kB
Active(file):      23208 kB
Inactive(file):    21688 kB
Unevictable:          16 kB
Mlocked:              16 kB
SwapTotal:       2097148 kB
SwapFree:              0 kB
Dirty:                 0 kB
Writeback:           396 kB
AnonPages:      63932552 kB
Mapped:            36600 kB
Shmem:            167712 kB
Slab:             716360 kB
SReclaimable:     185648 kB
SUnreclaim:       530712 kB
KernelStack:       87936 kB
PageTables:       246776 kB
NFS_Unstable:          0 kB
Bounce:                0 kB
WritebackTmp:          0 kB
CommitLimit:    35038156 kB
Committed_AS:   111129732 kB
VmallocTotal:   34359738367 kB
VmallocUsed:           0 kB
VmallocChunk:          0 kB
HardwareCorrupted:     0 kB
AnonHugePages:         0 kB
ShmemHugePages:        0 kB
ShmemPmdMapped:        0 kB
CmaTotal:              0 kB
CmaFree:               0 kB
HugePages_Total:       0
HugePages_Free:        0
HugePages_Rsvd:        0
HugePages_Surp:        0
Hugepagesize:       2048 kB
DirectMap4k:      795672 kB
DirectMap2M:    46260224 kB
DirectMap1G:    19922944 kB


/proc/sys/kernel/threads-max (system-wide limit on the number of threads):
513269


/proc/sys/vm/max_map_count (maximum number of memory map areas a process may have):
65530


/proc/sys/kernel/pid_max (system-wide limit on number of process identifiers):
131072



container (cgroup) information:
container_type: cgroupv1
cpu_cpuset_cpus: 0-63
cpu_memory_nodes: 0,2
active_processor_count: 64
cpu_quota: -1
cpu_period: 100000
cpu_shares: -1
memory_limit_in_bytes: -1
memory_and_swap_limit_in_bytes: -2
memory_soft_limit_in_bytes: -1
memory_usage_in_bytes: 65692078080
memory_max_usage_in_bytes: 533479206912


CPU:total 64 (initial active 64) (64 cores per cpu, 2 threads per core) family 23 model 8 stepping 2, cmov, cx8, fxsr, mmx, sse, sse2, sse3, ssse3, sse4.1, sse4.2, popcnt, avx, avx2, aes, clmul, mmxext, 3dnowpref, lzcnt, sse4a, ht, tsc, tscinvbit, tscinv, bmi1, bmi2, adx, sha, fma
CPU Model and flags from /proc/cpuinfo:
model name	: AMD Ryzen Threadripper 2990WX 32-Core Processor
flags		: fpu vme de pse tsc msr pae mce cx8 apic sep mtrr pge mca cmov pat pse36 clflush mmx fxsr sse sse2 ht syscall nx mmxext fxsr_opt pdpe1gb rdtscp lm constant_tsc rep_good nopl nonstop_tsc cpuid extd_apicid amd_dcm aperfmperf pni pclmulqdq monitor ssse3 fma cx16 sse4_1 sse4_2 movbe popcnt aes xsave avx f16c rdrand lahf_lm cmp_legacy svm extapic cr8_legacy abm sse4a misalignsse 3dnowprefetch osvw skinit wdt tce topoext perfctr_core perfctr_nb bpext perfctr_llc mwaitx cpb hw_pstate sme ssbd ibpb vmmcall fsgsbase bmi1 avx2 smep bmi2 rdseed adx smap clflushopt sha_ni xsaveopt xsavec xgetbv1 xsaves clzero irperf xsaveerptr arat npt lbrv svm_lock nrip_save tsc_scale vmcb_clean flushbyasid decodeassists pausefilter pfthreshold avic v_vmsave_vmload vgif overflow_recov succor smca

Memory: 4k page, physical 65882016k(229992k free), swap 2097148k(0k free)

vm_info: Java HotSpot(TM) 64-Bit Server VM (12.0.1+12) for linux-amd64 JRE (12.0.1+12), built on Apr  1 2019 23:46:14 by "mach5one" with gcc 7.3.0

END.
