#
# There is insufficient memory for the Java Runtime Environment to continue.
# Native memory allocation (mmap) failed to map 2130706432 bytes for committing reserved memory.
# Possible reasons:
#   The system is out of physical RAM or swap space
#   The process is running with CompressedOops enabled, and the Java Heap may be blocking the growth of the native heap
# Possible solutions:
#   Reduce memory load on the system
#   Increase physical memory or swap space
#   Check if swap backing store is full
#   Decrease Java heap size (-Xmx/-Xms)
#   Decrease number of Java threads
#   Decrease Java thread stack sizes (-Xss)
#   Set larger code cache with -XX:ReservedCodeCacheSize=
#   JVM is running with Zero Based Compressed Oops mode in which the Java heap is
#     placed in the first 32GB address space. The Java Heap base address is the
#     maximum limit for the native heap growth. Please use -XX:HeapBaseMinAddress
#     to set the Java Heap base and to place the Java Heap above 32GB virtual address.
# This output file may be truncated or incomplete.
#
#  Out of Memory Error (os_linux.cpp:2659), pid=14041, tid=14206
#
# JRE version: Java(TM) SE Runtime Environment (12.0.1+12) (build 12.0.1+12)
# Java VM: Java HotSpot(TM) 64-Bit Server VM (12.0.1+12, mixed mode, sharing, tiered, compressed oops, g1 gc, linux-amd64)
# Core dump will be written. Default location: Core dumps may be processed with "/usr/share/apport/apport %p %s %c %d %P" (or dumping to /home/rflachlan/NetBeansProjects/ChaffinchABC/core.14041)
#

---------------  S U M M A R Y ------------

Command Line: /home/rflachlan/Dropbox/ChaffMainlandN//ChaffinchABC.jar 1 10 0 395141707421725016 /home/rflachlan/Dropbox/ChaffMainlandN/

Host: AMD Ryzen Threadripper 2990WX 32-Core Processor, 64 cores, 62G, Ubuntu 18.04.2 LTS
Time: Wed Jul 17 17:15:04 2019 BST elapsed time: 45 seconds (0d 0h 0m 45s)

---------------  T H R E A D  ---------------

Current thread (0x00007f3014327000):  VMThread "VM Thread" [stack: 0x00007f2fc1ae2000,0x00007f2fc1be2000] [id=14206]

Stack: [0x00007f2fc1ae2000,0x00007f2fc1be2000],  sp=0x00007f2fc1bdff30,  free space=1015k
Native frames: (J=compiled Java code, A=aot compiled Java code, j=interpreted, Vv=VM code, C=native code)
V  [libjvm.so+0xe43ca0]  VMError::report_and_die(int, char const*, char const*, __va_list_tag*, Thread*, unsigned char*, void*, void*, char const*, int, unsigned long)+0x310
V  [libjvm.so+0xe4486b]  VMError::report_and_die(Thread*, char const*, int, unsigned long, VMErrorType, char const*, __va_list_tag*)+0x2b
V  [libjvm.so+0x65df95]  report_vm_out_of_memory(char const*, int, unsigned long, VMErrorType, char const*, ...)+0xd5
V  [libjvm.so+0xbf8c18]  os::pd_commit_memory_or_exit(char*, unsigned long, unsigned long, bool, char const*)+0x108
V  [libjvm.so+0xbf03fd]  os::commit_memory_or_exit(char*, unsigned long, unsigned long, bool, char const*)+0x1d
V  [libjvm.so+0x78820c]  G1PageBasedVirtualSpace::commit_preferred_pages(unsigned long, unsigned long)+0x6c
V  [libjvm.so+0x7885a4]  G1PageBasedVirtualSpace::commit(unsigned long, unsigned long)+0x154
V  [libjvm.so+0x796370]  G1RegionsLargerThanCommitSizeMapper::commit_regions(unsigned int, unsigned long, WorkGang*)+0x40
V  [libjvm.so+0x8174c0]  HeapRegionManager::commit_regions(unsigned int, unsigned long, WorkGang*)+0x80
V  [libjvm.so+0x81822f]  HeapRegionManager::make_regions_available(unsigned int, unsigned int, WorkGang*)+0x3f
V  [libjvm.so+0x8187b9]  HeapRegionManager::expand_at(unsigned int, unsigned int, WorkGang*)+0x119
V  [libjvm.so+0x73cc00]  G1CollectedHeap::expand(unsigned long, WorkGang*, double*)+0xe0
V  [libjvm.so+0x7415d2]  G1CollectedHeap::do_collection_pause_at_safepoint(double)+0xa22
V  [libjvm.so+0x7a9c51]  VM_G1CollectForAllocation::doit()+0x81
V  [libjvm.so+0xe46287]  VM_Operation::evaluate()+0xe7
V  [libjvm.so+0xe4c12f]  VMThread::evaluate_operation(VM_Operation*) [clone .constprop.63]+0xff
V  [libjvm.so+0xe4c671]  VMThread::loop()+0x3f1
V  [libjvm.so+0xe4caa3]  VMThread::run()+0x73
V  [libjvm.so+0xdd21bf]  Thread::call_run()+0x16f
V  [libjvm.so+0xbfe94e]  thread_native_entry(Thread*)+0xee

VM_Operation (0x00007f301aa44460): G1CollectForAllocation, mode: safepoint, requested by thread 0x00007f3014012800


---------------  P R O C E S S  ---------------

Threads class SMR info:
_java_thread_list=0x00007f2f7416b6b0, length=9, elements={
0x00007f3014012800, 0x00007f301432a000, 0x00007f301432c000, 0x00007f3014331000,
0x00007f3014333800, 0x00007f3014335800, 0x00007f3014337800, 0x00007f3014367000,
0x00007f301436b800
}

Java Threads: ( => current thread )
  0x00007f3014012800 JavaThread "main" [_thread_blocked, id=14060, stack(0x00007f301a945000,0x00007f301aa46000)]
  0x00007f301432a000 JavaThread "Reference Handler" daemon [_thread_blocked, id=14218, stack(0x00007f2fc19df000,0x00007f2fc1ae0000)]
  0x00007f301432c000 JavaThread "Finalizer" daemon [_thread_blocked, id=14223, stack(0x00007f2fc18de000,0x00007f2fc19df000)]
  0x00007f3014331000 JavaThread "Signal Dispatcher" daemon [_thread_blocked, id=14242, stack(0x00007f2fc0e0e000,0x00007f2fc0f0f000)]
  0x00007f3014333800 JavaThread "C2 CompilerThread0" daemon [_thread_blocked, id=14261, stack(0x00007f2fc0d0d000,0x00007f2fc0e0e000)]
  0x00007f3014335800 JavaThread "C1 CompilerThread0" daemon [_thread_blocked, id=14273, stack(0x00007f2fc0c0c000,0x00007f2fc0d0d000)]
  0x00007f3014337800 JavaThread "Sweeper thread" daemon [_thread_blocked, id=14283, stack(0x00007f2fc0b0b000,0x00007f2fc0c0c000)]
  0x00007f3014367000 JavaThread "Service Thread" daemon [_thread_blocked, id=14410, stack(0x00007f2fc0909000,0x00007f2fc0a0a000)]
  0x00007f301436b800 JavaThread "Common-Cleaner" daemon [_thread_blocked, id=14449, stack(0x00007f2fc0706000,0x00007f2fc0807000)]

Other Threads:
=>0x00007f3014327000 VMThread "VM Thread" [stack: 0x00007f2fc1ae2000,0x00007f2fc1be2000] [id=14206]
  0x00007f3014369800 WatcherThread [stack: 0x00007f2fc0809000,0x00007f2fc0909000] [id=14433]
  0x00007f301406e800 GCTaskThread "GC Thread#0" [stack: 0x00007f2fd33d0000,0x00007f2fd34d0000] [id=14090]
  0x00007f2fb8001000 GCTaskThread "GC Thread#1" [stack: 0x00007f2f83a56000,0x00007f2f83b56000] [id=15019]
  0x00007f2fb8002000 GCTaskThread "GC Thread#2" [stack: 0x00007f2f83954000,0x00007f2f83a54000] [id=15026]
  0x00007f2fb8003800 GCTaskThread "GC Thread#3" [stack: 0x00007f2f83852000,0x00007f2f83952000] [id=15031]
  0x00007f2fb8005000 GCTaskThread "GC Thread#4" [stack: 0x00007f2f83750000,0x00007f2f83850000] [id=15036]
  0x00007f2fb8006800 GCTaskThread "GC Thread#5" [stack: 0x00007f2f8364e000,0x00007f2f8374e000] [id=15041]
  0x00007f2fb8008000 GCTaskThread "GC Thread#6" [stack: 0x00007f2f8354c000,0x00007f2f8364c000] [id=15050]
  0x00007f2fb8009800 GCTaskThread "GC Thread#7" [stack: 0x00007f2f8344a000,0x00007f2f8354a000] [id=15055]
  0x00007f2fb800b800 GCTaskThread "GC Thread#8" [stack: 0x00007f2f83348000,0x00007f2f83448000] [id=15059]
  0x00007f2fb800d000 GCTaskThread "GC Thread#9" [stack: 0x00007f2f83246000,0x00007f2f83346000] [id=15070]
  0x00007f2fb800e800 GCTaskThread "GC Thread#10" [stack: 0x00007f2f83144000,0x00007f2f83244000] [id=15074]
  0x00007f2fb8010000 GCTaskThread "GC Thread#11" [stack: 0x00007f2f83042000,0x00007f2f83142000] [id=15082]
  0x00007f2fb8011800 GCTaskThread "GC Thread#12" [stack: 0x00007f2f82f40000,0x00007f2f83040000] [id=15085]
  0x00007f2fb8013000 GCTaskThread "GC Thread#13" [stack: 0x00007f2f82e3e000,0x00007f2f82f3e000] [id=15087]
  0x00007f2fb8014800 GCTaskThread "GC Thread#14" [stack: 0x00007f2f82d3c000,0x00007f2f82e3c000] [id=15088]
  0x00007f2fb8016000 GCTaskThread "GC Thread#15" [stack: 0x00007f2f82c3a000,0x00007f2f82d3a000] [id=15092]
  0x00007f2fb8017800 GCTaskThread "GC Thread#16" [stack: 0x00007f2f82b38000,0x00007f2f82c38000] [id=15094]
  0x00007f2fb8019000 GCTaskThread "GC Thread#17" [stack: 0x00007f2f82a36000,0x00007f2f82b36000] [id=15097]
  0x00007f2fb801a800 GCTaskThread "GC Thread#18" [stack: 0x00007f2f82934000,0x00007f2f82a34000] [id=15099]
  0x00007f2fb801c000 GCTaskThread "GC Thread#19" [stack: 0x00007f2f82832000,0x00007f2f82932000] [id=15101]
  0x00007f2fb801d800 GCTaskThread "GC Thread#20" [stack: 0x00007f2f82730000,0x00007f2f82830000] [id=15103]
  0x00007f2fb801f000 GCTaskThread "GC Thread#21" [stack: 0x00007f2f8262e000,0x00007f2f8272e000] [id=15105]
  0x00007f2fb8020800 GCTaskThread "GC Thread#22" [stack: 0x00007f2f8252c000,0x00007f2f8262c000] [id=15107]
  0x00007f2fb8022000 GCTaskThread "GC Thread#23" [stack: 0x00007f2f8242a000,0x00007f2f8252a000] [id=15108]
  0x00007f3014088800 ConcurrentGCThread "G1 Main Marker" [stack: 0x00007f2fd32ce000,0x00007f2fd33ce000] [id=14098]
  0x00007f301408a000 ConcurrentGCThread "G1 Conc#0" [stack: 0x00007f2fd31cc000,0x00007f2fd32cc000] [id=14105]
  0x00007f30142a5800 ConcurrentGCThread "G1 Refine#0" [stack: 0x00007f2fc24e6000,0x00007f2fc25e6000] [id=14158]
  0x00007f2fbc001000 ConcurrentGCThread "G1 Refine#1" [stack: 0x00007f2f81d22000,0x00007f2f81e22000] [id=18505]
  0x00007f2f741b1000 ConcurrentGCThread "G1 Refine#2" [stack: 0x00007f2f81c20000,0x00007f2f81d20000] [id=18506]
  0x00007f2f782bd000 ConcurrentGCThread "G1 Refine#3" [stack: 0x00007f2f81b1e000,0x00007f2f81c1e000] [id=18509]
  0x00007f2f1801b800 ConcurrentGCThread "G1 Refine#4" [stack: 0x00007f2f81a1c000,0x00007f2f81b1c000] [id=18510]
  0x00007f30142a7000 ConcurrentGCThread "G1 Young RemSet Sampling" [stack: 0x00007f2fc23e4000,0x00007f2fc24e4000] [id=14160]

Threads with active compile tasks:

VM state:at safepoint (normal execution)

VM Mutex/Monitor currently owned by a thread:  ([mutex/lock_event])
[0x00007f301400e5b0] Threads_lock - owner thread: 0x00007f3014327000
[0x00007f301400ed90] Heap_lock - owner thread: 0x00007f3014012800

Heap address: 0x0000000412800000, size: 16088 MB, Compressed Oops mode: Zero based, Oop shift amount: 3
Narrow klass base: 0x0000000800000000, Narrow klass shift: 3
Compressed class space size: 1073741824 Address: 0x0000000801129000

Heap:
 garbage-first heap   total 3121152K, used 187307K [0x0000000412800000, 0x0000000800000000)
  region size 4096K, 3 young (12288K), 3 survivors (12288K)
 Metaspace       used 1091K, capacity 5017K, committed 5376K, reserved 1056768K
  class space    used 56K, capacity 424K, committed 512K, reserved 1048576K
Heap Regions: E=young(eden), S=young(survivor), O=old, HS=humongous(starts), HC=humongous(continues), CS=collection set, F=free, A=archive, TAMS=top-at-mark-start (previous, next)
|   0|0x0000000412800000, 0x0000000412c00000, 0x0000000412c00000|100%| O|  |TAMS 0x0000000412800000, 0x0000000412800000| Untracked 
|   1|0x0000000412c00000, 0x0000000413000000, 0x0000000413000000|100%| O|  |TAMS 0x0000000412c00000, 0x0000000412c00000| Untracked 
|   2|0x0000000413000000, 0x0000000413400000, 0x0000000413400000|100%| O|  |TAMS 0x0000000413000000, 0x0000000413000000| Untracked 
|   3|0x0000000413400000, 0x0000000413800000, 0x0000000413800000|100%| O|  |TAMS 0x0000000413400000, 0x0000000413400000| Untracked 
|   4|0x0000000413800000, 0x0000000413c00000, 0x0000000413c00000|100%| O|  |TAMS 0x0000000413800000, 0x0000000413800000| Untracked 
|   5|0x0000000413c00000, 0x0000000414000000, 0x0000000414000000|100%| O|  |TAMS 0x0000000413c00000, 0x0000000413c00000| Untracked 
|   6|0x0000000414000000, 0x0000000414400000, 0x0000000414400000|100%| O|  |TAMS 0x0000000414000000, 0x0000000414000000| Untracked 
|   7|0x0000000414400000, 0x0000000414800000, 0x0000000414800000|100%| O|  |TAMS 0x0000000414400000, 0x0000000414400000| Untracked 
|   8|0x0000000414800000, 0x0000000414c00000, 0x0000000414c00000|100%| O|  |TAMS 0x0000000414800000, 0x0000000414800000| Untracked 
|   9|0x0000000414c00000, 0x0000000415000000, 0x0000000415000000|100%| O|  |TAMS 0x0000000414c00000, 0x0000000414c00000| Untracked 
|  10|0x0000000415000000, 0x0000000415400000, 0x0000000415400000|100%| O|  |TAMS 0x0000000415000000, 0x0000000415000000| Untracked 
|  11|0x0000000415400000, 0x0000000415800000, 0x0000000415800000|100%| O|  |TAMS 0x0000000415400000, 0x0000000415400000| Untracked 
|  12|0x0000000415800000, 0x0000000415c00000, 0x0000000415c00000|100%| O|  |TAMS 0x0000000415800000, 0x0000000415800000| Untracked 
|  13|0x0000000415c00000, 0x0000000416000000, 0x0000000416000000|100%| O|  |TAMS 0x0000000415c00000, 0x0000000415c00000| Untracked 
|  14|0x0000000416000000, 0x0000000416400000, 0x0000000416400000|100%| O|  |TAMS 0x0000000416000000, 0x0000000416000000| Untracked 
|  15|0x0000000416400000, 0x0000000416800000, 0x0000000416800000|100%| O|  |TAMS 0x0000000416400000, 0x0000000416400000| Untracked 
|  16|0x0000000416800000, 0x0000000416c00000, 0x0000000416c00000|100%| O|  |TAMS 0x0000000416800000, 0x0000000416800000| Untracked 
|  17|0x0000000416c00000, 0x0000000417000000, 0x0000000417000000|100%| O|  |TAMS 0x0000000416c00000, 0x0000000416c00000| Untracked 
|  18|0x0000000417000000, 0x0000000417400000, 0x0000000417400000|100%| O|  |TAMS 0x0000000417000000, 0x0000000417000000| Untracked 
|  19|0x0000000417400000, 0x0000000417800000, 0x0000000417800000|100%| O|  |TAMS 0x0000000417400000, 0x0000000417400000| Untracked 
|  20|0x0000000417800000, 0x0000000417c00000, 0x0000000417c00000|100%| O|  |TAMS 0x0000000417800000, 0x0000000417800000| Untracked 
|  21|0x0000000417c00000, 0x0000000418000000, 0x0000000418000000|100%| O|  |TAMS 0x0000000417c00000, 0x0000000417c00000| Untracked 
|  22|0x0000000418000000, 0x0000000418400000, 0x0000000418400000|100%| O|  |TAMS 0x0000000418000000, 0x0000000418000000| Untracked 
|  23|0x0000000418400000, 0x0000000418800000, 0x0000000418800000|100%| O|  |TAMS 0x0000000418400000, 0x0000000418400000| Untracked 
|  24|0x0000000418800000, 0x0000000418c00000, 0x0000000418c00000|100%| O|  |TAMS 0x0000000418800000, 0x0000000418800000| Untracked 
|  25|0x0000000418c00000, 0x0000000419000000, 0x0000000419000000|100%| O|  |TAMS 0x0000000418c00000, 0x0000000418c00000| Untracked 
|  26|0x0000000419000000, 0x0000000419400000, 0x0000000419400000|100%| O|  |TAMS 0x0000000419000000, 0x0000000419000000| Untracked 
|  27|0x0000000419400000, 0x0000000419800000, 0x0000000419800000|100%| O|  |TAMS 0x0000000419400000, 0x0000000419400000| Untracked 
|  28|0x0000000419800000, 0x0000000419c00000, 0x0000000419c00000|100%| O|  |TAMS 0x0000000419800000, 0x0000000419800000| Untracked 
|  29|0x0000000419c00000, 0x000000041a000000, 0x000000041a000000|100%| O|  |TAMS 0x0000000419c00000, 0x0000000419c00000| Untracked 
|  30|0x000000041a000000, 0x000000041a400000, 0x000000041a400000|100%| O|  |TAMS 0x000000041a000000, 0x000000041a000000| Untracked 
|  31|0x000000041a400000, 0x000000041a800000, 0x000000041a800000|100%| O|  |TAMS 0x000000041a400000, 0x000000041a400000| Untracked 
|  32|0x000000041a800000, 0x000000041ac00000, 0x000000041ac00000|100%| O|  |TAMS 0x000000041a800000, 0x000000041a800000| Untracked 
|  33|0x000000041ac00000, 0x000000041b000000, 0x000000041b000000|100%| O|  |TAMS 0x000000041ac00000, 0x000000041ac00000| Untracked 
|  34|0x000000041b000000, 0x000000041b400000, 0x000000041b400000|100%| O|  |TAMS 0x000000041b000000, 0x000000041b000000| Untracked 
|  35|0x000000041b400000, 0x000000041b800000, 0x000000041b800000|100%| O|  |TAMS 0x000000041b400000, 0x000000041b400000| Untracked 
|  36|0x000000041b800000, 0x000000041bc00000, 0x000000041bc00000|100%| O|  |TAMS 0x000000041b800000, 0x000000041b800000| Untracked 
|  37|0x000000041bc00000, 0x000000041c000000, 0x000000041c000000|100%| O|  |TAMS 0x000000041bc00000, 0x000000041bc00000| Untracked 
|  38|0x000000041c000000, 0x000000041c400000, 0x000000041c400000|100%| O|  |TAMS 0x000000041c000000, 0x000000041c000000| Untracked 
|  39|0x000000041c400000, 0x000000041c800000, 0x000000041c800000|100%| O|  |TAMS 0x000000041c400000, 0x000000041c400000| Untracked 
|  40|0x000000041c800000, 0x000000041cc00000, 0x000000041cc00000|100%| O|  |TAMS 0x000000041c800000, 0x000000041c800000| Untracked 
|  41|0x000000041cc00000, 0x000000041cf31e00, 0x000000041d000000| 79%| O|  |TAMS 0x000000041cc00000, 0x000000041cc00000| Untracked 
|  42|0x000000041d000000, 0x000000041d000000, 0x000000041d400000|  0%| F|  |TAMS 0x000000041d000000, 0x000000041d000000| Untracked 
|  43|0x000000041d400000, 0x000000041d400000, 0x000000041d800000|  0%| F|  |TAMS 0x000000041d400000, 0x000000041d400000| Untracked 
|  44|0x000000041d800000, 0x000000041d800000, 0x000000041dc00000|  0%| F|  |TAMS 0x000000041d800000, 0x000000041d800000| Untracked 
|  45|0x000000041dc00000, 0x000000041dc00000, 0x000000041e000000|  0%| F|  |TAMS 0x000000041dc00000, 0x000000041dc00000| Untracked 
|  46|0x000000041e000000, 0x000000041e000000, 0x000000041e400000|  0%| F|  |TAMS 0x000000041e000000, 0x000000041e000000| Untracked 
|  47|0x000000041e400000, 0x000000041e400000, 0x000000041e800000|  0%| F|  |TAMS 0x000000041e400000, 0x000000041e400000| Untracked 
|  48|0x000000041e800000, 0x000000041e800000, 0x000000041ec00000|  0%| F|  |TAMS 0x000000041e800000, 0x000000041e800000| Untracked 
|  49|0x000000041ec00000, 0x000000041ec00000, 0x000000041f000000|  0%| F|  |TAMS 0x000000041ec00000, 0x000000041ec00000| Untracked 
|  50|0x000000041f000000, 0x000000041f000000, 0x000000041f400000|  0%| F|  |TAMS 0x000000041f000000, 0x000000041f000000| Untracked 
|  51|0x000000041f400000, 0x000000041f400000, 0x000000041f800000|  0%| F|  |TAMS 0x000000041f400000, 0x000000041f400000| Untracked 
|  52|0x000000041f800000, 0x000000041f800000, 0x000000041fc00000|  0%| F|  |TAMS 0x000000041f800000, 0x000000041f800000| Untracked 
|  53|0x000000041fc00000, 0x000000041fc00000, 0x0000000420000000|  0%| F|  |TAMS 0x000000041fc00000, 0x000000041fc00000| Untracked 
|  54|0x0000000420000000, 0x0000000420000000, 0x0000000420400000|  0%| F|  |TAMS 0x0000000420000000, 0x0000000420000000| Untracked 
|  55|0x0000000420400000, 0x0000000420400000, 0x0000000420800000|  0%| F|  |TAMS 0x0000000420400000, 0x0000000420400000| Untracked 
|  56|0x0000000420800000, 0x0000000420800000, 0x0000000420c00000|  0%| F|  |TAMS 0x0000000420800000, 0x0000000420800000| Untracked 
|  57|0x0000000420c00000, 0x0000000420c00000, 0x0000000421000000|  0%| F|  |TAMS 0x0000000420c00000, 0x0000000420c00000| Untracked 
|  58|0x0000000421000000, 0x0000000421000000, 0x0000000421400000|  0%| F|  |TAMS 0x0000000421000000, 0x0000000421000000| Untracked 
|  59|0x0000000421400000, 0x0000000421400000, 0x0000000421800000|  0%| F|  |TAMS 0x0000000421400000, 0x0000000421400000| Untracked 
|  60|0x0000000421800000, 0x0000000421800000, 0x0000000421c00000|  0%| F|  |TAMS 0x0000000421800000, 0x0000000421800000| Untracked 
|  61|0x0000000421c00000, 0x0000000421c00000, 0x0000000422000000|  0%| F|  |TAMS 0x0000000421c00000, 0x0000000421c00000| Untracked 
|  62|0x0000000422000000, 0x0000000422000000, 0x0000000422400000|  0%| F|  |TAMS 0x0000000422000000, 0x0000000422000000| Untracked 
|  63|0x0000000422400000, 0x0000000422400000, 0x0000000422800000|  0%| F|  |TAMS 0x0000000422400000, 0x0000000422400000| Untracked 
|  64|0x0000000422800000, 0x0000000422800000, 0x0000000422c00000|  0%| F|  |TAMS 0x0000000422800000, 0x0000000422800000| Untracked 
|  65|0x0000000422c00000, 0x0000000422c00000, 0x0000000423000000|  0%| F|  |TAMS 0x0000000422c00000, 0x0000000422c00000| Untracked 
|  66|0x0000000423000000, 0x0000000423000000, 0x0000000423400000|  0%| F|  |TAMS 0x0000000423000000, 0x0000000423000000| Untracked 
|  67|0x0000000423400000, 0x0000000423400000, 0x0000000423800000|  0%| F|  |TAMS 0x0000000423400000, 0x0000000423400000| Untracked 
|  68|0x0000000423800000, 0x0000000423800000, 0x0000000423c00000|  0%| F|  |TAMS 0x0000000423800000, 0x0000000423800000| Untracked 
|  69|0x0000000423c00000, 0x0000000423c00000, 0x0000000424000000|  0%| F|  |TAMS 0x0000000423c00000, 0x0000000423c00000| Untracked 
|  70|0x0000000424000000, 0x0000000424000000, 0x0000000424400000|  0%| F|  |TAMS 0x0000000424000000, 0x0000000424000000| Untracked 
|  71|0x0000000424400000, 0x0000000424400000, 0x0000000424800000|  0%| F|  |TAMS 0x0000000424400000, 0x0000000424400000| Untracked 
|  72|0x0000000424800000, 0x0000000424800000, 0x0000000424c00000|  0%| F|  |TAMS 0x0000000424800000, 0x0000000424800000| Untracked 
|  73|0x0000000424c00000, 0x0000000424c00000, 0x0000000425000000|  0%| F|  |TAMS 0x0000000424c00000, 0x0000000424c00000| Untracked 
|  74|0x0000000425000000, 0x0000000425000000, 0x0000000425400000|  0%| F|  |TAMS 0x0000000425000000, 0x0000000425000000| Untracked 
|  75|0x0000000425400000, 0x0000000425400000, 0x0000000425800000|  0%| F|  |TAMS 0x0000000425400000, 0x0000000425400000| Untracked 
|  76|0x0000000425800000, 0x0000000425800000, 0x0000000425c00000|  0%| F|  |TAMS 0x0000000425800000, 0x0000000425800000| Untracked 
|  77|0x0000000425c00000, 0x0000000425c00000, 0x0000000426000000|  0%| F|  |TAMS 0x0000000425c00000, 0x0000000425c00000| Untracked 
|  78|0x0000000426000000, 0x0000000426000000, 0x0000000426400000|  0%| F|  |TAMS 0x0000000426000000, 0x0000000426000000| Untracked 
|  79|0x0000000426400000, 0x0000000426400000, 0x0000000426800000|  0%| F|  |TAMS 0x0000000426400000, 0x0000000426400000| Untracked 
|  80|0x0000000426800000, 0x0000000426800000, 0x0000000426c00000|  0%| F|  |TAMS 0x0000000426800000, 0x0000000426800000| Untracked 
|  81|0x0000000426c00000, 0x0000000426c00000, 0x0000000427000000|  0%| F|  |TAMS 0x0000000426c00000, 0x0000000426c00000| Untracked 
|  82|0x0000000427000000, 0x0000000427000000, 0x0000000427400000|  0%| F|  |TAMS 0x0000000427000000, 0x0000000427000000| Untracked 
|  83|0x0000000427400000, 0x0000000427400000, 0x0000000427800000|  0%| F|  |TAMS 0x0000000427400000, 0x0000000427400000| Untracked 
|  84|0x0000000427800000, 0x0000000427800000, 0x0000000427c00000|  0%| F|  |TAMS 0x0000000427800000, 0x0000000427800000| Untracked 
|  85|0x0000000427c00000, 0x0000000427c00000, 0x0000000428000000|  0%| F|  |TAMS 0x0000000427c00000, 0x0000000427c00000| Untracked 
|  86|0x0000000428000000, 0x0000000428000000, 0x0000000428400000|  0%| F|  |TAMS 0x0000000428000000, 0x0000000428000000| Untracked 
|  87|0x0000000428400000, 0x0000000428400000, 0x0000000428800000|  0%| F|  |TAMS 0x0000000428400000, 0x0000000428400000| Untracked 
|  88|0x0000000428800000, 0x0000000428800000, 0x0000000428c00000|  0%| F|  |TAMS 0x0000000428800000, 0x0000000428800000| Untracked 
|  89|0x0000000428c00000, 0x0000000428c00000, 0x0000000429000000|  0%| F|  |TAMS 0x0000000428c00000, 0x0000000428c00000| Untracked 
|  90|0x0000000429000000, 0x0000000429000000, 0x0000000429400000|  0%| F|  |TAMS 0x0000000429000000, 0x0000000429000000| Untracked 
|  91|0x0000000429400000, 0x0000000429400000, 0x0000000429800000|  0%| F|  |TAMS 0x0000000429400000, 0x0000000429400000| Untracked 
|  92|0x0000000429800000, 0x0000000429800000, 0x0000000429c00000|  0%| F|  |TAMS 0x0000000429800000, 0x0000000429800000| Untracked 
|  93|0x0000000429c00000, 0x0000000429c00000, 0x000000042a000000|  0%| F|  |TAMS 0x0000000429c00000, 0x0000000429c00000| Untracked 
|  94|0x000000042a000000, 0x000000042a000000, 0x000000042a400000|  0%| F|  |TAMS 0x000000042a000000, 0x000000042a000000| Untracked 
|  95|0x000000042a400000, 0x000000042a400000, 0x000000042a800000|  0%| F|  |TAMS 0x000000042a400000, 0x000000042a400000| Untracked 
|  96|0x000000042a800000, 0x000000042a800000, 0x000000042ac00000|  0%| F|  |TAMS 0x000000042a800000, 0x000000042a800000| Untracked 
|  97|0x000000042ac00000, 0x000000042ac00000, 0x000000042b000000|  0%| F|  |TAMS 0x000000042ac00000, 0x000000042ac00000| Untracked 
|  98|0x000000042b000000, 0x000000042b000000, 0x000000042b400000|  0%| F|  |TAMS 0x000000042b000000, 0x000000042b000000| Untracked 
|  99|0x000000042b400000, 0x000000042b400000, 0x000000042b800000|  0%| F|  |TAMS 0x000000042b400000, 0x000000042b400000| Untracked 
| 100|0x000000042b800000, 0x000000042b800000, 0x000000042bc00000|  0%| F|  |TAMS 0x000000042b800000, 0x000000042b800000| Untracked 
| 101|0x000000042bc00000, 0x000000042bc00000, 0x000000042c000000|  0%| F|  |TAMS 0x000000042bc00000, 0x000000042bc00000| Untracked 
| 102|0x000000042c000000, 0x000000042c000000, 0x000000042c400000|  0%| F|  |TAMS 0x000000042c000000, 0x000000042c000000| Untracked 
| 103|0x000000042c400000, 0x000000042c400000, 0x000000042c800000|  0%| F|  |TAMS 0x000000042c400000, 0x000000042c400000| Untracked 
| 104|0x000000042c800000, 0x000000042c800000, 0x000000042cc00000|  0%| F|  |TAMS 0x000000042c800000, 0x000000042c800000| Untracked 
| 105|0x000000042cc00000, 0x000000042cc00000, 0x000000042d000000|  0%| F|  |TAMS 0x000000042cc00000, 0x000000042cc00000| Untracked 
| 106|0x000000042d000000, 0x000000042d000000, 0x000000042d400000|  0%| F|  |TAMS 0x000000042d000000, 0x000000042d000000| Untracked 
| 107|0x000000042d400000, 0x000000042d400000, 0x000000042d800000|  0%| F|  |TAMS 0x000000042d400000, 0x000000042d400000| Untracked 
| 108|0x000000042d800000, 0x000000042d800000, 0x000000042dc00000|  0%| F|  |TAMS 0x000000042d800000, 0x000000042d800000| Untracked 
| 109|0x000000042dc00000, 0x000000042dc00000, 0x000000042e000000|  0%| F|  |TAMS 0x000000042dc00000, 0x000000042dc00000| Untracked 
| 110|0x000000042e000000, 0x000000042e000000, 0x000000042e400000|  0%| F|  |TAMS 0x000000042e000000, 0x000000042e000000| Untracked 
| 111|0x000000042e400000, 0x000000042e400000, 0x000000042e800000|  0%| F|  |TAMS 0x000000042e400000, 0x000000042e400000| Untracked 
| 112|0x000000042e800000, 0x000000042e800000, 0x000000042ec00000|  0%| F|  |TAMS 0x000000042e800000, 0x000000042e800000| Untracked 
| 113|0x000000042ec00000, 0x000000042ec00000, 0x000000042f000000|  0%| F|  |TAMS 0x000000042ec00000, 0x000000042ec00000| Untracked 
| 114|0x000000042f000000, 0x000000042f000000, 0x000000042f400000|  0%| F|  |TAMS 0x000000042f000000, 0x000000042f000000| Untracked 
| 115|0x000000042f400000, 0x000000042f400000, 0x000000042f800000|  0%| F|  |TAMS 0x000000042f400000, 0x000000042f400000| Untracked 
| 116|0x000000042f800000, 0x000000042f800000, 0x000000042fc00000|  0%| F|  |TAMS 0x000000042f800000, 0x000000042f800000| Untracked 
| 117|0x000000042fc00000, 0x000000042fc00000, 0x0000000430000000|  0%| F|  |TAMS 0x000000042fc00000, 0x000000042fc00000| Untracked 
| 118|0x0000000430000000, 0x0000000430000000, 0x0000000430400000|  0%| F|  |TAMS 0x0000000430000000, 0x0000000430000000| Untracked 
| 119|0x0000000430400000, 0x0000000430400000, 0x0000000430800000|  0%| F|  |TAMS 0x0000000430400000, 0x0000000430400000| Untracked 
| 120|0x0000000430800000, 0x0000000430800000, 0x0000000430c00000|  0%| F|  |TAMS 0x0000000430800000, 0x0000000430800000| Untracked 
| 121|0x0000000430c00000, 0x0000000430c00000, 0x0000000431000000|  0%| F|  |TAMS 0x0000000430c00000, 0x0000000430c00000| Untracked 
| 122|0x0000000431000000, 0x0000000431000000, 0x0000000431400000|  0%| F|  |TAMS 0x0000000431000000, 0x0000000431000000| Untracked 
| 123|0x0000000431400000, 0x0000000431400000, 0x0000000431800000|  0%| F|  |TAMS 0x0000000431400000, 0x0000000431400000| Untracked 
| 124|0x0000000431800000, 0x0000000431800000, 0x0000000431c00000|  0%| F|  |TAMS 0x0000000431800000, 0x0000000431800000| Untracked 
| 125|0x0000000431c00000, 0x0000000431c00000, 0x0000000432000000|  0%| F|  |TAMS 0x0000000431c00000, 0x0000000431c00000| Untracked 
| 126|0x0000000432000000, 0x0000000432000000, 0x0000000432400000|  0%| F|  |TAMS 0x0000000432000000, 0x0000000432000000| Untracked 
| 127|0x0000000432400000, 0x0000000432400000, 0x0000000432800000|  0%| F|  |TAMS 0x0000000432400000, 0x0000000432400000| Untracked 
| 128|0x0000000432800000, 0x0000000432800000, 0x0000000432c00000|  0%| F|  |TAMS 0x0000000432800000, 0x0000000432800000| Untracked 
| 129|0x0000000432c00000, 0x0000000432c00000, 0x0000000433000000|  0%| F|  |TAMS 0x0000000432c00000, 0x0000000432c00000| Untracked 
| 130|0x0000000433000000, 0x0000000433000000, 0x0000000433400000|  0%| F|  |TAMS 0x0000000433000000, 0x0000000433000000| Untracked 
| 131|0x0000000433400000, 0x0000000433400000, 0x0000000433800000|  0%| F|  |TAMS 0x0000000433400000, 0x0000000433400000| Untracked 
| 132|0x0000000433800000, 0x0000000433800000, 0x0000000433c00000|  0%| F|  |TAMS 0x0000000433800000, 0x0000000433800000| Untracked 
| 133|0x0000000433c00000, 0x0000000433c00000, 0x0000000434000000|  0%| F|  |TAMS 0x0000000433c00000, 0x0000000433c00000| Untracked 
| 134|0x0000000434000000, 0x0000000434000000, 0x0000000434400000|  0%| F|  |TAMS 0x0000000434000000, 0x0000000434000000| Untracked 
| 135|0x0000000434400000, 0x0000000434400000, 0x0000000434800000|  0%| F|  |TAMS 0x0000000434400000, 0x0000000434400000| Untracked 
| 136|0x0000000434800000, 0x0000000434800000, 0x0000000434c00000|  0%| F|  |TAMS 0x0000000434800000, 0x0000000434800000| Untracked 
| 137|0x0000000434c00000, 0x0000000434c00000, 0x0000000435000000|  0%| F|  |TAMS 0x0000000434c00000, 0x0000000434c00000| Untracked 
| 138|0x0000000435000000, 0x0000000435000000, 0x0000000435400000|  0%| F|  |TAMS 0x0000000435000000, 0x0000000435000000| Untracked 
| 139|0x0000000435400000, 0x0000000435400000, 0x0000000435800000|  0%| F|  |TAMS 0x0000000435400000, 0x0000000435400000| Untracked 
| 140|0x0000000435800000, 0x0000000435800000, 0x0000000435c00000|  0%| F|  |TAMS 0x0000000435800000, 0x0000000435800000| Untracked 
| 141|0x0000000435c00000, 0x0000000435c00000, 0x0000000436000000|  0%| F|  |TAMS 0x0000000435c00000, 0x0000000435c00000| Untracked 
| 142|0x0000000436000000, 0x0000000436000000, 0x0000000436400000|  0%| F|  |TAMS 0x0000000436000000, 0x0000000436000000| Untracked 
| 143|0x0000000436400000, 0x0000000436400000, 0x0000000436800000|  0%| F|  |TAMS 0x0000000436400000, 0x0000000436400000| Untracked 
| 144|0x0000000436800000, 0x0000000436800000, 0x0000000436c00000|  0%| F|  |TAMS 0x0000000436800000, 0x0000000436800000| Untracked 
| 145|0x0000000436c00000, 0x0000000436c00000, 0x0000000437000000|  0%| F|  |TAMS 0x0000000436c00000, 0x0000000436c00000| Untracked 
| 146|0x0000000437000000, 0x0000000437000000, 0x0000000437400000|  0%| F|  |TAMS 0x0000000437000000, 0x0000000437000000| Untracked 
| 147|0x0000000437400000, 0x0000000437400000, 0x0000000437800000|  0%| F|  |TAMS 0x0000000437400000, 0x0000000437400000| Untracked 
| 148|0x0000000437800000, 0x0000000437800000, 0x0000000437c00000|  0%| F|  |TAMS 0x0000000437800000, 0x0000000437800000| Untracked 
| 149|0x0000000437c00000, 0x0000000437c00000, 0x0000000438000000|  0%| F|  |TAMS 0x0000000437c00000, 0x0000000437c00000| Untracked 
| 150|0x0000000438000000, 0x0000000438000000, 0x0000000438400000|  0%| F|  |TAMS 0x0000000438000000, 0x0000000438000000| Untracked 
| 151|0x0000000438400000, 0x0000000438400000, 0x0000000438800000|  0%| F|  |TAMS 0x0000000438400000, 0x0000000438400000| Untracked 
| 152|0x0000000438800000, 0x0000000438800000, 0x0000000438c00000|  0%| F|  |TAMS 0x0000000438800000, 0x0000000438800000| Untracked 
| 153|0x0000000438c00000, 0x0000000438c00000, 0x0000000439000000|  0%| F|  |TAMS 0x0000000438c00000, 0x0000000438c00000| Untracked 
| 154|0x0000000439000000, 0x0000000439000000, 0x0000000439400000|  0%| F|  |TAMS 0x0000000439000000, 0x0000000439000000| Untracked 
| 155|0x0000000439400000, 0x0000000439400000, 0x0000000439800000|  0%| F|  |TAMS 0x0000000439400000, 0x0000000439400000| Untracked 
| 156|0x0000000439800000, 0x0000000439800000, 0x0000000439c00000|  0%| F|  |TAMS 0x0000000439800000, 0x0000000439800000| Untracked 
| 157|0x0000000439c00000, 0x0000000439c00000, 0x000000043a000000|  0%| F|  |TAMS 0x0000000439c00000, 0x0000000439c00000| Untracked 
| 158|0x000000043a000000, 0x000000043a000000, 0x000000043a400000|  0%| F|  |TAMS 0x000000043a000000, 0x000000043a000000| Untracked 
| 159|0x000000043a400000, 0x000000043a400000, 0x000000043a800000|  0%| F|  |TAMS 0x000000043a400000, 0x000000043a400000| Untracked 
| 160|0x000000043a800000, 0x000000043a800000, 0x000000043ac00000|  0%| F|  |TAMS 0x000000043a800000, 0x000000043a800000| Untracked 
| 161|0x000000043ac00000, 0x000000043ac00000, 0x000000043b000000|  0%| F|  |TAMS 0x000000043ac00000, 0x000000043ac00000| Untracked 
| 162|0x000000043b000000, 0x000000043b000000, 0x000000043b400000|  0%| F|  |TAMS 0x000000043b000000, 0x000000043b000000| Untracked 
| 163|0x000000043b400000, 0x000000043b400000, 0x000000043b800000|  0%| F|  |TAMS 0x000000043b400000, 0x000000043b400000| Untracked 
| 164|0x000000043b800000, 0x000000043b800000, 0x000000043bc00000|  0%| F|  |TAMS 0x000000043b800000, 0x000000043b800000| Untracked 
| 165|0x000000043bc00000, 0x000000043bc00000, 0x000000043c000000|  0%| F|  |TAMS 0x000000043bc00000, 0x000000043bc00000| Untracked 
| 166|0x000000043c000000, 0x000000043c000000, 0x000000043c400000|  0%| F|  |TAMS 0x000000043c000000, 0x000000043c000000| Untracked 
| 167|0x000000043c400000, 0x000000043c400000, 0x000000043c800000|  0%| F|  |TAMS 0x000000043c400000, 0x000000043c400000| Untracked 
| 168|0x000000043c800000, 0x000000043c800000, 0x000000043cc00000|  0%| F|  |TAMS 0x000000043c800000, 0x000000043c800000| Untracked 
| 169|0x000000043cc00000, 0x000000043cc00000, 0x000000043d000000|  0%| F|  |TAMS 0x000000043cc00000, 0x000000043cc00000| Untracked 
| 170|0x000000043d000000, 0x000000043d000000, 0x000000043d400000|  0%| F|  |TAMS 0x000000043d000000, 0x000000043d000000| Untracked 
| 171|0x000000043d400000, 0x000000043d400000, 0x000000043d800000|  0%| F|  |TAMS 0x000000043d400000, 0x000000043d400000| Untracked 
| 172|0x000000043d800000, 0x000000043d800000, 0x000000043dc00000|  0%| F|  |TAMS 0x000000043d800000, 0x000000043d800000| Untracked 
| 173|0x000000043dc00000, 0x000000043dc00000, 0x000000043e000000|  0%| F|  |TAMS 0x000000043dc00000, 0x000000043dc00000| Untracked 
| 174|0x000000043e000000, 0x000000043e000000, 0x000000043e400000|  0%| F|  |TAMS 0x000000043e000000, 0x000000043e000000| Untracked 
| 175|0x000000043e400000, 0x000000043e400000, 0x000000043e800000|  0%| F|  |TAMS 0x000000043e400000, 0x000000043e400000| Untracked 
| 176|0x000000043e800000, 0x000000043e800000, 0x000000043ec00000|  0%| F|  |TAMS 0x000000043e800000, 0x000000043e800000| Untracked 
| 177|0x000000043ec00000, 0x000000043ec00000, 0x000000043f000000|  0%| F|  |TAMS 0x000000043ec00000, 0x000000043ec00000| Untracked 
| 178|0x000000043f000000, 0x000000043f000000, 0x000000043f400000|  0%| F|  |TAMS 0x000000043f000000, 0x000000043f000000| Untracked 
| 179|0x000000043f400000, 0x000000043f400000, 0x000000043f800000|  0%| F|  |TAMS 0x000000043f400000, 0x000000043f400000| Untracked 
| 180|0x000000043f800000, 0x000000043f800000, 0x000000043fc00000|  0%| F|  |TAMS 0x000000043f800000, 0x000000043f800000| Untracked 
| 181|0x000000043fc00000, 0x000000043fc00000, 0x0000000440000000|  0%| F|  |TAMS 0x000000043fc00000, 0x000000043fc00000| Untracked 
| 182|0x0000000440000000, 0x0000000440000000, 0x0000000440400000|  0%| F|  |TAMS 0x0000000440000000, 0x0000000440000000| Untracked 
| 183|0x0000000440400000, 0x0000000440400000, 0x0000000440800000|  0%| F|  |TAMS 0x0000000440400000, 0x0000000440400000| Untracked 
| 184|0x0000000440800000, 0x0000000440800000, 0x0000000440c00000|  0%| F|  |TAMS 0x0000000440800000, 0x0000000440800000| Untracked 
| 185|0x0000000440c00000, 0x0000000440c00000, 0x0000000441000000|  0%| F|  |TAMS 0x0000000440c00000, 0x0000000440c00000| Untracked 
| 186|0x0000000441000000, 0x0000000441000000, 0x0000000441400000|  0%| F|  |TAMS 0x0000000441000000, 0x0000000441000000| Untracked 
| 187|0x0000000441400000, 0x0000000441400000, 0x0000000441800000|  0%| F|  |TAMS 0x0000000441400000, 0x0000000441400000| Untracked 
| 188|0x0000000441800000, 0x0000000441800000, 0x0000000441c00000|  0%| F|  |TAMS 0x0000000441800000, 0x0000000441800000| Untracked 
| 189|0x0000000441c00000, 0x0000000441c00000, 0x0000000442000000|  0%| F|  |TAMS 0x0000000441c00000, 0x0000000441c00000| Untracked 
| 190|0x0000000442000000, 0x0000000442000000, 0x0000000442400000|  0%| F|  |TAMS 0x0000000442000000, 0x0000000442000000| Untracked 
| 191|0x0000000442400000, 0x0000000442400000, 0x0000000442800000|  0%| F|  |TAMS 0x0000000442400000, 0x0000000442400000| Untracked 
| 192|0x0000000442800000, 0x0000000442800000, 0x0000000442c00000|  0%| F|  |TAMS 0x0000000442800000, 0x0000000442800000| Untracked 
| 193|0x0000000442c00000, 0x0000000442c00000, 0x0000000443000000|  0%| F|  |TAMS 0x0000000442c00000, 0x0000000442c00000| Untracked 
| 194|0x0000000443000000, 0x0000000443000000, 0x0000000443400000|  0%| F|  |TAMS 0x0000000443000000, 0x0000000443000000| Untracked 
| 195|0x0000000443400000, 0x0000000443400000, 0x0000000443800000|  0%| F|  |TAMS 0x0000000443400000, 0x0000000443400000| Untracked 
| 196|0x0000000443800000, 0x0000000443800000, 0x0000000443c00000|  0%| F|  |TAMS 0x0000000443800000, 0x0000000443800000| Untracked 
| 197|0x0000000443c00000, 0x0000000443c00000, 0x0000000444000000|  0%| F|  |TAMS 0x0000000443c00000, 0x0000000443c00000| Untracked 
| 198|0x0000000444000000, 0x0000000444000000, 0x0000000444400000|  0%| F|  |TAMS 0x0000000444000000, 0x0000000444000000| Untracked 
| 199|0x0000000444400000, 0x0000000444400000, 0x0000000444800000|  0%| F|  |TAMS 0x0000000444400000, 0x0000000444400000| Untracked 
| 200|0x0000000444800000, 0x0000000444800000, 0x0000000444c00000|  0%| F|  |TAMS 0x0000000444800000, 0x0000000444800000| Untracked 
| 201|0x0000000444c00000, 0x0000000444c00000, 0x0000000445000000|  0%| F|  |TAMS 0x0000000444c00000, 0x0000000444c00000| Untracked 
| 202|0x0000000445000000, 0x0000000445000000, 0x0000000445400000|  0%| F|  |TAMS 0x0000000445000000, 0x0000000445000000| Untracked 
| 203|0x0000000445400000, 0x0000000445400000, 0x0000000445800000|  0%| F|  |TAMS 0x0000000445400000, 0x0000000445400000| Untracked 
| 204|0x0000000445800000, 0x0000000445800000, 0x0000000445c00000|  0%| F|  |TAMS 0x0000000445800000, 0x0000000445800000| Untracked 
| 205|0x0000000445c00000, 0x0000000445c00000, 0x0000000446000000|  0%| F|  |TAMS 0x0000000445c00000, 0x0000000445c00000| Untracked 
| 206|0x0000000446000000, 0x0000000446000000, 0x0000000446400000|  0%| F|  |TAMS 0x0000000446000000, 0x0000000446000000| Untracked 
| 207|0x0000000446400000, 0x0000000446400000, 0x0000000446800000|  0%| F|  |TAMS 0x0000000446400000, 0x0000000446400000| Untracked 
| 208|0x0000000446800000, 0x0000000446800000, 0x0000000446c00000|  0%| F|  |TAMS 0x0000000446800000, 0x0000000446800000| Untracked 
| 209|0x0000000446c00000, 0x0000000446c00000, 0x0000000447000000|  0%| F|  |TAMS 0x0000000446c00000, 0x0000000446c00000| Untracked 
| 210|0x0000000447000000, 0x0000000447000000, 0x0000000447400000|  0%| F|  |TAMS 0x0000000447000000, 0x0000000447000000| Untracked 
| 211|0x0000000447400000, 0x0000000447400000, 0x0000000447800000|  0%| F|  |TAMS 0x0000000447400000, 0x0000000447400000| Untracked 
| 212|0x0000000447800000, 0x0000000447800000, 0x0000000447c00000|  0%| F|  |TAMS 0x0000000447800000, 0x0000000447800000| Untracked 
| 213|0x0000000447c00000, 0x0000000447c00000, 0x0000000448000000|  0%| F|  |TAMS 0x0000000447c00000, 0x0000000447c00000| Untracked 
| 214|0x0000000448000000, 0x0000000448000000, 0x0000000448400000|  0%| F|  |TAMS 0x0000000448000000, 0x0000000448000000| Untracked 
| 215|0x0000000448400000, 0x0000000448400000, 0x0000000448800000|  0%| F|  |TAMS 0x0000000448400000, 0x0000000448400000| Untracked 
| 216|0x0000000448800000, 0x0000000448800000, 0x0000000448c00000|  0%| F|  |TAMS 0x0000000448800000, 0x0000000448800000| Untracked 
| 217|0x0000000448c00000, 0x0000000448c00000, 0x0000000449000000|  0%| F|  |TAMS 0x0000000448c00000, 0x0000000448c00000| Untracked 
| 218|0x0000000449000000, 0x0000000449000000, 0x0000000449400000|  0%| F|  |TAMS 0x0000000449000000, 0x0000000449000000| Untracked 
| 219|0x0000000449400000, 0x0000000449400000, 0x0000000449800000|  0%| F|  |TAMS 0x0000000449400000, 0x0000000449400000| Untracked 
| 220|0x0000000449800000, 0x0000000449800000, 0x0000000449c00000|  0%| F|  |TAMS 0x0000000449800000, 0x0000000449800000| Untracked 
| 221|0x0000000449c00000, 0x0000000449c00000, 0x000000044a000000|  0%| F|  |TAMS 0x0000000449c00000, 0x0000000449c00000| Untracked 
| 222|0x000000044a000000, 0x000000044a000000, 0x000000044a400000|  0%| F|  |TAMS 0x000000044a000000, 0x000000044a000000| Untracked 
| 223|0x000000044a400000, 0x000000044a400000, 0x000000044a800000|  0%| F|  |TAMS 0x000000044a400000, 0x000000044a400000| Untracked 
| 224|0x000000044a800000, 0x000000044a800000, 0x000000044ac00000|  0%| F|  |TAMS 0x000000044a800000, 0x000000044a800000| Untracked 
| 225|0x000000044ac00000, 0x000000044ac00000, 0x000000044b000000|  0%| F|  |TAMS 0x000000044ac00000, 0x000000044ac00000| Untracked 
| 226|0x000000044b000000, 0x000000044b000000, 0x000000044b400000|  0%| F|  |TAMS 0x000000044b000000, 0x000000044b000000| Untracked 
| 227|0x000000044b400000, 0x000000044b400000, 0x000000044b800000|  0%| F|  |TAMS 0x000000044b400000, 0x000000044b400000| Untracked 
| 228|0x000000044b800000, 0x000000044b800000, 0x000000044bc00000|  0%| F|  |TAMS 0x000000044b800000, 0x000000044b800000| Untracked 
| 229|0x000000044bc00000, 0x000000044bc00000, 0x000000044c000000|  0%| F|  |TAMS 0x000000044bc00000, 0x000000044bc00000| Untracked 
| 230|0x000000044c000000, 0x000000044c000000, 0x000000044c400000|  0%| F|  |TAMS 0x000000044c000000, 0x000000044c000000| Untracked 
| 231|0x000000044c400000, 0x000000044c400000, 0x000000044c800000|  0%| F|  |TAMS 0x000000044c400000, 0x000000044c400000| Untracked 
| 232|0x000000044c800000, 0x000000044c800000, 0x000000044cc00000|  0%| F|  |TAMS 0x000000044c800000, 0x000000044c800000| Untracked 
| 233|0x000000044cc00000, 0x000000044cc00000, 0x000000044d000000|  0%| F|  |TAMS 0x000000044cc00000, 0x000000044cc00000| Untracked 
| 234|0x000000044d000000, 0x000000044d000000, 0x000000044d400000|  0%| F|  |TAMS 0x000000044d000000, 0x000000044d000000| Untracked 
| 235|0x000000044d400000, 0x000000044d400000, 0x000000044d800000|  0%| F|  |TAMS 0x000000044d400000, 0x000000044d400000| Untracked 
| 236|0x000000044d800000, 0x000000044d800000, 0x000000044dc00000|  0%| F|  |TAMS 0x000000044d800000, 0x000000044d800000| Untracked 
| 237|0x000000044dc00000, 0x000000044dc00000, 0x000000044e000000|  0%| F|  |TAMS 0x000000044dc00000, 0x000000044dc00000| Untracked 
| 238|0x000000044e000000, 0x000000044e000000, 0x000000044e400000|  0%| F|  |TAMS 0x000000044e000000, 0x000000044e000000| Untracked 
| 239|0x000000044e400000, 0x000000044e400000, 0x000000044e800000|  0%| F|  |TAMS 0x000000044e400000, 0x000000044e400000| Untracked 
| 240|0x000000044e800000, 0x000000044e800000, 0x000000044ec00000|  0%| F|  |TAMS 0x000000044e800000, 0x000000044e800000| Untracked 
| 241|0x000000044ec00000, 0x000000044ec00000, 0x000000044f000000|  0%| F|  |TAMS 0x000000044ec00000, 0x000000044ec00000| Untracked 
| 242|0x000000044f000000, 0x000000044f000000, 0x000000044f400000|  0%| F|  |TAMS 0x000000044f000000, 0x000000044f000000| Untracked 
| 243|0x000000044f400000, 0x000000044f400000, 0x000000044f800000|  0%| F|  |TAMS 0x000000044f400000, 0x000000044f400000| Untracked 
| 244|0x000000044f800000, 0x000000044f800000, 0x000000044fc00000|  0%| F|  |TAMS 0x000000044f800000, 0x000000044f800000| Untracked 
| 245|0x000000044fc00000, 0x000000044fc00000, 0x0000000450000000|  0%| F|  |TAMS 0x000000044fc00000, 0x000000044fc00000| Untracked 
| 246|0x0000000450000000, 0x0000000450400000, 0x0000000450400000|100%| S|CS|TAMS 0x0000000450000000, 0x0000000450000000| Complete 
| 247|0x0000000450400000, 0x0000000450800000, 0x0000000450800000|100%| S|CS|TAMS 0x0000000450400000, 0x0000000450400000| Complete 
| 248|0x0000000450800000, 0x0000000450c00000, 0x0000000450c00000|100%| S|CS|TAMS 0x0000000450800000, 0x0000000450800000| Complete 
| 249|0x0000000450c00000, 0x0000000450c00000, 0x0000000451000000|  0%| F|  |TAMS 0x0000000450c00000, 0x0000000450c00000| Untracked 
| 250|0x0000000451000000, 0x0000000451000000, 0x0000000451400000|  0%| F|  |TAMS 0x0000000451000000, 0x0000000451000000| Untracked 
| 251|0x0000000451400000, 0x0000000451400000, 0x0000000451800000|  0%| F|  |TAMS 0x0000000451400000, 0x0000000451400000| Untracked 
|4020|0x00000007ff800000, 0x00000007ffb47000, 0x00000007ffc00000| 81%|OA|  |TAMS 0x00000007ff800000, 0x00000007ff800000| Untracked 
|4021|0x00000007ffc00000, 0x00000007ffc72000, 0x0000000800000000| 11%|CA|  |TAMS 0x00000007ffc00000, 0x00000007ffc00000| Untracked 

Card table byte_map: [0x00007f2ff4fed000,0x00007f2ff6f59000] _byte_map_base: 0x00007f2ff2f59000

Marking Bits (Prev, Next): (CMBitMap*) 0x00007f301406fcb8, (CMBitMap*) 0x00007f301406fcf8
 Prev Bits: [0x00007f2fe3521000, 0x00007f2ff3081000)
 Next Bits: [0x00007f2fd39c1000, 0x00007f2fe3521000)

Polling page: 0x00007f301aa5d000

Metaspace:

Usage:
  Non-class:      4.49 MB capacity,     1.01 MB ( 23%) used,     3.47 MB ( 77%) free+waste,   576 bytes ( <1%) overhead. 
      Class:    424.00 KB capacity,    56.97 KB ( 13%) used,   366.66 KB ( 86%) free+waste,   384 bytes ( <1%) overhead. 
       Both:      4.90 MB capacity,     1.07 MB ( 22%) used,     3.83 MB ( 78%) free+waste,   960 bytes ( <1%) overhead. 

Virtual space:
  Non-class space:        8.00 MB reserved,       4.75 MB ( 59%) committed 
      Class space:        1.00 GB reserved,     512.00 KB ( <1%) committed 
             Both:        1.01 GB reserved,       5.25 MB ( <1%) committed 

Chunk freelists:
   Non-Class:  8.88 KB
       Class:  2.50 KB
        Both:  11.38 KB

CodeHeap 'non-profiled nmethods': size=118596Kb used=467Kb max_used=467Kb free=118128Kb
 bounds [0x00007f3003707000, 0x00007f3003977000, 0x00007f300aad8000]
CodeHeap 'profiled nmethods': size=118596Kb used=954Kb max_used=954Kb free=117641Kb
 bounds [0x00007f2ffc336000, 0x00007f2ffc5a6000, 0x00007f3003707000]
CodeHeap 'non-nmethods': size=8568Kb used=1030Kb max_used=3309Kb free=7538Kb
 bounds [0x00007f2ffbad8000, 0x00007f2ffbe18000, 0x00007f2ffc336000]
 total_blobs=1045 nmethods=435 adapters=213
 compilation: enabled
              stopped_count=0, restarted_count=0
 full_count=0

Compilation events (10 events):
Event: 28.260 Thread 0x00007f3014333800  431 %     4       org.ChaffinchABC.ChaffinchABC::iterateSimulation @ 28 (79 bytes)
Event: 28.274 Thread 0x00007f3014335800  432 %     3       org.ChaffinchABC.Population::getTutors @ 253 (310 bytes)
Event: 28.275 Thread 0x00007f3014335800 nmethod 432% 0x00007f2ffc421c10 code [0x00007f2ffc421ea0, 0x00007f2ffc422da8]
Event: 28.276 Thread 0x00007f3014335800  433       3       org.ChaffinchABC.Population::getTutors (310 bytes)
Event: 28.278 Thread 0x00007f3014335800 nmethod 433 0x00007f2ffc423410 code [0x00007f2ffc4236a0, 0x00007f2ffc4244c8]
Event: 28.287 Thread 0x00007f3014333800 nmethod 431% 0x00007f3003777990 code [0x00007f3003777ba0, 0x00007f3003778668]
Event: 28.287 Thread 0x00007f3014333800  434       4       org.ChaffinchABC.Population::getTutors (310 bytes)
Event: 28.334 Thread 0x00007f3014333800 nmethod 434 0x00007f3003778e90 code [0x00007f3003779060, 0x00007f300377a038]
Event: 28.334 Thread 0x00007f3014333800  435       4       org.ChaffinchABC.ChaffinchABC::iterateSimulation (79 bytes)
Event: 28.361 Thread 0x00007f3014333800 nmethod 435 0x00007f300377a790 code [0x00007f300377a9a0, 0x00007f300377b608]

GC Heap History (10 events):
Event: 3.285 GC heap after
{Heap after GC invocations=6 (full 0):
 garbage-first heap   total 1040384K, used 51224K [0x0000000412800000, 0x0000000800000000)
  region size 4096K, 1 young (4096K), 1 survivors (4096K)
 Metaspace       used 573K, capacity 4552K, committed 4864K, reserved 1056768K
  class space    used 27K, capacity 388K, committed 512K, reserved 1048576K
}
Event: 3.650 GC heap before
{Heap before GC invocations=6 (full 0):
 garbage-first heap   total 1040384K, used 464920K [0x0000000412800000, 0x0000000800000000)
  region size 4096K, 102 young (417792K), 1 survivors (4096K)
 Metaspace       used 573K, capacity 4552K, committed 4864K, reserved 1056768K
  class space    used 27K, capacity 388K, committed 512K, reserved 1048576K
}
Event: 3.651 GC heap after
{Heap after GC invocations=7 (full 0):
 garbage-first heap   total 1040384K, used 51220K [0x0000000412800000, 0x0000000800000000)
  region size 4096K, 1 young (4096K), 1 survivors (4096K)
 Metaspace       used 573K, capacity 4552K, committed 4864K, reserved 1056768K
  class space    used 27K, capacity 388K, committed 512K, reserved 1048576K
}
Event: 4.255 GC heap before
{Heap before GC invocations=7 (full 0):
 garbage-first heap   total 1040384K, used 600084K [0x0000000412800000, 0x0000000800000000)
  region size 4096K, 135 young (552960K), 1 survivors (4096K)
 Metaspace       used 573K, capacity 4552K, committed 4864K, reserved 1056768K
  class space    used 27K, capacity 388K, committed 512K, reserved 1048576K
}
Event: 4.256 GC heap after
{Heap after GC invocations=8 (full 0):
 garbage-first heap   total 1040384K, used 51222K [0x0000000412800000, 0x0000000800000000)
  region size 4096K, 1 young (4096K), 1 survivors (4096K)
 Metaspace       used 573K, capacity 4552K, committed 4864K, reserved 1056768K
  class space    used 27K, capacity 388K, committed 512K, reserved 1048576K
}
Event: 4.830 GC heap before
{Heap before GC invocations=8 (full 0):
 garbage-first heap   total 1040384K, used 665622K [0x0000000412800000, 0x0000000800000000)
  region size 4096K, 151 young (618496K), 1 survivors (4096K)
 Metaspace       used 573K, capacity 4552K, committed 4864K, reserved 1056768K
  class space    used 27K, capacity 388K, committed 512K, reserved 1048576K
}
Event: 4.831 GC heap after
{Heap after GC invocations=9 (full 0):
 garbage-first heap   total 1040384K, used 51220K [0x0000000412800000, 0x0000000800000000)
  region size 4096K, 1 young (4096K), 1 survivors (4096K)
 Metaspace       used 573K, capacity 4552K, committed 4864K, reserved 1056768K
  class space    used 27K, capacity 388K, committed 512K, reserved 1048576K
}
Event: 39.489 GC heap before
{Heap before GC invocations=9 (full 0):
 garbage-first heap   total 1040384K, used 665620K [0x0000000412800000, 0x0000000800000000)
  region size 4096K, 151 young (618496K), 1 survivors (4096K)
 Metaspace       used 1091K, capacity 5017K, committed 5376K, reserved 1056768K
  class space    used 56K, capacity 424K, committed 512K, reserved 1048576K
}
Event: 44.553 GC heap after
{Heap after GC invocations=10 (full 0):
 garbage-first heap   total 1040384K, used 177751K [0x0000000412800000, 0x0000000800000000)
  region size 4096K, 19 young (77824K), 19 survivors (77824K)
 Metaspace       used 1091K, capacity 5017K, committed 5376K, reserved 1056768K
  class space    used 56K, capacity 424K, committed 512K, reserved 1048576K
}
Event: 45.010 GC heap before
{Heap before GC invocations=10 (full 0):
 garbage-first heap   total 1040384K, used 190039K [0x0000000412800000, 0x0000000800000000)
  region size 4096K, 22 young (90112K), 19 survivors (77824K)
 Metaspace       used 1091K, capacity 5017K, committed 5376K, reserved 1056768K
  class space    used 56K, capacity 424K, committed 512K, reserved 1048576K
}

Deoptimization events (10 events):
Event: 1.347 Thread 0x00007f3014012800 Uncommon trap: reason=profile_predicate action=maybe_recompile pc=0x00007f3003743c8c method=jdk.internal.math.FDBigInteger.cmp(Ljdk/internal/math/FDBigInteger;)I @ 48 c2
Event: 2.675 Thread 0x00007f3014012800 Uncommon trap: reason=unstable_if action=reinterpret pc=0x00007f30037411b4 method=jdk.internal.math.FDBigInteger.valueOfMulPow52(JII)Ljdk/internal/math/FDBigInteger; @ 243 c2
Event: 4.904 Thread 0x00007f3014012800 Uncommon trap: reason=unstable_if action=reinterpret pc=0x00007f3003750b8c method=org.ChaffinchABC.EmpData.parseDissFileSyl([[ILjava/lang/String;)[[D @ 108 c2
Event: 4.905 Thread 0x00007f3014012800 Uncommon trap: reason=unstable_if action=reinterpret pc=0x00007f3003712024 method=java.lang.String.substring(II)Ljava/lang/String; @ 22 c2
Event: 13.423 Thread 0x00007f3014012800 Uncommon trap: reason=unstable_if action=reinterpret pc=0x00007f3003768e04 method=org.ChaffinchABC.MeasureStatistics.calculateThresholdSpectrum([[DD)[[I @ 24 c2
Event: 13.490 Thread 0x00007f3014012800 Uncommon trap: reason=unstable_if action=reinterpret pc=0x00007f300376b988 method=org.ChaffinchABC.ChaffinchABC.initiateSimulation()V @ 24 c2
Event: 13.490 Thread 0x00007f3014012800 Uncommon trap: reason=unstable_fused_if action=reinterpret pc=0x00007f3003764344 method=org.apache.commons.math3.util.FastMath.pow(DD)D @ 65 c2
Event: 27.983 Thread 0x00007f3014012800 Uncommon trap: reason=unstable_if action=reinterpret pc=0x00007f30037601bc method=org.ChaffinchABC.Individual.setRepertoireSize()V @ 4 c2
Event: 28.168 Thread 0x00007f3014012800 Uncommon trap: reason=unstable_if action=reinterpret pc=0x00007f300375fc58 method=org.ChaffinchABC.Individual.updateRepertoire()V @ 4 c2
Event: 28.273 Thread 0x00007f3014012800 Uncommon trap: reason=unstable_if action=reinterpret pc=0x00007f3003775600 method=org.ChaffinchABC.Population.getTutors(I)[Lorg/ChaffinchABC/Individual; @ 132 c2

Classes redefined (0 events):
No events

Internal exceptions (10 events):
Event: 13.432 Thread 0x00007f3014012800 Exception <a 'java/io/IOException'{0x00000004479cc988}> (0x00000004479cc988) thrown at [/scratch/opt/mach5/mesos/work_dir/slaves/2dd962d0-8988-479b-a804-57ab764ada59-S77524/frameworks/1735e8a2-a1db-478c-8104-60c8b0af87dd-0196/executors/1f998a92-396c-4330-
Event: 13.432 Thread 0x00007f3014012800 Exception <a 'java/io/IOException'{0x00000004479cccc0}> (0x00000004479cccc0) thrown at [/scratch/opt/mach5/mesos/work_dir/slaves/2dd962d0-8988-479b-a804-57ab764ada59-S77524/frameworks/1735e8a2-a1db-478c-8104-60c8b0af87dd-0196/executors/1f998a92-396c-4330-
Event: 13.432 Thread 0x00007f3014012800 Exception <a 'java/io/IOException'{0x00000004479ccfc8}> (0x00000004479ccfc8) thrown at [/scratch/opt/mach5/mesos/work_dir/slaves/2dd962d0-8988-479b-a804-57ab764ada59-S77524/frameworks/1735e8a2-a1db-478c-8104-60c8b0af87dd-0196/executors/1f998a92-396c-4330-
Event: 13.432 Thread 0x00007f3014012800 Exception <a 'java/io/IOException'{0x00000004479cd990}> (0x00000004479cd990) thrown at [/scratch/opt/mach5/mesos/work_dir/slaves/2dd962d0-8988-479b-a804-57ab764ada59-S77524/frameworks/1735e8a2-a1db-478c-8104-60c8b0af87dd-0196/executors/1f998a92-396c-4330-
Event: 13.433 Thread 0x00007f3014012800 Exception <a 'java/io/IOException'{0x00000004479cdd78}> (0x00000004479cdd78) thrown at [/scratch/opt/mach5/mesos/work_dir/slaves/2dd962d0-8988-479b-a804-57ab764ada59-S77524/frameworks/1735e8a2-a1db-478c-8104-60c8b0af87dd-0196/executors/1f998a92-396c-4330-
Event: 13.433 Thread 0x00007f3014012800 Exception <a 'java/io/IOException'{0x00000004479ce160}> (0x00000004479ce160) thrown at [/scratch/opt/mach5/mesos/work_dir/slaves/2dd962d0-8988-479b-a804-57ab764ada59-S77524/frameworks/1735e8a2-a1db-478c-8104-60c8b0af87dd-0196/executors/1f998a92-396c-4330-
Event: 13.433 Thread 0x00007f3014012800 Exception <a 'java/io/IOException'{0x00000004479ce548}> (0x00000004479ce548) thrown at [/scratch/opt/mach5/mesos/work_dir/slaves/2dd962d0-8988-479b-a804-57ab764ada59-S77524/frameworks/1735e8a2-a1db-478c-8104-60c8b0af87dd-0196/executors/1f998a92-396c-4330-
Event: 13.433 Thread 0x00007f3014012800 Exception <a 'java/io/IOException'{0x00000004479ce930}> (0x00000004479ce930) thrown at [/scratch/opt/mach5/mesos/work_dir/slaves/2dd962d0-8988-479b-a804-57ab764ada59-S77524/frameworks/1735e8a2-a1db-478c-8104-60c8b0af87dd-0196/executors/1f998a92-396c-4330-
Event: 13.433 Thread 0x00007f3014012800 Exception <a 'java/io/IOException'{0x00000004479cec68}> (0x00000004479cec68) thrown at [/scratch/opt/mach5/mesos/work_dir/slaves/2dd962d0-8988-479b-a804-57ab764ada59-S77524/frameworks/1735e8a2-a1db-478c-8104-60c8b0af87dd-0196/executors/1f998a92-396c-4330-
Event: 13.433 Thread 0x00007f3014012800 Exception <a 'java/io/IOException'{0x00000004479cef70}> (0x00000004479cef70) thrown at [/scratch/opt/mach5/mesos/work_dir/slaves/2dd962d0-8988-479b-a804-57ab764ada59-S77524/frameworks/1735e8a2-a1db-478c-8104-60c8b0af87dd-0196/executors/1f998a92-396c-4330-

Events (10 events):
Event: 28.273 Thread 0x00007f3014012800 Uncommon trap: trap_request=0xffffff4d fr.pc=0x00007f3003775600 relative=0x0000000000000ea0
Event: 28.273 Thread 0x00007f3014012800 DEOPT PACKING pc=0x00007f3003775600 sp=0x00007f301aa446c0
Event: 28.273 Thread 0x00007f3014012800 DEOPT UNPACKING pc=0x00007f2ffbb013a5 sp=0x00007f301aa44630 mode 2
Event: 28.289 Thread 0x00007f3014012800 DEOPT PACKING pc=0x00007f2ffc4211e3 sp=0x00007f301aa44760
Event: 28.289 Thread 0x00007f3014012800 DEOPT UNPACKING pc=0x00007f2ffbb011ba sp=0x00007f301aa43c30 mode 0
Event: 28.313 Thread 0x00007f3014012800 DEOPT PACKING pc=0x00007f2ffc4211b8 sp=0x00007f301aa44760
Event: 28.313 Thread 0x00007f3014012800 DEOPT UNPACKING pc=0x00007f2ffbb011ba sp=0x00007f301aa43c30 mode 0
Event: 39.487 Executing VM operation: G1CollectForAllocation
Event: 44.553 Executing VM operation: G1CollectForAllocation done
Event: 45.010 Executing VM operation: G1CollectForAllocation


Dynamic libraries:
00400000-00401000 r-xp 00000000 103:02 15872717                          /usr/lib/jvm/java-12-oracle/bin/java
00600000-00601000 r--p 00000000 103:02 15872717                          /usr/lib/jvm/java-12-oracle/bin/java
00601000-00602000 rw-p 00001000 103:02 15872717                          /usr/lib/jvm/java-12-oracle/bin/java
0112d000-0114e000 rw-p 00000000 00:00 0                                  [heap]
412800000-451800000 rw-p 00000000 00:00 0 
4d0800000-7ff800000 ---p 00000000 00:00 0 
7ff800000-7ffb00000 rw-p 00000000 00:00 0 
7ffb00000-7ffb47000 rw-p 0119c000 103:02 15872896                        /usr/lib/jvm/java-12-oracle/lib/server/classes.jsa
7ffb47000-7ffc00000 rw-p 00000000 00:00 0 
7ffc00000-7ffc72000 rw-p 0112a000 103:02 15872896                        /usr/lib/jvm/java-12-oracle/lib/server/classes.jsa
7ffc72000-800000000 rw-p 00000000 00:00 0 
800000000-800003000 rwxp 00001000 103:02 15872896                        /usr/lib/jvm/java-12-oracle/lib/server/classes.jsa
800003000-8003d9000 rw-p 00004000 103:02 15872896                        /usr/lib/jvm/java-12-oracle/lib/server/classes.jsa
8003d9000-800ae3000 r--p 003da000 103:02 15872896                        /usr/lib/jvm/java-12-oracle/lib/server/classes.jsa
800ae3000-800ae4000 rw-p 00ae4000 103:02 15872896                        /usr/lib/jvm/java-12-oracle/lib/server/classes.jsa
800ae4000-801129000 r--p 00ae5000 103:02 15872896                        /usr/lib/jvm/java-12-oracle/lib/server/classes.jsa
801129000-8011a9000 rw-p 00000000 00:00 0 
8011a9000-841129000 ---p 00000000 00:00 0 
7f2efc000000-7f2efc046000 rw-p 00000000 00:00 0 
7f2efc046000-7f2f00000000 ---p 00000000 00:00 0 
7f2f00000000-7f2f00024000 rw-p 00000000 00:00 0 
7f2f00024000-7f2f04000000 ---p 00000000 00:00 0 
7f2f04000000-7f2f04332000 rw-p 00000000 00:00 0 
7f2f04332000-7f2f08000000 ---p 00000000 00:00 0 
7f2f08000000-7f2f08026000 rw-p 00000000 00:00 0 
7f2f08026000-7f2f0c000000 ---p 00000000 00:00 0 
7f2f0c000000-7f2f0c027000 rw-p 00000000 00:00 0 
7f2f0c027000-7f2f10000000 ---p 00000000 00:00 0 
7f2f10000000-7f2f10021000 rw-p 00000000 00:00 0 
7f2f10021000-7f2f14000000 ---p 00000000 00:00 0 
7f2f14000000-7f2f14021000 rw-p 00000000 00:00 0 
7f2f14021000-7f2f18000000 ---p 00000000 00:00 0 
7f2f18000000-7f2f181c4000 rw-p 00000000 00:00 0 
7f2f181c4000-7f2f1c000000 ---p 00000000 00:00 0 
7f2f1c000000-7f2f1c021000 rw-p 00000000 00:00 0 
7f2f1c021000-7f2f20000000 ---p 00000000 00:00 0 
7f2f20000000-7f2f20021000 rw-p 00000000 00:00 0 
7f2f20021000-7f2f24000000 ---p 00000000 00:00 0 
7f2f24000000-7f2f24021000 rw-p 00000000 00:00 0 
7f2f24021000-7f2f28000000 ---p 00000000 00:00 0 
7f2f28000000-7f2f28021000 rw-p 00000000 00:00 0 
7f2f28021000-7f2f2c000000 ---p 00000000 00:00 0 
7f2f2c000000-7f2f2c021000 rw-p 00000000 00:00 0 
7f2f2c021000-7f2f30000000 ---p 00000000 00:00 0 
7f2f30000000-7f2f30021000 rw-p 00000000 00:00 0 
7f2f30021000-7f2f34000000 ---p 00000000 00:00 0 
7f2f34000000-7f2f34021000 rw-p 00000000 00:00 0 
7f2f34021000-7f2f38000000 ---p 00000000 00:00 0 
7f2f38000000-7f2f38021000 rw-p 00000000 00:00 0 
7f2f38021000-7f2f3c000000 ---p 00000000 00:00 0 
7f2f3c000000-7f2f3c021000 rw-p 00000000 00:00 0 
7f2f3c021000-7f2f40000000 ---p 00000000 00:00 0 
7f2f40000000-7f2f40021000 rw-p 00000000 00:00 0 
7f2f40021000-7f2f44000000 ---p 00000000 00:00 0 
7f2f44000000-7f2f44021000 rw-p 00000000 00:00 0 
7f2f44021000-7f2f48000000 ---p 00000000 00:00 0 
7f2f48000000-7f2f48021000 rw-p 00000000 00:00 0 
7f2f48021000-7f2f4c000000 ---p 00000000 00:00 0 
7f2f4c000000-7f2f4c021000 rw-p 00000000 00:00 0 
7f2f4c021000-7f2f50000000 ---p 00000000 00:00 0 
7f2f50000000-7f2f50021000 rw-p 00000000 00:00 0 
7f2f50021000-7f2f54000000 ---p 00000000 00:00 0 
7f2f54000000-7f2f54021000 rw-p 00000000 00:00 0 
7f2f54021000-7f2f58000000 ---p 00000000 00:00 0 
7f2f58000000-7f2f58021000 rw-p 00000000 00:00 0 
7f2f58021000-7f2f5c000000 ---p 00000000 00:00 0 
7f2f5c000000-7f2f5c021000 rw-p 00000000 00:00 0 
7f2f5c021000-7f2f60000000 ---p 00000000 00:00 0 
7f2f60000000-7f2f60021000 rw-p 00000000 00:00 0 
7f2f60021000-7f2f64000000 ---p 00000000 00:00 0 
7f2f64000000-7f2f64021000 rw-p 00000000 00:00 0 
7f2f64021000-7f2f68000000 ---p 00000000 00:00 0 
7f2f68000000-7f2f68021000 rw-p 00000000 00:00 0 
7f2f68021000-7f2f6c000000 ---p 00000000 00:00 0 
7f2f6c000000-7f2f6c2d0000 rw-p 00000000 00:00 0 
7f2f6c2d0000-7f2f70000000 ---p 00000000 00:00 0 
7f2f70000000-7f2f70021000 rw-p 00000000 00:00 0 
7f2f70021000-7f2f74000000 ---p 00000000 00:00 0 
7f2f74000000-7f2f744f2000 rw-p 00000000 00:00 0 
7f2f744f2000-7f2f78000000 ---p 00000000 00:00 0 
7f2f78000000-7f2f78532000 rw-p 00000000 00:00 0 
7f2f78532000-7f2f7c000000 ---p 00000000 00:00 0 
7f2f7c000000-7f2f7c05e000 rw-p 00000000 00:00 0 
7f2f7c05e000-7f2f80000000 ---p 00000000 00:00 0 
7f2f81a1a000-7f2f81a1b000 ---p 00000000 00:00 0 
7f2f81a1b000-7f2f81b1c000 rw-p 00000000 00:00 0 
7f2f81b1c000-7f2f81b1d000 ---p 00000000 00:00 0 
7f2f81b1d000-7f2f81c1e000 rw-p 00000000 00:00 0 
7f2f81c1e000-7f2f81c1f000 ---p 00000000 00:00 0 
7f2f81c1f000-7f2f81d20000 rw-p 00000000 00:00 0 
7f2f81d20000-7f2f81d21000 ---p 00000000 00:00 0 
7f2f81d21000-7f2f81e22000 rw-p 00000000 00:00 0 
7f2f81e22000-7f2f81e26000 ---p 00000000 00:00 0 
7f2f81e26000-7f2f81f23000 rw-p 00000000 00:00 0 
7f2f81f23000-7f2f81f27000 ---p 00000000 00:00 0 
7f2f81f27000-7f2f82024000 rw-p 00000000 00:00 0 
7f2f82024000-7f2f82028000 ---p 00000000 00:00 0 
7f2f82028000-7f2f82125000 rw-p 00000000 00:00 0 
7f2f82125000-7f2f82129000 ---p 00000000 00:00 0 
7f2f82129000-7f2f82226000 rw-p 00000000 00:00 0 
7f2f82226000-7f2f8222a000 ---p 00000000 00:00 0 
7f2f8222a000-7f2f82327000 rw-p 00000000 00:00 0 
7f2f82327000-7f2f8232b000 ---p 00000000 00:00 0 
7f2f8232b000-7f2f82428000 rw-p 00000000 00:00 0 
7f2f82428000-7f2f82429000 ---p 00000000 00:00 0 
7f2f82429000-7f2f8252a000 rw-p 00000000 00:00 0 
7f2f8252a000-7f2f8252b000 ---p 00000000 00:00 0 
7f2f8252b000-7f2f8262c000 rw-p 00000000 00:00 0 
7f2f8262c000-7f2f8262d000 ---p 00000000 00:00 0 
7f2f8262d000-7f2f8272e000 rw-p 00000000 00:00 0 
7f2f8272e000-7f2f8272f000 ---p 00000000 00:00 0 
7f2f8272f000-7f2f82830000 rw-p 00000000 00:00 0 
7f2f82830000-7f2f82831000 ---p 00000000 00:00 0 
7f2f82831000-7f2f82932000 rw-p 00000000 00:00 0 
7f2f82932000-7f2f82933000 ---p 00000000 00:00 0 
7f2f82933000-7f2f82a34000 rw-p 00000000 00:00 0 
7f2f82a34000-7f2f82a35000 ---p 00000000 00:00 0 
7f2f82a35000-7f2f82b36000 rw-p 00000000 00:00 0 
7f2f82b36000-7f2f82b37000 ---p 00000000 00:00 0 
7f2f82b37000-7f2f82c38000 rw-p 00000000 00:00 0 
7f2f82c38000-7f2f82c39000 ---p 00000000 00:00 0 
7f2f82c39000-7f2f82d3a000 rw-p 00000000 00:00 0 
7f2f82d3a000-7f2f82d3b000 ---p 00000000 00:00 0 
7f2f82d3b000-7f2f82e3c000 rw-p 00000000 00:00 0 
7f2f82e3c000-7f2f82e3d000 ---p 00000000 00:00 0 
7f2f82e3d000-7f2f82f3e000 rw-p 00000000 00:00 0 
7f2f82f3e000-7f2f82f3f000 ---p 00000000 00:00 0 
7f2f82f3f000-7f2f83040000 rw-p 00000000 00:00 0 
7f2f83040000-7f2f83041000 ---p 00000000 00:00 0 
7f2f83041000-7f2f83142000 rw-p 00000000 00:00 0 
7f2f83142000-7f2f83143000 ---p 00000000 00:00 0 
7f2f83143000-7f2f83244000 rw-p 00000000 00:00 0 
7f2f83244000-7f2f83245000 ---p 00000000 00:00 0 
7f2f83245000-7f2f83346000 rw-p 00000000 00:00 0 
7f2f83346000-7f2f83347000 ---p 00000000 00:00 0 
7f2f83347000-7f2f83448000 rw-p 00000000 00:00 0 
7f2f83448000-7f2f83449000 ---p 00000000 00:00 0 
7f2f83449000-7f2f8354a000 rw-p 00000000 00:00 0 
7f2f8354a000-7f2f8354b000 ---p 00000000 00:00 0 
7f2f8354b000-7f2f8364c000 rw-p 00000000 00:00 0 
7f2f8364c000-7f2f8364d000 ---p 00000000 00:00 0 
7f2f8364d000-7f2f8374e000 rw-p 00000000 00:00 0 
7f2f8374e000-7f2f8374f000 ---p 00000000 00:00 0 
7f2f8374f000-7f2f83850000 rw-p 00000000 00:00 0 
7f2f83850000-7f2f83851000 ---p 00000000 00:00 0 
7f2f83851000-7f2f83952000 rw-p 00000000 00:00 0 
7f2f83952000-7f2f83953000 ---p 00000000 00:00 0 
7f2f83953000-7f2f83a54000 rw-p 00000000 00:00 0 
7f2f83a54000-7f2f83a55000 ---p 00000000 00:00 0 
7f2f83a55000-7f2f83b56000 rw-p 00000000 00:00 0 
7f2f83b56000-7f2f83b5a000 ---p 00000000 00:00 0 
7f2f83b5a000-7f2f83c57000 rw-p 00000000 00:00 0 
7f2f83cfd000-7f2f83d01000 ---p 00000000 00:00 0 
7f2f83d01000-7f2f83dfe000 rw-p 00000000 00:00 0 
7f2f83dfe000-7f2f83e02000 ---p 00000000 00:00 0 
7f2f83e02000-7f2f83eff000 rw-p 00000000 00:00 0 
7f2f83eff000-7f2f83f03000 ---p 00000000 00:00 0 
7f2f83f03000-7f2f84000000 rw-p 00000000 00:00 0 
7f2f84000000-7f2f84075000 rw-p 00000000 00:00 0 
7f2f84075000-7f2f88000000 ---p 00000000 00:00 0 
7f2f88000000-7f2f88047000 rw-p 00000000 00:00 0 
7f2f88047000-7f2f8c000000 ---p 00000000 00:00 0 
7f2f8c000000-7f2f8c021000 rw-p 00000000 00:00 0 
7f2f8c021000-7f2f90000000 ---p 00000000 00:00 0 
7f2f90000000-7f2f90021000 rw-p 00000000 00:00 0 
7f2f90021000-7f2f94000000 ---p 00000000 00:00 0 
7f2f94000000-7f2f9409f000 rw-p 00000000 00:00 0 
7f2f9409f000-7f2f98000000 ---p 00000000 00:00 0 
7f2f98000000-7f2f98021000 rw-p 00000000 00:00 0 
7f2f98021000-7f2f9c000000 ---p 00000000 00:00 0 
7f2f9c000000-7f2f9c1e2000 rw-p 00000000 00:00 0 
7f2f9c1e2000-7f2fa0000000 ---p 00000000 00:00 0 
7f2fa0000000-7f2fa0021000 rw-p 00000000 00:00 0 
7f2fa0021000-7f2fa4000000 ---p 00000000 00:00 0 
7f2fa4000000-7f2fa4021000 rw-p 00000000 00:00 0 
7f2fa4021000-7f2fa8000000 ---p 00000000 00:00 0 
7f2fa8000000-7f2fa8662000 rw-p 00000000 00:00 0 
7f2fa8662000-7f2fac000000 ---p 00000000 00:00 0 
7f2fac000000-7f2fac021000 rw-p 00000000 00:00 0 
7f2fac021000-7f2fb0000000 ---p 00000000 00:00 0 
7f2fb0000000-7f2fb0021000 rw-p 00000000 00:00 0 
7f2fb0021000-7f2fb4000000 ---p 00000000 00:00 0 
7f2fb4000000-7f2fb4021000 rw-p 00000000 00:00 0 
7f2fb4021000-7f2fb8000000 ---p 00000000 00:00 0 
7f2fb8000000-7f2fb83be000 rw-p 00000000 00:00 0 
7f2fb83be000-7f2fbc000000 ---p 00000000 00:00 0 
7f2fbc000000-7f2fbc021000 rw-p 00000000 00:00 0 
7f2fbc021000-7f2fc0000000 ---p 00000000 00:00 0 
7f2fc00da000-7f2fc00de000 ---p 00000000 00:00 0 
7f2fc00de000-7f2fc01db000 rw-p 00000000 00:00 0 
7f2fc01db000-7f2fc01df000 ---p 00000000 00:00 0 
7f2fc01df000-7f2fc02dc000 rw-p 00000000 00:00 0 
7f2fc02dc000-7f2fc02f2000 r-xp 00000000 103:02 15872873                  /usr/lib/jvm/java-12-oracle/lib/libnet.so
7f2fc02f2000-7f2fc04f2000 ---p 00016000 103:02 15872873                  /usr/lib/jvm/java-12-oracle/lib/libnet.so
7f2fc04f2000-7f2fc04f3000 r--p 00016000 103:02 15872873                  /usr/lib/jvm/java-12-oracle/lib/libnet.so
7f2fc04f3000-7f2fc04f4000 rw-p 00017000 103:02 15872873                  /usr/lib/jvm/java-12-oracle/lib/libnet.so
7f2fc04f4000-7f2fc0505000 r-xp 00000000 103:02 15872874                  /usr/lib/jvm/java-12-oracle/lib/libnio.so
7f2fc0505000-7f2fc0704000 ---p 00011000 103:02 15872874                  /usr/lib/jvm/java-12-oracle/lib/libnio.so
7f2fc0704000-7f2fc0705000 r--p 00010000 103:02 15872874                  /usr/lib/jvm/java-12-oracle/lib/libnio.so
7f2fc0705000-7f2fc0706000 rw-p 00011000 103:02 15872874                  /usr/lib/jvm/java-12-oracle/lib/libnio.so
7f2fc0706000-7f2fc070a000 ---p 00000000 00:00 0 
7f2fc070a000-7f2fc0807000 rw-p 00000000 00:00 0 
7f2fc0807000-7f2fc0808000 ---p 00000000 00:00 0 
7f2fc0808000-7f2fc0909000 rw-p 00000000 00:00 0 
7f2fc0909000-7f2fc090d000 ---p 00000000 00:00 0 
7f2fc090d000-7f2fc0a0a000 rw-p 00000000 00:00 0 
7f2fc0a0a000-7f2fc0a0e000 ---p 00000000 00:00 0 
7f2fc0a0e000-7f2fc0b0b000 rw-p 00000000 00:00 0 
7f2fc0b0b000-7f2fc0b0f000 ---p 00000000 00:00 0 
7f2fc0b0f000-7f2fc0c0c000 rw-p 00000000 00:00 0 
7f2fc0c0c000-7f2fc0c10000 ---p 00000000 00:00 0 
7f2fc0c10000-7f2fc0d0d000 rw-p 00000000 00:00 0 
7f2fc0d0d000-7f2fc0d11000 ---p 00000000 00:00 0 
7f2fc0d11000-7f2fc0e0e000 rw-p 00000000 00:00 0 
7f2fc0e0e000-7f2fc0e12000 ---p 00000000 00:00 0 
7f2fc0e12000-7f2fc0f0f000 rw-p 00000000 00:00 0 
7f2fc0f0f000-7f2fc18de000 r--p 00000000 103:02 15866447                  /usr/lib/locale/locale-archive
7f2fc18de000-7f2fc18e2000 ---p 00000000 00:00 0 
7f2fc18e2000-7f2fc19df000 rw-p 00000000 00:00 0 
7f2fc19df000-7f2fc19e3000 ---p 00000000 00:00 0 
7f2fc19e3000-7f2fc1ae0000 rw-p 00000000 00:00 0 
7f2fc1ae0000-7f2fc1ae1000 ---p 00000000 00:00 0 
7f2fc1ae1000-7f2fc20a2000 rw-p 00000000 00:00 0 
7f2fc20a2000-7f2fc23e2000 ---p 00000000 00:00 0 
7f2fc23e2000-7f2fc23e3000 ---p 00000000 00:00 0 
7f2fc23e3000-7f2fc24e4000 rw-p 00000000 00:00 0 
7f2fc24e4000-7f2fc24e5000 ---p 00000000 00:00 0 
7f2fc24e5000-7f2fc4000000 rw-p 00000000 00:00 0 
7f2fc4000000-7f2fc4021000 rw-p 00000000 00:00 0 
7f2fc4021000-7f2fc8000000 ---p 00000000 00:00 0 
7f2fc8000000-7f2fc8021000 rw-p 00000000 00:00 0 
7f2fc8021000-7f2fcc000000 ---p 00000000 00:00 0 
7f2fcc000000-7f2fcc021000 rw-p 00000000 00:00 0 
7f2fcc021000-7f2fd0000000 ---p 00000000 00:00 0 
7f2fd0038000-7f2fd31ca000 rw-p 00000000 00:00 0 
7f2fd31ca000-7f2fd31cb000 ---p 00000000 00:00 0 
7f2fd31cb000-7f2fd32cc000 rw-p 00000000 00:00 0 
7f2fd32cc000-7f2fd32cd000 ---p 00000000 00:00 0 
7f2fd32cd000-7f2fd33ce000 rw-p 00000000 00:00 0 
7f2fd33ce000-7f2fd33cf000 ---p 00000000 00:00 0 
7f2fd33cf000-7f2fd4981000 rw-p 00000000 00:00 0 
7f2fd4981000-7f2fe3501000 ---p 00000000 00:00 0 
7f2fe3501000-7f2fe44e1000 rw-p 00000000 00:00 0 
7f2fe44e1000-7f2ff3061000 ---p 00000000 00:00 0 
7f2ff3061000-7f2ff3279000 rw-p 00000000 00:00 0 
7f2ff3279000-7f2ff4fe9000 ---p 00000000 00:00 0 
7f2ff4fe9000-7f2ff51e5000 rw-p 00000000 00:00 0 
7f2ff51e5000-7f2ff6f55000 ---p 00000000 00:00 0 
7f2ff6f55000-7f2ff7151000 rw-p 00000000 00:00 0 
7f2ff7151000-7f2ff8ec1000 ---p 00000000 00:00 0 
7f2ff8ec1000-7f2ffb9f5000 rw-p 00000000 00:00 0 
7f2ffb9f5000-7f2ffbad8000 ---p 00000000 00:00 0 
7f2ffbad8000-7f2ffbe18000 rwxp 00000000 00:00 0 
7f2ffbe18000-7f2ffc336000 ---p 00000000 00:00 0 
7f2ffc336000-7f2ffc5a6000 rwxp 00000000 00:00 0 
7f2ffc5a6000-7f3003707000 ---p 00000000 00:00 0 
7f3003707000-7f3003977000 rwxp 00000000 00:00 0 
7f3003977000-7f300aad8000 ---p 00000000 00:00 0 
7f300aad8000-7f3012f60000 r--s 00000000 103:02 15872884                  /usr/lib/jvm/java-12-oracle/lib/modules
7f3012f60000-7f3012f7b000 r-xp 00000000 103:02 15872864                  /usr/lib/jvm/java-12-oracle/lib/libjimage.so
7f3012f7b000-7f301317a000 ---p 0001b000 103:02 15872864                  /usr/lib/jvm/java-12-oracle/lib/libjimage.so
7f301317a000-7f301317c000 r--p 0001a000 103:02 15872864                  /usr/lib/jvm/java-12-oracle/lib/libjimage.so
7f301317c000-7f301317d000 rw-p 0001c000 103:02 15872864                  /usr/lib/jvm/java-12-oracle/lib/libjimage.so
7f301317d000-7f3013184000 r-xp 00000000 103:02 15872883                  /usr/lib/jvm/java-12-oracle/lib/libzip.so
7f3013184000-7f3013383000 ---p 00007000 103:02 15872883                  /usr/lib/jvm/java-12-oracle/lib/libzip.so
7f3013383000-7f3013384000 r--p 00006000 103:02 15872883                  /usr/lib/jvm/java-12-oracle/lib/libzip.so
7f3013384000-7f3013385000 rw-p 00007000 103:02 15872883                  /usr/lib/jvm/java-12-oracle/lib/libzip.so
7f3013385000-7f3013390000 r-xp 00000000 103:02 10490588                  /lib/x86_64-linux-gnu/libnss_files-2.27.so
7f3013390000-7f301358f000 ---p 0000b000 103:02 10490588                  /lib/x86_64-linux-gnu/libnss_files-2.27.so
7f301358f000-7f3013590000 r--p 0000a000 103:02 10490588                  /lib/x86_64-linux-gnu/libnss_files-2.27.so
7f3013590000-7f3013591000 rw-p 0000b000 103:02 10490588                  /lib/x86_64-linux-gnu/libnss_files-2.27.so
7f3013591000-7f3013597000 rw-p 00000000 00:00 0 
7f3013597000-7f30135ae000 r-xp 00000000 103:02 10490582                  /lib/x86_64-linux-gnu/libnsl-2.27.so
7f30135ae000-7f30137ad000 ---p 00017000 103:02 10490582                  /lib/x86_64-linux-gnu/libnsl-2.27.so
7f30137ad000-7f30137ae000 r--p 00016000 103:02 10490582                  /lib/x86_64-linux-gnu/libnsl-2.27.so
7f30137ae000-7f30137af000 rw-p 00017000 103:02 10490582                  /lib/x86_64-linux-gnu/libnsl-2.27.so
7f30137af000-7f30137b1000 rw-p 00000000 00:00 0 
7f30137b1000-7f30137bc000 r-xp 00000000 103:02 10490599                  /lib/x86_64-linux-gnu/libnss_nis-2.27.so
7f30137bc000-7f30139bb000 ---p 0000b000 103:02 10490599                  /lib/x86_64-linux-gnu/libnss_nis-2.27.so
7f30139bb000-7f30139bc000 r--p 0000a000 103:02 10490599                  /lib/x86_64-linux-gnu/libnss_nis-2.27.so
7f30139bc000-7f30139bd000 rw-p 0000b000 103:02 10490599                  /lib/x86_64-linux-gnu/libnss_nis-2.27.so
7f30139bd000-7f30139c5000 r-xp 00000000 103:02 10490584                  /lib/x86_64-linux-gnu/libnss_compat-2.27.so
7f30139c5000-7f3013bc5000 ---p 00008000 103:02 10490584                  /lib/x86_64-linux-gnu/libnss_compat-2.27.so
7f3013bc5000-7f3013bc6000 r--p 00008000 103:02 10490584                  /lib/x86_64-linux-gnu/libnss_compat-2.27.so
7f3013bc6000-7f3013bc7000 rw-p 00009000 103:02 10490584                  /lib/x86_64-linux-gnu/libnss_compat-2.27.so
7f3013bc7000-7f3013bef000 r-xp 00000000 103:02 15872860                  /usr/lib/jvm/java-12-oracle/lib/libjava.so
7f3013bef000-7f3013dee000 ---p 00028000 103:02 15872860                  /usr/lib/jvm/java-12-oracle/lib/libjava.so
7f3013dee000-7f3013def000 r--p 00027000 103:02 15872860                  /usr/lib/jvm/java-12-oracle/lib/libjava.so
7f3013def000-7f3013df1000 rw-p 00028000 103:02 15872860                  /usr/lib/jvm/java-12-oracle/lib/libjava.so
7f3013df1000-7f3013dfe000 r-xp 00000000 103:02 15872882                  /usr/lib/jvm/java-12-oracle/lib/libverify.so
7f3013dfe000-7f3013ffd000 ---p 0000d000 103:02 15872882                  /usr/lib/jvm/java-12-oracle/lib/libverify.so
7f3013ffd000-7f3013fff000 r--p 0000c000 103:02 15872882                  /usr/lib/jvm/java-12-oracle/lib/libverify.so
7f3013fff000-7f3014000000 rw-p 0000e000 103:02 15872882                  /usr/lib/jvm/java-12-oracle/lib/libverify.so
7f3014000000-7f30144bc000 rw-p 00000000 00:00 0 
7f30144bc000-7f3018000000 ---p 00000000 00:00 0 
7f301802d000-7f301808d000 rw-p 00000000 00:00 0 
7f301808d000-7f3018170000 ---p 00000000 00:00 0 
7f3018170000-7f3018177000 r-xp 00000000 103:02 10490639                  /lib/x86_64-linux-gnu/librt-2.27.so
7f3018177000-7f3018376000 ---p 00007000 103:02 10490639                  /lib/x86_64-linux-gnu/librt-2.27.so
7f3018376000-7f3018377000 r--p 00006000 103:02 10490639                  /lib/x86_64-linux-gnu/librt-2.27.so
7f3018377000-7f3018378000 rw-p 00007000 103:02 10490639                  /lib/x86_64-linux-gnu/librt-2.27.so
7f3018378000-7f3018515000 r-xp 00000000 103:02 10490561                  /lib/x86_64-linux-gnu/libm-2.27.so
7f3018515000-7f3018714000 ---p 0019d000 103:02 10490561                  /lib/x86_64-linux-gnu/libm-2.27.so
7f3018714000-7f3018715000 r--p 0019c000 103:02 10490561                  /lib/x86_64-linux-gnu/libm-2.27.so
7f3018715000-7f3018716000 rw-p 0019d000 103:02 10490561                  /lib/x86_64-linux-gnu/libm-2.27.so
7f3018716000-7f301987a000 r-xp 00000000 103:02 15872898                  /usr/lib/jvm/java-12-oracle/lib/server/libjvm.so
7f301987a000-7f3019a7a000 ---p 01164000 103:02 15872898                  /usr/lib/jvm/java-12-oracle/lib/server/libjvm.so
7f3019a7a000-7f3019b3b000 r--p 01164000 103:02 15872898                  /usr/lib/jvm/java-12-oracle/lib/server/libjvm.so
7f3019b3b000-7f3019b74000 rw-p 01225000 103:02 15872898                  /usr/lib/jvm/java-12-oracle/lib/server/libjvm.so
7f3019b74000-7f3019bf7000 rw-p 00000000 00:00 0 
7f3019bf7000-7f3019dde000 r-xp 00000000 103:02 10490498                  /lib/x86_64-linux-gnu/libc-2.27.so
7f3019dde000-7f3019fde000 ---p 001e7000 103:02 10490498                  /lib/x86_64-linux-gnu/libc-2.27.so
7f3019fde000-7f3019fe2000 r--p 001e7000 103:02 10490498                  /lib/x86_64-linux-gnu/libc-2.27.so
7f3019fe2000-7f3019fe4000 rw-p 001eb000 103:02 10490498                  /lib/x86_64-linux-gnu/libc-2.27.so
7f3019fe4000-7f3019fe8000 rw-p 00000000 00:00 0 
7f3019fe8000-7f3019feb000 r-xp 00000000 103:02 10490521                  /lib/x86_64-linux-gnu/libdl-2.27.so
7f3019feb000-7f301a1ea000 ---p 00003000 103:02 10490521                  /lib/x86_64-linux-gnu/libdl-2.27.so
7f301a1ea000-7f301a1eb000 r--p 00002000 103:02 10490521                  /lib/x86_64-linux-gnu/libdl-2.27.so
7f301a1eb000-7f301a1ec000 rw-p 00003000 103:02 10490521                  /lib/x86_64-linux-gnu/libdl-2.27.so
7f301a1ec000-7f301a206000 r-xp 00000000 103:02 10490631                  /lib/x86_64-linux-gnu/libpthread-2.27.so
7f301a206000-7f301a405000 ---p 0001a000 103:02 10490631                  /lib/x86_64-linux-gnu/libpthread-2.27.so
7f301a405000-7f301a406000 r--p 00019000 103:02 10490631                  /lib/x86_64-linux-gnu/libpthread-2.27.so
7f301a406000-7f301a407000 rw-p 0001a000 103:02 10490631                  /lib/x86_64-linux-gnu/libpthread-2.27.so
7f301a407000-7f301a40b000 rw-p 00000000 00:00 0 
7f301a40b000-7f301a41b000 r-xp 00000000 103:02 15872865                  /usr/lib/jvm/java-12-oracle/lib/libjli.so
7f301a41b000-7f301a61a000 ---p 00010000 103:02 15872865                  /usr/lib/jvm/java-12-oracle/lib/libjli.so
7f301a61a000-7f301a61b000 r--p 0000f000 103:02 15872865                  /usr/lib/jvm/java-12-oracle/lib/libjli.so
7f301a61b000-7f301a61c000 rw-p 00010000 103:02 15872865                  /usr/lib/jvm/java-12-oracle/lib/libjli.so
7f301a61c000-7f301a638000 r-xp 00000000 103:02 10490670                  /lib/x86_64-linux-gnu/libz.so.1.2.11
7f301a638000-7f301a837000 ---p 0001c000 103:02 10490670                  /lib/x86_64-linux-gnu/libz.so.1.2.11
7f301a837000-7f301a838000 r--p 0001b000 103:02 10490670                  /lib/x86_64-linux-gnu/libz.so.1.2.11
7f301a838000-7f301a839000 rw-p 0001c000 103:02 10490670                  /lib/x86_64-linux-gnu/libz.so.1.2.11
7f301a839000-7f301a860000 r-xp 00000000 103:02 10490470                  /lib/x86_64-linux-gnu/ld-2.27.so
7f301a875000-7f301a93b000 rw-p 00000000 00:00 0 
7f301a93b000-7f301a945000 ---p 00000000 00:00 0 
7f301a945000-7f301a949000 ---p 00000000 00:00 0 
7f301a949000-7f301aa4a000 rw-p 00000000 00:00 0 
7f301aa54000-7f301aa55000 r--p 00000000 103:02 17567477                  /usr/share/locale-langpack/en_GB/LC_MESSAGES/libc.mo
7f301aa55000-7f301aa5d000 rw-s 00000000 103:02 13369626                  /tmp/hsperfdata_rflachlan/14041
7f301aa5d000-7f301aa5e000 ---p 00000000 00:00 0 
7f301aa5e000-7f301aa5f000 r--p 00000000 00:00 0 
7f301aa5f000-7f301aa60000 ---p 00000000 00:00 0 
7f301aa60000-7f301aa61000 r--p 00027000 103:02 10490470                  /lib/x86_64-linux-gnu/ld-2.27.so
7f301aa61000-7f301aa62000 rw-p 00028000 103:02 10490470                  /lib/x86_64-linux-gnu/ld-2.27.so
7f301aa62000-7f301aa63000 rw-p 00000000 00:00 0 
7ffe8926e000-7ffe8928f000 rw-p 00000000 00:00 0                          [stack]
7ffe8930f000-7ffe89312000 r--p 00000000 00:00 0                          [vvar]
7ffe89312000-7ffe89314000 r-xp 00000000 00:00 0                          [vdso]
ffffffffff600000-ffffffffff601000 r-xp 00000000 00:00 0                  [vsyscall]


VM Arguments:
java_command: /home/rflachlan/Dropbox/ChaffMainlandN//ChaffinchABC.jar 1 10 0 395141707421725016 /home/rflachlan/Dropbox/ChaffMainlandN/
java_class_path (initial): /home/rflachlan/Dropbox/ChaffMainlandN//ChaffinchABC.jar
Launcher Type: SUN_STANDARD

[Global flags]
     intx CICompilerCount                          = 18                                        {product} {ergonomic}
     uint ConcGCThreads                            = 11                                        {product} {ergonomic}
     uint G1ConcRefinementThreads                  = 43                                        {product} {ergonomic}
   size_t G1HeapRegionSize                         = 4194304                                   {product} {ergonomic}
    uintx GCDrainStackTargetSize                   = 64                                        {product} {ergonomic}
   size_t InitialHeapSize                          = 1056964608                                {product} {ergonomic}
   size_t MarkStackSize                            = 4194304                                   {product} {ergonomic}
   size_t MaxHeapSize                              = 16869490688                               {product} {ergonomic}
   size_t MaxNewSize                               = 10120855552                               {product} {ergonomic}
   size_t MinHeapDeltaBytes                        = 4194304                                   {product} {ergonomic}
    uintx NonNMethodCodeHeapSize                   = 8769992                                {pd product} {ergonomic}
    uintx NonProfiledCodeHeapSize                  = 121444124                              {pd product} {ergonomic}
    uintx ProfiledCodeHeapSize                     = 121444124                              {pd product} {ergonomic}
    uintx ReservedCodeCacheSize                    = 251658240                              {pd product} {ergonomic}
     bool SegmentedCodeCache                       = true                                      {product} {ergonomic}
     bool UseCompressedClassPointers               = true                                 {lp64_product} {ergonomic}
     bool UseCompressedOops                        = true                                 {lp64_product} {ergonomic}
     bool UseG1GC                                  = true                                      {product} {ergonomic}

Logging:
Log output configuration:
 #0: stdout all=warning uptime,level,tags
 #1: stderr all=off uptime,level,tags

Environment Variables:
JAVA_HOME=/usr/lib/jvm/java-12-oracle
PATH=/usr/local/sbin:/usr/local/bin:/usr/sbin:/usr/bin:/sbin:/bin:/usr/games:/usr/local/games:/snap/bin:/usr/lib/jvm/java-12-oracle/bin:/usr/lib/jvm/java-12-oracle/db/bin
USERNAME=rflachlan
SHELL=/bin/bash
DISPLAY=:0

Signal Handlers:
SIGSEGV: [libjvm.so+0xe45640], sa_mask[0]=11111111011111111101111111111110, sa_flags=SA_RESTART|SA_SIGINFO
SIGBUS: [libjvm.so+0xe45640], sa_mask[0]=11111111011111111101111111111110, sa_flags=SA_RESTART|SA_SIGINFO
SIGFPE: [libjvm.so+0xe45640], sa_mask[0]=11111111011111111101111111111110, sa_flags=SA_RESTART|SA_SIGINFO
SIGPIPE: [libjvm.so+0xbf4b50], sa_mask[0]=11111111011111111101111111111110, sa_flags=SA_RESTART|SA_SIGINFO
SIGXFSZ: [libjvm.so+0xbf4b50], sa_mask[0]=11111111011111111101111111111110, sa_flags=SA_RESTART|SA_SIGINFO
SIGILL: [libjvm.so+0xe45640], sa_mask[0]=11111111011111111101111111111110, sa_flags=SA_RESTART|SA_SIGINFO
SIGUSR2: [libjvm.so+0xbf49f0], sa_mask[0]=00100000000000000000000000000000, sa_flags=SA_RESTART|SA_SIGINFO
SIGHUP: [libjvm.so+0xbf4d50], sa_mask[0]=11111111011111111101111111111110, sa_flags=SA_RESTART|SA_SIGINFO
SIGINT: SIG_IGN, sa_mask[0]=00000000000000000000000000000000, sa_flags=none
SIGTERM: [libjvm.so+0xbf4d50], sa_mask[0]=11111111011111111101111111111110, sa_flags=SA_RESTART|SA_SIGINFO
SIGQUIT: [libjvm.so+0xbf4d50], sa_mask[0]=11111111011111111101111111111110, sa_flags=SA_RESTART|SA_SIGINFO


---------------  S Y S T E M  ---------------

OS:DISTRIB_ID=Ubuntu
DISTRIB_RELEASE=18.04
DISTRIB_CODENAME=bionic
DISTRIB_DESCRIPTION="Ubuntu 18.04.2 LTS"
uname:Linux 4.15.0-51-generic #55-Ubuntu SMP Wed May 15 14:27:21 UTC 2019 x86_64
libc:glibc 2.27 NPTL 2.27 
rlimit: STACK 8192k, CORE 0k, NPROC 256634, NOFILE 4096, AS infinity, DATA infinity, FSIZE infinity
load average:49.50 17.60 8.16

/proc/meminfo:
MemTotal:       65882016 kB
MemFree:          234088 kB
MemAvailable:      62000 kB
Buffers:           10048 kB
Cached:           338392 kB
SwapCached:        73956 kB
Active:         60715480 kB
Inactive:        3398712 kB
Active(anon):   60617216 kB
Inactive(anon):  3318180 kB
Active(file):      98264 kB
Inactive(file):    80532 kB
Unevictable:          16 kB
Mlocked:              16 kB
SwapTotal:       2097148 kB
SwapFree:              0 kB
Dirty:               248 kB
Writeback:            96 kB
AnonPages:      63696512 kB
Mapped:           311204 kB
Shmem:            168240 kB
Slab:             724184 kB
SReclaimable:     193356 kB
SUnreclaim:       530828 kB
KernelStack:       88336 kB
PageTables:       249716 kB
NFS_Unstable:          0 kB
Bounce:                0 kB
WritebackTmp:          0 kB
CommitLimit:    35038156 kB
Committed_AS:   115882264 kB
VmallocTotal:   34359738367 kB
VmallocUsed:           0 kB
VmallocChunk:          0 kB
HardwareCorrupted:     0 kB
AnonHugePages:         0 kB
ShmemHugePages:        0 kB
ShmemPmdMapped:        0 kB
CmaTotal:              0 kB
CmaFree:               0 kB
HugePages_Total:       0
HugePages_Free:        0
HugePages_Rsvd:        0
HugePages_Surp:        0
Hugepagesize:       2048 kB
DirectMap4k:      795672 kB
DirectMap2M:    46260224 kB
DirectMap1G:    19922944 kB


/proc/sys/kernel/threads-max (system-wide limit on the number of threads):
513269


/proc/sys/vm/max_map_count (maximum number of memory map areas a process may have):
65530


/proc/sys/kernel/pid_max (system-wide limit on number of process identifiers):
131072



container (cgroup) information:
container_type: cgroupv1
cpu_cpuset_cpus: 0-63
cpu_memory_nodes: 0,2
active_processor_count: 64
cpu_quota: -1
cpu_period: 100000
cpu_shares: -1
memory_limit_in_bytes: -1
memory_and_swap_limit_in_bytes: -2
memory_soft_limit_in_bytes: -1
memory_usage_in_bytes: 65666236416
memory_max_usage_in_bytes: 531491700736


CPU:total 64 (initial active 64) (64 cores per cpu, 2 threads per core) family 23 model 8 stepping 2, cmov, cx8, fxsr, mmx, sse, sse2, sse3, ssse3, sse4.1, sse4.2, popcnt, avx, avx2, aes, clmul, mmxext, 3dnowpref, lzcnt, sse4a, ht, tsc, tscinvbit, tscinv, bmi1, bmi2, adx, sha, fma
CPU Model and flags from /proc/cpuinfo:
model name	: AMD Ryzen Threadripper 2990WX 32-Core Processor
flags		: fpu vme de pse tsc msr pae mce cx8 apic sep mtrr pge mca cmov pat pse36 clflush mmx fxsr sse sse2 ht syscall nx mmxext fxsr_opt pdpe1gb rdtscp lm constant_tsc rep_good nopl nonstop_tsc cpuid extd_apicid amd_dcm aperfmperf pni pclmulqdq monitor ssse3 fma cx16 sse4_1 sse4_2 movbe popcnt aes xsave avx f16c rdrand lahf_lm cmp_legacy svm extapic cr8_legacy abm sse4a misalignsse 3dnowprefetch osvw skinit wdt tce topoext perfctr_core perfctr_nb bpext perfctr_llc mwaitx cpb hw_pstate sme ssbd ibpb vmmcall fsgsbase bmi1 avx2 smep bmi2 rdseed adx smap clflushopt sha_ni xsaveopt xsavec xgetbv1 xsaves clzero irperf xsaveerptr arat npt lbrv svm_lock nrip_save tsc_scale vmcb_clean flushbyasid decodeassists pausefilter pfthreshold avic v_vmsave_vmload vgif overflow_recov succor smca

Memory: 4k page, physical 65882016k(234592k free), swap 2097148k(8k free)

vm_info: Java HotSpot(TM) 64-Bit Server VM (12.0.1+12) for linux-amd64 JRE (12.0.1+12), built on Apr  1 2019 23:46:14 by "mach5one" with gcc 7.3.0

END.
