#
# There is insufficient memory for the Java Runtime Environment to continue.
# Native memory allocation (mmap) failed to map 226492416 bytes for committing reserved memory.
# Possible reasons:
#   The system is out of physical RAM or swap space
#   The process is running with CompressedOops enabled, and the Java Heap may be blocking the growth of the native heap
# Possible solutions:
#   Reduce memory load on the system
#   Increase physical memory or swap space
#   Check if swap backing store is full
#   Decrease Java heap size (-Xmx/-Xms)
#   Decrease number of Java threads
#   Decrease Java thread stack sizes (-Xss)
#   Set larger code cache with -XX:ReservedCodeCacheSize=
#   JVM is running with Zero Based Compressed Oops mode in which the Java heap is
#     placed in the first 32GB address space. The Java Heap base address is the
#     maximum limit for the native heap growth. Please use -XX:HeapBaseMinAddress
#     to set the Java Heap base and to place the Java Heap above 32GB virtual address.
# This output file may be truncated or incomplete.
#
#  Out of Memory Error (os_linux.cpp:2659), pid=15565, tid=15721
#
# JRE version: Java(TM) SE Runtime Environment (12.0.1+12) (build 12.0.1+12)
# Java VM: Java HotSpot(TM) 64-Bit Server VM (12.0.1+12, mixed mode, sharing, tiered, compressed oops, g1 gc, linux-amd64)
# Core dump will be written. Default location: Core dumps may be processed with "/usr/share/apport/apport %p %s %c %d %P" (or dumping to /home/rflachlan/NetBeansProjects/ChaffinchABC/core.15565)
#

---------------  S U M M A R Y ------------

Command Line: /home/rflachlan/Dropbox/ChaffMainlandN//ChaffinchABC.jar 1 1 0 3054787544645546274 /home/rflachlan/Dropbox/ChaffMainlandN/

Host: AMD Ryzen Threadripper 2990WX 32-Core Processor, 64 cores, 62G, Ubuntu 18.04.2 LTS
Time: Wed Jul 17 17:15:57 2019 BST elapsed time: 84 seconds (0d 0h 1m 24s)

---------------  T H R E A D  ---------------

Current thread (0x00007f5b00327000):  VMThread "VM Thread" [stack: 0x00007f5aab700000,0x00007f5aab800000] [id=15721]

Stack: [0x00007f5aab700000,0x00007f5aab800000],  sp=0x00007f5aab7fdf30,  free space=1015k
Native frames: (J=compiled Java code, A=aot compiled Java code, j=interpreted, Vv=VM code, C=native code)
V  [libjvm.so+0xe43ca0]  VMError::report_and_die(int, char const*, char const*, __va_list_tag*, Thread*, unsigned char*, void*, void*, char const*, int, unsigned long)+0x310
V  [libjvm.so+0xe4486b]  VMError::report_and_die(Thread*, char const*, int, unsigned long, VMErrorType, char const*, __va_list_tag*)+0x2b
V  [libjvm.so+0x65df95]  report_vm_out_of_memory(char const*, int, unsigned long, VMErrorType, char const*, ...)+0xd5
V  [libjvm.so+0xbf8c18]  os::pd_commit_memory_or_exit(char*, unsigned long, unsigned long, bool, char const*)+0x108
V  [libjvm.so+0xbf03fd]  os::commit_memory_or_exit(char*, unsigned long, unsigned long, bool, char const*)+0x1d
V  [libjvm.so+0x78820c]  G1PageBasedVirtualSpace::commit_preferred_pages(unsigned long, unsigned long)+0x6c
V  [libjvm.so+0x7885a4]  G1PageBasedVirtualSpace::commit(unsigned long, unsigned long)+0x154
V  [libjvm.so+0x796370]  G1RegionsLargerThanCommitSizeMapper::commit_regions(unsigned int, unsigned long, WorkGang*)+0x40
V  [libjvm.so+0x8174c0]  HeapRegionManager::commit_regions(unsigned int, unsigned long, WorkGang*)+0x80
V  [libjvm.so+0x81822f]  HeapRegionManager::make_regions_available(unsigned int, unsigned int, WorkGang*)+0x3f
V  [libjvm.so+0x8187b9]  HeapRegionManager::expand_at(unsigned int, unsigned int, WorkGang*)+0x119
V  [libjvm.so+0x73cc00]  G1CollectedHeap::expand(unsigned long, WorkGang*, double*)+0xe0
V  [libjvm.so+0x7415d2]  G1CollectedHeap::do_collection_pause_at_safepoint(double)+0xa22
V  [libjvm.so+0x7a9c51]  VM_G1CollectForAllocation::doit()+0x81
V  [libjvm.so+0xe46287]  VM_Operation::evaluate()+0xe7
V  [libjvm.so+0xe4c12f]  VMThread::evaluate_operation(VM_Operation*) [clone .constprop.63]+0xff
V  [libjvm.so+0xe4c671]  VMThread::loop()+0x3f1
V  [libjvm.so+0xe4caa3]  VMThread::run()+0x73
V  [libjvm.so+0xdd21bf]  Thread::call_run()+0x16f
V  [libjvm.so+0xbfe94e]  thread_native_entry(Thread*)+0xee

VM_Operation (0x00007f5b08694430): G1CollectForAllocation, mode: safepoint, requested by thread 0x00007f5b00012800


---------------  P R O C E S S  ---------------

Threads class SMR info:
_java_thread_list=0x00007f5a081ae3f0, length=9, elements={
0x00007f5b00012800, 0x00007f5b0032a000, 0x00007f5b0032c000, 0x00007f5b00331000,
0x00007f5b00333800, 0x00007f5b0033d800, 0x00007f5b0033f800, 0x00007f5b0036f000,
0x00007f5b00374000
}

Java Threads: ( => current thread )
  0x00007f5b00012800 JavaThread "main" [_thread_blocked, id=15579, stack(0x00007f5b08595000,0x00007f5b08696000)]
  0x00007f5b0032a000 JavaThread "Reference Handler" daemon [_thread_blocked, id=15731, stack(0x00007f5aab5fd000,0x00007f5aab6fe000)]
  0x00007f5b0032c000 JavaThread "Finalizer" daemon [_thread_blocked, id=15735, stack(0x00007f5aab4fc000,0x00007f5aab5fd000)]
  0x00007f5b00331000 JavaThread "Signal Dispatcher" daemon [_thread_blocked, id=15777, stack(0x00007f5aaaa2c000,0x00007f5aaab2d000)]
  0x00007f5b00333800 JavaThread "C2 CompilerThread0" daemon [_thread_blocked, id=15788, stack(0x00007f5aaa92b000,0x00007f5aaaa2c000)]
  0x00007f5b0033d800 JavaThread "C1 CompilerThread0" daemon [_thread_blocked, id=15794, stack(0x00007f5aaa82a000,0x00007f5aaa92b000)]
  0x00007f5b0033f800 JavaThread "Sweeper thread" daemon [_thread_blocked, id=15796, stack(0x00007f5aaa729000,0x00007f5aaa82a000)]
  0x00007f5b0036f000 JavaThread "Service Thread" daemon [_thread_blocked, id=15921, stack(0x00007f5aaa426000,0x00007f5aaa527000)]
  0x00007f5b00374000 JavaThread "Common-Cleaner" daemon [_thread_blocked, id=15969, stack(0x00007f5aaa223000,0x00007f5aaa324000)]

Other Threads:
=>0x00007f5b00327000 VMThread "VM Thread" [stack: 0x00007f5aab700000,0x00007f5aab800000] [id=15721]
  0x00007f5b00372000 WatcherThread [stack: 0x00007f5aaa326000,0x00007f5aaa426000] [id=15957]
  0x00007f5b0006e800 GCTaskThread "GC Thread#0" [stack: 0x00007f5ac1063000,0x00007f5ac1163000] [id=15620]
  0x00007f5aa0001000 GCTaskThread "GC Thread#1" [stack: 0x00007f5aa98f5000,0x00007f5aa99f5000] [id=16272]
  0x00007f5aa0002000 GCTaskThread "GC Thread#2" [stack: 0x00007f5aa97f3000,0x00007f5aa98f3000] [id=16273]
  0x00007f5aa0003000 GCTaskThread "GC Thread#3" [stack: 0x00007f5aa96f1000,0x00007f5aa97f1000] [id=16274]
  0x00007f5aa0004800 GCTaskThread "GC Thread#4" [stack: 0x00007f5aa95ef000,0x00007f5aa96ef000] [id=16275]
  0x00007f5aa0006000 GCTaskThread "GC Thread#5" [stack: 0x00007f5aa94ed000,0x00007f5aa95ed000] [id=16276]
  0x00007f5aa0007800 GCTaskThread "GC Thread#6" [stack: 0x00007f5aa93eb000,0x00007f5aa94eb000] [id=16277]
  0x00007f5aa0009000 GCTaskThread "GC Thread#7" [stack: 0x00007f5aa92e9000,0x00007f5aa93e9000] [id=16278]
  0x00007f5aa000b000 GCTaskThread "GC Thread#8" [stack: 0x00007f5aa91e7000,0x00007f5aa92e7000] [id=16279]
  0x00007f5aa000c800 GCTaskThread "GC Thread#9" [stack: 0x00007f5aa90e5000,0x00007f5aa91e5000] [id=16280]
  0x00007f5aa000e000 GCTaskThread "GC Thread#10" [stack: 0x00007f5aa8fe3000,0x00007f5aa90e3000] [id=16281]
  0x00007f5aa000f800 GCTaskThread "GC Thread#11" [stack: 0x00007f5aa8ee1000,0x00007f5aa8fe1000] [id=16282]
  0x00007f5aa0011000 GCTaskThread "GC Thread#12" [stack: 0x00007f5aa8ddf000,0x00007f5aa8edf000] [id=16283]
  0x00007f5aa0012800 GCTaskThread "GC Thread#13" [stack: 0x00007f5aa8cdd000,0x00007f5aa8ddd000] [id=16284]
  0x00007f5aa0014000 GCTaskThread "GC Thread#14" [stack: 0x00007f5aa8bdb000,0x00007f5aa8cdb000] [id=16285]
  0x00007f5aa0015800 GCTaskThread "GC Thread#15" [stack: 0x00007f5aa8ad9000,0x00007f5aa8bd9000] [id=16286]
  0x00007f5aa0017000 GCTaskThread "GC Thread#16" [stack: 0x00007f5aa89d7000,0x00007f5aa8ad7000] [id=16287]
  0x00007f5aa0018800 GCTaskThread "GC Thread#17" [stack: 0x00007f5aa88d5000,0x00007f5aa89d5000] [id=16288]
  0x00007f5aa001a000 GCTaskThread "GC Thread#18" [stack: 0x00007f5aa87d3000,0x00007f5aa88d3000] [id=16289]
  0x00007f5aa001b800 GCTaskThread "GC Thread#19" [stack: 0x00007f5aa86d1000,0x00007f5aa87d1000] [id=16290]
  0x00007f5aa001d000 GCTaskThread "GC Thread#20" [stack: 0x00007f5aa85cf000,0x00007f5aa86cf000] [id=16291]
  0x00007f5aa001f000 GCTaskThread "GC Thread#21" [stack: 0x00007f5aa84cd000,0x00007f5aa85cd000] [id=16292]
  0x00007f5aa0020800 GCTaskThread "GC Thread#22" [stack: 0x00007f5aa83cb000,0x00007f5aa84cb000] [id=16293]
  0x00007f5aa0022800 GCTaskThread "GC Thread#23" [stack: 0x00007f5aa82c9000,0x00007f5aa83c9000] [id=16294]
  0x00007f5b00088800 ConcurrentGCThread "G1 Main Marker" [stack: 0x00007f5ac0f61000,0x00007f5ac1061000] [id=15623]
  0x00007f5b0008a000 ConcurrentGCThread "G1 Conc#0" [stack: 0x00007f5ac0e5f000,0x00007f5ac0f5f000] [id=15629]
  0x00007f5b002a5800 ConcurrentGCThread "G1 Refine#0" [stack: 0x00007f5ab01e3000,0x00007f5ab02e3000] [id=15674]
  0x00007f5aac001000 ConcurrentGCThread "G1 Refine#1" [stack: 0x00007f59ffcfe000,0x00007f59ffdfe000] [id=19375]
  0x00007f5a08057000 ConcurrentGCThread "G1 Refine#2" [stack: 0x00007f59ffbfc000,0x00007f59ffcfc000] [id=19378]
  0x00007f5a0c003800 ConcurrentGCThread "G1 Refine#3" [stack: 0x00007f59ffafa000,0x00007f59ffbfa000] [id=19384]
  0x00007f5a80090000 ConcurrentGCThread "G1 Refine#4" [stack: 0x00007f59ff9f8000,0x00007f59ffaf8000] [id=19385]
  0x00007f5a8404a800 ConcurrentGCThread "G1 Refine#5" [stack: 0x00007f59ff8f6000,0x00007f59ff9f6000] [id=19387]
  0x00007f5b002a7000 ConcurrentGCThread "G1 Young RemSet Sampling" [stack: 0x00007f5ab00e1000,0x00007f5ab01e1000] [id=15679]

Threads with active compile tasks:

VM state:at safepoint (normal execution)

VM Mutex/Monitor currently owned by a thread:  ([mutex/lock_event])
[0x00007f5b0000e5b0] Threads_lock - owner thread: 0x00007f5b00327000
[0x00007f5b0000ed90] Heap_lock - owner thread: 0x00007f5b00012800

Heap address: 0x0000000412800000, size: 16088 MB, Compressed Oops mode: Zero based, Oop shift amount: 3
Narrow klass base: 0x0000000800000000, Narrow klass shift: 3
Compressed class space size: 1073741824 Address: 0x0000000801129000

Heap:
 garbage-first heap   total 1261568K, used 188093K [0x0000000412800000, 0x0000000800000000)
  region size 4096K, 3 young (12288K), 3 survivors (12288K)
 Metaspace       used 1090K, capacity 5017K, committed 5376K, reserved 1056768K
  class space    used 56K, capacity 424K, committed 512K, reserved 1048576K
Heap Regions: E=young(eden), S=young(survivor), O=old, HS=humongous(starts), HC=humongous(continues), CS=collection set, F=free, A=archive, TAMS=top-at-mark-start (previous, next)
|   0|0x0000000412800000, 0x0000000412c00000, 0x0000000412c00000|100%| O|  |TAMS 0x0000000412800000, 0x0000000412800000| Untracked 
|   1|0x0000000412c00000, 0x0000000413000000, 0x0000000413000000|100%| O|  |TAMS 0x0000000412c00000, 0x0000000412c00000| Untracked 
|   2|0x0000000413000000, 0x0000000413400000, 0x0000000413400000|100%| O|  |TAMS 0x0000000413000000, 0x0000000413000000| Untracked 
|   3|0x0000000413400000, 0x0000000413800000, 0x0000000413800000|100%| O|  |TAMS 0x0000000413400000, 0x0000000413400000| Untracked 
|   4|0x0000000413800000, 0x0000000413c00000, 0x0000000413c00000|100%| O|  |TAMS 0x0000000413800000, 0x0000000413800000| Untracked 
|   5|0x0000000413c00000, 0x0000000414000000, 0x0000000414000000|100%| O|  |TAMS 0x0000000413c00000, 0x0000000413c00000| Untracked 
|   6|0x0000000414000000, 0x0000000414400000, 0x0000000414400000|100%| O|  |TAMS 0x0000000414000000, 0x0000000414000000| Untracked 
|   7|0x0000000414400000, 0x0000000414800000, 0x0000000414800000|100%| O|  |TAMS 0x0000000414400000, 0x0000000414400000| Untracked 
|   8|0x0000000414800000, 0x0000000414c00000, 0x0000000414c00000|100%| O|  |TAMS 0x0000000414800000, 0x0000000414800000| Untracked 
|   9|0x0000000414c00000, 0x0000000415000000, 0x0000000415000000|100%| O|  |TAMS 0x0000000414c00000, 0x0000000414c00000| Untracked 
|  10|0x0000000415000000, 0x0000000415400000, 0x0000000415400000|100%| O|  |TAMS 0x0000000415000000, 0x0000000415000000| Untracked 
|  11|0x0000000415400000, 0x0000000415800000, 0x0000000415800000|100%| O|  |TAMS 0x0000000415400000, 0x0000000415400000| Untracked 
|  12|0x0000000415800000, 0x0000000415c00000, 0x0000000415c00000|100%| O|  |TAMS 0x0000000415800000, 0x0000000415800000| Untracked 
|  13|0x0000000415c00000, 0x0000000416000000, 0x0000000416000000|100%| O|  |TAMS 0x0000000415c00000, 0x0000000415c00000| Untracked 
|  14|0x0000000416000000, 0x0000000416400000, 0x0000000416400000|100%| O|  |TAMS 0x0000000416000000, 0x0000000416000000| Untracked 
|  15|0x0000000416400000, 0x0000000416800000, 0x0000000416800000|100%| O|  |TAMS 0x0000000416400000, 0x0000000416400000| Untracked 
|  16|0x0000000416800000, 0x0000000416c00000, 0x0000000416c00000|100%| O|  |TAMS 0x0000000416800000, 0x0000000416800000| Untracked 
|  17|0x0000000416c00000, 0x0000000417000000, 0x0000000417000000|100%| O|  |TAMS 0x0000000416c00000, 0x0000000416c00000| Untracked 
|  18|0x0000000417000000, 0x0000000417400000, 0x0000000417400000|100%| O|  |TAMS 0x0000000417000000, 0x0000000417000000| Untracked 
|  19|0x0000000417400000, 0x0000000417800000, 0x0000000417800000|100%| O|  |TAMS 0x0000000417400000, 0x0000000417400000| Untracked 
|  20|0x0000000417800000, 0x0000000417c00000, 0x0000000417c00000|100%| O|  |TAMS 0x0000000417800000, 0x0000000417800000| Untracked 
|  21|0x0000000417c00000, 0x0000000418000000, 0x0000000418000000|100%| O|  |TAMS 0x0000000417c00000, 0x0000000417c00000| Untracked 
|  22|0x0000000418000000, 0x0000000418400000, 0x0000000418400000|100%| O|  |TAMS 0x0000000418000000, 0x0000000418000000| Untracked 
|  23|0x0000000418400000, 0x0000000418800000, 0x0000000418800000|100%| O|  |TAMS 0x0000000418400000, 0x0000000418400000| Untracked 
|  24|0x0000000418800000, 0x0000000418c00000, 0x0000000418c00000|100%| O|  |TAMS 0x0000000418800000, 0x0000000418800000| Untracked 
|  25|0x0000000418c00000, 0x0000000419000000, 0x0000000419000000|100%| O|  |TAMS 0x0000000418c00000, 0x0000000418c00000| Untracked 
|  26|0x0000000419000000, 0x0000000419400000, 0x0000000419400000|100%| O|  |TAMS 0x0000000419000000, 0x0000000419000000| Untracked 
|  27|0x0000000419400000, 0x0000000419800000, 0x0000000419800000|100%| O|  |TAMS 0x0000000419400000, 0x0000000419400000| Untracked 
|  28|0x0000000419800000, 0x0000000419c00000, 0x0000000419c00000|100%| O|  |TAMS 0x0000000419800000, 0x0000000419800000| Untracked 
|  29|0x0000000419c00000, 0x000000041a000000, 0x000000041a000000|100%| O|  |TAMS 0x0000000419c00000, 0x0000000419c00000| Untracked 
|  30|0x000000041a000000, 0x000000041a400000, 0x000000041a400000|100%| O|  |TAMS 0x000000041a000000, 0x000000041a000000| Untracked 
|  31|0x000000041a400000, 0x000000041a800000, 0x000000041a800000|100%| O|  |TAMS 0x000000041a400000, 0x000000041a400000| Untracked 
|  32|0x000000041a800000, 0x000000041ac00000, 0x000000041ac00000|100%| O|  |TAMS 0x000000041a800000, 0x000000041a800000| Untracked 
|  33|0x000000041ac00000, 0x000000041b000000, 0x000000041b000000|100%| O|  |TAMS 0x000000041ac00000, 0x000000041ac00000| Untracked 
|  34|0x000000041b000000, 0x000000041b400000, 0x000000041b400000|100%| O|  |TAMS 0x000000041b000000, 0x000000041b000000| Untracked 
|  35|0x000000041b400000, 0x000000041b800000, 0x000000041b800000|100%| O|  |TAMS 0x000000041b400000, 0x000000041b400000| Untracked 
|  36|0x000000041b800000, 0x000000041bc00000, 0x000000041bc00000|100%| O|  |TAMS 0x000000041b800000, 0x000000041b800000| Untracked 
|  37|0x000000041bc00000, 0x000000041c000000, 0x000000041c000000|100%| O|  |TAMS 0x000000041bc00000, 0x000000041bc00000| Untracked 
|  38|0x000000041c000000, 0x000000041c400000, 0x000000041c400000|100%| O|  |TAMS 0x000000041c000000, 0x000000041c000000| Untracked 
|  39|0x000000041c400000, 0x000000041c800000, 0x000000041c800000|100%| O|  |TAMS 0x000000041c400000, 0x000000041c400000| Untracked 
|  40|0x000000041c800000, 0x000000041cc00000, 0x000000041cc00000|100%| O|  |TAMS 0x000000041c800000, 0x000000041c800000| Untracked 
|  41|0x000000041cc00000, 0x000000041d000000, 0x000000041d000000|100%| O|  |TAMS 0x000000041cc00000, 0x000000041cc00000| Untracked 
|  42|0x000000041d000000, 0x000000041d000000, 0x000000041d400000|  0%| F|  |TAMS 0x000000041d000000, 0x000000041d000000| Untracked 
|  43|0x000000041d400000, 0x000000041d400000, 0x000000041d800000|  0%| F|  |TAMS 0x000000041d400000, 0x000000041d400000| Untracked 
|  44|0x000000041d800000, 0x000000041d800000, 0x000000041dc00000|  0%| F|  |TAMS 0x000000041d800000, 0x000000041d800000| Untracked 
|  45|0x000000041dc00000, 0x000000041dc00000, 0x000000041e000000|  0%| F|  |TAMS 0x000000041dc00000, 0x000000041dc00000| Untracked 
|  46|0x000000041e000000, 0x000000041e000000, 0x000000041e400000|  0%| F|  |TAMS 0x000000041e000000, 0x000000041e000000| Untracked 
|  47|0x000000041e400000, 0x000000041e400000, 0x000000041e800000|  0%| F|  |TAMS 0x000000041e400000, 0x000000041e400000| Untracked 
|  48|0x000000041e800000, 0x000000041e800000, 0x000000041ec00000|  0%| F|  |TAMS 0x000000041e800000, 0x000000041e800000| Untracked 
|  49|0x000000041ec00000, 0x000000041ec00000, 0x000000041f000000|  0%| F|  |TAMS 0x000000041ec00000, 0x000000041ec00000| Untracked 
|  50|0x000000041f000000, 0x000000041f000000, 0x000000041f400000|  0%| F|  |TAMS 0x000000041f000000, 0x000000041f000000| Untracked 
|  51|0x000000041f400000, 0x000000041f400000, 0x000000041f800000|  0%| F|  |TAMS 0x000000041f400000, 0x000000041f400000| Untracked 
|  52|0x000000041f800000, 0x000000041f800000, 0x000000041fc00000|  0%| F|  |TAMS 0x000000041f800000, 0x000000041f800000| Untracked 
|  53|0x000000041fc00000, 0x000000041fc00000, 0x0000000420000000|  0%| F|  |TAMS 0x000000041fc00000, 0x000000041fc00000| Untracked 
|  54|0x0000000420000000, 0x0000000420000000, 0x0000000420400000|  0%| F|  |TAMS 0x0000000420000000, 0x0000000420000000| Untracked 
|  55|0x0000000420400000, 0x0000000420400000, 0x0000000420800000|  0%| F|  |TAMS 0x0000000420400000, 0x0000000420400000| Untracked 
|  56|0x0000000420800000, 0x0000000420800000, 0x0000000420c00000|  0%| F|  |TAMS 0x0000000420800000, 0x0000000420800000| Untracked 
|  57|0x0000000420c00000, 0x0000000420c00000, 0x0000000421000000|  0%| F|  |TAMS 0x0000000420c00000, 0x0000000420c00000| Untracked 
|  58|0x0000000421000000, 0x0000000421000000, 0x0000000421400000|  0%| F|  |TAMS 0x0000000421000000, 0x0000000421000000| Untracked 
|  59|0x0000000421400000, 0x0000000421400000, 0x0000000421800000|  0%| F|  |TAMS 0x0000000421400000, 0x0000000421400000| Untracked 
|  60|0x0000000421800000, 0x0000000421800000, 0x0000000421c00000|  0%| F|  |TAMS 0x0000000421800000, 0x0000000421800000| Untracked 
|  61|0x0000000421c00000, 0x0000000421c00000, 0x0000000422000000|  0%| F|  |TAMS 0x0000000421c00000, 0x0000000421c00000| Untracked 
|  62|0x0000000422000000, 0x0000000422000000, 0x0000000422400000|  0%| F|  |TAMS 0x0000000422000000, 0x0000000422000000| Untracked 
|  63|0x0000000422400000, 0x0000000422400000, 0x0000000422800000|  0%| F|  |TAMS 0x0000000422400000, 0x0000000422400000| Untracked 
|  64|0x0000000422800000, 0x0000000422800000, 0x0000000422c00000|  0%| F|  |TAMS 0x0000000422800000, 0x0000000422800000| Untracked 
|  65|0x0000000422c00000, 0x0000000422c00000, 0x0000000423000000|  0%| F|  |TAMS 0x0000000422c00000, 0x0000000422c00000| Untracked 
|  66|0x0000000423000000, 0x0000000423000000, 0x0000000423400000|  0%| F|  |TAMS 0x0000000423000000, 0x0000000423000000| Untracked 
|  67|0x0000000423400000, 0x0000000423400000, 0x0000000423800000|  0%| F|  |TAMS 0x0000000423400000, 0x0000000423400000| Untracked 
|  68|0x0000000423800000, 0x0000000423800000, 0x0000000423c00000|  0%| F|  |TAMS 0x0000000423800000, 0x0000000423800000| Untracked 
|  69|0x0000000423c00000, 0x0000000423c00000, 0x0000000424000000|  0%| F|  |TAMS 0x0000000423c00000, 0x0000000423c00000| Untracked 
|  70|0x0000000424000000, 0x0000000424000000, 0x0000000424400000|  0%| F|  |TAMS 0x0000000424000000, 0x0000000424000000| Untracked 
|  71|0x0000000424400000, 0x0000000424400000, 0x0000000424800000|  0%| F|  |TAMS 0x0000000424400000, 0x0000000424400000| Untracked 
|  72|0x0000000424800000, 0x0000000424800000, 0x0000000424c00000|  0%| F|  |TAMS 0x0000000424800000, 0x0000000424800000| Untracked 
|  73|0x0000000424c00000, 0x0000000424c00000, 0x0000000425000000|  0%| F|  |TAMS 0x0000000424c00000, 0x0000000424c00000| Untracked 
|  74|0x0000000425000000, 0x0000000425000000, 0x0000000425400000|  0%| F|  |TAMS 0x0000000425000000, 0x0000000425000000| Untracked 
|  75|0x0000000425400000, 0x0000000425400000, 0x0000000425800000|  0%| F|  |TAMS 0x0000000425400000, 0x0000000425400000| Untracked 
|  76|0x0000000425800000, 0x0000000425800000, 0x0000000425c00000|  0%| F|  |TAMS 0x0000000425800000, 0x0000000425800000| Untracked 
|  77|0x0000000425c00000, 0x0000000425c00000, 0x0000000426000000|  0%| F|  |TAMS 0x0000000425c00000, 0x0000000425c00000| Untracked 
|  78|0x0000000426000000, 0x0000000426000000, 0x0000000426400000|  0%| F|  |TAMS 0x0000000426000000, 0x0000000426000000| Untracked 
|  79|0x0000000426400000, 0x0000000426400000, 0x0000000426800000|  0%| F|  |TAMS 0x0000000426400000, 0x0000000426400000| Untracked 
|  80|0x0000000426800000, 0x0000000426800000, 0x0000000426c00000|  0%| F|  |TAMS 0x0000000426800000, 0x0000000426800000| Untracked 
|  81|0x0000000426c00000, 0x0000000426c00000, 0x0000000427000000|  0%| F|  |TAMS 0x0000000426c00000, 0x0000000426c00000| Untracked 
|  82|0x0000000427000000, 0x0000000427000000, 0x0000000427400000|  0%| F|  |TAMS 0x0000000427000000, 0x0000000427000000| Untracked 
|  83|0x0000000427400000, 0x0000000427400000, 0x0000000427800000|  0%| F|  |TAMS 0x0000000427400000, 0x0000000427400000| Untracked 
|  84|0x0000000427800000, 0x0000000427800000, 0x0000000427c00000|  0%| F|  |TAMS 0x0000000427800000, 0x0000000427800000| Untracked 
|  85|0x0000000427c00000, 0x0000000427c00000, 0x0000000428000000|  0%| F|  |TAMS 0x0000000427c00000, 0x0000000427c00000| Untracked 
|  86|0x0000000428000000, 0x0000000428000000, 0x0000000428400000|  0%| F|  |TAMS 0x0000000428000000, 0x0000000428000000| Untracked 
|  87|0x0000000428400000, 0x0000000428400000, 0x0000000428800000|  0%| F|  |TAMS 0x0000000428400000, 0x0000000428400000| Untracked 
|  88|0x0000000428800000, 0x0000000428800000, 0x0000000428c00000|  0%| F|  |TAMS 0x0000000428800000, 0x0000000428800000| Untracked 
|  89|0x0000000428c00000, 0x0000000428c00000, 0x0000000429000000|  0%| F|  |TAMS 0x0000000428c00000, 0x0000000428c00000| Untracked 
|  90|0x0000000429000000, 0x0000000429000000, 0x0000000429400000|  0%| F|  |TAMS 0x0000000429000000, 0x0000000429000000| Untracked 
|  91|0x0000000429400000, 0x0000000429400000, 0x0000000429800000|  0%| F|  |TAMS 0x0000000429400000, 0x0000000429400000| Untracked 
|  92|0x0000000429800000, 0x0000000429800000, 0x0000000429c00000|  0%| F|  |TAMS 0x0000000429800000, 0x0000000429800000| Untracked 
|  93|0x0000000429c00000, 0x0000000429c00000, 0x000000042a000000|  0%| F|  |TAMS 0x0000000429c00000, 0x0000000429c00000| Untracked 
|  94|0x000000042a000000, 0x000000042a000000, 0x000000042a400000|  0%| F|  |TAMS 0x000000042a000000, 0x000000042a000000| Untracked 
|  95|0x000000042a400000, 0x000000042a400000, 0x000000042a800000|  0%| F|  |TAMS 0x000000042a400000, 0x000000042a400000| Untracked 
|  96|0x000000042a800000, 0x000000042a800000, 0x000000042ac00000|  0%| F|  |TAMS 0x000000042a800000, 0x000000042a800000| Untracked 
|  97|0x000000042ac00000, 0x000000042ac00000, 0x000000042b000000|  0%| F|  |TAMS 0x000000042ac00000, 0x000000042ac00000| Untracked 
|  98|0x000000042b000000, 0x000000042b000000, 0x000000042b400000|  0%| F|  |TAMS 0x000000042b000000, 0x000000042b000000| Untracked 
|  99|0x000000042b400000, 0x000000042b400000, 0x000000042b800000|  0%| F|  |TAMS 0x000000042b400000, 0x000000042b400000| Untracked 
| 100|0x000000042b800000, 0x000000042b800000, 0x000000042bc00000|  0%| F|  |TAMS 0x000000042b800000, 0x000000042b800000| Untracked 
| 101|0x000000042bc00000, 0x000000042bc00000, 0x000000042c000000|  0%| F|  |TAMS 0x000000042bc00000, 0x000000042bc00000| Untracked 
| 102|0x000000042c000000, 0x000000042c000000, 0x000000042c400000|  0%| F|  |TAMS 0x000000042c000000, 0x000000042c000000| Untracked 
| 103|0x000000042c400000, 0x000000042c400000, 0x000000042c800000|  0%| F|  |TAMS 0x000000042c400000, 0x000000042c400000| Untracked 
| 104|0x000000042c800000, 0x000000042c800000, 0x000000042cc00000|  0%| F|  |TAMS 0x000000042c800000, 0x000000042c800000| Untracked 
| 105|0x000000042cc00000, 0x000000042cc00000, 0x000000042d000000|  0%| F|  |TAMS 0x000000042cc00000, 0x000000042cc00000| Untracked 
| 106|0x000000042d000000, 0x000000042d000000, 0x000000042d400000|  0%| F|  |TAMS 0x000000042d000000, 0x000000042d000000| Untracked 
| 107|0x000000042d400000, 0x000000042d400000, 0x000000042d800000|  0%| F|  |TAMS 0x000000042d400000, 0x000000042d400000| Untracked 
| 108|0x000000042d800000, 0x000000042d800000, 0x000000042dc00000|  0%| F|  |TAMS 0x000000042d800000, 0x000000042d800000| Untracked 
| 109|0x000000042dc00000, 0x000000042dc00000, 0x000000042e000000|  0%| F|  |TAMS 0x000000042dc00000, 0x000000042dc00000| Untracked 
| 110|0x000000042e000000, 0x000000042e000000, 0x000000042e400000|  0%| F|  |TAMS 0x000000042e000000, 0x000000042e000000| Untracked 
| 111|0x000000042e400000, 0x000000042e400000, 0x000000042e800000|  0%| F|  |TAMS 0x000000042e400000, 0x000000042e400000| Untracked 
| 112|0x000000042e800000, 0x000000042e800000, 0x000000042ec00000|  0%| F|  |TAMS 0x000000042e800000, 0x000000042e800000| Untracked 
| 113|0x000000042ec00000, 0x000000042ec00000, 0x000000042f000000|  0%| F|  |TAMS 0x000000042ec00000, 0x000000042ec00000| Untracked 
| 114|0x000000042f000000, 0x000000042f000000, 0x000000042f400000|  0%| F|  |TAMS 0x000000042f000000, 0x000000042f000000| Untracked 
| 115|0x000000042f400000, 0x000000042f400000, 0x000000042f800000|  0%| F|  |TAMS 0x000000042f400000, 0x000000042f400000| Untracked 
| 116|0x000000042f800000, 0x000000042f800000, 0x000000042fc00000|  0%| F|  |TAMS 0x000000042f800000, 0x000000042f800000| Untracked 
| 117|0x000000042fc00000, 0x000000042fc00000, 0x0000000430000000|  0%| F|  |TAMS 0x000000042fc00000, 0x000000042fc00000| Untracked 
| 118|0x0000000430000000, 0x0000000430000000, 0x0000000430400000|  0%| F|  |TAMS 0x0000000430000000, 0x0000000430000000| Untracked 
| 119|0x0000000430400000, 0x0000000430400000, 0x0000000430800000|  0%| F|  |TAMS 0x0000000430400000, 0x0000000430400000| Untracked 
| 120|0x0000000430800000, 0x0000000430800000, 0x0000000430c00000|  0%| F|  |TAMS 0x0000000430800000, 0x0000000430800000| Untracked 
| 121|0x0000000430c00000, 0x0000000430c00000, 0x0000000431000000|  0%| F|  |TAMS 0x0000000430c00000, 0x0000000430c00000| Untracked 
| 122|0x0000000431000000, 0x0000000431000000, 0x0000000431400000|  0%| F|  |TAMS 0x0000000431000000, 0x0000000431000000| Untracked 
| 123|0x0000000431400000, 0x0000000431400000, 0x0000000431800000|  0%| F|  |TAMS 0x0000000431400000, 0x0000000431400000| Untracked 
| 124|0x0000000431800000, 0x0000000431800000, 0x0000000431c00000|  0%| F|  |TAMS 0x0000000431800000, 0x0000000431800000| Untracked 
| 125|0x0000000431c00000, 0x0000000431c00000, 0x0000000432000000|  0%| F|  |TAMS 0x0000000431c00000, 0x0000000431c00000| Untracked 
| 126|0x0000000432000000, 0x0000000432000000, 0x0000000432400000|  0%| F|  |TAMS 0x0000000432000000, 0x0000000432000000| Untracked 
| 127|0x0000000432400000, 0x0000000432400000, 0x0000000432800000|  0%| F|  |TAMS 0x0000000432400000, 0x0000000432400000| Untracked 
| 128|0x0000000432800000, 0x0000000432800000, 0x0000000432c00000|  0%| F|  |TAMS 0x0000000432800000, 0x0000000432800000| Untracked 
| 129|0x0000000432c00000, 0x0000000432c00000, 0x0000000433000000|  0%| F|  |TAMS 0x0000000432c00000, 0x0000000432c00000| Untracked 
| 130|0x0000000433000000, 0x0000000433000000, 0x0000000433400000|  0%| F|  |TAMS 0x0000000433000000, 0x0000000433000000| Untracked 
| 131|0x0000000433400000, 0x0000000433400000, 0x0000000433800000|  0%| F|  |TAMS 0x0000000433400000, 0x0000000433400000| Untracked 
| 132|0x0000000433800000, 0x0000000433800000, 0x0000000433c00000|  0%| F|  |TAMS 0x0000000433800000, 0x0000000433800000| Untracked 
| 133|0x0000000433c00000, 0x0000000433c00000, 0x0000000434000000|  0%| F|  |TAMS 0x0000000433c00000, 0x0000000433c00000| Untracked 
| 134|0x0000000434000000, 0x0000000434000000, 0x0000000434400000|  0%| F|  |TAMS 0x0000000434000000, 0x0000000434000000| Untracked 
| 135|0x0000000434400000, 0x0000000434400000, 0x0000000434800000|  0%| F|  |TAMS 0x0000000434400000, 0x0000000434400000| Untracked 
| 136|0x0000000434800000, 0x0000000434800000, 0x0000000434c00000|  0%| F|  |TAMS 0x0000000434800000, 0x0000000434800000| Untracked 
| 137|0x0000000434c00000, 0x0000000434c00000, 0x0000000435000000|  0%| F|  |TAMS 0x0000000434c00000, 0x0000000434c00000| Untracked 
| 138|0x0000000435000000, 0x0000000435000000, 0x0000000435400000|  0%| F|  |TAMS 0x0000000435000000, 0x0000000435000000| Untracked 
| 139|0x0000000435400000, 0x0000000435400000, 0x0000000435800000|  0%| F|  |TAMS 0x0000000435400000, 0x0000000435400000| Untracked 
| 140|0x0000000435800000, 0x0000000435800000, 0x0000000435c00000|  0%| F|  |TAMS 0x0000000435800000, 0x0000000435800000| Untracked 
| 141|0x0000000435c00000, 0x0000000435c00000, 0x0000000436000000|  0%| F|  |TAMS 0x0000000435c00000, 0x0000000435c00000| Untracked 
| 142|0x0000000436000000, 0x0000000436000000, 0x0000000436400000|  0%| F|  |TAMS 0x0000000436000000, 0x0000000436000000| Untracked 
| 143|0x0000000436400000, 0x0000000436400000, 0x0000000436800000|  0%| F|  |TAMS 0x0000000436400000, 0x0000000436400000| Untracked 
| 144|0x0000000436800000, 0x0000000436800000, 0x0000000436c00000|  0%| F|  |TAMS 0x0000000436800000, 0x0000000436800000| Untracked 
| 145|0x0000000436c00000, 0x0000000436c00000, 0x0000000437000000|  0%| F|  |TAMS 0x0000000436c00000, 0x0000000436c00000| Untracked 
| 146|0x0000000437000000, 0x0000000437000000, 0x0000000437400000|  0%| F|  |TAMS 0x0000000437000000, 0x0000000437000000| Untracked 
| 147|0x0000000437400000, 0x0000000437400000, 0x0000000437800000|  0%| F|  |TAMS 0x0000000437400000, 0x0000000437400000| Untracked 
| 148|0x0000000437800000, 0x0000000437800000, 0x0000000437c00000|  0%| F|  |TAMS 0x0000000437800000, 0x0000000437800000| Untracked 
| 149|0x0000000437c00000, 0x0000000437c00000, 0x0000000438000000|  0%| F|  |TAMS 0x0000000437c00000, 0x0000000437c00000| Untracked 
| 150|0x0000000438000000, 0x0000000438000000, 0x0000000438400000|  0%| F|  |TAMS 0x0000000438000000, 0x0000000438000000| Untracked 
| 151|0x0000000438400000, 0x0000000438400000, 0x0000000438800000|  0%| F|  |TAMS 0x0000000438400000, 0x0000000438400000| Untracked 
| 152|0x0000000438800000, 0x0000000438800000, 0x0000000438c00000|  0%| F|  |TAMS 0x0000000438800000, 0x0000000438800000| Untracked 
| 153|0x0000000438c00000, 0x0000000438c00000, 0x0000000439000000|  0%| F|  |TAMS 0x0000000438c00000, 0x0000000438c00000| Untracked 
| 154|0x0000000439000000, 0x0000000439000000, 0x0000000439400000|  0%| F|  |TAMS 0x0000000439000000, 0x0000000439000000| Untracked 
| 155|0x0000000439400000, 0x0000000439400000, 0x0000000439800000|  0%| F|  |TAMS 0x0000000439400000, 0x0000000439400000| Untracked 
| 156|0x0000000439800000, 0x0000000439800000, 0x0000000439c00000|  0%| F|  |TAMS 0x0000000439800000, 0x0000000439800000| Untracked 
| 157|0x0000000439c00000, 0x0000000439c00000, 0x000000043a000000|  0%| F|  |TAMS 0x0000000439c00000, 0x0000000439c00000| Untracked 
| 158|0x000000043a000000, 0x000000043a000000, 0x000000043a400000|  0%| F|  |TAMS 0x000000043a000000, 0x000000043a000000| Untracked 
| 159|0x000000043a400000, 0x000000043a400000, 0x000000043a800000|  0%| F|  |TAMS 0x000000043a400000, 0x000000043a400000| Untracked 
| 160|0x000000043a800000, 0x000000043a800000, 0x000000043ac00000|  0%| F|  |TAMS 0x000000043a800000, 0x000000043a800000| Untracked 
| 161|0x000000043ac00000, 0x000000043ac00000, 0x000000043b000000|  0%| F|  |TAMS 0x000000043ac00000, 0x000000043ac00000| Untracked 
| 162|0x000000043b000000, 0x000000043b000000, 0x000000043b400000|  0%| F|  |TAMS 0x000000043b000000, 0x000000043b000000| Untracked 
| 163|0x000000043b400000, 0x000000043b400000, 0x000000043b800000|  0%| F|  |TAMS 0x000000043b400000, 0x000000043b400000| Untracked 
| 164|0x000000043b800000, 0x000000043b800000, 0x000000043bc00000|  0%| F|  |TAMS 0x000000043b800000, 0x000000043b800000| Untracked 
| 165|0x000000043bc00000, 0x000000043bc00000, 0x000000043c000000|  0%| F|  |TAMS 0x000000043bc00000, 0x000000043bc00000| Untracked 
| 166|0x000000043c000000, 0x000000043c000000, 0x000000043c400000|  0%| F|  |TAMS 0x000000043c000000, 0x000000043c000000| Untracked 
| 167|0x000000043c400000, 0x000000043c400000, 0x000000043c800000|  0%| F|  |TAMS 0x000000043c400000, 0x000000043c400000| Untracked 
| 168|0x000000043c800000, 0x000000043c800000, 0x000000043cc00000|  0%| F|  |TAMS 0x000000043c800000, 0x000000043c800000| Untracked 
| 169|0x000000043cc00000, 0x000000043cc00000, 0x000000043d000000|  0%| F|  |TAMS 0x000000043cc00000, 0x000000043cc00000| Untracked 
| 170|0x000000043d000000, 0x000000043d000000, 0x000000043d400000|  0%| F|  |TAMS 0x000000043d000000, 0x000000043d000000| Untracked 
| 171|0x000000043d400000, 0x000000043d400000, 0x000000043d800000|  0%| F|  |TAMS 0x000000043d400000, 0x000000043d400000| Untracked 
| 172|0x000000043d800000, 0x000000043d800000, 0x000000043dc00000|  0%| F|  |TAMS 0x000000043d800000, 0x000000043d800000| Untracked 
| 173|0x000000043dc00000, 0x000000043dc00000, 0x000000043e000000|  0%| F|  |TAMS 0x000000043dc00000, 0x000000043dc00000| Untracked 
| 174|0x000000043e000000, 0x000000043e000000, 0x000000043e400000|  0%| F|  |TAMS 0x000000043e000000, 0x000000043e000000| Untracked 
| 175|0x000000043e400000, 0x000000043e400000, 0x000000043e800000|  0%| F|  |TAMS 0x000000043e400000, 0x000000043e400000| Untracked 
| 176|0x000000043e800000, 0x000000043e800000, 0x000000043ec00000|  0%| F|  |TAMS 0x000000043e800000, 0x000000043e800000| Untracked 
| 177|0x000000043ec00000, 0x000000043ec00000, 0x000000043f000000|  0%| F|  |TAMS 0x000000043ec00000, 0x000000043ec00000| Untracked 
| 178|0x000000043f000000, 0x000000043f000000, 0x000000043f400000|  0%| F|  |TAMS 0x000000043f000000, 0x000000043f000000| Untracked 
| 179|0x000000043f400000, 0x000000043f400000, 0x000000043f800000|  0%| F|  |TAMS 0x000000043f400000, 0x000000043f400000| Untracked 
| 180|0x000000043f800000, 0x000000043f800000, 0x000000043fc00000|  0%| F|  |TAMS 0x000000043f800000, 0x000000043f800000| Untracked 
| 181|0x000000043fc00000, 0x000000043fc00000, 0x0000000440000000|  0%| F|  |TAMS 0x000000043fc00000, 0x000000043fc00000| Untracked 
| 182|0x0000000440000000, 0x0000000440000000, 0x0000000440400000|  0%| F|  |TAMS 0x0000000440000000, 0x0000000440000000| Untracked 
| 183|0x0000000440400000, 0x0000000440400000, 0x0000000440800000|  0%| F|  |TAMS 0x0000000440400000, 0x0000000440400000| Untracked 
| 184|0x0000000440800000, 0x0000000440800000, 0x0000000440c00000|  0%| F|  |TAMS 0x0000000440800000, 0x0000000440800000| Untracked 
| 185|0x0000000440c00000, 0x0000000440c00000, 0x0000000441000000|  0%| F|  |TAMS 0x0000000440c00000, 0x0000000440c00000| Untracked 
| 186|0x0000000441000000, 0x0000000441000000, 0x0000000441400000|  0%| F|  |TAMS 0x0000000441000000, 0x0000000441000000| Untracked 
| 187|0x0000000441400000, 0x0000000441400000, 0x0000000441800000|  0%| F|  |TAMS 0x0000000441400000, 0x0000000441400000| Untracked 
| 188|0x0000000441800000, 0x0000000441800000, 0x0000000441c00000|  0%| F|  |TAMS 0x0000000441800000, 0x0000000441800000| Untracked 
| 189|0x0000000441c00000, 0x0000000441c00000, 0x0000000442000000|  0%| F|  |TAMS 0x0000000441c00000, 0x0000000441c00000| Untracked 
| 190|0x0000000442000000, 0x0000000442000000, 0x0000000442400000|  0%| F|  |TAMS 0x0000000442000000, 0x0000000442000000| Untracked 
| 191|0x0000000442400000, 0x0000000442400000, 0x0000000442800000|  0%| F|  |TAMS 0x0000000442400000, 0x0000000442400000| Untracked 
| 192|0x0000000442800000, 0x0000000442800000, 0x0000000442c00000|  0%| F|  |TAMS 0x0000000442800000, 0x0000000442800000| Untracked 
| 193|0x0000000442c00000, 0x0000000442c00000, 0x0000000443000000|  0%| F|  |TAMS 0x0000000442c00000, 0x0000000442c00000| Untracked 
| 194|0x0000000443000000, 0x0000000443000000, 0x0000000443400000|  0%| F|  |TAMS 0x0000000443000000, 0x0000000443000000| Untracked 
| 195|0x0000000443400000, 0x0000000443400000, 0x0000000443800000|  0%| F|  |TAMS 0x0000000443400000, 0x0000000443400000| Untracked 
| 196|0x0000000443800000, 0x0000000443800000, 0x0000000443c00000|  0%| F|  |TAMS 0x0000000443800000, 0x0000000443800000| Untracked 
| 197|0x0000000443c00000, 0x0000000443c00000, 0x0000000444000000|  0%| F|  |TAMS 0x0000000443c00000, 0x0000000443c00000| Untracked 
| 198|0x0000000444000000, 0x0000000444000000, 0x0000000444400000|  0%| F|  |TAMS 0x0000000444000000, 0x0000000444000000| Untracked 
| 199|0x0000000444400000, 0x0000000444400000, 0x0000000444800000|  0%| F|  |TAMS 0x0000000444400000, 0x0000000444400000| Untracked 
| 200|0x0000000444800000, 0x0000000444800000, 0x0000000444c00000|  0%| F|  |TAMS 0x0000000444800000, 0x0000000444800000| Untracked 
| 201|0x0000000444c00000, 0x0000000444c00000, 0x0000000445000000|  0%| F|  |TAMS 0x0000000444c00000, 0x0000000444c00000| Untracked 
| 202|0x0000000445000000, 0x0000000445000000, 0x0000000445400000|  0%| F|  |TAMS 0x0000000445000000, 0x0000000445000000| Untracked 
| 203|0x0000000445400000, 0x0000000445400000, 0x0000000445800000|  0%| F|  |TAMS 0x0000000445400000, 0x0000000445400000| Untracked 
| 204|0x0000000445800000, 0x0000000445800000, 0x0000000445c00000|  0%| F|  |TAMS 0x0000000445800000, 0x0000000445800000| Untracked 
| 205|0x0000000445c00000, 0x0000000445c00000, 0x0000000446000000|  0%| F|  |TAMS 0x0000000445c00000, 0x0000000445c00000| Untracked 
| 206|0x0000000446000000, 0x0000000446000000, 0x0000000446400000|  0%| F|  |TAMS 0x0000000446000000, 0x0000000446000000| Untracked 
| 207|0x0000000446400000, 0x0000000446400000, 0x0000000446800000|  0%| F|  |TAMS 0x0000000446400000, 0x0000000446400000| Untracked 
| 208|0x0000000446800000, 0x0000000446800000, 0x0000000446c00000|  0%| F|  |TAMS 0x0000000446800000, 0x0000000446800000| Untracked 
| 209|0x0000000446c00000, 0x0000000446c00000, 0x0000000447000000|  0%| F|  |TAMS 0x0000000446c00000, 0x0000000446c00000| Untracked 
| 210|0x0000000447000000, 0x0000000447000000, 0x0000000447400000|  0%| F|  |TAMS 0x0000000447000000, 0x0000000447000000| Untracked 
| 211|0x0000000447400000, 0x0000000447400000, 0x0000000447800000|  0%| F|  |TAMS 0x0000000447400000, 0x0000000447400000| Untracked 
| 212|0x0000000447800000, 0x0000000447800000, 0x0000000447c00000|  0%| F|  |TAMS 0x0000000447800000, 0x0000000447800000| Untracked 
| 213|0x0000000447c00000, 0x0000000447c00000, 0x0000000448000000|  0%| F|  |TAMS 0x0000000447c00000, 0x0000000447c00000| Untracked 
| 214|0x0000000448000000, 0x0000000448000000, 0x0000000448400000|  0%| F|  |TAMS 0x0000000448000000, 0x0000000448000000| Untracked 
| 215|0x0000000448400000, 0x0000000448400000, 0x0000000448800000|  0%| F|  |TAMS 0x0000000448400000, 0x0000000448400000| Untracked 
| 216|0x0000000448800000, 0x0000000448800000, 0x0000000448c00000|  0%| F|  |TAMS 0x0000000448800000, 0x0000000448800000| Untracked 
| 217|0x0000000448c00000, 0x0000000448c00000, 0x0000000449000000|  0%| F|  |TAMS 0x0000000448c00000, 0x0000000448c00000| Untracked 
| 218|0x0000000449000000, 0x0000000449000000, 0x0000000449400000|  0%| F|  |TAMS 0x0000000449000000, 0x0000000449000000| Untracked 
| 219|0x0000000449400000, 0x0000000449400000, 0x0000000449800000|  0%| F|  |TAMS 0x0000000449400000, 0x0000000449400000| Untracked 
| 220|0x0000000449800000, 0x0000000449800000, 0x0000000449c00000|  0%| F|  |TAMS 0x0000000449800000, 0x0000000449800000| Untracked 
| 221|0x0000000449c00000, 0x0000000449c00000, 0x000000044a000000|  0%| F|  |TAMS 0x0000000449c00000, 0x0000000449c00000| Untracked 
| 222|0x000000044a000000, 0x000000044a000000, 0x000000044a400000|  0%| F|  |TAMS 0x000000044a000000, 0x000000044a000000| Untracked 
| 223|0x000000044a400000, 0x000000044a400000, 0x000000044a800000|  0%| F|  |TAMS 0x000000044a400000, 0x000000044a400000| Untracked 
| 224|0x000000044a800000, 0x000000044a800000, 0x000000044ac00000|  0%| F|  |TAMS 0x000000044a800000, 0x000000044a800000| Untracked 
| 225|0x000000044ac00000, 0x000000044ac00000, 0x000000044b000000|  0%| F|  |TAMS 0x000000044ac00000, 0x000000044ac00000| Untracked 
| 226|0x000000044b000000, 0x000000044b000000, 0x000000044b400000|  0%| F|  |TAMS 0x000000044b000000, 0x000000044b000000| Untracked 
| 227|0x000000044b400000, 0x000000044b400000, 0x000000044b800000|  0%| F|  |TAMS 0x000000044b400000, 0x000000044b400000| Untracked 
| 228|0x000000044b800000, 0x000000044b800000, 0x000000044bc00000|  0%| F|  |TAMS 0x000000044b800000, 0x000000044b800000| Untracked 
| 229|0x000000044bc00000, 0x000000044bc00000, 0x000000044c000000|  0%| F|  |TAMS 0x000000044bc00000, 0x000000044bc00000| Untracked 
| 230|0x000000044c000000, 0x000000044c000000, 0x000000044c400000|  0%| F|  |TAMS 0x000000044c000000, 0x000000044c000000| Untracked 
| 231|0x000000044c400000, 0x000000044c400000, 0x000000044c800000|  0%| F|  |TAMS 0x000000044c400000, 0x000000044c400000| Untracked 
| 232|0x000000044c800000, 0x000000044c800000, 0x000000044cc00000|  0%| F|  |TAMS 0x000000044c800000, 0x000000044c800000| Untracked 
| 233|0x000000044cc00000, 0x000000044cc00000, 0x000000044d000000|  0%| F|  |TAMS 0x000000044cc00000, 0x000000044cc00000| Untracked 
| 234|0x000000044d000000, 0x000000044d000000, 0x000000044d400000|  0%| F|  |TAMS 0x000000044d000000, 0x000000044d000000| Untracked 
| 235|0x000000044d400000, 0x000000044d400000, 0x000000044d800000|  0%| F|  |TAMS 0x000000044d400000, 0x000000044d400000| Untracked 
| 236|0x000000044d800000, 0x000000044d800000, 0x000000044dc00000|  0%| F|  |TAMS 0x000000044d800000, 0x000000044d800000| Untracked 
| 237|0x000000044dc00000, 0x000000044dc00000, 0x000000044e000000|  0%| F|  |TAMS 0x000000044dc00000, 0x000000044dc00000| Untracked 
| 238|0x000000044e000000, 0x000000044e000000, 0x000000044e400000|  0%| F|  |TAMS 0x000000044e000000, 0x000000044e000000| Untracked 
| 239|0x000000044e400000, 0x000000044e400000, 0x000000044e800000|  0%| F|  |TAMS 0x000000044e400000, 0x000000044e400000| Untracked 
| 240|0x000000044e800000, 0x000000044e800000, 0x000000044ec00000|  0%| F|  |TAMS 0x000000044e800000, 0x000000044e800000| Untracked 
| 241|0x000000044ec00000, 0x000000044ec00000, 0x000000044f000000|  0%| F|  |TAMS 0x000000044ec00000, 0x000000044ec00000| Untracked 
| 242|0x000000044f000000, 0x000000044f000000, 0x000000044f400000|  0%| F|  |TAMS 0x000000044f000000, 0x000000044f000000| Untracked 
| 243|0x000000044f400000, 0x000000044f400000, 0x000000044f800000|  0%| F|  |TAMS 0x000000044f400000, 0x000000044f400000| Untracked 
| 244|0x000000044f800000, 0x000000044f800000, 0x000000044fc00000|  0%| F|  |TAMS 0x000000044f800000, 0x000000044f800000| Untracked 
| 245|0x000000044fc00000, 0x000000044fc00000, 0x0000000450000000|  0%| F|  |TAMS 0x000000044fc00000, 0x000000044fc00000| Untracked 
| 246|0x0000000450000000, 0x0000000450000000, 0x0000000450400000|  0%| F|  |TAMS 0x0000000450000000, 0x0000000450000000| Untracked 
| 247|0x0000000450400000, 0x00000004507f6660, 0x0000000450800000| 99%| S|CS|TAMS 0x0000000450400000, 0x0000000450400000| Complete 
| 248|0x0000000450800000, 0x0000000450c00000, 0x0000000450c00000|100%| S|CS|TAMS 0x0000000450800000, 0x0000000450800000| Complete 
| 249|0x0000000450c00000, 0x0000000451000000, 0x0000000451000000|100%| S|CS|TAMS 0x0000000450c00000, 0x0000000450c00000| Complete 
| 250|0x0000000451000000, 0x0000000451000000, 0x0000000451400000|  0%| F|  |TAMS 0x0000000451000000, 0x0000000451000000| Untracked 
| 251|0x0000000451400000, 0x0000000451400000, 0x0000000451800000|  0%| F|  |TAMS 0x0000000451400000, 0x0000000451400000| Untracked 
|4020|0x00000007ff800000, 0x00000007ffb47000, 0x00000007ffc00000| 81%|OA|  |TAMS 0x00000007ff800000, 0x00000007ff800000| Untracked 
|4021|0x00000007ffc00000, 0x00000007ffc72000, 0x0000000800000000| 11%|CA|  |TAMS 0x00000007ffc00000, 0x00000007ffc00000| Untracked 

Card table byte_map: [0x00007f5ae2c80000,0x00007f5ae4bec000] _byte_map_base: 0x00007f5ae0bec000

Marking Bits (Prev, Next): (CMBitMap*) 0x00007f5b0006fcb8, (CMBitMap*) 0x00007f5b0006fcf8
 Prev Bits: [0x00007f5ad11b4000, 0x00007f5ae0d14000)
 Next Bits: [0x00007f5ac1654000, 0x00007f5ad11b4000)

Polling page: 0x00007f5b086ad000

Metaspace:

Usage:
  Non-class:      4.49 MB capacity,     1.01 MB ( 23%) used,     3.48 MB ( 77%) free+waste,   576 bytes ( <1%) overhead. 
      Class:    424.00 KB capacity,    56.97 KB ( 13%) used,   366.66 KB ( 86%) free+waste,   384 bytes ( <1%) overhead. 
       Both:      4.90 MB capacity,     1.07 MB ( 22%) used,     3.83 MB ( 78%) free+waste,   960 bytes ( <1%) overhead. 

Virtual space:
  Non-class space:        8.00 MB reserved,       4.75 MB ( 59%) committed 
      Class space:        1.00 GB reserved,     512.00 KB ( <1%) committed 
             Both:        1.01 GB reserved,       5.25 MB ( <1%) committed 

Chunk freelists:
   Non-Class:  9.88 KB
       Class:  2.50 KB
        Both:  12.38 KB

CodeHeap 'non-profiled nmethods': size=118596Kb used=425Kb max_used=425Kb free=118170Kb
 bounds [0x00007f5af07a7000, 0x00007f5af0a17000, 0x00007f5af7b78000]
CodeHeap 'profiled nmethods': size=118596Kb used=923Kb max_used=923Kb free=117672Kb
 bounds [0x00007f5ae93d6000, 0x00007f5ae9646000, 0x00007f5af07a7000]
CodeHeap 'non-nmethods': size=8568Kb used=1029Kb max_used=3311Kb free=7538Kb
 bounds [0x00007f5ae8b78000, 0x00007f5ae8eb8000, 0x00007f5ae93d6000]
 total_blobs=1042 nmethods=432 adapters=213
 compilation: enabled
              stopped_count=0, restarted_count=0
 full_count=0

Compilation events (10 events):
Event: 67.130 Thread 0x00007f5b00333800 nmethod 428% 0x00007f5af080b310 code [0x00007f5af080b520, 0x00007f5af080c2c8]
Event: 67.154 Thread 0x00007f5a9409b800 nmethod 419 0x00007f5af080cc10 code [0x00007f5af080ce20, 0x00007f5af080e4f8]
Event: 67.245 Thread 0x00007f5b00333800  429       4       org.ChaffinchABC.ChaffinchABC::iterateSimulation (79 bytes)
Event: 67.253 Thread 0x00007f5b00333800 nmethod 429 0x00007f5af080f210 code [0x00007f5af080f3e0, 0x00007f5af080f868]
Event: 80.381 Thread 0x00007f5b0033d800  430       3       org.ChaffinchABC.Individual::learnSongs (57 bytes)
Event: 80.381 Thread 0x00007f5b00333800  431       4       org.ChaffinchABC.Individual::buildRepertoireConformist2 (22 bytes)
Event: 80.386 Thread 0x00007f5b0033d800 nmethod 430 0x00007f5ae94bc310 code [0x00007f5ae94bc560, 0x00007f5ae94bcb28]
Event: 80.419 Thread 0x00007f5b00333800 nmethod 431 0x00007f5af080fc90 code [0x00007f5af080fe60, 0x00007f5af08103d8]
Event: 80.419 Thread 0x00007f5b00333800  432       4       org.ChaffinchABC.Individual::learnSongs (57 bytes)
Event: 80.512 Thread 0x00007f5b00333800 nmethod 432 0x00007f5af0810790 code [0x00007f5af0810980, 0x00007f5af0811108]

GC Heap History (10 events):
Event: 4.249 GC heap after
{Heap after GC invocations=6 (full 0):
 garbage-first heap   total 1040384K, used 51222K [0x0000000412800000, 0x0000000800000000)
  region size 4096K, 1 young (4096K), 1 survivors (4096K)
 Metaspace       used 573K, capacity 4552K, committed 4864K, reserved 1056768K
  class space    used 27K, capacity 388K, committed 512K, reserved 1048576K
}
Event: 5.243 GC heap before
{Heap before GC invocations=6 (full 0):
 garbage-first heap   total 1040384K, used 489494K [0x0000000412800000, 0x0000000800000000)
  region size 4096K, 108 young (442368K), 1 survivors (4096K)
 Metaspace       used 573K, capacity 4552K, committed 4864K, reserved 1056768K
  class space    used 27K, capacity 388K, committed 512K, reserved 1048576K
}
Event: 5.245 GC heap after
{Heap after GC invocations=7 (full 0):
 garbage-first heap   total 1040384K, used 51220K [0x0000000412800000, 0x0000000800000000)
  region size 4096K, 1 young (4096K), 1 survivors (4096K)
 Metaspace       used 573K, capacity 4552K, committed 4864K, reserved 1056768K
  class space    used 27K, capacity 388K, committed 512K, reserved 1048576K
}
Event: 5.999 GC heap before
{Heap before GC invocations=7 (full 0):
 garbage-first heap   total 1040384K, used 595988K [0x0000000412800000, 0x0000000800000000)
  region size 4096K, 134 young (548864K), 1 survivors (4096K)
 Metaspace       used 573K, capacity 4552K, committed 4864K, reserved 1056768K
  class space    used 27K, capacity 388K, committed 512K, reserved 1048576K
}
Event: 6.001 GC heap after
{Heap after GC invocations=8 (full 0):
 garbage-first heap   total 1040384K, used 51222K [0x0000000412800000, 0x0000000800000000)
  region size 4096K, 1 young (4096K), 1 survivors (4096K)
 Metaspace       used 573K, capacity 4552K, committed 4864K, reserved 1056768K
  class space    used 27K, capacity 388K, committed 512K, reserved 1048576K
}
Event: 6.944 GC heap before
{Heap before GC invocations=8 (full 0):
 garbage-first heap   total 1040384K, used 665622K [0x0000000412800000, 0x0000000800000000)
  region size 4096K, 151 young (618496K), 1 survivors (4096K)
 Metaspace       used 573K, capacity 4552K, committed 4864K, reserved 1056768K
  class space    used 27K, capacity 388K, committed 512K, reserved 1048576K
}
Event: 6.946 GC heap after
{Heap after GC invocations=9 (full 0):
 garbage-first heap   total 1040384K, used 51220K [0x0000000412800000, 0x0000000800000000)
  region size 4096K, 1 young (4096K), 1 survivors (4096K)
 Metaspace       used 573K, capacity 4552K, committed 4864K, reserved 1056768K
  class space    used 27K, capacity 388K, committed 512K, reserved 1048576K
}
Event: 84.153 GC heap before
{Heap before GC invocations=9 (full 0):
 garbage-first heap   total 1040384K, used 665620K [0x0000000412800000, 0x0000000800000000)
  region size 4096K, 151 young (618496K), 1 survivors (4096K)
 Metaspace       used 1090K, capacity 5017K, committed 5376K, reserved 1056768K
  class space    used 56K, capacity 424K, committed 512K, reserved 1048576K
}
Event: 84.332 GC heap after
{Heap after GC invocations=10 (full 0):
 garbage-first heap   total 1040384K, used 177962K [0x0000000412800000, 0x0000000800000000)
  region size 4096K, 19 young (77824K), 19 survivors (77824K)
 Metaspace       used 1090K, capacity 5017K, committed 5376K, reserved 1056768K
  class space    used 56K, capacity 424K, committed 512K, reserved 1048576K
}
Event: 84.698 GC heap before
{Heap before GC invocations=10 (full 0):
 garbage-first heap   total 1040384K, used 186154K [0x0000000412800000, 0x0000000800000000)
  region size 4096K, 21 young (86016K), 19 survivors (77824K)
 Metaspace       used 1090K, capacity 5017K, committed 5376K, reserved 1056768K
  class space    used 56K, capacity 424K, committed 512K, reserved 1048576K
}

Deoptimization events (10 events):
Event: 1.333 Thread 0x00007f5b00012800 Uncommon trap: reason=unstable_if action=reinterpret pc=0x00007f5af07c6a28 method=java.lang.Integer.numberOfTrailingZeros(I)I @ 22 c2
Event: 3.368 Thread 0x00007f5b00012800 Uncommon trap: reason=unstable_if action=reinterpret pc=0x00007f5af07c9c34 method=jdk.internal.math.FDBigInteger.valueOfMulPow52(JII)Ljdk/internal/math/FDBigInteger; @ 243 c2
Event: 6.961 Thread 0x00007f5b00012800 Uncommon trap: reason=unstable_if action=reinterpret pc=0x00007f5af07e550c method=org.ChaffinchABC.EmpData.parseDissFileSyl([[ILjava/lang/String;)[[D @ 108 c2
Event: 6.962 Thread 0x00007f5b00012800 Uncommon trap: reason=unstable_if action=reinterpret pc=0x00007f5af07b3924 method=java.lang.String.substring(II)Ljava/lang/String; @ 22 c2
Event: 27.571 Thread 0x00007f5b00012800 Uncommon trap: reason=unstable_if action=reinterpret pc=0x00007f5af07fb488 method=org.ChaffinchABC.MeasureStatistics.calculateThresholdSpectrum([[DD)[[I @ 24 c2
Event: 27.679 Thread 0x00007f5b00012800 Uncommon trap: reason=unstable_if action=reinterpret pc=0x00007f5af07fe008 method=org.ChaffinchABC.ChaffinchABC.initiateSimulation()V @ 24 c2
Event: 27.679 Thread 0x00007f5b00012800 Uncommon trap: reason=unstable_if action=reinterpret pc=0x00007f5af07f743c method=org.apache.commons.math3.util.FastMath.exp(DD[D)D @ 339 c2
Event: 52.076 Thread 0x00007f5b00012800 Uncommon trap: reason=unstable_if action=reinterpret pc=0x00007f5af07f423c method=org.ChaffinchABC.Individual.setRepertoireSize()V @ 4 c2
Event: 52.207 Thread 0x00007f5b00012800 Uncommon trap: reason=unstable_if action=reinterpret pc=0x00007f5af07f21d0 method=org.ChaffinchABC.Individual.updateRepertoire()V @ 4 c2
Event: 80.365 Thread 0x00007f5b00012800 Uncommon trap: reason=unstable_if action=reinterpret pc=0x00007f5af080e264 method=org.ChaffinchABC.Parameters.nextInt(I)I @ 27 c2

Classes redefined (0 events):
No events

Internal exceptions (10 events):
Event: 27.584 Thread 0x00007f5b00012800 Exception <a 'java/io/IOException'{0x000000044cf8e560}> (0x000000044cf8e560) thrown at [/scratch/opt/mach5/mesos/work_dir/slaves/2dd962d0-8988-479b-a804-57ab764ada59-S77524/frameworks/1735e8a2-a1db-478c-8104-60c8b0af87dd-0196/executors/1f998a92-396c-4330-
Event: 27.584 Thread 0x00007f5b00012800 Exception <a 'java/io/IOException'{0x000000044cf8e898}> (0x000000044cf8e898) thrown at [/scratch/opt/mach5/mesos/work_dir/slaves/2dd962d0-8988-479b-a804-57ab764ada59-S77524/frameworks/1735e8a2-a1db-478c-8104-60c8b0af87dd-0196/executors/1f998a92-396c-4330-
Event: 27.584 Thread 0x00007f5b00012800 Exception <a 'java/io/IOException'{0x000000044cf8eba0}> (0x000000044cf8eba0) thrown at [/scratch/opt/mach5/mesos/work_dir/slaves/2dd962d0-8988-479b-a804-57ab764ada59-S77524/frameworks/1735e8a2-a1db-478c-8104-60c8b0af87dd-0196/executors/1f998a92-396c-4330-
Event: 27.584 Thread 0x00007f5b00012800 Exception <a 'java/io/IOException'{0x000000044cf8f568}> (0x000000044cf8f568) thrown at [/scratch/opt/mach5/mesos/work_dir/slaves/2dd962d0-8988-479b-a804-57ab764ada59-S77524/frameworks/1735e8a2-a1db-478c-8104-60c8b0af87dd-0196/executors/1f998a92-396c-4330-
Event: 27.584 Thread 0x00007f5b00012800 Exception <a 'java/io/IOException'{0x000000044cf8f950}> (0x000000044cf8f950) thrown at [/scratch/opt/mach5/mesos/work_dir/slaves/2dd962d0-8988-479b-a804-57ab764ada59-S77524/frameworks/1735e8a2-a1db-478c-8104-60c8b0af87dd-0196/executors/1f998a92-396c-4330-
Event: 27.584 Thread 0x00007f5b00012800 Exception <a 'java/io/IOException'{0x000000044cf8fd38}> (0x000000044cf8fd38) thrown at [/scratch/opt/mach5/mesos/work_dir/slaves/2dd962d0-8988-479b-a804-57ab764ada59-S77524/frameworks/1735e8a2-a1db-478c-8104-60c8b0af87dd-0196/executors/1f998a92-396c-4330-
Event: 27.584 Thread 0x00007f5b00012800 Exception <a 'java/io/IOException'{0x000000044cf90120}> (0x000000044cf90120) thrown at [/scratch/opt/mach5/mesos/work_dir/slaves/2dd962d0-8988-479b-a804-57ab764ada59-S77524/frameworks/1735e8a2-a1db-478c-8104-60c8b0af87dd-0196/executors/1f998a92-396c-4330-
Event: 27.584 Thread 0x00007f5b00012800 Exception <a 'java/io/IOException'{0x000000044cf90508}> (0x000000044cf90508) thrown at [/scratch/opt/mach5/mesos/work_dir/slaves/2dd962d0-8988-479b-a804-57ab764ada59-S77524/frameworks/1735e8a2-a1db-478c-8104-60c8b0af87dd-0196/executors/1f998a92-396c-4330-
Event: 27.584 Thread 0x00007f5b00012800 Exception <a 'java/io/IOException'{0x000000044cf90840}> (0x000000044cf90840) thrown at [/scratch/opt/mach5/mesos/work_dir/slaves/2dd962d0-8988-479b-a804-57ab764ada59-S77524/frameworks/1735e8a2-a1db-478c-8104-60c8b0af87dd-0196/executors/1f998a92-396c-4330-
Event: 27.584 Thread 0x00007f5b00012800 Exception <a 'java/io/IOException'{0x000000044cf90b48}> (0x000000044cf90b48) thrown at [/scratch/opt/mach5/mesos/work_dir/slaves/2dd962d0-8988-479b-a804-57ab764ada59-S77524/frameworks/1735e8a2-a1db-478c-8104-60c8b0af87dd-0196/executors/1f998a92-396c-4330-

Events (10 events):
Event: 67.118 Thread 0x00007f5b00012800 DEOPT UNPACKING pc=0x00007f5ae8ba11ba sp=0x00007f5b08693c30 mode 0
Event: 67.269 Thread 0x00007f5b00012800 DEOPT PACKING pc=0x00007f5ae94bb88d sp=0x00007f5b08694760
Event: 67.269 Thread 0x00007f5b00012800 DEOPT UNPACKING pc=0x00007f5ae8ba11ba sp=0x00007f5b08693c30 mode 0
Event: 72.246 Thread 0x00007f5a9409b800 Thread exited: 0x00007f5a9409b800
Event: 80.364 Thread 0x00007f5b00012800 Uncommon trap: trap_request=0xffffff4d fr.pc=0x00007f5af080e264 relative=0x0000000000001444
Event: 80.366 Thread 0x00007f5b00012800 DEOPT PACKING pc=0x00007f5af080e264 sp=0x00007f5b08694710
Event: 80.366 Thread 0x00007f5b00012800 DEOPT UNPACKING pc=0x00007f5ae8ba13a5 sp=0x00007f5b08694608 mode 2
Event: 84.152 Executing VM operation: G1CollectForAllocation
Event: 84.332 Executing VM operation: G1CollectForAllocation done
Event: 84.696 Executing VM operation: G1CollectForAllocation


Dynamic libraries:
00400000-00401000 r-xp 00000000 103:02 15872717                          /usr/lib/jvm/java-12-oracle/bin/java
00600000-00601000 r--p 00000000 103:02 15872717                          /usr/lib/jvm/java-12-oracle/bin/java
00601000-00602000 rw-p 00001000 103:02 15872717                          /usr/lib/jvm/java-12-oracle/bin/java
01504000-01525000 rw-p 00000000 00:00 0                                  [heap]
412800000-451800000 rw-p 00000000 00:00 0 
45f000000-7ff800000 ---p 00000000 00:00 0 
7ff800000-7ffb00000 rw-p 00000000 00:00 0 
7ffb00000-7ffb47000 rw-p 0119c000 103:02 15872896                        /usr/lib/jvm/java-12-oracle/lib/server/classes.jsa
7ffb47000-7ffc00000 rw-p 00000000 00:00 0 
7ffc00000-7ffc72000 rw-p 0112a000 103:02 15872896                        /usr/lib/jvm/java-12-oracle/lib/server/classes.jsa
7ffc72000-800000000 rw-p 00000000 00:00 0 
800000000-800003000 rwxp 00001000 103:02 15872896                        /usr/lib/jvm/java-12-oracle/lib/server/classes.jsa
800003000-8003d9000 rw-p 00004000 103:02 15872896                        /usr/lib/jvm/java-12-oracle/lib/server/classes.jsa
8003d9000-800ae3000 r--p 003da000 103:02 15872896                        /usr/lib/jvm/java-12-oracle/lib/server/classes.jsa
800ae3000-800ae4000 rw-p 00ae4000 103:02 15872896                        /usr/lib/jvm/java-12-oracle/lib/server/classes.jsa
800ae4000-801129000 r--p 00ae5000 103:02 15872896                        /usr/lib/jvm/java-12-oracle/lib/server/classes.jsa
801129000-8011a9000 rw-p 00000000 00:00 0 
8011a9000-841129000 ---p 00000000 00:00 0 
7f59f0000000-7f59f0289000 rw-p 00000000 00:00 0 
7f59f0289000-7f59f4000000 ---p 00000000 00:00 0 
7f59f8000000-7f59f816a000 rw-p 00000000 00:00 0 
7f59f816a000-7f59fc000000 ---p 00000000 00:00 0 
7f59ff8f4000-7f59ff8f5000 ---p 00000000 00:00 0 
7f59ff8f5000-7f59ff9f6000 rw-p 00000000 00:00 0 
7f59ff9f6000-7f59ff9f7000 ---p 00000000 00:00 0 
7f59ff9f7000-7f59ffaf8000 rw-p 00000000 00:00 0 
7f59ffaf8000-7f59ffaf9000 ---p 00000000 00:00 0 
7f59ffaf9000-7f59ffbfa000 rw-p 00000000 00:00 0 
7f59ffbfa000-7f59ffbfb000 ---p 00000000 00:00 0 
7f59ffbfb000-7f59ffcfc000 rw-p 00000000 00:00 0 
7f59ffcfc000-7f59ffcfd000 ---p 00000000 00:00 0 
7f59ffcfd000-7f59ffdfe000 rw-p 00000000 00:00 0 
7f59ffdfe000-7f59ffe02000 ---p 00000000 00:00 0 
7f59ffe02000-7f59ffeff000 rw-p 00000000 00:00 0 
7f59ffeff000-7f59fff03000 ---p 00000000 00:00 0 
7f59fff03000-7f5a00000000 rw-p 00000000 00:00 0 
7f5a00000000-7f5a002bb000 rw-p 00000000 00:00 0 
7f5a002bb000-7f5a04000000 ---p 00000000 00:00 0 
7f5a04000000-7f5a042f5000 rw-p 00000000 00:00 0 
7f5a042f5000-7f5a08000000 ---p 00000000 00:00 0 
7f5a08000000-7f5a083f7000 rw-p 00000000 00:00 0 
7f5a083f7000-7f5a0c000000 ---p 00000000 00:00 0 
7f5a0c000000-7f5a0c2f5000 rw-p 00000000 00:00 0 
7f5a0c2f5000-7f5a10000000 ---p 00000000 00:00 0 
7f5a10000000-7f5a10021000 rw-p 00000000 00:00 0 
7f5a10021000-7f5a14000000 ---p 00000000 00:00 0 
7f5a14000000-7f5a14021000 rw-p 00000000 00:00 0 
7f5a14021000-7f5a18000000 ---p 00000000 00:00 0 
7f5a18000000-7f5a18021000 rw-p 00000000 00:00 0 
7f5a18021000-7f5a1c000000 ---p 00000000 00:00 0 
7f5a1c000000-7f5a1c021000 rw-p 00000000 00:00 0 
7f5a1c021000-7f5a20000000 ---p 00000000 00:00 0 
7f5a20000000-7f5a20021000 rw-p 00000000 00:00 0 
7f5a20021000-7f5a24000000 ---p 00000000 00:00 0 
7f5a24000000-7f5a24021000 rw-p 00000000 00:00 0 
7f5a24021000-7f5a28000000 ---p 00000000 00:00 0 
7f5a28000000-7f5a28021000 rw-p 00000000 00:00 0 
7f5a28021000-7f5a2c000000 ---p 00000000 00:00 0 
7f5a2c000000-7f5a2c021000 rw-p 00000000 00:00 0 
7f5a2c021000-7f5a30000000 ---p 00000000 00:00 0 
7f5a30000000-7f5a30021000 rw-p 00000000 00:00 0 
7f5a30021000-7f5a34000000 ---p 00000000 00:00 0 
7f5a34000000-7f5a34021000 rw-p 00000000 00:00 0 
7f5a34021000-7f5a38000000 ---p 00000000 00:00 0 
7f5a38000000-7f5a38021000 rw-p 00000000 00:00 0 
7f5a38021000-7f5a3c000000 ---p 00000000 00:00 0 
7f5a3c000000-7f5a3c021000 rw-p 00000000 00:00 0 
7f5a3c021000-7f5a40000000 ---p 00000000 00:00 0 
7f5a40000000-7f5a40021000 rw-p 00000000 00:00 0 
7f5a40021000-7f5a44000000 ---p 00000000 00:00 0 
7f5a44000000-7f5a44021000 rw-p 00000000 00:00 0 
7f5a44021000-7f5a48000000 ---p 00000000 00:00 0 
7f5a48000000-7f5a48021000 rw-p 00000000 00:00 0 
7f5a48021000-7f5a4c000000 ---p 00000000 00:00 0 
7f5a4c000000-7f5a4c021000 rw-p 00000000 00:00 0 
7f5a4c021000-7f5a50000000 ---p 00000000 00:00 0 
7f5a50000000-7f5a50021000 rw-p 00000000 00:00 0 
7f5a50021000-7f5a54000000 ---p 00000000 00:00 0 
7f5a54000000-7f5a54021000 rw-p 00000000 00:00 0 
7f5a54021000-7f5a58000000 ---p 00000000 00:00 0 
7f5a58000000-7f5a58021000 rw-p 00000000 00:00 0 
7f5a58021000-7f5a5c000000 ---p 00000000 00:00 0 
7f5a5c000000-7f5a5c021000 rw-p 00000000 00:00 0 
7f5a5c021000-7f5a60000000 ---p 00000000 00:00 0 
7f5a60000000-7f5a601a5000 rw-p 00000000 00:00 0 
7f5a601a5000-7f5a64000000 ---p 00000000 00:00 0 
7f5a64000000-7f5a64021000 rw-p 00000000 00:00 0 
7f5a64021000-7f5a68000000 ---p 00000000 00:00 0 
7f5a68000000-7f5a68021000 rw-p 00000000 00:00 0 
7f5a68021000-7f5a6c000000 ---p 00000000 00:00 0 
7f5a6c000000-7f5a6c238000 rw-p 00000000 00:00 0 
7f5a6c238000-7f5a70000000 ---p 00000000 00:00 0 
7f5a70000000-7f5a70021000 rw-p 00000000 00:00 0 
7f5a70021000-7f5a74000000 ---p 00000000 00:00 0 
7f5a74000000-7f5a740cd000 rw-p 00000000 00:00 0 
7f5a740cd000-7f5a78000000 ---p 00000000 00:00 0 
7f5a78000000-7f5a78021000 rw-p 00000000 00:00 0 
7f5a78021000-7f5a7c000000 ---p 00000000 00:00 0 
7f5a7c000000-7f5a7c021000 rw-p 00000000 00:00 0 
7f5a7c021000-7f5a80000000 ---p 00000000 00:00 0 
7f5a80000000-7f5a80094000 rw-p 00000000 00:00 0 
7f5a80094000-7f5a84000000 ---p 00000000 00:00 0 
7f5a84000000-7f5a840d7000 rw-p 00000000 00:00 0 
7f5a840d7000-7f5a88000000 ---p 00000000 00:00 0 
7f5a88000000-7f5a88183000 rw-p 00000000 00:00 0 
7f5a88183000-7f5a8c000000 ---p 00000000 00:00 0 
7f5a8c000000-7f5a8c021000 rw-p 00000000 00:00 0 
7f5a8c021000-7f5a90000000 ---p 00000000 00:00 0 
7f5a90000000-7f5a90021000 rw-p 00000000 00:00 0 
7f5a90021000-7f5a94000000 ---p 00000000 00:00 0 
7f5a94000000-7f5a94493000 rw-p 00000000 00:00 0 
7f5a94493000-7f5a98000000 ---p 00000000 00:00 0 
7f5a98000000-7f5a98021000 rw-p 00000000 00:00 0 
7f5a98021000-7f5a9c000000 ---p 00000000 00:00 0 
7f5a9c000000-7f5a9c021000 rw-p 00000000 00:00 0 
7f5a9c021000-7f5aa0000000 ---p 00000000 00:00 0 
7f5aa0000000-7f5aa03be000 rw-p 00000000 00:00 0 
7f5aa03be000-7f5aa4000000 ---p 00000000 00:00 0 
7f5aa4000000-7f5aa4021000 rw-p 00000000 00:00 0 
7f5aa4021000-7f5aa8000000 ---p 00000000 00:00 0 
7f5aa80c5000-7f5aa80c9000 ---p 00000000 00:00 0 
7f5aa80c9000-7f5aa81c6000 rw-p 00000000 00:00 0 
7f5aa81c6000-7f5aa81ca000 ---p 00000000 00:00 0 
7f5aa81ca000-7f5aa82c7000 rw-p 00000000 00:00 0 
7f5aa82c7000-7f5aa82c8000 ---p 00000000 00:00 0 
7f5aa82c8000-7f5aa83c9000 rw-p 00000000 00:00 0 
7f5aa83c9000-7f5aa83ca000 ---p 00000000 00:00 0 
7f5aa83ca000-7f5aa84cb000 rw-p 00000000 00:00 0 
7f5aa84cb000-7f5aa84cc000 ---p 00000000 00:00 0 
7f5aa84cc000-7f5aa85cd000 rw-p 00000000 00:00 0 
7f5aa85cd000-7f5aa85ce000 ---p 00000000 00:00 0 
7f5aa85ce000-7f5aa86cf000 rw-p 00000000 00:00 0 
7f5aa86cf000-7f5aa86d0000 ---p 00000000 00:00 0 
7f5aa86d0000-7f5aa87d1000 rw-p 00000000 00:00 0 
7f5aa87d1000-7f5aa87d2000 ---p 00000000 00:00 0 
7f5aa87d2000-7f5aa88d3000 rw-p 00000000 00:00 0 
7f5aa88d3000-7f5aa88d4000 ---p 00000000 00:00 0 
7f5aa88d4000-7f5aa89d5000 rw-p 00000000 00:00 0 
7f5aa89d5000-7f5aa89d6000 ---p 00000000 00:00 0 
7f5aa89d6000-7f5aa8ad7000 rw-p 00000000 00:00 0 
7f5aa8ad7000-7f5aa8ad8000 ---p 00000000 00:00 0 
7f5aa8ad8000-7f5aa8bd9000 rw-p 00000000 00:00 0 
7f5aa8bd9000-7f5aa8bda000 ---p 00000000 00:00 0 
7f5aa8bda000-7f5aa8cdb000 rw-p 00000000 00:00 0 
7f5aa8cdb000-7f5aa8cdc000 ---p 00000000 00:00 0 
7f5aa8cdc000-7f5aa8ddd000 rw-p 00000000 00:00 0 
7f5aa8ddd000-7f5aa8dde000 ---p 00000000 00:00 0 
7f5aa8dde000-7f5aa8edf000 rw-p 00000000 00:00 0 
7f5aa8edf000-7f5aa8ee0000 ---p 00000000 00:00 0 
7f5aa8ee0000-7f5aa8fe1000 rw-p 00000000 00:00 0 
7f5aa8fe1000-7f5aa8fe2000 ---p 00000000 00:00 0 
7f5aa8fe2000-7f5aa90e3000 rw-p 00000000 00:00 0 
7f5aa90e3000-7f5aa90e4000 ---p 00000000 00:00 0 
7f5aa90e4000-7f5aa91e5000 rw-p 00000000 00:00 0 
7f5aa91e5000-7f5aa91e6000 ---p 00000000 00:00 0 
7f5aa91e6000-7f5aa92e7000 rw-p 00000000 00:00 0 
7f5aa92e7000-7f5aa92e8000 ---p 00000000 00:00 0 
7f5aa92e8000-7f5aa93e9000 rw-p 00000000 00:00 0 
7f5aa93e9000-7f5aa93ea000 ---p 00000000 00:00 0 
7f5aa93ea000-7f5aa94eb000 rw-p 00000000 00:00 0 
7f5aa94eb000-7f5aa94ec000 ---p 00000000 00:00 0 
7f5aa94ec000-7f5aa95ed000 rw-p 00000000 00:00 0 
7f5aa95ed000-7f5aa95ee000 ---p 00000000 00:00 0 
7f5aa95ee000-7f5aa96ef000 rw-p 00000000 00:00 0 
7f5aa96ef000-7f5aa96f0000 ---p 00000000 00:00 0 
7f5aa96f0000-7f5aa97f1000 rw-p 00000000 00:00 0 
7f5aa97f1000-7f5aa97f2000 ---p 00000000 00:00 0 
7f5aa97f2000-7f5aa98f3000 rw-p 00000000 00:00 0 
7f5aa98f3000-7f5aa98f4000 ---p 00000000 00:00 0 
7f5aa98f4000-7f5aa99f5000 rw-p 00000000 00:00 0 
7f5aa99f5000-7f5aa99f9000 ---p 00000000 00:00 0 
7f5aa99f9000-7f5aa9af6000 rw-p 00000000 00:00 0 
7f5aa9af6000-7f5aa9afa000 ---p 00000000 00:00 0 
7f5aa9afa000-7f5aa9bf7000 rw-p 00000000 00:00 0 
7f5aa9bf7000-7f5aa9bfb000 ---p 00000000 00:00 0 
7f5aa9bfb000-7f5aa9cf8000 rw-p 00000000 00:00 0 
7f5aa9cf8000-7f5aa9cfc000 ---p 00000000 00:00 0 
7f5aa9cfc000-7f5aa9df9000 rw-p 00000000 00:00 0 
7f5aa9df9000-7f5aa9e0f000 r-xp 00000000 103:02 15872873                  /usr/lib/jvm/java-12-oracle/lib/libnet.so
7f5aa9e0f000-7f5aaa00f000 ---p 00016000 103:02 15872873                  /usr/lib/jvm/java-12-oracle/lib/libnet.so
7f5aaa00f000-7f5aaa010000 r--p 00016000 103:02 15872873                  /usr/lib/jvm/java-12-oracle/lib/libnet.so
7f5aaa010000-7f5aaa011000 rw-p 00017000 103:02 15872873                  /usr/lib/jvm/java-12-oracle/lib/libnet.so
7f5aaa011000-7f5aaa022000 r-xp 00000000 103:02 15872874                  /usr/lib/jvm/java-12-oracle/lib/libnio.so
7f5aaa022000-7f5aaa221000 ---p 00011000 103:02 15872874                  /usr/lib/jvm/java-12-oracle/lib/libnio.so
7f5aaa221000-7f5aaa222000 r--p 00010000 103:02 15872874                  /usr/lib/jvm/java-12-oracle/lib/libnio.so
7f5aaa222000-7f5aaa223000 rw-p 00011000 103:02 15872874                  /usr/lib/jvm/java-12-oracle/lib/libnio.so
7f5aaa223000-7f5aaa227000 ---p 00000000 00:00 0 
7f5aaa227000-7f5aaa324000 rw-p 00000000 00:00 0 
7f5aaa324000-7f5aaa325000 ---p 00000000 00:00 0 
7f5aaa325000-7f5aaa426000 rw-p 00000000 00:00 0 
7f5aaa426000-7f5aaa42a000 ---p 00000000 00:00 0 
7f5aaa42a000-7f5aaa527000 rw-p 00000000 00:00 0 
7f5aaa527000-7f5aaa52b000 ---p 00000000 00:00 0 
7f5aaa52b000-7f5aaa628000 rw-p 00000000 00:00 0 
7f5aaa628000-7f5aaa62c000 ---p 00000000 00:00 0 
7f5aaa62c000-7f5aaa729000 rw-p 00000000 00:00 0 
7f5aaa729000-7f5aaa72d000 ---p 00000000 00:00 0 
7f5aaa72d000-7f5aaa82a000 rw-p 00000000 00:00 0 
7f5aaa82a000-7f5aaa82e000 ---p 00000000 00:00 0 
7f5aaa82e000-7f5aaa92b000 rw-p 00000000 00:00 0 
7f5aaa92b000-7f5aaa92f000 ---p 00000000 00:00 0 
7f5aaa92f000-7f5aaaa2c000 rw-p 00000000 00:00 0 
7f5aaaa2c000-7f5aaaa30000 ---p 00000000 00:00 0 
7f5aaaa30000-7f5aaab2d000 rw-p 00000000 00:00 0 
7f5aaab2d000-7f5aab4fc000 r--p 00000000 103:02 15866447                  /usr/lib/locale/locale-archive
7f5aab4fc000-7f5aab500000 ---p 00000000 00:00 0 
7f5aab500000-7f5aab5fd000 rw-p 00000000 00:00 0 
7f5aab5fd000-7f5aab601000 ---p 00000000 00:00 0 
7f5aab601000-7f5aab6fe000 rw-p 00000000 00:00 0 
7f5aab6fe000-7f5aab6ff000 ---p 00000000 00:00 0 
7f5aab6ff000-7f5aabcc0000 rw-p 00000000 00:00 0 
7f5aabcc0000-7f5aac000000 ---p 00000000 00:00 0 
7f5aac000000-7f5aac021000 rw-p 00000000 00:00 0 
7f5aac021000-7f5ab0000000 ---p 00000000 00:00 0 
7f5ab0003000-7f5ab00df000 rw-p 00000000 00:00 0 
7f5ab00df000-7f5ab00e0000 ---p 00000000 00:00 0 
7f5ab00e0000-7f5ab01e1000 rw-p 00000000 00:00 0 
7f5ab01e1000-7f5ab01e2000 ---p 00000000 00:00 0 
7f5ab01e2000-7f5ab4000000 rw-p 00000000 00:00 0 
7f5ab4000000-7f5ab4021000 rw-p 00000000 00:00 0 
7f5ab4021000-7f5ab8000000 ---p 00000000 00:00 0 
7f5ab8000000-7f5ab8021000 rw-p 00000000 00:00 0 
7f5ab8021000-7f5abc000000 ---p 00000000 00:00 0 
7f5abc000000-7f5abc021000 rw-p 00000000 00:00 0 
7f5abc021000-7f5ac0000000 ---p 00000000 00:00 0 
7f5ac004f000-7f5ac0e5d000 rw-p 00000000 00:00 0 
7f5ac0e5d000-7f5ac0e5e000 ---p 00000000 00:00 0 
7f5ac0e5e000-7f5ac0f5f000 rw-p 00000000 00:00 0 
7f5ac0f5f000-7f5ac0f60000 ---p 00000000 00:00 0 
7f5ac0f60000-7f5ac1061000 rw-p 00000000 00:00 0 
7f5ac1061000-7f5ac1062000 ---p 00000000 00:00 0 
7f5ac1062000-7f5ac2614000 rw-p 00000000 00:00 0 
7f5ac2614000-7f5ad1194000 ---p 00000000 00:00 0 
7f5ad1194000-7f5ad2174000 rw-p 00000000 00:00 0 
7f5ad2174000-7f5ae0cf4000 ---p 00000000 00:00 0 
7f5ae0cf4000-7f5ae0f0c000 rw-p 00000000 00:00 0 
7f5ae0f0c000-7f5ae2c7c000 ---p 00000000 00:00 0 
7f5ae2c7c000-7f5ae2e78000 rw-p 00000000 00:00 0 
7f5ae2e78000-7f5ae4be8000 ---p 00000000 00:00 0 
7f5ae4be8000-7f5ae4de4000 rw-p 00000000 00:00 0 
7f5ae4de4000-7f5ae6b54000 ---p 00000000 00:00 0 
7f5ae6b54000-7f5ae8b78000 rw-p 00000000 00:00 0 
7f5ae8b78000-7f5ae8eb8000 rwxp 00000000 00:00 0 
7f5ae8eb8000-7f5ae93d6000 ---p 00000000 00:00 0 
7f5ae93d6000-7f5ae9646000 rwxp 00000000 00:00 0 
7f5ae9646000-7f5af07a7000 ---p 00000000 00:00 0 
7f5af07a7000-7f5af0a17000 rwxp 00000000 00:00 0 
7f5af0a17000-7f5af7b78000 ---p 00000000 00:00 0 
7f5af7b78000-7f5b00000000 r--s 00000000 103:02 15872884                  /usr/lib/jvm/java-12-oracle/lib/modules
7f5b00000000-7f5b004b5000 rw-p 00000000 00:00 0 
7f5b004b5000-7f5b04000000 ---p 00000000 00:00 0 
7f5b04045000-7f5b04b55000 rw-p 00000000 00:00 0 
7f5b04b55000-7f5b04c38000 ---p 00000000 00:00 0 
7f5b04c38000-7f5b04c3d000 rw-p 00000000 00:00 0 
7f5b04c3d000-7f5b04d20000 ---p 00000000 00:00 0 
7f5b04d20000-7f5b04d3b000 r-xp 00000000 103:02 15872864                  /usr/lib/jvm/java-12-oracle/lib/libjimage.so
7f5b04d3b000-7f5b04f3a000 ---p 0001b000 103:02 15872864                  /usr/lib/jvm/java-12-oracle/lib/libjimage.so
7f5b04f3a000-7f5b04f3c000 r--p 0001a000 103:02 15872864                  /usr/lib/jvm/java-12-oracle/lib/libjimage.so
7f5b04f3c000-7f5b04f3d000 rw-p 0001c000 103:02 15872864                  /usr/lib/jvm/java-12-oracle/lib/libjimage.so
7f5b04f3d000-7f5b04f44000 r-xp 00000000 103:02 15872883                  /usr/lib/jvm/java-12-oracle/lib/libzip.so
7f5b04f44000-7f5b05143000 ---p 00007000 103:02 15872883                  /usr/lib/jvm/java-12-oracle/lib/libzip.so
7f5b05143000-7f5b05144000 r--p 00006000 103:02 15872883                  /usr/lib/jvm/java-12-oracle/lib/libzip.so
7f5b05144000-7f5b05145000 rw-p 00007000 103:02 15872883                  /usr/lib/jvm/java-12-oracle/lib/libzip.so
7f5b05145000-7f5b05150000 r-xp 00000000 103:02 10490588                  /lib/x86_64-linux-gnu/libnss_files-2.27.so
7f5b05150000-7f5b0534f000 ---p 0000b000 103:02 10490588                  /lib/x86_64-linux-gnu/libnss_files-2.27.so
7f5b0534f000-7f5b05350000 r--p 0000a000 103:02 10490588                  /lib/x86_64-linux-gnu/libnss_files-2.27.so
7f5b05350000-7f5b05351000 rw-p 0000b000 103:02 10490588                  /lib/x86_64-linux-gnu/libnss_files-2.27.so
7f5b05351000-7f5b05357000 rw-p 00000000 00:00 0 
7f5b05357000-7f5b0536e000 r-xp 00000000 103:02 10490582                  /lib/x86_64-linux-gnu/libnsl-2.27.so
7f5b0536e000-7f5b0556d000 ---p 00017000 103:02 10490582                  /lib/x86_64-linux-gnu/libnsl-2.27.so
7f5b0556d000-7f5b0556e000 r--p 00016000 103:02 10490582                  /lib/x86_64-linux-gnu/libnsl-2.27.so
7f5b0556e000-7f5b0556f000 rw-p 00017000 103:02 10490582                  /lib/x86_64-linux-gnu/libnsl-2.27.so
7f5b0556f000-7f5b05571000 rw-p 00000000 00:00 0 
7f5b05571000-7f5b0557c000 r-xp 00000000 103:02 10490599                  /lib/x86_64-linux-gnu/libnss_nis-2.27.so
7f5b0557c000-7f5b0577b000 ---p 0000b000 103:02 10490599                  /lib/x86_64-linux-gnu/libnss_nis-2.27.so
7f5b0577b000-7f5b0577c000 r--p 0000a000 103:02 10490599                  /lib/x86_64-linux-gnu/libnss_nis-2.27.so
7f5b0577c000-7f5b0577d000 rw-p 0000b000 103:02 10490599                  /lib/x86_64-linux-gnu/libnss_nis-2.27.so
7f5b0577d000-7f5b05785000 r-xp 00000000 103:02 10490584                  /lib/x86_64-linux-gnu/libnss_compat-2.27.so
7f5b05785000-7f5b05985000 ---p 00008000 103:02 10490584                  /lib/x86_64-linux-gnu/libnss_compat-2.27.so
7f5b05985000-7f5b05986000 r--p 00008000 103:02 10490584                  /lib/x86_64-linux-gnu/libnss_compat-2.27.so
7f5b05986000-7f5b05987000 rw-p 00009000 103:02 10490584                  /lib/x86_64-linux-gnu/libnss_compat-2.27.so
7f5b05987000-7f5b059af000 r-xp 00000000 103:02 15872860                  /usr/lib/jvm/java-12-oracle/lib/libjava.so
7f5b059af000-7f5b05bae000 ---p 00028000 103:02 15872860                  /usr/lib/jvm/java-12-oracle/lib/libjava.so
7f5b05bae000-7f5b05baf000 r--p 00027000 103:02 15872860                  /usr/lib/jvm/java-12-oracle/lib/libjava.so
7f5b05baf000-7f5b05bb1000 rw-p 00028000 103:02 15872860                  /usr/lib/jvm/java-12-oracle/lib/libjava.so
7f5b05bb1000-7f5b05bbe000 r-xp 00000000 103:02 15872882                  /usr/lib/jvm/java-12-oracle/lib/libverify.so
7f5b05bbe000-7f5b05dbd000 ---p 0000d000 103:02 15872882                  /usr/lib/jvm/java-12-oracle/lib/libverify.so
7f5b05dbd000-7f5b05dbf000 r--p 0000c000 103:02 15872882                  /usr/lib/jvm/java-12-oracle/lib/libverify.so
7f5b05dbf000-7f5b05dc0000 rw-p 0000e000 103:02 15872882                  /usr/lib/jvm/java-12-oracle/lib/libverify.so
7f5b05dc0000-7f5b05dc7000 r-xp 00000000 103:02 10490639                  /lib/x86_64-linux-gnu/librt-2.27.so
7f5b05dc7000-7f5b05fc6000 ---p 00007000 103:02 10490639                  /lib/x86_64-linux-gnu/librt-2.27.so
7f5b05fc6000-7f5b05fc7000 r--p 00006000 103:02 10490639                  /lib/x86_64-linux-gnu/librt-2.27.so
7f5b05fc7000-7f5b05fc8000 rw-p 00007000 103:02 10490639                  /lib/x86_64-linux-gnu/librt-2.27.so
7f5b05fc8000-7f5b06165000 r-xp 00000000 103:02 10490561                  /lib/x86_64-linux-gnu/libm-2.27.so
7f5b06165000-7f5b06364000 ---p 0019d000 103:02 10490561                  /lib/x86_64-linux-gnu/libm-2.27.so
7f5b06364000-7f5b06365000 r--p 0019c000 103:02 10490561                  /lib/x86_64-linux-gnu/libm-2.27.so
7f5b06365000-7f5b06366000 rw-p 0019d000 103:02 10490561                  /lib/x86_64-linux-gnu/libm-2.27.so
7f5b06366000-7f5b074ca000 r-xp 00000000 103:02 15872898                  /usr/lib/jvm/java-12-oracle/lib/server/libjvm.so
7f5b074ca000-7f5b076ca000 ---p 01164000 103:02 15872898                  /usr/lib/jvm/java-12-oracle/lib/server/libjvm.so
7f5b076ca000-7f5b0778b000 r--p 01164000 103:02 15872898                  /usr/lib/jvm/java-12-oracle/lib/server/libjvm.so
7f5b0778b000-7f5b077c4000 rw-p 01225000 103:02 15872898                  /usr/lib/jvm/java-12-oracle/lib/server/libjvm.so
7f5b077c4000-7f5b07847000 rw-p 00000000 00:00 0 
7f5b07847000-7f5b07a2e000 r-xp 00000000 103:02 10490498                  /lib/x86_64-linux-gnu/libc-2.27.so
7f5b07a2e000-7f5b07c2e000 ---p 001e7000 103:02 10490498                  /lib/x86_64-linux-gnu/libc-2.27.so
7f5b07c2e000-7f5b07c32000 r--p 001e7000 103:02 10490498                  /lib/x86_64-linux-gnu/libc-2.27.so
7f5b07c32000-7f5b07c34000 rw-p 001eb000 103:02 10490498                  /lib/x86_64-linux-gnu/libc-2.27.so
7f5b07c34000-7f5b07c38000 rw-p 00000000 00:00 0 
7f5b07c38000-7f5b07c3b000 r-xp 00000000 103:02 10490521                  /lib/x86_64-linux-gnu/libdl-2.27.so
7f5b07c3b000-7f5b07e3a000 ---p 00003000 103:02 10490521                  /lib/x86_64-linux-gnu/libdl-2.27.so
7f5b07e3a000-7f5b07e3b000 r--p 00002000 103:02 10490521                  /lib/x86_64-linux-gnu/libdl-2.27.so
7f5b07e3b000-7f5b07e3c000 rw-p 00003000 103:02 10490521                  /lib/x86_64-linux-gnu/libdl-2.27.so
7f5b07e3c000-7f5b07e56000 r-xp 00000000 103:02 10490631                  /lib/x86_64-linux-gnu/libpthread-2.27.so
7f5b07e56000-7f5b08055000 ---p 0001a000 103:02 10490631                  /lib/x86_64-linux-gnu/libpthread-2.27.so
7f5b08055000-7f5b08056000 r--p 00019000 103:02 10490631                  /lib/x86_64-linux-gnu/libpthread-2.27.so
7f5b08056000-7f5b08057000 rw-p 0001a000 103:02 10490631                  /lib/x86_64-linux-gnu/libpthread-2.27.so
7f5b08057000-7f5b0805b000 rw-p 00000000 00:00 0 
7f5b0805b000-7f5b0806b000 r-xp 00000000 103:02 15872865                  /usr/lib/jvm/java-12-oracle/lib/libjli.so
7f5b0806b000-7f5b0826a000 ---p 00010000 103:02 15872865                  /usr/lib/jvm/java-12-oracle/lib/libjli.so
7f5b0826a000-7f5b0826b000 r--p 0000f000 103:02 15872865                  /usr/lib/jvm/java-12-oracle/lib/libjli.so
7f5b0826b000-7f5b0826c000 rw-p 00010000 103:02 15872865                  /usr/lib/jvm/java-12-oracle/lib/libjli.so
7f5b0826c000-7f5b08288000 r-xp 00000000 103:02 10490670                  /lib/x86_64-linux-gnu/libz.so.1.2.11
7f5b08288000-7f5b08487000 ---p 0001c000 103:02 10490670                  /lib/x86_64-linux-gnu/libz.so.1.2.11
7f5b08487000-7f5b08488000 r--p 0001b000 103:02 10490670                  /lib/x86_64-linux-gnu/libz.so.1.2.11
7f5b08488000-7f5b08489000 rw-p 0001c000 103:02 10490670                  /lib/x86_64-linux-gnu/libz.so.1.2.11
7f5b08489000-7f5b084b0000 r-xp 00000000 103:02 10490470                  /lib/x86_64-linux-gnu/ld-2.27.so
7f5b084c5000-7f5b0858b000 rw-p 00000000 00:00 0 
7f5b0858b000-7f5b08595000 ---p 00000000 00:00 0 
7f5b08595000-7f5b08599000 ---p 00000000 00:00 0 
7f5b08599000-7f5b0869a000 rw-p 00000000 00:00 0 
7f5b086a4000-7f5b086a5000 r--p 00000000 103:02 17567477                  /usr/share/locale-langpack/en_GB/LC_MESSAGES/libc.mo
7f5b086a5000-7f5b086ad000 rw-s 00000000 103:02 13369652                  /tmp/hsperfdata_rflachlan/15565
7f5b086ad000-7f5b086ae000 ---p 00000000 00:00 0 
7f5b086ae000-7f5b086af000 r--p 00000000 00:00 0 
7f5b086af000-7f5b086b0000 ---p 00000000 00:00 0 
7f5b086b0000-7f5b086b1000 r--p 00027000 103:02 10490470                  /lib/x86_64-linux-gnu/ld-2.27.so
7f5b086b1000-7f5b086b2000 rw-p 00028000 103:02 10490470                  /lib/x86_64-linux-gnu/ld-2.27.so
7f5b086b2000-7f5b086b3000 rw-p 00000000 00:00 0 
7ffd404b3000-7ffd404d4000 rw-p 00000000 00:00 0                          [stack]
7ffd4050d000-7ffd40510000 r--p 00000000 00:00 0                          [vvar]
7ffd40510000-7ffd40512000 r-xp 00000000 00:00 0                          [vdso]
ffffffffff600000-ffffffffff601000 r-xp 00000000 00:00 0                  [vsyscall]


VM Arguments:
java_command: /home/rflachlan/Dropbox/ChaffMainlandN//ChaffinchABC.jar 1 1 0 3054787544645546274 /home/rflachlan/Dropbox/ChaffMainlandN/
java_class_path (initial): /home/rflachlan/Dropbox/ChaffMainlandN//ChaffinchABC.jar
Launcher Type: SUN_STANDARD

[Global flags]
     intx CICompilerCount                          = 18                                        {product} {ergonomic}
     uint ConcGCThreads                            = 11                                        {product} {ergonomic}
     uint G1ConcRefinementThreads                  = 43                                        {product} {ergonomic}
   size_t G1HeapRegionSize                         = 4194304                                   {product} {ergonomic}
    uintx GCDrainStackTargetSize                   = 64                                        {product} {ergonomic}
   size_t InitialHeapSize                          = 1056964608                                {product} {ergonomic}
   size_t MarkStackSize                            = 4194304                                   {product} {ergonomic}
   size_t MaxHeapSize                              = 16869490688                               {product} {ergonomic}
   size_t MaxNewSize                               = 10120855552                               {product} {ergonomic}
   size_t MinHeapDeltaBytes                        = 4194304                                   {product} {ergonomic}
    uintx NonNMethodCodeHeapSize                   = 8769992                                {pd product} {ergonomic}
    uintx NonProfiledCodeHeapSize                  = 121444124                              {pd product} {ergonomic}
    uintx ProfiledCodeHeapSize                     = 121444124                              {pd product} {ergonomic}
    uintx ReservedCodeCacheSize                    = 251658240                              {pd product} {ergonomic}
     bool SegmentedCodeCache                       = true                                      {product} {ergonomic}
     bool UseCompressedClassPointers               = true                                 {lp64_product} {ergonomic}
     bool UseCompressedOops                        = true                                 {lp64_product} {ergonomic}
     bool UseG1GC                                  = true                                      {product} {ergonomic}

Logging:
Log output configuration:
 #0: stdout all=warning uptime,level,tags
 #1: stderr all=off uptime,level,tags

Environment Variables:
JAVA_HOME=/usr/lib/jvm/java-12-oracle
PATH=/usr/local/sbin:/usr/local/bin:/usr/sbin:/usr/bin:/sbin:/bin:/usr/games:/usr/local/games:/snap/bin:/usr/lib/jvm/java-12-oracle/bin:/usr/lib/jvm/java-12-oracle/db/bin
USERNAME=rflachlan
SHELL=/bin/bash
DISPLAY=:0

Signal Handlers:
SIGSEGV: [libjvm.so+0xe45640], sa_mask[0]=11111111011111111101111111111110, sa_flags=SA_RESTART|SA_SIGINFO
SIGBUS: [libjvm.so+0xe45640], sa_mask[0]=11111111011111111101111111111110, sa_flags=SA_RESTART|SA_SIGINFO
SIGFPE: [libjvm.so+0xe45640], sa_mask[0]=11111111011111111101111111111110, sa_flags=SA_RESTART|SA_SIGINFO
SIGPIPE: [libjvm.so+0xbf4b50], sa_mask[0]=11111111011111111101111111111110, sa_flags=SA_RESTART|SA_SIGINFO
SIGXFSZ: [libjvm.so+0xbf4b50], sa_mask[0]=11111111011111111101111111111110, sa_flags=SA_RESTART|SA_SIGINFO
SIGILL: [libjvm.so+0xe45640], sa_mask[0]=11111111011111111101111111111110, sa_flags=SA_RESTART|SA_SIGINFO
SIGUSR2: [libjvm.so+0xbf49f0], sa_mask[0]=00100000000000000000000000000000, sa_flags=SA_RESTART|SA_SIGINFO
SIGHUP: [libjvm.so+0xbf4d50], sa_mask[0]=11111111011111111101111111111110, sa_flags=SA_RESTART|SA_SIGINFO
SIGINT: SIG_IGN, sa_mask[0]=00000000000000000000000000000000, sa_flags=none
SIGTERM: [libjvm.so+0xbf4d50], sa_mask[0]=11111111011111111101111111111110, sa_flags=SA_RESTART|SA_SIGINFO
SIGQUIT: [libjvm.so+0xbf4d50], sa_mask[0]=11111111011111111101111111111110, sa_flags=SA_RESTART|SA_SIGINFO


---------------  S Y S T E M  ---------------

OS:DISTRIB_ID=Ubuntu
DISTRIB_RELEASE=18.04
DISTRIB_CODENAME=bionic
DISTRIB_DESCRIPTION="Ubuntu 18.04.2 LTS"
uname:Linux 4.15.0-51-generic #55-Ubuntu SMP Wed May 15 14:27:21 UTC 2019 x86_64
libc:glibc 2.27 NPTL 2.27 
rlimit: STACK 8192k, CORE 0k, NPROC 256634, NOFILE 4096, AS infinity, DATA infinity, FSIZE infinity
load average:115.81 41.33 16.79

/proc/meminfo:
MemTotal:       65882016 kB
MemFree:         1216068 kB
MemAvailable:    1009248 kB
Buffers:            3596 kB
Cached:           287848 kB
SwapCached:         3884 kB
Active:         59643860 kB
Inactive:        3502844 kB
Active(anon):   59588536 kB
Inactive(anon):  3439812 kB
Active(file):      55324 kB
Inactive(file):    63032 kB
Unevictable:          16 kB
Mlocked:              16 kB
SwapTotal:       2097148 kB
SwapFree:              0 kB
Dirty:              2176 kB
Writeback:           132 kB
AnonPages:      62863984 kB
Mapped:            99284 kB
Shmem:            167736 kB
Slab:             714736 kB
SReclaimable:     184332 kB
SUnreclaim:       530404 kB
KernelStack:       87312 kB
PageTables:       242188 kB
NFS_Unstable:          0 kB
Bounce:                0 kB
WritebackTmp:          0 kB
CommitLimit:    35038156 kB
Committed_AS:   106758436 kB
VmallocTotal:   34359738367 kB
VmallocUsed:           0 kB
VmallocChunk:          0 kB
HardwareCorrupted:     0 kB
AnonHugePages:         0 kB
ShmemHugePages:        0 kB
ShmemPmdMapped:        0 kB
CmaTotal:              0 kB
CmaFree:               0 kB
HugePages_Total:       0
HugePages_Free:        0
HugePages_Rsvd:        0
HugePages_Surp:        0
Hugepagesize:       2048 kB
DirectMap4k:      795672 kB
DirectMap2M:    46260224 kB
DirectMap1G:    19922944 kB


/proc/sys/kernel/threads-max (system-wide limit on the number of threads):
513269


/proc/sys/vm/max_map_count (maximum number of memory map areas a process may have):
65530


/proc/sys/kernel/pid_max (system-wide limit on number of process identifiers):
131072



container (cgroup) information:
container_type: cgroupv1
cpu_cpuset_cpus: 0-63
cpu_memory_nodes: 0,2
active_processor_count: 64
cpu_quota: -1
cpu_period: 100000
cpu_shares: -1
memory_limit_in_bytes: -1
memory_and_swap_limit_in_bytes: -2
memory_soft_limit_in_bytes: -1
memory_usage_in_bytes: 64682803200
memory_max_usage_in_bytes: 535238094848


CPU:total 64 (initial active 64) (64 cores per cpu, 2 threads per core) family 23 model 8 stepping 2, cmov, cx8, fxsr, mmx, sse, sse2, sse3, ssse3, sse4.1, sse4.2, popcnt, avx, avx2, aes, clmul, mmxext, 3dnowpref, lzcnt, sse4a, ht, tsc, tscinvbit, tscinv, bmi1, bmi2, adx, sha, fma
CPU Model and flags from /proc/cpuinfo:
model name	: AMD Ryzen Threadripper 2990WX 32-Core Processor
flags		: fpu vme de pse tsc msr pae mce cx8 apic sep mtrr pge mca cmov pat pse36 clflush mmx fxsr sse sse2 ht syscall nx mmxext fxsr_opt pdpe1gb rdtscp lm constant_tsc rep_good nopl nonstop_tsc cpuid extd_apicid amd_dcm aperfmperf pni pclmulqdq monitor ssse3 fma cx16 sse4_1 sse4_2 movbe popcnt aes xsave avx f16c rdrand lahf_lm cmp_legacy svm extapic cr8_legacy abm sse4a misalignsse 3dnowprefetch osvw skinit wdt tce topoext perfctr_core perfctr_nb bpext perfctr_llc mwaitx cpb hw_pstate sme ssbd ibpb vmmcall fsgsbase bmi1 avx2 smep bmi2 rdseed adx smap clflushopt sha_ni xsaveopt xsavec xgetbv1 xsaves clzero irperf xsaveerptr arat npt lbrv svm_lock nrip_save tsc_scale vmcb_clean flushbyasid decodeassists pausefilter pfthreshold avic v_vmsave_vmload vgif overflow_recov succor smca

Memory: 4k page, physical 65882016k(1192372k free), swap 2097148k(0k free)

vm_info: Java HotSpot(TM) 64-Bit Server VM (12.0.1+12) for linux-amd64 JRE (12.0.1+12), built on Apr  1 2019 23:46:14 by "mach5one" with gcc 7.3.0

END.
