#
# There is insufficient memory for the Java Runtime Environment to continue.
# Native memory allocation (mmap) failed to map 213909504 bytes for committing reserved memory.
# Possible reasons:
#   The system is out of physical RAM or swap space
#   The process is running with CompressedOops enabled, and the Java Heap may be blocking the growth of the native heap
# Possible solutions:
#   Reduce memory load on the system
#   Increase physical memory or swap space
#   Check if swap backing store is full
#   Decrease Java heap size (-Xmx/-Xms)
#   Decrease number of Java threads
#   Decrease Java thread stack sizes (-Xss)
#   Set larger code cache with -XX:ReservedCodeCacheSize=
#   JVM is running with Zero Based Compressed Oops mode in which the Java heap is
#     placed in the first 32GB address space. The Java Heap base address is the
#     maximum limit for the native heap growth. Please use -XX:HeapBaseMinAddress
#     to set the Java Heap base and to place the Java Heap above 32GB virtual address.
# This output file may be truncated or incomplete.
#
#  Out of Memory Error (os_linux.cpp:2659), pid=15557, tid=15743
#
# JRE version: Java(TM) SE Runtime Environment (12.0.1+12) (build 12.0.1+12)
# Java VM: Java HotSpot(TM) 64-Bit Server VM (12.0.1+12, mixed mode, sharing, tiered, compressed oops, g1 gc, linux-amd64)
# Core dump will be written. Default location: Core dumps may be processed with "/usr/share/apport/apport %p %s %c %d %P" (or dumping to /home/rflachlan/NetBeansProjects/ChaffinchABC/core.15557)
#

---------------  S U M M A R Y ------------

Command Line: /home/rflachlan/Dropbox/ChaffMainlandN//ChaffinchABC.jar 1 4 0 -7419957370500108822 /home/rflachlan/Dropbox/ChaffMainlandN/

Host: AMD Ryzen Threadripper 2990WX 32-Core Processor, 64 cores, 62G, Ubuntu 18.04.2 LTS
Time: Wed Jul 17 17:15:47 2019 BST elapsed time: 75 seconds (0d 0h 1m 15s)

---------------  T H R E A D  ---------------

Current thread (0x00007f4014327000):  VMThread "VM Thread" [stack: 0x00007f3fc4950000,0x00007f3fc4a50000] [id=15743]

Stack: [0x00007f3fc4950000,0x00007f3fc4a50000],  sp=0x00007f3fc4a4df30,  free space=1015k
Native frames: (J=compiled Java code, A=aot compiled Java code, j=interpreted, Vv=VM code, C=native code)
V  [libjvm.so+0xe43ca0]  VMError::report_and_die(int, char const*, char const*, __va_list_tag*, Thread*, unsigned char*, void*, void*, char const*, int, unsigned long)+0x310
V  [libjvm.so+0xe4486b]  VMError::report_and_die(Thread*, char const*, int, unsigned long, VMErrorType, char const*, __va_list_tag*)+0x2b
V  [libjvm.so+0x65df95]  report_vm_out_of_memory(char const*, int, unsigned long, VMErrorType, char const*, ...)+0xd5
V  [libjvm.so+0xbf8c18]  os::pd_commit_memory_or_exit(char*, unsigned long, unsigned long, bool, char const*)+0x108
V  [libjvm.so+0xbf03fd]  os::commit_memory_or_exit(char*, unsigned long, unsigned long, bool, char const*)+0x1d
V  [libjvm.so+0x78820c]  G1PageBasedVirtualSpace::commit_preferred_pages(unsigned long, unsigned long)+0x6c
V  [libjvm.so+0x7885a4]  G1PageBasedVirtualSpace::commit(unsigned long, unsigned long)+0x154
V  [libjvm.so+0x796370]  G1RegionsLargerThanCommitSizeMapper::commit_regions(unsigned int, unsigned long, WorkGang*)+0x40
V  [libjvm.so+0x8174c0]  HeapRegionManager::commit_regions(unsigned int, unsigned long, WorkGang*)+0x80
V  [libjvm.so+0x81822f]  HeapRegionManager::make_regions_available(unsigned int, unsigned int, WorkGang*)+0x3f
V  [libjvm.so+0x8187b9]  HeapRegionManager::expand_at(unsigned int, unsigned int, WorkGang*)+0x119
V  [libjvm.so+0x73cc00]  G1CollectedHeap::expand(unsigned long, WorkGang*, double*)+0xe0
V  [libjvm.so+0x7415d2]  G1CollectedHeap::do_collection_pause_at_safepoint(double)+0xa22
V  [libjvm.so+0x7a9c51]  VM_G1CollectForAllocation::doit()+0x81
V  [libjvm.so+0xe46287]  VM_Operation::evaluate()+0xe7
V  [libjvm.so+0xe4c12f]  VMThread::evaluate_operation(VM_Operation*) [clone .constprop.63]+0xff
V  [libjvm.so+0xe4c671]  VMThread::loop()+0x3f1
V  [libjvm.so+0xe4caa3]  VMThread::run()+0x73
V  [libjvm.so+0xdd21bf]  Thread::call_run()+0x16f
V  [libjvm.so+0xbfe94e]  thread_native_entry(Thread*)+0xee

VM_Operation (0x00007f401d917420): G1CollectForAllocation, mode: safepoint, requested by thread 0x00007f4014012800


---------------  P R O C E S S  ---------------

Threads class SMR info:
_java_thread_list=0x00007f3f24059520, length=9, elements={
0x00007f4014012800, 0x00007f401432a000, 0x00007f401432c000, 0x00007f4014331000,
0x00007f4014333800, 0x00007f401433d800, 0x00007f401433f800, 0x00007f4014370000,
0x00007f4014374800
}

Java Threads: ( => current thread )
  0x00007f4014012800 JavaThread "main" [_thread_blocked, id=15591, stack(0x00007f401d818000,0x00007f401d919000)]
  0x00007f401432a000 JavaThread "Reference Handler" daemon [_thread_blocked, id=15769, stack(0x00007f3fc484d000,0x00007f3fc494e000)]
  0x00007f401432c000 JavaThread "Finalizer" daemon [_thread_blocked, id=15775, stack(0x00007f3fc474c000,0x00007f3fc484d000)]
  0x00007f4014331000 JavaThread "Signal Dispatcher" daemon [_thread_blocked, id=15835, stack(0x00007f3fc464b000,0x00007f3fc474c000)]
  0x00007f4014333800 JavaThread "C2 CompilerThread0" daemon [_thread_blocked, id=15858, stack(0x00007f3fc454a000,0x00007f3fc464b000)]
  0x00007f401433d800 JavaThread "C1 CompilerThread0" daemon [_thread_blocked, id=15863, stack(0x00007f3fc4449000,0x00007f3fc454a000)]
  0x00007f401433f800 JavaThread "Sweeper thread" daemon [_thread_blocked, id=15873, stack(0x00007f3fc4348000,0x00007f3fc4449000)]
  0x00007f4014370000 JavaThread "Service Thread" daemon [_thread_blocked, id=15978, stack(0x00007f3faf42f000,0x00007f3faf530000)]
  0x00007f4014374800 JavaThread "Common-Cleaner" daemon [_thread_blocked, id=16020, stack(0x00007f3faf22c000,0x00007f3faf32d000)]

Other Threads:
=>0x00007f4014327000 VMThread "VM Thread" [stack: 0x00007f3fc4950000,0x00007f3fc4a50000] [id=15743]
  0x00007f4014372800 WatcherThread [stack: 0x00007f3faf32f000,0x00007f3faf42f000] [id=15986]
  0x00007f401406e800 GCTaskThread "GC Thread#0" [stack: 0x00007f3fd6275000,0x00007f3fd6375000] [id=15640]
  0x00007f3fbc001000 GCTaskThread "GC Thread#1" [stack: 0x00007f3fae9ff000,0x00007f3faeaff000] [id=16557]
  0x00007f3fbc002000 GCTaskThread "GC Thread#2" [stack: 0x00007f3fae8fd000,0x00007f3fae9fd000] [id=16563]
  0x00007f3fbc003000 GCTaskThread "GC Thread#3" [stack: 0x00007f3fae7fb000,0x00007f3fae8fb000] [id=16575]
  0x00007f3fbc004000 GCTaskThread "GC Thread#4" [stack: 0x00007f3fae6f9000,0x00007f3fae7f9000] [id=16580]
  0x00007f3fbc005800 GCTaskThread "GC Thread#5" [stack: 0x00007f3fae5f7000,0x00007f3fae6f7000] [id=16583]
  0x00007f3fbc007000 GCTaskThread "GC Thread#6" [stack: 0x00007f3fae4f5000,0x00007f3fae5f5000] [id=16586]
  0x00007f3fbc008800 GCTaskThread "GC Thread#7" [stack: 0x00007f3fae3f3000,0x00007f3fae4f3000] [id=16587]
  0x00007f3fbc00a800 GCTaskThread "GC Thread#8" [stack: 0x00007f3fae2f1000,0x00007f3fae3f1000] [id=16590]
  0x00007f3fbc00c000 GCTaskThread "GC Thread#9" [stack: 0x00007f3fae1ef000,0x00007f3fae2ef000] [id=16592]
  0x00007f3fbc00d800 GCTaskThread "GC Thread#10" [stack: 0x00007f3fae0ed000,0x00007f3fae1ed000] [id=16595]
  0x00007f3fbc00f000 GCTaskThread "GC Thread#11" [stack: 0x00007f3fadfeb000,0x00007f3fae0eb000] [id=16596]
  0x00007f3fbc010800 GCTaskThread "GC Thread#12" [stack: 0x00007f3fadee9000,0x00007f3fadfe9000] [id=16597]
  0x00007f3fbc012000 GCTaskThread "GC Thread#13" [stack: 0x00007f3fadde7000,0x00007f3fadee7000] [id=16598]
  0x00007f3fbc013800 GCTaskThread "GC Thread#14" [stack: 0x00007f3fadce5000,0x00007f3fadde5000] [id=16601]
  0x00007f3fbc015000 GCTaskThread "GC Thread#15" [stack: 0x00007f3fadbe3000,0x00007f3fadce3000] [id=16602]
  0x00007f3fbc016800 GCTaskThread "GC Thread#16" [stack: 0x00007f3fadae1000,0x00007f3fadbe1000] [id=16606]
  0x00007f3fbc018000 GCTaskThread "GC Thread#17" [stack: 0x00007f3fad9df000,0x00007f3fadadf000] [id=16608]
  0x00007f3fbc019800 GCTaskThread "GC Thread#18" [stack: 0x00007f3fad8dd000,0x00007f3fad9dd000] [id=16609]
  0x00007f3fbc01b000 GCTaskThread "GC Thread#19" [stack: 0x00007f3fad7db000,0x00007f3fad8db000] [id=16611]
  0x00007f3fbc01c800 GCTaskThread "GC Thread#20" [stack: 0x00007f3fad6d9000,0x00007f3fad7d9000] [id=16613]
  0x00007f3fbc01e000 GCTaskThread "GC Thread#21" [stack: 0x00007f3fad5d7000,0x00007f3fad6d7000] [id=16625]
  0x00007f3fbc01f800 GCTaskThread "GC Thread#22" [stack: 0x00007f3fad4d5000,0x00007f3fad5d5000] [id=16626]
  0x00007f3fbc021000 GCTaskThread "GC Thread#23" [stack: 0x00007f3fad3d3000,0x00007f3fad4d3000] [id=16627]
  0x00007f4014088800 ConcurrentGCThread "G1 Main Marker" [stack: 0x00007f3fd6173000,0x00007f3fd6273000] [id=15644]
  0x00007f401408a000 ConcurrentGCThread "G1 Conc#0" [stack: 0x00007f3fd6071000,0x00007f3fd6171000] [id=15655]
  0x00007f40142a5800 ConcurrentGCThread "G1 Refine#0" [stack: 0x00007f3fc53d5000,0x00007f3fc54d5000] [id=15686]
  0x00007f3fc0001000 ConcurrentGCThread "G1 Refine#1" [stack: 0x00007f3facbca000,0x00007f3faccca000] [id=19076]
  0x00007f3f2405a800 ConcurrentGCThread "G1 Refine#2" [stack: 0x00007f3facac8000,0x00007f3facbc8000] [id=19080]
  0x00007f3f18108800 ConcurrentGCThread "G1 Refine#3" [stack: 0x00007f3fac9c6000,0x00007f3facac6000] [id=19081]
  0x00007f3f1c0a3800 ConcurrentGCThread "G1 Refine#4" [stack: 0x00007f3fac8c4000,0x00007f3fac9c4000] [id=19083]
  0x00007f3f9c002000 ConcurrentGCThread "G1 Refine#5" [stack: 0x00007f3fac7c2000,0x00007f3fac8c2000] [id=19085]
  0x00007f3f90055800 ConcurrentGCThread "G1 Refine#6" [stack: 0x00007f3fac6c0000,0x00007f3fac7c0000] [id=19088]
  0x00007f40142a7000 ConcurrentGCThread "G1 Young RemSet Sampling" [stack: 0x00007f3fc52d3000,0x00007f3fc53d3000] [id=15691]

Threads with active compile tasks:

VM state:at safepoint (normal execution)

VM Mutex/Monitor currently owned by a thread:  ([mutex/lock_event])
[0x00007f401400e5b0] Threads_lock - owner thread: 0x00007f4014327000
[0x00007f401400ed90] Heap_lock - owner thread: 0x00007f4014012800

Heap address: 0x0000000412800000, size: 16088 MB, Compressed Oops mode: Zero based, Oop shift amount: 3
Narrow klass base: 0x0000000800000000, Narrow klass shift: 3
Compressed class space size: 1073741824 Address: 0x0000000801129000

Heap:
 garbage-first heap   total 1249280K, used 188825K [0x0000000412800000, 0x0000000800000000)
  region size 4096K, 3 young (12288K), 3 survivors (12288K)
 Metaspace       used 1090K, capacity 5017K, committed 5376K, reserved 1056768K
  class space    used 56K, capacity 424K, committed 512K, reserved 1048576K
Heap Regions: E=young(eden), S=young(survivor), O=old, HS=humongous(starts), HC=humongous(continues), CS=collection set, F=free, A=archive, TAMS=top-at-mark-start (previous, next)
|   0|0x0000000412800000, 0x0000000412c00000, 0x0000000412c00000|100%| O|  |TAMS 0x0000000412800000, 0x0000000412800000| Untracked 
|   1|0x0000000412c00000, 0x0000000413000000, 0x0000000413000000|100%| O|  |TAMS 0x0000000412c00000, 0x0000000412c00000| Untracked 
|   2|0x0000000413000000, 0x0000000413400000, 0x0000000413400000|100%| O|  |TAMS 0x0000000413000000, 0x0000000413000000| Untracked 
|   3|0x0000000413400000, 0x0000000413800000, 0x0000000413800000|100%| O|  |TAMS 0x0000000413400000, 0x0000000413400000| Untracked 
|   4|0x0000000413800000, 0x0000000413c00000, 0x0000000413c00000|100%| O|  |TAMS 0x0000000413800000, 0x0000000413800000| Untracked 
|   5|0x0000000413c00000, 0x0000000414000000, 0x0000000414000000|100%| O|  |TAMS 0x0000000413c00000, 0x0000000413c00000| Untracked 
|   6|0x0000000414000000, 0x0000000414400000, 0x0000000414400000|100%| O|  |TAMS 0x0000000414000000, 0x0000000414000000| Untracked 
|   7|0x0000000414400000, 0x0000000414800000, 0x0000000414800000|100%| O|  |TAMS 0x0000000414400000, 0x0000000414400000| Untracked 
|   8|0x0000000414800000, 0x0000000414c00000, 0x0000000414c00000|100%| O|  |TAMS 0x0000000414800000, 0x0000000414800000| Untracked 
|   9|0x0000000414c00000, 0x0000000415000000, 0x0000000415000000|100%| O|  |TAMS 0x0000000414c00000, 0x0000000414c00000| Untracked 
|  10|0x0000000415000000, 0x0000000415400000, 0x0000000415400000|100%| O|  |TAMS 0x0000000415000000, 0x0000000415000000| Untracked 
|  11|0x0000000415400000, 0x0000000415800000, 0x0000000415800000|100%| O|  |TAMS 0x0000000415400000, 0x0000000415400000| Untracked 
|  12|0x0000000415800000, 0x0000000415c00000, 0x0000000415c00000|100%| O|  |TAMS 0x0000000415800000, 0x0000000415800000| Untracked 
|  13|0x0000000415c00000, 0x0000000416000000, 0x0000000416000000|100%| O|  |TAMS 0x0000000415c00000, 0x0000000415c00000| Untracked 
|  14|0x0000000416000000, 0x0000000416400000, 0x0000000416400000|100%| O|  |TAMS 0x0000000416000000, 0x0000000416000000| Untracked 
|  15|0x0000000416400000, 0x0000000416800000, 0x0000000416800000|100%| O|  |TAMS 0x0000000416400000, 0x0000000416400000| Untracked 
|  16|0x0000000416800000, 0x0000000416c00000, 0x0000000416c00000|100%| O|  |TAMS 0x0000000416800000, 0x0000000416800000| Untracked 
|  17|0x0000000416c00000, 0x0000000417000000, 0x0000000417000000|100%| O|  |TAMS 0x0000000416c00000, 0x0000000416c00000| Untracked 
|  18|0x0000000417000000, 0x0000000417400000, 0x0000000417400000|100%| O|  |TAMS 0x0000000417000000, 0x0000000417000000| Untracked 
|  19|0x0000000417400000, 0x0000000417800000, 0x0000000417800000|100%| O|  |TAMS 0x0000000417400000, 0x0000000417400000| Untracked 
|  20|0x0000000417800000, 0x0000000417c00000, 0x0000000417c00000|100%| O|  |TAMS 0x0000000417800000, 0x0000000417800000| Untracked 
|  21|0x0000000417c00000, 0x0000000418000000, 0x0000000418000000|100%| O|  |TAMS 0x0000000417c00000, 0x0000000417c00000| Untracked 
|  22|0x0000000418000000, 0x0000000418400000, 0x0000000418400000|100%| O|  |TAMS 0x0000000418000000, 0x0000000418000000| Untracked 
|  23|0x0000000418400000, 0x0000000418800000, 0x0000000418800000|100%| O|  |TAMS 0x0000000418400000, 0x0000000418400000| Untracked 
|  24|0x0000000418800000, 0x0000000418c00000, 0x0000000418c00000|100%| O|  |TAMS 0x0000000418800000, 0x0000000418800000| Untracked 
|  25|0x0000000418c00000, 0x0000000419000000, 0x0000000419000000|100%| O|  |TAMS 0x0000000418c00000, 0x0000000418c00000| Untracked 
|  26|0x0000000419000000, 0x0000000419400000, 0x0000000419400000|100%| O|  |TAMS 0x0000000419000000, 0x0000000419000000| Untracked 
|  27|0x0000000419400000, 0x0000000419800000, 0x0000000419800000|100%| O|  |TAMS 0x0000000419400000, 0x0000000419400000| Untracked 
|  28|0x0000000419800000, 0x0000000419c00000, 0x0000000419c00000|100%| O|  |TAMS 0x0000000419800000, 0x0000000419800000| Untracked 
|  29|0x0000000419c00000, 0x000000041a000000, 0x000000041a000000|100%| O|  |TAMS 0x0000000419c00000, 0x0000000419c00000| Untracked 
|  30|0x000000041a000000, 0x000000041a400000, 0x000000041a400000|100%| O|  |TAMS 0x000000041a000000, 0x000000041a000000| Untracked 
|  31|0x000000041a400000, 0x000000041a800000, 0x000000041a800000|100%| O|  |TAMS 0x000000041a400000, 0x000000041a400000| Untracked 
|  32|0x000000041a800000, 0x000000041ac00000, 0x000000041ac00000|100%| O|  |TAMS 0x000000041a800000, 0x000000041a800000| Untracked 
|  33|0x000000041ac00000, 0x000000041b000000, 0x000000041b000000|100%| O|  |TAMS 0x000000041ac00000, 0x000000041ac00000| Untracked 
|  34|0x000000041b000000, 0x000000041b400000, 0x000000041b400000|100%| O|  |TAMS 0x000000041b000000, 0x000000041b000000| Untracked 
|  35|0x000000041b400000, 0x000000041b800000, 0x000000041b800000|100%| O|  |TAMS 0x000000041b400000, 0x000000041b400000| Untracked 
|  36|0x000000041b800000, 0x000000041bc00000, 0x000000041bc00000|100%| O|  |TAMS 0x000000041b800000, 0x000000041b800000| Untracked 
|  37|0x000000041bc00000, 0x000000041c000000, 0x000000041c000000|100%| O|  |TAMS 0x000000041bc00000, 0x000000041bc00000| Untracked 
|  38|0x000000041c000000, 0x000000041c400000, 0x000000041c400000|100%| O|  |TAMS 0x000000041c000000, 0x000000041c000000| Untracked 
|  39|0x000000041c400000, 0x000000041c800000, 0x000000041c800000|100%| O|  |TAMS 0x000000041c400000, 0x000000041c400000| Untracked 
|  40|0x000000041c800000, 0x000000041cc00000, 0x000000041cc00000|100%| O|  |TAMS 0x000000041c800000, 0x000000041c800000| Untracked 
|  41|0x000000041cc00000, 0x000000041d000000, 0x000000041d000000|100%| O|  |TAMS 0x000000041cc00000, 0x000000041cc00000| Untracked 
|  42|0x000000041d000000, 0x000000041d20a000, 0x000000041d400000| 50%| O|  |TAMS 0x000000041d000000, 0x000000041d000000| Untracked 
|  43|0x000000041d400000, 0x000000041d400000, 0x000000041d800000|  0%| F|  |TAMS 0x000000041d400000, 0x000000041d400000| Untracked 
|  44|0x000000041d800000, 0x000000041d800000, 0x000000041dc00000|  0%| F|  |TAMS 0x000000041d800000, 0x000000041d800000| Untracked 
|  45|0x000000041dc00000, 0x000000041dc00000, 0x000000041e000000|  0%| F|  |TAMS 0x000000041dc00000, 0x000000041dc00000| Untracked 
|  46|0x000000041e000000, 0x000000041e000000, 0x000000041e400000|  0%| F|  |TAMS 0x000000041e000000, 0x000000041e000000| Untracked 
|  47|0x000000041e400000, 0x000000041e400000, 0x000000041e800000|  0%| F|  |TAMS 0x000000041e400000, 0x000000041e400000| Untracked 
|  48|0x000000041e800000, 0x000000041e800000, 0x000000041ec00000|  0%| F|  |TAMS 0x000000041e800000, 0x000000041e800000| Untracked 
|  49|0x000000041ec00000, 0x000000041ec00000, 0x000000041f000000|  0%| F|  |TAMS 0x000000041ec00000, 0x000000041ec00000| Untracked 
|  50|0x000000041f000000, 0x000000041f000000, 0x000000041f400000|  0%| F|  |TAMS 0x000000041f000000, 0x000000041f000000| Untracked 
|  51|0x000000041f400000, 0x000000041f400000, 0x000000041f800000|  0%| F|  |TAMS 0x000000041f400000, 0x000000041f400000| Untracked 
|  52|0x000000041f800000, 0x000000041f800000, 0x000000041fc00000|  0%| F|  |TAMS 0x000000041f800000, 0x000000041f800000| Untracked 
|  53|0x000000041fc00000, 0x000000041fc00000, 0x0000000420000000|  0%| F|  |TAMS 0x000000041fc00000, 0x000000041fc00000| Untracked 
|  54|0x0000000420000000, 0x0000000420000000, 0x0000000420400000|  0%| F|  |TAMS 0x0000000420000000, 0x0000000420000000| Untracked 
|  55|0x0000000420400000, 0x0000000420400000, 0x0000000420800000|  0%| F|  |TAMS 0x0000000420400000, 0x0000000420400000| Untracked 
|  56|0x0000000420800000, 0x0000000420800000, 0x0000000420c00000|  0%| F|  |TAMS 0x0000000420800000, 0x0000000420800000| Untracked 
|  57|0x0000000420c00000, 0x0000000420c00000, 0x0000000421000000|  0%| F|  |TAMS 0x0000000420c00000, 0x0000000420c00000| Untracked 
|  58|0x0000000421000000, 0x0000000421000000, 0x0000000421400000|  0%| F|  |TAMS 0x0000000421000000, 0x0000000421000000| Untracked 
|  59|0x0000000421400000, 0x0000000421400000, 0x0000000421800000|  0%| F|  |TAMS 0x0000000421400000, 0x0000000421400000| Untracked 
|  60|0x0000000421800000, 0x0000000421800000, 0x0000000421c00000|  0%| F|  |TAMS 0x0000000421800000, 0x0000000421800000| Untracked 
|  61|0x0000000421c00000, 0x0000000421c00000, 0x0000000422000000|  0%| F|  |TAMS 0x0000000421c00000, 0x0000000421c00000| Untracked 
|  62|0x0000000422000000, 0x0000000422000000, 0x0000000422400000|  0%| F|  |TAMS 0x0000000422000000, 0x0000000422000000| Untracked 
|  63|0x0000000422400000, 0x0000000422400000, 0x0000000422800000|  0%| F|  |TAMS 0x0000000422400000, 0x0000000422400000| Untracked 
|  64|0x0000000422800000, 0x0000000422800000, 0x0000000422c00000|  0%| F|  |TAMS 0x0000000422800000, 0x0000000422800000| Untracked 
|  65|0x0000000422c00000, 0x0000000422c00000, 0x0000000423000000|  0%| F|  |TAMS 0x0000000422c00000, 0x0000000422c00000| Untracked 
|  66|0x0000000423000000, 0x0000000423000000, 0x0000000423400000|  0%| F|  |TAMS 0x0000000423000000, 0x0000000423000000| Untracked 
|  67|0x0000000423400000, 0x0000000423400000, 0x0000000423800000|  0%| F|  |TAMS 0x0000000423400000, 0x0000000423400000| Untracked 
|  68|0x0000000423800000, 0x0000000423800000, 0x0000000423c00000|  0%| F|  |TAMS 0x0000000423800000, 0x0000000423800000| Untracked 
|  69|0x0000000423c00000, 0x0000000423c00000, 0x0000000424000000|  0%| F|  |TAMS 0x0000000423c00000, 0x0000000423c00000| Untracked 
|  70|0x0000000424000000, 0x0000000424000000, 0x0000000424400000|  0%| F|  |TAMS 0x0000000424000000, 0x0000000424000000| Untracked 
|  71|0x0000000424400000, 0x0000000424400000, 0x0000000424800000|  0%| F|  |TAMS 0x0000000424400000, 0x0000000424400000| Untracked 
|  72|0x0000000424800000, 0x0000000424800000, 0x0000000424c00000|  0%| F|  |TAMS 0x0000000424800000, 0x0000000424800000| Untracked 
|  73|0x0000000424c00000, 0x0000000424c00000, 0x0000000425000000|  0%| F|  |TAMS 0x0000000424c00000, 0x0000000424c00000| Untracked 
|  74|0x0000000425000000, 0x0000000425000000, 0x0000000425400000|  0%| F|  |TAMS 0x0000000425000000, 0x0000000425000000| Untracked 
|  75|0x0000000425400000, 0x0000000425400000, 0x0000000425800000|  0%| F|  |TAMS 0x0000000425400000, 0x0000000425400000| Untracked 
|  76|0x0000000425800000, 0x0000000425800000, 0x0000000425c00000|  0%| F|  |TAMS 0x0000000425800000, 0x0000000425800000| Untracked 
|  77|0x0000000425c00000, 0x0000000425c00000, 0x0000000426000000|  0%| F|  |TAMS 0x0000000425c00000, 0x0000000425c00000| Untracked 
|  78|0x0000000426000000, 0x0000000426000000, 0x0000000426400000|  0%| F|  |TAMS 0x0000000426000000, 0x0000000426000000| Untracked 
|  79|0x0000000426400000, 0x0000000426400000, 0x0000000426800000|  0%| F|  |TAMS 0x0000000426400000, 0x0000000426400000| Untracked 
|  80|0x0000000426800000, 0x0000000426800000, 0x0000000426c00000|  0%| F|  |TAMS 0x0000000426800000, 0x0000000426800000| Untracked 
|  81|0x0000000426c00000, 0x0000000426c00000, 0x0000000427000000|  0%| F|  |TAMS 0x0000000426c00000, 0x0000000426c00000| Untracked 
|  82|0x0000000427000000, 0x0000000427000000, 0x0000000427400000|  0%| F|  |TAMS 0x0000000427000000, 0x0000000427000000| Untracked 
|  83|0x0000000427400000, 0x0000000427400000, 0x0000000427800000|  0%| F|  |TAMS 0x0000000427400000, 0x0000000427400000| Untracked 
|  84|0x0000000427800000, 0x0000000427800000, 0x0000000427c00000|  0%| F|  |TAMS 0x0000000427800000, 0x0000000427800000| Untracked 
|  85|0x0000000427c00000, 0x0000000427c00000, 0x0000000428000000|  0%| F|  |TAMS 0x0000000427c00000, 0x0000000427c00000| Untracked 
|  86|0x0000000428000000, 0x0000000428000000, 0x0000000428400000|  0%| F|  |TAMS 0x0000000428000000, 0x0000000428000000| Untracked 
|  87|0x0000000428400000, 0x0000000428400000, 0x0000000428800000|  0%| F|  |TAMS 0x0000000428400000, 0x0000000428400000| Untracked 
|  88|0x0000000428800000, 0x0000000428800000, 0x0000000428c00000|  0%| F|  |TAMS 0x0000000428800000, 0x0000000428800000| Untracked 
|  89|0x0000000428c00000, 0x0000000428c00000, 0x0000000429000000|  0%| F|  |TAMS 0x0000000428c00000, 0x0000000428c00000| Untracked 
|  90|0x0000000429000000, 0x0000000429000000, 0x0000000429400000|  0%| F|  |TAMS 0x0000000429000000, 0x0000000429000000| Untracked 
|  91|0x0000000429400000, 0x0000000429400000, 0x0000000429800000|  0%| F|  |TAMS 0x0000000429400000, 0x0000000429400000| Untracked 
|  92|0x0000000429800000, 0x0000000429800000, 0x0000000429c00000|  0%| F|  |TAMS 0x0000000429800000, 0x0000000429800000| Untracked 
|  93|0x0000000429c00000, 0x0000000429c00000, 0x000000042a000000|  0%| F|  |TAMS 0x0000000429c00000, 0x0000000429c00000| Untracked 
|  94|0x000000042a000000, 0x000000042a000000, 0x000000042a400000|  0%| F|  |TAMS 0x000000042a000000, 0x000000042a000000| Untracked 
|  95|0x000000042a400000, 0x000000042a400000, 0x000000042a800000|  0%| F|  |TAMS 0x000000042a400000, 0x000000042a400000| Untracked 
|  96|0x000000042a800000, 0x000000042a800000, 0x000000042ac00000|  0%| F|  |TAMS 0x000000042a800000, 0x000000042a800000| Untracked 
|  97|0x000000042ac00000, 0x000000042ac00000, 0x000000042b000000|  0%| F|  |TAMS 0x000000042ac00000, 0x000000042ac00000| Untracked 
|  98|0x000000042b000000, 0x000000042b000000, 0x000000042b400000|  0%| F|  |TAMS 0x000000042b000000, 0x000000042b000000| Untracked 
|  99|0x000000042b400000, 0x000000042b400000, 0x000000042b800000|  0%| F|  |TAMS 0x000000042b400000, 0x000000042b400000| Untracked 
| 100|0x000000042b800000, 0x000000042b800000, 0x000000042bc00000|  0%| F|  |TAMS 0x000000042b800000, 0x000000042b800000| Untracked 
| 101|0x000000042bc00000, 0x000000042bc00000, 0x000000042c000000|  0%| F|  |TAMS 0x000000042bc00000, 0x000000042bc00000| Untracked 
| 102|0x000000042c000000, 0x000000042c000000, 0x000000042c400000|  0%| F|  |TAMS 0x000000042c000000, 0x000000042c000000| Untracked 
| 103|0x000000042c400000, 0x000000042c400000, 0x000000042c800000|  0%| F|  |TAMS 0x000000042c400000, 0x000000042c400000| Untracked 
| 104|0x000000042c800000, 0x000000042c800000, 0x000000042cc00000|  0%| F|  |TAMS 0x000000042c800000, 0x000000042c800000| Untracked 
| 105|0x000000042cc00000, 0x000000042cc00000, 0x000000042d000000|  0%| F|  |TAMS 0x000000042cc00000, 0x000000042cc00000| Untracked 
| 106|0x000000042d000000, 0x000000042d000000, 0x000000042d400000|  0%| F|  |TAMS 0x000000042d000000, 0x000000042d000000| Untracked 
| 107|0x000000042d400000, 0x000000042d400000, 0x000000042d800000|  0%| F|  |TAMS 0x000000042d400000, 0x000000042d400000| Untracked 
| 108|0x000000042d800000, 0x000000042d800000, 0x000000042dc00000|  0%| F|  |TAMS 0x000000042d800000, 0x000000042d800000| Untracked 
| 109|0x000000042dc00000, 0x000000042dc00000, 0x000000042e000000|  0%| F|  |TAMS 0x000000042dc00000, 0x000000042dc00000| Untracked 
| 110|0x000000042e000000, 0x000000042e000000, 0x000000042e400000|  0%| F|  |TAMS 0x000000042e000000, 0x000000042e000000| Untracked 
| 111|0x000000042e400000, 0x000000042e400000, 0x000000042e800000|  0%| F|  |TAMS 0x000000042e400000, 0x000000042e400000| Untracked 
| 112|0x000000042e800000, 0x000000042e800000, 0x000000042ec00000|  0%| F|  |TAMS 0x000000042e800000, 0x000000042e800000| Untracked 
| 113|0x000000042ec00000, 0x000000042ec00000, 0x000000042f000000|  0%| F|  |TAMS 0x000000042ec00000, 0x000000042ec00000| Untracked 
| 114|0x000000042f000000, 0x000000042f000000, 0x000000042f400000|  0%| F|  |TAMS 0x000000042f000000, 0x000000042f000000| Untracked 
| 115|0x000000042f400000, 0x000000042f400000, 0x000000042f800000|  0%| F|  |TAMS 0x000000042f400000, 0x000000042f400000| Untracked 
| 116|0x000000042f800000, 0x000000042f800000, 0x000000042fc00000|  0%| F|  |TAMS 0x000000042f800000, 0x000000042f800000| Untracked 
| 117|0x000000042fc00000, 0x000000042fc00000, 0x0000000430000000|  0%| F|  |TAMS 0x000000042fc00000, 0x000000042fc00000| Untracked 
| 118|0x0000000430000000, 0x0000000430000000, 0x0000000430400000|  0%| F|  |TAMS 0x0000000430000000, 0x0000000430000000| Untracked 
| 119|0x0000000430400000, 0x0000000430400000, 0x0000000430800000|  0%| F|  |TAMS 0x0000000430400000, 0x0000000430400000| Untracked 
| 120|0x0000000430800000, 0x0000000430800000, 0x0000000430c00000|  0%| F|  |TAMS 0x0000000430800000, 0x0000000430800000| Untracked 
| 121|0x0000000430c00000, 0x0000000430c00000, 0x0000000431000000|  0%| F|  |TAMS 0x0000000430c00000, 0x0000000430c00000| Untracked 
| 122|0x0000000431000000, 0x0000000431000000, 0x0000000431400000|  0%| F|  |TAMS 0x0000000431000000, 0x0000000431000000| Untracked 
| 123|0x0000000431400000, 0x0000000431400000, 0x0000000431800000|  0%| F|  |TAMS 0x0000000431400000, 0x0000000431400000| Untracked 
| 124|0x0000000431800000, 0x0000000431800000, 0x0000000431c00000|  0%| F|  |TAMS 0x0000000431800000, 0x0000000431800000| Untracked 
| 125|0x0000000431c00000, 0x0000000431c00000, 0x0000000432000000|  0%| F|  |TAMS 0x0000000431c00000, 0x0000000431c00000| Untracked 
| 126|0x0000000432000000, 0x0000000432000000, 0x0000000432400000|  0%| F|  |TAMS 0x0000000432000000, 0x0000000432000000| Untracked 
| 127|0x0000000432400000, 0x0000000432400000, 0x0000000432800000|  0%| F|  |TAMS 0x0000000432400000, 0x0000000432400000| Untracked 
| 128|0x0000000432800000, 0x0000000432800000, 0x0000000432c00000|  0%| F|  |TAMS 0x0000000432800000, 0x0000000432800000| Untracked 
| 129|0x0000000432c00000, 0x0000000432c00000, 0x0000000433000000|  0%| F|  |TAMS 0x0000000432c00000, 0x0000000432c00000| Untracked 
| 130|0x0000000433000000, 0x0000000433000000, 0x0000000433400000|  0%| F|  |TAMS 0x0000000433000000, 0x0000000433000000| Untracked 
| 131|0x0000000433400000, 0x0000000433400000, 0x0000000433800000|  0%| F|  |TAMS 0x0000000433400000, 0x0000000433400000| Untracked 
| 132|0x0000000433800000, 0x0000000433800000, 0x0000000433c00000|  0%| F|  |TAMS 0x0000000433800000, 0x0000000433800000| Untracked 
| 133|0x0000000433c00000, 0x0000000433c00000, 0x0000000434000000|  0%| F|  |TAMS 0x0000000433c00000, 0x0000000433c00000| Untracked 
| 134|0x0000000434000000, 0x0000000434000000, 0x0000000434400000|  0%| F|  |TAMS 0x0000000434000000, 0x0000000434000000| Untracked 
| 135|0x0000000434400000, 0x0000000434400000, 0x0000000434800000|  0%| F|  |TAMS 0x0000000434400000, 0x0000000434400000| Untracked 
| 136|0x0000000434800000, 0x0000000434800000, 0x0000000434c00000|  0%| F|  |TAMS 0x0000000434800000, 0x0000000434800000| Untracked 
| 137|0x0000000434c00000, 0x0000000434c00000, 0x0000000435000000|  0%| F|  |TAMS 0x0000000434c00000, 0x0000000434c00000| Untracked 
| 138|0x0000000435000000, 0x0000000435000000, 0x0000000435400000|  0%| F|  |TAMS 0x0000000435000000, 0x0000000435000000| Untracked 
| 139|0x0000000435400000, 0x0000000435400000, 0x0000000435800000|  0%| F|  |TAMS 0x0000000435400000, 0x0000000435400000| Untracked 
| 140|0x0000000435800000, 0x0000000435800000, 0x0000000435c00000|  0%| F|  |TAMS 0x0000000435800000, 0x0000000435800000| Untracked 
| 141|0x0000000435c00000, 0x0000000435c00000, 0x0000000436000000|  0%| F|  |TAMS 0x0000000435c00000, 0x0000000435c00000| Untracked 
| 142|0x0000000436000000, 0x0000000436000000, 0x0000000436400000|  0%| F|  |TAMS 0x0000000436000000, 0x0000000436000000| Untracked 
| 143|0x0000000436400000, 0x0000000436400000, 0x0000000436800000|  0%| F|  |TAMS 0x0000000436400000, 0x0000000436400000| Untracked 
| 144|0x0000000436800000, 0x0000000436800000, 0x0000000436c00000|  0%| F|  |TAMS 0x0000000436800000, 0x0000000436800000| Untracked 
| 145|0x0000000436c00000, 0x0000000436c00000, 0x0000000437000000|  0%| F|  |TAMS 0x0000000436c00000, 0x0000000436c00000| Untracked 
| 146|0x0000000437000000, 0x0000000437000000, 0x0000000437400000|  0%| F|  |TAMS 0x0000000437000000, 0x0000000437000000| Untracked 
| 147|0x0000000437400000, 0x0000000437400000, 0x0000000437800000|  0%| F|  |TAMS 0x0000000437400000, 0x0000000437400000| Untracked 
| 148|0x0000000437800000, 0x0000000437800000, 0x0000000437c00000|  0%| F|  |TAMS 0x0000000437800000, 0x0000000437800000| Untracked 
| 149|0x0000000437c00000, 0x0000000437c00000, 0x0000000438000000|  0%| F|  |TAMS 0x0000000437c00000, 0x0000000437c00000| Untracked 
| 150|0x0000000438000000, 0x0000000438000000, 0x0000000438400000|  0%| F|  |TAMS 0x0000000438000000, 0x0000000438000000| Untracked 
| 151|0x0000000438400000, 0x0000000438400000, 0x0000000438800000|  0%| F|  |TAMS 0x0000000438400000, 0x0000000438400000| Untracked 
| 152|0x0000000438800000, 0x0000000438800000, 0x0000000438c00000|  0%| F|  |TAMS 0x0000000438800000, 0x0000000438800000| Untracked 
| 153|0x0000000438c00000, 0x0000000438c00000, 0x0000000439000000|  0%| F|  |TAMS 0x0000000438c00000, 0x0000000438c00000| Untracked 
| 154|0x0000000439000000, 0x0000000439000000, 0x0000000439400000|  0%| F|  |TAMS 0x0000000439000000, 0x0000000439000000| Untracked 
| 155|0x0000000439400000, 0x0000000439400000, 0x0000000439800000|  0%| F|  |TAMS 0x0000000439400000, 0x0000000439400000| Untracked 
| 156|0x0000000439800000, 0x0000000439800000, 0x0000000439c00000|  0%| F|  |TAMS 0x0000000439800000, 0x0000000439800000| Untracked 
| 157|0x0000000439c00000, 0x0000000439c00000, 0x000000043a000000|  0%| F|  |TAMS 0x0000000439c00000, 0x0000000439c00000| Untracked 
| 158|0x000000043a000000, 0x000000043a000000, 0x000000043a400000|  0%| F|  |TAMS 0x000000043a000000, 0x000000043a000000| Untracked 
| 159|0x000000043a400000, 0x000000043a400000, 0x000000043a800000|  0%| F|  |TAMS 0x000000043a400000, 0x000000043a400000| Untracked 
| 160|0x000000043a800000, 0x000000043a800000, 0x000000043ac00000|  0%| F|  |TAMS 0x000000043a800000, 0x000000043a800000| Untracked 
| 161|0x000000043ac00000, 0x000000043ac00000, 0x000000043b000000|  0%| F|  |TAMS 0x000000043ac00000, 0x000000043ac00000| Untracked 
| 162|0x000000043b000000, 0x000000043b000000, 0x000000043b400000|  0%| F|  |TAMS 0x000000043b000000, 0x000000043b000000| Untracked 
| 163|0x000000043b400000, 0x000000043b400000, 0x000000043b800000|  0%| F|  |TAMS 0x000000043b400000, 0x000000043b400000| Untracked 
| 164|0x000000043b800000, 0x000000043b800000, 0x000000043bc00000|  0%| F|  |TAMS 0x000000043b800000, 0x000000043b800000| Untracked 
| 165|0x000000043bc00000, 0x000000043bc00000, 0x000000043c000000|  0%| F|  |TAMS 0x000000043bc00000, 0x000000043bc00000| Untracked 
| 166|0x000000043c000000, 0x000000043c000000, 0x000000043c400000|  0%| F|  |TAMS 0x000000043c000000, 0x000000043c000000| Untracked 
| 167|0x000000043c400000, 0x000000043c400000, 0x000000043c800000|  0%| F|  |TAMS 0x000000043c400000, 0x000000043c400000| Untracked 
| 168|0x000000043c800000, 0x000000043c800000, 0x000000043cc00000|  0%| F|  |TAMS 0x000000043c800000, 0x000000043c800000| Untracked 
| 169|0x000000043cc00000, 0x000000043cc00000, 0x000000043d000000|  0%| F|  |TAMS 0x000000043cc00000, 0x000000043cc00000| Untracked 
| 170|0x000000043d000000, 0x000000043d000000, 0x000000043d400000|  0%| F|  |TAMS 0x000000043d000000, 0x000000043d000000| Untracked 
| 171|0x000000043d400000, 0x000000043d400000, 0x000000043d800000|  0%| F|  |TAMS 0x000000043d400000, 0x000000043d400000| Untracked 
| 172|0x000000043d800000, 0x000000043d800000, 0x000000043dc00000|  0%| F|  |TAMS 0x000000043d800000, 0x000000043d800000| Untracked 
| 173|0x000000043dc00000, 0x000000043dc00000, 0x000000043e000000|  0%| F|  |TAMS 0x000000043dc00000, 0x000000043dc00000| Untracked 
| 174|0x000000043e000000, 0x000000043e000000, 0x000000043e400000|  0%| F|  |TAMS 0x000000043e000000, 0x000000043e000000| Untracked 
| 175|0x000000043e400000, 0x000000043e400000, 0x000000043e800000|  0%| F|  |TAMS 0x000000043e400000, 0x000000043e400000| Untracked 
| 176|0x000000043e800000, 0x000000043e800000, 0x000000043ec00000|  0%| F|  |TAMS 0x000000043e800000, 0x000000043e800000| Untracked 
| 177|0x000000043ec00000, 0x000000043ec00000, 0x000000043f000000|  0%| F|  |TAMS 0x000000043ec00000, 0x000000043ec00000| Untracked 
| 178|0x000000043f000000, 0x000000043f000000, 0x000000043f400000|  0%| F|  |TAMS 0x000000043f000000, 0x000000043f000000| Untracked 
| 179|0x000000043f400000, 0x000000043f400000, 0x000000043f800000|  0%| F|  |TAMS 0x000000043f400000, 0x000000043f400000| Untracked 
| 180|0x000000043f800000, 0x000000043f800000, 0x000000043fc00000|  0%| F|  |TAMS 0x000000043f800000, 0x000000043f800000| Untracked 
| 181|0x000000043fc00000, 0x000000043fc00000, 0x0000000440000000|  0%| F|  |TAMS 0x000000043fc00000, 0x000000043fc00000| Untracked 
| 182|0x0000000440000000, 0x0000000440000000, 0x0000000440400000|  0%| F|  |TAMS 0x0000000440000000, 0x0000000440000000| Untracked 
| 183|0x0000000440400000, 0x0000000440400000, 0x0000000440800000|  0%| F|  |TAMS 0x0000000440400000, 0x0000000440400000| Untracked 
| 184|0x0000000440800000, 0x0000000440800000, 0x0000000440c00000|  0%| F|  |TAMS 0x0000000440800000, 0x0000000440800000| Untracked 
| 185|0x0000000440c00000, 0x0000000440c00000, 0x0000000441000000|  0%| F|  |TAMS 0x0000000440c00000, 0x0000000440c00000| Untracked 
| 186|0x0000000441000000, 0x0000000441000000, 0x0000000441400000|  0%| F|  |TAMS 0x0000000441000000, 0x0000000441000000| Untracked 
| 187|0x0000000441400000, 0x0000000441400000, 0x0000000441800000|  0%| F|  |TAMS 0x0000000441400000, 0x0000000441400000| Untracked 
| 188|0x0000000441800000, 0x0000000441800000, 0x0000000441c00000|  0%| F|  |TAMS 0x0000000441800000, 0x0000000441800000| Untracked 
| 189|0x0000000441c00000, 0x0000000441c00000, 0x0000000442000000|  0%| F|  |TAMS 0x0000000441c00000, 0x0000000441c00000| Untracked 
| 190|0x0000000442000000, 0x0000000442000000, 0x0000000442400000|  0%| F|  |TAMS 0x0000000442000000, 0x0000000442000000| Untracked 
| 191|0x0000000442400000, 0x0000000442400000, 0x0000000442800000|  0%| F|  |TAMS 0x0000000442400000, 0x0000000442400000| Untracked 
| 192|0x0000000442800000, 0x0000000442800000, 0x0000000442c00000|  0%| F|  |TAMS 0x0000000442800000, 0x0000000442800000| Untracked 
| 193|0x0000000442c00000, 0x0000000442c00000, 0x0000000443000000|  0%| F|  |TAMS 0x0000000442c00000, 0x0000000442c00000| Untracked 
| 194|0x0000000443000000, 0x0000000443000000, 0x0000000443400000|  0%| F|  |TAMS 0x0000000443000000, 0x0000000443000000| Untracked 
| 195|0x0000000443400000, 0x0000000443400000, 0x0000000443800000|  0%| F|  |TAMS 0x0000000443400000, 0x0000000443400000| Untracked 
| 196|0x0000000443800000, 0x0000000443800000, 0x0000000443c00000|  0%| F|  |TAMS 0x0000000443800000, 0x0000000443800000| Untracked 
| 197|0x0000000443c00000, 0x0000000443c00000, 0x0000000444000000|  0%| F|  |TAMS 0x0000000443c00000, 0x0000000443c00000| Untracked 
| 198|0x0000000444000000, 0x0000000444000000, 0x0000000444400000|  0%| F|  |TAMS 0x0000000444000000, 0x0000000444000000| Untracked 
| 199|0x0000000444400000, 0x0000000444400000, 0x0000000444800000|  0%| F|  |TAMS 0x0000000444400000, 0x0000000444400000| Untracked 
| 200|0x0000000444800000, 0x0000000444800000, 0x0000000444c00000|  0%| F|  |TAMS 0x0000000444800000, 0x0000000444800000| Untracked 
| 201|0x0000000444c00000, 0x0000000444c00000, 0x0000000445000000|  0%| F|  |TAMS 0x0000000444c00000, 0x0000000444c00000| Untracked 
| 202|0x0000000445000000, 0x0000000445000000, 0x0000000445400000|  0%| F|  |TAMS 0x0000000445000000, 0x0000000445000000| Untracked 
| 203|0x0000000445400000, 0x0000000445400000, 0x0000000445800000|  0%| F|  |TAMS 0x0000000445400000, 0x0000000445400000| Untracked 
| 204|0x0000000445800000, 0x0000000445800000, 0x0000000445c00000|  0%| F|  |TAMS 0x0000000445800000, 0x0000000445800000| Untracked 
| 205|0x0000000445c00000, 0x0000000445c00000, 0x0000000446000000|  0%| F|  |TAMS 0x0000000445c00000, 0x0000000445c00000| Untracked 
| 206|0x0000000446000000, 0x0000000446000000, 0x0000000446400000|  0%| F|  |TAMS 0x0000000446000000, 0x0000000446000000| Untracked 
| 207|0x0000000446400000, 0x0000000446400000, 0x0000000446800000|  0%| F|  |TAMS 0x0000000446400000, 0x0000000446400000| Untracked 
| 208|0x0000000446800000, 0x0000000446800000, 0x0000000446c00000|  0%| F|  |TAMS 0x0000000446800000, 0x0000000446800000| Untracked 
| 209|0x0000000446c00000, 0x0000000446c00000, 0x0000000447000000|  0%| F|  |TAMS 0x0000000446c00000, 0x0000000446c00000| Untracked 
| 210|0x0000000447000000, 0x0000000447000000, 0x0000000447400000|  0%| F|  |TAMS 0x0000000447000000, 0x0000000447000000| Untracked 
| 211|0x0000000447400000, 0x0000000447400000, 0x0000000447800000|  0%| F|  |TAMS 0x0000000447400000, 0x0000000447400000| Untracked 
| 212|0x0000000447800000, 0x0000000447800000, 0x0000000447c00000|  0%| F|  |TAMS 0x0000000447800000, 0x0000000447800000| Untracked 
| 213|0x0000000447c00000, 0x0000000447c00000, 0x0000000448000000|  0%| F|  |TAMS 0x0000000447c00000, 0x0000000447c00000| Untracked 
| 214|0x0000000448000000, 0x0000000448000000, 0x0000000448400000|  0%| F|  |TAMS 0x0000000448000000, 0x0000000448000000| Untracked 
| 215|0x0000000448400000, 0x0000000448400000, 0x0000000448800000|  0%| F|  |TAMS 0x0000000448400000, 0x0000000448400000| Untracked 
| 216|0x0000000448800000, 0x0000000448800000, 0x0000000448c00000|  0%| F|  |TAMS 0x0000000448800000, 0x0000000448800000| Untracked 
| 217|0x0000000448c00000, 0x0000000448c00000, 0x0000000449000000|  0%| F|  |TAMS 0x0000000448c00000, 0x0000000448c00000| Untracked 
| 218|0x0000000449000000, 0x0000000449000000, 0x0000000449400000|  0%| F|  |TAMS 0x0000000449000000, 0x0000000449000000| Untracked 
| 219|0x0000000449400000, 0x0000000449400000, 0x0000000449800000|  0%| F|  |TAMS 0x0000000449400000, 0x0000000449400000| Untracked 
| 220|0x0000000449800000, 0x0000000449800000, 0x0000000449c00000|  0%| F|  |TAMS 0x0000000449800000, 0x0000000449800000| Untracked 
| 221|0x0000000449c00000, 0x0000000449c00000, 0x000000044a000000|  0%| F|  |TAMS 0x0000000449c00000, 0x0000000449c00000| Untracked 
| 222|0x000000044a000000, 0x000000044a000000, 0x000000044a400000|  0%| F|  |TAMS 0x000000044a000000, 0x000000044a000000| Untracked 
| 223|0x000000044a400000, 0x000000044a400000, 0x000000044a800000|  0%| F|  |TAMS 0x000000044a400000, 0x000000044a400000| Untracked 
| 224|0x000000044a800000, 0x000000044a800000, 0x000000044ac00000|  0%| F|  |TAMS 0x000000044a800000, 0x000000044a800000| Untracked 
| 225|0x000000044ac00000, 0x000000044ac00000, 0x000000044b000000|  0%| F|  |TAMS 0x000000044ac00000, 0x000000044ac00000| Untracked 
| 226|0x000000044b000000, 0x000000044b000000, 0x000000044b400000|  0%| F|  |TAMS 0x000000044b000000, 0x000000044b000000| Untracked 
| 227|0x000000044b400000, 0x000000044b400000, 0x000000044b800000|  0%| F|  |TAMS 0x000000044b400000, 0x000000044b400000| Untracked 
| 228|0x000000044b800000, 0x000000044b800000, 0x000000044bc00000|  0%| F|  |TAMS 0x000000044b800000, 0x000000044b800000| Untracked 
| 229|0x000000044bc00000, 0x000000044bc00000, 0x000000044c000000|  0%| F|  |TAMS 0x000000044bc00000, 0x000000044bc00000| Untracked 
| 230|0x000000044c000000, 0x000000044c000000, 0x000000044c400000|  0%| F|  |TAMS 0x000000044c000000, 0x000000044c000000| Untracked 
| 231|0x000000044c400000, 0x000000044c400000, 0x000000044c800000|  0%| F|  |TAMS 0x000000044c400000, 0x000000044c400000| Untracked 
| 232|0x000000044c800000, 0x000000044c800000, 0x000000044cc00000|  0%| F|  |TAMS 0x000000044c800000, 0x000000044c800000| Untracked 
| 233|0x000000044cc00000, 0x000000044cc00000, 0x000000044d000000|  0%| F|  |TAMS 0x000000044cc00000, 0x000000044cc00000| Untracked 
| 234|0x000000044d000000, 0x000000044d000000, 0x000000044d400000|  0%| F|  |TAMS 0x000000044d000000, 0x000000044d000000| Untracked 
| 235|0x000000044d400000, 0x000000044d400000, 0x000000044d800000|  0%| F|  |TAMS 0x000000044d400000, 0x000000044d400000| Untracked 
| 236|0x000000044d800000, 0x000000044d800000, 0x000000044dc00000|  0%| F|  |TAMS 0x000000044d800000, 0x000000044d800000| Untracked 
| 237|0x000000044dc00000, 0x000000044dc00000, 0x000000044e000000|  0%| F|  |TAMS 0x000000044dc00000, 0x000000044dc00000| Untracked 
| 238|0x000000044e000000, 0x000000044e000000, 0x000000044e400000|  0%| F|  |TAMS 0x000000044e000000, 0x000000044e000000| Untracked 
| 239|0x000000044e400000, 0x000000044e400000, 0x000000044e800000|  0%| F|  |TAMS 0x000000044e400000, 0x000000044e400000| Untracked 
| 240|0x000000044e800000, 0x000000044e800000, 0x000000044ec00000|  0%| F|  |TAMS 0x000000044e800000, 0x000000044e800000| Untracked 
| 241|0x000000044ec00000, 0x000000044ec00000, 0x000000044f000000|  0%| F|  |TAMS 0x000000044ec00000, 0x000000044ec00000| Untracked 
| 242|0x000000044f000000, 0x000000044f000000, 0x000000044f400000|  0%| F|  |TAMS 0x000000044f000000, 0x000000044f000000| Untracked 
| 243|0x000000044f400000, 0x000000044f400000, 0x000000044f800000|  0%| F|  |TAMS 0x000000044f400000, 0x000000044f400000| Untracked 
| 244|0x000000044f800000, 0x000000044f800000, 0x000000044fc00000|  0%| F|  |TAMS 0x000000044f800000, 0x000000044f800000| Untracked 
| 245|0x000000044fc00000, 0x000000044fc00000, 0x0000000450000000|  0%| F|  |TAMS 0x000000044fc00000, 0x000000044fc00000| Untracked 
| 246|0x0000000450000000, 0x0000000450000000, 0x0000000450400000|  0%| F|  |TAMS 0x0000000450000000, 0x0000000450000000| Untracked 
| 247|0x0000000450400000, 0x0000000450400000, 0x0000000450800000|  0%| F|  |TAMS 0x0000000450400000, 0x0000000450400000| Untracked 
| 248|0x0000000450800000, 0x0000000450aa35a0, 0x0000000450c00000| 65%| S|CS|TAMS 0x0000000450800000, 0x0000000450800000| Complete 
| 249|0x0000000450c00000, 0x0000000451000000, 0x0000000451000000|100%| S|CS|TAMS 0x0000000450c00000, 0x0000000450c00000| Complete 
| 250|0x0000000451000000, 0x0000000451400000, 0x0000000451400000|100%| S|CS|TAMS 0x0000000451000000, 0x0000000451000000| Complete 
| 251|0x0000000451400000, 0x0000000451400000, 0x0000000451800000|  0%| F|  |TAMS 0x0000000451400000, 0x0000000451400000| Untracked 
|4020|0x00000007ff800000, 0x00000007ffb47000, 0x00000007ffc00000| 81%|OA|  |TAMS 0x00000007ff800000, 0x00000007ff800000| Untracked 
|4021|0x00000007ffc00000, 0x00000007ffc72000, 0x0000000800000000| 11%|CA|  |TAMS 0x00000007ffc00000, 0x00000007ffc00000| Untracked 

Card table byte_map: [0x00007f3ff7e92000,0x00007f3ff9dfe000] _byte_map_base: 0x00007f3ff5dfe000

Marking Bits (Prev, Next): (CMBitMap*) 0x00007f401406fcb8, (CMBitMap*) 0x00007f401406fcf8
 Prev Bits: [0x00007f3fe63c6000, 0x00007f3ff5f26000)
 Next Bits: [0x00007f3fd6866000, 0x00007f3fe63c6000)

Polling page: 0x00007f401d930000

Metaspace:

Usage:
  Non-class:      4.49 MB capacity,     1.01 MB ( 23%) used,     3.48 MB ( 77%) free+waste,   576 bytes ( <1%) overhead. 
      Class:    424.00 KB capacity,    56.97 KB ( 13%) used,   366.66 KB ( 86%) free+waste,   384 bytes ( <1%) overhead. 
       Both:      4.90 MB capacity,     1.07 MB ( 22%) used,     3.83 MB ( 78%) free+waste,   960 bytes ( <1%) overhead. 

Virtual space:
  Non-class space:        8.00 MB reserved,       4.75 MB ( 59%) committed 
      Class space:        1.00 GB reserved,     512.00 KB ( <1%) committed 
             Both:        1.01 GB reserved,       5.25 MB ( <1%) committed 

Chunk freelists:
   Non-Class:  9.38 KB
       Class:  2.50 KB
        Both:  11.88 KB

CodeHeap 'non-profiled nmethods': size=118596Kb used=502Kb max_used=502Kb free=118093Kb
 bounds [0x00007f40047a7000, 0x00007f4004a17000, 0x00007f400bb78000]
CodeHeap 'profiled nmethods': size=118596Kb used=888Kb max_used=888Kb free=117707Kb
 bounds [0x00007f3ffd3d6000, 0x00007f3ffd646000, 0x00007f40047a7000]
CodeHeap 'non-nmethods': size=8568Kb used=1030Kb max_used=3306Kb free=7537Kb
 bounds [0x00007f3ffcb78000, 0x00007f3ffceb8000, 0x00007f3ffd3d6000]
 total_blobs=1033 nmethods=423 adapters=213
 compilation: enabled
              stopped_count=0, restarted_count=0
 full_count=0

Compilation events (10 events):
Event: 45.112 Thread 0x00007f3fa4004000 nmethod 420 0x00007f400481ee90 code [0x00007f400481f040, 0x00007f400481f238]
Event: 45.112 Thread 0x00007f3fa4004000  419 %     4       org.ChaffinchABC.ChaffinchABC::iterateSimulation @ 54 (79 bytes)
Event: 45.118 Thread 0x00007f3fa4004000 nmethod 419% 0x00007f400481f410 code [0x00007f400481f5c0, 0x00007f400481f878]
Event: 45.124 Thread 0x00007f3fa4004000  421 %     4       org.ChaffinchABC.ChaffinchABC::iterateSimulation @ 28 (79 bytes)
Event: 45.133 Thread 0x00007f4014333800 nmethod 413 0x00007f400481fb10 code [0x00007f400481fd20, 0x00007f4004821358]
Event: 45.148 Thread 0x00007f3fa4004000 nmethod 421% 0x00007f4004822010 code [0x00007f4004822220, 0x00007f4004822ce8]
Event: 45.152 Thread 0x00007f4014333800  422       4       org.ChaffinchABC.ChaffinchABC::iterateSimulation (79 bytes)
Event: 45.166 Thread 0x00007f4014333800 nmethod 422 0x00007f4004823510 code [0x00007f40048236e0, 0x00007f4004823b68]
Event: 45.166 Thread 0x00007f3fa4004000  423 %     4       org.ChaffinchABC.ChaffinchABC::iterateSimulation @ 2 (79 bytes)
Event: 45.179 Thread 0x00007f3fa4004000 nmethod 423% 0x00007f4004823f90 code [0x00007f4004824160, 0x00007f4004824768]

GC Heap History (10 events):
Event: 4.692 GC heap after
{Heap after GC invocations=6 (full 0):
 garbage-first heap   total 1040384K, used 51220K [0x0000000412800000, 0x0000000800000000)
  region size 4096K, 1 young (4096K), 1 survivors (4096K)
 Metaspace       used 572K, capacity 4552K, committed 4864K, reserved 1056768K
  class space    used 27K, capacity 388K, committed 512K, reserved 1048576K
}
Event: 5.056 GC heap before
{Heap before GC invocations=6 (full 0):
 garbage-first heap   total 1040384K, used 464916K [0x0000000412800000, 0x0000000800000000)
  region size 4096K, 102 young (417792K), 1 survivors (4096K)
 Metaspace       used 572K, capacity 4552K, committed 4864K, reserved 1056768K
  class space    used 27K, capacity 388K, committed 512K, reserved 1048576K
}
Event: 5.057 GC heap after
{Heap after GC invocations=7 (full 0):
 garbage-first heap   total 1040384K, used 51220K [0x0000000412800000, 0x0000000800000000)
  region size 4096K, 1 young (4096K), 1 survivors (4096K)
 Metaspace       used 572K, capacity 4552K, committed 4864K, reserved 1056768K
  class space    used 27K, capacity 388K, committed 512K, reserved 1048576K
}
Event: 5.682 GC heap before
{Heap before GC invocations=7 (full 0):
 garbage-first heap   total 1040384K, used 616468K [0x0000000412800000, 0x0000000800000000)
  region size 4096K, 139 young (569344K), 1 survivors (4096K)
 Metaspace       used 572K, capacity 4552K, committed 4864K, reserved 1056768K
  class space    used 27K, capacity 388K, committed 512K, reserved 1048576K
}
Event: 5.683 GC heap after
{Heap after GC invocations=8 (full 0):
 garbage-first heap   total 1040384K, used 51220K [0x0000000412800000, 0x0000000800000000)
  region size 4096K, 1 young (4096K), 1 survivors (4096K)
 Metaspace       used 572K, capacity 4552K, committed 4864K, reserved 1056768K
  class space    used 27K, capacity 388K, committed 512K, reserved 1048576K
}
Event: 6.552 GC heap before
{Heap before GC invocations=8 (full 0):
 garbage-first heap   total 1040384K, used 665620K [0x0000000412800000, 0x0000000800000000)
  region size 4096K, 151 young (618496K), 1 survivors (4096K)
 Metaspace       used 572K, capacity 4552K, committed 4864K, reserved 1056768K
  class space    used 27K, capacity 388K, committed 512K, reserved 1048576K
}
Event: 6.553 GC heap after
{Heap after GC invocations=9 (full 0):
 garbage-first heap   total 1040384K, used 51220K [0x0000000412800000, 0x0000000800000000)
  region size 4096K, 1 young (4096K), 1 survivors (4096K)
 Metaspace       used 572K, capacity 4552K, committed 4864K, reserved 1056768K
  class space    used 27K, capacity 388K, committed 512K, reserved 1048576K
}
Event: 74.418 GC heap before
{Heap before GC invocations=9 (full 0):
 garbage-first heap   total 1040384K, used 665620K [0x0000000412800000, 0x0000000800000000)
  region size 4096K, 151 young (618496K), 1 survivors (4096K)
 Metaspace       used 1090K, capacity 5017K, committed 5376K, reserved 1056768K
  class space    used 56K, capacity 424K, committed 512K, reserved 1048576K
}
Event: 74.609 GC heap after
{Heap after GC invocations=10 (full 0):
 garbage-first heap   total 1040384K, used 177880K [0x0000000412800000, 0x0000000800000000)
  region size 4096K, 19 young (77824K), 19 survivors (77824K)
 Metaspace       used 1090K, capacity 5017K, committed 5376K, reserved 1056768K
  class space    used 56K, capacity 424K, committed 512K, reserved 1048576K
}
Event: 74.882 GC heap before
{Heap before GC invocations=10 (full 0):
 garbage-first heap   total 1040384K, used 181976K [0x0000000412800000, 0x0000000800000000)
  region size 4096K, 20 young (81920K), 19 survivors (77824K)
 Metaspace       used 1090K, capacity 5017K, committed 5376K, reserved 1056768K
  class space    used 56K, capacity 424K, committed 512K, reserved 1048576K
}

Deoptimization events (10 events):
Event: 1.725 Thread 0x00007f4014012800 Uncommon trap: reason=profile_predicate action=maybe_recompile pc=0x00007f40047d4364 method=jdk.internal.math.FDBigInteger.cmp(Ljdk/internal/math/FDBigInteger;)I @ 48 c2
Event: 1.725 Thread 0x00007f4014012800 Uncommon trap: reason=profile_predicate action=maybe_recompile pc=0x00007f40047d4364 method=jdk.internal.math.FDBigInteger.cmp(Ljdk/internal/math/FDBigInteger;)I @ 48 c2
Event: 1.725 Thread 0x00007f4014012800 Uncommon trap: reason=profile_predicate action=maybe_recompile pc=0x00007f40047d4364 method=jdk.internal.math.FDBigInteger.cmp(Ljdk/internal/math/FDBigInteger;)I @ 48 c2
Event: 4.137 Thread 0x00007f4014012800 Uncommon trap: reason=unstable_if action=reinterpret pc=0x00007f40047e56b4 method=jdk.internal.math.FDBigInteger.valueOfMulPow52(JII)Ljdk/internal/math/FDBigInteger; @ 243 c2
Event: 6.586 Thread 0x00007f4014012800 Uncommon trap: reason=unstable_if action=reinterpret pc=0x00007f40047f538c method=org.ChaffinchABC.EmpData.parseDissFileSyl([[ILjava/lang/String;)[[D @ 108 c2
Event: 6.586 Thread 0x00007f4014012800 Uncommon trap: reason=unstable_if action=reinterpret pc=0x00007f40047b2024 method=java.lang.String.substring(II)Ljava/lang/String; @ 22 c2
Event: 23.341 Thread 0x00007f4014012800 Uncommon trap: reason=unstable_if action=reinterpret pc=0x00007f4004811588 method=org.ChaffinchABC.ChaffinchABC.initiateSimulation()V @ 24 c2
Event: 23.356 Thread 0x00007f4014012800 Uncommon trap: reason=unstable_if action=reinterpret pc=0x00007f40048126d4 method=org.ChaffinchABC.Population.calculateSpatialArrangement()V @ 71 c2
Event: 44.993 Thread 0x00007f4014012800 Uncommon trap: reason=unstable_if action=reinterpret pc=0x00007f400480463c method=org.ChaffinchABC.Individual.setRepertoireSize()V @ 4 c2
Event: 45.081 Thread 0x00007f4014012800 Uncommon trap: reason=unstable_if action=reinterpret pc=0x00007f40048040d8 method=org.ChaffinchABC.Individual.updateRepertoire()V @ 4 c2

Classes redefined (0 events):
No events

Internal exceptions (10 events):
Event: 23.207 Thread 0x00007f4014012800 Exception <a 'java/io/IOException'{0x000000044b4754a0}> (0x000000044b4754a0) thrown at [/scratch/opt/mach5/mesos/work_dir/slaves/2dd962d0-8988-479b-a804-57ab764ada59-S77524/frameworks/1735e8a2-a1db-478c-8104-60c8b0af87dd-0196/executors/1f998a92-396c-4330-
Event: 23.207 Thread 0x00007f4014012800 Exception <a 'java/io/IOException'{0x000000044b4757d8}> (0x000000044b4757d8) thrown at [/scratch/opt/mach5/mesos/work_dir/slaves/2dd962d0-8988-479b-a804-57ab764ada59-S77524/frameworks/1735e8a2-a1db-478c-8104-60c8b0af87dd-0196/executors/1f998a92-396c-4330-
Event: 23.207 Thread 0x00007f4014012800 Exception <a 'java/io/IOException'{0x000000044b475ae0}> (0x000000044b475ae0) thrown at [/scratch/opt/mach5/mesos/work_dir/slaves/2dd962d0-8988-479b-a804-57ab764ada59-S77524/frameworks/1735e8a2-a1db-478c-8104-60c8b0af87dd-0196/executors/1f998a92-396c-4330-
Event: 23.207 Thread 0x00007f4014012800 Exception <a 'java/io/IOException'{0x000000044b4764a8}> (0x000000044b4764a8) thrown at [/scratch/opt/mach5/mesos/work_dir/slaves/2dd962d0-8988-479b-a804-57ab764ada59-S77524/frameworks/1735e8a2-a1db-478c-8104-60c8b0af87dd-0196/executors/1f998a92-396c-4330-
Event: 23.207 Thread 0x00007f4014012800 Exception <a 'java/io/IOException'{0x000000044b476890}> (0x000000044b476890) thrown at [/scratch/opt/mach5/mesos/work_dir/slaves/2dd962d0-8988-479b-a804-57ab764ada59-S77524/frameworks/1735e8a2-a1db-478c-8104-60c8b0af87dd-0196/executors/1f998a92-396c-4330-
Event: 23.207 Thread 0x00007f4014012800 Exception <a 'java/io/IOException'{0x000000044b476c78}> (0x000000044b476c78) thrown at [/scratch/opt/mach5/mesos/work_dir/slaves/2dd962d0-8988-479b-a804-57ab764ada59-S77524/frameworks/1735e8a2-a1db-478c-8104-60c8b0af87dd-0196/executors/1f998a92-396c-4330-
Event: 23.207 Thread 0x00007f4014012800 Exception <a 'java/io/IOException'{0x000000044b477060}> (0x000000044b477060) thrown at [/scratch/opt/mach5/mesos/work_dir/slaves/2dd962d0-8988-479b-a804-57ab764ada59-S77524/frameworks/1735e8a2-a1db-478c-8104-60c8b0af87dd-0196/executors/1f998a92-396c-4330-
Event: 23.207 Thread 0x00007f4014012800 Exception <a 'java/io/IOException'{0x000000044b477448}> (0x000000044b477448) thrown at [/scratch/opt/mach5/mesos/work_dir/slaves/2dd962d0-8988-479b-a804-57ab764ada59-S77524/frameworks/1735e8a2-a1db-478c-8104-60c8b0af87dd-0196/executors/1f998a92-396c-4330-
Event: 23.207 Thread 0x00007f4014012800 Exception <a 'java/io/IOException'{0x000000044b477780}> (0x000000044b477780) thrown at [/scratch/opt/mach5/mesos/work_dir/slaves/2dd962d0-8988-479b-a804-57ab764ada59-S77524/frameworks/1735e8a2-a1db-478c-8104-60c8b0af87dd-0196/executors/1f998a92-396c-4330-
Event: 23.207 Thread 0x00007f4014012800 Exception <a 'java/io/IOException'{0x000000044b477a88}> (0x000000044b477a88) thrown at [/scratch/opt/mach5/mesos/work_dir/slaves/2dd962d0-8988-479b-a804-57ab764ada59-S77524/frameworks/1735e8a2-a1db-478c-8104-60c8b0af87dd-0196/executors/1f998a92-396c-4330-

Events (10 events):
Event: 45.081 Thread 0x00007f4014012800 DEOPT PACKING pc=0x00007f40048040d8 sp=0x00007f401d917720
Event: 45.081 Thread 0x00007f4014012800 DEOPT UNPACKING pc=0x00007f3ffcba13a5 sp=0x00007f401d9176e0 mode 2
Event: 45.152 Thread 0x00007f4014012800 DEOPT PACKING pc=0x00007f3ffd4b3828 sp=0x00007f401d917760
Event: 45.152 Thread 0x00007f4014012800 DEOPT UNPACKING pc=0x00007f3ffcba11ba sp=0x00007f401d916c30 mode 0
Event: 45.174 Thread 0x00007f4014012800 DEOPT PACKING pc=0x00007f3ffd4b3828 sp=0x00007f401d917760
Event: 45.174 Thread 0x00007f4014012800 DEOPT UNPACKING pc=0x00007f3ffcba11ba sp=0x00007f401d916c30 mode 0
Event: 50.180 Thread 0x00007f3fa4004000 Thread exited: 0x00007f3fa4004000
Event: 74.417 Executing VM operation: G1CollectForAllocation
Event: 74.610 Executing VM operation: G1CollectForAllocation done
Event: 74.881 Executing VM operation: G1CollectForAllocation


Dynamic libraries:
00400000-00401000 r-xp 00000000 103:02 15872717                          /usr/lib/jvm/java-12-oracle/bin/java
00600000-00601000 r--p 00000000 103:02 15872717                          /usr/lib/jvm/java-12-oracle/bin/java
00601000-00602000 rw-p 00001000 103:02 15872717                          /usr/lib/jvm/java-12-oracle/bin/java
01901000-01922000 rw-p 00000000 00:00 0                                  [heap]
412800000-451800000 rw-p 00000000 00:00 0 
45e400000-7ff800000 ---p 00000000 00:00 0 
7ff800000-7ffb00000 rw-p 00000000 00:00 0 
7ffb00000-7ffb47000 rw-p 0119c000 103:02 15872896                        /usr/lib/jvm/java-12-oracle/lib/server/classes.jsa
7ffb47000-7ffc00000 rw-p 00000000 00:00 0 
7ffc00000-7ffc72000 rw-p 0112a000 103:02 15872896                        /usr/lib/jvm/java-12-oracle/lib/server/classes.jsa
7ffc72000-800000000 rw-p 00000000 00:00 0 
800000000-800003000 rwxp 00001000 103:02 15872896                        /usr/lib/jvm/java-12-oracle/lib/server/classes.jsa
800003000-8003d9000 rw-p 00004000 103:02 15872896                        /usr/lib/jvm/java-12-oracle/lib/server/classes.jsa
8003d9000-800ae3000 r--p 003da000 103:02 15872896                        /usr/lib/jvm/java-12-oracle/lib/server/classes.jsa
800ae3000-800ae4000 rw-p 00ae4000 103:02 15872896                        /usr/lib/jvm/java-12-oracle/lib/server/classes.jsa
800ae4000-801129000 r--p 00ae5000 103:02 15872896                        /usr/lib/jvm/java-12-oracle/lib/server/classes.jsa
801129000-8011a9000 rw-p 00000000 00:00 0 
8011a9000-841129000 ---p 00000000 00:00 0 
7f3ef8000000-7f3ef802a000 rw-p 00000000 00:00 0 
7f3ef802a000-7f3efc000000 ---p 00000000 00:00 0 
7f3f00000000-7f3f00047000 rw-p 00000000 00:00 0 
7f3f00047000-7f3f04000000 ---p 00000000 00:00 0 
7f3f04000000-7f3f0418d000 rw-p 00000000 00:00 0 
7f3f0418d000-7f3f08000000 ---p 00000000 00:00 0 
7f3f08000000-7f3f08056000 rw-p 00000000 00:00 0 
7f3f08056000-7f3f0c000000 ---p 00000000 00:00 0 
7f3f0c000000-7f3f0c02e000 rw-p 00000000 00:00 0 
7f3f0c02e000-7f3f10000000 ---p 00000000 00:00 0 
7f3f10000000-7f3f10186000 rw-p 00000000 00:00 0 
7f3f10186000-7f3f14000000 ---p 00000000 00:00 0 
7f3f14000000-7f3f14332000 rw-p 00000000 00:00 0 
7f3f14332000-7f3f18000000 ---p 00000000 00:00 0 
7f3f18000000-7f3f1824b000 rw-p 00000000 00:00 0 
7f3f1824b000-7f3f1c000000 ---p 00000000 00:00 0 
7f3f1c000000-7f3f1c23d000 rw-p 00000000 00:00 0 
7f3f1c23d000-7f3f20000000 ---p 00000000 00:00 0 
7f3f20000000-7f3f20021000 rw-p 00000000 00:00 0 
7f3f20021000-7f3f24000000 ---p 00000000 00:00 0 
7f3f24000000-7f3f2425b000 rw-p 00000000 00:00 0 
7f3f2425b000-7f3f28000000 ---p 00000000 00:00 0 
7f3f28000000-7f3f28021000 rw-p 00000000 00:00 0 
7f3f28021000-7f3f2c000000 ---p 00000000 00:00 0 
7f3f2c000000-7f3f2c021000 rw-p 00000000 00:00 0 
7f3f2c021000-7f3f30000000 ---p 00000000 00:00 0 
7f3f30000000-7f3f30021000 rw-p 00000000 00:00 0 
7f3f30021000-7f3f34000000 ---p 00000000 00:00 0 
7f3f34000000-7f3f34021000 rw-p 00000000 00:00 0 
7f3f34021000-7f3f38000000 ---p 00000000 00:00 0 
7f3f38000000-7f3f38021000 rw-p 00000000 00:00 0 
7f3f38021000-7f3f3c000000 ---p 00000000 00:00 0 
7f3f3c000000-7f3f3c021000 rw-p 00000000 00:00 0 
7f3f3c021000-7f3f40000000 ---p 00000000 00:00 0 
7f3f40000000-7f3f40021000 rw-p 00000000 00:00 0 
7f3f40021000-7f3f44000000 ---p 00000000 00:00 0 
7f3f44000000-7f3f44021000 rw-p 00000000 00:00 0 
7f3f44021000-7f3f48000000 ---p 00000000 00:00 0 
7f3f48000000-7f3f48021000 rw-p 00000000 00:00 0 
7f3f48021000-7f3f4c000000 ---p 00000000 00:00 0 
7f3f4c000000-7f3f4c021000 rw-p 00000000 00:00 0 
7f3f4c021000-7f3f50000000 ---p 00000000 00:00 0 
7f3f50000000-7f3f50021000 rw-p 00000000 00:00 0 
7f3f50021000-7f3f54000000 ---p 00000000 00:00 0 
7f3f54000000-7f3f54021000 rw-p 00000000 00:00 0 
7f3f54021000-7f3f58000000 ---p 00000000 00:00 0 
7f3f58000000-7f3f58021000 rw-p 00000000 00:00 0 
7f3f58021000-7f3f5c000000 ---p 00000000 00:00 0 
7f3f5c000000-7f3f5c021000 rw-p 00000000 00:00 0 
7f3f5c021000-7f3f60000000 ---p 00000000 00:00 0 
7f3f60000000-7f3f60021000 rw-p 00000000 00:00 0 
7f3f60021000-7f3f64000000 ---p 00000000 00:00 0 
7f3f64000000-7f3f64021000 rw-p 00000000 00:00 0 
7f3f64021000-7f3f68000000 ---p 00000000 00:00 0 
7f3f68000000-7f3f68021000 rw-p 00000000 00:00 0 
7f3f68021000-7f3f6c000000 ---p 00000000 00:00 0 
7f3f6c000000-7f3f6c021000 rw-p 00000000 00:00 0 
7f3f6c021000-7f3f70000000 ---p 00000000 00:00 0 
7f3f70000000-7f3f70087000 rw-p 00000000 00:00 0 
7f3f70087000-7f3f74000000 ---p 00000000 00:00 0 
7f3f74000000-7f3f74021000 rw-p 00000000 00:00 0 
7f3f74021000-7f3f78000000 ---p 00000000 00:00 0 
7f3f78000000-7f3f784ef000 rw-p 00000000 00:00 0 
7f3f784ef000-7f3f7c000000 ---p 00000000 00:00 0 
7f3f7c000000-7f3f7c3d3000 rw-p 00000000 00:00 0 
7f3f7c3d3000-7f3f80000000 ---p 00000000 00:00 0 
7f3f80000000-7f3f80021000 rw-p 00000000 00:00 0 
7f3f80021000-7f3f84000000 ---p 00000000 00:00 0 
7f3f84000000-7f3f84021000 rw-p 00000000 00:00 0 
7f3f84021000-7f3f88000000 ---p 00000000 00:00 0 
7f3f88000000-7f3f8809c000 rw-p 00000000 00:00 0 
7f3f8809c000-7f3f8c000000 ---p 00000000 00:00 0 
7f3f8c000000-7f3f8c021000 rw-p 00000000 00:00 0 
7f3f8c021000-7f3f90000000 ---p 00000000 00:00 0 
7f3f90000000-7f3f9005a000 rw-p 00000000 00:00 0 
7f3f9005a000-7f3f94000000 ---p 00000000 00:00 0 
7f3f94000000-7f3f9404f000 rw-p 00000000 00:00 0 
7f3f9404f000-7f3f98000000 ---p 00000000 00:00 0 
7f3f98000000-7f3f98021000 rw-p 00000000 00:00 0 
7f3f98021000-7f3f9c000000 ---p 00000000 00:00 0 
7f3f9c000000-7f3f9c0a8000 rw-p 00000000 00:00 0 
7f3f9c0a8000-7f3fa0000000 ---p 00000000 00:00 0 
7f3fa0000000-7f3fa0656000 rw-p 00000000 00:00 0 
7f3fa0656000-7f3fa4000000 ---p 00000000 00:00 0 
7f3fa4000000-7f3fa41bf000 rw-p 00000000 00:00 0 
7f3fa41bf000-7f3fa8000000 ---p 00000000 00:00 0 
7f3fa8000000-7f3fa8021000 rw-p 00000000 00:00 0 
7f3fa8021000-7f3fac000000 ---p 00000000 00:00 0 
7f3fac6be000-7f3fac6bf000 ---p 00000000 00:00 0 
7f3fac6bf000-7f3fac7c0000 rw-p 00000000 00:00 0 
7f3fac7c0000-7f3fac7c1000 ---p 00000000 00:00 0 
7f3fac7c1000-7f3fac8c2000 rw-p 00000000 00:00 0 
7f3fac8c2000-7f3fac8c3000 ---p 00000000 00:00 0 
7f3fac8c3000-7f3fac9c4000 rw-p 00000000 00:00 0 
7f3fac9c4000-7f3fac9c5000 ---p 00000000 00:00 0 
7f3fac9c5000-7f3facac6000 rw-p 00000000 00:00 0 
7f3facac6000-7f3facac7000 ---p 00000000 00:00 0 
7f3facac7000-7f3facbc8000 rw-p 00000000 00:00 0 
7f3facbc8000-7f3facbc9000 ---p 00000000 00:00 0 
7f3facbc9000-7f3faccca000 rw-p 00000000 00:00 0 
7f3faccca000-7f3faccce000 ---p 00000000 00:00 0 
7f3faccce000-7f3facdcb000 rw-p 00000000 00:00 0 
7f3facdcb000-7f3facdcf000 ---p 00000000 00:00 0 
7f3facdcf000-7f3facecc000 rw-p 00000000 00:00 0 
7f3facecc000-7f3faced0000 ---p 00000000 00:00 0 
7f3faced0000-7f3facfcd000 rw-p 00000000 00:00 0 
7f3facfcd000-7f3facfd1000 ---p 00000000 00:00 0 
7f3facfd1000-7f3fad0ce000 rw-p 00000000 00:00 0 
7f3fad0ce000-7f3fad0d2000 ---p 00000000 00:00 0 
7f3fad0d2000-7f3fad1cf000 rw-p 00000000 00:00 0 
7f3fad1cf000-7f3fad1d3000 ---p 00000000 00:00 0 
7f3fad1d3000-7f3fad2d0000 rw-p 00000000 00:00 0 
7f3fad2d0000-7f3fad2d4000 ---p 00000000 00:00 0 
7f3fad2d4000-7f3fad3d1000 rw-p 00000000 00:00 0 
7f3fad3d1000-7f3fad3d2000 ---p 00000000 00:00 0 
7f3fad3d2000-7f3fad4d3000 rw-p 00000000 00:00 0 
7f3fad4d3000-7f3fad4d4000 ---p 00000000 00:00 0 
7f3fad4d4000-7f3fad5d5000 rw-p 00000000 00:00 0 
7f3fad5d5000-7f3fad5d6000 ---p 00000000 00:00 0 
7f3fad5d6000-7f3fad6d7000 rw-p 00000000 00:00 0 
7f3fad6d7000-7f3fad6d8000 ---p 00000000 00:00 0 
7f3fad6d8000-7f3fad7d9000 rw-p 00000000 00:00 0 
7f3fad7d9000-7f3fad7da000 ---p 00000000 00:00 0 
7f3fad7da000-7f3fad8db000 rw-p 00000000 00:00 0 
7f3fad8db000-7f3fad8dc000 ---p 00000000 00:00 0 
7f3fad8dc000-7f3fad9dd000 rw-p 00000000 00:00 0 
7f3fad9dd000-7f3fad9de000 ---p 00000000 00:00 0 
7f3fad9de000-7f3fadadf000 rw-p 00000000 00:00 0 
7f3fadadf000-7f3fadae0000 ---p 00000000 00:00 0 
7f3fadae0000-7f3fadbe1000 rw-p 00000000 00:00 0 
7f3fadbe1000-7f3fadbe2000 ---p 00000000 00:00 0 
7f3fadbe2000-7f3fadce3000 rw-p 00000000 00:00 0 
7f3fadce3000-7f3fadce4000 ---p 00000000 00:00 0 
7f3fadce4000-7f3fadde5000 rw-p 00000000 00:00 0 
7f3fadde5000-7f3fadde6000 ---p 00000000 00:00 0 
7f3fadde6000-7f3fadee7000 rw-p 00000000 00:00 0 
7f3fadee7000-7f3fadee8000 ---p 00000000 00:00 0 
7f3fadee8000-7f3fadfe9000 rw-p 00000000 00:00 0 
7f3fadfe9000-7f3fadfea000 ---p 00000000 00:00 0 
7f3fadfea000-7f3fae0eb000 rw-p 00000000 00:00 0 
7f3fae0eb000-7f3fae0ec000 ---p 00000000 00:00 0 
7f3fae0ec000-7f3fae1ed000 rw-p 00000000 00:00 0 
7f3fae1ed000-7f3fae1ee000 ---p 00000000 00:00 0 
7f3fae1ee000-7f3fae2ef000 rw-p 00000000 00:00 0 
7f3fae2ef000-7f3fae2f0000 ---p 00000000 00:00 0 
7f3fae2f0000-7f3fae3f1000 rw-p 00000000 00:00 0 
7f3fae3f1000-7f3fae3f2000 ---p 00000000 00:00 0 
7f3fae3f2000-7f3fae4f3000 rw-p 00000000 00:00 0 
7f3fae4f3000-7f3fae4f4000 ---p 00000000 00:00 0 
7f3fae4f4000-7f3fae5f5000 rw-p 00000000 00:00 0 
7f3fae5f5000-7f3fae5f6000 ---p 00000000 00:00 0 
7f3fae5f6000-7f3fae6f7000 rw-p 00000000 00:00 0 
7f3fae6f7000-7f3fae6f8000 ---p 00000000 00:00 0 
7f3fae6f8000-7f3fae7f9000 rw-p 00000000 00:00 0 
7f3fae7f9000-7f3fae7fa000 ---p 00000000 00:00 0 
7f3fae7fa000-7f3fae8fb000 rw-p 00000000 00:00 0 
7f3fae8fb000-7f3fae8fc000 ---p 00000000 00:00 0 
7f3fae8fc000-7f3fae9fd000 rw-p 00000000 00:00 0 
7f3fae9fd000-7f3fae9fe000 ---p 00000000 00:00 0 
7f3fae9fe000-7f3faeaff000 rw-p 00000000 00:00 0 
7f3faeaff000-7f3faeb03000 ---p 00000000 00:00 0 
7f3faeb03000-7f3faec00000 rw-p 00000000 00:00 0 
7f3faec00000-7f3faec04000 ---p 00000000 00:00 0 
7f3faec04000-7f3faed01000 rw-p 00000000 00:00 0 
7f3faed01000-7f3faed05000 ---p 00000000 00:00 0 
7f3faed05000-7f3faee02000 rw-p 00000000 00:00 0 
7f3faee02000-7f3faee18000 r-xp 00000000 103:02 15872873                  /usr/lib/jvm/java-12-oracle/lib/libnet.so
7f3faee18000-7f3faf018000 ---p 00016000 103:02 15872873                  /usr/lib/jvm/java-12-oracle/lib/libnet.so
7f3faf018000-7f3faf019000 r--p 00016000 103:02 15872873                  /usr/lib/jvm/java-12-oracle/lib/libnet.so
7f3faf019000-7f3faf01a000 rw-p 00017000 103:02 15872873                  /usr/lib/jvm/java-12-oracle/lib/libnet.so
7f3faf01a000-7f3faf02b000 r-xp 00000000 103:02 15872874                  /usr/lib/jvm/java-12-oracle/lib/libnio.so
7f3faf02b000-7f3faf22a000 ---p 00011000 103:02 15872874                  /usr/lib/jvm/java-12-oracle/lib/libnio.so
7f3faf22a000-7f3faf22b000 r--p 00010000 103:02 15872874                  /usr/lib/jvm/java-12-oracle/lib/libnio.so
7f3faf22b000-7f3faf22c000 rw-p 00011000 103:02 15872874                  /usr/lib/jvm/java-12-oracle/lib/libnio.so
7f3faf22c000-7f3faf230000 ---p 00000000 00:00 0 
7f3faf230000-7f3faf32d000 rw-p 00000000 00:00 0 
7f3faf32d000-7f3faf32e000 ---p 00000000 00:00 0 
7f3faf32e000-7f3faf42f000 rw-p 00000000 00:00 0 
7f3faf42f000-7f3faf433000 ---p 00000000 00:00 0 
7f3faf433000-7f3faf530000 rw-p 00000000 00:00 0 
7f3faf530000-7f3faf534000 ---p 00000000 00:00 0 
7f3faf534000-7f3faf631000 rw-p 00000000 00:00 0 
7f3faf631000-7f3fb0000000 r--p 00000000 103:02 15866447                  /usr/lib/locale/locale-archive
7f3fb0000000-7f3fb0021000 rw-p 00000000 00:00 0 
7f3fb0021000-7f3fb4000000 ---p 00000000 00:00 0 
7f3fb4000000-7f3fb4021000 rw-p 00000000 00:00 0 
7f3fb4021000-7f3fb8000000 ---p 00000000 00:00 0 
7f3fb8000000-7f3fb8021000 rw-p 00000000 00:00 0 
7f3fb8021000-7f3fbc000000 ---p 00000000 00:00 0 
7f3fbc000000-7f3fbc3bd000 rw-p 00000000 00:00 0 
7f3fbc3bd000-7f3fc0000000 ---p 00000000 00:00 0 
7f3fc0000000-7f3fc0021000 rw-p 00000000 00:00 0 
7f3fc0021000-7f3fc4000000 ---p 00000000 00:00 0 
7f3fc4045000-7f3fc4049000 ---p 00000000 00:00 0 
7f3fc4049000-7f3fc4146000 rw-p 00000000 00:00 0 
7f3fc4146000-7f3fc414a000 ---p 00000000 00:00 0 
7f3fc414a000-7f3fc4247000 rw-p 00000000 00:00 0 
7f3fc4247000-7f3fc424b000 ---p 00000000 00:00 0 
7f3fc424b000-7f3fc4348000 rw-p 00000000 00:00 0 
7f3fc4348000-7f3fc434c000 ---p 00000000 00:00 0 
7f3fc434c000-7f3fc4449000 rw-p 00000000 00:00 0 
7f3fc4449000-7f3fc444d000 ---p 00000000 00:00 0 
7f3fc444d000-7f3fc454a000 rw-p 00000000 00:00 0 
7f3fc454a000-7f3fc454e000 ---p 00000000 00:00 0 
7f3fc454e000-7f3fc464b000 rw-p 00000000 00:00 0 
7f3fc464b000-7f3fc464f000 ---p 00000000 00:00 0 
7f3fc464f000-7f3fc474c000 rw-p 00000000 00:00 0 
7f3fc474c000-7f3fc4750000 ---p 00000000 00:00 0 
7f3fc4750000-7f3fc484d000 rw-p 00000000 00:00 0 
7f3fc484d000-7f3fc4851000 ---p 00000000 00:00 0 
7f3fc4851000-7f3fc494e000 rw-p 00000000 00:00 0 
7f3fc494e000-7f3fc494f000 ---p 00000000 00:00 0 
7f3fc494f000-7f3fc4f91000 rw-p 00000000 00:00 0 
7f3fc4f91000-7f3fc52d1000 ---p 00000000 00:00 0 
7f3fc52d1000-7f3fc52d2000 ---p 00000000 00:00 0 
7f3fc52d2000-7f3fc53d3000 rw-p 00000000 00:00 0 
7f3fc53d3000-7f3fc53d4000 ---p 00000000 00:00 0 
7f3fc53d4000-7f3fc8000000 rw-p 00000000 00:00 0 
7f3fc8000000-7f3fc8021000 rw-p 00000000 00:00 0 
7f3fc8021000-7f3fcc000000 ---p 00000000 00:00 0 
7f3fcc000000-7f3fcc021000 rw-p 00000000 00:00 0 
7f3fcc021000-7f3fd0000000 ---p 00000000 00:00 0 
7f3fd0000000-7f3fd0021000 rw-p 00000000 00:00 0 
7f3fd0021000-7f3fd4000000 ---p 00000000 00:00 0 
7f3fd406f000-7f3fd606f000 rw-p 00000000 00:00 0 
7f3fd606f000-7f3fd6070000 ---p 00000000 00:00 0 
7f3fd6070000-7f3fd6171000 rw-p 00000000 00:00 0 
7f3fd6171000-7f3fd6172000 ---p 00000000 00:00 0 
7f3fd6172000-7f3fd6273000 rw-p 00000000 00:00 0 
7f3fd6273000-7f3fd6274000 ---p 00000000 00:00 0 
7f3fd6274000-7f3fd7826000 rw-p 00000000 00:00 0 
7f3fd7826000-7f3fe63a6000 ---p 00000000 00:00 0 
7f3fe63a6000-7f3fe7386000 rw-p 00000000 00:00 0 
7f3fe7386000-7f3ff5f06000 ---p 00000000 00:00 0 
7f3ff5f06000-7f3ff611e000 rw-p 00000000 00:00 0 
7f3ff611e000-7f3ff7e8e000 ---p 00000000 00:00 0 
7f3ff7e8e000-7f3ff808a000 rw-p 00000000 00:00 0 
7f3ff808a000-7f3ff9dfa000 ---p 00000000 00:00 0 
7f3ff9dfa000-7f3ff9ff6000 rw-p 00000000 00:00 0 
7f3ff9ff6000-7f3ffbd66000 ---p 00000000 00:00 0 
7f3ffbd66000-7f3ffcb78000 rw-p 00000000 00:00 0 
7f3ffcb78000-7f3ffceb8000 rwxp 00000000 00:00 0 
7f3ffceb8000-7f3ffd3d6000 ---p 00000000 00:00 0 
7f3ffd3d6000-7f3ffd646000 rwxp 00000000 00:00 0 
7f3ffd646000-7f40047a7000 ---p 00000000 00:00 0 
7f40047a7000-7f4004a17000 rwxp 00000000 00:00 0 
7f4004a17000-7f400bb78000 ---p 00000000 00:00 0 
7f400bb78000-7f4014000000 r--s 00000000 103:02 15872884                  /usr/lib/jvm/java-12-oracle/lib/modules
7f4014000000-7f40144b4000 rw-p 00000000 00:00 0 
7f40144b4000-7f4018000000 ---p 00000000 00:00 0 
7f401805b000-7f4019dd8000 rw-p 00000000 00:00 0 
7f4019dd8000-7f4019ebb000 ---p 00000000 00:00 0 
7f4019ebb000-7f4019ec0000 rw-p 00000000 00:00 0 
7f4019ec0000-7f4019fa3000 ---p 00000000 00:00 0 
7f4019fa3000-7f4019fbe000 r-xp 00000000 103:02 15872864                  /usr/lib/jvm/java-12-oracle/lib/libjimage.so
7f4019fbe000-7f401a1bd000 ---p 0001b000 103:02 15872864                  /usr/lib/jvm/java-12-oracle/lib/libjimage.so
7f401a1bd000-7f401a1bf000 r--p 0001a000 103:02 15872864                  /usr/lib/jvm/java-12-oracle/lib/libjimage.so
7f401a1bf000-7f401a1c0000 rw-p 0001c000 103:02 15872864                  /usr/lib/jvm/java-12-oracle/lib/libjimage.so
7f401a1c0000-7f401a1c7000 r-xp 00000000 103:02 15872883                  /usr/lib/jvm/java-12-oracle/lib/libzip.so
7f401a1c7000-7f401a3c6000 ---p 00007000 103:02 15872883                  /usr/lib/jvm/java-12-oracle/lib/libzip.so
7f401a3c6000-7f401a3c7000 r--p 00006000 103:02 15872883                  /usr/lib/jvm/java-12-oracle/lib/libzip.so
7f401a3c7000-7f401a3c8000 rw-p 00007000 103:02 15872883                  /usr/lib/jvm/java-12-oracle/lib/libzip.so
7f401a3c8000-7f401a3d3000 r-xp 00000000 103:02 10490588                  /lib/x86_64-linux-gnu/libnss_files-2.27.so
7f401a3d3000-7f401a5d2000 ---p 0000b000 103:02 10490588                  /lib/x86_64-linux-gnu/libnss_files-2.27.so
7f401a5d2000-7f401a5d3000 r--p 0000a000 103:02 10490588                  /lib/x86_64-linux-gnu/libnss_files-2.27.so
7f401a5d3000-7f401a5d4000 rw-p 0000b000 103:02 10490588                  /lib/x86_64-linux-gnu/libnss_files-2.27.so
7f401a5d4000-7f401a5da000 rw-p 00000000 00:00 0 
7f401a5da000-7f401a5f1000 r-xp 00000000 103:02 10490582                  /lib/x86_64-linux-gnu/libnsl-2.27.so
7f401a5f1000-7f401a7f0000 ---p 00017000 103:02 10490582                  /lib/x86_64-linux-gnu/libnsl-2.27.so
7f401a7f0000-7f401a7f1000 r--p 00016000 103:02 10490582                  /lib/x86_64-linux-gnu/libnsl-2.27.so
7f401a7f1000-7f401a7f2000 rw-p 00017000 103:02 10490582                  /lib/x86_64-linux-gnu/libnsl-2.27.so
7f401a7f2000-7f401a7f4000 rw-p 00000000 00:00 0 
7f401a7f4000-7f401a7ff000 r-xp 00000000 103:02 10490599                  /lib/x86_64-linux-gnu/libnss_nis-2.27.so
7f401a7ff000-7f401a9fe000 ---p 0000b000 103:02 10490599                  /lib/x86_64-linux-gnu/libnss_nis-2.27.so
7f401a9fe000-7f401a9ff000 r--p 0000a000 103:02 10490599                  /lib/x86_64-linux-gnu/libnss_nis-2.27.so
7f401a9ff000-7f401aa00000 rw-p 0000b000 103:02 10490599                  /lib/x86_64-linux-gnu/libnss_nis-2.27.so
7f401aa00000-7f401aa08000 r-xp 00000000 103:02 10490584                  /lib/x86_64-linux-gnu/libnss_compat-2.27.so
7f401aa08000-7f401ac08000 ---p 00008000 103:02 10490584                  /lib/x86_64-linux-gnu/libnss_compat-2.27.so
7f401ac08000-7f401ac09000 r--p 00008000 103:02 10490584                  /lib/x86_64-linux-gnu/libnss_compat-2.27.so
7f401ac09000-7f401ac0a000 rw-p 00009000 103:02 10490584                  /lib/x86_64-linux-gnu/libnss_compat-2.27.so
7f401ac0a000-7f401ac32000 r-xp 00000000 103:02 15872860                  /usr/lib/jvm/java-12-oracle/lib/libjava.so
7f401ac32000-7f401ae31000 ---p 00028000 103:02 15872860                  /usr/lib/jvm/java-12-oracle/lib/libjava.so
7f401ae31000-7f401ae32000 r--p 00027000 103:02 15872860                  /usr/lib/jvm/java-12-oracle/lib/libjava.so
7f401ae32000-7f401ae34000 rw-p 00028000 103:02 15872860                  /usr/lib/jvm/java-12-oracle/lib/libjava.so
7f401ae34000-7f401ae41000 r-xp 00000000 103:02 15872882                  /usr/lib/jvm/java-12-oracle/lib/libverify.so
7f401ae41000-7f401b040000 ---p 0000d000 103:02 15872882                  /usr/lib/jvm/java-12-oracle/lib/libverify.so
7f401b040000-7f401b042000 r--p 0000c000 103:02 15872882                  /usr/lib/jvm/java-12-oracle/lib/libverify.so
7f401b042000-7f401b043000 rw-p 0000e000 103:02 15872882                  /usr/lib/jvm/java-12-oracle/lib/libverify.so
7f401b043000-7f401b04a000 r-xp 00000000 103:02 10490639                  /lib/x86_64-linux-gnu/librt-2.27.so
7f401b04a000-7f401b249000 ---p 00007000 103:02 10490639                  /lib/x86_64-linux-gnu/librt-2.27.so
7f401b249000-7f401b24a000 r--p 00006000 103:02 10490639                  /lib/x86_64-linux-gnu/librt-2.27.so
7f401b24a000-7f401b24b000 rw-p 00007000 103:02 10490639                  /lib/x86_64-linux-gnu/librt-2.27.so
7f401b24b000-7f401b3e8000 r-xp 00000000 103:02 10490561                  /lib/x86_64-linux-gnu/libm-2.27.so
7f401b3e8000-7f401b5e7000 ---p 0019d000 103:02 10490561                  /lib/x86_64-linux-gnu/libm-2.27.so
7f401b5e7000-7f401b5e8000 r--p 0019c000 103:02 10490561                  /lib/x86_64-linux-gnu/libm-2.27.so
7f401b5e8000-7f401b5e9000 rw-p 0019d000 103:02 10490561                  /lib/x86_64-linux-gnu/libm-2.27.so
7f401b5e9000-7f401c74d000 r-xp 00000000 103:02 15872898                  /usr/lib/jvm/java-12-oracle/lib/server/libjvm.so
7f401c74d000-7f401c94d000 ---p 01164000 103:02 15872898                  /usr/lib/jvm/java-12-oracle/lib/server/libjvm.so
7f401c94d000-7f401ca0e000 r--p 01164000 103:02 15872898                  /usr/lib/jvm/java-12-oracle/lib/server/libjvm.so
7f401ca0e000-7f401ca47000 rw-p 01225000 103:02 15872898                  /usr/lib/jvm/java-12-oracle/lib/server/libjvm.so
7f401ca47000-7f401caca000 rw-p 00000000 00:00 0 
7f401caca000-7f401ccb1000 r-xp 00000000 103:02 10490498                  /lib/x86_64-linux-gnu/libc-2.27.so
7f401ccb1000-7f401ceb1000 ---p 001e7000 103:02 10490498                  /lib/x86_64-linux-gnu/libc-2.27.so
7f401ceb1000-7f401ceb5000 r--p 001e7000 103:02 10490498                  /lib/x86_64-linux-gnu/libc-2.27.so
7f401ceb5000-7f401ceb7000 rw-p 001eb000 103:02 10490498                  /lib/x86_64-linux-gnu/libc-2.27.so
7f401ceb7000-7f401cebb000 rw-p 00000000 00:00 0 
7f401cebb000-7f401cebe000 r-xp 00000000 103:02 10490521                  /lib/x86_64-linux-gnu/libdl-2.27.so
7f401cebe000-7f401d0bd000 ---p 00003000 103:02 10490521                  /lib/x86_64-linux-gnu/libdl-2.27.so
7f401d0bd000-7f401d0be000 r--p 00002000 103:02 10490521                  /lib/x86_64-linux-gnu/libdl-2.27.so
7f401d0be000-7f401d0bf000 rw-p 00003000 103:02 10490521                  /lib/x86_64-linux-gnu/libdl-2.27.so
7f401d0bf000-7f401d0d9000 r-xp 00000000 103:02 10490631                  /lib/x86_64-linux-gnu/libpthread-2.27.so
7f401d0d9000-7f401d2d8000 ---p 0001a000 103:02 10490631                  /lib/x86_64-linux-gnu/libpthread-2.27.so
7f401d2d8000-7f401d2d9000 r--p 00019000 103:02 10490631                  /lib/x86_64-linux-gnu/libpthread-2.27.so
7f401d2d9000-7f401d2da000 rw-p 0001a000 103:02 10490631                  /lib/x86_64-linux-gnu/libpthread-2.27.so
7f401d2da000-7f401d2de000 rw-p 00000000 00:00 0 
7f401d2de000-7f401d2ee000 r-xp 00000000 103:02 15872865                  /usr/lib/jvm/java-12-oracle/lib/libjli.so
7f401d2ee000-7f401d4ed000 ---p 00010000 103:02 15872865                  /usr/lib/jvm/java-12-oracle/lib/libjli.so
7f401d4ed000-7f401d4ee000 r--p 0000f000 103:02 15872865                  /usr/lib/jvm/java-12-oracle/lib/libjli.so
7f401d4ee000-7f401d4ef000 rw-p 00010000 103:02 15872865                  /usr/lib/jvm/java-12-oracle/lib/libjli.so
7f401d4ef000-7f401d50b000 r-xp 00000000 103:02 10490670                  /lib/x86_64-linux-gnu/libz.so.1.2.11
7f401d50b000-7f401d70a000 ---p 0001c000 103:02 10490670                  /lib/x86_64-linux-gnu/libz.so.1.2.11
7f401d70a000-7f401d70b000 r--p 0001b000 103:02 10490670                  /lib/x86_64-linux-gnu/libz.so.1.2.11
7f401d70b000-7f401d70c000 rw-p 0001c000 103:02 10490670                  /lib/x86_64-linux-gnu/libz.so.1.2.11
7f401d70c000-7f401d733000 r-xp 00000000 103:02 10490470                  /lib/x86_64-linux-gnu/ld-2.27.so
7f401d748000-7f401d80e000 rw-p 00000000 00:00 0 
7f401d80e000-7f401d818000 ---p 00000000 00:00 0 
7f401d818000-7f401d81c000 ---p 00000000 00:00 0 
7f401d81c000-7f401d91d000 rw-p 00000000 00:00 0 
7f401d927000-7f401d928000 r--p 00000000 103:02 17567477                  /usr/share/locale-langpack/en_GB/LC_MESSAGES/libc.mo
7f401d928000-7f401d930000 rw-s 00000000 103:02 13369663                  /tmp/hsperfdata_rflachlan/15557
7f401d930000-7f401d931000 ---p 00000000 00:00 0 
7f401d931000-7f401d932000 r--p 00000000 00:00 0 
7f401d932000-7f401d933000 ---p 00000000 00:00 0 
7f401d933000-7f401d934000 r--p 00027000 103:02 10490470                  /lib/x86_64-linux-gnu/ld-2.27.so
7f401d934000-7f401d935000 rw-p 00028000 103:02 10490470                  /lib/x86_64-linux-gnu/ld-2.27.so
7f401d935000-7f401d936000 rw-p 00000000 00:00 0 
7fff26336000-7fff26357000 rw-p 00000000 00:00 0                          [stack]
7fff263cc000-7fff263cf000 r--p 00000000 00:00 0                          [vvar]
7fff263cf000-7fff263d1000 r-xp 00000000 00:00 0                          [vdso]
ffffffffff600000-ffffffffff601000 r-xp 00000000 00:00 0                  [vsyscall]


VM Arguments:
java_command: /home/rflachlan/Dropbox/ChaffMainlandN//ChaffinchABC.jar 1 4 0 -7419957370500108822 /home/rflachlan/Dropbox/ChaffMainlandN/
java_class_path (initial): /home/rflachlan/Dropbox/ChaffMainlandN//ChaffinchABC.jar
Launcher Type: SUN_STANDARD

[Global flags]
     intx CICompilerCount                          = 18                                        {product} {ergonomic}
     uint ConcGCThreads                            = 11                                        {product} {ergonomic}
     uint G1ConcRefinementThreads                  = 43                                        {product} {ergonomic}
   size_t G1HeapRegionSize                         = 4194304                                   {product} {ergonomic}
    uintx GCDrainStackTargetSize                   = 64                                        {product} {ergonomic}
   size_t InitialHeapSize                          = 1056964608                                {product} {ergonomic}
   size_t MarkStackSize                            = 4194304                                   {product} {ergonomic}
   size_t MaxHeapSize                              = 16869490688                               {product} {ergonomic}
   size_t MaxNewSize                               = 10120855552                               {product} {ergonomic}
   size_t MinHeapDeltaBytes                        = 4194304                                   {product} {ergonomic}
    uintx NonNMethodCodeHeapSize                   = 8769992                                {pd product} {ergonomic}
    uintx NonProfiledCodeHeapSize                  = 121444124                              {pd product} {ergonomic}
    uintx ProfiledCodeHeapSize                     = 121444124                              {pd product} {ergonomic}
    uintx ReservedCodeCacheSize                    = 251658240                              {pd product} {ergonomic}
     bool SegmentedCodeCache                       = true                                      {product} {ergonomic}
     bool UseCompressedClassPointers               = true                                 {lp64_product} {ergonomic}
     bool UseCompressedOops                        = true                                 {lp64_product} {ergonomic}
     bool UseG1GC                                  = true                                      {product} {ergonomic}

Logging:
Log output configuration:
 #0: stdout all=warning uptime,level,tags
 #1: stderr all=off uptime,level,tags

Environment Variables:
JAVA_HOME=/usr/lib/jvm/java-12-oracle
PATH=/usr/local/sbin:/usr/local/bin:/usr/sbin:/usr/bin:/sbin:/bin:/usr/games:/usr/local/games:/snap/bin:/usr/lib/jvm/java-12-oracle/bin:/usr/lib/jvm/java-12-oracle/db/bin
USERNAME=rflachlan
SHELL=/bin/bash
DISPLAY=:0

Signal Handlers:
SIGSEGV: [libjvm.so+0xe45640], sa_mask[0]=11111111011111111101111111111110, sa_flags=SA_RESTART|SA_SIGINFO
SIGBUS: [libjvm.so+0xe45640], sa_mask[0]=11111111011111111101111111111110, sa_flags=SA_RESTART|SA_SIGINFO
SIGFPE: [libjvm.so+0xe45640], sa_mask[0]=11111111011111111101111111111110, sa_flags=SA_RESTART|SA_SIGINFO
SIGPIPE: [libjvm.so+0xbf4b50], sa_mask[0]=11111111011111111101111111111110, sa_flags=SA_RESTART|SA_SIGINFO
SIGXFSZ: [libjvm.so+0xbf4b50], sa_mask[0]=11111111011111111101111111111110, sa_flags=SA_RESTART|SA_SIGINFO
SIGILL: [libjvm.so+0xe45640], sa_mask[0]=11111111011111111101111111111110, sa_flags=SA_RESTART|SA_SIGINFO
SIGUSR2: [libjvm.so+0xbf49f0], sa_mask[0]=00100000000000000000000000000000, sa_flags=SA_RESTART|SA_SIGINFO
SIGHUP: [libjvm.so+0xbf4d50], sa_mask[0]=11111111011111111101111111111110, sa_flags=SA_RESTART|SA_SIGINFO
SIGINT: SIG_IGN, sa_mask[0]=00000000000000000000000000000000, sa_flags=none
SIGTERM: [libjvm.so+0xbf4d50], sa_mask[0]=11111111011111111101111111111110, sa_flags=SA_RESTART|SA_SIGINFO
SIGQUIT: [libjvm.so+0xbf4d50], sa_mask[0]=11111111011111111101111111111110, sa_flags=SA_RESTART|SA_SIGINFO


---------------  S Y S T E M  ---------------

OS:DISTRIB_ID=Ubuntu
DISTRIB_RELEASE=18.04
DISTRIB_CODENAME=bionic
DISTRIB_DESCRIPTION="Ubuntu 18.04.2 LTS"
uname:Linux 4.15.0-51-generic #55-Ubuntu SMP Wed May 15 14:27:21 UTC 2019 x86_64
libc:glibc 2.27 NPTL 2.27 
rlimit: STACK 8192k, CORE 0k, NPROC 256634, NOFILE 4096, AS infinity, DATA infinity, FSIZE infinity
load average:123.61 40.25 16.18

/proc/meminfo:
MemTotal:       65882016 kB
MemFree:          257092 kB
MemAvailable:      23124 kB
Buffers:            2576 kB
Cached:           232272 kB
SwapCached:         7976 kB
Active:         60510308 kB
Inactive:        3593880 kB
Active(anon):   60490120 kB
Inactive(anon):  3550944 kB
Active(file):      20188 kB
Inactive(file):    42936 kB
Unevictable:          16 kB
Mlocked:              16 kB
SwapTotal:       2097148 kB
SwapFree:              4 kB
Dirty:               772 kB
Writeback:           500 kB
AnonPages:      63868084 kB
Mapped:            55556 kB
Shmem:            167720 kB
Slab:             716044 kB
SReclaimable:     185272 kB
SUnreclaim:       530772 kB
KernelStack:       87408 kB
PageTables:       245324 kB
NFS_Unstable:          0 kB
Bounce:                0 kB
WritebackTmp:          0 kB
CommitLimit:    35038156 kB
Committed_AS:   109551904 kB
VmallocTotal:   34359738367 kB
VmallocUsed:           0 kB
VmallocChunk:          0 kB
HardwareCorrupted:     0 kB
AnonHugePages:         0 kB
ShmemHugePages:        0 kB
ShmemPmdMapped:        0 kB
CmaTotal:              0 kB
CmaFree:               0 kB
HugePages_Total:       0
HugePages_Free:        0
HugePages_Rsvd:        0
HugePages_Surp:        0
Hugepagesize:       2048 kB
DirectMap4k:      795672 kB
DirectMap2M:    46260224 kB
DirectMap1G:    19922944 kB


/proc/sys/kernel/threads-max (system-wide limit on the number of threads):
513269


/proc/sys/vm/max_map_count (maximum number of memory map areas a process may have):
65530


/proc/sys/kernel/pid_max (system-wide limit on number of process identifiers):
131072



container (cgroup) information:
container_type: cgroupv1
cpu_cpuset_cpus: 0-63
cpu_memory_nodes: 0,2
active_processor_count: 64
cpu_quota: -1
cpu_period: 100000
cpu_shares: -1
memory_limit_in_bytes: -1
memory_and_swap_limit_in_bytes: -2
memory_soft_limit_in_bytes: -1
memory_usage_in_bytes: 65654964224
memory_max_usage_in_bytes: 533984075776


CPU:total 64 (initial active 64) (64 cores per cpu, 2 threads per core) family 23 model 8 stepping 2, cmov, cx8, fxsr, mmx, sse, sse2, sse3, ssse3, sse4.1, sse4.2, popcnt, avx, avx2, aes, clmul, mmxext, 3dnowpref, lzcnt, sse4a, ht, tsc, tscinvbit, tscinv, bmi1, bmi2, adx, sha, fma
CPU Model and flags from /proc/cpuinfo:
model name	: AMD Ryzen Threadripper 2990WX 32-Core Processor
flags		: fpu vme de pse tsc msr pae mce cx8 apic sep mtrr pge mca cmov pat pse36 clflush mmx fxsr sse sse2 ht syscall nx mmxext fxsr_opt pdpe1gb rdtscp lm constant_tsc rep_good nopl nonstop_tsc cpuid extd_apicid amd_dcm aperfmperf pni pclmulqdq monitor ssse3 fma cx16 sse4_1 sse4_2 movbe popcnt aes xsave avx f16c rdrand lahf_lm cmp_legacy svm extapic cr8_legacy abm sse4a misalignsse 3dnowprefetch osvw skinit wdt tce topoext perfctr_core perfctr_nb bpext perfctr_llc mwaitx cpb hw_pstate sme ssbd ibpb vmmcall fsgsbase bmi1 avx2 smep bmi2 rdseed adx smap clflushopt sha_ni xsaveopt xsavec xgetbv1 xsaves clzero irperf xsaveerptr arat npt lbrv svm_lock nrip_save tsc_scale vmcb_clean flushbyasid decodeassists pausefilter pfthreshold avic v_vmsave_vmload vgif overflow_recov succor smca

Memory: 4k page, physical 65882016k(257480k free), swap 2097148k(4k free)

vm_info: Java HotSpot(TM) 64-Bit Server VM (12.0.1+12) for linux-amd64 JRE (12.0.1+12), built on Apr  1 2019 23:46:14 by "mach5one" with gcc 7.3.0

END.
