#
# There is insufficient memory for the Java Runtime Environment to continue.
# Native memory allocation (mmap) failed to map 2130706432 bytes for committing reserved memory.
# Possible reasons:
#   The system is out of physical RAM or swap space
#   The process is running with CompressedOops enabled, and the Java Heap may be blocking the growth of the native heap
# Possible solutions:
#   Reduce memory load on the system
#   Increase physical memory or swap space
#   Check if swap backing store is full
#   Decrease Java heap size (-Xmx/-Xms)
#   Decrease number of Java threads
#   Decrease Java thread stack sizes (-Xss)
#   Set larger code cache with -XX:ReservedCodeCacheSize=
#   JVM is running with Zero Based Compressed Oops mode in which the Java heap is
#     placed in the first 32GB address space. The Java Heap base address is the
#     maximum limit for the native heap growth. Please use -XX:HeapBaseMinAddress
#     to set the Java Heap base and to place the Java Heap above 32GB virtual address.
# This output file may be truncated or incomplete.
#
#  Out of Memory Error (os_linux.cpp:2659), pid=14026, tid=14231
#
# JRE version: Java(TM) SE Runtime Environment (12.0.1+12) (build 12.0.1+12)
# Java VM: Java HotSpot(TM) 64-Bit Server VM (12.0.1+12, mixed mode, sharing, tiered, compressed oops, g1 gc, linux-amd64)
# Core dump will be written. Default location: Core dumps may be processed with "/usr/share/apport/apport %p %s %c %d %P" (or dumping to /home/rflachlan/NetBeansProjects/ChaffinchABC/core.14026)
#

---------------  S U M M A R Y ------------

Command Line: /home/rflachlan/Dropbox/ChaffMainlandN//ChaffinchABC.jar 1 3 0 4033308244974489808 /home/rflachlan/Dropbox/ChaffMainlandN/

Host: AMD Ryzen Threadripper 2990WX 32-Core Processor, 64 cores, 62G, Ubuntu 18.04.2 LTS
Time: Wed Jul 17 17:15:04 2019 BST elapsed time: 45 seconds (0d 0h 0m 45s)

---------------  T H R E A D  ---------------

Current thread (0x00007f1660327000):  VMThread "VM Thread" [stack: 0x00007f160ead2000,0x00007f160ebd2000] [id=14231]

Stack: [0x00007f160ead2000,0x00007f160ebd2000],  sp=0x00007f160ebcff30,  free space=1015k
Native frames: (J=compiled Java code, A=aot compiled Java code, j=interpreted, Vv=VM code, C=native code)
V  [libjvm.so+0xe43ca0]  VMError::report_and_die(int, char const*, char const*, __va_list_tag*, Thread*, unsigned char*, void*, void*, char const*, int, unsigned long)+0x310
V  [libjvm.so+0xe4486b]  VMError::report_and_die(Thread*, char const*, int, unsigned long, VMErrorType, char const*, __va_list_tag*)+0x2b
V  [libjvm.so+0x65df95]  report_vm_out_of_memory(char const*, int, unsigned long, VMErrorType, char const*, ...)+0xd5
V  [libjvm.so+0xbf8c18]  os::pd_commit_memory_or_exit(char*, unsigned long, unsigned long, bool, char const*)+0x108
V  [libjvm.so+0xbf03fd]  os::commit_memory_or_exit(char*, unsigned long, unsigned long, bool, char const*)+0x1d
V  [libjvm.so+0x78820c]  G1PageBasedVirtualSpace::commit_preferred_pages(unsigned long, unsigned long)+0x6c
V  [libjvm.so+0x7885a4]  G1PageBasedVirtualSpace::commit(unsigned long, unsigned long)+0x154
V  [libjvm.so+0x796370]  G1RegionsLargerThanCommitSizeMapper::commit_regions(unsigned int, unsigned long, WorkGang*)+0x40
V  [libjvm.so+0x8174c0]  HeapRegionManager::commit_regions(unsigned int, unsigned long, WorkGang*)+0x80
V  [libjvm.so+0x81822f]  HeapRegionManager::make_regions_available(unsigned int, unsigned int, WorkGang*)+0x3f
V  [libjvm.so+0x8187b9]  HeapRegionManager::expand_at(unsigned int, unsigned int, WorkGang*)+0x119
V  [libjvm.so+0x73cc00]  G1CollectedHeap::expand(unsigned long, WorkGang*, double*)+0xe0
V  [libjvm.so+0x7415d2]  G1CollectedHeap::do_collection_pause_at_safepoint(double)+0xa22
V  [libjvm.so+0x7a9c51]  VM_G1CollectForAllocation::doit()+0x81
V  [libjvm.so+0xe46287]  VM_Operation::evaluate()+0xe7
V  [libjvm.so+0xe4c12f]  VMThread::evaluate_operation(VM_Operation*) [clone .constprop.63]+0xff
V  [libjvm.so+0xe4c671]  VMThread::loop()+0x3f1
V  [libjvm.so+0xe4caa3]  VMThread::run()+0x73
V  [libjvm.so+0xdd21bf]  Thread::call_run()+0x16f
V  [libjvm.so+0xbfe94e]  thread_native_entry(Thread*)+0xee

VM_Operation (0x00007f1667a1f460): G1CollectForAllocation, mode: safepoint, requested by thread 0x00007f1660012800


---------------  P R O C E S S  ---------------

Threads class SMR info:
_java_thread_list=0x00007f15680216c0, length=9, elements={
0x00007f1660012800, 0x00007f166032a000, 0x00007f166032c000, 0x00007f1660331000,
0x00007f1660333800, 0x00007f166033d800, 0x00007f166033f800, 0x00007f1660370000,
0x00007f1660375000
}

Java Threads: ( => current thread )
  0x00007f1660012800 JavaThread "main" [_thread_blocked, id=14052, stack(0x00007f1667920000,0x00007f1667a21000)]
  0x00007f166032a000 JavaThread "Reference Handler" daemon [_thread_blocked, id=14263, stack(0x00007f160e9cf000,0x00007f160ead0000)]
  0x00007f166032c000 JavaThread "Finalizer" daemon [_thread_blocked, id=14275, stack(0x00007f160e8ce000,0x00007f160e9cf000)]
  0x00007f1660331000 JavaThread "Signal Dispatcher" daemon [_thread_blocked, id=14306, stack(0x00007f160ddfe000,0x00007f160deff000)]
  0x00007f1660333800 JavaThread "C2 CompilerThread0" daemon [_thread_blocked, id=14334, stack(0x00007f160dcfd000,0x00007f160ddfe000)]
  0x00007f166033d800 JavaThread "C1 CompilerThread0" daemon [_thread_blocked, id=14340, stack(0x00007f160dbfc000,0x00007f160dcfd000)]
  0x00007f166033f800 JavaThread "Sweeper thread" daemon [_thread_blocked, id=14342, stack(0x00007f160dafb000,0x00007f160dbfc000)]
  0x00007f1660370000 JavaThread "Service Thread" daemon [_thread_blocked, id=14460, stack(0x00007f160d4f5000,0x00007f160d5f6000)]
  0x00007f1660375000 JavaThread "Common-Cleaner" daemon [_thread_blocked, id=14508, stack(0x00007f160d2f2000,0x00007f160d3f3000)]

Other Threads:
=>0x00007f1660327000 VMThread "VM Thread" [stack: 0x00007f160ead2000,0x00007f160ebd2000] [id=14231]
  0x00007f1660372800 WatcherThread [stack: 0x00007f160d3f5000,0x00007f160d4f5000] [id=14490]
  0x00007f166006e800 GCTaskThread "GC Thread#0" [stack: 0x00007f1620388000,0x00007f1620488000] [id=14081]
  0x00007f1604001000 GCTaskThread "GC Thread#1" [stack: 0x00007f160cbc6000,0x00007f160ccc6000] [id=14851]
  0x00007f1604002000 GCTaskThread "GC Thread#2" [stack: 0x00007f160c979000,0x00007f160ca79000] [id=14854]
  0x00007f1604003000 GCTaskThread "GC Thread#3" [stack: 0x00007f160c877000,0x00007f160c977000] [id=14856]
  0x00007f1604004000 GCTaskThread "GC Thread#4" [stack: 0x00007f160c775000,0x00007f160c875000] [id=14858]
  0x00007f1604005800 GCTaskThread "GC Thread#5" [stack: 0x00007f160c673000,0x00007f160c773000] [id=14860]
  0x00007f1604007000 GCTaskThread "GC Thread#6" [stack: 0x00007f160c571000,0x00007f160c671000] [id=14865]
  0x00007f1604008800 GCTaskThread "GC Thread#7" [stack: 0x00007f160c46f000,0x00007f160c56f000] [id=14871]
  0x00007f160400a800 GCTaskThread "GC Thread#8" [stack: 0x00007f160c36d000,0x00007f160c46d000] [id=14877]
  0x00007f160400c000 GCTaskThread "GC Thread#9" [stack: 0x00007f160c26b000,0x00007f160c36b000] [id=14883]
  0x00007f160400d800 GCTaskThread "GC Thread#10" [stack: 0x00007f160c169000,0x00007f160c269000] [id=14888]
  0x00007f160400f000 GCTaskThread "GC Thread#11" [stack: 0x00007f160c067000,0x00007f160c167000] [id=14891]
  0x00007f1604010800 GCTaskThread "GC Thread#12" [stack: 0x00007f159ff00000,0x00007f15a0000000] [id=14895]
  0x00007f1604012000 GCTaskThread "GC Thread#13" [stack: 0x00007f159fdfe000,0x00007f159fefe000] [id=14898]
  0x00007f1604013800 GCTaskThread "GC Thread#14" [stack: 0x00007f159fcfc000,0x00007f159fdfc000] [id=14900]
  0x00007f1604015000 GCTaskThread "GC Thread#15" [stack: 0x00007f159fbfa000,0x00007f159fcfa000] [id=14904]
  0x00007f1604016800 GCTaskThread "GC Thread#16" [stack: 0x00007f159faf8000,0x00007f159fbf8000] [id=14908]
  0x00007f1604018000 GCTaskThread "GC Thread#17" [stack: 0x00007f159f9f6000,0x00007f159faf6000] [id=14912]
  0x00007f1604019800 GCTaskThread "GC Thread#18" [stack: 0x00007f159f8f4000,0x00007f159f9f4000] [id=14917]
  0x00007f160401b000 GCTaskThread "GC Thread#19" [stack: 0x00007f159f7f2000,0x00007f159f8f2000] [id=14921]
  0x00007f160401c800 GCTaskThread "GC Thread#20" [stack: 0x00007f159f6f0000,0x00007f159f7f0000] [id=14926]
  0x00007f160401e000 GCTaskThread "GC Thread#21" [stack: 0x00007f159f5ee000,0x00007f159f6ee000] [id=14930]
  0x00007f160401f800 GCTaskThread "GC Thread#22" [stack: 0x00007f159f4ec000,0x00007f159f5ec000] [id=14933]
  0x00007f1604021000 GCTaskThread "GC Thread#23" [stack: 0x00007f159f3ea000,0x00007f159f4ea000] [id=14938]
  0x00007f1660088800 ConcurrentGCThread "G1 Main Marker" [stack: 0x00007f1620286000,0x00007f1620386000] [id=14083]
  0x00007f166008a000 ConcurrentGCThread "G1 Conc#0" [stack: 0x00007f1620184000,0x00007f1620284000] [id=14085]
  0x00007f16602a5800 ConcurrentGCThread "G1 Refine#0" [stack: 0x00007f160f4d6000,0x00007f160f5d6000] [id=14170]
  0x00007f1608001000 ConcurrentGCThread "G1 Refine#1" [stack: 0x00007f159ece2000,0x00007f159ede2000] [id=18511]
  0x00007f1568021800 ConcurrentGCThread "G1 Refine#2" [stack: 0x00007f159ebe0000,0x00007f159ece0000] [id=18512]
  0x00007f15e0003000 ConcurrentGCThread "G1 Refine#3" [stack: 0x00007f159eade000,0x00007f159ebde000] [id=18514]
  0x00007f16602a7000 ConcurrentGCThread "G1 Young RemSet Sampling" [stack: 0x00007f160f3d4000,0x00007f160f4d4000] [id=14172]

Threads with active compile tasks:

VM state:at safepoint (normal execution)

VM Mutex/Monitor currently owned by a thread:  ([mutex/lock_event])
[0x00007f166000e5b0] Threads_lock - owner thread: 0x00007f1660327000
[0x00007f166000ed90] Heap_lock - owner thread: 0x00007f1660012800

Heap address: 0x0000000412800000, size: 16088 MB, Compressed Oops mode: Zero based, Oop shift amount: 3
Narrow klass base: 0x0000000800000000, Narrow klass shift: 3
Compressed class space size: 1073741824 Address: 0x0000000801129000

Heap:
 garbage-first heap   total 3121152K, used 187901K [0x0000000412800000, 0x0000000800000000)
  region size 4096K, 3 young (12288K), 3 survivors (12288K)
 Metaspace       used 1089K, capacity 5017K, committed 5376K, reserved 1056768K
  class space    used 56K, capacity 424K, committed 512K, reserved 1048576K
Heap Regions: E=young(eden), S=young(survivor), O=old, HS=humongous(starts), HC=humongous(continues), CS=collection set, F=free, A=archive, TAMS=top-at-mark-start (previous, next)
|   0|0x0000000412800000, 0x0000000412c00000, 0x0000000412c00000|100%| O|  |TAMS 0x0000000412800000, 0x0000000412800000| Untracked 
|   1|0x0000000412c00000, 0x0000000413000000, 0x0000000413000000|100%| O|  |TAMS 0x0000000412c00000, 0x0000000412c00000| Untracked 
|   2|0x0000000413000000, 0x0000000413400000, 0x0000000413400000|100%| O|  |TAMS 0x0000000413000000, 0x0000000413000000| Untracked 
|   3|0x0000000413400000, 0x0000000413800000, 0x0000000413800000|100%| O|  |TAMS 0x0000000413400000, 0x0000000413400000| Untracked 
|   4|0x0000000413800000, 0x0000000413c00000, 0x0000000413c00000|100%| O|  |TAMS 0x0000000413800000, 0x0000000413800000| Untracked 
|   5|0x0000000413c00000, 0x0000000414000000, 0x0000000414000000|100%| O|  |TAMS 0x0000000413c00000, 0x0000000413c00000| Untracked 
|   6|0x0000000414000000, 0x0000000414400000, 0x0000000414400000|100%| O|  |TAMS 0x0000000414000000, 0x0000000414000000| Untracked 
|   7|0x0000000414400000, 0x0000000414800000, 0x0000000414800000|100%| O|  |TAMS 0x0000000414400000, 0x0000000414400000| Untracked 
|   8|0x0000000414800000, 0x0000000414c00000, 0x0000000414c00000|100%| O|  |TAMS 0x0000000414800000, 0x0000000414800000| Untracked 
|   9|0x0000000414c00000, 0x0000000415000000, 0x0000000415000000|100%| O|  |TAMS 0x0000000414c00000, 0x0000000414c00000| Untracked 
|  10|0x0000000415000000, 0x0000000415400000, 0x0000000415400000|100%| O|  |TAMS 0x0000000415000000, 0x0000000415000000| Untracked 
|  11|0x0000000415400000, 0x0000000415800000, 0x0000000415800000|100%| O|  |TAMS 0x0000000415400000, 0x0000000415400000| Untracked 
|  12|0x0000000415800000, 0x0000000415c00000, 0x0000000415c00000|100%| O|  |TAMS 0x0000000415800000, 0x0000000415800000| Untracked 
|  13|0x0000000415c00000, 0x0000000416000000, 0x0000000416000000|100%| O|  |TAMS 0x0000000415c00000, 0x0000000415c00000| Untracked 
|  14|0x0000000416000000, 0x0000000416400000, 0x0000000416400000|100%| O|  |TAMS 0x0000000416000000, 0x0000000416000000| Untracked 
|  15|0x0000000416400000, 0x0000000416800000, 0x0000000416800000|100%| O|  |TAMS 0x0000000416400000, 0x0000000416400000| Untracked 
|  16|0x0000000416800000, 0x0000000416c00000, 0x0000000416c00000|100%| O|  |TAMS 0x0000000416800000, 0x0000000416800000| Untracked 
|  17|0x0000000416c00000, 0x0000000417000000, 0x0000000417000000|100%| O|  |TAMS 0x0000000416c00000, 0x0000000416c00000| Untracked 
|  18|0x0000000417000000, 0x0000000417400000, 0x0000000417400000|100%| O|  |TAMS 0x0000000417000000, 0x0000000417000000| Untracked 
|  19|0x0000000417400000, 0x0000000417800000, 0x0000000417800000|100%| O|  |TAMS 0x0000000417400000, 0x0000000417400000| Untracked 
|  20|0x0000000417800000, 0x0000000417c00000, 0x0000000417c00000|100%| O|  |TAMS 0x0000000417800000, 0x0000000417800000| Untracked 
|  21|0x0000000417c00000, 0x0000000418000000, 0x0000000418000000|100%| O|  |TAMS 0x0000000417c00000, 0x0000000417c00000| Untracked 
|  22|0x0000000418000000, 0x0000000418400000, 0x0000000418400000|100%| O|  |TAMS 0x0000000418000000, 0x0000000418000000| Untracked 
|  23|0x0000000418400000, 0x0000000418800000, 0x0000000418800000|100%| O|  |TAMS 0x0000000418400000, 0x0000000418400000| Untracked 
|  24|0x0000000418800000, 0x0000000418c00000, 0x0000000418c00000|100%| O|  |TAMS 0x0000000418800000, 0x0000000418800000| Untracked 
|  25|0x0000000418c00000, 0x0000000419000000, 0x0000000419000000|100%| O|  |TAMS 0x0000000418c00000, 0x0000000418c00000| Untracked 
|  26|0x0000000419000000, 0x0000000419400000, 0x0000000419400000|100%| O|  |TAMS 0x0000000419000000, 0x0000000419000000| Untracked 
|  27|0x0000000419400000, 0x0000000419800000, 0x0000000419800000|100%| O|  |TAMS 0x0000000419400000, 0x0000000419400000| Untracked 
|  28|0x0000000419800000, 0x0000000419c00000, 0x0000000419c00000|100%| O|  |TAMS 0x0000000419800000, 0x0000000419800000| Untracked 
|  29|0x0000000419c00000, 0x000000041a000000, 0x000000041a000000|100%| O|  |TAMS 0x0000000419c00000, 0x0000000419c00000| Untracked 
|  30|0x000000041a000000, 0x000000041a400000, 0x000000041a400000|100%| O|  |TAMS 0x000000041a000000, 0x000000041a000000| Untracked 
|  31|0x000000041a400000, 0x000000041a800000, 0x000000041a800000|100%| O|  |TAMS 0x000000041a400000, 0x000000041a400000| Untracked 
|  32|0x000000041a800000, 0x000000041ac00000, 0x000000041ac00000|100%| O|  |TAMS 0x000000041a800000, 0x000000041a800000| Untracked 
|  33|0x000000041ac00000, 0x000000041b000000, 0x000000041b000000|100%| O|  |TAMS 0x000000041ac00000, 0x000000041ac00000| Untracked 
|  34|0x000000041b000000, 0x000000041b400000, 0x000000041b400000|100%| O|  |TAMS 0x000000041b000000, 0x000000041b000000| Untracked 
|  35|0x000000041b400000, 0x000000041b800000, 0x000000041b800000|100%| O|  |TAMS 0x000000041b400000, 0x000000041b400000| Untracked 
|  36|0x000000041b800000, 0x000000041bc00000, 0x000000041bc00000|100%| O|  |TAMS 0x000000041b800000, 0x000000041b800000| Untracked 
|  37|0x000000041bc00000, 0x000000041c000000, 0x000000041c000000|100%| O|  |TAMS 0x000000041bc00000, 0x000000041bc00000| Untracked 
|  38|0x000000041c000000, 0x000000041c400000, 0x000000041c400000|100%| O|  |TAMS 0x000000041c000000, 0x000000041c000000| Untracked 
|  39|0x000000041c400000, 0x000000041c800000, 0x000000041c800000|100%| O|  |TAMS 0x000000041c400000, 0x000000041c400000| Untracked 
|  40|0x000000041c800000, 0x000000041cc00000, 0x000000041cc00000|100%| O|  |TAMS 0x000000041c800000, 0x000000041c800000| Untracked 
|  41|0x000000041cc00000, 0x000000041cfc6600, 0x000000041d000000| 94%| O|  |TAMS 0x000000041cc00000, 0x000000041cc00000| Untracked 
|  42|0x000000041d000000, 0x000000041d000000, 0x000000041d400000|  0%| F|  |TAMS 0x000000041d000000, 0x000000041d000000| Untracked 
|  43|0x000000041d400000, 0x000000041d400000, 0x000000041d800000|  0%| F|  |TAMS 0x000000041d400000, 0x000000041d400000| Untracked 
|  44|0x000000041d800000, 0x000000041d800000, 0x000000041dc00000|  0%| F|  |TAMS 0x000000041d800000, 0x000000041d800000| Untracked 
|  45|0x000000041dc00000, 0x000000041dc00000, 0x000000041e000000|  0%| F|  |TAMS 0x000000041dc00000, 0x000000041dc00000| Untracked 
|  46|0x000000041e000000, 0x000000041e000000, 0x000000041e400000|  0%| F|  |TAMS 0x000000041e000000, 0x000000041e000000| Untracked 
|  47|0x000000041e400000, 0x000000041e400000, 0x000000041e800000|  0%| F|  |TAMS 0x000000041e400000, 0x000000041e400000| Untracked 
|  48|0x000000041e800000, 0x000000041e800000, 0x000000041ec00000|  0%| F|  |TAMS 0x000000041e800000, 0x000000041e800000| Untracked 
|  49|0x000000041ec00000, 0x000000041ec00000, 0x000000041f000000|  0%| F|  |TAMS 0x000000041ec00000, 0x000000041ec00000| Untracked 
|  50|0x000000041f000000, 0x000000041f000000, 0x000000041f400000|  0%| F|  |TAMS 0x000000041f000000, 0x000000041f000000| Untracked 
|  51|0x000000041f400000, 0x000000041f400000, 0x000000041f800000|  0%| F|  |TAMS 0x000000041f400000, 0x000000041f400000| Untracked 
|  52|0x000000041f800000, 0x000000041f800000, 0x000000041fc00000|  0%| F|  |TAMS 0x000000041f800000, 0x000000041f800000| Untracked 
|  53|0x000000041fc00000, 0x000000041fc00000, 0x0000000420000000|  0%| F|  |TAMS 0x000000041fc00000, 0x000000041fc00000| Untracked 
|  54|0x0000000420000000, 0x0000000420000000, 0x0000000420400000|  0%| F|  |TAMS 0x0000000420000000, 0x0000000420000000| Untracked 
|  55|0x0000000420400000, 0x0000000420400000, 0x0000000420800000|  0%| F|  |TAMS 0x0000000420400000, 0x0000000420400000| Untracked 
|  56|0x0000000420800000, 0x0000000420800000, 0x0000000420c00000|  0%| F|  |TAMS 0x0000000420800000, 0x0000000420800000| Untracked 
|  57|0x0000000420c00000, 0x0000000420c00000, 0x0000000421000000|  0%| F|  |TAMS 0x0000000420c00000, 0x0000000420c00000| Untracked 
|  58|0x0000000421000000, 0x0000000421000000, 0x0000000421400000|  0%| F|  |TAMS 0x0000000421000000, 0x0000000421000000| Untracked 
|  59|0x0000000421400000, 0x0000000421400000, 0x0000000421800000|  0%| F|  |TAMS 0x0000000421400000, 0x0000000421400000| Untracked 
|  60|0x0000000421800000, 0x0000000421800000, 0x0000000421c00000|  0%| F|  |TAMS 0x0000000421800000, 0x0000000421800000| Untracked 
|  61|0x0000000421c00000, 0x0000000421c00000, 0x0000000422000000|  0%| F|  |TAMS 0x0000000421c00000, 0x0000000421c00000| Untracked 
|  62|0x0000000422000000, 0x0000000422000000, 0x0000000422400000|  0%| F|  |TAMS 0x0000000422000000, 0x0000000422000000| Untracked 
|  63|0x0000000422400000, 0x0000000422400000, 0x0000000422800000|  0%| F|  |TAMS 0x0000000422400000, 0x0000000422400000| Untracked 
|  64|0x0000000422800000, 0x0000000422800000, 0x0000000422c00000|  0%| F|  |TAMS 0x0000000422800000, 0x0000000422800000| Untracked 
|  65|0x0000000422c00000, 0x0000000422c00000, 0x0000000423000000|  0%| F|  |TAMS 0x0000000422c00000, 0x0000000422c00000| Untracked 
|  66|0x0000000423000000, 0x0000000423000000, 0x0000000423400000|  0%| F|  |TAMS 0x0000000423000000, 0x0000000423000000| Untracked 
|  67|0x0000000423400000, 0x0000000423400000, 0x0000000423800000|  0%| F|  |TAMS 0x0000000423400000, 0x0000000423400000| Untracked 
|  68|0x0000000423800000, 0x0000000423800000, 0x0000000423c00000|  0%| F|  |TAMS 0x0000000423800000, 0x0000000423800000| Untracked 
|  69|0x0000000423c00000, 0x0000000423c00000, 0x0000000424000000|  0%| F|  |TAMS 0x0000000423c00000, 0x0000000423c00000| Untracked 
|  70|0x0000000424000000, 0x0000000424000000, 0x0000000424400000|  0%| F|  |TAMS 0x0000000424000000, 0x0000000424000000| Untracked 
|  71|0x0000000424400000, 0x0000000424400000, 0x0000000424800000|  0%| F|  |TAMS 0x0000000424400000, 0x0000000424400000| Untracked 
|  72|0x0000000424800000, 0x0000000424800000, 0x0000000424c00000|  0%| F|  |TAMS 0x0000000424800000, 0x0000000424800000| Untracked 
|  73|0x0000000424c00000, 0x0000000424c00000, 0x0000000425000000|  0%| F|  |TAMS 0x0000000424c00000, 0x0000000424c00000| Untracked 
|  74|0x0000000425000000, 0x0000000425000000, 0x0000000425400000|  0%| F|  |TAMS 0x0000000425000000, 0x0000000425000000| Untracked 
|  75|0x0000000425400000, 0x0000000425400000, 0x0000000425800000|  0%| F|  |TAMS 0x0000000425400000, 0x0000000425400000| Untracked 
|  76|0x0000000425800000, 0x0000000425800000, 0x0000000425c00000|  0%| F|  |TAMS 0x0000000425800000, 0x0000000425800000| Untracked 
|  77|0x0000000425c00000, 0x0000000425c00000, 0x0000000426000000|  0%| F|  |TAMS 0x0000000425c00000, 0x0000000425c00000| Untracked 
|  78|0x0000000426000000, 0x0000000426000000, 0x0000000426400000|  0%| F|  |TAMS 0x0000000426000000, 0x0000000426000000| Untracked 
|  79|0x0000000426400000, 0x0000000426400000, 0x0000000426800000|  0%| F|  |TAMS 0x0000000426400000, 0x0000000426400000| Untracked 
|  80|0x0000000426800000, 0x0000000426800000, 0x0000000426c00000|  0%| F|  |TAMS 0x0000000426800000, 0x0000000426800000| Untracked 
|  81|0x0000000426c00000, 0x0000000426c00000, 0x0000000427000000|  0%| F|  |TAMS 0x0000000426c00000, 0x0000000426c00000| Untracked 
|  82|0x0000000427000000, 0x0000000427000000, 0x0000000427400000|  0%| F|  |TAMS 0x0000000427000000, 0x0000000427000000| Untracked 
|  83|0x0000000427400000, 0x0000000427400000, 0x0000000427800000|  0%| F|  |TAMS 0x0000000427400000, 0x0000000427400000| Untracked 
|  84|0x0000000427800000, 0x0000000427800000, 0x0000000427c00000|  0%| F|  |TAMS 0x0000000427800000, 0x0000000427800000| Untracked 
|  85|0x0000000427c00000, 0x0000000427c00000, 0x0000000428000000|  0%| F|  |TAMS 0x0000000427c00000, 0x0000000427c00000| Untracked 
|  86|0x0000000428000000, 0x0000000428000000, 0x0000000428400000|  0%| F|  |TAMS 0x0000000428000000, 0x0000000428000000| Untracked 
|  87|0x0000000428400000, 0x0000000428400000, 0x0000000428800000|  0%| F|  |TAMS 0x0000000428400000, 0x0000000428400000| Untracked 
|  88|0x0000000428800000, 0x0000000428800000, 0x0000000428c00000|  0%| F|  |TAMS 0x0000000428800000, 0x0000000428800000| Untracked 
|  89|0x0000000428c00000, 0x0000000428c00000, 0x0000000429000000|  0%| F|  |TAMS 0x0000000428c00000, 0x0000000428c00000| Untracked 
|  90|0x0000000429000000, 0x0000000429000000, 0x0000000429400000|  0%| F|  |TAMS 0x0000000429000000, 0x0000000429000000| Untracked 
|  91|0x0000000429400000, 0x0000000429400000, 0x0000000429800000|  0%| F|  |TAMS 0x0000000429400000, 0x0000000429400000| Untracked 
|  92|0x0000000429800000, 0x0000000429800000, 0x0000000429c00000|  0%| F|  |TAMS 0x0000000429800000, 0x0000000429800000| Untracked 
|  93|0x0000000429c00000, 0x0000000429c00000, 0x000000042a000000|  0%| F|  |TAMS 0x0000000429c00000, 0x0000000429c00000| Untracked 
|  94|0x000000042a000000, 0x000000042a000000, 0x000000042a400000|  0%| F|  |TAMS 0x000000042a000000, 0x000000042a000000| Untracked 
|  95|0x000000042a400000, 0x000000042a400000, 0x000000042a800000|  0%| F|  |TAMS 0x000000042a400000, 0x000000042a400000| Untracked 
|  96|0x000000042a800000, 0x000000042a800000, 0x000000042ac00000|  0%| F|  |TAMS 0x000000042a800000, 0x000000042a800000| Untracked 
|  97|0x000000042ac00000, 0x000000042ac00000, 0x000000042b000000|  0%| F|  |TAMS 0x000000042ac00000, 0x000000042ac00000| Untracked 
|  98|0x000000042b000000, 0x000000042b000000, 0x000000042b400000|  0%| F|  |TAMS 0x000000042b000000, 0x000000042b000000| Untracked 
|  99|0x000000042b400000, 0x000000042b400000, 0x000000042b800000|  0%| F|  |TAMS 0x000000042b400000, 0x000000042b400000| Untracked 
| 100|0x000000042b800000, 0x000000042b800000, 0x000000042bc00000|  0%| F|  |TAMS 0x000000042b800000, 0x000000042b800000| Untracked 
| 101|0x000000042bc00000, 0x000000042bc00000, 0x000000042c000000|  0%| F|  |TAMS 0x000000042bc00000, 0x000000042bc00000| Untracked 
| 102|0x000000042c000000, 0x000000042c000000, 0x000000042c400000|  0%| F|  |TAMS 0x000000042c000000, 0x000000042c000000| Untracked 
| 103|0x000000042c400000, 0x000000042c400000, 0x000000042c800000|  0%| F|  |TAMS 0x000000042c400000, 0x000000042c400000| Untracked 
| 104|0x000000042c800000, 0x000000042c800000, 0x000000042cc00000|  0%| F|  |TAMS 0x000000042c800000, 0x000000042c800000| Untracked 
| 105|0x000000042cc00000, 0x000000042cc00000, 0x000000042d000000|  0%| F|  |TAMS 0x000000042cc00000, 0x000000042cc00000| Untracked 
| 106|0x000000042d000000, 0x000000042d000000, 0x000000042d400000|  0%| F|  |TAMS 0x000000042d000000, 0x000000042d000000| Untracked 
| 107|0x000000042d400000, 0x000000042d400000, 0x000000042d800000|  0%| F|  |TAMS 0x000000042d400000, 0x000000042d400000| Untracked 
| 108|0x000000042d800000, 0x000000042d800000, 0x000000042dc00000|  0%| F|  |TAMS 0x000000042d800000, 0x000000042d800000| Untracked 
| 109|0x000000042dc00000, 0x000000042dc00000, 0x000000042e000000|  0%| F|  |TAMS 0x000000042dc00000, 0x000000042dc00000| Untracked 
| 110|0x000000042e000000, 0x000000042e000000, 0x000000042e400000|  0%| F|  |TAMS 0x000000042e000000, 0x000000042e000000| Untracked 
| 111|0x000000042e400000, 0x000000042e400000, 0x000000042e800000|  0%| F|  |TAMS 0x000000042e400000, 0x000000042e400000| Untracked 
| 112|0x000000042e800000, 0x000000042e800000, 0x000000042ec00000|  0%| F|  |TAMS 0x000000042e800000, 0x000000042e800000| Untracked 
| 113|0x000000042ec00000, 0x000000042ec00000, 0x000000042f000000|  0%| F|  |TAMS 0x000000042ec00000, 0x000000042ec00000| Untracked 
| 114|0x000000042f000000, 0x000000042f000000, 0x000000042f400000|  0%| F|  |TAMS 0x000000042f000000, 0x000000042f000000| Untracked 
| 115|0x000000042f400000, 0x000000042f400000, 0x000000042f800000|  0%| F|  |TAMS 0x000000042f400000, 0x000000042f400000| Untracked 
| 116|0x000000042f800000, 0x000000042f800000, 0x000000042fc00000|  0%| F|  |TAMS 0x000000042f800000, 0x000000042f800000| Untracked 
| 117|0x000000042fc00000, 0x000000042fc00000, 0x0000000430000000|  0%| F|  |TAMS 0x000000042fc00000, 0x000000042fc00000| Untracked 
| 118|0x0000000430000000, 0x0000000430000000, 0x0000000430400000|  0%| F|  |TAMS 0x0000000430000000, 0x0000000430000000| Untracked 
| 119|0x0000000430400000, 0x0000000430400000, 0x0000000430800000|  0%| F|  |TAMS 0x0000000430400000, 0x0000000430400000| Untracked 
| 120|0x0000000430800000, 0x0000000430800000, 0x0000000430c00000|  0%| F|  |TAMS 0x0000000430800000, 0x0000000430800000| Untracked 
| 121|0x0000000430c00000, 0x0000000430c00000, 0x0000000431000000|  0%| F|  |TAMS 0x0000000430c00000, 0x0000000430c00000| Untracked 
| 122|0x0000000431000000, 0x0000000431000000, 0x0000000431400000|  0%| F|  |TAMS 0x0000000431000000, 0x0000000431000000| Untracked 
| 123|0x0000000431400000, 0x0000000431400000, 0x0000000431800000|  0%| F|  |TAMS 0x0000000431400000, 0x0000000431400000| Untracked 
| 124|0x0000000431800000, 0x0000000431800000, 0x0000000431c00000|  0%| F|  |TAMS 0x0000000431800000, 0x0000000431800000| Untracked 
| 125|0x0000000431c00000, 0x0000000431c00000, 0x0000000432000000|  0%| F|  |TAMS 0x0000000431c00000, 0x0000000431c00000| Untracked 
| 126|0x0000000432000000, 0x0000000432000000, 0x0000000432400000|  0%| F|  |TAMS 0x0000000432000000, 0x0000000432000000| Untracked 
| 127|0x0000000432400000, 0x0000000432400000, 0x0000000432800000|  0%| F|  |TAMS 0x0000000432400000, 0x0000000432400000| Untracked 
| 128|0x0000000432800000, 0x0000000432800000, 0x0000000432c00000|  0%| F|  |TAMS 0x0000000432800000, 0x0000000432800000| Untracked 
| 129|0x0000000432c00000, 0x0000000432c00000, 0x0000000433000000|  0%| F|  |TAMS 0x0000000432c00000, 0x0000000432c00000| Untracked 
| 130|0x0000000433000000, 0x0000000433000000, 0x0000000433400000|  0%| F|  |TAMS 0x0000000433000000, 0x0000000433000000| Untracked 
| 131|0x0000000433400000, 0x0000000433400000, 0x0000000433800000|  0%| F|  |TAMS 0x0000000433400000, 0x0000000433400000| Untracked 
| 132|0x0000000433800000, 0x0000000433800000, 0x0000000433c00000|  0%| F|  |TAMS 0x0000000433800000, 0x0000000433800000| Untracked 
| 133|0x0000000433c00000, 0x0000000433c00000, 0x0000000434000000|  0%| F|  |TAMS 0x0000000433c00000, 0x0000000433c00000| Untracked 
| 134|0x0000000434000000, 0x0000000434000000, 0x0000000434400000|  0%| F|  |TAMS 0x0000000434000000, 0x0000000434000000| Untracked 
| 135|0x0000000434400000, 0x0000000434400000, 0x0000000434800000|  0%| F|  |TAMS 0x0000000434400000, 0x0000000434400000| Untracked 
| 136|0x0000000434800000, 0x0000000434800000, 0x0000000434c00000|  0%| F|  |TAMS 0x0000000434800000, 0x0000000434800000| Untracked 
| 137|0x0000000434c00000, 0x0000000434c00000, 0x0000000435000000|  0%| F|  |TAMS 0x0000000434c00000, 0x0000000434c00000| Untracked 
| 138|0x0000000435000000, 0x0000000435000000, 0x0000000435400000|  0%| F|  |TAMS 0x0000000435000000, 0x0000000435000000| Untracked 
| 139|0x0000000435400000, 0x0000000435400000, 0x0000000435800000|  0%| F|  |TAMS 0x0000000435400000, 0x0000000435400000| Untracked 
| 140|0x0000000435800000, 0x0000000435800000, 0x0000000435c00000|  0%| F|  |TAMS 0x0000000435800000, 0x0000000435800000| Untracked 
| 141|0x0000000435c00000, 0x0000000435c00000, 0x0000000436000000|  0%| F|  |TAMS 0x0000000435c00000, 0x0000000435c00000| Untracked 
| 142|0x0000000436000000, 0x0000000436000000, 0x0000000436400000|  0%| F|  |TAMS 0x0000000436000000, 0x0000000436000000| Untracked 
| 143|0x0000000436400000, 0x0000000436400000, 0x0000000436800000|  0%| F|  |TAMS 0x0000000436400000, 0x0000000436400000| Untracked 
| 144|0x0000000436800000, 0x0000000436800000, 0x0000000436c00000|  0%| F|  |TAMS 0x0000000436800000, 0x0000000436800000| Untracked 
| 145|0x0000000436c00000, 0x0000000436c00000, 0x0000000437000000|  0%| F|  |TAMS 0x0000000436c00000, 0x0000000436c00000| Untracked 
| 146|0x0000000437000000, 0x0000000437000000, 0x0000000437400000|  0%| F|  |TAMS 0x0000000437000000, 0x0000000437000000| Untracked 
| 147|0x0000000437400000, 0x0000000437400000, 0x0000000437800000|  0%| F|  |TAMS 0x0000000437400000, 0x0000000437400000| Untracked 
| 148|0x0000000437800000, 0x0000000437800000, 0x0000000437c00000|  0%| F|  |TAMS 0x0000000437800000, 0x0000000437800000| Untracked 
| 149|0x0000000437c00000, 0x0000000437c00000, 0x0000000438000000|  0%| F|  |TAMS 0x0000000437c00000, 0x0000000437c00000| Untracked 
| 150|0x0000000438000000, 0x0000000438000000, 0x0000000438400000|  0%| F|  |TAMS 0x0000000438000000, 0x0000000438000000| Untracked 
| 151|0x0000000438400000, 0x0000000438400000, 0x0000000438800000|  0%| F|  |TAMS 0x0000000438400000, 0x0000000438400000| Untracked 
| 152|0x0000000438800000, 0x0000000438800000, 0x0000000438c00000|  0%| F|  |TAMS 0x0000000438800000, 0x0000000438800000| Untracked 
| 153|0x0000000438c00000, 0x0000000438c00000, 0x0000000439000000|  0%| F|  |TAMS 0x0000000438c00000, 0x0000000438c00000| Untracked 
| 154|0x0000000439000000, 0x0000000439000000, 0x0000000439400000|  0%| F|  |TAMS 0x0000000439000000, 0x0000000439000000| Untracked 
| 155|0x0000000439400000, 0x0000000439400000, 0x0000000439800000|  0%| F|  |TAMS 0x0000000439400000, 0x0000000439400000| Untracked 
| 156|0x0000000439800000, 0x0000000439800000, 0x0000000439c00000|  0%| F|  |TAMS 0x0000000439800000, 0x0000000439800000| Untracked 
| 157|0x0000000439c00000, 0x0000000439c00000, 0x000000043a000000|  0%| F|  |TAMS 0x0000000439c00000, 0x0000000439c00000| Untracked 
| 158|0x000000043a000000, 0x000000043a000000, 0x000000043a400000|  0%| F|  |TAMS 0x000000043a000000, 0x000000043a000000| Untracked 
| 159|0x000000043a400000, 0x000000043a400000, 0x000000043a800000|  0%| F|  |TAMS 0x000000043a400000, 0x000000043a400000| Untracked 
| 160|0x000000043a800000, 0x000000043a800000, 0x000000043ac00000|  0%| F|  |TAMS 0x000000043a800000, 0x000000043a800000| Untracked 
| 161|0x000000043ac00000, 0x000000043ac00000, 0x000000043b000000|  0%| F|  |TAMS 0x000000043ac00000, 0x000000043ac00000| Untracked 
| 162|0x000000043b000000, 0x000000043b000000, 0x000000043b400000|  0%| F|  |TAMS 0x000000043b000000, 0x000000043b000000| Untracked 
| 163|0x000000043b400000, 0x000000043b400000, 0x000000043b800000|  0%| F|  |TAMS 0x000000043b400000, 0x000000043b400000| Untracked 
| 164|0x000000043b800000, 0x000000043b800000, 0x000000043bc00000|  0%| F|  |TAMS 0x000000043b800000, 0x000000043b800000| Untracked 
| 165|0x000000043bc00000, 0x000000043bc00000, 0x000000043c000000|  0%| F|  |TAMS 0x000000043bc00000, 0x000000043bc00000| Untracked 
| 166|0x000000043c000000, 0x000000043c000000, 0x000000043c400000|  0%| F|  |TAMS 0x000000043c000000, 0x000000043c000000| Untracked 
| 167|0x000000043c400000, 0x000000043c400000, 0x000000043c800000|  0%| F|  |TAMS 0x000000043c400000, 0x000000043c400000| Untracked 
| 168|0x000000043c800000, 0x000000043c800000, 0x000000043cc00000|  0%| F|  |TAMS 0x000000043c800000, 0x000000043c800000| Untracked 
| 169|0x000000043cc00000, 0x000000043cc00000, 0x000000043d000000|  0%| F|  |TAMS 0x000000043cc00000, 0x000000043cc00000| Untracked 
| 170|0x000000043d000000, 0x000000043d000000, 0x000000043d400000|  0%| F|  |TAMS 0x000000043d000000, 0x000000043d000000| Untracked 
| 171|0x000000043d400000, 0x000000043d400000, 0x000000043d800000|  0%| F|  |TAMS 0x000000043d400000, 0x000000043d400000| Untracked 
| 172|0x000000043d800000, 0x000000043d800000, 0x000000043dc00000|  0%| F|  |TAMS 0x000000043d800000, 0x000000043d800000| Untracked 
| 173|0x000000043dc00000, 0x000000043dc00000, 0x000000043e000000|  0%| F|  |TAMS 0x000000043dc00000, 0x000000043dc00000| Untracked 
| 174|0x000000043e000000, 0x000000043e000000, 0x000000043e400000|  0%| F|  |TAMS 0x000000043e000000, 0x000000043e000000| Untracked 
| 175|0x000000043e400000, 0x000000043e400000, 0x000000043e800000|  0%| F|  |TAMS 0x000000043e400000, 0x000000043e400000| Untracked 
| 176|0x000000043e800000, 0x000000043e800000, 0x000000043ec00000|  0%| F|  |TAMS 0x000000043e800000, 0x000000043e800000| Untracked 
| 177|0x000000043ec00000, 0x000000043ec00000, 0x000000043f000000|  0%| F|  |TAMS 0x000000043ec00000, 0x000000043ec00000| Untracked 
| 178|0x000000043f000000, 0x000000043f000000, 0x000000043f400000|  0%| F|  |TAMS 0x000000043f000000, 0x000000043f000000| Untracked 
| 179|0x000000043f400000, 0x000000043f400000, 0x000000043f800000|  0%| F|  |TAMS 0x000000043f400000, 0x000000043f400000| Untracked 
| 180|0x000000043f800000, 0x000000043f800000, 0x000000043fc00000|  0%| F|  |TAMS 0x000000043f800000, 0x000000043f800000| Untracked 
| 181|0x000000043fc00000, 0x000000043fc00000, 0x0000000440000000|  0%| F|  |TAMS 0x000000043fc00000, 0x000000043fc00000| Untracked 
| 182|0x0000000440000000, 0x0000000440000000, 0x0000000440400000|  0%| F|  |TAMS 0x0000000440000000, 0x0000000440000000| Untracked 
| 183|0x0000000440400000, 0x0000000440400000, 0x0000000440800000|  0%| F|  |TAMS 0x0000000440400000, 0x0000000440400000| Untracked 
| 184|0x0000000440800000, 0x0000000440800000, 0x0000000440c00000|  0%| F|  |TAMS 0x0000000440800000, 0x0000000440800000| Untracked 
| 185|0x0000000440c00000, 0x0000000440c00000, 0x0000000441000000|  0%| F|  |TAMS 0x0000000440c00000, 0x0000000440c00000| Untracked 
| 186|0x0000000441000000, 0x0000000441000000, 0x0000000441400000|  0%| F|  |TAMS 0x0000000441000000, 0x0000000441000000| Untracked 
| 187|0x0000000441400000, 0x0000000441400000, 0x0000000441800000|  0%| F|  |TAMS 0x0000000441400000, 0x0000000441400000| Untracked 
| 188|0x0000000441800000, 0x0000000441800000, 0x0000000441c00000|  0%| F|  |TAMS 0x0000000441800000, 0x0000000441800000| Untracked 
| 189|0x0000000441c00000, 0x0000000441c00000, 0x0000000442000000|  0%| F|  |TAMS 0x0000000441c00000, 0x0000000441c00000| Untracked 
| 190|0x0000000442000000, 0x0000000442000000, 0x0000000442400000|  0%| F|  |TAMS 0x0000000442000000, 0x0000000442000000| Untracked 
| 191|0x0000000442400000, 0x0000000442400000, 0x0000000442800000|  0%| F|  |TAMS 0x0000000442400000, 0x0000000442400000| Untracked 
| 192|0x0000000442800000, 0x0000000442800000, 0x0000000442c00000|  0%| F|  |TAMS 0x0000000442800000, 0x0000000442800000| Untracked 
| 193|0x0000000442c00000, 0x0000000442c00000, 0x0000000443000000|  0%| F|  |TAMS 0x0000000442c00000, 0x0000000442c00000| Untracked 
| 194|0x0000000443000000, 0x0000000443000000, 0x0000000443400000|  0%| F|  |TAMS 0x0000000443000000, 0x0000000443000000| Untracked 
| 195|0x0000000443400000, 0x0000000443400000, 0x0000000443800000|  0%| F|  |TAMS 0x0000000443400000, 0x0000000443400000| Untracked 
| 196|0x0000000443800000, 0x0000000443800000, 0x0000000443c00000|  0%| F|  |TAMS 0x0000000443800000, 0x0000000443800000| Untracked 
| 197|0x0000000443c00000, 0x0000000443c00000, 0x0000000444000000|  0%| F|  |TAMS 0x0000000443c00000, 0x0000000443c00000| Untracked 
| 198|0x0000000444000000, 0x0000000444000000, 0x0000000444400000|  0%| F|  |TAMS 0x0000000444000000, 0x0000000444000000| Untracked 
| 199|0x0000000444400000, 0x0000000444400000, 0x0000000444800000|  0%| F|  |TAMS 0x0000000444400000, 0x0000000444400000| Untracked 
| 200|0x0000000444800000, 0x0000000444800000, 0x0000000444c00000|  0%| F|  |TAMS 0x0000000444800000, 0x0000000444800000| Untracked 
| 201|0x0000000444c00000, 0x0000000444c00000, 0x0000000445000000|  0%| F|  |TAMS 0x0000000444c00000, 0x0000000444c00000| Untracked 
| 202|0x0000000445000000, 0x0000000445000000, 0x0000000445400000|  0%| F|  |TAMS 0x0000000445000000, 0x0000000445000000| Untracked 
| 203|0x0000000445400000, 0x0000000445400000, 0x0000000445800000|  0%| F|  |TAMS 0x0000000445400000, 0x0000000445400000| Untracked 
| 204|0x0000000445800000, 0x0000000445800000, 0x0000000445c00000|  0%| F|  |TAMS 0x0000000445800000, 0x0000000445800000| Untracked 
| 205|0x0000000445c00000, 0x0000000445c00000, 0x0000000446000000|  0%| F|  |TAMS 0x0000000445c00000, 0x0000000445c00000| Untracked 
| 206|0x0000000446000000, 0x0000000446000000, 0x0000000446400000|  0%| F|  |TAMS 0x0000000446000000, 0x0000000446000000| Untracked 
| 207|0x0000000446400000, 0x0000000446400000, 0x0000000446800000|  0%| F|  |TAMS 0x0000000446400000, 0x0000000446400000| Untracked 
| 208|0x0000000446800000, 0x0000000446800000, 0x0000000446c00000|  0%| F|  |TAMS 0x0000000446800000, 0x0000000446800000| Untracked 
| 209|0x0000000446c00000, 0x0000000446c00000, 0x0000000447000000|  0%| F|  |TAMS 0x0000000446c00000, 0x0000000446c00000| Untracked 
| 210|0x0000000447000000, 0x0000000447000000, 0x0000000447400000|  0%| F|  |TAMS 0x0000000447000000, 0x0000000447000000| Untracked 
| 211|0x0000000447400000, 0x0000000447400000, 0x0000000447800000|  0%| F|  |TAMS 0x0000000447400000, 0x0000000447400000| Untracked 
| 212|0x0000000447800000, 0x0000000447800000, 0x0000000447c00000|  0%| F|  |TAMS 0x0000000447800000, 0x0000000447800000| Untracked 
| 213|0x0000000447c00000, 0x0000000447c00000, 0x0000000448000000|  0%| F|  |TAMS 0x0000000447c00000, 0x0000000447c00000| Untracked 
| 214|0x0000000448000000, 0x0000000448000000, 0x0000000448400000|  0%| F|  |TAMS 0x0000000448000000, 0x0000000448000000| Untracked 
| 215|0x0000000448400000, 0x0000000448400000, 0x0000000448800000|  0%| F|  |TAMS 0x0000000448400000, 0x0000000448400000| Untracked 
| 216|0x0000000448800000, 0x0000000448800000, 0x0000000448c00000|  0%| F|  |TAMS 0x0000000448800000, 0x0000000448800000| Untracked 
| 217|0x0000000448c00000, 0x0000000448c00000, 0x0000000449000000|  0%| F|  |TAMS 0x0000000448c00000, 0x0000000448c00000| Untracked 
| 218|0x0000000449000000, 0x0000000449000000, 0x0000000449400000|  0%| F|  |TAMS 0x0000000449000000, 0x0000000449000000| Untracked 
| 219|0x0000000449400000, 0x0000000449400000, 0x0000000449800000|  0%| F|  |TAMS 0x0000000449400000, 0x0000000449400000| Untracked 
| 220|0x0000000449800000, 0x0000000449800000, 0x0000000449c00000|  0%| F|  |TAMS 0x0000000449800000, 0x0000000449800000| Untracked 
| 221|0x0000000449c00000, 0x0000000449c00000, 0x000000044a000000|  0%| F|  |TAMS 0x0000000449c00000, 0x0000000449c00000| Untracked 
| 222|0x000000044a000000, 0x000000044a000000, 0x000000044a400000|  0%| F|  |TAMS 0x000000044a000000, 0x000000044a000000| Untracked 
| 223|0x000000044a400000, 0x000000044a400000, 0x000000044a800000|  0%| F|  |TAMS 0x000000044a400000, 0x000000044a400000| Untracked 
| 224|0x000000044a800000, 0x000000044a800000, 0x000000044ac00000|  0%| F|  |TAMS 0x000000044a800000, 0x000000044a800000| Untracked 
| 225|0x000000044ac00000, 0x000000044ac00000, 0x000000044b000000|  0%| F|  |TAMS 0x000000044ac00000, 0x000000044ac00000| Untracked 
| 226|0x000000044b000000, 0x000000044b000000, 0x000000044b400000|  0%| F|  |TAMS 0x000000044b000000, 0x000000044b000000| Untracked 
| 227|0x000000044b400000, 0x000000044b400000, 0x000000044b800000|  0%| F|  |TAMS 0x000000044b400000, 0x000000044b400000| Untracked 
| 228|0x000000044b800000, 0x000000044b800000, 0x000000044bc00000|  0%| F|  |TAMS 0x000000044b800000, 0x000000044b800000| Untracked 
| 229|0x000000044bc00000, 0x000000044bc00000, 0x000000044c000000|  0%| F|  |TAMS 0x000000044bc00000, 0x000000044bc00000| Untracked 
| 230|0x000000044c000000, 0x000000044c000000, 0x000000044c400000|  0%| F|  |TAMS 0x000000044c000000, 0x000000044c000000| Untracked 
| 231|0x000000044c400000, 0x000000044c400000, 0x000000044c800000|  0%| F|  |TAMS 0x000000044c400000, 0x000000044c400000| Untracked 
| 232|0x000000044c800000, 0x000000044c800000, 0x000000044cc00000|  0%| F|  |TAMS 0x000000044c800000, 0x000000044c800000| Untracked 
| 233|0x000000044cc00000, 0x000000044cc00000, 0x000000044d000000|  0%| F|  |TAMS 0x000000044cc00000, 0x000000044cc00000| Untracked 
| 234|0x000000044d000000, 0x000000044d000000, 0x000000044d400000|  0%| F|  |TAMS 0x000000044d000000, 0x000000044d000000| Untracked 
| 235|0x000000044d400000, 0x000000044d400000, 0x000000044d800000|  0%| F|  |TAMS 0x000000044d400000, 0x000000044d400000| Untracked 
| 236|0x000000044d800000, 0x000000044d800000, 0x000000044dc00000|  0%| F|  |TAMS 0x000000044d800000, 0x000000044d800000| Untracked 
| 237|0x000000044dc00000, 0x000000044dc00000, 0x000000044e000000|  0%| F|  |TAMS 0x000000044dc00000, 0x000000044dc00000| Untracked 
| 238|0x000000044e000000, 0x000000044e000000, 0x000000044e400000|  0%| F|  |TAMS 0x000000044e000000, 0x000000044e000000| Untracked 
| 239|0x000000044e400000, 0x000000044e400000, 0x000000044e800000|  0%| F|  |TAMS 0x000000044e400000, 0x000000044e400000| Untracked 
| 240|0x000000044e800000, 0x000000044e800000, 0x000000044ec00000|  0%| F|  |TAMS 0x000000044e800000, 0x000000044e800000| Untracked 
| 241|0x000000044ec00000, 0x000000044ec00000, 0x000000044f000000|  0%| F|  |TAMS 0x000000044ec00000, 0x000000044ec00000| Untracked 
| 242|0x000000044f000000, 0x000000044f000000, 0x000000044f400000|  0%| F|  |TAMS 0x000000044f000000, 0x000000044f000000| Untracked 
| 243|0x000000044f400000, 0x000000044f400000, 0x000000044f800000|  0%| F|  |TAMS 0x000000044f400000, 0x000000044f400000| Untracked 
| 244|0x000000044f800000, 0x000000044f800000, 0x000000044fc00000|  0%| F|  |TAMS 0x000000044f800000, 0x000000044f800000| Untracked 
| 245|0x000000044fc00000, 0x000000044fc00000, 0x0000000450000000|  0%| F|  |TAMS 0x000000044fc00000, 0x000000044fc00000| Untracked 
| 246|0x0000000450000000, 0x0000000450000000, 0x0000000450400000|  0%| F|  |TAMS 0x0000000450000000, 0x0000000450000000| Untracked 
| 247|0x0000000450400000, 0x0000000450800000, 0x0000000450800000|100%| S|CS|TAMS 0x0000000450400000, 0x0000000450400000| Complete 
| 248|0x0000000450800000, 0x0000000450c00000, 0x0000000450c00000|100%| S|CS|TAMS 0x0000000450800000, 0x0000000450800000| Complete 
| 249|0x0000000450c00000, 0x0000000451000000, 0x0000000451000000|100%| S|CS|TAMS 0x0000000450c00000, 0x0000000450c00000| Complete 
| 250|0x0000000451000000, 0x0000000451000000, 0x0000000451400000|  0%| F|  |TAMS 0x0000000451000000, 0x0000000451000000| Untracked 
| 251|0x0000000451400000, 0x0000000451400000, 0x0000000451800000|  0%| F|  |TAMS 0x0000000451400000, 0x0000000451400000| Untracked 
|4020|0x00000007ff800000, 0x00000007ffb47000, 0x00000007ffc00000| 81%|OA|  |TAMS 0x00000007ff800000, 0x00000007ff800000| Untracked 
|4021|0x00000007ffc00000, 0x00000007ffc72000, 0x0000000800000000| 11%|CA|  |TAMS 0x00000007ffc00000, 0x00000007ffc00000| Untracked 

Card table byte_map: [0x00007f1641fa5000,0x00007f1643f11000] _byte_map_base: 0x00007f163ff11000

Marking Bits (Prev, Next): (CMBitMap*) 0x00007f166006fcb8, (CMBitMap*) 0x00007f166006fcf8
 Prev Bits: [0x00007f16304d9000, 0x00007f1640039000)
 Next Bits: [0x00007f1620979000, 0x00007f16304d9000)

Polling page: 0x00007f1667a38000

Metaspace:

Usage:
  Non-class:      4.49 MB capacity,     1.01 MB ( 22%) used,     3.48 MB ( 78%) free+waste,   576 bytes ( <1%) overhead. 
      Class:    424.00 KB capacity,    56.97 KB ( 13%) used,   366.66 KB ( 86%) free+waste,   384 bytes ( <1%) overhead. 
       Both:      4.90 MB capacity,     1.06 MB ( 22%) used,     3.83 MB ( 78%) free+waste,   960 bytes ( <1%) overhead. 

Virtual space:
  Non-class space:        8.00 MB reserved,       4.75 MB ( 59%) committed 
      Class space:        1.00 GB reserved,     512.00 KB ( <1%) committed 
             Both:        1.01 GB reserved,       5.25 MB ( <1%) committed 

Chunk freelists:
   Non-Class:  8.88 KB
       Class:  2.50 KB
        Both:  11.38 KB

CodeHeap 'non-profiled nmethods': size=118596Kb used=459Kb max_used=459Kb free=118136Kb
 bounds [0x00007f16507a7000, 0x00007f1650a17000, 0x00007f1657b78000]
CodeHeap 'profiled nmethods': size=118596Kb used=934Kb max_used=934Kb free=117661Kb
 bounds [0x00007f16493d6000, 0x00007f1649646000, 0x00007f16507a7000]
CodeHeap 'non-nmethods': size=8568Kb used=1029Kb max_used=3872Kb free=7538Kb
 bounds [0x00007f1648b78000, 0x00007f1648f48000, 0x00007f16493d6000]
 total_blobs=1055 nmethods=438 adapters=213
 compilation: enabled
              stopped_count=0, restarted_count=0
 full_count=0

Compilation events (10 events):
Event: 30.585 Thread 0x00007f1660333800  435 %     4       org.ChaffinchABC.ChaffinchABC::iterateSimulation @ 54 (79 bytes)
Event: 30.591 Thread 0x00007f1660333800 nmethod 435% 0x00007f1650814390 code [0x00007f1650814540, 0x00007f16508147f8]
Event: 30.591 Thread 0x00007f1660333800  428       4       org.ChaffinchABC.Individual::learnSongs (57 bytes)
Event: 30.617 Thread 0x00007f1660333800 nmethod 428 0x00007f1650814a90 code [0x00007f1650814c80, 0x00007f1650815368]
Event: 30.618 Thread 0x00007f1660333800  436 %     4       org.ChaffinchABC.ChaffinchABC::iterateSimulation @ 28 (79 bytes)
Event: 30.653 Thread 0x00007f1660333800 nmethod 436% 0x00007f1650815910 code [0x00007f1650815b20, 0x00007f16508165e8]
Event: 30.658 Thread 0x00007f1660333800  437       4       org.ChaffinchABC.ChaffinchABC::iterateSimulation (79 bytes)
Event: 30.683 Thread 0x00007f1660333800 nmethod 437 0x00007f1650816e10 code [0x00007f1650817020, 0x00007f1650817c88]
Event: 30.684 Thread 0x00007f1660333800  438 %     4       org.ChaffinchABC.ChaffinchABC::iterateSimulation @ 2 (79 bytes)
Event: 30.738 Thread 0x00007f1660333800 nmethod 438% 0x00007f1650818610 code [0x00007f1650818820, 0x00007f16508195c8]

GC Heap History (10 events):
Event: 2.962 GC heap after
{Heap after GC invocations=6 (full 0):
 garbage-first heap   total 1040384K, used 51203K [0x0000000412800000, 0x0000000800000000)
  region size 4096K, 1 young (4096K), 1 survivors (4096K)
 Metaspace       used 571K, capacity 4552K, committed 4864K, reserved 1056768K
  class space    used 27K, capacity 388K, committed 512K, reserved 1048576K
}
Event: 3.461 GC heap before
{Heap before GC invocations=6 (full 0):
 garbage-first heap   total 1040384K, used 456707K [0x0000000412800000, 0x0000000800000000)
  region size 4096K, 100 young (409600K), 1 survivors (4096K)
 Metaspace       used 571K, capacity 4552K, committed 4864K, reserved 1056768K
  class space    used 27K, capacity 388K, committed 512K, reserved 1048576K
}
Event: 3.462 GC heap after
{Heap after GC invocations=7 (full 0):
 garbage-first heap   total 1040384K, used 51201K [0x0000000412800000, 0x0000000800000000)
  region size 4096K, 1 young (4096K), 1 survivors (4096K)
 Metaspace       used 571K, capacity 4552K, committed 4864K, reserved 1056768K
  class space    used 27K, capacity 388K, committed 512K, reserved 1048576K
}
Event: 4.201 GC heap before
{Heap before GC invocations=7 (full 0):
 garbage-first heap   total 1040384K, used 591873K [0x0000000412800000, 0x0000000800000000)
  region size 4096K, 133 young (544768K), 1 survivors (4096K)
 Metaspace       used 571K, capacity 4552K, committed 4864K, reserved 1056768K
  class space    used 27K, capacity 388K, committed 512K, reserved 1048576K
}
Event: 4.202 GC heap after
{Heap after GC invocations=8 (full 0):
 garbage-first heap   total 1040384K, used 51209K [0x0000000412800000, 0x0000000800000000)
  region size 4096K, 1 young (4096K), 1 survivors (4096K)
 Metaspace       used 571K, capacity 4552K, committed 4864K, reserved 1056768K
  class space    used 27K, capacity 388K, committed 512K, reserved 1048576K
}
Event: 5.172 GC heap before
{Heap before GC invocations=8 (full 0):
 garbage-first heap   total 1040384K, used 665609K [0x0000000412800000, 0x0000000800000000)
  region size 4096K, 151 young (618496K), 1 survivors (4096K)
 Metaspace       used 571K, capacity 4552K, committed 4864K, reserved 1056768K
  class space    used 27K, capacity 388K, committed 512K, reserved 1048576K
}
Event: 5.173 GC heap after
{Heap after GC invocations=9 (full 0):
 garbage-first heap   total 1040384K, used 51201K [0x0000000412800000, 0x0000000800000000)
  region size 4096K, 1 young (4096K), 1 survivors (4096K)
 Metaspace       used 571K, capacity 4552K, committed 4864K, reserved 1056768K
  class space    used 27K, capacity 388K, committed 512K, reserved 1048576K
}
Event: 39.519 GC heap before
{Heap before GC invocations=9 (full 0):
 garbage-first heap   total 1040384K, used 665601K [0x0000000412800000, 0x0000000800000000)
  region size 4096K, 151 young (618496K), 1 survivors (4096K)
 Metaspace       used 1089K, capacity 5017K, committed 5376K, reserved 1056768K
  class space    used 56K, capacity 424K, committed 512K, reserved 1048576K
}
Event: 44.615 GC heap after
{Heap after GC invocations=10 (full 0):
 garbage-first heap   total 1040384K, used 177743K [0x0000000412800000, 0x0000000800000000)
  region size 4096K, 19 young (77824K), 19 survivors (77824K)
 Metaspace       used 1089K, capacity 5017K, committed 5376K, reserved 1056768K
  class space    used 56K, capacity 424K, committed 512K, reserved 1048576K
}
Event: 45.023 GC heap before
{Heap before GC invocations=10 (full 0):
 garbage-first heap   total 1040384K, used 185935K [0x0000000412800000, 0x0000000800000000)
  region size 4096K, 21 young (86016K), 19 survivors (77824K)
 Metaspace       used 1089K, capacity 5017K, committed 5376K, reserved 1056768K
  class space    used 56K, capacity 424K, committed 512K, reserved 1048576K
}

Deoptimization events (10 events):
Event: 1.184 Thread 0x00007f1660012800 Uncommon trap: reason=profile_predicate action=maybe_recompile pc=0x00007f16507dea88 method=jdk.internal.math.FDBigInteger.cmp(Ljdk/internal/math/FDBigInteger;)I @ 48 c2
Event: 1.275 Thread 0x00007f1660012800 Uncommon trap: reason=unstable_if action=reinterpret pc=0x00007f16507da4a8 method=java.lang.Integer.numberOfTrailingZeros(I)I @ 22 c2
Event: 2.342 Thread 0x00007f1660012800 Uncommon trap: reason=unstable_if action=reinterpret pc=0x00007f16507dd18c method=jdk.internal.math.FDBigInteger.valueOfMulPow52(JII)Ljdk/internal/math/FDBigInteger; @ 243 c2
Event: 5.278 Thread 0x00007f1660012800 Uncommon trap: reason=unstable_if action=reinterpret pc=0x00007f16507f338c method=org.ChaffinchABC.EmpData.parseDissFileSyl([[ILjava/lang/String;)[[D @ 108 c2
Event: 5.278 Thread 0x00007f1660012800 Uncommon trap: reason=unstable_if action=reinterpret pc=0x00007f16507b2424 method=java.lang.String.substring(II)Ljava/lang/String; @ 22 c2
Event: 13.031 Thread 0x00007f1660012800 Uncommon trap: reason=unstable_if action=reinterpret pc=0x00007f1650806508 method=org.ChaffinchABC.MeasureStatistics.calculateThresholdSpectrum([[DD)[[I @ 24 c2
Event: 13.089 Thread 0x00007f1660012800 Uncommon trap: reason=unstable_if action=reinterpret pc=0x00007f1650809188 method=org.ChaffinchABC.ChaffinchABC.initiateSimulation()V @ 24 c2
Event: 13.089 Thread 0x00007f1660012800 Uncommon trap: reason=unstable_if action=reinterpret pc=0x00007f165080293c method=org.apache.commons.math3.util.FastMath.exp(DD[D)D @ 339 c2
Event: 30.358 Thread 0x00007f1660012800 Uncommon trap: reason=unstable_if action=reinterpret pc=0x00007f16507ff8bc method=org.ChaffinchABC.Individual.setRepertoireSize()V @ 4 c2
Event: 30.515 Thread 0x00007f1660012800 Uncommon trap: reason=unstable_if action=reinterpret pc=0x00007f16507fdc58 method=org.ChaffinchABC.Individual.updateRepertoire()V @ 4 c2

Classes redefined (0 events):
No events

Internal exceptions (10 events):
Event: 13.040 Thread 0x00007f1660012800 Exception <a 'java/io/IOException'{0x00000004487f6e00}> (0x00000004487f6e00) thrown at [/scratch/opt/mach5/mesos/work_dir/slaves/2dd962d0-8988-479b-a804-57ab764ada59-S77524/frameworks/1735e8a2-a1db-478c-8104-60c8b0af87dd-0196/executors/1f998a92-396c-4330-
Event: 13.040 Thread 0x00007f1660012800 Exception <a 'java/io/IOException'{0x00000004487f7138}> (0x00000004487f7138) thrown at [/scratch/opt/mach5/mesos/work_dir/slaves/2dd962d0-8988-479b-a804-57ab764ada59-S77524/frameworks/1735e8a2-a1db-478c-8104-60c8b0af87dd-0196/executors/1f998a92-396c-4330-
Event: 13.040 Thread 0x00007f1660012800 Exception <a 'java/io/IOException'{0x00000004487f7440}> (0x00000004487f7440) thrown at [/scratch/opt/mach5/mesos/work_dir/slaves/2dd962d0-8988-479b-a804-57ab764ada59-S77524/frameworks/1735e8a2-a1db-478c-8104-60c8b0af87dd-0196/executors/1f998a92-396c-4330-
Event: 13.040 Thread 0x00007f1660012800 Exception <a 'java/io/IOException'{0x00000004487f7e08}> (0x00000004487f7e08) thrown at [/scratch/opt/mach5/mesos/work_dir/slaves/2dd962d0-8988-479b-a804-57ab764ada59-S77524/frameworks/1735e8a2-a1db-478c-8104-60c8b0af87dd-0196/executors/1f998a92-396c-4330-
Event: 13.040 Thread 0x00007f1660012800 Exception <a 'java/io/IOException'{0x00000004487f81f0}> (0x00000004487f81f0) thrown at [/scratch/opt/mach5/mesos/work_dir/slaves/2dd962d0-8988-479b-a804-57ab764ada59-S77524/frameworks/1735e8a2-a1db-478c-8104-60c8b0af87dd-0196/executors/1f998a92-396c-4330-
Event: 13.040 Thread 0x00007f1660012800 Exception <a 'java/io/IOException'{0x00000004487f85d8}> (0x00000004487f85d8) thrown at [/scratch/opt/mach5/mesos/work_dir/slaves/2dd962d0-8988-479b-a804-57ab764ada59-S77524/frameworks/1735e8a2-a1db-478c-8104-60c8b0af87dd-0196/executors/1f998a92-396c-4330-
Event: 13.040 Thread 0x00007f1660012800 Exception <a 'java/io/IOException'{0x00000004487f89c0}> (0x00000004487f89c0) thrown at [/scratch/opt/mach5/mesos/work_dir/slaves/2dd962d0-8988-479b-a804-57ab764ada59-S77524/frameworks/1735e8a2-a1db-478c-8104-60c8b0af87dd-0196/executors/1f998a92-396c-4330-
Event: 13.040 Thread 0x00007f1660012800 Exception <a 'java/io/IOException'{0x00000004487f8da8}> (0x00000004487f8da8) thrown at [/scratch/opt/mach5/mesos/work_dir/slaves/2dd962d0-8988-479b-a804-57ab764ada59-S77524/frameworks/1735e8a2-a1db-478c-8104-60c8b0af87dd-0196/executors/1f998a92-396c-4330-
Event: 13.040 Thread 0x00007f1660012800 Exception <a 'java/io/IOException'{0x00000004487f90e0}> (0x00000004487f90e0) thrown at [/scratch/opt/mach5/mesos/work_dir/slaves/2dd962d0-8988-479b-a804-57ab764ada59-S77524/frameworks/1735e8a2-a1db-478c-8104-60c8b0af87dd-0196/executors/1f998a92-396c-4330-
Event: 13.040 Thread 0x00007f1660012800 Exception <a 'java/io/IOException'{0x00000004487f93e8}> (0x00000004487f93e8) thrown at [/scratch/opt/mach5/mesos/work_dir/slaves/2dd962d0-8988-479b-a804-57ab764ada59-S77524/frameworks/1735e8a2-a1db-478c-8104-60c8b0af87dd-0196/executors/1f998a92-396c-4330-

Events (10 events):
Event: 30.515 Thread 0x00007f1660012800 Uncommon trap: trap_request=0xffffff4d fr.pc=0x00007f16507fdc58 relative=0x0000000000000198
Event: 30.515 Thread 0x00007f1660012800 DEOPT PACKING pc=0x00007f16507fdc58 sp=0x00007f1667a1f720
Event: 30.516 Thread 0x00007f1660012800 DEOPT UNPACKING pc=0x00007f1648ba13a5 sp=0x00007f1667a1f6e0 mode 2
Event: 30.657 Thread 0x00007f1660012800 DEOPT PACKING pc=0x00007f16494befe3 sp=0x00007f1667a1f760
Event: 30.658 Thread 0x00007f1660012800 DEOPT UNPACKING pc=0x00007f1648ba11ba sp=0x00007f1667a1ec30 mode 0
Event: 30.690 Thread 0x00007f1660012800 DEOPT PACKING pc=0x00007f16494befb8 sp=0x00007f1667a1f760
Event: 30.690 Thread 0x00007f1660012800 DEOPT UNPACKING pc=0x00007f1648ba11ba sp=0x00007f1667a1ec30 mode 0
Event: 39.519 Executing VM operation: G1CollectForAllocation
Event: 44.615 Executing VM operation: G1CollectForAllocation done
Event: 45.022 Executing VM operation: G1CollectForAllocation


Dynamic libraries:
00400000-00401000 r-xp 00000000 103:02 15872717                          /usr/lib/jvm/java-12-oracle/bin/java
00600000-00601000 r--p 00000000 103:02 15872717                          /usr/lib/jvm/java-12-oracle/bin/java
00601000-00602000 rw-p 00001000 103:02 15872717                          /usr/lib/jvm/java-12-oracle/bin/java
0168d000-016ae000 rw-p 00000000 00:00 0                                  [heap]
412800000-451800000 rw-p 00000000 00:00 0 
4d0800000-7ff800000 ---p 00000000 00:00 0 
7ff800000-7ffb00000 rw-p 00000000 00:00 0 
7ffb00000-7ffb47000 rw-p 0119c000 103:02 15872896                        /usr/lib/jvm/java-12-oracle/lib/server/classes.jsa
7ffb47000-7ffc00000 rw-p 00000000 00:00 0 
7ffc00000-7ffc72000 rw-p 0112a000 103:02 15872896                        /usr/lib/jvm/java-12-oracle/lib/server/classes.jsa
7ffc72000-800000000 rw-p 00000000 00:00 0 
800000000-800003000 rwxp 00001000 103:02 15872896                        /usr/lib/jvm/java-12-oracle/lib/server/classes.jsa
800003000-8003d9000 rw-p 00004000 103:02 15872896                        /usr/lib/jvm/java-12-oracle/lib/server/classes.jsa
8003d9000-800ae3000 r--p 003da000 103:02 15872896                        /usr/lib/jvm/java-12-oracle/lib/server/classes.jsa
800ae3000-800ae4000 rw-p 00ae4000 103:02 15872896                        /usr/lib/jvm/java-12-oracle/lib/server/classes.jsa
800ae4000-801129000 r--p 00ae5000 103:02 15872896                        /usr/lib/jvm/java-12-oracle/lib/server/classes.jsa
801129000-8011a9000 rw-p 00000000 00:00 0 
8011a9000-841129000 ---p 00000000 00:00 0 
7f1544000000-7f15441d3000 rw-p 00000000 00:00 0 
7f15441d3000-7f1548000000 ---p 00000000 00:00 0 
7f1548000000-7f1548218000 rw-p 00000000 00:00 0 
7f1548218000-7f154c000000 ---p 00000000 00:00 0 
7f154c000000-7f154c028000 rw-p 00000000 00:00 0 
7f154c028000-7f1550000000 ---p 00000000 00:00 0 
7f1550000000-7f1550024000 rw-p 00000000 00:00 0 
7f1550024000-7f1554000000 ---p 00000000 00:00 0 
7f1554000000-7f1554046000 rw-p 00000000 00:00 0 
7f1554046000-7f1558000000 ---p 00000000 00:00 0 
7f1558000000-7f15581db000 rw-p 00000000 00:00 0 
7f15581db000-7f155c000000 ---p 00000000 00:00 0 
7f155c000000-7f155c021000 rw-p 00000000 00:00 0 
7f155c021000-7f1560000000 ---p 00000000 00:00 0 
7f1560000000-7f15601ac000 rw-p 00000000 00:00 0 
7f15601ac000-7f1564000000 ---p 00000000 00:00 0 
7f1564000000-7f1564021000 rw-p 00000000 00:00 0 
7f1564021000-7f1568000000 ---p 00000000 00:00 0 
7f1568000000-7f15681c3000 rw-p 00000000 00:00 0 
7f15681c3000-7f156c000000 ---p 00000000 00:00 0 
7f156c000000-7f156c021000 rw-p 00000000 00:00 0 
7f156c021000-7f1570000000 ---p 00000000 00:00 0 
7f1570000000-7f1570021000 rw-p 00000000 00:00 0 
7f1570021000-7f1574000000 ---p 00000000 00:00 0 
7f1574000000-7f1574021000 rw-p 00000000 00:00 0 
7f1574021000-7f1578000000 ---p 00000000 00:00 0 
7f1578000000-7f1578021000 rw-p 00000000 00:00 0 
7f1578021000-7f157c000000 ---p 00000000 00:00 0 
7f157c000000-7f157c021000 rw-p 00000000 00:00 0 
7f157c021000-7f1580000000 ---p 00000000 00:00 0 
7f1580000000-7f1580021000 rw-p 00000000 00:00 0 
7f1580021000-7f1584000000 ---p 00000000 00:00 0 
7f1584000000-7f1584021000 rw-p 00000000 00:00 0 
7f1584021000-7f1588000000 ---p 00000000 00:00 0 
7f1588000000-7f1588021000 rw-p 00000000 00:00 0 
7f1588021000-7f158c000000 ---p 00000000 00:00 0 
7f158c000000-7f158c021000 rw-p 00000000 00:00 0 
7f158c021000-7f1590000000 ---p 00000000 00:00 0 
7f1590000000-7f1590021000 rw-p 00000000 00:00 0 
7f1590021000-7f1594000000 ---p 00000000 00:00 0 
7f1594000000-7f1594021000 rw-p 00000000 00:00 0 
7f1594021000-7f1598000000 ---p 00000000 00:00 0 
7f1598000000-7f1598021000 rw-p 00000000 00:00 0 
7f1598021000-7f159c000000 ---p 00000000 00:00 0 
7f159eadc000-7f159eadd000 ---p 00000000 00:00 0 
7f159eadd000-7f159ebde000 rw-p 00000000 00:00 0 
7f159ebde000-7f159ebdf000 ---p 00000000 00:00 0 
7f159ebdf000-7f159ece0000 rw-p 00000000 00:00 0 
7f159ece0000-7f159ece1000 ---p 00000000 00:00 0 
7f159ece1000-7f159ede2000 rw-p 00000000 00:00 0 
7f159ede2000-7f159ede6000 ---p 00000000 00:00 0 
7f159ede6000-7f159eee3000 rw-p 00000000 00:00 0 
7f159eee3000-7f159eee7000 ---p 00000000 00:00 0 
7f159eee7000-7f159efe4000 rw-p 00000000 00:00 0 
7f159efe4000-7f159efe8000 ---p 00000000 00:00 0 
7f159efe8000-7f159f0e5000 rw-p 00000000 00:00 0 
7f159f0e5000-7f159f0e9000 ---p 00000000 00:00 0 
7f159f0e9000-7f159f1e6000 rw-p 00000000 00:00 0 
7f159f1e6000-7f159f1ea000 ---p 00000000 00:00 0 
7f159f1ea000-7f159f2e7000 rw-p 00000000 00:00 0 
7f159f2e7000-7f159f2eb000 ---p 00000000 00:00 0 
7f159f2eb000-7f159f3e8000 rw-p 00000000 00:00 0 
7f159f3e8000-7f159f3e9000 ---p 00000000 00:00 0 
7f159f3e9000-7f159f4ea000 rw-p 00000000 00:00 0 
7f159f4ea000-7f159f4eb000 ---p 00000000 00:00 0 
7f159f4eb000-7f159f5ec000 rw-p 00000000 00:00 0 
7f159f5ec000-7f159f5ed000 ---p 00000000 00:00 0 
7f159f5ed000-7f159f6ee000 rw-p 00000000 00:00 0 
7f159f6ee000-7f159f6ef000 ---p 00000000 00:00 0 
7f159f6ef000-7f159f7f0000 rw-p 00000000 00:00 0 
7f159f7f0000-7f159f7f1000 ---p 00000000 00:00 0 
7f159f7f1000-7f159f8f2000 rw-p 00000000 00:00 0 
7f159f8f2000-7f159f8f3000 ---p 00000000 00:00 0 
7f159f8f3000-7f159f9f4000 rw-p 00000000 00:00 0 
7f159f9f4000-7f159f9f5000 ---p 00000000 00:00 0 
7f159f9f5000-7f159faf6000 rw-p 00000000 00:00 0 
7f159faf6000-7f159faf7000 ---p 00000000 00:00 0 
7f159faf7000-7f159fbf8000 rw-p 00000000 00:00 0 
7f159fbf8000-7f159fbf9000 ---p 00000000 00:00 0 
7f159fbf9000-7f159fcfa000 rw-p 00000000 00:00 0 
7f159fcfa000-7f159fcfb000 ---p 00000000 00:00 0 
7f159fcfb000-7f159fdfc000 rw-p 00000000 00:00 0 
7f159fdfc000-7f159fdfd000 ---p 00000000 00:00 0 
7f159fdfd000-7f159fefe000 rw-p 00000000 00:00 0 
7f159fefe000-7f159feff000 ---p 00000000 00:00 0 
7f159feff000-7f15a0000000 rw-p 00000000 00:00 0 
7f15a0000000-7f15a0021000 rw-p 00000000 00:00 0 
7f15a0021000-7f15a4000000 ---p 00000000 00:00 0 
7f15a4000000-7f15a4021000 rw-p 00000000 00:00 0 
7f15a4021000-7f15a8000000 ---p 00000000 00:00 0 
7f15a8000000-7f15a8021000 rw-p 00000000 00:00 0 
7f15a8021000-7f15ac000000 ---p 00000000 00:00 0 
7f15ac000000-7f15ac021000 rw-p 00000000 00:00 0 
7f15ac021000-7f15b0000000 ---p 00000000 00:00 0 
7f15b0000000-7f15b0021000 rw-p 00000000 00:00 0 
7f15b0021000-7f15b4000000 ---p 00000000 00:00 0 
7f15b4000000-7f15b4021000 rw-p 00000000 00:00 0 
7f15b4021000-7f15b8000000 ---p 00000000 00:00 0 
7f15b8000000-7f15b8268000 rw-p 00000000 00:00 0 
7f15b8268000-7f15bc000000 ---p 00000000 00:00 0 
7f15bc000000-7f15bc021000 rw-p 00000000 00:00 0 
7f15bc021000-7f15c0000000 ---p 00000000 00:00 0 
7f15c0000000-7f15c047a000 rw-p 00000000 00:00 0 
7f15c047a000-7f15c4000000 ---p 00000000 00:00 0 
7f15c4000000-7f15c43ce000 rw-p 00000000 00:00 0 
7f15c43ce000-7f15c8000000 ---p 00000000 00:00 0 
7f15c8000000-7f15c8021000 rw-p 00000000 00:00 0 
7f15c8021000-7f15cc000000 ---p 00000000 00:00 0 
7f15cc000000-7f15cc021000 rw-p 00000000 00:00 0 
7f15cc021000-7f15d0000000 ---p 00000000 00:00 0 
7f15d0000000-7f15d0088000 rw-p 00000000 00:00 0 
7f15d0088000-7f15d4000000 ---p 00000000 00:00 0 
7f15d4000000-7f15d4021000 rw-p 00000000 00:00 0 
7f15d4021000-7f15d8000000 ---p 00000000 00:00 0 
7f15d8000000-7f15d8107000 rw-p 00000000 00:00 0 
7f15d8107000-7f15dc000000 ---p 00000000 00:00 0 
7f15dc000000-7f15dc057000 rw-p 00000000 00:00 0 
7f15dc057000-7f15e0000000 ---p 00000000 00:00 0 
7f15e0000000-7f15e011b000 rw-p 00000000 00:00 0 
7f15e011b000-7f15e4000000 ---p 00000000 00:00 0 
7f15e4000000-7f15e40d8000 rw-p 00000000 00:00 0 
7f15e40d8000-7f15e8000000 ---p 00000000 00:00 0 
7f15e8000000-7f15e818d000 rw-p 00000000 00:00 0 
7f15e818d000-7f15ec000000 ---p 00000000 00:00 0 
7f15ec000000-7f15ec021000 rw-p 00000000 00:00 0 
7f15ec021000-7f15f0000000 ---p 00000000 00:00 0 
7f15f0000000-7f15f0021000 rw-p 00000000 00:00 0 
7f15f0021000-7f15f4000000 ---p 00000000 00:00 0 
7f15f4000000-7f15f454d000 rw-p 00000000 00:00 0 
7f15f454d000-7f15f8000000 ---p 00000000 00:00 0 
7f15f8000000-7f15f8021000 rw-p 00000000 00:00 0 
7f15f8021000-7f15fc000000 ---p 00000000 00:00 0 
7f15fc000000-7f15fc021000 rw-p 00000000 00:00 0 
7f15fc021000-7f1600000000 ---p 00000000 00:00 0 
7f1600000000-7f1600021000 rw-p 00000000 00:00 0 
7f1600021000-7f1604000000 ---p 00000000 00:00 0 
7f1604000000-7f16043bd000 rw-p 00000000 00:00 0 
7f16043bd000-7f1608000000 ---p 00000000 00:00 0 
7f1608000000-7f1608021000 rw-p 00000000 00:00 0 
7f1608021000-7f160c000000 ---p 00000000 00:00 0 
7f160c065000-7f160c066000 ---p 00000000 00:00 0 
7f160c066000-7f160c167000 rw-p 00000000 00:00 0 
7f160c167000-7f160c168000 ---p 00000000 00:00 0 
7f160c168000-7f160c269000 rw-p 00000000 00:00 0 
7f160c269000-7f160c26a000 ---p 00000000 00:00 0 
7f160c26a000-7f160c36b000 rw-p 00000000 00:00 0 
7f160c36b000-7f160c36c000 ---p 00000000 00:00 0 
7f160c36c000-7f160c46d000 rw-p 00000000 00:00 0 
7f160c46d000-7f160c46e000 ---p 00000000 00:00 0 
7f160c46e000-7f160c56f000 rw-p 00000000 00:00 0 
7f160c56f000-7f160c570000 ---p 00000000 00:00 0 
7f160c570000-7f160c671000 rw-p 00000000 00:00 0 
7f160c671000-7f160c672000 ---p 00000000 00:00 0 
7f160c672000-7f160c773000 rw-p 00000000 00:00 0 
7f160c773000-7f160c774000 ---p 00000000 00:00 0 
7f160c774000-7f160c875000 rw-p 00000000 00:00 0 
7f160c875000-7f160c876000 ---p 00000000 00:00 0 
7f160c876000-7f160c977000 rw-p 00000000 00:00 0 
7f160c977000-7f160c978000 ---p 00000000 00:00 0 
7f160c978000-7f160ca79000 rw-p 00000000 00:00 0 
7f160ca79000-7f160ca7d000 ---p 00000000 00:00 0 
7f160ca7d000-7f160cb7a000 rw-p 00000000 00:00 0 
7f160cbc4000-7f160cbc5000 ---p 00000000 00:00 0 
7f160cbc5000-7f160ccc6000 rw-p 00000000 00:00 0 
7f160ccc6000-7f160ccca000 ---p 00000000 00:00 0 
7f160ccca000-7f160cdc7000 rw-p 00000000 00:00 0 
7f160cdc7000-7f160cdcb000 ---p 00000000 00:00 0 
7f160cdcb000-7f160cec8000 rw-p 00000000 00:00 0 
7f160cec8000-7f160cede000 r-xp 00000000 103:02 15872873                  /usr/lib/jvm/java-12-oracle/lib/libnet.so
7f160cede000-7f160d0de000 ---p 00016000 103:02 15872873                  /usr/lib/jvm/java-12-oracle/lib/libnet.so
7f160d0de000-7f160d0df000 r--p 00016000 103:02 15872873                  /usr/lib/jvm/java-12-oracle/lib/libnet.so
7f160d0df000-7f160d0e0000 rw-p 00017000 103:02 15872873                  /usr/lib/jvm/java-12-oracle/lib/libnet.so
7f160d0e0000-7f160d0f1000 r-xp 00000000 103:02 15872874                  /usr/lib/jvm/java-12-oracle/lib/libnio.so
7f160d0f1000-7f160d2f0000 ---p 00011000 103:02 15872874                  /usr/lib/jvm/java-12-oracle/lib/libnio.so
7f160d2f0000-7f160d2f1000 r--p 00010000 103:02 15872874                  /usr/lib/jvm/java-12-oracle/lib/libnio.so
7f160d2f1000-7f160d2f2000 rw-p 00011000 103:02 15872874                  /usr/lib/jvm/java-12-oracle/lib/libnio.so
7f160d2f2000-7f160d2f6000 ---p 00000000 00:00 0 
7f160d2f6000-7f160d3f3000 rw-p 00000000 00:00 0 
7f160d3f3000-7f160d3f4000 ---p 00000000 00:00 0 
7f160d3f4000-7f160d4f5000 rw-p 00000000 00:00 0 
7f160d4f5000-7f160d4f9000 ---p 00000000 00:00 0 
7f160d4f9000-7f160d5f6000 rw-p 00000000 00:00 0 
7f160d5f6000-7f160d5fa000 ---p 00000000 00:00 0 
7f160d5fa000-7f160d6f7000 rw-p 00000000 00:00 0 
7f160d6f7000-7f160d6fb000 ---p 00000000 00:00 0 
7f160d6fb000-7f160d7f8000 rw-p 00000000 00:00 0 
7f160d7f8000-7f160d7fc000 ---p 00000000 00:00 0 
7f160d7fc000-7f160d8f9000 rw-p 00000000 00:00 0 
7f160d8f9000-7f160d8fd000 ---p 00000000 00:00 0 
7f160d8fd000-7f160d9fa000 rw-p 00000000 00:00 0 
7f160d9fa000-7f160d9fe000 ---p 00000000 00:00 0 
7f160d9fe000-7f160dafb000 rw-p 00000000 00:00 0 
7f160dafb000-7f160daff000 ---p 00000000 00:00 0 
7f160daff000-7f160dbfc000 rw-p 00000000 00:00 0 
7f160dbfc000-7f160dc00000 ---p 00000000 00:00 0 
7f160dc00000-7f160dcfd000 rw-p 00000000 00:00 0 
7f160dcfd000-7f160dd01000 ---p 00000000 00:00 0 
7f160dd01000-7f160ddfe000 rw-p 00000000 00:00 0 
7f160ddfe000-7f160de02000 ---p 00000000 00:00 0 
7f160de02000-7f160deff000 rw-p 00000000 00:00 0 
7f160deff000-7f160e8ce000 r--p 00000000 103:02 15866447                  /usr/lib/locale/locale-archive
7f160e8ce000-7f160e8d2000 ---p 00000000 00:00 0 
7f160e8d2000-7f160e9cf000 rw-p 00000000 00:00 0 
7f160e9cf000-7f160e9d3000 ---p 00000000 00:00 0 
7f160e9d3000-7f160ead0000 rw-p 00000000 00:00 0 
7f160ead0000-7f160ead1000 ---p 00000000 00:00 0 
7f160ead1000-7f160f092000 rw-p 00000000 00:00 0 
7f160f092000-7f160f3d2000 ---p 00000000 00:00 0 
7f160f3d2000-7f160f3d3000 ---p 00000000 00:00 0 
7f160f3d3000-7f160f4d4000 rw-p 00000000 00:00 0 
7f160f4d4000-7f160f4d5000 ---p 00000000 00:00 0 
7f160f4d5000-7f1614000000 rw-p 00000000 00:00 0 
7f1614000000-7f1614021000 rw-p 00000000 00:00 0 
7f1614021000-7f1618000000 ---p 00000000 00:00 0 
7f1618000000-7f1618021000 rw-p 00000000 00:00 0 
7f1618021000-7f161c000000 ---p 00000000 00:00 0 
7f161c000000-7f161c021000 rw-p 00000000 00:00 0 
7f161c021000-7f1620000000 ---p 00000000 00:00 0 
7f1620000000-7f1620182000 rw-p 00000000 00:00 0 
7f1620182000-7f1620183000 ---p 00000000 00:00 0 
7f1620183000-7f1620284000 rw-p 00000000 00:00 0 
7f1620284000-7f1620285000 ---p 00000000 00:00 0 
7f1620285000-7f1620386000 rw-p 00000000 00:00 0 
7f1620386000-7f1620387000 ---p 00000000 00:00 0 
7f1620387000-7f1621939000 rw-p 00000000 00:00 0 
7f1621939000-7f16304b9000 ---p 00000000 00:00 0 
7f16304b9000-7f1631499000 rw-p 00000000 00:00 0 
7f1631499000-7f1640019000 ---p 00000000 00:00 0 
7f1640019000-7f1640231000 rw-p 00000000 00:00 0 
7f1640231000-7f1641fa1000 ---p 00000000 00:00 0 
7f1641fa1000-7f164219d000 rw-p 00000000 00:00 0 
7f164219d000-7f1643f0d000 ---p 00000000 00:00 0 
7f1643f0d000-7f1644109000 rw-p 00000000 00:00 0 
7f1644109000-7f1645e79000 ---p 00000000 00:00 0 
7f1645e79000-7f16489ad000 rw-p 00000000 00:00 0 
7f16489ad000-7f1648a90000 ---p 00000000 00:00 0 
7f1648a90000-7f1648a95000 rw-p 00000000 00:00 0 
7f1648a95000-7f1648b78000 ---p 00000000 00:00 0 
7f1648b78000-7f1648f48000 rwxp 00000000 00:00 0 
7f1648f48000-7f16493d6000 ---p 00000000 00:00 0 
7f16493d6000-7f1649646000 rwxp 00000000 00:00 0 
7f1649646000-7f16507a7000 ---p 00000000 00:00 0 
7f16507a7000-7f1650a17000 rwxp 00000000 00:00 0 
7f1650a17000-7f1657b78000 ---p 00000000 00:00 0 
7f1657b78000-7f1660000000 r--s 00000000 103:02 15872884                  /usr/lib/jvm/java-12-oracle/lib/modules
7f1660000000-7f16604b5000 rw-p 00000000 00:00 0 
7f16604b5000-7f1664000000 ---p 00000000 00:00 0 
7f1664050000-7f16640ab000 rw-p 00000000 00:00 0 
7f16640ab000-7f16640c6000 r-xp 00000000 103:02 15872864                  /usr/lib/jvm/java-12-oracle/lib/libjimage.so
7f16640c6000-7f16642c5000 ---p 0001b000 103:02 15872864                  /usr/lib/jvm/java-12-oracle/lib/libjimage.so
7f16642c5000-7f16642c7000 r--p 0001a000 103:02 15872864                  /usr/lib/jvm/java-12-oracle/lib/libjimage.so
7f16642c7000-7f16642c8000 rw-p 0001c000 103:02 15872864                  /usr/lib/jvm/java-12-oracle/lib/libjimage.so
7f16642c8000-7f16642cf000 r-xp 00000000 103:02 15872883                  /usr/lib/jvm/java-12-oracle/lib/libzip.so
7f16642cf000-7f16644ce000 ---p 00007000 103:02 15872883                  /usr/lib/jvm/java-12-oracle/lib/libzip.so
7f16644ce000-7f16644cf000 r--p 00006000 103:02 15872883                  /usr/lib/jvm/java-12-oracle/lib/libzip.so
7f16644cf000-7f16644d0000 rw-p 00007000 103:02 15872883                  /usr/lib/jvm/java-12-oracle/lib/libzip.so
7f16644d0000-7f16644db000 r-xp 00000000 103:02 10490588                  /lib/x86_64-linux-gnu/libnss_files-2.27.so
7f16644db000-7f16646da000 ---p 0000b000 103:02 10490588                  /lib/x86_64-linux-gnu/libnss_files-2.27.so
7f16646da000-7f16646db000 r--p 0000a000 103:02 10490588                  /lib/x86_64-linux-gnu/libnss_files-2.27.so
7f16646db000-7f16646dc000 rw-p 0000b000 103:02 10490588                  /lib/x86_64-linux-gnu/libnss_files-2.27.so
7f16646dc000-7f16646e2000 rw-p 00000000 00:00 0 
7f16646e2000-7f16646f9000 r-xp 00000000 103:02 10490582                  /lib/x86_64-linux-gnu/libnsl-2.27.so
7f16646f9000-7f16648f8000 ---p 00017000 103:02 10490582                  /lib/x86_64-linux-gnu/libnsl-2.27.so
7f16648f8000-7f16648f9000 r--p 00016000 103:02 10490582                  /lib/x86_64-linux-gnu/libnsl-2.27.so
7f16648f9000-7f16648fa000 rw-p 00017000 103:02 10490582                  /lib/x86_64-linux-gnu/libnsl-2.27.so
7f16648fa000-7f16648fc000 rw-p 00000000 00:00 0 
7f16648fc000-7f1664907000 r-xp 00000000 103:02 10490599                  /lib/x86_64-linux-gnu/libnss_nis-2.27.so
7f1664907000-7f1664b06000 ---p 0000b000 103:02 10490599                  /lib/x86_64-linux-gnu/libnss_nis-2.27.so
7f1664b06000-7f1664b07000 r--p 0000a000 103:02 10490599                  /lib/x86_64-linux-gnu/libnss_nis-2.27.so
7f1664b07000-7f1664b08000 rw-p 0000b000 103:02 10490599                  /lib/x86_64-linux-gnu/libnss_nis-2.27.so
7f1664b08000-7f1664b10000 r-xp 00000000 103:02 10490584                  /lib/x86_64-linux-gnu/libnss_compat-2.27.so
7f1664b10000-7f1664d10000 ---p 00008000 103:02 10490584                  /lib/x86_64-linux-gnu/libnss_compat-2.27.so
7f1664d10000-7f1664d11000 r--p 00008000 103:02 10490584                  /lib/x86_64-linux-gnu/libnss_compat-2.27.so
7f1664d11000-7f1664d12000 rw-p 00009000 103:02 10490584                  /lib/x86_64-linux-gnu/libnss_compat-2.27.so
7f1664d12000-7f1664d3a000 r-xp 00000000 103:02 15872860                  /usr/lib/jvm/java-12-oracle/lib/libjava.so
7f1664d3a000-7f1664f39000 ---p 00028000 103:02 15872860                  /usr/lib/jvm/java-12-oracle/lib/libjava.so
7f1664f39000-7f1664f3a000 r--p 00027000 103:02 15872860                  /usr/lib/jvm/java-12-oracle/lib/libjava.so
7f1664f3a000-7f1664f3c000 rw-p 00028000 103:02 15872860                  /usr/lib/jvm/java-12-oracle/lib/libjava.so
7f1664f3c000-7f1664f49000 r-xp 00000000 103:02 15872882                  /usr/lib/jvm/java-12-oracle/lib/libverify.so
7f1664f49000-7f1665148000 ---p 0000d000 103:02 15872882                  /usr/lib/jvm/java-12-oracle/lib/libverify.so
7f1665148000-7f166514a000 r--p 0000c000 103:02 15872882                  /usr/lib/jvm/java-12-oracle/lib/libverify.so
7f166514a000-7f166514b000 rw-p 0000e000 103:02 15872882                  /usr/lib/jvm/java-12-oracle/lib/libverify.so
7f166514b000-7f1665152000 r-xp 00000000 103:02 10490639                  /lib/x86_64-linux-gnu/librt-2.27.so
7f1665152000-7f1665351000 ---p 00007000 103:02 10490639                  /lib/x86_64-linux-gnu/librt-2.27.so
7f1665351000-7f1665352000 r--p 00006000 103:02 10490639                  /lib/x86_64-linux-gnu/librt-2.27.so
7f1665352000-7f1665353000 rw-p 00007000 103:02 10490639                  /lib/x86_64-linux-gnu/librt-2.27.so
7f1665353000-7f16654f0000 r-xp 00000000 103:02 10490561                  /lib/x86_64-linux-gnu/libm-2.27.so
7f16654f0000-7f16656ef000 ---p 0019d000 103:02 10490561                  /lib/x86_64-linux-gnu/libm-2.27.so
7f16656ef000-7f16656f0000 r--p 0019c000 103:02 10490561                  /lib/x86_64-linux-gnu/libm-2.27.so
7f16656f0000-7f16656f1000 rw-p 0019d000 103:02 10490561                  /lib/x86_64-linux-gnu/libm-2.27.so
7f16656f1000-7f1666855000 r-xp 00000000 103:02 15872898                  /usr/lib/jvm/java-12-oracle/lib/server/libjvm.so
7f1666855000-7f1666a55000 ---p 01164000 103:02 15872898                  /usr/lib/jvm/java-12-oracle/lib/server/libjvm.so
7f1666a55000-7f1666b16000 r--p 01164000 103:02 15872898                  /usr/lib/jvm/java-12-oracle/lib/server/libjvm.so
7f1666b16000-7f1666b4f000 rw-p 01225000 103:02 15872898                  /usr/lib/jvm/java-12-oracle/lib/server/libjvm.so
7f1666b4f000-7f1666bd2000 rw-p 00000000 00:00 0 
7f1666bd2000-7f1666db9000 r-xp 00000000 103:02 10490498                  /lib/x86_64-linux-gnu/libc-2.27.so
7f1666db9000-7f1666fb9000 ---p 001e7000 103:02 10490498                  /lib/x86_64-linux-gnu/libc-2.27.so
7f1666fb9000-7f1666fbd000 r--p 001e7000 103:02 10490498                  /lib/x86_64-linux-gnu/libc-2.27.so
7f1666fbd000-7f1666fbf000 rw-p 001eb000 103:02 10490498                  /lib/x86_64-linux-gnu/libc-2.27.so
7f1666fbf000-7f1666fc3000 rw-p 00000000 00:00 0 
7f1666fc3000-7f1666fc6000 r-xp 00000000 103:02 10490521                  /lib/x86_64-linux-gnu/libdl-2.27.so
7f1666fc6000-7f16671c5000 ---p 00003000 103:02 10490521                  /lib/x86_64-linux-gnu/libdl-2.27.so
7f16671c5000-7f16671c6000 r--p 00002000 103:02 10490521                  /lib/x86_64-linux-gnu/libdl-2.27.so
7f16671c6000-7f16671c7000 rw-p 00003000 103:02 10490521                  /lib/x86_64-linux-gnu/libdl-2.27.so
7f16671c7000-7f16671e1000 r-xp 00000000 103:02 10490631                  /lib/x86_64-linux-gnu/libpthread-2.27.so
7f16671e1000-7f16673e0000 ---p 0001a000 103:02 10490631                  /lib/x86_64-linux-gnu/libpthread-2.27.so
7f16673e0000-7f16673e1000 r--p 00019000 103:02 10490631                  /lib/x86_64-linux-gnu/libpthread-2.27.so
7f16673e1000-7f16673e2000 rw-p 0001a000 103:02 10490631                  /lib/x86_64-linux-gnu/libpthread-2.27.so
7f16673e2000-7f16673e6000 rw-p 00000000 00:00 0 
7f16673e6000-7f16673f6000 r-xp 00000000 103:02 15872865                  /usr/lib/jvm/java-12-oracle/lib/libjli.so
7f16673f6000-7f16675f5000 ---p 00010000 103:02 15872865                  /usr/lib/jvm/java-12-oracle/lib/libjli.so
7f16675f5000-7f16675f6000 r--p 0000f000 103:02 15872865                  /usr/lib/jvm/java-12-oracle/lib/libjli.so
7f16675f6000-7f16675f7000 rw-p 00010000 103:02 15872865                  /usr/lib/jvm/java-12-oracle/lib/libjli.so
7f16675f7000-7f1667613000 r-xp 00000000 103:02 10490670                  /lib/x86_64-linux-gnu/libz.so.1.2.11
7f1667613000-7f1667812000 ---p 0001c000 103:02 10490670                  /lib/x86_64-linux-gnu/libz.so.1.2.11
7f1667812000-7f1667813000 r--p 0001b000 103:02 10490670                  /lib/x86_64-linux-gnu/libz.so.1.2.11
7f1667813000-7f1667814000 rw-p 0001c000 103:02 10490670                  /lib/x86_64-linux-gnu/libz.so.1.2.11
7f1667814000-7f166783b000 r-xp 00000000 103:02 10490470                  /lib/x86_64-linux-gnu/ld-2.27.so
7f1667850000-7f1667917000 rw-p 00000000 00:00 0 
7f1667917000-7f1667920000 ---p 00000000 00:00 0 
7f1667920000-7f1667924000 ---p 00000000 00:00 0 
7f1667924000-7f1667a25000 rw-p 00000000 00:00 0 
7f1667a2f000-7f1667a30000 r--p 00000000 103:02 17567477                  /usr/share/locale-langpack/en_GB/LC_MESSAGES/libc.mo
7f1667a30000-7f1667a38000 rw-s 00000000 103:02 13369616                  /tmp/hsperfdata_rflachlan/14026
7f1667a38000-7f1667a39000 ---p 00000000 00:00 0 
7f1667a39000-7f1667a3a000 r--p 00000000 00:00 0 
7f1667a3a000-7f1667a3b000 ---p 00000000 00:00 0 
7f1667a3b000-7f1667a3c000 r--p 00027000 103:02 10490470                  /lib/x86_64-linux-gnu/ld-2.27.so
7f1667a3c000-7f1667a3d000 rw-p 00028000 103:02 10490470                  /lib/x86_64-linux-gnu/ld-2.27.so
7f1667a3d000-7f1667a3e000 rw-p 00000000 00:00 0 
7ffc16eac000-7ffc16ecd000 rw-p 00000000 00:00 0                          [stack]
7ffc16fb6000-7ffc16fb9000 r--p 00000000 00:00 0                          [vvar]
7ffc16fb9000-7ffc16fbb000 r-xp 00000000 00:00 0                          [vdso]
ffffffffff600000-ffffffffff601000 r-xp 00000000 00:00 0                  [vsyscall]


VM Arguments:
java_command: /home/rflachlan/Dropbox/ChaffMainlandN//ChaffinchABC.jar 1 3 0 4033308244974489808 /home/rflachlan/Dropbox/ChaffMainlandN/
java_class_path (initial): /home/rflachlan/Dropbox/ChaffMainlandN//ChaffinchABC.jar
Launcher Type: SUN_STANDARD

[Global flags]
     intx CICompilerCount                          = 18                                        {product} {ergonomic}
     uint ConcGCThreads                            = 11                                        {product} {ergonomic}
     uint G1ConcRefinementThreads                  = 43                                        {product} {ergonomic}
   size_t G1HeapRegionSize                         = 4194304                                   {product} {ergonomic}
    uintx GCDrainStackTargetSize                   = 64                                        {product} {ergonomic}
   size_t InitialHeapSize                          = 1056964608                                {product} {ergonomic}
   size_t MarkStackSize                            = 4194304                                   {product} {ergonomic}
   size_t MaxHeapSize                              = 16869490688                               {product} {ergonomic}
   size_t MaxNewSize                               = 10120855552                               {product} {ergonomic}
   size_t MinHeapDeltaBytes                        = 4194304                                   {product} {ergonomic}
    uintx NonNMethodCodeHeapSize                   = 8769992                                {pd product} {ergonomic}
    uintx NonProfiledCodeHeapSize                  = 121444124                              {pd product} {ergonomic}
    uintx ProfiledCodeHeapSize                     = 121444124                              {pd product} {ergonomic}
    uintx ReservedCodeCacheSize                    = 251658240                              {pd product} {ergonomic}
     bool SegmentedCodeCache                       = true                                      {product} {ergonomic}
     bool UseCompressedClassPointers               = true                                 {lp64_product} {ergonomic}
     bool UseCompressedOops                        = true                                 {lp64_product} {ergonomic}
     bool UseG1GC                                  = true                                      {product} {ergonomic}

Logging:
Log output configuration:
 #0: stdout all=warning uptime,level,tags
 #1: stderr all=off uptime,level,tags

Environment Variables:
JAVA_HOME=/usr/lib/jvm/java-12-oracle
PATH=/usr/local/sbin:/usr/local/bin:/usr/sbin:/usr/bin:/sbin:/bin:/usr/games:/usr/local/games:/snap/bin:/usr/lib/jvm/java-12-oracle/bin:/usr/lib/jvm/java-12-oracle/db/bin
USERNAME=rflachlan
SHELL=/bin/bash
DISPLAY=:0

Signal Handlers:
SIGSEGV: [libjvm.so+0xe45640], sa_mask[0]=11111111011111111101111111111110, sa_flags=SA_RESTART|SA_SIGINFO
SIGBUS: [libjvm.so+0xe45640], sa_mask[0]=11111111011111111101111111111110, sa_flags=SA_RESTART|SA_SIGINFO
SIGFPE: [libjvm.so+0xe45640], sa_mask[0]=11111111011111111101111111111110, sa_flags=SA_RESTART|SA_SIGINFO
SIGPIPE: [libjvm.so+0xbf4b50], sa_mask[0]=11111111011111111101111111111110, sa_flags=SA_RESTART|SA_SIGINFO
SIGXFSZ: [libjvm.so+0xbf4b50], sa_mask[0]=11111111011111111101111111111110, sa_flags=SA_RESTART|SA_SIGINFO
SIGILL: [libjvm.so+0xe45640], sa_mask[0]=11111111011111111101111111111110, sa_flags=SA_RESTART|SA_SIGINFO
SIGUSR2: [libjvm.so+0xbf49f0], sa_mask[0]=00100000000000000000000000000000, sa_flags=SA_RESTART|SA_SIGINFO
SIGHUP: [libjvm.so+0xbf4d50], sa_mask[0]=11111111011111111101111111111110, sa_flags=SA_RESTART|SA_SIGINFO
SIGINT: SIG_IGN, sa_mask[0]=00000000000000000000000000000000, sa_flags=none
SIGTERM: [libjvm.so+0xbf4d50], sa_mask[0]=11111111011111111101111111111110, sa_flags=SA_RESTART|SA_SIGINFO
SIGQUIT: [libjvm.so+0xbf4d50], sa_mask[0]=11111111011111111101111111111110, sa_flags=SA_RESTART|SA_SIGINFO


---------------  S Y S T E M  ---------------

OS:DISTRIB_ID=Ubuntu
DISTRIB_RELEASE=18.04
DISTRIB_CODENAME=bionic
DISTRIB_DESCRIPTION="Ubuntu 18.04.2 LTS"
uname:Linux 4.15.0-51-generic #55-Ubuntu SMP Wed May 15 14:27:21 UTC 2019 x86_64
libc:glibc 2.27 NPTL 2.27 
rlimit: STACK 8192k, CORE 0k, NPROC 256634, NOFILE 4096, AS infinity, DATA infinity, FSIZE infinity
load average:49.50 17.60 8.16

/proc/meminfo:
MemTotal:       65882016 kB
MemFree:          235080 kB
MemAvailable:      62300 kB
Buffers:           10048 kB
Cached:           336896 kB
SwapCached:        74024 kB
Active:         60715364 kB
Inactive:        3397556 kB
Active(anon):   60617260 kB
Inactive(anon):  3318244 kB
Active(file):      98104 kB
Inactive(file):    79312 kB
Unevictable:          16 kB
Mlocked:              16 kB
SwapTotal:       2097148 kB
SwapFree:              4 kB
Dirty:               304 kB
Writeback:             0 kB
AnonPages:      63696760 kB
Mapped:           311648 kB
Shmem:            168240 kB
Slab:             724184 kB
SReclaimable:     193356 kB
SUnreclaim:       530828 kB
KernelStack:       88352 kB
PageTables:       249812 kB
NFS_Unstable:          0 kB
Bounce:                0 kB
WritebackTmp:          0 kB
CommitLimit:    35038156 kB
Committed_AS:   115882264 kB
VmallocTotal:   34359738367 kB
VmallocUsed:           0 kB
VmallocChunk:          0 kB
HardwareCorrupted:     0 kB
AnonHugePages:         0 kB
ShmemHugePages:        0 kB
ShmemPmdMapped:        0 kB
CmaTotal:              0 kB
CmaFree:               0 kB
HugePages_Total:       0
HugePages_Free:        0
HugePages_Rsvd:        0
HugePages_Surp:        0
Hugepagesize:       2048 kB
DirectMap4k:      795672 kB
DirectMap2M:    46260224 kB
DirectMap1G:    19922944 kB


/proc/sys/kernel/threads-max (system-wide limit on the number of threads):
513269


/proc/sys/vm/max_map_count (maximum number of memory map areas a process may have):
65530


/proc/sys/kernel/pid_max (system-wide limit on number of process identifiers):
131072



container (cgroup) information:
container_type: cgroupv1
cpu_cpuset_cpus: 0-63
cpu_memory_nodes: 0,2
active_processor_count: 64
cpu_quota: -1
cpu_period: 100000
cpu_shares: -1
memory_limit_in_bytes: -1
memory_and_swap_limit_in_bytes: -2
memory_soft_limit_in_bytes: -1
memory_usage_in_bytes: 65665998848
memory_max_usage_in_bytes: 531491700736


CPU:total 64 (initial active 64) (64 cores per cpu, 2 threads per core) family 23 model 8 stepping 2, cmov, cx8, fxsr, mmx, sse, sse2, sse3, ssse3, sse4.1, sse4.2, popcnt, avx, avx2, aes, clmul, mmxext, 3dnowpref, lzcnt, sse4a, ht, tsc, tscinvbit, tscinv, bmi1, bmi2, adx, sha, fma
CPU Model and flags from /proc/cpuinfo:
model name	: AMD Ryzen Threadripper 2990WX 32-Core Processor
flags		: fpu vme de pse tsc msr pae mce cx8 apic sep mtrr pge mca cmov pat pse36 clflush mmx fxsr sse sse2 ht syscall nx mmxext fxsr_opt pdpe1gb rdtscp lm constant_tsc rep_good nopl nonstop_tsc cpuid extd_apicid amd_dcm aperfmperf pni pclmulqdq monitor ssse3 fma cx16 sse4_1 sse4_2 movbe popcnt aes xsave avx f16c rdrand lahf_lm cmp_legacy svm extapic cr8_legacy abm sse4a misalignsse 3dnowprefetch osvw skinit wdt tce topoext perfctr_core perfctr_nb bpext perfctr_llc mwaitx cpb hw_pstate sme ssbd ibpb vmmcall fsgsbase bmi1 avx2 smep bmi2 rdseed adx smap clflushopt sha_ni xsaveopt xsavec xgetbv1 xsaves clzero irperf xsaveerptr arat npt lbrv svm_lock nrip_save tsc_scale vmcb_clean flushbyasid decodeassists pausefilter pfthreshold avic v_vmsave_vmload vgif overflow_recov succor smca

Memory: 4k page, physical 65882016k(234956k free), swap 2097148k(0k free)

vm_info: Java HotSpot(TM) 64-Bit Server VM (12.0.1+12) for linux-amd64 JRE (12.0.1+12), built on Apr  1 2019 23:46:14 by "mach5one" with gcc 7.3.0

END.
